[2024-11-03T02:37:34.115+0000] {local_task_job_runner.py:120} INFO - ::group::Pre task execution logs
[2024-11-03T02:37:34.123+0000] {taskinstance.py:2076} INFO - Dependencies all met for dep_context=non-requeueable deps ti=<TaskInstance: datapipeline_new.check_schema_of_original_air_data manual__2024-11-03T02:36:44.429080+00:00 [queued]>
[2024-11-03T02:37:34.127+0000] {taskinstance.py:2076} INFO - Dependencies all met for dep_context=requeueable deps ti=<TaskInstance: datapipeline_new.check_schema_of_original_air_data manual__2024-11-03T02:36:44.429080+00:00 [queued]>
[2024-11-03T02:37:34.127+0000] {taskinstance.py:2306} INFO - Starting attempt 1 of 2
[2024-11-03T02:37:34.198+0000] {taskinstance.py:2330} INFO - Executing <Task(PythonOperator): check_schema_of_original_air_data> on 2024-11-03 02:36:44.429080+00:00
[2024-11-03T02:37:34.202+0000] {warnings.py:112} WARNING - /home/***/.local/lib/python3.12/site-packages/***/task/task_runner/standard_task_runner.py:61: DeprecationWarning: This process (pid=171) is multi-threaded, use of fork() may lead to deadlocks in the child.
  pid = os.fork()

[2024-11-03T02:37:34.203+0000] {standard_task_runner.py:63} INFO - Started process 180 to run task
[2024-11-03T02:37:34.204+0000] {standard_task_runner.py:90} INFO - Running: ['***', 'tasks', 'run', 'datapipeline_new', 'check_schema_of_original_air_data', 'manual__2024-11-03T02:36:44.429080+00:00', '--job-id', '713', '--raw', '--subdir', 'DAGS_FOLDER/dag_script.py', '--cfg-path', '/tmp/tmpkbm7ww5l']
[2024-11-03T02:37:34.205+0000] {standard_task_runner.py:91} INFO - Job 713: Subtask check_schema_of_original_air_data
[2024-11-03T02:37:34.221+0000] {task_command.py:426} INFO - Running <TaskInstance: datapipeline_new.check_schema_of_original_air_data manual__2024-11-03T02:36:44.429080+00:00 [running]> on host 7ffb0854de89
[2024-11-03T02:37:34.250+0000] {taskinstance.py:2648} INFO - Exporting env vars: AIRFLOW_CTX_DAG_OWNER='MLOPS' AIRFLOW_CTX_DAG_ID='datapipeline_new' AIRFLOW_CTX_TASK_ID='check_schema_of_original_air_data' AIRFLOW_CTX_EXECUTION_DATE='2024-11-03T02:36:44.429080+00:00' AIRFLOW_CTX_TRY_NUMBER='1' AIRFLOW_CTX_DAG_RUN_ID='manual__2024-11-03T02:36:44.429080+00:00'
[2024-11-03T02:37:34.250+0000] {taskinstance.py:430} INFO - ::endgroup::
[2024-11-03T02:37:34.262+0000] {check_schema_original_airpollution.py:94} INFO - Loaded dataset from /opt/***/dags/DataPreprocessing/src/data_store_pkl_files/air_pollution.pkl
[2024-11-03T02:37:34.263+0000] {logging_mixin.py:188} INFO - <zip object at 0xffff56532840>
[2024-11-03T02:37:34.283+0000] {check_schema_original_airpollution.py:89} INFO - Data saved to /opt/***/dags/custom_schema_generated_from_api.json
[2024-11-03T02:37:34.283+0000] {check_schema_original_airpollution.py:89} INFO - Data saved to /opt/***/dags/air_pollution_stats.json
[2024-11-03T02:37:34.284+0000] {python.py:237} INFO - Done. Returned value was: None
[2024-11-03T02:37:34.284+0000] {taskinstance.py:441} INFO - ::group::Post task execution logs
[2024-11-03T02:37:34.288+0000] {taskinstance.py:1206} INFO - Marking task as SUCCESS. dag_id=datapipeline_new, task_id=check_schema_of_original_air_data, run_id=manual__2024-11-03T02:36:44.429080+00:00, execution_date=20241103T023644, start_date=20241103T023734, end_date=20241103T023734
[2024-11-03T02:37:34.302+0000] {local_task_job_runner.py:240} INFO - Task exited with return code 0
[2024-11-03T02:37:34.322+0000] {taskinstance.py:3503} INFO - 1 downstream tasks scheduled from follow-on schedule check
[2024-11-03T02:37:34.322+0000] {local_task_job_runner.py:222} INFO - ::endgroup::
