[2024-11-04T05:07:05.568+0000] {local_task_job_runner.py:120} INFO - ::group::Pre task execution logs
[2024-11-04T05:07:05.578+0000] {taskinstance.py:2076} INFO - Dependencies all met for dep_context=non-requeueable deps ti=<TaskInstance: datapipeline_new.handle_missing_vals_train manual__2024-11-04T05:06:12.986905+00:00 [queued]>
[2024-11-04T05:07:05.582+0000] {taskinstance.py:2076} INFO - Dependencies all met for dep_context=requeueable deps ti=<TaskInstance: datapipeline_new.handle_missing_vals_train manual__2024-11-04T05:06:12.986905+00:00 [queued]>
[2024-11-04T05:07:05.582+0000] {taskinstance.py:2306} INFO - Starting attempt 1 of 2
[2024-11-04T05:07:05.653+0000] {taskinstance.py:2330} INFO - Executing <Task(PythonOperator): handle_missing_vals_train> on 2024-11-04 05:06:12.986905+00:00
[2024-11-04T05:07:05.658+0000] {warnings.py:112} WARNING - /home/***/.local/lib/python3.12/site-packages/***/task/task_runner/standard_task_runner.py:61: DeprecationWarning: This process (pid=230) is multi-threaded, use of fork() may lead to deadlocks in the child.
  pid = os.fork()

[2024-11-04T05:07:05.659+0000] {standard_task_runner.py:63} INFO - Started process 239 to run task
[2024-11-04T05:07:05.659+0000] {standard_task_runner.py:90} INFO - Running: ['***', 'tasks', 'run', 'datapipeline_new', 'handle_missing_vals_train', 'manual__2024-11-04T05:06:12.986905+00:00', '--job-id', '755', '--raw', '--subdir', 'DAGS_FOLDER/dag_script.py', '--cfg-path', '/tmp/tmp__qlo5tm']
[2024-11-04T05:07:05.661+0000] {standard_task_runner.py:91} INFO - Job 755: Subtask handle_missing_vals_train
[2024-11-04T05:07:05.679+0000] {task_command.py:426} INFO - Running <TaskInstance: datapipeline_new.handle_missing_vals_train manual__2024-11-04T05:06:12.986905+00:00 [running]> on host 7ffb0854de89
[2024-11-04T05:07:05.721+0000] {taskinstance.py:2648} INFO - Exporting env vars: AIRFLOW_CTX_DAG_OWNER='MLOPS' AIRFLOW_CTX_DAG_ID='datapipeline_new' AIRFLOW_CTX_TASK_ID='handle_missing_vals_train' AIRFLOW_CTX_EXECUTION_DATE='2024-11-04T05:06:12.986905+00:00' AIRFLOW_CTX_TRY_NUMBER='1' AIRFLOW_CTX_DAG_RUN_ID='manual__2024-11-04T05:06:12.986905+00:00'
[2024-11-04T05:07:05.722+0000] {taskinstance.py:430} INFO - ::endgroup::
[2024-11-04T05:07:05.732+0000] {logging_mixin.py:188} INFO - Data loaded from /opt/***/dags/DataPreprocessing/src/data_store_pkl_files/train_data/cleaned_train_data.pkl.
[2024-11-04T05:07:05.733+0000] {check_missing_values.py:33} WARNING - Missing values found: {'pm25': 2793}
[2024-11-04T05:07:05.735+0000] {check_missing_values.py:38} INFO - 'pm25' missing values interpolated.
[2024-11-04T05:07:05.737+0000] {check_missing_values.py:71} INFO - Processed DataFrame saved as '/opt/***/dags/DataPreprocessing/src/data_store_pkl_files/train_data/no_null_train_data.pkl'.
[2024-11-04T05:07:05.737+0000] {python.py:237} INFO - Done. Returned value was: ['Total missing values: 2793']
[2024-11-04T05:07:05.737+0000] {taskinstance.py:441} INFO - ::group::Post task execution logs
[2024-11-04T05:07:05.745+0000] {taskinstance.py:1206} INFO - Marking task as SUCCESS. dag_id=datapipeline_new, task_id=handle_missing_vals_train, run_id=manual__2024-11-04T05:06:12.986905+00:00, execution_date=20241104T050612, start_date=20241104T050705, end_date=20241104T050705
[2024-11-04T05:07:05.758+0000] {local_task_job_runner.py:240} INFO - Task exited with return code 0
[2024-11-04T05:07:05.774+0000] {taskinstance.py:3503} INFO - 1 downstream tasks scheduled from follow-on schedule check
[2024-11-04T05:07:05.774+0000] {local_task_job_runner.py:222} INFO - ::endgroup::
