[2024-11-11T19:42:33.150+0000] {local_task_job_runner.py:120} INFO - ::group::Pre task execution logs
[2024-11-11T19:42:33.164+0000] {taskinstance.py:2076} INFO - Dependencies all met for dep_context=non-requeueable deps ti=<TaskInstance: modeling_pipeline.Best_Model manual__2024-11-11T19:31:01.385230+00:00 [queued]>
[2024-11-11T19:42:33.167+0000] {taskinstance.py:2076} INFO - Dependencies all met for dep_context=requeueable deps ti=<TaskInstance: modeling_pipeline.Best_Model manual__2024-11-11T19:31:01.385230+00:00 [queued]>
[2024-11-11T19:42:33.168+0000] {taskinstance.py:2306} INFO - Starting attempt 1 of 2
[2024-11-11T19:42:33.173+0000] {taskinstance.py:2330} INFO - Executing <Task(PythonOperator): Best_Model> on 2024-11-11 19:31:01.385230+00:00
[2024-11-11T19:42:33.182+0000] {warnings.py:112} WARNING - /home/***/.local/lib/python3.12/site-packages/***/task/task_runner/standard_task_runner.py:61: DeprecationWarning: This process (pid=157) is multi-threaded, use of fork() may lead to deadlocks in the child.
  pid = os.fork()

[2024-11-11T19:42:33.183+0000] {standard_task_runner.py:63} INFO - Started process 166 to run task
[2024-11-11T19:42:33.183+0000] {standard_task_runner.py:90} INFO - Running: ['***', 'tasks', 'run', 'modeling_pipeline', 'Best_Model', 'manual__2024-11-11T19:31:01.385230+00:00', '--job-id', '944', '--raw', '--subdir', 'DAGS_FOLDER/dag_script_model.py', '--cfg-path', '/tmp/tmpgai69hup']
[2024-11-11T19:42:33.185+0000] {standard_task_runner.py:91} INFO - Job 944: Subtask Best_Model
[2024-11-11T19:42:33.206+0000] {task_command.py:426} INFO - Running <TaskInstance: modeling_pipeline.Best_Model manual__2024-11-11T19:31:01.385230+00:00 [running]> on host 5039cd089413
[2024-11-11T19:42:33.239+0000] {taskinstance.py:2648} INFO - Exporting env vars: AIRFLOW_CTX_DAG_OWNER='MLOPS' AIRFLOW_CTX_DAG_ID='modeling_pipeline' AIRFLOW_CTX_TASK_ID='Best_Model' AIRFLOW_CTX_EXECUTION_DATE='2024-11-11T19:31:01.385230+00:00' AIRFLOW_CTX_TRY_NUMBER='1' AIRFLOW_CTX_DAG_RUN_ID='manual__2024-11-11T19:31:01.385230+00:00'
[2024-11-11T19:42:33.240+0000] {taskinstance.py:430} INFO - ::endgroup::
[2024-11-11T19:42:33.256+0000] {logging_mixin.py:188} INFO - 228524954728212615
[2024-11-11T19:42:33.328+0000] {logging_mixin.py:188} INFO - Model loaded from /opt/***/mlruns/228524954728212615/8c2fde18e3224a279d9c45770154e6fc/artifacts/randomforest_pm25_model.pth
[2024-11-11T19:42:33.330+0000] {logging_mixin.py:188} INFO - 467240330939740349
[2024-11-11T19:42:33.384+0000] {logging_mixin.py:188} INFO - Model loaded from /opt/***/mlruns/467240330939740349/f177ee3e61eb4e8eb91dbdc07f45e08f/artifacts/xgboost_pm25_model.pth
[2024-11-11T19:42:33.385+0000] {logging_mixin.py:188} INFO - 572499617916625725
[2024-11-11T19:42:33.423+0000] {logging_mixin.py:188} INFO - Best model found in experiment 'PM2.5 XGBoost Prediction' with run ID 'f177ee3e61eb4e8eb91dbdc07f45e08f'
[2024-11-11T19:42:33.423+0000] {logging_mixin.py:188} INFO - Validation RMSE: 0.9685765167761742
[2024-11-11T19:42:33.423+0000] {logging_mixin.py:188} INFO - PM2.5 XGBoost Prediction
[2024-11-11T19:42:33.423+0000] {logging_mixin.py:188} INFO - None
[2024-11-11T19:42:33.424+0000] {logging_mixin.py:188} INFO - f177ee3e61eb4e8eb91dbdc07f45e08f
[2024-11-11T19:42:33.424+0000] {logging_mixin.py:188} INFO - 0.9685765167761742
[2024-11-11T19:42:33.424+0000] {python.py:237} INFO - Done. Returned value was: None
[2024-11-11T19:42:33.425+0000] {taskinstance.py:441} INFO - ::group::Post task execution logs
[2024-11-11T19:42:33.434+0000] {taskinstance.py:1206} INFO - Marking task as SUCCESS. dag_id=modeling_pipeline, task_id=Best_Model, run_id=manual__2024-11-11T19:31:01.385230+00:00, execution_date=20241111T193101, start_date=20241111T194233, end_date=20241111T194233
[2024-11-11T19:42:33.462+0000] {local_task_job_runner.py:240} INFO - Task exited with return code 0
[2024-11-11T19:42:33.471+0000] {taskinstance.py:3503} INFO - 0 downstream tasks scheduled from follow-on schedule check
[2024-11-11T19:42:33.472+0000] {local_task_job_runner.py:222} INFO - ::endgroup::
