[2024-10-31T04:08:02.703+0000] {local_task_job_runner.py:120} INFO - ::group::Pre task execution logs
[2024-10-31T04:08:02.711+0000] {taskinstance.py:2076} INFO - Dependencies all met for dep_context=non-requeueable deps ti=<TaskInstance: datapipeline_new.load_data_pickle manual__2024-10-31T04:07:51.602255+00:00 [queued]>
[2024-10-31T04:08:02.714+0000] {taskinstance.py:2076} INFO - Dependencies all met for dep_context=requeueable deps ti=<TaskInstance: datapipeline_new.load_data_pickle manual__2024-10-31T04:07:51.602255+00:00 [queued]>
[2024-10-31T04:08:02.714+0000] {taskinstance.py:2306} INFO - Starting attempt 1 of 2
[2024-10-31T04:08:02.719+0000] {taskinstance.py:2330} INFO - Executing <Task(PythonOperator): load_data_pickle> on 2024-10-31 04:07:51.602255+00:00
[2024-10-31T04:08:02.725+0000] {warnings.py:112} WARNING - /home/***/.local/lib/python3.12/site-packages/***/task/task_runner/standard_task_runner.py:61: DeprecationWarning: This process (pid=94) is multi-threaded, use of fork() may lead to deadlocks in the child.
  pid = os.fork()

[2024-10-31T04:08:02.726+0000] {standard_task_runner.py:63} INFO - Started process 103 to run task
[2024-10-31T04:08:02.726+0000] {standard_task_runner.py:90} INFO - Running: ['***', 'tasks', 'run', 'datapipeline_new', 'load_data_pickle', 'manual__2024-10-31T04:07:51.602255+00:00', '--job-id', '38', '--raw', '--subdir', 'DAGS_FOLDER/dag_script.py', '--cfg-path', '/tmp/tmpad5giyh1']
[2024-10-31T04:08:02.730+0000] {standard_task_runner.py:91} INFO - Job 38: Subtask load_data_pickle
[2024-10-31T04:08:02.752+0000] {task_command.py:426} INFO - Running <TaskInstance: datapipeline_new.load_data_pickle manual__2024-10-31T04:07:51.602255+00:00 [running]> on host 6fd357fee1dd
[2024-10-31T04:08:02.906+0000] {taskinstance.py:2648} INFO - Exporting env vars: AIRFLOW_CTX_DAG_OWNER='MLOPS' AIRFLOW_CTX_DAG_ID='datapipeline_new' AIRFLOW_CTX_TASK_ID='load_data_pickle' AIRFLOW_CTX_EXECUTION_DATE='2024-10-31T04:07:51.602255+00:00' AIRFLOW_CTX_TRY_NUMBER='1' AIRFLOW_CTX_DAG_RUN_ID='manual__2024-10-31T04:07:51.602255+00:00'
[2024-10-31T04:08:02.906+0000] {taskinstance.py:430} INFO - ::endgroup::
[2024-10-31T04:08:02.935+0000] {logging_mixin.py:188} INFO - Loaded 2 CSV files.
[2024-10-31T04:08:02.936+0000] {logging_mixin.py:188} INFO - DataFrames stacked successfully.
[2024-10-31T04:08:02.944+0000] {logging_mixin.py:188} INFO - Stacked DataFrame saved as '/opt/***/dags/DataPreprocessing/src/data_store_pkl_files/air_pollution.pkl'.
[2024-10-31T04:08:02.945+0000] {python.py:237} INFO - Done. Returned value was: None
[2024-10-31T04:08:02.945+0000] {taskinstance.py:441} INFO - ::group::Post task execution logs
[2024-10-31T04:08:02.948+0000] {taskinstance.py:1206} INFO - Marking task as SUCCESS. dag_id=datapipeline_new, task_id=load_data_pickle, run_id=manual__2024-10-31T04:07:51.602255+00:00, execution_date=20241031T040751, start_date=20241031T040802, end_date=20241031T040802
[2024-10-31T04:08:03.002+0000] {local_task_job_runner.py:240} INFO - Task exited with return code 0
[2024-10-31T04:08:03.100+0000] {taskinstance.py:3503} INFO - 1 downstream tasks scheduled from follow-on schedule check
[2024-10-31T04:08:03.101+0000] {local_task_job_runner.py:222} INFO - ::endgroup::
