[2024-11-11T18:56:20.888+0000] {local_task_job_runner.py:120} INFO - ::group::Pre task execution logs
[2024-11-11T18:56:20.896+0000] {taskinstance.py:2076} INFO - Dependencies all met for dep_context=non-requeueable deps ti=<TaskInstance: modeling_pipeline.Best_Model manual__2024-11-11T18:55:03.828440+00:00 [queued]>
[2024-11-11T18:56:20.899+0000] {taskinstance.py:2076} INFO - Dependencies all met for dep_context=requeueable deps ti=<TaskInstance: modeling_pipeline.Best_Model manual__2024-11-11T18:55:03.828440+00:00 [queued]>
[2024-11-11T18:56:20.900+0000] {taskinstance.py:2306} INFO - Starting attempt 1 of 2
[2024-11-11T18:56:20.904+0000] {taskinstance.py:2330} INFO - Executing <Task(PythonOperator): Best_Model> on 2024-11-11 18:55:03.828440+00:00
[2024-11-11T18:56:20.910+0000] {warnings.py:112} WARNING - /home/***/.local/lib/python3.12/site-packages/***/task/task_runner/standard_task_runner.py:61: DeprecationWarning: This process (pid=239) is multi-threaded, use of fork() may lead to deadlocks in the child.
  pid = os.fork()

[2024-11-11T18:56:20.911+0000] {standard_task_runner.py:63} INFO - Started process 248 to run task
[2024-11-11T18:56:20.912+0000] {standard_task_runner.py:90} INFO - Running: ['***', 'tasks', 'run', 'modeling_pipeline', 'Best_Model', 'manual__2024-11-11T18:55:03.828440+00:00', '--job-id', '935', '--raw', '--subdir', 'DAGS_FOLDER/dag_script_model.py', '--cfg-path', '/tmp/tmp2o7_1jl6']
[2024-11-11T18:56:20.914+0000] {standard_task_runner.py:91} INFO - Job 935: Subtask Best_Model
[2024-11-11T18:56:20.933+0000] {task_command.py:426} INFO - Running <TaskInstance: modeling_pipeline.Best_Model manual__2024-11-11T18:55:03.828440+00:00 [running]> on host 5039cd089413
[2024-11-11T18:56:20.964+0000] {taskinstance.py:2648} INFO - Exporting env vars: AIRFLOW_CTX_DAG_OWNER='MLOPS' AIRFLOW_CTX_DAG_ID='modeling_pipeline' AIRFLOW_CTX_TASK_ID='Best_Model' AIRFLOW_CTX_EXECUTION_DATE='2024-11-11T18:55:03.828440+00:00' AIRFLOW_CTX_TRY_NUMBER='1' AIRFLOW_CTX_DAG_RUN_ID='manual__2024-11-11T18:55:03.828440+00:00'
[2024-11-11T18:56:20.965+0000] {taskinstance.py:430} INFO - ::endgroup::
[2024-11-11T18:56:20.980+0000] {logging_mixin.py:188} INFO - 228524954728212615
[2024-11-11T18:56:21.023+0000] {logging_mixin.py:188} WARNING - 2024/11/11 18:56:21 WARNING mlflow.utils.git_utils: Failed to import Git (the Git executable is probably not on your PATH), so Git SHA is not available. Error: Failed to initialize: Bad git executable.
The git executable must be specified in one of the following ways:
    - be included in your $PATH
    - be set via $GIT_PYTHON_GIT_EXECUTABLE
    - explicitly set via git.refresh(<full-path-to-git-executable>)

All git commands will error until this is rectified.

This initial message can be silenced or aggravated in the future by setting the
$GIT_PYTHON_REFRESH environment variable. Use one of the following values:
    - quiet|q|silence|s|silent|none|n|0: for no message or exception
    - warn|w|warning|log|l|1: for a warning message (logging level CRITICAL, displayed by default)
    - error|e|exception|raise|r|2: for a raised exception

Example:
    export GIT_PYTHON_REFRESH=quiet
[2024-11-11T18:56:21.046+0000] {logging_mixin.py:188} INFO - Model loaded from /opt/***/mlruns/228524954728212615/8c2fde18e3224a279d9c45770154e6fc/artifacts/randomforest_pm25_model.pth
[2024-11-11T18:56:21.048+0000] {logging_mixin.py:188} INFO - 467240330939740349
[2024-11-11T18:56:21.082+0000] {logging_mixin.py:188} INFO - Model loaded from /opt/***/mlruns/467240330939740349/10f77327f67e425993e4eb6ea249db69/artifacts/xgboost_pm25_model.pth
[2024-11-11T18:56:21.083+0000] {logging_mixin.py:188} INFO - 572499617916625725
[2024-11-11T18:56:21.098+0000] {logging_mixin.py:188} INFO - Best model found in experiment 'PM2.5 XGBoost Prediction' with run ID '10f77327f67e425993e4eb6ea249db69'
[2024-11-11T18:56:21.098+0000] {logging_mixin.py:188} INFO - Validation RMSE: 0.9685765167761742
[2024-11-11T18:56:21.098+0000] {logging_mixin.py:188} INFO - PM2.5 XGBoost Prediction
[2024-11-11T18:56:21.098+0000] {logging_mixin.py:188} INFO - None
[2024-11-11T18:56:21.098+0000] {logging_mixin.py:188} INFO - 10f77327f67e425993e4eb6ea249db69
[2024-11-11T18:56:21.098+0000] {logging_mixin.py:188} INFO - 0.9685765167761742
[2024-11-11T18:56:21.098+0000] {python.py:237} INFO - Done. Returned value was: None
[2024-11-11T18:56:21.099+0000] {taskinstance.py:441} INFO - ::group::Post task execution logs
[2024-11-11T18:56:21.104+0000] {taskinstance.py:1206} INFO - Marking task as SUCCESS. dag_id=modeling_pipeline, task_id=Best_Model, run_id=manual__2024-11-11T18:55:03.828440+00:00, execution_date=20241111T185503, start_date=20241111T185620, end_date=20241111T185621
[2024-11-11T18:56:21.135+0000] {local_task_job_runner.py:240} INFO - Task exited with return code 0
[2024-11-11T18:56:21.144+0000] {taskinstance.py:3503} INFO - 0 downstream tasks scheduled from follow-on schedule check
[2024-11-11T18:56:21.145+0000] {local_task_job_runner.py:222} INFO - ::endgroup::
