[2024-11-12T03:31:22.445+0000] {local_task_job_runner.py:120} INFO - ::group::Pre task execution logs
[2024-11-12T03:31:22.474+0000] {taskinstance.py:2076} INFO - Dependencies all met for dep_context=non-requeueable deps ti=<TaskInstance: modeling_pipeline.Prophet_model_training manual__2024-11-12T03:31:15.881644+00:00 [queued]>
[2024-11-12T03:31:22.495+0000] {taskinstance.py:2076} INFO - Dependencies all met for dep_context=requeueable deps ti=<TaskInstance: modeling_pipeline.Prophet_model_training manual__2024-11-12T03:31:15.881644+00:00 [queued]>
[2024-11-12T03:31:22.499+0000] {taskinstance.py:2306} INFO - Starting attempt 1 of 2
[2024-11-12T03:31:22.520+0000] {taskinstance.py:2330} INFO - Executing <Task(PythonOperator): Prophet_model_training> on 2024-11-12 03:31:15.881644+00:00
[2024-11-12T03:31:22.568+0000] {warnings.py:112} WARNING - /home/***/.local/lib/python3.12/site-packages/***/task/task_runner/standard_task_runner.py:61: DeprecationWarning: This process (pid=121) is multi-threaded, use of fork() may lead to deadlocks in the child.
  pid = os.fork()

[2024-11-12T03:31:22.576+0000] {standard_task_runner.py:63} INFO - Started process 149 to run task
[2024-11-12T03:31:22.580+0000] {standard_task_runner.py:90} INFO - Running: ['***', 'tasks', 'run', 'modeling_pipeline', 'Prophet_model_training', 'manual__2024-11-12T03:31:15.881644+00:00', '--job-id', '1040', '--raw', '--subdir', 'DAGS_FOLDER/dag_script_model.py', '--cfg-path', '/tmp/tmpthp4l850']
[2024-11-12T03:31:22.590+0000] {standard_task_runner.py:91} INFO - Job 1040: Subtask Prophet_model_training
[2024-11-12T03:31:22.745+0000] {task_command.py:426} INFO - Running <TaskInstance: modeling_pipeline.Prophet_model_training manual__2024-11-12T03:31:15.881644+00:00 [running]> on host 5039cd089413
[2024-11-12T03:31:23.009+0000] {taskinstance.py:2648} INFO - Exporting env vars: AIRFLOW_CTX_DAG_OWNER='MLOPS' AIRFLOW_CTX_DAG_ID='modeling_pipeline' AIRFLOW_CTX_TASK_ID='Prophet_model_training' AIRFLOW_CTX_EXECUTION_DATE='2024-11-12T03:31:15.881644+00:00' AIRFLOW_CTX_TRY_NUMBER='1' AIRFLOW_CTX_DAG_RUN_ID='manual__2024-11-12T03:31:15.881644+00:00'
[2024-11-12T03:31:23.028+0000] {taskinstance.py:430} INFO - ::endgroup::
[2024-11-12T03:31:23.124+0000] {logging_mixin.py:188} INFO - /opt/***
[2024-11-12T03:31:23.237+0000] {logging_mixin.py:188} WARNING - 2024/11/12 03:31:23 WARNING mlflow.utils.git_utils: Failed to import Git (the Git executable is probably not on your PATH), so Git SHA is not available. Error: Failed to initialize: Bad git executable.
The git executable must be specified in one of the following ways:
    - be included in your $PATH
    - be set via $GIT_PYTHON_GIT_EXECUTABLE
    - explicitly set via git.refresh(<full-path-to-git-executable>)

All git commands will error until this is rectified.

This initial message can be silenced or aggravated in the future by setting the
$GIT_PYTHON_REFRESH environment variable. Use one of the following values:
    - quiet|q|silence|s|silent|none|n|0: for no message or exception
    - warn|w|warning|log|l|1: for a warning message (logging level CRITICAL, displayed by default)
    - error|e|exception|raise|r|2: for a raised exception

Example:
    export GIT_PYTHON_REFRESH=quiet
[2024-11-12T03:31:23.427+0000] {forecaster.py:961} INFO - Disabling yearly seasonality. Run prophet with yearly_seasonality=True to override this.
[2024-11-12T03:31:23.495+0000] {filesystem.py:118} DEBUG - input tempfile: /tmp/tmphevdsha2/d13vgczq.json
[2024-11-12T03:31:24.837+0000] {filesystem.py:118} DEBUG - input tempfile: /tmp/tmphevdsha2/2b92e6dy.json
[2024-11-12T03:31:24.844+0000] {model.py:2042} DEBUG - idx 0
[2024-11-12T03:31:24.844+0000] {model.py:2043} DEBUG - running CmdStan, num_threads: None
[2024-11-12T03:31:24.845+0000] {model.py:2055} DEBUG - CmdStan args: ['/home/***/.local/lib/python3.12/site-packages/prophet/stan_model/prophet_model.bin', 'random', 'seed=35150', 'data', 'file=/tmp/tmphevdsha2/d13vgczq.json', 'init=/tmp/tmphevdsha2/2b92e6dy.json', 'output', 'file=/tmp/tmphevdsha2/prophet_model58z5kbea/prophet_model-20241112033124.csv', 'method=optimize', 'algorithm=lbfgs', 'iter=10000']
[2024-11-12T03:31:24.846+0000] {logging_mixin.py:188} WARNING - 03:31:24 - cmdstanpy - INFO - Chain [1] start processing
[2024-11-12T03:31:24.845+0000] {model.py:2058} INFO - Chain [1] start processing
[2024-11-12T03:31:32.100+0000] {logging_mixin.py:188} WARNING - 03:31:32 - cmdstanpy - INFO - Chain [1] done processing
[2024-11-12T03:31:32.095+0000] {model.py:2115} INFO - Chain [1] done processing
[2024-11-12T03:31:43.461+0000] {logging_mixin.py:188} WARNING - Downloading artifacts:   0%|          | 0/7 [00:00<?, ?it/s]
[2024-11-12T03:31:43.463+0000] {logging_mixin.py:188} WARNING - Downloading artifacts:  14%|#4        | 1/7 [00:00<00:00, 4341.93it/s]
[2024-11-12T03:31:43.463+0000] {logging_mixin.py:188} WARNING - Downloading artifacts:  29%|##8       | 2/7 [00:00<00:00, 2662.21it/s]
[2024-11-12T03:31:43.464+0000] {logging_mixin.py:188} WARNING - Downloading artifacts:  43%|####2     | 3/7 [00:00<00:00, 2139.22it/s]
[2024-11-12T03:31:43.466+0000] {logging_mixin.py:188} WARNING - Downloading artifacts:  57%|#####7    | 4/7 [00:00<00:00, 1438.13it/s]
[2024-11-12T03:31:43.467+0000] {logging_mixin.py:188} WARNING - Downloading artifacts:  71%|#######1  | 5/7 [00:00<00:00, 1036.09it/s]
[2024-11-12T03:31:43.468+0000] {logging_mixin.py:188} WARNING - Downloading artifacts:  86%|########5 | 6/7 [00:00<00:00, 1113.93it/s]
[2024-11-12T03:31:43.469+0000] {logging_mixin.py:188} WARNING - Downloading artifacts: 100%|##########| 7/7 [00:00<00:00, 1146.03it/s]
[2024-11-12T03:31:43.470+0000] {logging_mixin.py:188} WARNING - Downloading artifacts: 100%|##########| 7/7 [00:00<00:00, 1012.94it/s]
[2024-11-12T03:31:43.798+0000] {logging_mixin.py:188} INFO - Model saved at /opt/***/dags/weights/prophet_pm25_model.pth
[2024-11-12T03:31:43.820+0000] {python.py:237} INFO - Done. Returned value was: None
[2024-11-12T03:31:43.830+0000] {taskinstance.py:441} INFO - ::group::Post task execution logs
[2024-11-12T03:31:43.864+0000] {taskinstance.py:1206} INFO - Marking task as SUCCESS. dag_id=modeling_pipeline, task_id=Prophet_model_training, run_id=manual__2024-11-12T03:31:15.881644+00:00, execution_date=20241112T033115, start_date=20241112T033122, end_date=20241112T033143
[2024-11-12T03:31:43.944+0000] {local_task_job_runner.py:240} INFO - Task exited with return code 0
[2024-11-12T03:31:44.019+0000] {taskinstance.py:3503} INFO - 1 downstream tasks scheduled from follow-on schedule check
[2024-11-12T03:31:44.027+0000] {local_task_job_runner.py:222} INFO - ::endgroup::
