[2024-11-23T07:38:09.338+0000] {processor.py:161} INFO - Started process (PID=125) to work on /opt/airflow/dags/dag_script.py
[2024-11-23T07:38:09.339+0000] {processor.py:830} INFO - Processing file /opt/airflow/dags/dag_script.py for tasks to queue
[2024-11-23T07:38:09.342+0000] {logging_mixin.py:188} INFO - [2024-11-23T07:38:09.341+0000] {dagbag.py:545} INFO - Filling up the DagBag from /opt/airflow/dags/dag_script.py
[2024-11-23T07:38:10.679+0000] {logging_mixin.py:188} WARNING - /home/airflow/.local/lib/python3.12/site-packages/airflow/models/baseoperator.py:485 RemovedInAirflow3Warning: provide_context is deprecated as of 2.0 and is no longer required
[2024-11-23T07:38:10.687+0000] {processor.py:840} INFO - DAG(s) 'datapipeline_new' retrieved from /opt/airflow/dags/dag_script.py
[2024-11-23T07:38:10.715+0000] {logging_mixin.py:188} INFO - [2024-11-23T07:38:10.715+0000] {dag.py:3096} INFO - Sync 1 DAGs
[2024-11-23T07:38:10.722+0000] {logging_mixin.py:188} INFO - [2024-11-23T07:38:10.722+0000] {dag.py:3954} INFO - Setting next_dagrun for datapipeline_new to None, run_after=None
[2024-11-23T07:38:10.745+0000] {processor.py:183} INFO - Processing /opt/airflow/dags/dag_script.py took 1.413 seconds
[2024-11-23T07:38:41.292+0000] {processor.py:161} INFO - Started process (PID=205) to work on /opt/airflow/dags/dag_script.py
[2024-11-23T07:38:41.293+0000] {processor.py:830} INFO - Processing file /opt/airflow/dags/dag_script.py for tasks to queue
[2024-11-23T07:38:41.295+0000] {logging_mixin.py:188} INFO - [2024-11-23T07:38:41.295+0000] {dagbag.py:545} INFO - Filling up the DagBag from /opt/airflow/dags/dag_script.py
[2024-11-23T07:38:42.105+0000] {logging_mixin.py:188} WARNING - /home/airflow/.local/lib/python3.12/site-packages/airflow/models/baseoperator.py:485 RemovedInAirflow3Warning: provide_context is deprecated as of 2.0 and is no longer required
[2024-11-23T07:38:42.112+0000] {processor.py:840} INFO - DAG(s) 'datapipeline_new' retrieved from /opt/airflow/dags/dag_script.py
[2024-11-23T07:38:42.143+0000] {logging_mixin.py:188} INFO - [2024-11-23T07:38:42.143+0000] {dag.py:3096} INFO - Sync 1 DAGs
[2024-11-23T07:38:42.148+0000] {logging_mixin.py:188} INFO - [2024-11-23T07:38:42.148+0000] {dag.py:3954} INFO - Setting next_dagrun for datapipeline_new to None, run_after=None
[2024-11-23T07:38:42.162+0000] {processor.py:183} INFO - Processing /opt/airflow/dags/dag_script.py took 0.878 seconds
[2024-11-23T07:39:13.316+0000] {processor.py:161} INFO - Started process (PID=286) to work on /opt/airflow/dags/dag_script.py
[2024-11-23T07:39:13.317+0000] {processor.py:830} INFO - Processing file /opt/airflow/dags/dag_script.py for tasks to queue
[2024-11-23T07:39:13.323+0000] {logging_mixin.py:188} INFO - [2024-11-23T07:39:13.322+0000] {dagbag.py:545} INFO - Filling up the DagBag from /opt/airflow/dags/dag_script.py
[2024-11-23T07:39:14.277+0000] {logging_mixin.py:188} WARNING - /home/airflow/.local/lib/python3.12/site-packages/airflow/models/baseoperator.py:485 RemovedInAirflow3Warning: provide_context is deprecated as of 2.0 and is no longer required
[2024-11-23T07:39:14.284+0000] {processor.py:840} INFO - DAG(s) 'datapipeline_new' retrieved from /opt/airflow/dags/dag_script.py
[2024-11-23T07:39:14.318+0000] {logging_mixin.py:188} INFO - [2024-11-23T07:39:14.318+0000] {dag.py:3096} INFO - Sync 1 DAGs
[2024-11-23T07:39:14.323+0000] {logging_mixin.py:188} INFO - [2024-11-23T07:39:14.323+0000] {dag.py:3954} INFO - Setting next_dagrun for datapipeline_new to None, run_after=None
[2024-11-23T07:39:14.332+0000] {processor.py:183} INFO - Processing /opt/airflow/dags/dag_script.py took 1.022 seconds
[2024-11-23T07:39:51.544+0000] {processor.py:161} INFO - Started process (PID=369) to work on /opt/airflow/dags/dag_script.py
[2024-11-23T07:39:51.545+0000] {processor.py:830} INFO - Processing file /opt/airflow/dags/dag_script.py for tasks to queue
[2024-11-23T07:39:51.546+0000] {logging_mixin.py:188} INFO - [2024-11-23T07:39:51.546+0000] {dagbag.py:545} INFO - Filling up the DagBag from /opt/airflow/dags/dag_script.py
[2024-11-23T07:39:52.733+0000] {logging_mixin.py:188} WARNING - /home/airflow/.local/lib/python3.12/site-packages/airflow/models/baseoperator.py:485 RemovedInAirflow3Warning: provide_context is deprecated as of 2.0 and is no longer required
[2024-11-23T07:39:52.741+0000] {processor.py:840} INFO - DAG(s) 'datapipeline_new' retrieved from /opt/airflow/dags/dag_script.py
[2024-11-23T07:39:52.780+0000] {logging_mixin.py:188} INFO - [2024-11-23T07:39:52.780+0000] {dag.py:3096} INFO - Sync 1 DAGs
[2024-11-23T07:39:52.790+0000] {logging_mixin.py:188} INFO - [2024-11-23T07:39:52.790+0000] {dag.py:3954} INFO - Setting next_dagrun for datapipeline_new to None, run_after=None
[2024-11-23T07:39:53.372+0000] {processor.py:183} INFO - Processing /opt/airflow/dags/dag_script.py took 1.832 seconds
[2024-11-23T07:40:24.192+0000] {processor.py:161} INFO - Started process (PID=459) to work on /opt/airflow/dags/dag_script.py
[2024-11-23T07:40:24.194+0000] {processor.py:830} INFO - Processing file /opt/airflow/dags/dag_script.py for tasks to queue
[2024-11-23T07:40:24.195+0000] {logging_mixin.py:188} INFO - [2024-11-23T07:40:24.195+0000] {dagbag.py:545} INFO - Filling up the DagBag from /opt/airflow/dags/dag_script.py
[2024-11-23T07:40:24.994+0000] {logging_mixin.py:188} WARNING - /home/airflow/.local/lib/python3.12/site-packages/airflow/models/baseoperator.py:485 RemovedInAirflow3Warning: provide_context is deprecated as of 2.0 and is no longer required
[2024-11-23T07:40:24.999+0000] {processor.py:840} INFO - DAG(s) 'datapipeline_new' retrieved from /opt/airflow/dags/dag_script.py
[2024-11-23T07:40:25.018+0000] {logging_mixin.py:188} INFO - [2024-11-23T07:40:25.017+0000] {dag.py:3096} INFO - Sync 1 DAGs
[2024-11-23T07:40:25.022+0000] {logging_mixin.py:188} INFO - [2024-11-23T07:40:25.022+0000] {dag.py:3954} INFO - Setting next_dagrun for datapipeline_new to None, run_after=None
[2024-11-23T07:40:25.029+0000] {processor.py:183} INFO - Processing /opt/airflow/dags/dag_script.py took 0.840 seconds
[2024-11-23T07:40:56.407+0000] {processor.py:161} INFO - Started process (PID=538) to work on /opt/airflow/dags/dag_script.py
[2024-11-23T07:40:56.408+0000] {processor.py:830} INFO - Processing file /opt/airflow/dags/dag_script.py for tasks to queue
[2024-11-23T07:40:56.409+0000] {logging_mixin.py:188} INFO - [2024-11-23T07:40:56.408+0000] {dagbag.py:545} INFO - Filling up the DagBag from /opt/airflow/dags/dag_script.py
[2024-11-23T07:40:57.319+0000] {logging_mixin.py:188} WARNING - /home/airflow/.local/lib/python3.12/site-packages/airflow/models/baseoperator.py:485 RemovedInAirflow3Warning: provide_context is deprecated as of 2.0 and is no longer required
[2024-11-23T07:40:57.325+0000] {processor.py:840} INFO - DAG(s) 'datapipeline_new' retrieved from /opt/airflow/dags/dag_script.py
[2024-11-23T07:40:57.353+0000] {logging_mixin.py:188} INFO - [2024-11-23T07:40:57.353+0000] {dag.py:3096} INFO - Sync 1 DAGs
[2024-11-23T07:40:57.360+0000] {logging_mixin.py:188} INFO - [2024-11-23T07:40:57.360+0000] {dag.py:3954} INFO - Setting next_dagrun for datapipeline_new to None, run_after=None
[2024-11-23T07:40:57.368+0000] {processor.py:183} INFO - Processing /opt/airflow/dags/dag_script.py took 0.974 seconds
[2024-11-23T07:41:28.209+0000] {processor.py:161} INFO - Started process (PID=611) to work on /opt/airflow/dags/dag_script.py
[2024-11-23T07:41:28.211+0000] {processor.py:830} INFO - Processing file /opt/airflow/dags/dag_script.py for tasks to queue
[2024-11-23T07:41:28.212+0000] {logging_mixin.py:188} INFO - [2024-11-23T07:41:28.212+0000] {dagbag.py:545} INFO - Filling up the DagBag from /opt/airflow/dags/dag_script.py
[2024-11-23T07:41:29.110+0000] {logging_mixin.py:188} WARNING - /home/airflow/.local/lib/python3.12/site-packages/airflow/models/baseoperator.py:485 RemovedInAirflow3Warning: provide_context is deprecated as of 2.0 and is no longer required
[2024-11-23T07:41:29.116+0000] {processor.py:840} INFO - DAG(s) 'datapipeline_new' retrieved from /opt/airflow/dags/dag_script.py
[2024-11-23T07:41:29.142+0000] {logging_mixin.py:188} INFO - [2024-11-23T07:41:29.142+0000] {dag.py:3096} INFO - Sync 1 DAGs
[2024-11-23T07:41:29.148+0000] {logging_mixin.py:188} INFO - [2024-11-23T07:41:29.148+0000] {dag.py:3954} INFO - Setting next_dagrun for datapipeline_new to None, run_after=None
[2024-11-23T07:41:29.158+0000] {processor.py:183} INFO - Processing /opt/airflow/dags/dag_script.py took 0.955 seconds
[2024-11-23T07:42:01.052+0000] {processor.py:161} INFO - Started process (PID=700) to work on /opt/airflow/dags/dag_script.py
[2024-11-23T07:42:01.053+0000] {processor.py:830} INFO - Processing file /opt/airflow/dags/dag_script.py for tasks to queue
[2024-11-23T07:42:01.054+0000] {logging_mixin.py:188} INFO - [2024-11-23T07:42:01.054+0000] {dagbag.py:545} INFO - Filling up the DagBag from /opt/airflow/dags/dag_script.py
[2024-11-23T07:42:02.202+0000] {logging_mixin.py:188} WARNING - /home/airflow/.local/lib/python3.12/site-packages/airflow/models/baseoperator.py:485 RemovedInAirflow3Warning: provide_context is deprecated as of 2.0 and is no longer required
[2024-11-23T07:42:02.210+0000] {processor.py:840} INFO - DAG(s) 'datapipeline_new' retrieved from /opt/airflow/dags/dag_script.py
[2024-11-23T07:42:02.240+0000] {logging_mixin.py:188} INFO - [2024-11-23T07:42:02.239+0000] {dag.py:3096} INFO - Sync 1 DAGs
[2024-11-23T07:42:02.246+0000] {logging_mixin.py:188} INFO - [2024-11-23T07:42:02.246+0000] {dag.py:3954} INFO - Setting next_dagrun for datapipeline_new to None, run_after=None
[2024-11-23T07:42:02.259+0000] {processor.py:183} INFO - Processing /opt/airflow/dags/dag_script.py took 1.217 seconds
[2024-11-23T07:42:33.116+0000] {processor.py:161} INFO - Started process (PID=781) to work on /opt/airflow/dags/dag_script.py
[2024-11-23T07:42:33.117+0000] {processor.py:830} INFO - Processing file /opt/airflow/dags/dag_script.py for tasks to queue
[2024-11-23T07:42:33.119+0000] {logging_mixin.py:188} INFO - [2024-11-23T07:42:33.119+0000] {dagbag.py:545} INFO - Filling up the DagBag from /opt/airflow/dags/dag_script.py
[2024-11-23T07:42:33.930+0000] {logging_mixin.py:188} WARNING - /home/airflow/.local/lib/python3.12/site-packages/airflow/models/baseoperator.py:485 RemovedInAirflow3Warning: provide_context is deprecated as of 2.0 and is no longer required
[2024-11-23T07:42:33.937+0000] {processor.py:840} INFO - DAG(s) 'datapipeline_new' retrieved from /opt/airflow/dags/dag_script.py
[2024-11-23T07:42:33.958+0000] {logging_mixin.py:188} INFO - [2024-11-23T07:42:33.958+0000] {dag.py:3096} INFO - Sync 1 DAGs
[2024-11-23T07:42:33.964+0000] {logging_mixin.py:188} INFO - [2024-11-23T07:42:33.964+0000] {dag.py:3954} INFO - Setting next_dagrun for datapipeline_new to None, run_after=None
[2024-11-23T07:42:33.972+0000] {processor.py:183} INFO - Processing /opt/airflow/dags/dag_script.py took 0.859 seconds
[2024-11-23T07:43:04.029+0000] {processor.py:161} INFO - Started process (PID=854) to work on /opt/airflow/dags/dag_script.py
[2024-11-23T07:43:04.032+0000] {processor.py:830} INFO - Processing file /opt/airflow/dags/dag_script.py for tasks to queue
[2024-11-23T07:43:04.033+0000] {logging_mixin.py:188} INFO - [2024-11-23T07:43:04.033+0000] {dagbag.py:545} INFO - Filling up the DagBag from /opt/airflow/dags/dag_script.py
[2024-11-23T07:43:04.744+0000] {logging_mixin.py:188} WARNING - /home/airflow/.local/lib/python3.12/site-packages/airflow/models/baseoperator.py:485 RemovedInAirflow3Warning: provide_context is deprecated as of 2.0 and is no longer required
[2024-11-23T07:43:04.750+0000] {processor.py:840} INFO - DAG(s) 'datapipeline_new' retrieved from /opt/airflow/dags/dag_script.py
[2024-11-23T07:43:04.774+0000] {logging_mixin.py:188} INFO - [2024-11-23T07:43:04.774+0000] {dag.py:3096} INFO - Sync 1 DAGs
[2024-11-23T07:43:04.780+0000] {logging_mixin.py:188} INFO - [2024-11-23T07:43:04.780+0000] {dag.py:3954} INFO - Setting next_dagrun for datapipeline_new to None, run_after=None
[2024-11-23T07:43:04.790+0000] {processor.py:183} INFO - Processing /opt/airflow/dags/dag_script.py took 0.764 seconds
[2024-11-23T07:43:36.750+0000] {processor.py:161} INFO - Started process (PID=941) to work on /opt/airflow/dags/dag_script.py
[2024-11-23T07:43:36.751+0000] {processor.py:830} INFO - Processing file /opt/airflow/dags/dag_script.py for tasks to queue
[2024-11-23T07:43:36.756+0000] {logging_mixin.py:188} INFO - [2024-11-23T07:43:36.754+0000] {dagbag.py:545} INFO - Filling up the DagBag from /opt/airflow/dags/dag_script.py
[2024-11-23T07:43:38.087+0000] {logging_mixin.py:188} WARNING - /home/airflow/.local/lib/python3.12/site-packages/airflow/models/baseoperator.py:485 RemovedInAirflow3Warning: provide_context is deprecated as of 2.0 and is no longer required
[2024-11-23T07:43:38.094+0000] {processor.py:840} INFO - DAG(s) 'datapipeline_new' retrieved from /opt/airflow/dags/dag_script.py
[2024-11-23T07:43:38.135+0000] {logging_mixin.py:188} INFO - [2024-11-23T07:43:38.135+0000] {dag.py:3096} INFO - Sync 1 DAGs
[2024-11-23T07:43:38.141+0000] {logging_mixin.py:188} INFO - [2024-11-23T07:43:38.141+0000] {dag.py:3954} INFO - Setting next_dagrun for datapipeline_new to None, run_after=None
[2024-11-23T07:43:38.148+0000] {processor.py:183} INFO - Processing /opt/airflow/dags/dag_script.py took 1.405 seconds
[2024-11-23T07:44:10.134+0000] {processor.py:161} INFO - Started process (PID=1030) to work on /opt/airflow/dags/dag_script.py
[2024-11-23T07:44:10.136+0000] {processor.py:830} INFO - Processing file /opt/airflow/dags/dag_script.py for tasks to queue
[2024-11-23T07:44:10.137+0000] {logging_mixin.py:188} INFO - [2024-11-23T07:44:10.137+0000] {dagbag.py:545} INFO - Filling up the DagBag from /opt/airflow/dags/dag_script.py
[2024-11-23T07:44:11.672+0000] {logging_mixin.py:188} WARNING - /home/airflow/.local/lib/python3.12/site-packages/airflow/models/baseoperator.py:485 RemovedInAirflow3Warning: provide_context is deprecated as of 2.0 and is no longer required
[2024-11-23T07:44:11.683+0000] {processor.py:840} INFO - DAG(s) 'datapipeline_new' retrieved from /opt/airflow/dags/dag_script.py
[2024-11-23T07:44:11.742+0000] {logging_mixin.py:188} INFO - [2024-11-23T07:44:11.742+0000] {dag.py:3096} INFO - Sync 1 DAGs
[2024-11-23T07:44:11.754+0000] {logging_mixin.py:188} INFO - [2024-11-23T07:44:11.754+0000] {dag.py:3954} INFO - Setting next_dagrun for datapipeline_new to None, run_after=None
[2024-11-23T07:44:11.772+0000] {processor.py:183} INFO - Processing /opt/airflow/dags/dag_script.py took 1.643 seconds
[2024-11-23T07:44:46.384+0000] {processor.py:161} INFO - Started process (PID=1104) to work on /opt/airflow/dags/dag_script.py
[2024-11-23T07:44:46.389+0000] {processor.py:830} INFO - Processing file /opt/airflow/dags/dag_script.py for tasks to queue
[2024-11-23T07:44:46.398+0000] {logging_mixin.py:188} INFO - [2024-11-23T07:44:46.397+0000] {dagbag.py:545} INFO - Filling up the DagBag from /opt/airflow/dags/dag_script.py
[2024-11-23T07:44:48.262+0000] {logging_mixin.py:188} WARNING - /home/airflow/.local/lib/python3.12/site-packages/airflow/models/baseoperator.py:485 RemovedInAirflow3Warning: provide_context is deprecated as of 2.0 and is no longer required
[2024-11-23T07:44:48.279+0000] {processor.py:840} INFO - DAG(s) 'datapipeline_new' retrieved from /opt/airflow/dags/dag_script.py
[2024-11-23T07:44:48.370+0000] {logging_mixin.py:188} INFO - [2024-11-23T07:44:48.370+0000] {dag.py:3096} INFO - Sync 1 DAGs
[2024-11-23T07:44:48.380+0000] {logging_mixin.py:188} INFO - [2024-11-23T07:44:48.379+0000] {dag.py:3954} INFO - Setting next_dagrun for datapipeline_new to None, run_after=None
[2024-11-23T07:44:48.393+0000] {processor.py:183} INFO - Processing /opt/airflow/dags/dag_script.py took 2.020 seconds
[2024-11-23T07:45:19.407+0000] {processor.py:161} INFO - Started process (PID=1184) to work on /opt/airflow/dags/dag_script.py
[2024-11-23T07:45:19.409+0000] {processor.py:830} INFO - Processing file /opt/airflow/dags/dag_script.py for tasks to queue
[2024-11-23T07:45:19.415+0000] {logging_mixin.py:188} INFO - [2024-11-23T07:45:19.413+0000] {dagbag.py:545} INFO - Filling up the DagBag from /opt/airflow/dags/dag_script.py
[2024-11-23T07:45:21.479+0000] {logging_mixin.py:188} WARNING - /home/airflow/.local/lib/python3.12/site-packages/airflow/models/baseoperator.py:485 RemovedInAirflow3Warning: provide_context is deprecated as of 2.0 and is no longer required
[2024-11-23T07:45:21.489+0000] {processor.py:840} INFO - DAG(s) 'datapipeline_new' retrieved from /opt/airflow/dags/dag_script.py
[2024-11-23T07:45:21.549+0000] {logging_mixin.py:188} INFO - [2024-11-23T07:45:21.548+0000] {dag.py:3096} INFO - Sync 1 DAGs
[2024-11-23T07:45:21.563+0000] {logging_mixin.py:188} INFO - [2024-11-23T07:45:21.563+0000] {dag.py:3954} INFO - Setting next_dagrun for datapipeline_new to None, run_after=None
[2024-11-23T07:45:21.750+0000] {processor.py:183} INFO - Processing /opt/airflow/dags/dag_script.py took 2.365 seconds
[2024-11-23T07:45:51.943+0000] {processor.py:161} INFO - Started process (PID=1264) to work on /opt/airflow/dags/dag_script.py
[2024-11-23T07:45:51.944+0000] {processor.py:830} INFO - Processing file /opt/airflow/dags/dag_script.py for tasks to queue
[2024-11-23T07:45:51.946+0000] {logging_mixin.py:188} INFO - [2024-11-23T07:45:51.946+0000] {dagbag.py:545} INFO - Filling up the DagBag from /opt/airflow/dags/dag_script.py
[2024-11-23T07:45:53.167+0000] {logging_mixin.py:188} WARNING - /home/airflow/.local/lib/python3.12/site-packages/airflow/models/baseoperator.py:485 RemovedInAirflow3Warning: provide_context is deprecated as of 2.0 and is no longer required
[2024-11-23T07:45:53.178+0000] {processor.py:840} INFO - DAG(s) 'datapipeline_new' retrieved from /opt/airflow/dags/dag_script.py
[2024-11-23T07:45:53.231+0000] {logging_mixin.py:188} INFO - [2024-11-23T07:45:53.230+0000] {dag.py:3096} INFO - Sync 1 DAGs
[2024-11-23T07:45:53.240+0000] {logging_mixin.py:188} INFO - [2024-11-23T07:45:53.240+0000] {dag.py:3954} INFO - Setting next_dagrun for datapipeline_new to None, run_after=None
[2024-11-23T07:45:53.250+0000] {processor.py:183} INFO - Processing /opt/airflow/dags/dag_script.py took 1.314 seconds
[2024-11-23T07:46:24.039+0000] {processor.py:161} INFO - Started process (PID=1345) to work on /opt/airflow/dags/dag_script.py
[2024-11-23T07:46:24.040+0000] {processor.py:830} INFO - Processing file /opt/airflow/dags/dag_script.py for tasks to queue
[2024-11-23T07:46:24.041+0000] {logging_mixin.py:188} INFO - [2024-11-23T07:46:24.041+0000] {dagbag.py:545} INFO - Filling up the DagBag from /opt/airflow/dags/dag_script.py
[2024-11-23T07:46:24.668+0000] {logging_mixin.py:188} WARNING - /home/airflow/.local/lib/python3.12/site-packages/airflow/models/baseoperator.py:485 RemovedInAirflow3Warning: provide_context is deprecated as of 2.0 and is no longer required
[2024-11-23T07:46:24.673+0000] {processor.py:840} INFO - DAG(s) 'datapipeline_new' retrieved from /opt/airflow/dags/dag_script.py
[2024-11-23T07:46:24.692+0000] {logging_mixin.py:188} INFO - [2024-11-23T07:46:24.691+0000] {dag.py:3096} INFO - Sync 1 DAGs
[2024-11-23T07:46:24.698+0000] {logging_mixin.py:188} INFO - [2024-11-23T07:46:24.698+0000] {dag.py:3954} INFO - Setting next_dagrun for datapipeline_new to None, run_after=None
[2024-11-23T07:46:24.705+0000] {processor.py:183} INFO - Processing /opt/airflow/dags/dag_script.py took 0.668 seconds
[2024-11-23T07:46:56.198+0000] {processor.py:161} INFO - Started process (PID=1426) to work on /opt/airflow/dags/dag_script.py
[2024-11-23T07:46:56.199+0000] {processor.py:830} INFO - Processing file /opt/airflow/dags/dag_script.py for tasks to queue
[2024-11-23T07:46:56.200+0000] {logging_mixin.py:188} INFO - [2024-11-23T07:46:56.200+0000] {dagbag.py:545} INFO - Filling up the DagBag from /opt/airflow/dags/dag_script.py
[2024-11-23T07:46:56.819+0000] {logging_mixin.py:188} WARNING - /home/airflow/.local/lib/python3.12/site-packages/airflow/models/baseoperator.py:485 RemovedInAirflow3Warning: provide_context is deprecated as of 2.0 and is no longer required
[2024-11-23T07:46:56.824+0000] {processor.py:840} INFO - DAG(s) 'datapipeline_new' retrieved from /opt/airflow/dags/dag_script.py
[2024-11-23T07:46:56.841+0000] {logging_mixin.py:188} INFO - [2024-11-23T07:46:56.841+0000] {dag.py:3096} INFO - Sync 1 DAGs
[2024-11-23T07:46:56.845+0000] {logging_mixin.py:188} INFO - [2024-11-23T07:46:56.845+0000] {dag.py:3954} INFO - Setting next_dagrun for datapipeline_new to None, run_after=None
[2024-11-23T07:46:56.856+0000] {processor.py:183} INFO - Processing /opt/airflow/dags/dag_script.py took 0.662 seconds
[2024-11-23T07:47:28.171+0000] {processor.py:161} INFO - Started process (PID=1507) to work on /opt/airflow/dags/dag_script.py
[2024-11-23T07:47:28.172+0000] {processor.py:830} INFO - Processing file /opt/airflow/dags/dag_script.py for tasks to queue
[2024-11-23T07:47:28.173+0000] {logging_mixin.py:188} INFO - [2024-11-23T07:47:28.173+0000] {dagbag.py:545} INFO - Filling up the DagBag from /opt/airflow/dags/dag_script.py
[2024-11-23T07:47:29.681+0000] {logging_mixin.py:188} WARNING - /home/airflow/.local/lib/python3.12/site-packages/airflow/models/baseoperator.py:485 RemovedInAirflow3Warning: provide_context is deprecated as of 2.0 and is no longer required
[2024-11-23T07:47:29.698+0000] {processor.py:840} INFO - DAG(s) 'datapipeline_new' retrieved from /opt/airflow/dags/dag_script.py
[2024-11-23T07:47:29.752+0000] {logging_mixin.py:188} INFO - [2024-11-23T07:47:29.751+0000] {dag.py:3096} INFO - Sync 1 DAGs
[2024-11-23T07:47:29.760+0000] {logging_mixin.py:188} INFO - [2024-11-23T07:47:29.760+0000] {dag.py:3954} INFO - Setting next_dagrun for datapipeline_new to None, run_after=None
[2024-11-23T07:47:29.770+0000] {processor.py:183} INFO - Processing /opt/airflow/dags/dag_script.py took 1.603 seconds
[2024-11-23T07:48:00.129+0000] {processor.py:161} INFO - Started process (PID=1588) to work on /opt/airflow/dags/dag_script.py
[2024-11-23T07:48:00.131+0000] {processor.py:830} INFO - Processing file /opt/airflow/dags/dag_script.py for tasks to queue
[2024-11-23T07:48:00.133+0000] {logging_mixin.py:188} INFO - [2024-11-23T07:48:00.133+0000] {dagbag.py:545} INFO - Filling up the DagBag from /opt/airflow/dags/dag_script.py
[2024-11-23T07:48:01.011+0000] {logging_mixin.py:188} WARNING - /home/airflow/.local/lib/python3.12/site-packages/airflow/models/baseoperator.py:485 RemovedInAirflow3Warning: provide_context is deprecated as of 2.0 and is no longer required
[2024-11-23T07:48:01.018+0000] {processor.py:840} INFO - DAG(s) 'datapipeline_new' retrieved from /opt/airflow/dags/dag_script.py
[2024-11-23T07:48:01.038+0000] {logging_mixin.py:188} INFO - [2024-11-23T07:48:01.038+0000] {dag.py:3096} INFO - Sync 1 DAGs
[2024-11-23T07:48:01.043+0000] {logging_mixin.py:188} INFO - [2024-11-23T07:48:01.043+0000] {dag.py:3954} INFO - Setting next_dagrun for datapipeline_new to None, run_after=None
[2024-11-23T07:48:01.050+0000] {processor.py:183} INFO - Processing /opt/airflow/dags/dag_script.py took 0.932 seconds
[2024-11-23T07:48:32.132+0000] {processor.py:161} INFO - Started process (PID=1669) to work on /opt/airflow/dags/dag_script.py
[2024-11-23T07:48:32.133+0000] {processor.py:830} INFO - Processing file /opt/airflow/dags/dag_script.py for tasks to queue
[2024-11-23T07:48:32.135+0000] {logging_mixin.py:188} INFO - [2024-11-23T07:48:32.134+0000] {dagbag.py:545} INFO - Filling up the DagBag from /opt/airflow/dags/dag_script.py
[2024-11-23T07:48:33.125+0000] {logging_mixin.py:188} WARNING - /home/airflow/.local/lib/python3.12/site-packages/airflow/models/baseoperator.py:485 RemovedInAirflow3Warning: provide_context is deprecated as of 2.0 and is no longer required
[2024-11-23T07:48:33.142+0000] {processor.py:840} INFO - DAG(s) 'datapipeline_new' retrieved from /opt/airflow/dags/dag_script.py
[2024-11-23T07:48:33.171+0000] {logging_mixin.py:188} INFO - [2024-11-23T07:48:33.171+0000] {dag.py:3096} INFO - Sync 1 DAGs
[2024-11-23T07:48:33.178+0000] {logging_mixin.py:188} INFO - [2024-11-23T07:48:33.178+0000] {dag.py:3954} INFO - Setting next_dagrun for datapipeline_new to None, run_after=None
[2024-11-23T07:48:33.186+0000] {processor.py:183} INFO - Processing /opt/airflow/dags/dag_script.py took 1.058 seconds
[2024-11-23T07:49:05.097+0000] {processor.py:161} INFO - Started process (PID=1760) to work on /opt/airflow/dags/dag_script.py
[2024-11-23T07:49:05.099+0000] {processor.py:830} INFO - Processing file /opt/airflow/dags/dag_script.py for tasks to queue
[2024-11-23T07:49:05.101+0000] {logging_mixin.py:188} INFO - [2024-11-23T07:49:05.101+0000] {dagbag.py:545} INFO - Filling up the DagBag from /opt/airflow/dags/dag_script.py
[2024-11-23T07:49:05.789+0000] {logging_mixin.py:188} WARNING - /home/airflow/.local/lib/python3.12/site-packages/airflow/models/baseoperator.py:485 RemovedInAirflow3Warning: provide_context is deprecated as of 2.0 and is no longer required
[2024-11-23T07:49:05.795+0000] {processor.py:840} INFO - DAG(s) 'datapipeline_new' retrieved from /opt/airflow/dags/dag_script.py
[2024-11-23T07:49:05.812+0000] {logging_mixin.py:188} INFO - [2024-11-23T07:49:05.811+0000] {dag.py:3096} INFO - Sync 1 DAGs
[2024-11-23T07:49:05.816+0000] {logging_mixin.py:188} INFO - [2024-11-23T07:49:05.816+0000] {dag.py:3954} INFO - Setting next_dagrun for datapipeline_new to None, run_after=None
[2024-11-23T07:49:05.823+0000] {processor.py:183} INFO - Processing /opt/airflow/dags/dag_script.py took 0.730 seconds
[2024-11-23T07:49:36.315+0000] {processor.py:161} INFO - Started process (PID=1839) to work on /opt/airflow/dags/dag_script.py
[2024-11-23T07:49:36.317+0000] {processor.py:830} INFO - Processing file /opt/airflow/dags/dag_script.py for tasks to queue
[2024-11-23T07:49:36.322+0000] {logging_mixin.py:188} INFO - [2024-11-23T07:49:36.322+0000] {dagbag.py:545} INFO - Filling up the DagBag from /opt/airflow/dags/dag_script.py
[2024-11-23T07:49:37.042+0000] {logging_mixin.py:188} WARNING - /home/airflow/.local/lib/python3.12/site-packages/airflow/models/baseoperator.py:485 RemovedInAirflow3Warning: provide_context is deprecated as of 2.0 and is no longer required
[2024-11-23T07:49:37.048+0000] {processor.py:840} INFO - DAG(s) 'datapipeline_new' retrieved from /opt/airflow/dags/dag_script.py
[2024-11-23T07:49:37.066+0000] {logging_mixin.py:188} INFO - [2024-11-23T07:49:37.065+0000] {dag.py:3096} INFO - Sync 1 DAGs
[2024-11-23T07:49:37.070+0000] {logging_mixin.py:188} INFO - [2024-11-23T07:49:37.070+0000] {dag.py:3954} INFO - Setting next_dagrun for datapipeline_new to None, run_after=None
[2024-11-23T07:49:37.079+0000] {processor.py:183} INFO - Processing /opt/airflow/dags/dag_script.py took 0.769 seconds
[2024-11-23T07:50:08.585+0000] {processor.py:161} INFO - Started process (PID=1918) to work on /opt/airflow/dags/dag_script.py
[2024-11-23T07:50:08.586+0000] {processor.py:830} INFO - Processing file /opt/airflow/dags/dag_script.py for tasks to queue
[2024-11-23T07:50:08.588+0000] {logging_mixin.py:188} INFO - [2024-11-23T07:50:08.587+0000] {dagbag.py:545} INFO - Filling up the DagBag from /opt/airflow/dags/dag_script.py
[2024-11-23T07:50:09.437+0000] {logging_mixin.py:188} WARNING - /home/airflow/.local/lib/python3.12/site-packages/airflow/models/baseoperator.py:485 RemovedInAirflow3Warning: provide_context is deprecated as of 2.0 and is no longer required
[2024-11-23T07:50:09.444+0000] {processor.py:840} INFO - DAG(s) 'datapipeline_new' retrieved from /opt/airflow/dags/dag_script.py
[2024-11-23T07:50:09.470+0000] {logging_mixin.py:188} INFO - [2024-11-23T07:50:09.470+0000] {dag.py:3096} INFO - Sync 1 DAGs
[2024-11-23T07:50:09.480+0000] {logging_mixin.py:188} INFO - [2024-11-23T07:50:09.479+0000] {dag.py:3954} INFO - Setting next_dagrun for datapipeline_new to None, run_after=None
[2024-11-23T07:50:09.486+0000] {processor.py:183} INFO - Processing /opt/airflow/dags/dag_script.py took 0.906 seconds
[2024-11-23T07:50:40.144+0000] {processor.py:161} INFO - Started process (PID=2006) to work on /opt/airflow/dags/dag_script.py
[2024-11-23T07:50:40.156+0000] {processor.py:830} INFO - Processing file /opt/airflow/dags/dag_script.py for tasks to queue
[2024-11-23T07:50:40.162+0000] {logging_mixin.py:188} INFO - [2024-11-23T07:50:40.162+0000] {dagbag.py:545} INFO - Filling up the DagBag from /opt/airflow/dags/dag_script.py
[2024-11-23T07:50:40.832+0000] {logging_mixin.py:188} WARNING - /home/airflow/.local/lib/python3.12/site-packages/airflow/models/baseoperator.py:485 RemovedInAirflow3Warning: provide_context is deprecated as of 2.0 and is no longer required
[2024-11-23T07:50:40.837+0000] {processor.py:840} INFO - DAG(s) 'datapipeline_new' retrieved from /opt/airflow/dags/dag_script.py
[2024-11-23T07:50:40.860+0000] {logging_mixin.py:188} INFO - [2024-11-23T07:50:40.860+0000] {dag.py:3096} INFO - Sync 1 DAGs
[2024-11-23T07:50:40.870+0000] {logging_mixin.py:188} INFO - [2024-11-23T07:50:40.869+0000] {dag.py:3954} INFO - Setting next_dagrun for datapipeline_new to None, run_after=None
[2024-11-23T07:50:40.882+0000] {processor.py:183} INFO - Processing /opt/airflow/dags/dag_script.py took 0.746 seconds
[2024-11-23T07:51:11.924+0000] {processor.py:161} INFO - Started process (PID=2080) to work on /opt/airflow/dags/dag_script.py
[2024-11-23T07:51:11.925+0000] {processor.py:830} INFO - Processing file /opt/airflow/dags/dag_script.py for tasks to queue
[2024-11-23T07:51:11.926+0000] {logging_mixin.py:188} INFO - [2024-11-23T07:51:11.926+0000] {dagbag.py:545} INFO - Filling up the DagBag from /opt/airflow/dags/dag_script.py
[2024-11-23T07:51:12.701+0000] {logging_mixin.py:188} WARNING - /home/airflow/.local/lib/python3.12/site-packages/airflow/models/baseoperator.py:485 RemovedInAirflow3Warning: provide_context is deprecated as of 2.0 and is no longer required
[2024-11-23T07:51:12.708+0000] {processor.py:840} INFO - DAG(s) 'datapipeline_new' retrieved from /opt/airflow/dags/dag_script.py
[2024-11-23T07:51:12.732+0000] {logging_mixin.py:188} INFO - [2024-11-23T07:51:12.732+0000] {dag.py:3096} INFO - Sync 1 DAGs
[2024-11-23T07:51:12.738+0000] {logging_mixin.py:188} INFO - [2024-11-23T07:51:12.738+0000] {dag.py:3954} INFO - Setting next_dagrun for datapipeline_new to None, run_after=None
[2024-11-23T07:51:12.752+0000] {processor.py:183} INFO - Processing /opt/airflow/dags/dag_script.py took 0.833 seconds
[2024-11-23T07:51:46.013+0000] {processor.py:161} INFO - Started process (PID=2160) to work on /opt/airflow/dags/dag_script.py
[2024-11-23T07:51:46.017+0000] {processor.py:830} INFO - Processing file /opt/airflow/dags/dag_script.py for tasks to queue
[2024-11-23T07:51:46.020+0000] {logging_mixin.py:188} INFO - [2024-11-23T07:51:46.019+0000] {dagbag.py:545} INFO - Filling up the DagBag from /opt/airflow/dags/dag_script.py
[2024-11-23T07:51:47.757+0000] {logging_mixin.py:188} WARNING - /home/airflow/.local/lib/python3.12/site-packages/airflow/models/baseoperator.py:485 RemovedInAirflow3Warning: provide_context is deprecated as of 2.0 and is no longer required
[2024-11-23T07:51:47.776+0000] {processor.py:840} INFO - DAG(s) 'datapipeline_new' retrieved from /opt/airflow/dags/dag_script.py
[2024-11-23T07:51:47.820+0000] {logging_mixin.py:188} INFO - [2024-11-23T07:51:47.820+0000] {dag.py:3096} INFO - Sync 1 DAGs
[2024-11-23T07:51:47.830+0000] {logging_mixin.py:188} INFO - [2024-11-23T07:51:47.830+0000] {dag.py:3954} INFO - Setting next_dagrun for datapipeline_new to None, run_after=None
[2024-11-23T07:51:47.856+0000] {processor.py:183} INFO - Processing /opt/airflow/dags/dag_script.py took 1.851 seconds
[2024-11-23T07:52:19.284+0000] {processor.py:161} INFO - Started process (PID=2241) to work on /opt/airflow/dags/dag_script.py
[2024-11-23T07:52:19.285+0000] {processor.py:830} INFO - Processing file /opt/airflow/dags/dag_script.py for tasks to queue
[2024-11-23T07:52:19.287+0000] {logging_mixin.py:188} INFO - [2024-11-23T07:52:19.287+0000] {dagbag.py:545} INFO - Filling up the DagBag from /opt/airflow/dags/dag_script.py
[2024-11-23T07:52:20.436+0000] {logging_mixin.py:188} WARNING - /home/airflow/.local/lib/python3.12/site-packages/airflow/models/baseoperator.py:485 RemovedInAirflow3Warning: provide_context is deprecated as of 2.0 and is no longer required
[2024-11-23T07:52:20.446+0000] {processor.py:840} INFO - DAG(s) 'datapipeline_new' retrieved from /opt/airflow/dags/dag_script.py
[2024-11-23T07:52:20.475+0000] {logging_mixin.py:188} INFO - [2024-11-23T07:52:20.475+0000] {dag.py:3096} INFO - Sync 1 DAGs
[2024-11-23T07:52:20.484+0000] {logging_mixin.py:188} INFO - [2024-11-23T07:52:20.483+0000] {dag.py:3954} INFO - Setting next_dagrun for datapipeline_new to None, run_after=None
[2024-11-23T07:52:20.495+0000] {processor.py:183} INFO - Processing /opt/airflow/dags/dag_script.py took 1.220 seconds
[2024-11-23T07:52:51.491+0000] {processor.py:161} INFO - Started process (PID=2322) to work on /opt/airflow/dags/dag_script.py
[2024-11-23T07:52:51.492+0000] {processor.py:830} INFO - Processing file /opt/airflow/dags/dag_script.py for tasks to queue
[2024-11-23T07:52:51.493+0000] {logging_mixin.py:188} INFO - [2024-11-23T07:52:51.493+0000] {dagbag.py:545} INFO - Filling up the DagBag from /opt/airflow/dags/dag_script.py
[2024-11-23T07:52:52.283+0000] {logging_mixin.py:188} WARNING - /home/airflow/.local/lib/python3.12/site-packages/airflow/models/baseoperator.py:485 RemovedInAirflow3Warning: provide_context is deprecated as of 2.0 and is no longer required
[2024-11-23T07:52:52.291+0000] {processor.py:840} INFO - DAG(s) 'datapipeline_new' retrieved from /opt/airflow/dags/dag_script.py
[2024-11-23T07:52:52.314+0000] {logging_mixin.py:188} INFO - [2024-11-23T07:52:52.313+0000] {dag.py:3096} INFO - Sync 1 DAGs
[2024-11-23T07:52:52.319+0000] {logging_mixin.py:188} INFO - [2024-11-23T07:52:52.319+0000] {dag.py:3954} INFO - Setting next_dagrun for datapipeline_new to None, run_after=None
[2024-11-23T07:52:52.327+0000] {processor.py:183} INFO - Processing /opt/airflow/dags/dag_script.py took 0.841 seconds
[2024-11-23T07:53:23.445+0000] {processor.py:161} INFO - Started process (PID=2403) to work on /opt/airflow/dags/dag_script.py
[2024-11-23T07:53:23.446+0000] {processor.py:830} INFO - Processing file /opt/airflow/dags/dag_script.py for tasks to queue
[2024-11-23T07:53:23.448+0000] {logging_mixin.py:188} INFO - [2024-11-23T07:53:23.448+0000] {dagbag.py:545} INFO - Filling up the DagBag from /opt/airflow/dags/dag_script.py
[2024-11-23T07:53:24.316+0000] {logging_mixin.py:188} WARNING - /home/airflow/.local/lib/python3.12/site-packages/airflow/models/baseoperator.py:485 RemovedInAirflow3Warning: provide_context is deprecated as of 2.0 and is no longer required
[2024-11-23T07:53:24.325+0000] {processor.py:840} INFO - DAG(s) 'datapipeline_new' retrieved from /opt/airflow/dags/dag_script.py
[2024-11-23T07:53:24.353+0000] {logging_mixin.py:188} INFO - [2024-11-23T07:53:24.353+0000] {dag.py:3096} INFO - Sync 1 DAGs
[2024-11-23T07:53:24.361+0000] {logging_mixin.py:188} INFO - [2024-11-23T07:53:24.360+0000] {dag.py:3954} INFO - Setting next_dagrun for datapipeline_new to None, run_after=None
[2024-11-23T07:53:24.371+0000] {processor.py:183} INFO - Processing /opt/airflow/dags/dag_script.py took 0.931 seconds
[2024-11-23T07:53:55.453+0000] {processor.py:161} INFO - Started process (PID=2484) to work on /opt/airflow/dags/dag_script.py
[2024-11-23T07:53:55.454+0000] {processor.py:830} INFO - Processing file /opt/airflow/dags/dag_script.py for tasks to queue
[2024-11-23T07:53:55.455+0000] {logging_mixin.py:188} INFO - [2024-11-23T07:53:55.455+0000] {dagbag.py:545} INFO - Filling up the DagBag from /opt/airflow/dags/dag_script.py
[2024-11-23T07:53:56.409+0000] {logging_mixin.py:188} WARNING - /home/airflow/.local/lib/python3.12/site-packages/airflow/models/baseoperator.py:485 RemovedInAirflow3Warning: provide_context is deprecated as of 2.0 and is no longer required
[2024-11-23T07:53:56.416+0000] {processor.py:840} INFO - DAG(s) 'datapipeline_new' retrieved from /opt/airflow/dags/dag_script.py
[2024-11-23T07:53:56.447+0000] {logging_mixin.py:188} INFO - [2024-11-23T07:53:56.446+0000] {dag.py:3096} INFO - Sync 1 DAGs
[2024-11-23T07:53:56.458+0000] {logging_mixin.py:188} INFO - [2024-11-23T07:53:56.458+0000] {dag.py:3954} INFO - Setting next_dagrun for datapipeline_new to None, run_after=None
[2024-11-23T07:53:56.477+0000] {processor.py:183} INFO - Processing /opt/airflow/dags/dag_script.py took 1.029 seconds
[2024-11-23T07:54:28.757+0000] {processor.py:161} INFO - Started process (PID=2565) to work on /opt/airflow/dags/dag_script.py
[2024-11-23T07:54:28.759+0000] {processor.py:830} INFO - Processing file /opt/airflow/dags/dag_script.py for tasks to queue
[2024-11-23T07:54:28.762+0000] {logging_mixin.py:188} INFO - [2024-11-23T07:54:28.761+0000] {dagbag.py:545} INFO - Filling up the DagBag from /opt/airflow/dags/dag_script.py
[2024-11-23T07:54:30.076+0000] {logging_mixin.py:188} WARNING - /home/airflow/.local/lib/python3.12/site-packages/airflow/models/baseoperator.py:485 RemovedInAirflow3Warning: provide_context is deprecated as of 2.0 and is no longer required
[2024-11-23T07:54:30.083+0000] {processor.py:840} INFO - DAG(s) 'datapipeline_new' retrieved from /opt/airflow/dags/dag_script.py
[2024-11-23T07:54:30.115+0000] {logging_mixin.py:188} INFO - [2024-11-23T07:54:30.114+0000] {dag.py:3096} INFO - Sync 1 DAGs
[2024-11-23T07:54:30.127+0000] {logging_mixin.py:188} INFO - [2024-11-23T07:54:30.127+0000] {dag.py:3954} INFO - Setting next_dagrun for datapipeline_new to None, run_after=None
[2024-11-23T07:54:30.137+0000] {processor.py:183} INFO - Processing /opt/airflow/dags/dag_script.py took 1.396 seconds
[2024-11-23T07:55:01.016+0000] {processor.py:161} INFO - Started process (PID=2646) to work on /opt/airflow/dags/dag_script.py
[2024-11-23T07:55:01.017+0000] {processor.py:830} INFO - Processing file /opt/airflow/dags/dag_script.py for tasks to queue
[2024-11-23T07:55:01.022+0000] {logging_mixin.py:188} INFO - [2024-11-23T07:55:01.021+0000] {dagbag.py:545} INFO - Filling up the DagBag from /opt/airflow/dags/dag_script.py
[2024-11-23T07:55:02.029+0000] {logging_mixin.py:188} WARNING - /home/airflow/.local/lib/python3.12/site-packages/airflow/models/baseoperator.py:485 RemovedInAirflow3Warning: provide_context is deprecated as of 2.0 and is no longer required
[2024-11-23T07:55:02.037+0000] {processor.py:840} INFO - DAG(s) 'datapipeline_new' retrieved from /opt/airflow/dags/dag_script.py
[2024-11-23T07:55:02.068+0000] {logging_mixin.py:188} INFO - [2024-11-23T07:55:02.067+0000] {dag.py:3096} INFO - Sync 1 DAGs
[2024-11-23T07:55:02.074+0000] {logging_mixin.py:188} INFO - [2024-11-23T07:55:02.073+0000] {dag.py:3954} INFO - Setting next_dagrun for datapipeline_new to None, run_after=None
[2024-11-23T07:55:02.082+0000] {processor.py:183} INFO - Processing /opt/airflow/dags/dag_script.py took 1.081 seconds
[2024-11-23T07:55:33.312+0000] {processor.py:161} INFO - Started process (PID=2727) to work on /opt/airflow/dags/dag_script.py
[2024-11-23T07:55:33.313+0000] {processor.py:830} INFO - Processing file /opt/airflow/dags/dag_script.py for tasks to queue
[2024-11-23T07:55:33.315+0000] {logging_mixin.py:188} INFO - [2024-11-23T07:55:33.314+0000] {dagbag.py:545} INFO - Filling up the DagBag from /opt/airflow/dags/dag_script.py
[2024-11-23T07:55:34.234+0000] {logging_mixin.py:188} WARNING - /home/airflow/.local/lib/python3.12/site-packages/airflow/models/baseoperator.py:485 RemovedInAirflow3Warning: provide_context is deprecated as of 2.0 and is no longer required
[2024-11-23T07:55:34.241+0000] {processor.py:840} INFO - DAG(s) 'datapipeline_new' retrieved from /opt/airflow/dags/dag_script.py
[2024-11-23T07:55:34.291+0000] {logging_mixin.py:188} INFO - [2024-11-23T07:55:34.290+0000] {dag.py:3096} INFO - Sync 1 DAGs
[2024-11-23T07:55:34.298+0000] {logging_mixin.py:188} INFO - [2024-11-23T07:55:34.298+0000] {dag.py:3954} INFO - Setting next_dagrun for datapipeline_new to None, run_after=None
[2024-11-23T07:55:34.307+0000] {processor.py:183} INFO - Processing /opt/airflow/dags/dag_script.py took 1.003 seconds
[2024-11-23T07:56:04.978+0000] {processor.py:161} INFO - Started process (PID=2808) to work on /opt/airflow/dags/dag_script.py
[2024-11-23T07:56:04.983+0000] {processor.py:830} INFO - Processing file /opt/airflow/dags/dag_script.py for tasks to queue
[2024-11-23T07:56:04.986+0000] {logging_mixin.py:188} INFO - [2024-11-23T07:56:04.986+0000] {dagbag.py:545} INFO - Filling up the DagBag from /opt/airflow/dags/dag_script.py
[2024-11-23T07:56:05.953+0000] {logging_mixin.py:188} WARNING - /home/airflow/.local/lib/python3.12/site-packages/airflow/models/baseoperator.py:485 RemovedInAirflow3Warning: provide_context is deprecated as of 2.0 and is no longer required
[2024-11-23T07:56:05.959+0000] {processor.py:840} INFO - DAG(s) 'datapipeline_new' retrieved from /opt/airflow/dags/dag_script.py
[2024-11-23T07:56:05.995+0000] {logging_mixin.py:188} INFO - [2024-11-23T07:56:05.994+0000] {dag.py:3096} INFO - Sync 1 DAGs
[2024-11-23T07:56:06.001+0000] {logging_mixin.py:188} INFO - [2024-11-23T07:56:06.001+0000] {dag.py:3954} INFO - Setting next_dagrun for datapipeline_new to None, run_after=None
[2024-11-23T07:56:06.009+0000] {processor.py:183} INFO - Processing /opt/airflow/dags/dag_script.py took 1.041 seconds
[2024-11-23T07:56:36.747+0000] {processor.py:161} INFO - Started process (PID=2889) to work on /opt/airflow/dags/dag_script.py
[2024-11-23T07:56:36.748+0000] {processor.py:830} INFO - Processing file /opt/airflow/dags/dag_script.py for tasks to queue
[2024-11-23T07:56:36.750+0000] {logging_mixin.py:188} INFO - [2024-11-23T07:56:36.750+0000] {dagbag.py:545} INFO - Filling up the DagBag from /opt/airflow/dags/dag_script.py
[2024-11-23T07:56:37.933+0000] {logging_mixin.py:188} WARNING - /home/airflow/.local/lib/python3.12/site-packages/airflow/models/baseoperator.py:485 RemovedInAirflow3Warning: provide_context is deprecated as of 2.0 and is no longer required
[2024-11-23T07:56:37.946+0000] {processor.py:840} INFO - DAG(s) 'datapipeline_new' retrieved from /opt/airflow/dags/dag_script.py
[2024-11-23T07:56:37.992+0000] {logging_mixin.py:188} INFO - [2024-11-23T07:56:37.992+0000] {dag.py:3096} INFO - Sync 1 DAGs
[2024-11-23T07:56:38.000+0000] {logging_mixin.py:188} INFO - [2024-11-23T07:56:38.000+0000] {dag.py:3954} INFO - Setting next_dagrun for datapipeline_new to None, run_after=None
[2024-11-23T07:56:38.031+0000] {processor.py:183} INFO - Processing /opt/airflow/dags/dag_script.py took 1.294 seconds
[2024-11-23T07:57:08.458+0000] {processor.py:161} INFO - Started process (PID=2970) to work on /opt/airflow/dags/dag_script.py
[2024-11-23T07:57:08.460+0000] {processor.py:830} INFO - Processing file /opt/airflow/dags/dag_script.py for tasks to queue
[2024-11-23T07:57:08.462+0000] {logging_mixin.py:188} INFO - [2024-11-23T07:57:08.462+0000] {dagbag.py:545} INFO - Filling up the DagBag from /opt/airflow/dags/dag_script.py
[2024-11-23T07:57:09.527+0000] {logging_mixin.py:188} WARNING - /home/airflow/.local/lib/python3.12/site-packages/airflow/models/baseoperator.py:485 RemovedInAirflow3Warning: provide_context is deprecated as of 2.0 and is no longer required
[2024-11-23T07:57:09.538+0000] {processor.py:840} INFO - DAG(s) 'datapipeline_new' retrieved from /opt/airflow/dags/dag_script.py
[2024-11-23T07:57:09.616+0000] {logging_mixin.py:188} INFO - [2024-11-23T07:57:09.614+0000] {dag.py:3096} INFO - Sync 1 DAGs
[2024-11-23T07:57:09.637+0000] {logging_mixin.py:188} INFO - [2024-11-23T07:57:09.637+0000] {dag.py:3954} INFO - Setting next_dagrun for datapipeline_new to None, run_after=None
[2024-11-23T07:57:09.693+0000] {processor.py:183} INFO - Processing /opt/airflow/dags/dag_script.py took 1.244 seconds
[2024-11-23T07:57:40.193+0000] {processor.py:161} INFO - Started process (PID=3057) to work on /opt/airflow/dags/dag_script.py
[2024-11-23T07:57:40.194+0000] {processor.py:830} INFO - Processing file /opt/airflow/dags/dag_script.py for tasks to queue
[2024-11-23T07:57:40.196+0000] {logging_mixin.py:188} INFO - [2024-11-23T07:57:40.196+0000] {dagbag.py:545} INFO - Filling up the DagBag from /opt/airflow/dags/dag_script.py
[2024-11-23T07:57:40.973+0000] {logging_mixin.py:188} WARNING - /home/airflow/.local/lib/python3.12/site-packages/airflow/models/baseoperator.py:485 RemovedInAirflow3Warning: provide_context is deprecated as of 2.0 and is no longer required
[2024-11-23T07:57:40.979+0000] {processor.py:840} INFO - DAG(s) 'datapipeline_new' retrieved from /opt/airflow/dags/dag_script.py
[2024-11-23T07:57:41.001+0000] {logging_mixin.py:188} INFO - [2024-11-23T07:57:41.001+0000] {dag.py:3096} INFO - Sync 1 DAGs
[2024-11-23T07:57:41.007+0000] {logging_mixin.py:188} INFO - [2024-11-23T07:57:41.007+0000] {dag.py:3954} INFO - Setting next_dagrun for datapipeline_new to None, run_after=None
[2024-11-23T07:57:41.016+0000] {processor.py:183} INFO - Processing /opt/airflow/dags/dag_script.py took 0.828 seconds
[2024-11-23T07:58:12.258+0000] {processor.py:161} INFO - Started process (PID=3138) to work on /opt/airflow/dags/dag_script.py
[2024-11-23T07:58:12.259+0000] {processor.py:830} INFO - Processing file /opt/airflow/dags/dag_script.py for tasks to queue
[2024-11-23T07:58:12.261+0000] {logging_mixin.py:188} INFO - [2024-11-23T07:58:12.261+0000] {dagbag.py:545} INFO - Filling up the DagBag from /opt/airflow/dags/dag_script.py
[2024-11-23T07:58:12.904+0000] {logging_mixin.py:188} WARNING - /home/airflow/.local/lib/python3.12/site-packages/airflow/models/baseoperator.py:485 RemovedInAirflow3Warning: provide_context is deprecated as of 2.0 and is no longer required
[2024-11-23T07:58:12.911+0000] {processor.py:840} INFO - DAG(s) 'datapipeline_new' retrieved from /opt/airflow/dags/dag_script.py
[2024-11-23T07:58:12.935+0000] {logging_mixin.py:188} INFO - [2024-11-23T07:58:12.935+0000] {dag.py:3096} INFO - Sync 1 DAGs
[2024-11-23T07:58:12.951+0000] {logging_mixin.py:188} INFO - [2024-11-23T07:58:12.951+0000] {dag.py:3954} INFO - Setting next_dagrun for datapipeline_new to None, run_after=None
[2024-11-23T07:58:12.964+0000] {processor.py:183} INFO - Processing /opt/airflow/dags/dag_script.py took 0.712 seconds
[2024-11-23T07:58:43.924+0000] {processor.py:161} INFO - Started process (PID=3220) to work on /opt/airflow/dags/dag_script.py
[2024-11-23T07:58:43.929+0000] {processor.py:830} INFO - Processing file /opt/airflow/dags/dag_script.py for tasks to queue
[2024-11-23T07:58:43.931+0000] {logging_mixin.py:188} INFO - [2024-11-23T07:58:43.931+0000] {dagbag.py:545} INFO - Filling up the DagBag from /opt/airflow/dags/dag_script.py
[2024-11-23T07:58:44.488+0000] {logging_mixin.py:188} WARNING - /home/airflow/.local/lib/python3.12/site-packages/airflow/models/baseoperator.py:485 RemovedInAirflow3Warning: provide_context is deprecated as of 2.0 and is no longer required
[2024-11-23T07:58:44.494+0000] {processor.py:840} INFO - DAG(s) 'datapipeline_new' retrieved from /opt/airflow/dags/dag_script.py
[2024-11-23T07:58:44.590+0000] {logging_mixin.py:188} INFO - [2024-11-23T07:58:44.590+0000] {dag.py:3096} INFO - Sync 1 DAGs
[2024-11-23T07:58:44.596+0000] {logging_mixin.py:188} INFO - [2024-11-23T07:58:44.596+0000] {dag.py:3954} INFO - Setting next_dagrun for datapipeline_new to None, run_after=None
[2024-11-23T07:58:44.603+0000] {processor.py:183} INFO - Processing /opt/airflow/dags/dag_script.py took 0.682 seconds
[2024-11-23T07:59:15.864+0000] {processor.py:161} INFO - Started process (PID=3301) to work on /opt/airflow/dags/dag_script.py
[2024-11-23T07:59:15.865+0000] {processor.py:830} INFO - Processing file /opt/airflow/dags/dag_script.py for tasks to queue
[2024-11-23T07:59:15.868+0000] {logging_mixin.py:188} INFO - [2024-11-23T07:59:15.867+0000] {dagbag.py:545} INFO - Filling up the DagBag from /opt/airflow/dags/dag_script.py
[2024-11-23T07:59:16.691+0000] {logging_mixin.py:188} WARNING - /home/airflow/.local/lib/python3.12/site-packages/airflow/models/baseoperator.py:485 RemovedInAirflow3Warning: provide_context is deprecated as of 2.0 and is no longer required
[2024-11-23T07:59:16.697+0000] {processor.py:840} INFO - DAG(s) 'datapipeline_new' retrieved from /opt/airflow/dags/dag_script.py
[2024-11-23T07:59:16.725+0000] {logging_mixin.py:188} INFO - [2024-11-23T07:59:16.725+0000] {dag.py:3096} INFO - Sync 1 DAGs
[2024-11-23T07:59:16.737+0000] {logging_mixin.py:188} INFO - [2024-11-23T07:59:16.737+0000] {dag.py:3954} INFO - Setting next_dagrun for datapipeline_new to None, run_after=None
[2024-11-23T07:59:16.748+0000] {processor.py:183} INFO - Processing /opt/airflow/dags/dag_script.py took 0.892 seconds
[2024-11-23T07:59:47.948+0000] {processor.py:161} INFO - Started process (PID=3390) to work on /opt/airflow/dags/dag_script.py
[2024-11-23T07:59:47.949+0000] {processor.py:830} INFO - Processing file /opt/airflow/dags/dag_script.py for tasks to queue
[2024-11-23T07:59:47.951+0000] {logging_mixin.py:188} INFO - [2024-11-23T07:59:47.951+0000] {dagbag.py:545} INFO - Filling up the DagBag from /opt/airflow/dags/dag_script.py
[2024-11-23T07:59:48.712+0000] {logging_mixin.py:188} WARNING - /home/airflow/.local/lib/python3.12/site-packages/airflow/models/baseoperator.py:485 RemovedInAirflow3Warning: provide_context is deprecated as of 2.0 and is no longer required
[2024-11-23T07:59:48.719+0000] {processor.py:840} INFO - DAG(s) 'datapipeline_new' retrieved from /opt/airflow/dags/dag_script.py
[2024-11-23T07:59:48.746+0000] {logging_mixin.py:188} INFO - [2024-11-23T07:59:48.746+0000] {dag.py:3096} INFO - Sync 1 DAGs
[2024-11-23T07:59:48.755+0000] {logging_mixin.py:188} INFO - [2024-11-23T07:59:48.755+0000] {dag.py:3954} INFO - Setting next_dagrun for datapipeline_new to None, run_after=None
[2024-11-23T07:59:48.765+0000] {processor.py:183} INFO - Processing /opt/airflow/dags/dag_script.py took 0.821 seconds
[2024-11-23T08:00:19.988+0000] {processor.py:161} INFO - Started process (PID=3464) to work on /opt/airflow/dags/dag_script.py
[2024-11-23T08:00:19.989+0000] {processor.py:830} INFO - Processing file /opt/airflow/dags/dag_script.py for tasks to queue
[2024-11-23T08:00:19.990+0000] {logging_mixin.py:188} INFO - [2024-11-23T08:00:19.990+0000] {dagbag.py:545} INFO - Filling up the DagBag from /opt/airflow/dags/dag_script.py
[2024-11-23T08:00:20.865+0000] {logging_mixin.py:188} WARNING - /home/airflow/.local/lib/python3.12/site-packages/airflow/models/baseoperator.py:485 RemovedInAirflow3Warning: provide_context is deprecated as of 2.0 and is no longer required
[2024-11-23T08:00:20.878+0000] {processor.py:840} INFO - DAG(s) 'datapipeline_new' retrieved from /opt/airflow/dags/dag_script.py
[2024-11-23T08:00:21.022+0000] {logging_mixin.py:188} INFO - [2024-11-23T08:00:21.022+0000] {dag.py:3096} INFO - Sync 1 DAGs
[2024-11-23T08:00:21.029+0000] {logging_mixin.py:188} INFO - [2024-11-23T08:00:21.029+0000] {dag.py:3954} INFO - Setting next_dagrun for datapipeline_new to None, run_after=None
[2024-11-23T08:00:21.038+0000] {processor.py:183} INFO - Processing /opt/airflow/dags/dag_script.py took 1.054 seconds
[2024-11-23T08:00:53.318+0000] {processor.py:161} INFO - Started process (PID=3552) to work on /opt/airflow/dags/dag_script.py
[2024-11-23T08:00:53.319+0000] {processor.py:830} INFO - Processing file /opt/airflow/dags/dag_script.py for tasks to queue
[2024-11-23T08:00:53.321+0000] {logging_mixin.py:188} INFO - [2024-11-23T08:00:53.321+0000] {dagbag.py:545} INFO - Filling up the DagBag from /opt/airflow/dags/dag_script.py
[2024-11-23T08:00:54.706+0000] {logging_mixin.py:188} WARNING - /home/airflow/.local/lib/python3.12/site-packages/airflow/models/baseoperator.py:485 RemovedInAirflow3Warning: provide_context is deprecated as of 2.0 and is no longer required
[2024-11-23T08:00:54.715+0000] {processor.py:840} INFO - DAG(s) 'datapipeline_new' retrieved from /opt/airflow/dags/dag_script.py
[2024-11-23T08:00:54.772+0000] {logging_mixin.py:188} INFO - [2024-11-23T08:00:54.771+0000] {dag.py:3096} INFO - Sync 1 DAGs
[2024-11-23T08:00:54.780+0000] {logging_mixin.py:188} INFO - [2024-11-23T08:00:54.780+0000] {dag.py:3954} INFO - Setting next_dagrun for datapipeline_new to None, run_after=None
[2024-11-23T08:00:54.938+0000] {processor.py:183} INFO - Processing /opt/airflow/dags/dag_script.py took 1.626 seconds
[2024-11-23T08:01:25.771+0000] {processor.py:161} INFO - Started process (PID=3626) to work on /opt/airflow/dags/dag_script.py
[2024-11-23T08:01:25.772+0000] {processor.py:830} INFO - Processing file /opt/airflow/dags/dag_script.py for tasks to queue
[2024-11-23T08:01:25.775+0000] {logging_mixin.py:188} INFO - [2024-11-23T08:01:25.774+0000] {dagbag.py:545} INFO - Filling up the DagBag from /opt/airflow/dags/dag_script.py
[2024-11-23T08:01:26.786+0000] {logging_mixin.py:188} WARNING - /home/airflow/.local/lib/python3.12/site-packages/airflow/models/baseoperator.py:485 RemovedInAirflow3Warning: provide_context is deprecated as of 2.0 and is no longer required
[2024-11-23T08:01:26.793+0000] {processor.py:840} INFO - DAG(s) 'datapipeline_new' retrieved from /opt/airflow/dags/dag_script.py
[2024-11-23T08:01:26.818+0000] {logging_mixin.py:188} INFO - [2024-11-23T08:01:26.818+0000] {dag.py:3096} INFO - Sync 1 DAGs
[2024-11-23T08:01:26.826+0000] {logging_mixin.py:188} INFO - [2024-11-23T08:01:26.826+0000] {dag.py:3954} INFO - Setting next_dagrun for datapipeline_new to None, run_after=None
[2024-11-23T08:01:26.850+0000] {processor.py:183} INFO - Processing /opt/airflow/dags/dag_script.py took 1.085 seconds
[2024-11-23T08:01:57.464+0000] {processor.py:161} INFO - Started process (PID=3707) to work on /opt/airflow/dags/dag_script.py
[2024-11-23T08:01:57.467+0000] {processor.py:830} INFO - Processing file /opt/airflow/dags/dag_script.py for tasks to queue
[2024-11-23T08:01:57.468+0000] {logging_mixin.py:188} INFO - [2024-11-23T08:01:57.468+0000] {dagbag.py:545} INFO - Filling up the DagBag from /opt/airflow/dags/dag_script.py
[2024-11-23T08:01:58.460+0000] {logging_mixin.py:188} WARNING - /home/airflow/.local/lib/python3.12/site-packages/airflow/models/baseoperator.py:485 RemovedInAirflow3Warning: provide_context is deprecated as of 2.0 and is no longer required
[2024-11-23T08:01:58.469+0000] {processor.py:840} INFO - DAG(s) 'datapipeline_new' retrieved from /opt/airflow/dags/dag_script.py
[2024-11-23T08:01:58.604+0000] {logging_mixin.py:188} INFO - [2024-11-23T08:01:58.604+0000] {dag.py:3096} INFO - Sync 1 DAGs
[2024-11-23T08:01:58.611+0000] {logging_mixin.py:188} INFO - [2024-11-23T08:01:58.610+0000] {dag.py:3954} INFO - Setting next_dagrun for datapipeline_new to None, run_after=None
[2024-11-23T08:01:58.620+0000] {processor.py:183} INFO - Processing /opt/airflow/dags/dag_script.py took 1.160 seconds
[2024-11-23T08:02:29.150+0000] {processor.py:161} INFO - Started process (PID=3786) to work on /opt/airflow/dags/dag_script.py
[2024-11-23T08:02:29.151+0000] {processor.py:830} INFO - Processing file /opt/airflow/dags/dag_script.py for tasks to queue
[2024-11-23T08:02:29.152+0000] {logging_mixin.py:188} INFO - [2024-11-23T08:02:29.152+0000] {dagbag.py:545} INFO - Filling up the DagBag from /opt/airflow/dags/dag_script.py
[2024-11-23T08:02:29.895+0000] {logging_mixin.py:188} WARNING - /home/airflow/.local/lib/python3.12/site-packages/airflow/models/baseoperator.py:485 RemovedInAirflow3Warning: provide_context is deprecated as of 2.0 and is no longer required
[2024-11-23T08:02:29.901+0000] {processor.py:840} INFO - DAG(s) 'datapipeline_new' retrieved from /opt/airflow/dags/dag_script.py
[2024-11-23T08:02:29.921+0000] {logging_mixin.py:188} INFO - [2024-11-23T08:02:29.920+0000] {dag.py:3096} INFO - Sync 1 DAGs
[2024-11-23T08:02:29.926+0000] {logging_mixin.py:188} INFO - [2024-11-23T08:02:29.926+0000] {dag.py:3954} INFO - Setting next_dagrun for datapipeline_new to None, run_after=None
[2024-11-23T08:02:29.935+0000] {processor.py:183} INFO - Processing /opt/airflow/dags/dag_script.py took 0.788 seconds
[2024-11-23T08:03:00.699+0000] {processor.py:161} INFO - Started process (PID=3868) to work on /opt/airflow/dags/dag_script.py
[2024-11-23T08:03:00.707+0000] {processor.py:830} INFO - Processing file /opt/airflow/dags/dag_script.py for tasks to queue
[2024-11-23T08:03:00.709+0000] {logging_mixin.py:188} INFO - [2024-11-23T08:03:00.709+0000] {dagbag.py:545} INFO - Filling up the DagBag from /opt/airflow/dags/dag_script.py
[2024-11-23T08:03:01.512+0000] {logging_mixin.py:188} WARNING - /home/airflow/.local/lib/python3.12/site-packages/airflow/models/baseoperator.py:485 RemovedInAirflow3Warning: provide_context is deprecated as of 2.0 and is no longer required
[2024-11-23T08:03:01.518+0000] {processor.py:840} INFO - DAG(s) 'datapipeline_new' retrieved from /opt/airflow/dags/dag_script.py
[2024-11-23T08:03:01.538+0000] {logging_mixin.py:188} INFO - [2024-11-23T08:03:01.538+0000] {dag.py:3096} INFO - Sync 1 DAGs
[2024-11-23T08:03:01.547+0000] {logging_mixin.py:188} INFO - [2024-11-23T08:03:01.547+0000] {dag.py:3954} INFO - Setting next_dagrun for datapipeline_new to None, run_after=None
[2024-11-23T08:03:01.557+0000] {processor.py:183} INFO - Processing /opt/airflow/dags/dag_script.py took 0.863 seconds
[2024-11-23T08:03:33.290+0000] {processor.py:161} INFO - Started process (PID=3957) to work on /opt/airflow/dags/dag_script.py
[2024-11-23T08:03:33.290+0000] {processor.py:830} INFO - Processing file /opt/airflow/dags/dag_script.py for tasks to queue
[2024-11-23T08:03:33.292+0000] {logging_mixin.py:188} INFO - [2024-11-23T08:03:33.291+0000] {dagbag.py:545} INFO - Filling up the DagBag from /opt/airflow/dags/dag_script.py
[2024-11-23T08:03:34.158+0000] {logging_mixin.py:188} WARNING - /home/airflow/.local/lib/python3.12/site-packages/airflow/models/baseoperator.py:485 RemovedInAirflow3Warning: provide_context is deprecated as of 2.0 and is no longer required
[2024-11-23T08:03:34.163+0000] {processor.py:840} INFO - DAG(s) 'datapipeline_new' retrieved from /opt/airflow/dags/dag_script.py
[2024-11-23T08:03:34.181+0000] {logging_mixin.py:188} INFO - [2024-11-23T08:03:34.181+0000] {dag.py:3096} INFO - Sync 1 DAGs
[2024-11-23T08:03:34.185+0000] {logging_mixin.py:188} INFO - [2024-11-23T08:03:34.185+0000] {dag.py:3954} INFO - Setting next_dagrun for datapipeline_new to None, run_after=None
[2024-11-23T08:03:34.191+0000] {processor.py:183} INFO - Processing /opt/airflow/dags/dag_script.py took 0.906 seconds
[2024-11-23T08:04:04.814+0000] {processor.py:161} INFO - Started process (PID=4037) to work on /opt/airflow/dags/dag_script.py
[2024-11-23T08:04:04.816+0000] {processor.py:830} INFO - Processing file /opt/airflow/dags/dag_script.py for tasks to queue
[2024-11-23T08:04:04.819+0000] {logging_mixin.py:188} INFO - [2024-11-23T08:04:04.818+0000] {dagbag.py:545} INFO - Filling up the DagBag from /opt/airflow/dags/dag_script.py
[2024-11-23T08:04:05.680+0000] {logging_mixin.py:188} WARNING - /home/airflow/.local/lib/python3.12/site-packages/airflow/models/baseoperator.py:485 RemovedInAirflow3Warning: provide_context is deprecated as of 2.0 and is no longer required
[2024-11-23T08:04:05.687+0000] {processor.py:840} INFO - DAG(s) 'datapipeline_new' retrieved from /opt/airflow/dags/dag_script.py
[2024-11-23T08:04:05.710+0000] {logging_mixin.py:188} INFO - [2024-11-23T08:04:05.710+0000] {dag.py:3096} INFO - Sync 1 DAGs
[2024-11-23T08:04:05.715+0000] {logging_mixin.py:188} INFO - [2024-11-23T08:04:05.715+0000] {dag.py:3954} INFO - Setting next_dagrun for datapipeline_new to None, run_after=None
[2024-11-23T08:04:05.722+0000] {processor.py:183} INFO - Processing /opt/airflow/dags/dag_script.py took 0.917 seconds
[2024-11-23T08:04:36.884+0000] {processor.py:161} INFO - Started process (PID=4110) to work on /opt/airflow/dags/dag_script.py
[2024-11-23T08:04:36.886+0000] {processor.py:830} INFO - Processing file /opt/airflow/dags/dag_script.py for tasks to queue
[2024-11-23T08:04:36.888+0000] {logging_mixin.py:188} INFO - [2024-11-23T08:04:36.888+0000] {dagbag.py:545} INFO - Filling up the DagBag from /opt/airflow/dags/dag_script.py
[2024-11-23T08:04:37.869+0000] {logging_mixin.py:188} INFO - [2024-11-23T08:04:37.868+0000] {process_utils.py:263} INFO - Waiting up to 5 seconds for processes to exit...
