[2024-11-12T02:54:00.994+0000] {local_task_job_runner.py:120} INFO - ::group::Pre task execution logs
[2024-11-12T02:54:01.009+0000] {taskinstance.py:2076} INFO - Dependencies all met for dep_context=non-requeueable deps ti=<TaskInstance: modeling_pipeline.Prophet_model_training manual__2024-11-12T02:52:52.526778+00:00 [queued]>
[2024-11-12T02:54:01.014+0000] {taskinstance.py:2076} INFO - Dependencies all met for dep_context=requeueable deps ti=<TaskInstance: modeling_pipeline.Prophet_model_training manual__2024-11-12T02:52:52.526778+00:00 [queued]>
[2024-11-12T02:54:01.015+0000] {taskinstance.py:2306} INFO - Starting attempt 2 of 2
[2024-11-12T02:54:01.022+0000] {taskinstance.py:2330} INFO - Executing <Task(PythonOperator): Prophet_model_training> on 2024-11-12 02:52:52.526778+00:00
[2024-11-12T02:54:01.050+0000] {warnings.py:112} WARNING - /home/***/.local/lib/python3.12/site-packages/***/task/task_runner/standard_task_runner.py:61: DeprecationWarning: This process (pid=133) is multi-threaded, use of fork() may lead to deadlocks in the child.
  pid = os.fork()

[2024-11-12T02:54:01.052+0000] {standard_task_runner.py:63} INFO - Started process 142 to run task
[2024-11-12T02:54:01.057+0000] {standard_task_runner.py:90} INFO - Running: ['***', 'tasks', 'run', 'modeling_pipeline', 'Prophet_model_training', 'manual__2024-11-12T02:52:52.526778+00:00', '--job-id', '994', '--raw', '--subdir', 'DAGS_FOLDER/dag_script_model.py', '--cfg-path', '/tmp/tmpa7ztty0t']
[2024-11-12T02:54:01.064+0000] {standard_task_runner.py:91} INFO - Job 994: Subtask Prophet_model_training
[2024-11-12T02:54:01.113+0000] {task_command.py:426} INFO - Running <TaskInstance: modeling_pipeline.Prophet_model_training manual__2024-11-12T02:52:52.526778+00:00 [running]> on host 5039cd089413
[2024-11-12T02:54:01.236+0000] {taskinstance.py:2648} INFO - Exporting env vars: AIRFLOW_CTX_DAG_OWNER='MLOPS' AIRFLOW_CTX_DAG_ID='modeling_pipeline' AIRFLOW_CTX_TASK_ID='Prophet_model_training' AIRFLOW_CTX_EXECUTION_DATE='2024-11-12T02:52:52.526778+00:00' AIRFLOW_CTX_TRY_NUMBER='2' AIRFLOW_CTX_DAG_RUN_ID='manual__2024-11-12T02:52:52.526778+00:00'
[2024-11-12T02:54:01.238+0000] {taskinstance.py:430} INFO - ::endgroup::
[2024-11-12T02:54:01.269+0000] {logging_mixin.py:188} INFO - /opt/***
[2024-11-12T02:54:01.347+0000] {logging_mixin.py:188} WARNING - 2024/11/12 02:54:01 WARNING mlflow.utils.git_utils: Failed to import Git (the Git executable is probably not on your PATH), so Git SHA is not available. Error: Failed to initialize: Bad git executable.
The git executable must be specified in one of the following ways:
    - be included in your $PATH
    - be set via $GIT_PYTHON_GIT_EXECUTABLE
    - explicitly set via git.refresh(<full-path-to-git-executable>)

All git commands will error until this is rectified.

This initial message can be silenced or aggravated in the future by setting the
$GIT_PYTHON_REFRESH environment variable. Use one of the following values:
    - quiet|q|silence|s|silent|none|n|0: for no message or exception
    - warn|w|warning|log|l|1: for a warning message (logging level CRITICAL, displayed by default)
    - error|e|exception|raise|r|2: for a raised exception

Example:
    export GIT_PYTHON_REFRESH=quiet
[2024-11-12T02:54:01.439+0000] {taskinstance.py:441} INFO - ::group::Post task execution logs
[2024-11-12T02:54:01.440+0000] {taskinstance.py:2905} ERROR - Task failed with exception
Traceback (most recent call last):
  File "/home/airflow/.local/lib/python3.12/site-packages/airflow/models/taskinstance.py", line 465, in _execute_task
    result = _execute_callable(context=context, **execute_callable_kwargs)
             ^^^^^^^^^^^^^^^^^^^^^^^^^^^^^^^^^^^^^^^^^^^^^^^^^^^^^^^^^^^^^
  File "/home/airflow/.local/lib/python3.12/site-packages/airflow/models/taskinstance.py", line 432, in _execute_callable
    return execute_callable(context=context, **execute_callable_kwargs)
           ^^^^^^^^^^^^^^^^^^^^^^^^^^^^^^^^^^^^^^^^^^^^^^^^^^^^^^^^^^^^
  File "/home/airflow/.local/lib/python3.12/site-packages/airflow/models/baseoperator.py", line 401, in wrapper
    return func(self, *args, **kwargs)
           ^^^^^^^^^^^^^^^^^^^^^^^^^^^
  File "/home/airflow/.local/lib/python3.12/site-packages/airflow/operators/python.py", line 235, in execute
    return_value = self.execute_callable()
                   ^^^^^^^^^^^^^^^^^^^^^^^
  File "/home/airflow/.local/lib/python3.12/site-packages/airflow/operators/python.py", line 252, in execute_callable
    return self.python_callable(*self.op_args, **self.op_kwargs)
           ^^^^^^^^^^^^^^^^^^^^^^^^^^^^^^^^^^^^^^^^^^^^^^^^^^^^^
  File "/opt/airflow/dags/ModelDevelopment/Training/Prophet.py", line 90, in main
    prophet_model.load_data()
  File "/opt/airflow/dags/ModelDevelopment/Training/Prophet.py", line 42, in load_data
    test_data = pd.read_pickle(self.test_file)
                ^^^^^^^^^^^^^^^^^^^^^^^^^^^^^^
  File "/home/airflow/.local/lib/python3.12/site-packages/pandas/io/pickle.py", line 189, in read_pickle
    with get_handle(
         ^^^^^^^^^^^
  File "/home/airflow/.local/lib/python3.12/site-packages/pandas/io/common.py", line 718, in get_handle
    ioargs = _get_filepath_or_buffer(
             ^^^^^^^^^^^^^^^^^^^^^^^^
  File "/home/airflow/.local/lib/python3.12/site-packages/pandas/io/common.py", line 460, in _get_filepath_or_buffer
    raise ValueError(msg)
ValueError: Invalid file path or buffer object type: <class 'NoneType'>
[2024-11-12T02:54:01.463+0000] {taskinstance.py:1206} INFO - Marking task as FAILED. dag_id=modeling_pipeline, task_id=Prophet_model_training, run_id=manual__2024-11-12T02:52:52.526778+00:00, execution_date=20241112T025252, start_date=20241112T025401, end_date=20241112T025401
[2024-11-12T02:54:01.478+0000] {standard_task_runner.py:110} ERROR - Failed to execute job 994 for task Prophet_model_training (Invalid file path or buffer object type: <class 'NoneType'>; 142)
[2024-11-12T02:54:01.528+0000] {local_task_job_runner.py:240} INFO - Task exited with return code 1
[2024-11-12T02:54:01.549+0000] {taskinstance.py:3503} INFO - 0 downstream tasks scheduled from follow-on schedule check
[2024-11-12T02:54:01.553+0000] {local_task_job_runner.py:222} INFO - ::endgroup::
