[2024-11-01T03:01:20.487+0000] {local_task_job_runner.py:120} INFO - ::group::Pre task execution logs
[2024-11-01T03:01:20.501+0000] {taskinstance.py:2076} INFO - Dependencies all met for dep_context=non-requeueable deps ti=<TaskInstance: datapipeline_new.data_remove_cols_train manual__2024-11-01T03:00:58.708970+00:00 [queued]>
[2024-11-01T03:01:20.505+0000] {taskinstance.py:2076} INFO - Dependencies all met for dep_context=requeueable deps ti=<TaskInstance: datapipeline_new.data_remove_cols_train manual__2024-11-01T03:00:58.708970+00:00 [queued]>
[2024-11-01T03:01:20.505+0000] {taskinstance.py:2306} INFO - Starting attempt 1 of 2
[2024-11-01T03:01:20.510+0000] {taskinstance.py:2330} INFO - Executing <Task(PythonOperator): data_remove_cols_train> on 2024-11-01 03:00:58.708970+00:00
[2024-11-01T03:01:20.518+0000] {warnings.py:112} WARNING - /home/***/.local/lib/python3.12/site-packages/***/task/task_runner/standard_task_runner.py:61: DeprecationWarning: This process (pid=168) is multi-threaded, use of fork() may lead to deadlocks in the child.
  pid = os.fork()

[2024-11-01T03:01:20.519+0000] {standard_task_runner.py:63} INFO - Started process 177 to run task
[2024-11-01T03:01:20.519+0000] {standard_task_runner.py:90} INFO - Running: ['***', 'tasks', 'run', 'datapipeline_new', 'data_remove_cols_train', 'manual__2024-11-01T03:00:58.708970+00:00', '--job-id', '33', '--raw', '--subdir', 'DAGS_FOLDER/dag_script.py', '--cfg-path', '/tmp/tmpcbvud42q']
[2024-11-01T03:01:20.521+0000] {standard_task_runner.py:91} INFO - Job 33: Subtask data_remove_cols_train
[2024-11-01T03:01:20.670+0000] {task_command.py:426} INFO - Running <TaskInstance: datapipeline_new.data_remove_cols_train manual__2024-11-01T03:00:58.708970+00:00 [running]> on host 58341985385a
[2024-11-01T03:01:20.718+0000] {taskinstance.py:2648} INFO - Exporting env vars: AIRFLOW_CTX_DAG_OWNER='MLOPS' AIRFLOW_CTX_DAG_ID='datapipeline_new' AIRFLOW_CTX_TASK_ID='data_remove_cols_train' AIRFLOW_CTX_EXECUTION_DATE='2024-11-01T03:00:58.708970+00:00' AIRFLOW_CTX_TRY_NUMBER='1' AIRFLOW_CTX_DAG_RUN_ID='manual__2024-11-01T03:00:58.708970+00:00'
[2024-11-01T03:01:20.719+0000] {taskinstance.py:430} INFO - ::endgroup::
[2024-11-01T03:01:20.726+0000] {logging_mixin.py:188} INFO - Data loaded from /opt/***/dags/DataPreprocessing/src/data_store_pkl_files/train_data/pivoted_train_data.pkl.
[2024-11-01T03:01:20.728+0000] {logging_mixin.py:188} INFO - Successfully dropped columns: ['o3']
[2024-11-01T03:01:20.730+0000] {logging_mixin.py:188} INFO - Cleaned DataFrame saved as '/opt/***/dags/DataPreprocessing/src/data_store_pkl_files/train_data/cleaned_train_data.pkl'.
[2024-11-01T03:01:20.730+0000] {python.py:237} INFO - Done. Returned value was: None
[2024-11-01T03:01:20.730+0000] {taskinstance.py:441} INFO - ::group::Post task execution logs
[2024-11-01T03:01:20.733+0000] {taskinstance.py:1206} INFO - Marking task as SUCCESS. dag_id=datapipeline_new, task_id=data_remove_cols_train, run_id=manual__2024-11-01T03:00:58.708970+00:00, execution_date=20241101T030058, start_date=20241101T030120, end_date=20241101T030120
[2024-11-01T03:01:20.744+0000] {local_task_job_runner.py:240} INFO - Task exited with return code 0
[2024-11-01T03:01:20.855+0000] {taskinstance.py:3503} INFO - 1 downstream tasks scheduled from follow-on schedule check
[2024-11-01T03:01:20.856+0000] {local_task_job_runner.py:222} INFO - ::endgroup::
