2024-10-30 21:52:33,105 - INFO - pm25: min = 0.302092050209205, max = 11.5
2024-10-30 21:52:33,105 - INFO - pm25_boxcox: min = 0.27935649991109923, max = 4.531693775761766
2024-10-30 21:52:33,105 - INFO - lag_1: min = 0.27935649991109923, max = 4.531693775761766
2024-10-30 21:52:33,105 - INFO - lag_2: min = 0.27935649991109923, max = 4.531693775761766
2024-10-30 21:52:33,106 - INFO - lag_3: min = 0.27935649991109923, max = 4.531693775761766
2024-10-30 21:52:33,106 - INFO - lag_4: min = 0.27935649991109923, max = 4.531693775761766
2024-10-30 21:52:33,106 - INFO - lag_5: min = 0.27935649991109923, max = 4.531693775761766
2024-10-30 21:52:33,106 - INFO - rolling_mean_3: min = 0.29293871388945897, max = 4.525834442971038
2024-10-30 21:52:33,106 - INFO - rolling_mean_6: min = 0.31308119465399303, max = 4.460903646703955
2024-10-30 21:52:33,107 - INFO - rolling_mean_24: min = 0.42867483342312535, max = 4.287245569798631
2024-10-30 21:52:33,107 - INFO - rolling_std_3: min = 0.0, max = 1.529422142941738
2024-10-30 21:52:33,107 - INFO - rolling_std_6: min = 0.0, max = 1.4435234582533616
2024-10-30 21:52:33,107 - INFO - rolling_std_24: min = 0.0, max = 1.3160185278492909
2024-10-30 21:52:33,107 - INFO - ema_3: min = 0.36732331406679486, max = 4.5017166843430605
2024-10-30 21:52:33,108 - INFO - ema_6: min = 0.4386811326348349, max = 4.460452352663394
2024-10-30 21:52:33,108 - INFO - ema_24: min = 0.7125924415488994, max = 4.203061029625388
2024-10-30 21:52:33,108 - INFO - diff_1: min = -2.6490368577959362, max = 2.3970668455541344
2024-10-30 21:52:33,108 - INFO - diff_2: min = -2.6490368577959362, max = 2.535848310622356
2024-10-30 21:52:33,109 - INFO - hour: min = 0, max = 23
2024-10-30 21:52:33,109 - INFO - day_of_week: min = 0, max = 6
2024-10-30 21:52:33,109 - INFO - day_of_year: min = 1, max = 365
2024-10-30 21:52:33,109 - INFO - month: min = 1, max = 12
2024-10-30 21:52:33,109 - INFO - sin_hour: min = -1.0, max = 1.0
2024-10-30 21:52:33,109 - INFO - cos_hour: min = -1.0, max = 1.0
2024-10-30 21:52:33,110 - INFO - sin_day_of_week: min = -0.9749279121818236, max = 0.9749279121818236
2024-10-30 21:52:33,110 - INFO - cos_day_of_week: min = -0.9009688679024191, max = 1.0
2024-10-30 21:52:33,110 - INFO - Data validation passed.
