2024-10-30 20:45:03,671 - INFO - ML Metadata store set up with SQLite database at /Users/srilakshmikanagala/Desktop/Air/mlmd_metadata.db
2024-10-30 20:45:03,697 - INFO - MetadataStore with DB connection initialized
2024-10-30 20:45:03,698 - INFO - Schema saved to /Users/srilakshmikanagala/Desktop/Air/custom_schema.json
2024-10-30 20:45:03,706 - INFO - Schema artifact tracked with ID: [9]
2024-10-30 20:45:03,707 - INFO - Dataset artifact tracked with ID: [10]
2024-10-30 20:45:03,726 - INFO - Loaded dataset from /Users/srilakshmikanagala/Desktop/Air/DataPreprocessing/src/data_store_pkl_files/csv/air_pollution_data_1.csv
2024-10-30 20:45:03,727 - INFO - Loaded schema from /Users/srilakshmikanagala/Desktop/Air/custom_schema.json
2024-10-30 20:45:03,740 - INFO - Dataset is valid according to the schema.
2024-10-30 20:45:03,740 - INFO - Data validation passed.
2024-10-30 20:47:57,712 - INFO - ML Metadata store set up with SQLite database at /Users/srilakshmikanagala/Desktop/Air/mlmd_metadata.db
2024-10-30 20:47:57,734 - INFO - MetadataStore with DB connection initialized
2024-10-30 20:47:57,734 - INFO - Schema saved to /Users/srilakshmikanagala/Desktop/Air/custom_schema_original_dataset.json
2024-10-30 20:47:57,740 - INFO - Schema artifact tracked with ID: [11]
2024-10-30 20:47:57,741 - INFO - Dataset artifact tracked with ID: [12]
2024-10-30 20:47:57,763 - INFO - Loaded dataset from /Users/srilakshmikanagala/Desktop/Air/DataPreprocessing/src/data_store_pkl_files/csv/air_pollution_data_1.csv
2024-10-30 20:47:57,763 - INFO - Loaded schema from /Users/srilakshmikanagala/Desktop/Air/custom_schema_original_dataset.json
2024-10-30 20:47:57,776 - INFO - Dataset is valid according to the schema.
2024-10-30 20:47:57,776 - INFO - Data validation passed.
2024-10-30 20:48:24,012 - INFO - ML Metadata store set up with SQLite database at /Users/srilakshmikanagala/Desktop/Air/mlmd_metadata_schema_original_dataset.db
2024-10-30 20:48:24,035 - INFO - MetadataStore with DB connection initialized
2024-10-30 20:48:24,035 - INFO - Schema saved to /Users/srilakshmikanagala/Desktop/Air/custom_schema_original_dataset.json
2024-10-30 20:48:24,041 - INFO - Schema artifact tracked with ID: [1]
2024-10-30 20:48:24,042 - INFO - Dataset artifact tracked with ID: [2]
2024-10-30 20:48:24,064 - INFO - Loaded dataset from /Users/srilakshmikanagala/Desktop/Air/DataPreprocessing/src/data_store_pkl_files/csv/air_pollution_data_1.csv
2024-10-30 20:48:24,064 - INFO - Loaded schema from /Users/srilakshmikanagala/Desktop/Air/custom_schema_original_dataset.json
2024-10-30 20:48:24,078 - INFO - Dataset is valid according to the schema.
2024-10-30 20:48:24,078 - INFO - Data validation passed.
2024-10-30 21:11:57,300 - INFO - ML Metadata store set up with SQLite database at /Users/srilakshmikanagala/Desktop/Air/mlmd_metadata_schema_original_dataset.db
2024-10-30 21:11:57,322 - INFO - MetadataStore with DB connection initialized
2024-10-30 21:11:57,323 - INFO - Schema saved to /Users/srilakshmikanagala/Desktop/Air/custom_schema_original_dataset.json
2024-10-30 21:11:57,329 - INFO - Schema artifact tracked with ID: [3]
2024-10-30 21:11:57,330 - INFO - Dataset artifact tracked with ID: [4]
2024-10-30 21:12:18,732 - INFO - ML Metadata store set up with SQLite database at /Users/srilakshmikanagala/Desktop/Air/mlmd_metadata_schema_original_dataset.db
2024-10-30 21:12:18,755 - INFO - MetadataStore with DB connection initialized
2024-10-30 21:12:18,755 - INFO - Schema saved to /Users/srilakshmikanagala/Desktop/Air/custom_schema_original_dataset.json
2024-10-30 21:12:18,761 - INFO - Schema artifact tracked with ID: [5]
2024-10-30 21:12:18,762 - INFO - Dataset artifact tracked with ID: [6]
2024-10-30 21:12:18,773 - INFO - Loaded dataset from /Users/srilakshmikanagala/Desktop/Air/DataPreprocessing/src/data_store_pkl_files/air_pollution.pkl
2024-10-30 21:12:18,774 - INFO - Loaded schema from /Users/srilakshmikanagala/Desktop/Air/custom_schema_original_dataset.json
2024-10-30 21:12:18,797 - INFO - Dataset is valid according to the schema.
2024-10-30 21:12:18,798 - INFO - Data validation passed.
2024-10-30 22:22:43,179 - INFO - ML Metadata store set up with SQLite database at /Users/srilakshmikanagala/Desktop/Air/mlmd_metadata_schema_original_dataset.db
2024-10-30 22:22:43,195 - INFO - MetadataStore with DB connection initialized
2024-10-30 22:22:43,196 - INFO - Schema saved to /Users/srilakshmikanagala/Desktop/Air/custom_schema_original_dataset.json
2024-10-30 22:22:43,199 - INFO - Schema artifact tracked with ID: [7]
2024-10-30 22:22:43,200 - INFO - Dataset artifact tracked with ID: [8]
2024-10-30 22:22:43,209 - INFO - Loaded dataset from /Users/srilakshmikanagala/Desktop/Air/DataPreprocessing/src/data_store_pkl_files/air_pollution.pkl
2024-10-30 22:22:43,210 - INFO - Loaded schema from /Users/srilakshmikanagala/Desktop/Air/custom_schema_original_dataset.json
2024-10-30 22:22:43,232 - INFO - Dataset is valid according to the schema.
2024-10-30 22:22:43,232 - INFO - Data validation passed.
2024-10-31 11:41:10,777 - INFO - Schema saved to /Users/srilakshmikanagala/Desktop/Air/custom_schema_original_dataset.json
2024-10-31 11:41:10,785 - INFO - Loaded dataset from /Users/srilakshmikanagala/Desktop/Air/DataPreprocessing/src/data_store_pkl_files/air_pollution.pkl
2024-10-31 11:41:10,786 - INFO - Loaded schema from /Users/srilakshmikanagala/Desktop/Air/custom_schema_original_dataset.json
2024-10-31 11:41:10,810 - INFO - Dataset is valid according to the schema.
2024-10-31 11:41:10,810 - INFO - Data validation passed.
2024-10-31 12:15:47,074 - INFO - Schema saved to /Users/srilakshmikanagala/Desktop/Air/custom_schema_original_dataset.json
2024-10-31 12:15:47,084 - INFO - Loaded dataset from /Users/srilakshmikanagala/Desktop/Air/DataPreprocessing/src/data_store_pkl_files/air_pollution.pkl
2024-10-31 12:15:47,085 - INFO - Loaded schema from /Users/srilakshmikanagala/Desktop/Air/custom_schema_original_dataset.json
2024-10-31 12:15:47,109 - INFO - Dataset is valid according to the schema.
2024-10-31 12:15:47,109 - INFO - Data validation passed.
