[2024-11-05T01:23:31.255+0000] {local_task_job_runner.py:120} INFO - ::group::Pre task execution logs
[2024-11-05T01:23:31.603+0000] {taskinstance.py:2076} INFO - Dependencies all met for dep_context=non-requeueable deps ti=<TaskInstance: datapipeline_new.send_anomaly_alert_anamolies_vals_train manual__2024-11-05T01:22:21.867548+00:00 [queued]>
[2024-11-05T01:23:31.632+0000] {taskinstance.py:2076} INFO - Dependencies all met for dep_context=requeueable deps ti=<TaskInstance: datapipeline_new.send_anomaly_alert_anamolies_vals_train manual__2024-11-05T01:22:21.867548+00:00 [queued]>
[2024-11-05T01:23:31.633+0000] {taskinstance.py:2306} INFO - Starting attempt 1 of 2
[2024-11-05T01:23:31.651+0000] {taskinstance.py:2330} INFO - Executing <Task(EmailOperator): send_anomaly_alert_anamolies_vals_train> on 2024-11-05 01:22:21.867548+00:00
[2024-11-05T01:23:31.759+0000] {warnings.py:112} WARNING - /home/***/.local/lib/python3.12/site-packages/***/task/task_runner/standard_task_runner.py:61: DeprecationWarning: This process (pid=345) is multi-threaded, use of fork() may lead to deadlocks in the child.
  pid = os.fork()

[2024-11-05T01:23:31.763+0000] {standard_task_runner.py:63} INFO - Started process 354 to run task
[2024-11-05T01:23:31.762+0000] {standard_task_runner.py:90} INFO - Running: ['***', 'tasks', 'run', 'datapipeline_new', 'send_anomaly_alert_anamolies_vals_train', 'manual__2024-11-05T01:22:21.867548+00:00', '--job-id', '160', '--raw', '--subdir', 'DAGS_FOLDER/dag_script.py', '--cfg-path', '/tmp/tmpooedxp7y']
[2024-11-05T01:23:31.773+0000] {standard_task_runner.py:91} INFO - Job 160: Subtask send_anomaly_alert_anamolies_vals_train
[2024-11-05T01:23:31.867+0000] {task_command.py:426} INFO - Running <TaskInstance: datapipeline_new.send_anomaly_alert_anamolies_vals_train manual__2024-11-05T01:22:21.867548+00:00 [running]> on host b260d3fe343d
[2024-11-05T01:23:31.930+0000] {taskinstance.py:2648} INFO - Exporting env vars: AIRFLOW_CTX_DAG_OWNER='MLOPS' AIRFLOW_CTX_DAG_ID='datapipeline_new' AIRFLOW_CTX_TASK_ID='send_anomaly_alert_anamolies_vals_train' AIRFLOW_CTX_EXECUTION_DATE='2024-11-05T01:22:21.867548+00:00' AIRFLOW_CTX_TRY_NUMBER='1' AIRFLOW_CTX_DAG_RUN_ID='manual__2024-11-05T01:22:21.867548+00:00'
[2024-11-05T01:23:31.931+0000] {taskinstance.py:430} INFO - ::endgroup::
[2024-11-05T01:23:31.950+0000] {warnings.py:112} WARNING - /home/***/.local/lib/python3.12/site-packages/***/utils/email.py:154: RemovedInAirflow3Warning: Fetching SMTP credentials from configuration variables will be deprecated in a future release. Please set credentials using a connection instead.
  send_mime_email(e_from=mail_from, e_to=recipients, mime_msg=msg, conn_id=conn_id, dryrun=dryrun)

[2024-11-05T01:23:31.950+0000] {email.py:271} INFO - Email alerting: attempt 1
[2024-11-05T01:23:32.334+0000] {email.py:282} INFO - Sent an alert email to ['anirudhak881@gmail.com']
[2024-11-05T01:23:33.192+0000] {taskinstance.py:441} INFO - ::group::Post task execution logs
[2024-11-05T01:23:33.208+0000] {taskinstance.py:1206} INFO - Marking task as SUCCESS. dag_id=datapipeline_new, task_id=send_anomaly_alert_anamolies_vals_train, run_id=manual__2024-11-05T01:22:21.867548+00:00, execution_date=20241105T012221, start_date=20241105T012331, end_date=20241105T012333
[2024-11-05T01:23:33.248+0000] {local_task_job_runner.py:240} INFO - Task exited with return code 0
[2024-11-05T01:23:33.274+0000] {taskinstance.py:3503} INFO - 0 downstream tasks scheduled from follow-on schedule check
[2024-11-05T01:23:33.275+0000] {local_task_job_runner.py:222} INFO - ::endgroup::
