[2024-10-31T04:08:08.671+0000] {local_task_job_runner.py:120} INFO - ::group::Pre task execution logs
[2024-10-31T04:08:08.680+0000] {taskinstance.py:2076} INFO - Dependencies all met for dep_context=non-requeueable deps ti=<TaskInstance: datapipeline_new.data_remove_cols_train manual__2024-10-31T04:07:51.602255+00:00 [queued]>
[2024-10-31T04:08:08.683+0000] {taskinstance.py:2076} INFO - Dependencies all met for dep_context=requeueable deps ti=<TaskInstance: datapipeline_new.data_remove_cols_train manual__2024-10-31T04:07:51.602255+00:00 [queued]>
[2024-10-31T04:08:08.683+0000] {taskinstance.py:2306} INFO - Starting attempt 1 of 2
[2024-10-31T04:08:08.687+0000] {taskinstance.py:2330} INFO - Executing <Task(PythonOperator): data_remove_cols_train> on 2024-10-31 04:07:51.602255+00:00
[2024-10-31T04:08:08.706+0000] {warnings.py:112} WARNING - /home/***/.local/lib/python3.12/site-packages/***/task/task_runner/standard_task_runner.py:61: DeprecationWarning: This process (pid=124) is multi-threaded, use of fork() may lead to deadlocks in the child.
  pid = os.fork()

[2024-10-31T04:08:08.707+0000] {standard_task_runner.py:63} INFO - Started process 133 to run task
[2024-10-31T04:08:08.707+0000] {standard_task_runner.py:90} INFO - Running: ['***', 'tasks', 'run', 'datapipeline_new', 'data_remove_cols_train', 'manual__2024-10-31T04:07:51.602255+00:00', '--job-id', '41', '--raw', '--subdir', 'DAGS_FOLDER/dag_script.py', '--cfg-path', '/tmp/tmp50lckyrb']
[2024-10-31T04:08:08.709+0000] {standard_task_runner.py:91} INFO - Job 41: Subtask data_remove_cols_train
[2024-10-31T04:08:08.730+0000] {task_command.py:426} INFO - Running <TaskInstance: datapipeline_new.data_remove_cols_train manual__2024-10-31T04:07:51.602255+00:00 [running]> on host 6fd357fee1dd
[2024-10-31T04:08:08.919+0000] {taskinstance.py:2648} INFO - Exporting env vars: AIRFLOW_CTX_DAG_OWNER='MLOPS' AIRFLOW_CTX_DAG_ID='datapipeline_new' AIRFLOW_CTX_TASK_ID='data_remove_cols_train' AIRFLOW_CTX_EXECUTION_DATE='2024-10-31T04:07:51.602255+00:00' AIRFLOW_CTX_TRY_NUMBER='1' AIRFLOW_CTX_DAG_RUN_ID='manual__2024-10-31T04:07:51.602255+00:00'
[2024-10-31T04:08:08.919+0000] {taskinstance.py:430} INFO - ::endgroup::
[2024-10-31T04:08:08.926+0000] {logging_mixin.py:188} INFO - Data loaded from /opt/***/dags/DataPreprocessing/src/data_store_pkl_files/train_data/pivoted_train_data.pkl.
[2024-10-31T04:08:08.927+0000] {logging_mixin.py:188} INFO - Successfully dropped columns: ['o3']
[2024-10-31T04:08:08.929+0000] {logging_mixin.py:188} INFO - Cleaned DataFrame saved as '/opt/***/dags/DataPreprocessing/src/data_store_pkl_files/train_data/cleaned_train_data.pkl'.
[2024-10-31T04:08:08.929+0000] {python.py:237} INFO - Done. Returned value was: None
[2024-10-31T04:08:08.929+0000] {taskinstance.py:441} INFO - ::group::Post task execution logs
[2024-10-31T04:08:08.932+0000] {taskinstance.py:1206} INFO - Marking task as SUCCESS. dag_id=datapipeline_new, task_id=data_remove_cols_train, run_id=manual__2024-10-31T04:07:51.602255+00:00, execution_date=20241031T040751, start_date=20241031T040808, end_date=20241031T040808
[2024-10-31T04:08:08.980+0000] {local_task_job_runner.py:240} INFO - Task exited with return code 0
[2024-10-31T04:08:09.080+0000] {taskinstance.py:3503} INFO - 1 downstream tasks scheduled from follow-on schedule check
[2024-10-31T04:08:09.081+0000] {local_task_job_runner.py:222} INFO - ::endgroup::
