[2024-11-12T07:12:04.853+0000] {local_task_job_runner.py:120} INFO - ::group::Pre task execution logs
[2024-11-12T07:12:04.867+0000] {taskinstance.py:2076} INFO - Dependencies all met for dep_context=non-requeueable deps ti=<TaskInstance: modeling_pipeline.Best_Model manual__2024-11-12T07:09:54.609187+00:00 [queued]>
[2024-11-12T07:12:04.871+0000] {taskinstance.py:2076} INFO - Dependencies all met for dep_context=requeueable deps ti=<TaskInstance: modeling_pipeline.Best_Model manual__2024-11-12T07:09:54.609187+00:00 [queued]>
[2024-11-12T07:12:04.871+0000] {taskinstance.py:2306} INFO - Starting attempt 1 of 2
[2024-11-12T07:12:04.878+0000] {taskinstance.py:2330} INFO - Executing <Task(PythonOperator): Best_Model> on 2024-11-12 07:09:54.609187+00:00
[2024-11-12T07:12:04.896+0000] {warnings.py:112} WARNING - /home/***/.local/lib/python3.12/site-packages/***/task/task_runner/standard_task_runner.py:61: DeprecationWarning: This process (pid=238) is multi-threaded, use of fork() may lead to deadlocks in the child.
  pid = os.fork()

[2024-11-12T07:12:04.898+0000] {standard_task_runner.py:63} INFO - Started process 247 to run task
[2024-11-12T07:12:04.899+0000] {standard_task_runner.py:90} INFO - Running: ['***', 'tasks', 'run', 'modeling_pipeline', 'Best_Model', 'manual__2024-11-12T07:09:54.609187+00:00', '--job-id', '1117', '--raw', '--subdir', 'DAGS_FOLDER/dag_script_model.py', '--cfg-path', '/tmp/tmpy3toerhv']
[2024-11-12T07:12:04.906+0000] {standard_task_runner.py:91} INFO - Job 1117: Subtask Best_Model
[2024-11-12T07:12:04.943+0000] {task_command.py:426} INFO - Running <TaskInstance: modeling_pipeline.Best_Model manual__2024-11-12T07:09:54.609187+00:00 [running]> on host 9919a500f6fd
[2024-11-12T07:12:05.006+0000] {taskinstance.py:2648} INFO - Exporting env vars: AIRFLOW_CTX_DAG_OWNER='MLOPS' AIRFLOW_CTX_DAG_ID='modeling_pipeline' AIRFLOW_CTX_TASK_ID='Best_Model' AIRFLOW_CTX_EXECUTION_DATE='2024-11-12T07:09:54.609187+00:00' AIRFLOW_CTX_TRY_NUMBER='1' AIRFLOW_CTX_DAG_RUN_ID='manual__2024-11-12T07:09:54.609187+00:00'
[2024-11-12T07:12:05.007+0000] {taskinstance.py:430} INFO - ::endgroup::
[2024-11-12T07:12:05.028+0000] {logging_mixin.py:188} INFO - Experiment 'PM2.5 Random Forest' not found.
[2024-11-12T07:12:05.054+0000] {logging_mixin.py:188} INFO - Experiment 'PM2.5 Prophet' not found.
[2024-11-12T07:12:05.063+0000] {logging_mixin.py:188} INFO - Best model found in experiment 'PM2.5 XGBoost Prediction' with run ID 'da4f1ae9fe2446eaba863fa327e2f6b4'
[2024-11-12T07:12:05.063+0000] {logging_mixin.py:188} INFO - Validation RMSE: 0.9685765167761742
[2024-11-12T07:12:05.063+0000] {logging_mixin.py:188} INFO - Best Experiment: PM2.5 XGBoost Prediction
[2024-11-12T07:12:05.063+0000] {logging_mixin.py:188} INFO - Best Run ID: da4f1ae9fe2446eaba863fa327e2f6b4
[2024-11-12T07:12:05.063+0000] {logging_mixin.py:188} INFO - Best RMSE: 0.9685765167761742
[2024-11-12T07:12:05.063+0000] {python.py:237} INFO - Done. Returned value was: None
[2024-11-12T07:12:05.064+0000] {taskinstance.py:441} INFO - ::group::Post task execution logs
[2024-11-12T07:12:05.069+0000] {taskinstance.py:1206} INFO - Marking task as SUCCESS. dag_id=modeling_pipeline, task_id=Best_Model, run_id=manual__2024-11-12T07:09:54.609187+00:00, execution_date=20241112T070954, start_date=20241112T071204, end_date=20241112T071205
[2024-11-12T07:12:05.123+0000] {local_task_job_runner.py:240} INFO - Task exited with return code 0
[2024-11-12T07:12:05.134+0000] {taskinstance.py:3503} INFO - 0 downstream tasks scheduled from follow-on schedule check
[2024-11-12T07:12:05.135+0000] {local_task_job_runner.py:222} INFO - ::endgroup::
