[2024-10-31T16:09:38.979+0000] {local_task_job_runner.py:120} INFO - ::group::Pre task execution logs
[2024-10-31T16:09:38.996+0000] {taskinstance.py:2076} INFO - Dependencies all met for dep_context=non-requeueable deps ti=<TaskInstance: datapipeline_new.handle_missing_vals_train manual__2024-10-31T16:09:21.836219+00:00 [queued]>
[2024-10-31T16:09:39.000+0000] {taskinstance.py:2076} INFO - Dependencies all met for dep_context=requeueable deps ti=<TaskInstance: datapipeline_new.handle_missing_vals_train manual__2024-10-31T16:09:21.836219+00:00 [queued]>
[2024-10-31T16:09:39.000+0000] {taskinstance.py:2306} INFO - Starting attempt 1 of 2
[2024-10-31T16:09:39.008+0000] {taskinstance.py:2330} INFO - Executing <Task(PythonOperator): handle_missing_vals_train> on 2024-10-31 16:09:21.836219+00:00
[2024-10-31T16:09:39.015+0000] {warnings.py:112} WARNING - /home/***/.local/lib/python3.12/site-packages/***/task/task_runner/standard_task_runner.py:61: DeprecationWarning: This process (pid=208) is multi-threaded, use of fork() may lead to deadlocks in the child.
  pid = os.fork()

[2024-10-31T16:09:39.016+0000] {standard_task_runner.py:63} INFO - Started process 225 to run task
[2024-10-31T16:09:39.017+0000] {standard_task_runner.py:90} INFO - Running: ['***', 'tasks', 'run', 'datapipeline_new', 'handle_missing_vals_train', 'manual__2024-10-31T16:09:21.836219+00:00', '--job-id', '113', '--raw', '--subdir', 'DAGS_FOLDER/dag_script.py', '--cfg-path', '/tmp/tmpkx5c2rpj']
[2024-10-31T16:09:39.018+0000] {standard_task_runner.py:91} INFO - Job 113: Subtask handle_missing_vals_train
[2024-10-31T16:09:39.237+0000] {task_command.py:426} INFO - Running <TaskInstance: datapipeline_new.handle_missing_vals_train manual__2024-10-31T16:09:21.836219+00:00 [running]> on host 8b35fed25b46
[2024-10-31T16:09:39.277+0000] {taskinstance.py:2648} INFO - Exporting env vars: AIRFLOW_CTX_DAG_OWNER='MLOPS' AIRFLOW_CTX_DAG_ID='datapipeline_new' AIRFLOW_CTX_TASK_ID='handle_missing_vals_train' AIRFLOW_CTX_EXECUTION_DATE='2024-10-31T16:09:21.836219+00:00' AIRFLOW_CTX_TRY_NUMBER='1' AIRFLOW_CTX_DAG_RUN_ID='manual__2024-10-31T16:09:21.836219+00:00'
[2024-10-31T16:09:39.277+0000] {taskinstance.py:430} INFO - ::endgroup::
[2024-10-31T16:09:39.284+0000] {logging_mixin.py:188} INFO - Data loaded from /opt/***/dags/DataPreprocessing/src/data_store_pkl_files/train_data/cleaned_train_data.pkl.
[2024-10-31T16:09:39.285+0000] {logging_mixin.py:188} INFO - Missing values found. Handling missing data...
[2024-10-31T16:09:39.287+0000] {logging_mixin.py:188} INFO - 'pm25' missing values interpolated.
[2024-10-31T16:09:39.290+0000] {logging_mixin.py:188} INFO - Processed DataFrame saved as '/opt/***/dags/DataPreprocessing/src/data_store_pkl_files/train_data/no_null_train_data.pkl'.
[2024-10-31T16:09:39.290+0000] {python.py:237} INFO - Done. Returned value was: None
[2024-10-31T16:09:39.290+0000] {taskinstance.py:441} INFO - ::group::Post task execution logs
[2024-10-31T16:09:39.293+0000] {taskinstance.py:1206} INFO - Marking task as SUCCESS. dag_id=datapipeline_new, task_id=handle_missing_vals_train, run_id=manual__2024-10-31T16:09:21.836219+00:00, execution_date=20241031T160921, start_date=20241031T160938, end_date=20241031T160939
[2024-10-31T16:09:39.318+0000] {local_task_job_runner.py:240} INFO - Task exited with return code 0
[2024-10-31T16:09:39.448+0000] {taskinstance.py:3503} INFO - 1 downstream tasks scheduled from follow-on schedule check
[2024-10-31T16:09:39.449+0000] {local_task_job_runner.py:222} INFO - ::endgroup::
