[2024-11-12T09:02:01.479+0000] {local_task_job_runner.py:120} INFO - ::group::Pre task execution logs
[2024-11-12T09:02:01.490+0000] {taskinstance.py:2076} INFO - Dependencies all met for dep_context=non-requeueable deps ti=<TaskInstance: modeling_pipeline.Best_Model manual__2024-11-12T09:00:36.877165+00:00 [queued]>
[2024-11-12T09:02:01.496+0000] {taskinstance.py:2076} INFO - Dependencies all met for dep_context=requeueable deps ti=<TaskInstance: modeling_pipeline.Best_Model manual__2024-11-12T09:00:36.877165+00:00 [queued]>
[2024-11-12T09:02:01.496+0000] {taskinstance.py:2306} INFO - Starting attempt 1 of 2
[2024-11-12T09:02:01.505+0000] {taskinstance.py:2330} INFO - Executing <Task(PythonOperator): Best_Model> on 2024-11-12 09:00:36.877165+00:00
[2024-11-12T09:02:01.517+0000] {warnings.py:112} WARNING - /home/***/.local/lib/python3.12/site-packages/***/task/task_runner/standard_task_runner.py:61: DeprecationWarning: This process (pid=1610) is multi-threaded, use of fork() may lead to deadlocks in the child.
  pid = os.fork()

[2024-11-12T09:02:01.519+0000] {standard_task_runner.py:63} INFO - Started process 1619 to run task
[2024-11-12T09:02:01.519+0000] {standard_task_runner.py:90} INFO - Running: ['***', 'tasks', 'run', 'modeling_pipeline', 'Best_Model', 'manual__2024-11-12T09:00:36.877165+00:00', '--job-id', '1139', '--raw', '--subdir', 'DAGS_FOLDER/dag_script_model.py', '--cfg-path', '/tmp/tmpmesd5hlh']
[2024-11-12T09:02:01.522+0000] {standard_task_runner.py:91} INFO - Job 1139: Subtask Best_Model
[2024-11-12T09:02:01.548+0000] {task_command.py:426} INFO - Running <TaskInstance: modeling_pipeline.Best_Model manual__2024-11-12T09:00:36.877165+00:00 [running]> on host 9919a500f6fd
[2024-11-12T09:02:01.591+0000] {taskinstance.py:2648} INFO - Exporting env vars: AIRFLOW_CTX_DAG_OWNER='MLOPS' AIRFLOW_CTX_DAG_ID='modeling_pipeline' AIRFLOW_CTX_TASK_ID='Best_Model' AIRFLOW_CTX_EXECUTION_DATE='2024-11-12T09:00:36.877165+00:00' AIRFLOW_CTX_TRY_NUMBER='1' AIRFLOW_CTX_DAG_RUN_ID='manual__2024-11-12T09:00:36.877165+00:00'
[2024-11-12T09:02:01.592+0000] {taskinstance.py:430} INFO - ::endgroup::
[2024-11-12T09:02:01.607+0000] {logging_mixin.py:188} INFO - Experiment 'PM2.5 Random Forest' not found.
[2024-11-12T09:02:01.631+0000] {logging_mixin.py:188} INFO - Experiment 'PM2.5 Prophet' not found.
[2024-11-12T09:02:01.638+0000] {logging_mixin.py:188} INFO - Best model found in experiment 'PM2.5 XGBoost Prediction' with run ID '3ef1c37e2abe4d618a8a0a4d4e9d3702'
[2024-11-12T09:02:01.639+0000] {logging_mixin.py:188} INFO - Validation RMSE: 0.9685765167761742
[2024-11-12T09:02:01.742+0000] {logging_mixin.py:188} INFO - XGBoost - RMSE: 0.9685765167761742, Bias Score: 0, Combined Score: 0.4842882583880871
[2024-11-12T09:02:01.742+0000] {logging_mixin.py:188} INFO - 
Best model selected: XGBoost with combined score: 0.4842882583880871
[2024-11-12T09:02:01.742+0000] {logging_mixin.py:188} INFO - XGBoost
[2024-11-12T09:02:01.742+0000] {logging_mixin.py:188} INFO - 0.4842882583880871
[2024-11-12T09:02:01.742+0000] {logging_mixin.py:188} INFO - {'Random Forest Bias Evaluation': {'MAE_hour': {'value': 2.9610290853843124, 'run_id': '4ce762983eea4d1a83764a30263468c9'}, 'RMSE_hour': {'value': 3.195404253006283, 'run_id': '4ce762983eea4d1a83764a30263468c9'}, 'R2_hour': {'value': -2.34375528936878, 'run_id': '4ce762983eea4d1a83764a30263468c9'}, 'MBE_hour': {'value': -2.9610290853843124, 'run_id': '4ce762983eea4d1a83764a30263468c9'}, 'MAE_day_of_week': {'value': 2.9568912044769857, 'run_id': '69f0585d15cb4cab8e5a776512f6268a'}, 'RMSE_day_of_week': {'value': 3.1889222124874808, 'run_id': '69f0585d15cb4cab8e5a776512f6268a'}, 'R2_day_of_week': {'value': -2.358543111373094, 'run_id': '69f0585d15cb4cab8e5a776512f6268a'}, 'MBE_day_of_week': {'value': -2.9568912044769857, 'run_id': '69f0585d15cb4cab8e5a776512f6268a'}, 'MAE_month': {'value': 2.9826161823334627, 'run_id': 'c11feed572ce4d1ea3bfdf08487161c4'}, 'RMSE_month': {'value': 3.1965584346530687, 'run_id': 'c11feed572ce4d1ea3bfdf08487161c4'}, 'R2_month': {'value': -2.8100430436792156, 'run_id': 'c11feed572ce4d1ea3bfdf08487161c4'}, 'MBE_month': {'value': -2.9826161823334627, 'run_id': 'c11feed572ce4d1ea3bfdf08487161c4'}, 'MAE_season': {'value': 2.9737612819960955, 'run_id': '85054354364d40508bd8dc919773083e'}, 'RMSE_season': {'value': 3.1930184818325213, 'run_id': '85054354364d40508bd8dc919773083e'}, 'R2_season': {'value': -2.6036666405674787, 'run_id': '85054354364d40508bd8dc919773083e'}, 'MBE_season': {'value': -2.9737612819960955, 'run_id': '85054354364d40508bd8dc919773083e'}}, 'XGBoost Bias Evaluation': {'MAE_hour': {'value': 2.9721400449927917, 'run_id': 'fd54aea60f514de892d3977e929c97af'}, 'RMSE_hour': {'value': 3.2051083064446897, 'run_id': 'fd54aea60f514de892d3977e929c97af'}, 'R2_hour': {'value': -2.364153923578925, 'run_id': 'fd54aea60f514de892d3977e929c97af'}, 'MBE_hour': {'value': -2.9721400449927917, 'run_id': 'fd54aea60f514de892d3977e929c97af'}, 'MAE_day_of_week': {'value': 2.9679979526239566, 'run_id': '38794427d20448bda149fa311fb43705'}, 'RMSE_day_of_week': {'value': 3.1986220223921533, 'run_id': '38794427d20448bda149fa311fb43705'}, 'R2_day_of_week': {'value': -2.3790688548504915, 'run_id': '38794427d20448bda149fa311fb43705'}, 'MBE_day_of_week': {'value': -2.9679979526239566, 'run_id': '38794427d20448bda149fa311fb43705'}, 'MAE_month': {'value': 2.9936597745301605, 'run_id': '67a335bde6d947d89e30b811aa8e1433'}, 'RMSE_month': {'value': 3.2063036810447954, 'run_id': '67a335bde6d947d89e30b811aa8e1433'}, 'R2_month': {'value': -2.832878012532703, 'run_id': '67a335bde6d947d89e30b811aa8e1433'}, 'MBE_month': {'value': -2.9936597745301605, 'run_id': '67a335bde6d947d89e30b811aa8e1433'}, 'MAE_season': {'value': 2.9848149587459485, 'run_id': '9c9a70e3e0dd4337a656587ef92c86b1'}, 'RMSE_season': {'value': 3.2027492902823216, 'run_id': '9c9a70e3e0dd4337a656587ef92c86b1'}, 'R2_season': {'value': -2.625456410163504, 'run_id': '9c9a70e3e0dd4337a656587ef92c86b1'}, 'MBE_season': {'value': -2.9848149587459485, 'run_id': '9c9a70e3e0dd4337a656587ef92c86b1'}}, 'Prophet Bias Evaluation': {'MAE_hour': {'value': 2.7252934294373596, 'run_id': '08dcd178d63347d1be078415ccfa749a'}, 'RMSE_hour': {'value': 3.20191529551535, 'run_id': '08dcd178d63347d1be078415ccfa749a'}, 'R2_hour': {'value': -2.353095203861961, 'run_id': '08dcd178d63347d1be078415ccfa749a'}, 'MBE_hour': {'value': -2.6803337940283924, 'run_id': '08dcd178d63347d1be078415ccfa749a'}, 'MAE_day_of_week': {'value': 2.719477559289718, 'run_id': 'beffd92f8b424ac8927b337b7b32d2d1'}, 'RMSE_day_of_week': {'value': 3.191822751072683, 'run_id': 'beffd92f8b424ac8927b337b7b32d2d1'}, 'R2_day_of_week': {'value': -2.356328493811646, 'run_id': 'beffd92f8b424ac8927b337b7b32d2d1'}, 'MBE_day_of_week': {'value': -2.674927265523778, 'run_id': 'beffd92f8b424ac8927b337b7b32d2d1'}, 'MAE_month': {'value': 2.7495677572619646, 'run_id': '21646e4c7ec14a59be81777880d11f74'}, 'RMSE_month': {'value': 3.1945031681268294, 'run_id': '21646e4c7ec14a59be81777880d11f74'}, 'R2_month': {'value': -2.824610375863656, 'run_id': '21646e4c7ec14a59be81777880d11f74'}, 'MBE_month': {'value': -2.7069720911903157, 'run_id': '21646e4c7ec14a59be81777880d11f74'}, 'MAE_season': {'value': 2.740922623067834, 'run_id': 'adbb2ece103a44b0ab3c2091d77e9e26'}, 'RMSE_season': {'value': 3.1943040683593265, 'run_id': 'adbb2ece103a44b0ab3c2091d77e9e26'}, 'R2_season': {'value': -2.620710515550439, 'run_id': 'adbb2ece103a44b0ab3c2091d77e9e26'}, 'MBE_season': {'value': -2.6987266235677767, 'run_id': 'adbb2ece103a44b0ab3c2091d77e9e26'}}}
[2024-11-12T09:02:01.743+0000] {logging_mixin.py:188} INFO - {'Random': None, 'XGBoost': 0.9685765167761742, 'Prophet': None}
[2024-11-12T09:02:01.743+0000] {logging_mixin.py:188} INFO - Best Experiment: PM2.5 XGBoost Prediction
[2024-11-12T09:02:01.743+0000] {logging_mixin.py:188} INFO - Best Run ID: 3ef1c37e2abe4d618a8a0a4d4e9d3702
[2024-11-12T09:02:01.743+0000] {logging_mixin.py:188} INFO - Best RMSE: 0.9685765167761742
[2024-11-12T09:02:01.743+0000] {python.py:237} INFO - Done. Returned value was: None
[2024-11-12T09:02:01.744+0000] {taskinstance.py:441} INFO - ::group::Post task execution logs
[2024-11-12T09:02:01.754+0000] {taskinstance.py:1206} INFO - Marking task as SUCCESS. dag_id=modeling_pipeline, task_id=Best_Model, run_id=manual__2024-11-12T09:00:36.877165+00:00, execution_date=20241112T090036, start_date=20241112T090201, end_date=20241112T090201
[2024-11-12T09:02:01.804+0000] {local_task_job_runner.py:240} INFO - Task exited with return code 0
[2024-11-12T09:02:01.816+0000] {taskinstance.py:3503} INFO - 0 downstream tasks scheduled from follow-on schedule check
[2024-11-12T09:02:01.820+0000] {local_task_job_runner.py:222} INFO - ::endgroup::
