[2024-11-11T00:18:29.407+0000] {processor.py:161} INFO - Started process (PID=60) to work on /opt/airflow/dags/dag_script.py
[2024-11-11T00:18:29.409+0000] {processor.py:830} INFO - Processing file /opt/airflow/dags/dag_script.py for tasks to queue
[2024-11-11T00:18:29.414+0000] {logging_mixin.py:188} INFO - [2024-11-11T00:18:29.414+0000] {dagbag.py:545} INFO - Filling up the DagBag from /opt/airflow/dags/dag_script.py
[2024-11-11T00:18:34.036+0000] {logging_mixin.py:188} WARNING - /home/airflow/.local/lib/python3.12/site-packages/airflow/models/baseoperator.py:485 RemovedInAirflow3Warning: provide_context is deprecated as of 2.0 and is no longer required
[2024-11-11T00:18:34.058+0000] {processor.py:840} INFO - DAG(s) 'datapipeline_new' retrieved from /opt/airflow/dags/dag_script.py
[2024-11-11T00:18:34.334+0000] {logging_mixin.py:188} INFO - [2024-11-11T00:18:34.333+0000] {dag.py:3096} INFO - Sync 1 DAGs
[2024-11-11T00:18:34.346+0000] {logging_mixin.py:188} INFO - [2024-11-11T00:18:34.346+0000] {dag.py:3954} INFO - Setting next_dagrun for datapipeline_new to None, run_after=None
[2024-11-11T00:18:34.391+0000] {processor.py:183} INFO - Processing /opt/airflow/dags/dag_script.py took 4.990 seconds
[2024-11-11T00:19:04.764+0000] {processor.py:161} INFO - Started process (PID=89) to work on /opt/airflow/dags/dag_script.py
[2024-11-11T00:19:04.768+0000] {processor.py:830} INFO - Processing file /opt/airflow/dags/dag_script.py for tasks to queue
[2024-11-11T00:19:04.772+0000] {logging_mixin.py:188} INFO - [2024-11-11T00:19:04.771+0000] {dagbag.py:545} INFO - Filling up the DagBag from /opt/airflow/dags/dag_script.py
[2024-11-11T00:19:05.894+0000] {logging_mixin.py:188} WARNING - /home/airflow/.local/lib/python3.12/site-packages/airflow/models/baseoperator.py:485 RemovedInAirflow3Warning: provide_context is deprecated as of 2.0 and is no longer required
[2024-11-11T00:19:05.909+0000] {processor.py:840} INFO - DAG(s) 'datapipeline_new' retrieved from /opt/airflow/dags/dag_script.py
[2024-11-11T00:19:05.932+0000] {logging_mixin.py:188} INFO - [2024-11-11T00:19:05.931+0000] {dag.py:3096} INFO - Sync 1 DAGs
[2024-11-11T00:19:05.937+0000] {logging_mixin.py:188} INFO - [2024-11-11T00:19:05.937+0000] {dag.py:3954} INFO - Setting next_dagrun for datapipeline_new to None, run_after=None
[2024-11-11T00:19:05.945+0000] {processor.py:183} INFO - Processing /opt/airflow/dags/dag_script.py took 1.187 seconds
[2024-11-11T00:19:36.339+0000] {processor.py:161} INFO - Started process (PID=113) to work on /opt/airflow/dags/dag_script.py
[2024-11-11T00:19:36.340+0000] {processor.py:830} INFO - Processing file /opt/airflow/dags/dag_script.py for tasks to queue
[2024-11-11T00:19:36.344+0000] {logging_mixin.py:188} INFO - [2024-11-11T00:19:36.343+0000] {dagbag.py:545} INFO - Filling up the DagBag from /opt/airflow/dags/dag_script.py
[2024-11-11T00:19:37.635+0000] {logging_mixin.py:188} WARNING - /home/airflow/.local/lib/python3.12/site-packages/airflow/models/baseoperator.py:485 RemovedInAirflow3Warning: provide_context is deprecated as of 2.0 and is no longer required
[2024-11-11T00:19:37.646+0000] {processor.py:840} INFO - DAG(s) 'datapipeline_new' retrieved from /opt/airflow/dags/dag_script.py
[2024-11-11T00:19:37.706+0000] {logging_mixin.py:188} INFO - [2024-11-11T00:19:37.705+0000] {dag.py:3096} INFO - Sync 1 DAGs
[2024-11-11T00:19:37.714+0000] {logging_mixin.py:188} INFO - [2024-11-11T00:19:37.714+0000] {dag.py:3954} INFO - Setting next_dagrun for datapipeline_new to None, run_after=None
[2024-11-11T00:19:37.726+0000] {processor.py:183} INFO - Processing /opt/airflow/dags/dag_script.py took 1.395 seconds
[2024-11-11T00:20:08.065+0000] {processor.py:161} INFO - Started process (PID=137) to work on /opt/airflow/dags/dag_script.py
[2024-11-11T00:20:08.066+0000] {processor.py:830} INFO - Processing file /opt/airflow/dags/dag_script.py for tasks to queue
[2024-11-11T00:20:08.069+0000] {logging_mixin.py:188} INFO - [2024-11-11T00:20:08.068+0000] {dagbag.py:545} INFO - Filling up the DagBag from /opt/airflow/dags/dag_script.py
[2024-11-11T00:20:09.047+0000] {logging_mixin.py:188} WARNING - /home/airflow/.local/lib/python3.12/site-packages/airflow/models/baseoperator.py:485 RemovedInAirflow3Warning: provide_context is deprecated as of 2.0 and is no longer required
[2024-11-11T00:20:09.061+0000] {processor.py:840} INFO - DAG(s) 'datapipeline_new' retrieved from /opt/airflow/dags/dag_script.py
[2024-11-11T00:20:09.108+0000] {logging_mixin.py:188} INFO - [2024-11-11T00:20:09.108+0000] {dag.py:3096} INFO - Sync 1 DAGs
[2024-11-11T00:20:09.115+0000] {logging_mixin.py:188} INFO - [2024-11-11T00:20:09.115+0000] {dag.py:3954} INFO - Setting next_dagrun for datapipeline_new to None, run_after=None
[2024-11-11T00:20:09.123+0000] {processor.py:183} INFO - Processing /opt/airflow/dags/dag_script.py took 1.067 seconds
[2024-11-11T00:20:39.537+0000] {processor.py:161} INFO - Started process (PID=161) to work on /opt/airflow/dags/dag_script.py
[2024-11-11T00:20:39.539+0000] {processor.py:830} INFO - Processing file /opt/airflow/dags/dag_script.py for tasks to queue
[2024-11-11T00:20:39.542+0000] {logging_mixin.py:188} INFO - [2024-11-11T00:20:39.541+0000] {dagbag.py:545} INFO - Filling up the DagBag from /opt/airflow/dags/dag_script.py
[2024-11-11T00:20:40.441+0000] {logging_mixin.py:188} WARNING - /home/airflow/.local/lib/python3.12/site-packages/airflow/models/baseoperator.py:485 RemovedInAirflow3Warning: provide_context is deprecated as of 2.0 and is no longer required
[2024-11-11T00:20:40.449+0000] {processor.py:840} INFO - DAG(s) 'datapipeline_new' retrieved from /opt/airflow/dags/dag_script.py
[2024-11-11T00:20:40.486+0000] {logging_mixin.py:188} INFO - [2024-11-11T00:20:40.485+0000] {dag.py:3096} INFO - Sync 1 DAGs
[2024-11-11T00:20:40.495+0000] {logging_mixin.py:188} INFO - [2024-11-11T00:20:40.495+0000] {dag.py:3954} INFO - Setting next_dagrun for datapipeline_new to None, run_after=None
[2024-11-11T00:20:40.507+0000] {processor.py:183} INFO - Processing /opt/airflow/dags/dag_script.py took 0.982 seconds
[2024-11-11T00:21:49.467+0000] {processor.py:161} INFO - Started process (PID=102) to work on /opt/airflow/dags/dag_script.py
[2024-11-11T00:21:49.469+0000] {processor.py:830} INFO - Processing file /opt/airflow/dags/dag_script.py for tasks to queue
[2024-11-11T00:21:49.473+0000] {logging_mixin.py:188} INFO - [2024-11-11T00:21:49.472+0000] {dagbag.py:545} INFO - Filling up the DagBag from /opt/airflow/dags/dag_script.py
[2024-11-11T00:21:51.936+0000] {logging_mixin.py:188} INFO - [2024-11-11T00:21:51.935+0000] {font_manager.py:1584} INFO - generated new fontManager
[2024-11-11T00:21:52.303+0000] {logging_mixin.py:188} WARNING - /home/airflow/.local/lib/python3.12/site-packages/airflow/models/baseoperator.py:485 RemovedInAirflow3Warning: provide_context is deprecated as of 2.0 and is no longer required
[2024-11-11T00:21:52.326+0000] {processor.py:840} INFO - DAG(s) 'datapipeline_new' retrieved from /opt/airflow/dags/dag_script.py
[2024-11-11T00:21:52.683+0000] {logging_mixin.py:188} INFO - [2024-11-11T00:21:52.682+0000] {dag.py:3096} INFO - Sync 1 DAGs
[2024-11-11T00:21:52.691+0000] {logging_mixin.py:188} INFO - [2024-11-11T00:21:52.691+0000] {dag.py:3954} INFO - Setting next_dagrun for datapipeline_new to None, run_after=None
[2024-11-11T00:21:52.705+0000] {processor.py:183} INFO - Processing /opt/airflow/dags/dag_script.py took 3.244 seconds
[2024-11-11T00:22:23.011+0000] {processor.py:161} INFO - Started process (PID=121) to work on /opt/airflow/dags/dag_script.py
[2024-11-11T00:22:23.013+0000] {processor.py:830} INFO - Processing file /opt/airflow/dags/dag_script.py for tasks to queue
[2024-11-11T00:22:23.014+0000] {logging_mixin.py:188} INFO - [2024-11-11T00:22:23.014+0000] {dagbag.py:545} INFO - Filling up the DagBag from /opt/airflow/dags/dag_script.py
[2024-11-11T00:22:23.796+0000] {logging_mixin.py:188} WARNING - /home/airflow/.local/lib/python3.12/site-packages/airflow/models/baseoperator.py:485 RemovedInAirflow3Warning: provide_context is deprecated as of 2.0 and is no longer required
[2024-11-11T00:22:23.806+0000] {processor.py:840} INFO - DAG(s) 'datapipeline_new' retrieved from /opt/airflow/dags/dag_script.py
[2024-11-11T00:22:23.828+0000] {logging_mixin.py:188} INFO - [2024-11-11T00:22:23.828+0000] {dag.py:3096} INFO - Sync 1 DAGs
[2024-11-11T00:22:23.835+0000] {logging_mixin.py:188} INFO - [2024-11-11T00:22:23.834+0000] {dag.py:3954} INFO - Setting next_dagrun for datapipeline_new to None, run_after=None
[2024-11-11T00:22:23.842+0000] {processor.py:183} INFO - Processing /opt/airflow/dags/dag_script.py took 0.837 seconds
[2024-11-11T00:22:54.195+0000] {processor.py:161} INFO - Started process (PID=138) to work on /opt/airflow/dags/dag_script.py
[2024-11-11T00:22:54.197+0000] {processor.py:830} INFO - Processing file /opt/airflow/dags/dag_script.py for tasks to queue
[2024-11-11T00:22:54.200+0000] {logging_mixin.py:188} INFO - [2024-11-11T00:22:54.199+0000] {dagbag.py:545} INFO - Filling up the DagBag from /opt/airflow/dags/dag_script.py
[2024-11-11T00:22:55.140+0000] {logging_mixin.py:188} WARNING - /home/airflow/.local/lib/python3.12/site-packages/airflow/models/baseoperator.py:485 RemovedInAirflow3Warning: provide_context is deprecated as of 2.0 and is no longer required
[2024-11-11T00:22:55.146+0000] {processor.py:840} INFO - DAG(s) 'datapipeline_new' retrieved from /opt/airflow/dags/dag_script.py
[2024-11-11T00:22:55.173+0000] {logging_mixin.py:188} INFO - [2024-11-11T00:22:55.172+0000] {dag.py:3096} INFO - Sync 1 DAGs
[2024-11-11T00:22:55.178+0000] {logging_mixin.py:188} INFO - [2024-11-11T00:22:55.178+0000] {dag.py:3954} INFO - Setting next_dagrun for datapipeline_new to None, run_after=None
[2024-11-11T00:22:55.189+0000] {processor.py:183} INFO - Processing /opt/airflow/dags/dag_script.py took 1.036 seconds
[2024-11-11T00:23:25.653+0000] {processor.py:161} INFO - Started process (PID=155) to work on /opt/airflow/dags/dag_script.py
[2024-11-11T00:23:25.654+0000] {processor.py:830} INFO - Processing file /opt/airflow/dags/dag_script.py for tasks to queue
[2024-11-11T00:23:25.656+0000] {logging_mixin.py:188} INFO - [2024-11-11T00:23:25.656+0000] {dagbag.py:545} INFO - Filling up the DagBag from /opt/airflow/dags/dag_script.py
[2024-11-11T00:23:26.621+0000] {logging_mixin.py:188} WARNING - /home/airflow/.local/lib/python3.12/site-packages/airflow/models/baseoperator.py:485 RemovedInAirflow3Warning: provide_context is deprecated as of 2.0 and is no longer required
[2024-11-11T00:23:26.629+0000] {processor.py:840} INFO - DAG(s) 'datapipeline_new' retrieved from /opt/airflow/dags/dag_script.py
[2024-11-11T00:23:26.659+0000] {logging_mixin.py:188} INFO - [2024-11-11T00:23:26.658+0000] {dag.py:3096} INFO - Sync 1 DAGs
[2024-11-11T00:23:26.673+0000] {logging_mixin.py:188} INFO - [2024-11-11T00:23:26.673+0000] {dag.py:3954} INFO - Setting next_dagrun for datapipeline_new to None, run_after=None
[2024-11-11T00:23:26.681+0000] {processor.py:183} INFO - Processing /opt/airflow/dags/dag_script.py took 1.038 seconds
[2024-11-11T00:23:57.442+0000] {processor.py:161} INFO - Started process (PID=174) to work on /opt/airflow/dags/dag_script.py
[2024-11-11T00:23:57.443+0000] {processor.py:830} INFO - Processing file /opt/airflow/dags/dag_script.py for tasks to queue
[2024-11-11T00:23:57.445+0000] {logging_mixin.py:188} INFO - [2024-11-11T00:23:57.445+0000] {dagbag.py:545} INFO - Filling up the DagBag from /opt/airflow/dags/dag_script.py
[2024-11-11T00:23:58.336+0000] {logging_mixin.py:188} WARNING - /home/airflow/.local/lib/python3.12/site-packages/airflow/models/baseoperator.py:485 RemovedInAirflow3Warning: provide_context is deprecated as of 2.0 and is no longer required
[2024-11-11T00:23:58.342+0000] {processor.py:840} INFO - DAG(s) 'datapipeline_new' retrieved from /opt/airflow/dags/dag_script.py
[2024-11-11T00:23:58.362+0000] {logging_mixin.py:188} INFO - [2024-11-11T00:23:58.362+0000] {dag.py:3096} INFO - Sync 1 DAGs
[2024-11-11T00:23:58.368+0000] {logging_mixin.py:188} INFO - [2024-11-11T00:23:58.368+0000] {dag.py:3954} INFO - Setting next_dagrun for datapipeline_new to None, run_after=None
[2024-11-11T00:23:58.375+0000] {processor.py:183} INFO - Processing /opt/airflow/dags/dag_script.py took 0.941 seconds
[2024-11-11T00:28:37.489+0000] {processor.py:161} INFO - Started process (PID=77) to work on /opt/airflow/dags/dag_script.py
[2024-11-11T00:28:37.495+0000] {processor.py:830} INFO - Processing file /opt/airflow/dags/dag_script.py for tasks to queue
[2024-11-11T00:28:37.504+0000] {logging_mixin.py:188} INFO - [2024-11-11T00:28:37.504+0000] {dagbag.py:545} INFO - Filling up the DagBag from /opt/airflow/dags/dag_script.py
[2024-11-11T00:28:44.013+0000] {logging_mixin.py:188} INFO - [2024-11-11T00:28:44.011+0000] {font_manager.py:1584} INFO - generated new fontManager
[2024-11-11T00:28:46.627+0000] {logging_mixin.py:188} WARNING - /home/airflow/.local/lib/python3.12/site-packages/airflow/models/baseoperator.py:485 RemovedInAirflow3Warning: provide_context is deprecated as of 2.0 and is no longer required
[2024-11-11T00:28:46.701+0000] {processor.py:840} INFO - DAG(s) 'datapipeline_new' retrieved from /opt/airflow/dags/dag_script.py
[2024-11-11T00:28:47.327+0000] {logging_mixin.py:188} INFO - [2024-11-11T00:28:47.324+0000] {dag.py:3096} INFO - Sync 1 DAGs
[2024-11-11T00:28:47.373+0000] {logging_mixin.py:188} INFO - [2024-11-11T00:28:47.372+0000] {dag.py:3954} INFO - Setting next_dagrun for datapipeline_new to None, run_after=None
[2024-11-11T00:28:47.476+0000] {processor.py:183} INFO - Processing /opt/airflow/dags/dag_script.py took 10.027 seconds
[2024-11-11T00:29:18.460+0000] {processor.py:161} INFO - Started process (PID=97) to work on /opt/airflow/dags/dag_script.py
[2024-11-11T00:29:18.462+0000] {processor.py:830} INFO - Processing file /opt/airflow/dags/dag_script.py for tasks to queue
[2024-11-11T00:29:18.464+0000] {logging_mixin.py:188} INFO - [2024-11-11T00:29:18.463+0000] {dagbag.py:545} INFO - Filling up the DagBag from /opt/airflow/dags/dag_script.py
[2024-11-11T00:29:23.140+0000] {logging_mixin.py:188} WARNING - /home/airflow/.local/lib/python3.12/site-packages/airflow/models/baseoperator.py:485 RemovedInAirflow3Warning: provide_context is deprecated as of 2.0 and is no longer required
[2024-11-11T00:29:23.154+0000] {processor.py:840} INFO - DAG(s) 'datapipeline_new' retrieved from /opt/airflow/dags/dag_script.py
[2024-11-11T00:29:23.220+0000] {logging_mixin.py:188} INFO - [2024-11-11T00:29:23.219+0000] {dag.py:3096} INFO - Sync 1 DAGs
[2024-11-11T00:29:23.241+0000] {logging_mixin.py:188} INFO - [2024-11-11T00:29:23.241+0000] {dag.py:3954} INFO - Setting next_dagrun for datapipeline_new to None, run_after=None
[2024-11-11T00:29:23.253+0000] {processor.py:183} INFO - Processing /opt/airflow/dags/dag_script.py took 4.798 seconds
[2024-11-11T00:29:53.710+0000] {processor.py:161} INFO - Started process (PID=114) to work on /opt/airflow/dags/dag_script.py
[2024-11-11T00:29:53.711+0000] {processor.py:830} INFO - Processing file /opt/airflow/dags/dag_script.py for tasks to queue
[2024-11-11T00:29:53.714+0000] {logging_mixin.py:188} INFO - [2024-11-11T00:29:53.713+0000] {dagbag.py:545} INFO - Filling up the DagBag from /opt/airflow/dags/dag_script.py
[2024-11-11T00:29:54.783+0000] {logging_mixin.py:188} WARNING - /home/airflow/.local/lib/python3.12/site-packages/airflow/models/baseoperator.py:485 RemovedInAirflow3Warning: provide_context is deprecated as of 2.0 and is no longer required
[2024-11-11T00:29:54.791+0000] {processor.py:840} INFO - DAG(s) 'datapipeline_new' retrieved from /opt/airflow/dags/dag_script.py
[2024-11-11T00:29:54.828+0000] {logging_mixin.py:188} INFO - [2024-11-11T00:29:54.827+0000] {dag.py:3096} INFO - Sync 1 DAGs
[2024-11-11T00:29:54.835+0000] {logging_mixin.py:188} INFO - [2024-11-11T00:29:54.835+0000] {dag.py:3954} INFO - Setting next_dagrun for datapipeline_new to None, run_after=None
[2024-11-11T00:29:54.841+0000] {processor.py:183} INFO - Processing /opt/airflow/dags/dag_script.py took 1.146 seconds
[2024-11-11T00:30:25.202+0000] {processor.py:161} INFO - Started process (PID=131) to work on /opt/airflow/dags/dag_script.py
[2024-11-11T00:30:25.204+0000] {processor.py:830} INFO - Processing file /opt/airflow/dags/dag_script.py for tasks to queue
[2024-11-11T00:30:25.208+0000] {logging_mixin.py:188} INFO - [2024-11-11T00:30:25.207+0000] {dagbag.py:545} INFO - Filling up the DagBag from /opt/airflow/dags/dag_script.py
[2024-11-11T00:30:26.212+0000] {logging_mixin.py:188} WARNING - /home/airflow/.local/lib/python3.12/site-packages/airflow/models/baseoperator.py:485 RemovedInAirflow3Warning: provide_context is deprecated as of 2.0 and is no longer required
[2024-11-11T00:30:26.219+0000] {processor.py:840} INFO - DAG(s) 'datapipeline_new' retrieved from /opt/airflow/dags/dag_script.py
[2024-11-11T00:30:26.245+0000] {logging_mixin.py:188} INFO - [2024-11-11T00:30:26.244+0000] {dag.py:3096} INFO - Sync 1 DAGs
[2024-11-11T00:30:26.251+0000] {logging_mixin.py:188} INFO - [2024-11-11T00:30:26.251+0000] {dag.py:3954} INFO - Setting next_dagrun for datapipeline_new to None, run_after=None
[2024-11-11T00:30:26.259+0000] {processor.py:183} INFO - Processing /opt/airflow/dags/dag_script.py took 1.068 seconds
[2024-11-11T00:30:56.689+0000] {processor.py:161} INFO - Started process (PID=148) to work on /opt/airflow/dags/dag_script.py
[2024-11-11T00:30:56.691+0000] {processor.py:830} INFO - Processing file /opt/airflow/dags/dag_script.py for tasks to queue
[2024-11-11T00:30:56.693+0000] {logging_mixin.py:188} INFO - [2024-11-11T00:30:56.693+0000] {dagbag.py:545} INFO - Filling up the DagBag from /opt/airflow/dags/dag_script.py
[2024-11-11T00:30:57.698+0000] {logging_mixin.py:188} WARNING - /home/airflow/.local/lib/python3.12/site-packages/airflow/models/baseoperator.py:485 RemovedInAirflow3Warning: provide_context is deprecated as of 2.0 and is no longer required
[2024-11-11T00:30:57.703+0000] {processor.py:840} INFO - DAG(s) 'datapipeline_new' retrieved from /opt/airflow/dags/dag_script.py
[2024-11-11T00:30:57.726+0000] {logging_mixin.py:188} INFO - [2024-11-11T00:30:57.726+0000] {dag.py:3096} INFO - Sync 1 DAGs
[2024-11-11T00:30:57.731+0000] {logging_mixin.py:188} INFO - [2024-11-11T00:30:57.730+0000] {dag.py:3954} INFO - Setting next_dagrun for datapipeline_new to None, run_after=None
[2024-11-11T00:30:57.738+0000] {processor.py:183} INFO - Processing /opt/airflow/dags/dag_script.py took 1.059 seconds
[2024-11-11T00:31:27.829+0000] {processor.py:161} INFO - Started process (PID=165) to work on /opt/airflow/dags/dag_script.py
[2024-11-11T00:31:27.830+0000] {processor.py:830} INFO - Processing file /opt/airflow/dags/dag_script.py for tasks to queue
[2024-11-11T00:31:27.834+0000] {logging_mixin.py:188} INFO - [2024-11-11T00:31:27.833+0000] {dagbag.py:545} INFO - Filling up the DagBag from /opt/airflow/dags/dag_script.py
[2024-11-11T00:31:29.330+0000] {logging_mixin.py:188} WARNING - /home/airflow/.local/lib/python3.12/site-packages/airflow/models/baseoperator.py:485 RemovedInAirflow3Warning: provide_context is deprecated as of 2.0 and is no longer required
[2024-11-11T00:31:29.339+0000] {processor.py:840} INFO - DAG(s) 'datapipeline_new' retrieved from /opt/airflow/dags/dag_script.py
[2024-11-11T00:31:29.376+0000] {logging_mixin.py:188} INFO - [2024-11-11T00:31:29.376+0000] {dag.py:3096} INFO - Sync 1 DAGs
[2024-11-11T00:31:29.414+0000] {logging_mixin.py:188} INFO - [2024-11-11T00:31:29.414+0000] {dag.py:3954} INFO - Setting next_dagrun for datapipeline_new to None, run_after=None
[2024-11-11T00:31:29.432+0000] {processor.py:183} INFO - Processing /opt/airflow/dags/dag_script.py took 1.612 seconds
[2024-11-11T00:32:00.331+0000] {processor.py:161} INFO - Started process (PID=182) to work on /opt/airflow/dags/dag_script.py
[2024-11-11T00:32:00.332+0000] {processor.py:830} INFO - Processing file /opt/airflow/dags/dag_script.py for tasks to queue
[2024-11-11T00:32:00.334+0000] {logging_mixin.py:188} INFO - [2024-11-11T00:32:00.334+0000] {dagbag.py:545} INFO - Filling up the DagBag from /opt/airflow/dags/dag_script.py
[2024-11-11T00:32:01.039+0000] {logging_mixin.py:188} WARNING - /home/airflow/.local/lib/python3.12/site-packages/airflow/models/baseoperator.py:485 RemovedInAirflow3Warning: provide_context is deprecated as of 2.0 and is no longer required
[2024-11-11T00:32:01.046+0000] {processor.py:840} INFO - DAG(s) 'datapipeline_new' retrieved from /opt/airflow/dags/dag_script.py
[2024-11-11T00:32:01.073+0000] {logging_mixin.py:188} INFO - [2024-11-11T00:32:01.073+0000] {dag.py:3096} INFO - Sync 1 DAGs
[2024-11-11T00:32:01.080+0000] {logging_mixin.py:188} INFO - [2024-11-11T00:32:01.080+0000] {dag.py:3954} INFO - Setting next_dagrun for datapipeline_new to None, run_after=None
[2024-11-11T00:32:01.096+0000] {processor.py:183} INFO - Processing /opt/airflow/dags/dag_script.py took 0.772 seconds
[2024-11-11T00:32:31.268+0000] {processor.py:161} INFO - Started process (PID=199) to work on /opt/airflow/dags/dag_script.py
[2024-11-11T00:32:31.270+0000] {processor.py:830} INFO - Processing file /opt/airflow/dags/dag_script.py for tasks to queue
[2024-11-11T00:32:31.274+0000] {logging_mixin.py:188} INFO - [2024-11-11T00:32:31.273+0000] {dagbag.py:545} INFO - Filling up the DagBag from /opt/airflow/dags/dag_script.py
[2024-11-11T00:32:32.374+0000] {logging_mixin.py:188} WARNING - /home/airflow/.local/lib/python3.12/site-packages/airflow/models/baseoperator.py:485 RemovedInAirflow3Warning: provide_context is deprecated as of 2.0 and is no longer required
[2024-11-11T00:32:32.382+0000] {processor.py:840} INFO - DAG(s) 'datapipeline_new' retrieved from /opt/airflow/dags/dag_script.py
[2024-11-11T00:32:32.410+0000] {logging_mixin.py:188} INFO - [2024-11-11T00:32:32.410+0000] {dag.py:3096} INFO - Sync 1 DAGs
[2024-11-11T00:32:32.416+0000] {logging_mixin.py:188} INFO - [2024-11-11T00:32:32.416+0000] {dag.py:3954} INFO - Setting next_dagrun for datapipeline_new to None, run_after=None
[2024-11-11T00:32:32.423+0000] {processor.py:183} INFO - Processing /opt/airflow/dags/dag_script.py took 1.183 seconds
[2024-11-11T00:33:02.624+0000] {processor.py:161} INFO - Started process (PID=223) to work on /opt/airflow/dags/dag_script.py
[2024-11-11T00:33:02.627+0000] {processor.py:830} INFO - Processing file /opt/airflow/dags/dag_script.py for tasks to queue
[2024-11-11T00:33:02.630+0000] {logging_mixin.py:188} INFO - [2024-11-11T00:33:02.630+0000] {dagbag.py:545} INFO - Filling up the DagBag from /opt/airflow/dags/dag_script.py
[2024-11-11T00:33:03.801+0000] {logging_mixin.py:188} WARNING - /home/airflow/.local/lib/python3.12/site-packages/airflow/models/baseoperator.py:485 RemovedInAirflow3Warning: provide_context is deprecated as of 2.0 and is no longer required
[2024-11-11T00:33:03.825+0000] {processor.py:840} INFO - DAG(s) 'datapipeline_new' retrieved from /opt/airflow/dags/dag_script.py
[2024-11-11T00:33:03.870+0000] {logging_mixin.py:188} INFO - [2024-11-11T00:33:03.870+0000] {dag.py:3096} INFO - Sync 1 DAGs
[2024-11-11T00:33:03.881+0000] {logging_mixin.py:188} INFO - [2024-11-11T00:33:03.881+0000] {dag.py:3954} INFO - Setting next_dagrun for datapipeline_new to None, run_after=None
[2024-11-11T00:33:03.900+0000] {processor.py:183} INFO - Processing /opt/airflow/dags/dag_script.py took 1.287 seconds
[2024-11-11T00:34:10.859+0000] {processor.py:161} INFO - Started process (PID=66) to work on /opt/airflow/dags/dag_script.py
[2024-11-11T00:34:10.864+0000] {processor.py:830} INFO - Processing file /opt/airflow/dags/dag_script.py for tasks to queue
[2024-11-11T00:34:10.867+0000] {logging_mixin.py:188} INFO - [2024-11-11T00:34:10.867+0000] {dagbag.py:545} INFO - Filling up the DagBag from /opt/airflow/dags/dag_script.py
[2024-11-11T00:34:13.132+0000] {logging_mixin.py:188} WARNING - /home/airflow/.local/lib/python3.12/site-packages/airflow/models/baseoperator.py:485 RemovedInAirflow3Warning: provide_context is deprecated as of 2.0 and is no longer required
[2024-11-11T00:34:13.147+0000] {processor.py:840} INFO - DAG(s) 'datapipeline_new' retrieved from /opt/airflow/dags/dag_script.py
[2024-11-11T00:34:13.308+0000] {logging_mixin.py:188} INFO - [2024-11-11T00:34:13.307+0000] {dag.py:3096} INFO - Sync 1 DAGs
[2024-11-11T00:34:13.314+0000] {logging_mixin.py:188} INFO - [2024-11-11T00:34:13.314+0000] {dag.py:3954} INFO - Setting next_dagrun for datapipeline_new to None, run_after=None
[2024-11-11T00:34:13.329+0000] {processor.py:183} INFO - Processing /opt/airflow/dags/dag_script.py took 2.480 seconds
[2024-11-11T00:34:43.436+0000] {processor.py:161} INFO - Started process (PID=90) to work on /opt/airflow/dags/dag_script.py
[2024-11-11T00:34:43.443+0000] {processor.py:830} INFO - Processing file /opt/airflow/dags/dag_script.py for tasks to queue
[2024-11-11T00:34:43.445+0000] {logging_mixin.py:188} INFO - [2024-11-11T00:34:43.445+0000] {dagbag.py:545} INFO - Filling up the DagBag from /opt/airflow/dags/dag_script.py
[2024-11-11T00:34:45.093+0000] {logging_mixin.py:188} WARNING - /home/airflow/.local/lib/python3.12/site-packages/airflow/models/baseoperator.py:485 RemovedInAirflow3Warning: provide_context is deprecated as of 2.0 and is no longer required
[2024-11-11T00:34:45.101+0000] {processor.py:840} INFO - DAG(s) 'datapipeline_new' retrieved from /opt/airflow/dags/dag_script.py
[2024-11-11T00:34:45.131+0000] {logging_mixin.py:188} INFO - [2024-11-11T00:34:45.130+0000] {dag.py:3096} INFO - Sync 1 DAGs
[2024-11-11T00:34:45.138+0000] {logging_mixin.py:188} INFO - [2024-11-11T00:34:45.137+0000] {dag.py:3954} INFO - Setting next_dagrun for datapipeline_new to None, run_after=None
[2024-11-11T00:34:45.144+0000] {processor.py:183} INFO - Processing /opt/airflow/dags/dag_script.py took 1.710 seconds
[2024-11-11T00:35:15.498+0000] {processor.py:161} INFO - Started process (PID=120) to work on /opt/airflow/dags/dag_script.py
[2024-11-11T00:35:15.499+0000] {processor.py:830} INFO - Processing file /opt/airflow/dags/dag_script.py for tasks to queue
[2024-11-11T00:35:15.501+0000] {logging_mixin.py:188} INFO - [2024-11-11T00:35:15.501+0000] {dagbag.py:545} INFO - Filling up the DagBag from /opt/airflow/dags/dag_script.py
[2024-11-11T00:35:16.592+0000] {logging_mixin.py:188} WARNING - /home/airflow/.local/lib/python3.12/site-packages/airflow/models/baseoperator.py:485 RemovedInAirflow3Warning: provide_context is deprecated as of 2.0 and is no longer required
[2024-11-11T00:35:16.598+0000] {processor.py:840} INFO - DAG(s) 'datapipeline_new' retrieved from /opt/airflow/dags/dag_script.py
[2024-11-11T00:35:16.616+0000] {logging_mixin.py:188} INFO - [2024-11-11T00:35:16.616+0000] {dag.py:3096} INFO - Sync 1 DAGs
[2024-11-11T00:35:16.622+0000] {logging_mixin.py:188} INFO - [2024-11-11T00:35:16.622+0000] {dag.py:3954} INFO - Setting next_dagrun for datapipeline_new to None, run_after=None
[2024-11-11T00:35:16.629+0000] {processor.py:183} INFO - Processing /opt/airflow/dags/dag_script.py took 1.136 seconds
[2024-11-11T00:35:46.940+0000] {processor.py:161} INFO - Started process (PID=144) to work on /opt/airflow/dags/dag_script.py
[2024-11-11T00:35:46.941+0000] {processor.py:830} INFO - Processing file /opt/airflow/dags/dag_script.py for tasks to queue
[2024-11-11T00:35:46.945+0000] {logging_mixin.py:188} INFO - [2024-11-11T00:35:46.944+0000] {dagbag.py:545} INFO - Filling up the DagBag from /opt/airflow/dags/dag_script.py
[2024-11-11T00:35:47.880+0000] {logging_mixin.py:188} WARNING - /home/airflow/.local/lib/python3.12/site-packages/airflow/models/baseoperator.py:485 RemovedInAirflow3Warning: provide_context is deprecated as of 2.0 and is no longer required
[2024-11-11T00:35:47.885+0000] {processor.py:840} INFO - DAG(s) 'datapipeline_new' retrieved from /opt/airflow/dags/dag_script.py
[2024-11-11T00:35:47.902+0000] {logging_mixin.py:188} INFO - [2024-11-11T00:35:47.902+0000] {dag.py:3096} INFO - Sync 1 DAGs
[2024-11-11T00:35:47.907+0000] {logging_mixin.py:188} INFO - [2024-11-11T00:35:47.907+0000] {dag.py:3954} INFO - Setting next_dagrun for datapipeline_new to None, run_after=None
[2024-11-11T00:35:47.913+0000] {processor.py:183} INFO - Processing /opt/airflow/dags/dag_script.py took 0.979 seconds
[2024-11-11T00:37:33.373+0000] {processor.py:161} INFO - Started process (PID=111) to work on /opt/airflow/dags/dag_script.py
[2024-11-11T00:37:33.391+0000] {processor.py:830} INFO - Processing file /opt/airflow/dags/dag_script.py for tasks to queue
[2024-11-11T00:37:33.421+0000] {logging_mixin.py:188} INFO - [2024-11-11T00:37:33.414+0000] {dagbag.py:545} INFO - Filling up the DagBag from /opt/airflow/dags/dag_script.py
[2024-11-11T00:37:38.314+0000] {logging_mixin.py:188} WARNING - /home/airflow/.local/lib/python3.12/site-packages/airflow/models/baseoperator.py:485 RemovedInAirflow3Warning: provide_context is deprecated as of 2.0 and is no longer required
[2024-11-11T00:37:38.331+0000] {processor.py:840} INFO - DAG(s) 'datapipeline_new' retrieved from /opt/airflow/dags/dag_script.py
[2024-11-11T00:37:38.561+0000] {logging_mixin.py:188} INFO - [2024-11-11T00:37:38.561+0000] {dag.py:3096} INFO - Sync 1 DAGs
[2024-11-11T00:37:38.566+0000] {logging_mixin.py:188} INFO - [2024-11-11T00:37:38.566+0000] {dag.py:3954} INFO - Setting next_dagrun for datapipeline_new to None, run_after=None
[2024-11-11T00:37:38.610+0000] {processor.py:183} INFO - Processing /opt/airflow/dags/dag_script.py took 5.292 seconds
[2024-11-11T00:38:08.950+0000] {processor.py:161} INFO - Started process (PID=138) to work on /opt/airflow/dags/dag_script.py
[2024-11-11T00:38:08.954+0000] {processor.py:830} INFO - Processing file /opt/airflow/dags/dag_script.py for tasks to queue
[2024-11-11T00:38:08.961+0000] {logging_mixin.py:188} INFO - [2024-11-11T00:38:08.960+0000] {dagbag.py:545} INFO - Filling up the DagBag from /opt/airflow/dags/dag_script.py
[2024-11-11T00:38:10.823+0000] {logging_mixin.py:188} WARNING - /home/airflow/.local/lib/python3.12/site-packages/airflow/models/baseoperator.py:485 RemovedInAirflow3Warning: provide_context is deprecated as of 2.0 and is no longer required
[2024-11-11T00:38:10.833+0000] {processor.py:840} INFO - DAG(s) 'datapipeline_new' retrieved from /opt/airflow/dags/dag_script.py
[2024-11-11T00:38:10.887+0000] {logging_mixin.py:188} INFO - [2024-11-11T00:38:10.886+0000] {dag.py:3096} INFO - Sync 1 DAGs
[2024-11-11T00:38:10.896+0000] {logging_mixin.py:188} INFO - [2024-11-11T00:38:10.896+0000] {dag.py:3954} INFO - Setting next_dagrun for datapipeline_new to None, run_after=None
[2024-11-11T00:38:10.905+0000] {processor.py:183} INFO - Processing /opt/airflow/dags/dag_script.py took 1.975 seconds
[2024-11-11T00:40:12.345+0000] {processor.py:161} INFO - Started process (PID=114) to work on /opt/airflow/dags/dag_script.py
[2024-11-11T00:40:12.362+0000] {processor.py:830} INFO - Processing file /opt/airflow/dags/dag_script.py for tasks to queue
[2024-11-11T00:40:12.375+0000] {logging_mixin.py:188} INFO - [2024-11-11T00:40:12.375+0000] {dagbag.py:545} INFO - Filling up the DagBag from /opt/airflow/dags/dag_script.py
[2024-11-11T00:40:16.166+0000] {logging_mixin.py:188} INFO - [2024-11-11T00:40:16.164+0000] {font_manager.py:1584} INFO - generated new fontManager
[2024-11-11T00:40:16.808+0000] {logging_mixin.py:188} WARNING - /home/airflow/.local/lib/python3.12/site-packages/airflow/models/baseoperator.py:485 RemovedInAirflow3Warning: provide_context is deprecated as of 2.0 and is no longer required
[2024-11-11T00:40:16.845+0000] {processor.py:840} INFO - DAG(s) 'datapipeline_new' retrieved from /opt/airflow/dags/dag_script.py
[2024-11-11T00:40:17.072+0000] {logging_mixin.py:188} INFO - [2024-11-11T00:40:17.071+0000] {dag.py:3096} INFO - Sync 1 DAGs
[2024-11-11T00:40:17.085+0000] {logging_mixin.py:188} INFO - [2024-11-11T00:40:17.084+0000] {dag.py:3954} INFO - Setting next_dagrun for datapipeline_new to None, run_after=None
[2024-11-11T00:40:17.247+0000] {processor.py:183} INFO - Processing /opt/airflow/dags/dag_script.py took 4.933 seconds
[2024-11-11T00:40:47.826+0000] {processor.py:161} INFO - Started process (PID=143) to work on /opt/airflow/dags/dag_script.py
[2024-11-11T00:40:47.831+0000] {processor.py:830} INFO - Processing file /opt/airflow/dags/dag_script.py for tasks to queue
[2024-11-11T00:40:47.837+0000] {logging_mixin.py:188} INFO - [2024-11-11T00:40:47.836+0000] {dagbag.py:545} INFO - Filling up the DagBag from /opt/airflow/dags/dag_script.py
[2024-11-11T00:40:50.449+0000] {logging_mixin.py:188} WARNING - /home/airflow/.local/lib/python3.12/site-packages/airflow/models/baseoperator.py:485 RemovedInAirflow3Warning: provide_context is deprecated as of 2.0 and is no longer required
[2024-11-11T00:40:50.457+0000] {processor.py:840} INFO - DAG(s) 'datapipeline_new' retrieved from /opt/airflow/dags/dag_script.py
[2024-11-11T00:40:50.540+0000] {logging_mixin.py:188} INFO - [2024-11-11T00:40:50.540+0000] {dag.py:3096} INFO - Sync 1 DAGs
[2024-11-11T00:40:50.558+0000] {logging_mixin.py:188} INFO - [2024-11-11T00:40:50.557+0000] {dag.py:3954} INFO - Setting next_dagrun for datapipeline_new to None, run_after=None
[2024-11-11T00:40:50.587+0000] {processor.py:183} INFO - Processing /opt/airflow/dags/dag_script.py took 2.777 seconds
[2024-11-11T00:43:25.865+0000] {processor.py:161} INFO - Started process (PID=67) to work on /opt/airflow/dags/dag_script.py
[2024-11-11T00:43:25.869+0000] {processor.py:830} INFO - Processing file /opt/airflow/dags/dag_script.py for tasks to queue
[2024-11-11T00:43:25.883+0000] {logging_mixin.py:188} INFO - [2024-11-11T00:43:25.883+0000] {dagbag.py:545} INFO - Filling up the DagBag from /opt/airflow/dags/dag_script.py
[2024-11-11T00:43:29.999+0000] {logging_mixin.py:188} WARNING - /home/airflow/.local/lib/python3.12/site-packages/airflow/models/baseoperator.py:485 RemovedInAirflow3Warning: provide_context is deprecated as of 2.0 and is no longer required
[2024-11-11T00:43:30.017+0000] {processor.py:840} INFO - DAG(s) 'datapipeline_new' retrieved from /opt/airflow/dags/dag_script.py
[2024-11-11T00:43:30.398+0000] {logging_mixin.py:188} INFO - [2024-11-11T00:43:30.395+0000] {dag.py:3096} INFO - Sync 1 DAGs
[2024-11-11T00:43:30.421+0000] {logging_mixin.py:188} INFO - [2024-11-11T00:43:30.420+0000] {dag.py:3954} INFO - Setting next_dagrun for datapipeline_new to None, run_after=None
[2024-11-11T00:43:30.470+0000] {processor.py:183} INFO - Processing /opt/airflow/dags/dag_script.py took 4.624 seconds
[2024-11-11T00:44:00.638+0000] {processor.py:161} INFO - Started process (PID=91) to work on /opt/airflow/dags/dag_script.py
[2024-11-11T00:44:00.640+0000] {processor.py:830} INFO - Processing file /opt/airflow/dags/dag_script.py for tasks to queue
[2024-11-11T00:44:00.645+0000] {logging_mixin.py:188} INFO - [2024-11-11T00:44:00.645+0000] {dagbag.py:545} INFO - Filling up the DagBag from /opt/airflow/dags/dag_script.py
[2024-11-11T00:44:01.833+0000] {logging_mixin.py:188} WARNING - /home/airflow/.local/lib/python3.12/site-packages/airflow/models/baseoperator.py:485 RemovedInAirflow3Warning: provide_context is deprecated as of 2.0 and is no longer required
[2024-11-11T00:44:01.845+0000] {processor.py:840} INFO - DAG(s) 'datapipeline_new' retrieved from /opt/airflow/dags/dag_script.py
[2024-11-11T00:44:01.885+0000] {logging_mixin.py:188} INFO - [2024-11-11T00:44:01.885+0000] {dag.py:3096} INFO - Sync 1 DAGs
[2024-11-11T00:44:01.895+0000] {logging_mixin.py:188} INFO - [2024-11-11T00:44:01.895+0000] {dag.py:3954} INFO - Setting next_dagrun for datapipeline_new to None, run_after=None
[2024-11-11T00:44:01.905+0000] {processor.py:183} INFO - Processing /opt/airflow/dags/dag_script.py took 1.277 seconds
[2024-11-11T00:44:32.961+0000] {processor.py:161} INFO - Started process (PID=117) to work on /opt/airflow/dags/dag_script.py
[2024-11-11T00:44:32.962+0000] {processor.py:830} INFO - Processing file /opt/airflow/dags/dag_script.py for tasks to queue
[2024-11-11T00:44:32.966+0000] {logging_mixin.py:188} INFO - [2024-11-11T00:44:32.965+0000] {dagbag.py:545} INFO - Filling up the DagBag from /opt/airflow/dags/dag_script.py
[2024-11-11T00:44:34.031+0000] {logging_mixin.py:188} WARNING - /home/airflow/.local/lib/python3.12/site-packages/airflow/models/baseoperator.py:485 RemovedInAirflow3Warning: provide_context is deprecated as of 2.0 and is no longer required
[2024-11-11T00:44:34.039+0000] {processor.py:840} INFO - DAG(s) 'datapipeline_new' retrieved from /opt/airflow/dags/dag_script.py
[2024-11-11T00:44:34.089+0000] {logging_mixin.py:188} INFO - [2024-11-11T00:44:34.088+0000] {dag.py:3096} INFO - Sync 1 DAGs
[2024-11-11T00:44:34.096+0000] {logging_mixin.py:188} INFO - [2024-11-11T00:44:34.096+0000] {dag.py:3954} INFO - Setting next_dagrun for datapipeline_new to None, run_after=None
[2024-11-11T00:44:34.106+0000] {processor.py:183} INFO - Processing /opt/airflow/dags/dag_script.py took 1.150 seconds
[2024-11-11T00:45:04.499+0000] {processor.py:161} INFO - Started process (PID=142) to work on /opt/airflow/dags/dag_script.py
[2024-11-11T00:45:04.502+0000] {processor.py:830} INFO - Processing file /opt/airflow/dags/dag_script.py for tasks to queue
[2024-11-11T00:45:04.511+0000] {logging_mixin.py:188} INFO - [2024-11-11T00:45:04.511+0000] {dagbag.py:545} INFO - Filling up the DagBag from /opt/airflow/dags/dag_script.py
[2024-11-11T00:45:05.456+0000] {logging_mixin.py:188} WARNING - /home/airflow/.local/lib/python3.12/site-packages/airflow/models/baseoperator.py:485 RemovedInAirflow3Warning: provide_context is deprecated as of 2.0 and is no longer required
[2024-11-11T00:45:05.462+0000] {processor.py:840} INFO - DAG(s) 'datapipeline_new' retrieved from /opt/airflow/dags/dag_script.py
[2024-11-11T00:45:05.496+0000] {logging_mixin.py:188} INFO - [2024-11-11T00:45:05.496+0000] {dag.py:3096} INFO - Sync 1 DAGs
[2024-11-11T00:45:05.502+0000] {logging_mixin.py:188} INFO - [2024-11-11T00:45:05.502+0000] {dag.py:3954} INFO - Setting next_dagrun for datapipeline_new to None, run_after=None
[2024-11-11T00:45:05.510+0000] {processor.py:183} INFO - Processing /opt/airflow/dags/dag_script.py took 1.020 seconds
[2024-11-11T00:45:35.868+0000] {processor.py:161} INFO - Started process (PID=167) to work on /opt/airflow/dags/dag_script.py
[2024-11-11T00:45:35.869+0000] {processor.py:830} INFO - Processing file /opt/airflow/dags/dag_script.py for tasks to queue
[2024-11-11T00:45:35.872+0000] {logging_mixin.py:188} INFO - [2024-11-11T00:45:35.871+0000] {dagbag.py:545} INFO - Filling up the DagBag from /opt/airflow/dags/dag_script.py
[2024-11-11T00:45:36.777+0000] {logging_mixin.py:188} WARNING - /home/airflow/.local/lib/python3.12/site-packages/airflow/models/baseoperator.py:485 RemovedInAirflow3Warning: provide_context is deprecated as of 2.0 and is no longer required
[2024-11-11T00:45:36.789+0000] {processor.py:840} INFO - DAG(s) 'datapipeline_new' retrieved from /opt/airflow/dags/dag_script.py
[2024-11-11T00:45:36.821+0000] {logging_mixin.py:188} INFO - [2024-11-11T00:45:36.820+0000] {dag.py:3096} INFO - Sync 1 DAGs
[2024-11-11T00:45:36.828+0000] {logging_mixin.py:188} INFO - [2024-11-11T00:45:36.828+0000] {dag.py:3954} INFO - Setting next_dagrun for datapipeline_new to None, run_after=None
[2024-11-11T00:45:36.835+0000] {processor.py:183} INFO - Processing /opt/airflow/dags/dag_script.py took 0.972 seconds
[2024-11-11T00:46:07.294+0000] {processor.py:161} INFO - Started process (PID=192) to work on /opt/airflow/dags/dag_script.py
[2024-11-11T00:46:07.296+0000] {processor.py:830} INFO - Processing file /opt/airflow/dags/dag_script.py for tasks to queue
[2024-11-11T00:46:07.299+0000] {logging_mixin.py:188} INFO - [2024-11-11T00:46:07.299+0000] {dagbag.py:545} INFO - Filling up the DagBag from /opt/airflow/dags/dag_script.py
[2024-11-11T00:46:08.333+0000] {logging_mixin.py:188} WARNING - /home/airflow/.local/lib/python3.12/site-packages/airflow/models/baseoperator.py:485 RemovedInAirflow3Warning: provide_context is deprecated as of 2.0 and is no longer required
[2024-11-11T00:46:08.350+0000] {processor.py:840} INFO - DAG(s) 'datapipeline_new' retrieved from /opt/airflow/dags/dag_script.py
[2024-11-11T00:46:08.388+0000] {logging_mixin.py:188} INFO - [2024-11-11T00:46:08.388+0000] {dag.py:3096} INFO - Sync 1 DAGs
[2024-11-11T00:46:08.396+0000] {logging_mixin.py:188} INFO - [2024-11-11T00:46:08.396+0000] {dag.py:3954} INFO - Setting next_dagrun for datapipeline_new to None, run_after=None
[2024-11-11T00:46:08.410+0000] {processor.py:183} INFO - Processing /opt/airflow/dags/dag_script.py took 1.123 seconds
[2024-11-11T00:46:38.829+0000] {processor.py:161} INFO - Started process (PID=217) to work on /opt/airflow/dags/dag_script.py
[2024-11-11T00:46:38.830+0000] {processor.py:830} INFO - Processing file /opt/airflow/dags/dag_script.py for tasks to queue
[2024-11-11T00:46:38.831+0000] {logging_mixin.py:188} INFO - [2024-11-11T00:46:38.831+0000] {dagbag.py:545} INFO - Filling up the DagBag from /opt/airflow/dags/dag_script.py
[2024-11-11T00:46:39.733+0000] {logging_mixin.py:188} WARNING - /home/airflow/.local/lib/python3.12/site-packages/airflow/models/baseoperator.py:485 RemovedInAirflow3Warning: provide_context is deprecated as of 2.0 and is no longer required
[2024-11-11T00:46:39.739+0000] {processor.py:840} INFO - DAG(s) 'datapipeline_new' retrieved from /opt/airflow/dags/dag_script.py
[2024-11-11T00:46:39.765+0000] {logging_mixin.py:188} INFO - [2024-11-11T00:46:39.765+0000] {dag.py:3096} INFO - Sync 1 DAGs
[2024-11-11T00:46:39.770+0000] {logging_mixin.py:188} INFO - [2024-11-11T00:46:39.770+0000] {dag.py:3954} INFO - Setting next_dagrun for datapipeline_new to None, run_after=None
[2024-11-11T00:46:39.779+0000] {processor.py:183} INFO - Processing /opt/airflow/dags/dag_script.py took 0.955 seconds
[2024-11-11T00:47:10.267+0000] {processor.py:161} INFO - Started process (PID=242) to work on /opt/airflow/dags/dag_script.py
[2024-11-11T00:47:10.268+0000] {processor.py:830} INFO - Processing file /opt/airflow/dags/dag_script.py for tasks to queue
[2024-11-11T00:47:10.270+0000] {logging_mixin.py:188} INFO - [2024-11-11T00:47:10.269+0000] {dagbag.py:545} INFO - Filling up the DagBag from /opt/airflow/dags/dag_script.py
[2024-11-11T00:47:11.473+0000] {logging_mixin.py:188} WARNING - /home/airflow/.local/lib/python3.12/site-packages/airflow/models/baseoperator.py:485 RemovedInAirflow3Warning: provide_context is deprecated as of 2.0 and is no longer required
[2024-11-11T00:47:11.481+0000] {processor.py:840} INFO - DAG(s) 'datapipeline_new' retrieved from /opt/airflow/dags/dag_script.py
[2024-11-11T00:47:11.528+0000] {logging_mixin.py:188} INFO - [2024-11-11T00:47:11.527+0000] {dag.py:3096} INFO - Sync 1 DAGs
[2024-11-11T00:47:11.537+0000] {logging_mixin.py:188} INFO - [2024-11-11T00:47:11.537+0000] {dag.py:3954} INFO - Setting next_dagrun for datapipeline_new to None, run_after=None
[2024-11-11T00:47:11.548+0000] {processor.py:183} INFO - Processing /opt/airflow/dags/dag_script.py took 1.287 seconds
[2024-11-11T00:47:41.917+0000] {processor.py:161} INFO - Started process (PID=267) to work on /opt/airflow/dags/dag_script.py
[2024-11-11T00:47:41.924+0000] {processor.py:830} INFO - Processing file /opt/airflow/dags/dag_script.py for tasks to queue
[2024-11-11T00:47:41.928+0000] {logging_mixin.py:188} INFO - [2024-11-11T00:47:41.928+0000] {dagbag.py:545} INFO - Filling up the DagBag from /opt/airflow/dags/dag_script.py
[2024-11-11T00:47:42.900+0000] {logging_mixin.py:188} WARNING - /home/airflow/.local/lib/python3.12/site-packages/airflow/models/baseoperator.py:485 RemovedInAirflow3Warning: provide_context is deprecated as of 2.0 and is no longer required
[2024-11-11T00:47:42.908+0000] {processor.py:840} INFO - DAG(s) 'datapipeline_new' retrieved from /opt/airflow/dags/dag_script.py
[2024-11-11T00:47:42.937+0000] {logging_mixin.py:188} INFO - [2024-11-11T00:47:42.936+0000] {dag.py:3096} INFO - Sync 1 DAGs
[2024-11-11T00:47:42.942+0000] {logging_mixin.py:188} INFO - [2024-11-11T00:47:42.942+0000] {dag.py:3954} INFO - Setting next_dagrun for datapipeline_new to None, run_after=None
[2024-11-11T00:47:42.949+0000] {processor.py:183} INFO - Processing /opt/airflow/dags/dag_script.py took 1.047 seconds
[2024-11-11T00:48:13.245+0000] {processor.py:161} INFO - Started process (PID=292) to work on /opt/airflow/dags/dag_script.py
[2024-11-11T00:48:13.246+0000] {processor.py:830} INFO - Processing file /opt/airflow/dags/dag_script.py for tasks to queue
[2024-11-11T00:48:13.250+0000] {logging_mixin.py:188} INFO - [2024-11-11T00:48:13.249+0000] {dagbag.py:545} INFO - Filling up the DagBag from /opt/airflow/dags/dag_script.py
[2024-11-11T00:48:18.339+0000] {logging_mixin.py:188} WARNING - /home/airflow/.local/lib/python3.12/site-packages/airflow/models/baseoperator.py:485 RemovedInAirflow3Warning: provide_context is deprecated as of 2.0 and is no longer required
[2024-11-11T00:48:18.363+0000] {processor.py:840} INFO - DAG(s) 'datapipeline_new' retrieved from /opt/airflow/dags/dag_script.py
[2024-11-11T00:48:18.412+0000] {logging_mixin.py:188} INFO - [2024-11-11T00:48:18.411+0000] {dag.py:3096} INFO - Sync 1 DAGs
[2024-11-11T00:48:18.422+0000] {logging_mixin.py:188} INFO - [2024-11-11T00:48:18.422+0000] {dag.py:3954} INFO - Setting next_dagrun for datapipeline_new to None, run_after=None
[2024-11-11T00:48:18.462+0000] {processor.py:183} INFO - Processing /opt/airflow/dags/dag_script.py took 5.222 seconds
[2024-11-11T00:48:48.913+0000] {processor.py:161} INFO - Started process (PID=316) to work on /opt/airflow/dags/dag_script.py
[2024-11-11T00:48:48.915+0000] {processor.py:830} INFO - Processing file /opt/airflow/dags/dag_script.py for tasks to queue
[2024-11-11T00:48:48.921+0000] {logging_mixin.py:188} INFO - [2024-11-11T00:48:48.920+0000] {dagbag.py:545} INFO - Filling up the DagBag from /opt/airflow/dags/dag_script.py
[2024-11-11T00:48:50.104+0000] {logging_mixin.py:188} WARNING - /home/airflow/.local/lib/python3.12/site-packages/airflow/models/baseoperator.py:485 RemovedInAirflow3Warning: provide_context is deprecated as of 2.0 and is no longer required
[2024-11-11T00:48:50.112+0000] {processor.py:840} INFO - DAG(s) 'datapipeline_new' retrieved from /opt/airflow/dags/dag_script.py
[2024-11-11T00:48:50.142+0000] {logging_mixin.py:188} INFO - [2024-11-11T00:48:50.141+0000] {dag.py:3096} INFO - Sync 1 DAGs
[2024-11-11T00:48:50.150+0000] {logging_mixin.py:188} INFO - [2024-11-11T00:48:50.150+0000] {dag.py:3954} INFO - Setting next_dagrun for datapipeline_new to None, run_after=None
[2024-11-11T00:48:50.160+0000] {processor.py:183} INFO - Processing /opt/airflow/dags/dag_script.py took 1.257 seconds
[2024-11-11T00:49:20.534+0000] {processor.py:161} INFO - Started process (PID=341) to work on /opt/airflow/dags/dag_script.py
[2024-11-11T00:49:20.536+0000] {processor.py:830} INFO - Processing file /opt/airflow/dags/dag_script.py for tasks to queue
[2024-11-11T00:49:20.538+0000] {logging_mixin.py:188} INFO - [2024-11-11T00:49:20.538+0000] {dagbag.py:545} INFO - Filling up the DagBag from /opt/airflow/dags/dag_script.py
[2024-11-11T00:49:21.550+0000] {logging_mixin.py:188} WARNING - /home/airflow/.local/lib/python3.12/site-packages/airflow/models/baseoperator.py:485 RemovedInAirflow3Warning: provide_context is deprecated as of 2.0 and is no longer required
[2024-11-11T00:49:21.561+0000] {processor.py:840} INFO - DAG(s) 'datapipeline_new' retrieved from /opt/airflow/dags/dag_script.py
[2024-11-11T00:49:21.622+0000] {logging_mixin.py:188} INFO - [2024-11-11T00:49:21.622+0000] {dag.py:3096} INFO - Sync 1 DAGs
[2024-11-11T00:49:21.630+0000] {logging_mixin.py:188} INFO - [2024-11-11T00:49:21.629+0000] {dag.py:3954} INFO - Setting next_dagrun for datapipeline_new to None, run_after=None
[2024-11-11T00:49:21.640+0000] {processor.py:183} INFO - Processing /opt/airflow/dags/dag_script.py took 1.117 seconds
[2024-11-11T00:53:34.546+0000] {processor.py:161} INFO - Started process (PID=60) to work on /opt/airflow/dags/dag_script.py
[2024-11-11T00:53:34.551+0000] {processor.py:830} INFO - Processing file /opt/airflow/dags/dag_script.py for tasks to queue
[2024-11-11T00:53:34.559+0000] {logging_mixin.py:188} INFO - [2024-11-11T00:53:34.558+0000] {dagbag.py:545} INFO - Filling up the DagBag from /opt/airflow/dags/dag_script.py
[2024-11-11T00:53:38.295+0000] {logging_mixin.py:188} WARNING - /home/airflow/.local/lib/python3.12/site-packages/airflow/models/baseoperator.py:485 RemovedInAirflow3Warning: provide_context is deprecated as of 2.0 and is no longer required
[2024-11-11T00:53:38.342+0000] {processor.py:840} INFO - DAG(s) 'datapipeline_new' retrieved from /opt/airflow/dags/dag_script.py
[2024-11-11T00:53:38.638+0000] {logging_mixin.py:188} INFO - [2024-11-11T00:53:38.637+0000] {dag.py:3096} INFO - Sync 1 DAGs
[2024-11-11T00:53:38.659+0000] {logging_mixin.py:188} INFO - [2024-11-11T00:53:38.658+0000] {dag.py:3954} INFO - Setting next_dagrun for datapipeline_new to None, run_after=None
[2024-11-11T00:53:38.698+0000] {processor.py:183} INFO - Processing /opt/airflow/dags/dag_script.py took 4.204 seconds
[2024-11-11T00:54:09.044+0000] {processor.py:161} INFO - Started process (PID=90) to work on /opt/airflow/dags/dag_script.py
[2024-11-11T00:54:09.045+0000] {processor.py:830} INFO - Processing file /opt/airflow/dags/dag_script.py for tasks to queue
[2024-11-11T00:54:09.048+0000] {logging_mixin.py:188} INFO - [2024-11-11T00:54:09.047+0000] {dagbag.py:545} INFO - Filling up the DagBag from /opt/airflow/dags/dag_script.py
[2024-11-11T00:54:10.565+0000] {logging_mixin.py:188} WARNING - /home/airflow/.local/lib/python3.12/site-packages/airflow/models/baseoperator.py:485 RemovedInAirflow3Warning: provide_context is deprecated as of 2.0 and is no longer required
[2024-11-11T00:54:10.577+0000] {processor.py:840} INFO - DAG(s) 'datapipeline_new' retrieved from /opt/airflow/dags/dag_script.py
[2024-11-11T00:54:10.602+0000] {logging_mixin.py:188} INFO - [2024-11-11T00:54:10.602+0000] {dag.py:3096} INFO - Sync 1 DAGs
[2024-11-11T00:54:10.608+0000] {logging_mixin.py:188} INFO - [2024-11-11T00:54:10.608+0000] {dag.py:3954} INFO - Setting next_dagrun for datapipeline_new to None, run_after=None
[2024-11-11T00:54:10.615+0000] {processor.py:183} INFO - Processing /opt/airflow/dags/dag_script.py took 1.577 seconds
[2024-11-11T00:54:40.936+0000] {processor.py:161} INFO - Started process (PID=115) to work on /opt/airflow/dags/dag_script.py
[2024-11-11T00:54:40.937+0000] {processor.py:830} INFO - Processing file /opt/airflow/dags/dag_script.py for tasks to queue
[2024-11-11T00:54:40.939+0000] {logging_mixin.py:188} INFO - [2024-11-11T00:54:40.939+0000] {dagbag.py:545} INFO - Filling up the DagBag from /opt/airflow/dags/dag_script.py
[2024-11-11T00:54:42.107+0000] {logging_mixin.py:188} WARNING - /home/airflow/.local/lib/python3.12/site-packages/airflow/models/baseoperator.py:485 RemovedInAirflow3Warning: provide_context is deprecated as of 2.0 and is no longer required
[2024-11-11T00:54:42.117+0000] {processor.py:840} INFO - DAG(s) 'datapipeline_new' retrieved from /opt/airflow/dags/dag_script.py
[2024-11-11T00:54:42.160+0000] {logging_mixin.py:188} INFO - [2024-11-11T00:54:42.160+0000] {dag.py:3096} INFO - Sync 1 DAGs
[2024-11-11T00:54:42.166+0000] {logging_mixin.py:188} INFO - [2024-11-11T00:54:42.166+0000] {dag.py:3954} INFO - Setting next_dagrun for datapipeline_new to None, run_after=None
[2024-11-11T00:54:42.175+0000] {processor.py:183} INFO - Processing /opt/airflow/dags/dag_script.py took 1.243 seconds
[2024-11-11T00:55:12.487+0000] {processor.py:161} INFO - Started process (PID=140) to work on /opt/airflow/dags/dag_script.py
[2024-11-11T00:55:12.491+0000] {processor.py:830} INFO - Processing file /opt/airflow/dags/dag_script.py for tasks to queue
[2024-11-11T00:55:12.495+0000] {logging_mixin.py:188} INFO - [2024-11-11T00:55:12.494+0000] {dagbag.py:545} INFO - Filling up the DagBag from /opt/airflow/dags/dag_script.py
[2024-11-11T00:55:14.845+0000] {logging_mixin.py:188} WARNING - /home/airflow/.local/lib/python3.12/site-packages/airflow/models/baseoperator.py:485 RemovedInAirflow3Warning: provide_context is deprecated as of 2.0 and is no longer required
[2024-11-11T00:55:14.872+0000] {processor.py:840} INFO - DAG(s) 'datapipeline_new' retrieved from /opt/airflow/dags/dag_script.py
[2024-11-11T00:55:14.960+0000] {logging_mixin.py:188} INFO - [2024-11-11T00:55:14.959+0000] {dag.py:3096} INFO - Sync 1 DAGs
[2024-11-11T00:55:14.981+0000] {logging_mixin.py:188} INFO - [2024-11-11T00:55:14.980+0000] {dag.py:3954} INFO - Setting next_dagrun for datapipeline_new to None, run_after=None
[2024-11-11T00:55:15.020+0000] {processor.py:183} INFO - Processing /opt/airflow/dags/dag_script.py took 2.549 seconds
[2024-11-11T00:55:45.369+0000] {processor.py:161} INFO - Started process (PID=165) to work on /opt/airflow/dags/dag_script.py
[2024-11-11T00:55:45.370+0000] {processor.py:830} INFO - Processing file /opt/airflow/dags/dag_script.py for tasks to queue
[2024-11-11T00:55:45.377+0000] {logging_mixin.py:188} INFO - [2024-11-11T00:55:45.375+0000] {dagbag.py:545} INFO - Filling up the DagBag from /opt/airflow/dags/dag_script.py
[2024-11-11T00:55:46.655+0000] {logging_mixin.py:188} WARNING - /home/airflow/.local/lib/python3.12/site-packages/airflow/models/baseoperator.py:485 RemovedInAirflow3Warning: provide_context is deprecated as of 2.0 and is no longer required
[2024-11-11T00:55:46.663+0000] {processor.py:840} INFO - DAG(s) 'datapipeline_new' retrieved from /opt/airflow/dags/dag_script.py
[2024-11-11T00:55:46.718+0000] {logging_mixin.py:188} INFO - [2024-11-11T00:55:46.718+0000] {dag.py:3096} INFO - Sync 1 DAGs
[2024-11-11T00:55:46.725+0000] {logging_mixin.py:188} INFO - [2024-11-11T00:55:46.725+0000] {dag.py:3954} INFO - Setting next_dagrun for datapipeline_new to None, run_after=None
[2024-11-11T00:55:46.734+0000] {processor.py:183} INFO - Processing /opt/airflow/dags/dag_script.py took 1.374 seconds
[2024-11-11T00:56:17.041+0000] {processor.py:161} INFO - Started process (PID=190) to work on /opt/airflow/dags/dag_script.py
[2024-11-11T00:56:17.042+0000] {processor.py:830} INFO - Processing file /opt/airflow/dags/dag_script.py for tasks to queue
[2024-11-11T00:56:17.044+0000] {logging_mixin.py:188} INFO - [2024-11-11T00:56:17.044+0000] {dagbag.py:545} INFO - Filling up the DagBag from /opt/airflow/dags/dag_script.py
[2024-11-11T00:56:18.549+0000] {logging_mixin.py:188} WARNING - /home/airflow/.local/lib/python3.12/site-packages/airflow/models/baseoperator.py:485 RemovedInAirflow3Warning: provide_context is deprecated as of 2.0 and is no longer required
[2024-11-11T00:56:18.556+0000] {processor.py:840} INFO - DAG(s) 'datapipeline_new' retrieved from /opt/airflow/dags/dag_script.py
[2024-11-11T00:56:18.613+0000] {logging_mixin.py:188} INFO - [2024-11-11T00:56:18.613+0000] {dag.py:3096} INFO - Sync 1 DAGs
[2024-11-11T00:56:18.626+0000] {logging_mixin.py:188} INFO - [2024-11-11T00:56:18.625+0000] {dag.py:3954} INFO - Setting next_dagrun for datapipeline_new to None, run_after=None
[2024-11-11T00:56:18.651+0000] {processor.py:183} INFO - Processing /opt/airflow/dags/dag_script.py took 1.619 seconds
[2024-11-11T00:59:44.684+0000] {processor.py:161} INFO - Started process (PID=60) to work on /opt/airflow/dags/dag_script.py
[2024-11-11T00:59:44.686+0000] {processor.py:830} INFO - Processing file /opt/airflow/dags/dag_script.py for tasks to queue
[2024-11-11T00:59:44.690+0000] {logging_mixin.py:188} INFO - [2024-11-11T00:59:44.690+0000] {dagbag.py:545} INFO - Filling up the DagBag from /opt/airflow/dags/dag_script.py
[2024-11-11T00:59:48.330+0000] {logging_mixin.py:188} WARNING - /home/airflow/.local/lib/python3.12/site-packages/airflow/models/baseoperator.py:485 RemovedInAirflow3Warning: provide_context is deprecated as of 2.0 and is no longer required
[2024-11-11T00:59:48.345+0000] {processor.py:840} INFO - DAG(s) 'datapipeline_new' retrieved from /opt/airflow/dags/dag_script.py
[2024-11-11T00:59:48.546+0000] {logging_mixin.py:188} INFO - [2024-11-11T00:59:48.545+0000] {dag.py:3096} INFO - Sync 1 DAGs
[2024-11-11T00:59:48.556+0000] {logging_mixin.py:188} INFO - [2024-11-11T00:59:48.556+0000] {dag.py:3954} INFO - Setting next_dagrun for datapipeline_new to None, run_after=None
[2024-11-11T00:59:48.589+0000] {processor.py:183} INFO - Processing /opt/airflow/dags/dag_script.py took 3.931 seconds
[2024-11-11T01:00:57.514+0000] {processor.py:161} INFO - Started process (PID=66) to work on /opt/airflow/dags/dag_script.py
[2024-11-11T01:00:57.519+0000] {processor.py:830} INFO - Processing file /opt/airflow/dags/dag_script.py for tasks to queue
[2024-11-11T01:00:57.526+0000] {logging_mixin.py:188} INFO - [2024-11-11T01:00:57.526+0000] {dagbag.py:545} INFO - Filling up the DagBag from /opt/airflow/dags/dag_script.py
[2024-11-11T01:01:01.038+0000] {logging_mixin.py:188} WARNING - /home/airflow/.local/lib/python3.12/site-packages/airflow/models/baseoperator.py:485 RemovedInAirflow3Warning: provide_context is deprecated as of 2.0 and is no longer required
[2024-11-11T01:01:01.068+0000] {processor.py:840} INFO - DAG(s) 'datapipeline_new' retrieved from /opt/airflow/dags/dag_script.py
[2024-11-11T01:01:01.325+0000] {logging_mixin.py:188} INFO - [2024-11-11T01:01:01.322+0000] {dag.py:3096} INFO - Sync 1 DAGs
[2024-11-11T01:01:01.374+0000] {logging_mixin.py:188} INFO - [2024-11-11T01:01:01.374+0000] {dag.py:3954} INFO - Setting next_dagrun for datapipeline_new to None, run_after=None
[2024-11-11T01:01:01.406+0000] {processor.py:183} INFO - Processing /opt/airflow/dags/dag_script.py took 3.916 seconds
[2024-11-11T01:01:31.858+0000] {processor.py:161} INFO - Started process (PID=96) to work on /opt/airflow/dags/dag_script.py
[2024-11-11T01:01:31.859+0000] {processor.py:830} INFO - Processing file /opt/airflow/dags/dag_script.py for tasks to queue
[2024-11-11T01:01:31.868+0000] {logging_mixin.py:188} INFO - [2024-11-11T01:01:31.867+0000] {dagbag.py:545} INFO - Filling up the DagBag from /opt/airflow/dags/dag_script.py
[2024-11-11T01:01:33.175+0000] {logging_mixin.py:188} WARNING - /home/airflow/.local/lib/python3.12/site-packages/airflow/models/baseoperator.py:485 RemovedInAirflow3Warning: provide_context is deprecated as of 2.0 and is no longer required
[2024-11-11T01:01:33.184+0000] {processor.py:840} INFO - DAG(s) 'datapipeline_new' retrieved from /opt/airflow/dags/dag_script.py
[2024-11-11T01:01:33.222+0000] {logging_mixin.py:188} INFO - [2024-11-11T01:01:33.221+0000] {dag.py:3096} INFO - Sync 1 DAGs
[2024-11-11T01:01:33.233+0000] {logging_mixin.py:188} INFO - [2024-11-11T01:01:33.233+0000] {dag.py:3954} INFO - Setting next_dagrun for datapipeline_new to None, run_after=None
[2024-11-11T01:01:33.245+0000] {processor.py:183} INFO - Processing /opt/airflow/dags/dag_script.py took 1.395 seconds
[2024-11-11T01:02:32.785+0000] {processor.py:161} INFO - Started process (PID=60) to work on /opt/airflow/dags/dag_script.py
[2024-11-11T01:02:32.786+0000] {processor.py:830} INFO - Processing file /opt/airflow/dags/dag_script.py for tasks to queue
[2024-11-11T01:02:32.789+0000] {logging_mixin.py:188} INFO - [2024-11-11T01:02:32.789+0000] {dagbag.py:545} INFO - Filling up the DagBag from /opt/airflow/dags/dag_script.py
[2024-11-11T01:02:35.470+0000] {logging_mixin.py:188} WARNING - /home/airflow/.local/lib/python3.12/site-packages/airflow/models/baseoperator.py:485 RemovedInAirflow3Warning: provide_context is deprecated as of 2.0 and is no longer required
[2024-11-11T01:02:35.503+0000] {processor.py:840} INFO - DAG(s) 'datapipeline_new' retrieved from /opt/airflow/dags/dag_script.py
[2024-11-11T01:02:35.789+0000] {logging_mixin.py:188} INFO - [2024-11-11T01:02:35.788+0000] {dag.py:3096} INFO - Sync 1 DAGs
[2024-11-11T01:02:35.804+0000] {logging_mixin.py:188} INFO - [2024-11-11T01:02:35.804+0000] {dag.py:3954} INFO - Setting next_dagrun for datapipeline_new to None, run_after=None
[2024-11-11T01:02:35.849+0000] {processor.py:183} INFO - Processing /opt/airflow/dags/dag_script.py took 3.071 seconds
[2024-11-11T01:03:06.187+0000] {processor.py:161} INFO - Started process (PID=89) to work on /opt/airflow/dags/dag_script.py
[2024-11-11T01:03:06.189+0000] {processor.py:830} INFO - Processing file /opt/airflow/dags/dag_script.py for tasks to queue
[2024-11-11T01:03:06.193+0000] {logging_mixin.py:188} INFO - [2024-11-11T01:03:06.192+0000] {dagbag.py:545} INFO - Filling up the DagBag from /opt/airflow/dags/dag_script.py
[2024-11-11T01:03:07.393+0000] {logging_mixin.py:188} WARNING - /home/airflow/.local/lib/python3.12/site-packages/airflow/models/baseoperator.py:485 RemovedInAirflow3Warning: provide_context is deprecated as of 2.0 and is no longer required
[2024-11-11T01:03:07.400+0000] {processor.py:840} INFO - DAG(s) 'datapipeline_new' retrieved from /opt/airflow/dags/dag_script.py
[2024-11-11T01:03:07.433+0000] {logging_mixin.py:188} INFO - [2024-11-11T01:03:07.433+0000] {dag.py:3096} INFO - Sync 1 DAGs
[2024-11-11T01:03:07.455+0000] {logging_mixin.py:188} INFO - [2024-11-11T01:03:07.455+0000] {dag.py:3954} INFO - Setting next_dagrun for datapipeline_new to None, run_after=None
[2024-11-11T01:03:07.472+0000] {processor.py:183} INFO - Processing /opt/airflow/dags/dag_script.py took 1.298 seconds
[2024-11-11T01:03:37.854+0000] {processor.py:161} INFO - Started process (PID=114) to work on /opt/airflow/dags/dag_script.py
[2024-11-11T01:03:37.855+0000] {processor.py:830} INFO - Processing file /opt/airflow/dags/dag_script.py for tasks to queue
[2024-11-11T01:03:37.858+0000] {logging_mixin.py:188} INFO - [2024-11-11T01:03:37.858+0000] {dagbag.py:545} INFO - Filling up the DagBag from /opt/airflow/dags/dag_script.py
[2024-11-11T01:03:38.952+0000] {logging_mixin.py:188} WARNING - /home/airflow/.local/lib/python3.12/site-packages/airflow/models/baseoperator.py:485 RemovedInAirflow3Warning: provide_context is deprecated as of 2.0 and is no longer required
[2024-11-11T01:03:38.961+0000] {processor.py:840} INFO - DAG(s) 'datapipeline_new' retrieved from /opt/airflow/dags/dag_script.py
[2024-11-11T01:03:38.994+0000] {logging_mixin.py:188} INFO - [2024-11-11T01:03:38.994+0000] {dag.py:3096} INFO - Sync 1 DAGs
[2024-11-11T01:03:39.002+0000] {logging_mixin.py:188} INFO - [2024-11-11T01:03:39.001+0000] {dag.py:3954} INFO - Setting next_dagrun for datapipeline_new to None, run_after=None
[2024-11-11T01:03:39.016+0000] {processor.py:183} INFO - Processing /opt/airflow/dags/dag_script.py took 1.170 seconds
[2024-11-11T01:04:09.327+0000] {processor.py:161} INFO - Started process (PID=139) to work on /opt/airflow/dags/dag_script.py
[2024-11-11T01:04:09.329+0000] {processor.py:830} INFO - Processing file /opt/airflow/dags/dag_script.py for tasks to queue
[2024-11-11T01:04:09.334+0000] {logging_mixin.py:188} INFO - [2024-11-11T01:04:09.334+0000] {dagbag.py:545} INFO - Filling up the DagBag from /opt/airflow/dags/dag_script.py
[2024-11-11T01:04:10.785+0000] {logging_mixin.py:188} WARNING - /home/airflow/.local/lib/python3.12/site-packages/airflow/models/baseoperator.py:485 RemovedInAirflow3Warning: provide_context is deprecated as of 2.0 and is no longer required
[2024-11-11T01:04:10.795+0000] {processor.py:840} INFO - DAG(s) 'datapipeline_new' retrieved from /opt/airflow/dags/dag_script.py
[2024-11-11T01:04:10.830+0000] {logging_mixin.py:188} INFO - [2024-11-11T01:04:10.829+0000] {dag.py:3096} INFO - Sync 1 DAGs
[2024-11-11T01:04:10.837+0000] {logging_mixin.py:188} INFO - [2024-11-11T01:04:10.836+0000] {dag.py:3954} INFO - Setting next_dagrun for datapipeline_new to None, run_after=None
[2024-11-11T01:04:10.846+0000] {processor.py:183} INFO - Processing /opt/airflow/dags/dag_script.py took 1.532 seconds
[2024-11-11T01:04:41.046+0000] {processor.py:161} INFO - Started process (PID=164) to work on /opt/airflow/dags/dag_script.py
[2024-11-11T01:04:41.048+0000] {processor.py:830} INFO - Processing file /opt/airflow/dags/dag_script.py for tasks to queue
[2024-11-11T01:04:41.059+0000] {logging_mixin.py:188} INFO - [2024-11-11T01:04:41.058+0000] {dagbag.py:545} INFO - Filling up the DagBag from /opt/airflow/dags/dag_script.py
[2024-11-11T01:04:42.220+0000] {logging_mixin.py:188} WARNING - /home/airflow/.local/lib/python3.12/site-packages/airflow/models/baseoperator.py:485 RemovedInAirflow3Warning: provide_context is deprecated as of 2.0 and is no longer required
[2024-11-11T01:04:42.264+0000] {processor.py:840} INFO - DAG(s) 'datapipeline_new' retrieved from /opt/airflow/dags/dag_script.py
[2024-11-11T01:04:42.376+0000] {logging_mixin.py:188} INFO - [2024-11-11T01:04:42.376+0000] {dag.py:3096} INFO - Sync 1 DAGs
[2024-11-11T01:04:42.386+0000] {logging_mixin.py:188} INFO - [2024-11-11T01:04:42.386+0000] {dag.py:3954} INFO - Setting next_dagrun for datapipeline_new to None, run_after=None
[2024-11-11T01:04:42.397+0000] {processor.py:183} INFO - Processing /opt/airflow/dags/dag_script.py took 1.360 seconds
[2024-11-11T01:05:12.797+0000] {processor.py:161} INFO - Started process (PID=189) to work on /opt/airflow/dags/dag_script.py
[2024-11-11T01:05:12.799+0000] {processor.py:830} INFO - Processing file /opt/airflow/dags/dag_script.py for tasks to queue
[2024-11-11T01:05:12.803+0000] {logging_mixin.py:188} INFO - [2024-11-11T01:05:12.802+0000] {dagbag.py:545} INFO - Filling up the DagBag from /opt/airflow/dags/dag_script.py
[2024-11-11T01:05:13.780+0000] {logging_mixin.py:188} WARNING - /home/airflow/.local/lib/python3.12/site-packages/airflow/models/baseoperator.py:485 RemovedInAirflow3Warning: provide_context is deprecated as of 2.0 and is no longer required
[2024-11-11T01:05:13.787+0000] {processor.py:840} INFO - DAG(s) 'datapipeline_new' retrieved from /opt/airflow/dags/dag_script.py
[2024-11-11T01:05:13.847+0000] {logging_mixin.py:188} INFO - [2024-11-11T01:05:13.846+0000] {dag.py:3096} INFO - Sync 1 DAGs
[2024-11-11T01:05:13.858+0000] {logging_mixin.py:188} INFO - [2024-11-11T01:05:13.858+0000] {dag.py:3954} INFO - Setting next_dagrun for datapipeline_new to None, run_after=None
[2024-11-11T01:05:13.880+0000] {processor.py:183} INFO - Processing /opt/airflow/dags/dag_script.py took 1.108 seconds
[2024-11-11T01:05:44.210+0000] {processor.py:161} INFO - Started process (PID=214) to work on /opt/airflow/dags/dag_script.py
[2024-11-11T01:05:44.211+0000] {processor.py:830} INFO - Processing file /opt/airflow/dags/dag_script.py for tasks to queue
[2024-11-11T01:05:44.213+0000] {logging_mixin.py:188} INFO - [2024-11-11T01:05:44.213+0000] {dagbag.py:545} INFO - Filling up the DagBag from /opt/airflow/dags/dag_script.py
[2024-11-11T01:05:45.096+0000] {logging_mixin.py:188} WARNING - /home/airflow/.local/lib/python3.12/site-packages/airflow/models/baseoperator.py:485 RemovedInAirflow3Warning: provide_context is deprecated as of 2.0 and is no longer required
[2024-11-11T01:05:45.101+0000] {processor.py:840} INFO - DAG(s) 'datapipeline_new' retrieved from /opt/airflow/dags/dag_script.py
[2024-11-11T01:05:45.154+0000] {logging_mixin.py:188} INFO - [2024-11-11T01:05:45.154+0000] {dag.py:3096} INFO - Sync 1 DAGs
[2024-11-11T01:05:45.161+0000] {logging_mixin.py:188} INFO - [2024-11-11T01:05:45.161+0000] {dag.py:3954} INFO - Setting next_dagrun for datapipeline_new to None, run_after=None
[2024-11-11T01:05:45.169+0000] {processor.py:183} INFO - Processing /opt/airflow/dags/dag_script.py took 0.965 seconds
[2024-11-11T01:06:15.498+0000] {processor.py:161} INFO - Started process (PID=239) to work on /opt/airflow/dags/dag_script.py
[2024-11-11T01:06:15.501+0000] {processor.py:830} INFO - Processing file /opt/airflow/dags/dag_script.py for tasks to queue
[2024-11-11T01:06:15.503+0000] {logging_mixin.py:188} INFO - [2024-11-11T01:06:15.503+0000] {dagbag.py:545} INFO - Filling up the DagBag from /opt/airflow/dags/dag_script.py
[2024-11-11T01:06:16.354+0000] {logging_mixin.py:188} WARNING - /home/airflow/.local/lib/python3.12/site-packages/airflow/models/baseoperator.py:485 RemovedInAirflow3Warning: provide_context is deprecated as of 2.0 and is no longer required
[2024-11-11T01:06:16.360+0000] {processor.py:840} INFO - DAG(s) 'datapipeline_new' retrieved from /opt/airflow/dags/dag_script.py
[2024-11-11T01:06:16.382+0000] {logging_mixin.py:188} INFO - [2024-11-11T01:06:16.382+0000] {dag.py:3096} INFO - Sync 1 DAGs
[2024-11-11T01:06:16.387+0000] {logging_mixin.py:188} INFO - [2024-11-11T01:06:16.387+0000] {dag.py:3954} INFO - Setting next_dagrun for datapipeline_new to None, run_after=None
[2024-11-11T01:06:16.394+0000] {processor.py:183} INFO - Processing /opt/airflow/dags/dag_script.py took 0.907 seconds
[2024-11-11T01:06:46.684+0000] {processor.py:161} INFO - Started process (PID=264) to work on /opt/airflow/dags/dag_script.py
[2024-11-11T01:06:46.692+0000] {processor.py:830} INFO - Processing file /opt/airflow/dags/dag_script.py for tasks to queue
[2024-11-11T01:06:46.698+0000] {logging_mixin.py:188} INFO - [2024-11-11T01:06:46.697+0000] {dagbag.py:545} INFO - Filling up the DagBag from /opt/airflow/dags/dag_script.py
[2024-11-11T01:06:47.551+0000] {logging_mixin.py:188} WARNING - /home/airflow/.local/lib/python3.12/site-packages/airflow/models/baseoperator.py:485 RemovedInAirflow3Warning: provide_context is deprecated as of 2.0 and is no longer required
[2024-11-11T01:06:47.559+0000] {processor.py:840} INFO - DAG(s) 'datapipeline_new' retrieved from /opt/airflow/dags/dag_script.py
[2024-11-11T01:06:47.589+0000] {logging_mixin.py:188} INFO - [2024-11-11T01:06:47.588+0000] {dag.py:3096} INFO - Sync 1 DAGs
[2024-11-11T01:06:47.598+0000] {logging_mixin.py:188} INFO - [2024-11-11T01:06:47.598+0000] {dag.py:3954} INFO - Setting next_dagrun for datapipeline_new to None, run_after=None
[2024-11-11T01:06:47.605+0000] {processor.py:183} INFO - Processing /opt/airflow/dags/dag_script.py took 0.938 seconds
[2024-11-11T01:07:17.856+0000] {processor.py:161} INFO - Started process (PID=289) to work on /opt/airflow/dags/dag_script.py
[2024-11-11T01:07:17.858+0000] {processor.py:830} INFO - Processing file /opt/airflow/dags/dag_script.py for tasks to queue
[2024-11-11T01:07:17.862+0000] {logging_mixin.py:188} INFO - [2024-11-11T01:07:17.861+0000] {dagbag.py:545} INFO - Filling up the DagBag from /opt/airflow/dags/dag_script.py
[2024-11-11T01:07:18.733+0000] {logging_mixin.py:188} WARNING - /home/airflow/.local/lib/python3.12/site-packages/airflow/models/baseoperator.py:485 RemovedInAirflow3Warning: provide_context is deprecated as of 2.0 and is no longer required
[2024-11-11T01:07:18.739+0000] {processor.py:840} INFO - DAG(s) 'datapipeline_new' retrieved from /opt/airflow/dags/dag_script.py
[2024-11-11T01:07:18.761+0000] {logging_mixin.py:188} INFO - [2024-11-11T01:07:18.760+0000] {dag.py:3096} INFO - Sync 1 DAGs
[2024-11-11T01:07:18.766+0000] {logging_mixin.py:188} INFO - [2024-11-11T01:07:18.766+0000] {dag.py:3954} INFO - Setting next_dagrun for datapipeline_new to None, run_after=None
[2024-11-11T01:07:18.772+0000] {processor.py:183} INFO - Processing /opt/airflow/dags/dag_script.py took 0.928 seconds
[2024-11-11T01:07:49.092+0000] {processor.py:161} INFO - Started process (PID=314) to work on /opt/airflow/dags/dag_script.py
[2024-11-11T01:07:49.095+0000] {processor.py:830} INFO - Processing file /opt/airflow/dags/dag_script.py for tasks to queue
[2024-11-11T01:07:49.098+0000] {logging_mixin.py:188} INFO - [2024-11-11T01:07:49.098+0000] {dagbag.py:545} INFO - Filling up the DagBag from /opt/airflow/dags/dag_script.py
[2024-11-11T01:07:49.979+0000] {logging_mixin.py:188} WARNING - /home/airflow/.local/lib/python3.12/site-packages/airflow/models/baseoperator.py:485 RemovedInAirflow3Warning: provide_context is deprecated as of 2.0 and is no longer required
[2024-11-11T01:07:49.985+0000] {processor.py:840} INFO - DAG(s) 'datapipeline_new' retrieved from /opt/airflow/dags/dag_script.py
[2024-11-11T01:07:50.015+0000] {logging_mixin.py:188} INFO - [2024-11-11T01:07:50.015+0000] {dag.py:3096} INFO - Sync 1 DAGs
[2024-11-11T01:07:50.021+0000] {logging_mixin.py:188} INFO - [2024-11-11T01:07:50.021+0000] {dag.py:3954} INFO - Setting next_dagrun for datapipeline_new to None, run_after=None
[2024-11-11T01:07:50.029+0000] {processor.py:183} INFO - Processing /opt/airflow/dags/dag_script.py took 0.950 seconds
[2024-11-11T01:08:20.323+0000] {processor.py:161} INFO - Started process (PID=339) to work on /opt/airflow/dags/dag_script.py
[2024-11-11T01:08:20.326+0000] {processor.py:830} INFO - Processing file /opt/airflow/dags/dag_script.py for tasks to queue
[2024-11-11T01:08:20.334+0000] {logging_mixin.py:188} INFO - [2024-11-11T01:08:20.332+0000] {dagbag.py:545} INFO - Filling up the DagBag from /opt/airflow/dags/dag_script.py
[2024-11-11T01:08:21.336+0000] {logging_mixin.py:188} WARNING - /home/airflow/.local/lib/python3.12/site-packages/airflow/models/baseoperator.py:485 RemovedInAirflow3Warning: provide_context is deprecated as of 2.0 and is no longer required
[2024-11-11T01:08:21.342+0000] {processor.py:840} INFO - DAG(s) 'datapipeline_new' retrieved from /opt/airflow/dags/dag_script.py
[2024-11-11T01:08:21.382+0000] {logging_mixin.py:188} INFO - [2024-11-11T01:08:21.382+0000] {dag.py:3096} INFO - Sync 1 DAGs
[2024-11-11T01:08:21.389+0000] {logging_mixin.py:188} INFO - [2024-11-11T01:08:21.389+0000] {dag.py:3954} INFO - Setting next_dagrun for datapipeline_new to None, run_after=None
[2024-11-11T01:08:21.397+0000] {processor.py:183} INFO - Processing /opt/airflow/dags/dag_script.py took 1.094 seconds
[2024-11-11T01:08:51.631+0000] {processor.py:161} INFO - Started process (PID=364) to work on /opt/airflow/dags/dag_script.py
[2024-11-11T01:08:51.634+0000] {processor.py:830} INFO - Processing file /opt/airflow/dags/dag_script.py for tasks to queue
[2024-11-11T01:08:51.637+0000] {logging_mixin.py:188} INFO - [2024-11-11T01:08:51.637+0000] {dagbag.py:545} INFO - Filling up the DagBag from /opt/airflow/dags/dag_script.py
[2024-11-11T01:08:52.506+0000] {logging_mixin.py:188} WARNING - /home/airflow/.local/lib/python3.12/site-packages/airflow/models/baseoperator.py:485 RemovedInAirflow3Warning: provide_context is deprecated as of 2.0 and is no longer required
[2024-11-11T01:08:52.512+0000] {processor.py:840} INFO - DAG(s) 'datapipeline_new' retrieved from /opt/airflow/dags/dag_script.py
[2024-11-11T01:08:52.561+0000] {logging_mixin.py:188} INFO - [2024-11-11T01:08:52.561+0000] {dag.py:3096} INFO - Sync 1 DAGs
[2024-11-11T01:08:52.567+0000] {logging_mixin.py:188} INFO - [2024-11-11T01:08:52.567+0000] {dag.py:3954} INFO - Setting next_dagrun for datapipeline_new to None, run_after=None
[2024-11-11T01:08:52.575+0000] {processor.py:183} INFO - Processing /opt/airflow/dags/dag_script.py took 0.957 seconds
[2024-11-11T01:09:22.892+0000] {processor.py:161} INFO - Started process (PID=389) to work on /opt/airflow/dags/dag_script.py
[2024-11-11T01:09:22.894+0000] {processor.py:830} INFO - Processing file /opt/airflow/dags/dag_script.py for tasks to queue
[2024-11-11T01:09:22.898+0000] {logging_mixin.py:188} INFO - [2024-11-11T01:09:22.897+0000] {dagbag.py:545} INFO - Filling up the DagBag from /opt/airflow/dags/dag_script.py
[2024-11-11T01:09:23.840+0000] {logging_mixin.py:188} WARNING - /home/airflow/.local/lib/python3.12/site-packages/airflow/models/baseoperator.py:485 RemovedInAirflow3Warning: provide_context is deprecated as of 2.0 and is no longer required
[2024-11-11T01:09:23.846+0000] {processor.py:840} INFO - DAG(s) 'datapipeline_new' retrieved from /opt/airflow/dags/dag_script.py
[2024-11-11T01:09:23.870+0000] {logging_mixin.py:188} INFO - [2024-11-11T01:09:23.870+0000] {dag.py:3096} INFO - Sync 1 DAGs
[2024-11-11T01:09:23.877+0000] {logging_mixin.py:188} INFO - [2024-11-11T01:09:23.877+0000] {dag.py:3954} INFO - Setting next_dagrun for datapipeline_new to None, run_after=None
[2024-11-11T01:09:23.884+0000] {processor.py:183} INFO - Processing /opt/airflow/dags/dag_script.py took 1.003 seconds
[2024-11-11T01:26:17.227+0000] {processor.py:161} INFO - Started process (PID=59) to work on /opt/airflow/dags/dag_script.py
[2024-11-11T01:26:17.228+0000] {processor.py:830} INFO - Processing file /opt/airflow/dags/dag_script.py for tasks to queue
[2024-11-11T01:26:17.230+0000] {logging_mixin.py:188} INFO - [2024-11-11T01:26:17.230+0000] {dagbag.py:545} INFO - Filling up the DagBag from /opt/airflow/dags/dag_script.py
[2024-11-11T01:26:21.885+0000] {logging_mixin.py:188} WARNING - /home/airflow/.local/lib/python3.12/site-packages/airflow/models/baseoperator.py:485 RemovedInAirflow3Warning: provide_context is deprecated as of 2.0 and is no longer required
[2024-11-11T01:26:21.972+0000] {processor.py:840} INFO - DAG(s) 'datapipeline_new' retrieved from /opt/airflow/dags/dag_script.py
[2024-11-11T01:26:22.755+0000] {logging_mixin.py:188} INFO - [2024-11-11T01:26:22.751+0000] {dag.py:3096} INFO - Sync 1 DAGs
[2024-11-11T01:26:22.795+0000] {logging_mixin.py:188} INFO - [2024-11-11T01:26:22.795+0000] {dag.py:3954} INFO - Setting next_dagrun for datapipeline_new to None, run_after=None
[2024-11-11T01:26:22.853+0000] {processor.py:183} INFO - Processing /opt/airflow/dags/dag_script.py took 5.635 seconds
[2024-11-11T01:26:53.262+0000] {processor.py:161} INFO - Started process (PID=88) to work on /opt/airflow/dags/dag_script.py
[2024-11-11T01:26:53.264+0000] {processor.py:830} INFO - Processing file /opt/airflow/dags/dag_script.py for tasks to queue
[2024-11-11T01:26:53.268+0000] {logging_mixin.py:188} INFO - [2024-11-11T01:26:53.267+0000] {dagbag.py:545} INFO - Filling up the DagBag from /opt/airflow/dags/dag_script.py
[2024-11-11T01:26:54.355+0000] {logging_mixin.py:188} WARNING - /home/airflow/.local/lib/python3.12/site-packages/airflow/models/baseoperator.py:485 RemovedInAirflow3Warning: provide_context is deprecated as of 2.0 and is no longer required
[2024-11-11T01:26:54.371+0000] {processor.py:840} INFO - DAG(s) 'datapipeline_new' retrieved from /opt/airflow/dags/dag_script.py
[2024-11-11T01:26:54.433+0000] {logging_mixin.py:188} INFO - [2024-11-11T01:26:54.433+0000] {dag.py:3096} INFO - Sync 1 DAGs
[2024-11-11T01:26:54.440+0000] {logging_mixin.py:188} INFO - [2024-11-11T01:26:54.440+0000] {dag.py:3954} INFO - Setting next_dagrun for datapipeline_new to None, run_after=None
[2024-11-11T01:26:54.455+0000] {processor.py:183} INFO - Processing /opt/airflow/dags/dag_script.py took 1.205 seconds
[2024-11-11T01:27:24.879+0000] {processor.py:161} INFO - Started process (PID=113) to work on /opt/airflow/dags/dag_script.py
[2024-11-11T01:27:24.882+0000] {processor.py:830} INFO - Processing file /opt/airflow/dags/dag_script.py for tasks to queue
[2024-11-11T01:27:24.887+0000] {logging_mixin.py:188} INFO - [2024-11-11T01:27:24.887+0000] {dagbag.py:545} INFO - Filling up the DagBag from /opt/airflow/dags/dag_script.py
[2024-11-11T01:27:25.984+0000] {logging_mixin.py:188} WARNING - /home/airflow/.local/lib/python3.12/site-packages/airflow/models/baseoperator.py:485 RemovedInAirflow3Warning: provide_context is deprecated as of 2.0 and is no longer required
[2024-11-11T01:27:26.006+0000] {processor.py:840} INFO - DAG(s) 'datapipeline_new' retrieved from /opt/airflow/dags/dag_script.py
[2024-11-11T01:27:26.082+0000] {logging_mixin.py:188} INFO - [2024-11-11T01:27:26.082+0000] {dag.py:3096} INFO - Sync 1 DAGs
[2024-11-11T01:27:26.090+0000] {logging_mixin.py:188} INFO - [2024-11-11T01:27:26.090+0000] {dag.py:3954} INFO - Setting next_dagrun for datapipeline_new to None, run_after=None
[2024-11-11T01:27:26.113+0000] {processor.py:183} INFO - Processing /opt/airflow/dags/dag_script.py took 1.254 seconds
[2024-11-11T01:27:56.480+0000] {processor.py:161} INFO - Started process (PID=138) to work on /opt/airflow/dags/dag_script.py
[2024-11-11T01:27:56.482+0000] {processor.py:830} INFO - Processing file /opt/airflow/dags/dag_script.py for tasks to queue
[2024-11-11T01:27:56.487+0000] {logging_mixin.py:188} INFO - [2024-11-11T01:27:56.486+0000] {dagbag.py:545} INFO - Filling up the DagBag from /opt/airflow/dags/dag_script.py
[2024-11-11T01:27:57.404+0000] {logging_mixin.py:188} WARNING - /home/airflow/.local/lib/python3.12/site-packages/airflow/models/baseoperator.py:485 RemovedInAirflow3Warning: provide_context is deprecated as of 2.0 and is no longer required
[2024-11-11T01:27:57.414+0000] {processor.py:840} INFO - DAG(s) 'datapipeline_new' retrieved from /opt/airflow/dags/dag_script.py
[2024-11-11T01:27:57.441+0000] {logging_mixin.py:188} INFO - [2024-11-11T01:27:57.440+0000] {dag.py:3096} INFO - Sync 1 DAGs
[2024-11-11T01:27:57.446+0000] {logging_mixin.py:188} INFO - [2024-11-11T01:27:57.445+0000] {dag.py:3954} INFO - Setting next_dagrun for datapipeline_new to None, run_after=None
[2024-11-11T01:27:57.452+0000] {processor.py:183} INFO - Processing /opt/airflow/dags/dag_script.py took 0.984 seconds
[2024-11-11T01:28:27.810+0000] {processor.py:161} INFO - Started process (PID=163) to work on /opt/airflow/dags/dag_script.py
[2024-11-11T01:28:27.814+0000] {processor.py:830} INFO - Processing file /opt/airflow/dags/dag_script.py for tasks to queue
[2024-11-11T01:28:27.827+0000] {logging_mixin.py:188} INFO - [2024-11-11T01:28:27.826+0000] {dagbag.py:545} INFO - Filling up the DagBag from /opt/airflow/dags/dag_script.py
[2024-11-11T01:28:28.649+0000] {logging_mixin.py:188} WARNING - /home/airflow/.local/lib/python3.12/site-packages/airflow/models/baseoperator.py:485 RemovedInAirflow3Warning: provide_context is deprecated as of 2.0 and is no longer required
[2024-11-11T01:28:28.655+0000] {processor.py:840} INFO - DAG(s) 'datapipeline_new' retrieved from /opt/airflow/dags/dag_script.py
[2024-11-11T01:28:28.685+0000] {logging_mixin.py:188} INFO - [2024-11-11T01:28:28.684+0000] {dag.py:3096} INFO - Sync 1 DAGs
[2024-11-11T01:28:28.692+0000] {logging_mixin.py:188} INFO - [2024-11-11T01:28:28.692+0000] {dag.py:3954} INFO - Setting next_dagrun for datapipeline_new to None, run_after=None
[2024-11-11T01:28:28.699+0000] {processor.py:183} INFO - Processing /opt/airflow/dags/dag_script.py took 0.902 seconds
[2024-11-11T01:28:59.028+0000] {processor.py:161} INFO - Started process (PID=188) to work on /opt/airflow/dags/dag_script.py
[2024-11-11T01:28:59.031+0000] {processor.py:830} INFO - Processing file /opt/airflow/dags/dag_script.py for tasks to queue
[2024-11-11T01:28:59.035+0000] {logging_mixin.py:188} INFO - [2024-11-11T01:28:59.035+0000] {dagbag.py:545} INFO - Filling up the DagBag from /opt/airflow/dags/dag_script.py
[2024-11-11T01:28:59.828+0000] {logging_mixin.py:188} WARNING - /home/airflow/.local/lib/python3.12/site-packages/airflow/models/baseoperator.py:485 RemovedInAirflow3Warning: provide_context is deprecated as of 2.0 and is no longer required
[2024-11-11T01:28:59.835+0000] {processor.py:840} INFO - DAG(s) 'datapipeline_new' retrieved from /opt/airflow/dags/dag_script.py
[2024-11-11T01:28:59.856+0000] {logging_mixin.py:188} INFO - [2024-11-11T01:28:59.856+0000] {dag.py:3096} INFO - Sync 1 DAGs
[2024-11-11T01:28:59.860+0000] {logging_mixin.py:188} INFO - [2024-11-11T01:28:59.860+0000] {dag.py:3954} INFO - Setting next_dagrun for datapipeline_new to None, run_after=None
[2024-11-11T01:28:59.867+0000] {processor.py:183} INFO - Processing /opt/airflow/dags/dag_script.py took 0.854 seconds
[2024-11-11T01:29:29.939+0000] {processor.py:161} INFO - Started process (PID=213) to work on /opt/airflow/dags/dag_script.py
[2024-11-11T01:29:29.940+0000] {processor.py:830} INFO - Processing file /opt/airflow/dags/dag_script.py for tasks to queue
[2024-11-11T01:29:29.943+0000] {logging_mixin.py:188} INFO - [2024-11-11T01:29:29.942+0000] {dagbag.py:545} INFO - Filling up the DagBag from /opt/airflow/dags/dag_script.py
[2024-11-11T01:29:30.686+0000] {logging_mixin.py:188} WARNING - /home/airflow/.local/lib/python3.12/site-packages/airflow/models/baseoperator.py:485 RemovedInAirflow3Warning: provide_context is deprecated as of 2.0 and is no longer required
[2024-11-11T01:29:30.691+0000] {processor.py:840} INFO - DAG(s) 'datapipeline_new' retrieved from /opt/airflow/dags/dag_script.py
[2024-11-11T01:29:30.709+0000] {logging_mixin.py:188} INFO - [2024-11-11T01:29:30.709+0000] {dag.py:3096} INFO - Sync 1 DAGs
[2024-11-11T01:29:30.714+0000] {logging_mixin.py:188} INFO - [2024-11-11T01:29:30.714+0000] {dag.py:3954} INFO - Setting next_dagrun for datapipeline_new to None, run_after=None
[2024-11-11T01:29:30.721+0000] {processor.py:183} INFO - Processing /opt/airflow/dags/dag_script.py took 0.792 seconds
[2024-11-11T01:30:00.805+0000] {processor.py:161} INFO - Started process (PID=238) to work on /opt/airflow/dags/dag_script.py
[2024-11-11T01:30:00.808+0000] {processor.py:830} INFO - Processing file /opt/airflow/dags/dag_script.py for tasks to queue
[2024-11-11T01:30:00.812+0000] {logging_mixin.py:188} INFO - [2024-11-11T01:30:00.811+0000] {dagbag.py:545} INFO - Filling up the DagBag from /opt/airflow/dags/dag_script.py
[2024-11-11T01:30:01.595+0000] {logging_mixin.py:188} WARNING - /home/airflow/.local/lib/python3.12/site-packages/airflow/models/baseoperator.py:485 RemovedInAirflow3Warning: provide_context is deprecated as of 2.0 and is no longer required
[2024-11-11T01:30:01.600+0000] {processor.py:840} INFO - DAG(s) 'datapipeline_new' retrieved from /opt/airflow/dags/dag_script.py
[2024-11-11T01:30:01.620+0000] {logging_mixin.py:188} INFO - [2024-11-11T01:30:01.620+0000] {dag.py:3096} INFO - Sync 1 DAGs
[2024-11-11T01:30:01.625+0000] {logging_mixin.py:188} INFO - [2024-11-11T01:30:01.625+0000] {dag.py:3954} INFO - Setting next_dagrun for datapipeline_new to None, run_after=None
[2024-11-11T01:30:01.632+0000] {processor.py:183} INFO - Processing /opt/airflow/dags/dag_script.py took 0.839 seconds
[2024-11-11T01:30:31.724+0000] {processor.py:161} INFO - Started process (PID=263) to work on /opt/airflow/dags/dag_script.py
[2024-11-11T01:30:31.726+0000] {processor.py:830} INFO - Processing file /opt/airflow/dags/dag_script.py for tasks to queue
[2024-11-11T01:30:31.728+0000] {logging_mixin.py:188} INFO - [2024-11-11T01:30:31.727+0000] {dagbag.py:545} INFO - Filling up the DagBag from /opt/airflow/dags/dag_script.py
[2024-11-11T01:30:32.451+0000] {logging_mixin.py:188} WARNING - /home/airflow/.local/lib/python3.12/site-packages/airflow/models/baseoperator.py:485 RemovedInAirflow3Warning: provide_context is deprecated as of 2.0 and is no longer required
[2024-11-11T01:30:32.457+0000] {processor.py:840} INFO - DAG(s) 'datapipeline_new' retrieved from /opt/airflow/dags/dag_script.py
[2024-11-11T01:30:32.477+0000] {logging_mixin.py:188} INFO - [2024-11-11T01:30:32.477+0000] {dag.py:3096} INFO - Sync 1 DAGs
[2024-11-11T01:30:32.482+0000] {logging_mixin.py:188} INFO - [2024-11-11T01:30:32.482+0000] {dag.py:3954} INFO - Setting next_dagrun for datapipeline_new to None, run_after=None
[2024-11-11T01:30:32.488+0000] {processor.py:183} INFO - Processing /opt/airflow/dags/dag_script.py took 0.772 seconds
[2024-11-11T01:48:02.273+0000] {processor.py:161} INFO - Started process (PID=60) to work on /opt/airflow/dags/dag_script.py
[2024-11-11T01:48:02.276+0000] {processor.py:830} INFO - Processing file /opt/airflow/dags/dag_script.py for tasks to queue
[2024-11-11T01:48:02.278+0000] {logging_mixin.py:188} INFO - [2024-11-11T01:48:02.278+0000] {dagbag.py:545} INFO - Filling up the DagBag from /opt/airflow/dags/dag_script.py
[2024-11-11T01:48:06.861+0000] {logging_mixin.py:188} WARNING - /home/airflow/.local/lib/python3.12/site-packages/airflow/models/baseoperator.py:485 RemovedInAirflow3Warning: provide_context is deprecated as of 2.0 and is no longer required
[2024-11-11T01:48:06.882+0000] {processor.py:840} INFO - DAG(s) 'datapipeline_new' retrieved from /opt/airflow/dags/dag_script.py
[2024-11-11T01:48:07.244+0000] {logging_mixin.py:188} INFO - [2024-11-11T01:48:07.243+0000] {dag.py:3096} INFO - Sync 1 DAGs
[2024-11-11T01:48:07.259+0000] {logging_mixin.py:188} INFO - [2024-11-11T01:48:07.259+0000] {dag.py:3954} INFO - Setting next_dagrun for datapipeline_new to None, run_after=None
[2024-11-11T01:48:07.285+0000] {processor.py:183} INFO - Processing /opt/airflow/dags/dag_script.py took 5.018 seconds
[2024-11-11T01:48:37.569+0000] {processor.py:161} INFO - Started process (PID=90) to work on /opt/airflow/dags/dag_script.py
[2024-11-11T01:48:37.570+0000] {processor.py:830} INFO - Processing file /opt/airflow/dags/dag_script.py for tasks to queue
[2024-11-11T01:48:37.573+0000] {logging_mixin.py:188} INFO - [2024-11-11T01:48:37.572+0000] {dagbag.py:545} INFO - Filling up the DagBag from /opt/airflow/dags/dag_script.py
[2024-11-11T01:48:38.406+0000] {logging_mixin.py:188} WARNING - /home/airflow/.local/lib/python3.12/site-packages/airflow/models/baseoperator.py:485 RemovedInAirflow3Warning: provide_context is deprecated as of 2.0 and is no longer required
[2024-11-11T01:48:38.412+0000] {processor.py:840} INFO - DAG(s) 'datapipeline_new' retrieved from /opt/airflow/dags/dag_script.py
[2024-11-11T01:48:38.431+0000] {logging_mixin.py:188} INFO - [2024-11-11T01:48:38.431+0000] {dag.py:3096} INFO - Sync 1 DAGs
[2024-11-11T01:48:38.436+0000] {logging_mixin.py:188} INFO - [2024-11-11T01:48:38.436+0000] {dag.py:3954} INFO - Setting next_dagrun for datapipeline_new to None, run_after=None
[2024-11-11T01:48:38.443+0000] {processor.py:183} INFO - Processing /opt/airflow/dags/dag_script.py took 0.882 seconds
[2024-11-11T01:49:08.680+0000] {processor.py:161} INFO - Started process (PID=115) to work on /opt/airflow/dags/dag_script.py
[2024-11-11T01:49:08.682+0000] {processor.py:830} INFO - Processing file /opt/airflow/dags/dag_script.py for tasks to queue
[2024-11-11T01:49:08.685+0000] {logging_mixin.py:188} INFO - [2024-11-11T01:49:08.684+0000] {dagbag.py:545} INFO - Filling up the DagBag from /opt/airflow/dags/dag_script.py
[2024-11-11T01:49:09.433+0000] {logging_mixin.py:188} WARNING - /home/airflow/.local/lib/python3.12/site-packages/airflow/models/baseoperator.py:485 RemovedInAirflow3Warning: provide_context is deprecated as of 2.0 and is no longer required
[2024-11-11T01:49:09.438+0000] {processor.py:840} INFO - DAG(s) 'datapipeline_new' retrieved from /opt/airflow/dags/dag_script.py
[2024-11-11T01:49:09.465+0000] {logging_mixin.py:188} INFO - [2024-11-11T01:49:09.465+0000] {dag.py:3096} INFO - Sync 1 DAGs
[2024-11-11T01:49:09.469+0000] {logging_mixin.py:188} INFO - [2024-11-11T01:49:09.469+0000] {dag.py:3954} INFO - Setting next_dagrun for datapipeline_new to None, run_after=None
[2024-11-11T01:49:09.476+0000] {processor.py:183} INFO - Processing /opt/airflow/dags/dag_script.py took 0.807 seconds
[2024-11-11T01:49:39.648+0000] {processor.py:161} INFO - Started process (PID=140) to work on /opt/airflow/dags/dag_script.py
[2024-11-11T01:49:39.688+0000] {processor.py:830} INFO - Processing file /opt/airflow/dags/dag_script.py for tasks to queue
[2024-11-11T01:49:39.690+0000] {logging_mixin.py:188} INFO - [2024-11-11T01:49:39.690+0000] {dagbag.py:545} INFO - Filling up the DagBag from /opt/airflow/dags/dag_script.py
[2024-11-11T01:49:41.013+0000] {logging_mixin.py:188} WARNING - /home/airflow/.local/lib/python3.12/site-packages/airflow/models/baseoperator.py:485 RemovedInAirflow3Warning: provide_context is deprecated as of 2.0 and is no longer required
[2024-11-11T01:49:41.022+0000] {processor.py:840} INFO - DAG(s) 'datapipeline_new' retrieved from /opt/airflow/dags/dag_script.py
[2024-11-11T01:49:41.078+0000] {logging_mixin.py:188} INFO - [2024-11-11T01:49:41.078+0000] {dag.py:3096} INFO - Sync 1 DAGs
[2024-11-11T01:49:41.086+0000] {logging_mixin.py:188} INFO - [2024-11-11T01:49:41.086+0000] {dag.py:3954} INFO - Setting next_dagrun for datapipeline_new to None, run_after=None
[2024-11-11T01:49:41.109+0000] {processor.py:183} INFO - Processing /opt/airflow/dags/dag_script.py took 1.466 seconds
[2024-11-11T01:50:11.380+0000] {processor.py:161} INFO - Started process (PID=165) to work on /opt/airflow/dags/dag_script.py
[2024-11-11T01:50:11.383+0000] {processor.py:830} INFO - Processing file /opt/airflow/dags/dag_script.py for tasks to queue
[2024-11-11T01:50:11.386+0000] {logging_mixin.py:188} INFO - [2024-11-11T01:50:11.385+0000] {dagbag.py:545} INFO - Filling up the DagBag from /opt/airflow/dags/dag_script.py
[2024-11-11T01:50:12.176+0000] {logging_mixin.py:188} WARNING - /home/airflow/.local/lib/python3.12/site-packages/airflow/models/baseoperator.py:485 RemovedInAirflow3Warning: provide_context is deprecated as of 2.0 and is no longer required
[2024-11-11T01:50:12.183+0000] {processor.py:840} INFO - DAG(s) 'datapipeline_new' retrieved from /opt/airflow/dags/dag_script.py
[2024-11-11T01:50:12.200+0000] {logging_mixin.py:188} INFO - [2024-11-11T01:50:12.200+0000] {dag.py:3096} INFO - Sync 1 DAGs
[2024-11-11T01:50:12.205+0000] {logging_mixin.py:188} INFO - [2024-11-11T01:50:12.205+0000] {dag.py:3954} INFO - Setting next_dagrun for datapipeline_new to None, run_after=None
[2024-11-11T01:50:12.212+0000] {processor.py:183} INFO - Processing /opt/airflow/dags/dag_script.py took 0.847 seconds
[2024-11-11T01:50:43.095+0000] {processor.py:161} INFO - Started process (PID=190) to work on /opt/airflow/dags/dag_script.py
[2024-11-11T01:50:43.097+0000] {processor.py:830} INFO - Processing file /opt/airflow/dags/dag_script.py for tasks to queue
[2024-11-11T01:50:43.101+0000] {logging_mixin.py:188} INFO - [2024-11-11T01:50:43.100+0000] {dagbag.py:545} INFO - Filling up the DagBag from /opt/airflow/dags/dag_script.py
[2024-11-11T01:50:43.927+0000] {logging_mixin.py:188} WARNING - /home/airflow/.local/lib/python3.12/site-packages/airflow/models/baseoperator.py:485 RemovedInAirflow3Warning: provide_context is deprecated as of 2.0 and is no longer required
[2024-11-11T01:50:43.933+0000] {processor.py:840} INFO - DAG(s) 'datapipeline_new' retrieved from /opt/airflow/dags/dag_script.py
[2024-11-11T01:50:43.953+0000] {logging_mixin.py:188} INFO - [2024-11-11T01:50:43.953+0000] {dag.py:3096} INFO - Sync 1 DAGs
[2024-11-11T01:50:43.958+0000] {logging_mixin.py:188} INFO - [2024-11-11T01:50:43.957+0000] {dag.py:3954} INFO - Setting next_dagrun for datapipeline_new to None, run_after=None
[2024-11-11T01:50:43.964+0000] {processor.py:183} INFO - Processing /opt/airflow/dags/dag_script.py took 0.877 seconds
