[2024-11-12T19:03:08.109+0000] {local_task_job_runner.py:120} INFO - ::group::Pre task execution logs
[2024-11-12T19:03:08.128+0000] {taskinstance.py:2076} INFO - Dependencies all met for dep_context=non-requeueable deps ti=<TaskInstance: modeling_pipeline.send_email_on_pipeline_completion manual__2024-11-12T18:56:48.444518+00:00 [queued]>
[2024-11-12T19:03:08.132+0000] {taskinstance.py:2076} INFO - Dependencies all met for dep_context=requeueable deps ti=<TaskInstance: modeling_pipeline.send_email_on_pipeline_completion manual__2024-11-12T18:56:48.444518+00:00 [queued]>
[2024-11-12T19:03:08.132+0000] {taskinstance.py:2306} INFO - Starting attempt 1 of 2
[2024-11-12T19:03:08.138+0000] {taskinstance.py:2330} INFO - Executing <Task(EmailOperator): send_email_on_pipeline_completion> on 2024-11-12 18:56:48.444518+00:00
[2024-11-12T19:03:08.146+0000] {warnings.py:112} WARNING - /home/***/.local/lib/python3.12/site-packages/***/task/task_runner/standard_task_runner.py:61: DeprecationWarning: This process (pid=391) is multi-threaded, use of fork() may lead to deadlocks in the child.
  pid = os.fork()

[2024-11-12T19:03:08.147+0000] {standard_task_runner.py:63} INFO - Started process 400 to run task
[2024-11-12T19:03:08.148+0000] {standard_task_runner.py:90} INFO - Running: ['***', 'tasks', 'run', 'modeling_pipeline', 'send_email_on_pipeline_completion', 'manual__2024-11-12T18:56:48.444518+00:00', '--job-id', '1162', '--raw', '--subdir', 'DAGS_FOLDER/dag_script_model.py', '--cfg-path', '/tmp/tmpfntzjpl4']
[2024-11-12T19:03:08.149+0000] {standard_task_runner.py:91} INFO - Job 1162: Subtask send_email_on_pipeline_completion
[2024-11-12T19:03:08.170+0000] {task_command.py:426} INFO - Running <TaskInstance: modeling_pipeline.send_email_on_pipeline_completion manual__2024-11-12T18:56:48.444518+00:00 [running]> on host 9919a500f6fd
[2024-11-12T19:03:08.224+0000] {taskinstance.py:2648} INFO - Exporting env vars: AIRFLOW_CTX_DAG_OWNER='MLOPS' AIRFLOW_CTX_DAG_ID='modeling_pipeline' AIRFLOW_CTX_TASK_ID='send_email_on_pipeline_completion' AIRFLOW_CTX_EXECUTION_DATE='2024-11-12T18:56:48.444518+00:00' AIRFLOW_CTX_TRY_NUMBER='1' AIRFLOW_CTX_DAG_RUN_ID='manual__2024-11-12T18:56:48.444518+00:00'
[2024-11-12T19:03:08.225+0000] {taskinstance.py:430} INFO - ::endgroup::
[2024-11-12T19:03:08.240+0000] {warnings.py:112} WARNING - /home/***/.local/lib/python3.12/site-packages/***/utils/email.py:154: RemovedInAirflow3Warning: Fetching SMTP credentials from configuration variables will be deprecated in a future release. Please set credentials using a connection instead.
  send_mime_email(e_from=mail_from, e_to=recipients, mime_msg=msg, conn_id=conn_id, dryrun=dryrun)

[2024-11-12T19:03:08.240+0000] {email.py:271} INFO - Email alerting: attempt 1
[2024-11-12T19:03:08.750+0000] {email.py:282} INFO - Sent an alert email to ['anirudhak881@gmail.com']
[2024-11-12T19:03:10.620+0000] {taskinstance.py:441} INFO - ::group::Post task execution logs
[2024-11-12T19:03:10.656+0000] {taskinstance.py:1206} INFO - Marking task as SUCCESS. dag_id=modeling_pipeline, task_id=send_email_on_pipeline_completion, run_id=manual__2024-11-12T18:56:48.444518+00:00, execution_date=20241112T185648, start_date=20241112T190308, end_date=20241112T190310
[2024-11-12T19:03:10.725+0000] {local_task_job_runner.py:240} INFO - Task exited with return code 0
[2024-11-12T19:03:10.750+0000] {taskinstance.py:3503} INFO - 0 downstream tasks scheduled from follow-on schedule check
[2024-11-12T19:03:10.751+0000] {local_task_job_runner.py:222} INFO - ::endgroup::
