[2024-10-21T22:58:43.813+0000] {processor.py:161} INFO - Started process (PID=80) to work on /opt/airflow/dags/dag_script.py
[2024-10-21T22:58:43.815+0000] {processor.py:830} INFO - Processing file /opt/airflow/dags/dag_script.py for tasks to queue
[2024-10-21T22:58:43.817+0000] {logging_mixin.py:188} INFO - [2024-10-21T22:58:43.816+0000] {dagbag.py:545} INFO - Filling up the DagBag from /opt/airflow/dags/dag_script.py
[2024-10-21T22:58:43.822+0000] {logging_mixin.py:188} INFO - [2024-10-21T22:58:43.821+0000] {dagbag.py:355} ERROR - Failed to import: /opt/airflow/dags/dag_script.py
Traceback (most recent call last):
  File "/home/airflow/.local/lib/python3.12/site-packages/airflow/models/dagbag.py", line 351, in parse
    loader.exec_module(new_module)
  File "<frozen importlib._bootstrap_external>", line 995, in exec_module
  File "<frozen importlib._bootstrap>", line 488, in _call_with_frames_removed
  File "/opt/airflow/dags/dag_script.py", line 11, in <module>
    from DataPreprocessing.src.data_air import download_data_function
ModuleNotFoundError: No module named 'DataPreprocessing'
[2024-10-21T22:58:43.822+0000] {processor.py:842} WARNING - No viable dags retrieved from /opt/airflow/dags/dag_script.py
[2024-10-21T22:58:43.838+0000] {processor.py:183} INFO - Processing /opt/airflow/dags/dag_script.py took 0.028 seconds
[2024-10-21T22:59:14.104+0000] {processor.py:161} INFO - Started process (PID=87) to work on /opt/airflow/dags/dag_script.py
[2024-10-21T22:59:14.105+0000] {processor.py:830} INFO - Processing file /opt/airflow/dags/dag_script.py for tasks to queue
[2024-10-21T22:59:14.108+0000] {logging_mixin.py:188} INFO - [2024-10-21T22:59:14.107+0000] {dagbag.py:545} INFO - Filling up the DagBag from /opt/airflow/dags/dag_script.py
[2024-10-21T22:59:14.114+0000] {logging_mixin.py:188} INFO - [2024-10-21T22:59:14.112+0000] {dagbag.py:355} ERROR - Failed to import: /opt/airflow/dags/dag_script.py
Traceback (most recent call last):
  File "/home/airflow/.local/lib/python3.12/site-packages/airflow/models/dagbag.py", line 351, in parse
    loader.exec_module(new_module)
  File "<frozen importlib._bootstrap_external>", line 995, in exec_module
  File "<frozen importlib._bootstrap>", line 488, in _call_with_frames_removed
  File "/opt/airflow/dags/dag_script.py", line 11, in <module>
    from DataPreprocessing.src.data_air import download_data_function
ModuleNotFoundError: No module named 'DataPreprocessing'
[2024-10-21T22:59:14.114+0000] {processor.py:842} WARNING - No viable dags retrieved from /opt/airflow/dags/dag_script.py
[2024-10-21T22:59:14.130+0000] {processor.py:183} INFO - Processing /opt/airflow/dags/dag_script.py took 0.033 seconds
[2024-10-21T22:59:44.390+0000] {processor.py:161} INFO - Started process (PID=94) to work on /opt/airflow/dags/dag_script.py
[2024-10-21T22:59:44.391+0000] {processor.py:830} INFO - Processing file /opt/airflow/dags/dag_script.py for tasks to queue
[2024-10-21T22:59:44.393+0000] {logging_mixin.py:188} INFO - [2024-10-21T22:59:44.393+0000] {dagbag.py:545} INFO - Filling up the DagBag from /opt/airflow/dags/dag_script.py
[2024-10-21T22:59:44.397+0000] {logging_mixin.py:188} INFO - [2024-10-21T22:59:44.396+0000] {dagbag.py:355} ERROR - Failed to import: /opt/airflow/dags/dag_script.py
Traceback (most recent call last):
  File "/home/airflow/.local/lib/python3.12/site-packages/airflow/models/dagbag.py", line 351, in parse
    loader.exec_module(new_module)
  File "<frozen importlib._bootstrap_external>", line 995, in exec_module
  File "<frozen importlib._bootstrap>", line 488, in _call_with_frames_removed
  File "/opt/airflow/dags/dag_script.py", line 11, in <module>
    from DataPreprocessing.src.data_air import download_data_function
ModuleNotFoundError: No module named 'DataPreprocessing'
[2024-10-21T22:59:44.397+0000] {processor.py:842} WARNING - No viable dags retrieved from /opt/airflow/dags/dag_script.py
[2024-10-21T22:59:44.416+0000] {processor.py:183} INFO - Processing /opt/airflow/dags/dag_script.py took 0.031 seconds
[2024-10-21T23:00:14.698+0000] {processor.py:161} INFO - Started process (PID=101) to work on /opt/airflow/dags/dag_script.py
[2024-10-21T23:00:14.699+0000] {processor.py:830} INFO - Processing file /opt/airflow/dags/dag_script.py for tasks to queue
[2024-10-21T23:00:14.703+0000] {logging_mixin.py:188} INFO - [2024-10-21T23:00:14.702+0000] {dagbag.py:545} INFO - Filling up the DagBag from /opt/airflow/dags/dag_script.py
[2024-10-21T23:00:14.709+0000] {logging_mixin.py:188} INFO - [2024-10-21T23:00:14.708+0000] {dagbag.py:355} ERROR - Failed to import: /opt/airflow/dags/dag_script.py
Traceback (most recent call last):
  File "/home/airflow/.local/lib/python3.12/site-packages/airflow/models/dagbag.py", line 351, in parse
    loader.exec_module(new_module)
  File "<frozen importlib._bootstrap_external>", line 995, in exec_module
  File "<frozen importlib._bootstrap>", line 488, in _call_with_frames_removed
  File "/opt/airflow/dags/dag_script.py", line 11, in <module>
    from DataPreprocessing.src.data_air import download_data_function
ModuleNotFoundError: No module named 'DataPreprocessing'
[2024-10-21T23:00:14.710+0000] {processor.py:842} WARNING - No viable dags retrieved from /opt/airflow/dags/dag_script.py
[2024-10-21T23:00:14.728+0000] {processor.py:183} INFO - Processing /opt/airflow/dags/dag_script.py took 0.039 seconds
[2024-10-21T23:00:45.003+0000] {processor.py:161} INFO - Started process (PID=114) to work on /opt/airflow/dags/dag_script.py
[2024-10-21T23:00:45.004+0000] {processor.py:830} INFO - Processing file /opt/airflow/dags/dag_script.py for tasks to queue
[2024-10-21T23:00:45.006+0000] {logging_mixin.py:188} INFO - [2024-10-21T23:00:45.006+0000] {dagbag.py:545} INFO - Filling up the DagBag from /opt/airflow/dags/dag_script.py
[2024-10-21T23:00:45.011+0000] {logging_mixin.py:188} INFO - [2024-10-21T23:00:45.010+0000] {dagbag.py:355} ERROR - Failed to import: /opt/airflow/dags/dag_script.py
Traceback (most recent call last):
  File "/home/airflow/.local/lib/python3.12/site-packages/airflow/models/dagbag.py", line 351, in parse
    loader.exec_module(new_module)
  File "<frozen importlib._bootstrap_external>", line 995, in exec_module
  File "<frozen importlib._bootstrap>", line 488, in _call_with_frames_removed
  File "/opt/airflow/dags/dag_script.py", line 11, in <module>
    from DataPreprocessing.src.data_air import download_data_function
ModuleNotFoundError: No module named 'DataPreprocessing'
[2024-10-21T23:00:45.011+0000] {processor.py:842} WARNING - No viable dags retrieved from /opt/airflow/dags/dag_script.py
[2024-10-21T23:00:45.024+0000] {processor.py:183} INFO - Processing /opt/airflow/dags/dag_script.py took 0.025 seconds
[2024-10-21T23:01:15.276+0000] {processor.py:161} INFO - Started process (PID=121) to work on /opt/airflow/dags/dag_script.py
[2024-10-21T23:01:15.278+0000] {processor.py:830} INFO - Processing file /opt/airflow/dags/dag_script.py for tasks to queue
[2024-10-21T23:01:15.282+0000] {logging_mixin.py:188} INFO - [2024-10-21T23:01:15.281+0000] {dagbag.py:545} INFO - Filling up the DagBag from /opt/airflow/dags/dag_script.py
[2024-10-21T23:01:15.300+0000] {logging_mixin.py:188} INFO - [2024-10-21T23:01:15.296+0000] {dagbag.py:355} ERROR - Failed to import: /opt/airflow/dags/dag_script.py
Traceback (most recent call last):
  File "/home/airflow/.local/lib/python3.12/site-packages/airflow/models/dagbag.py", line 351, in parse
    loader.exec_module(new_module)
  File "<frozen importlib._bootstrap_external>", line 995, in exec_module
  File "<frozen importlib._bootstrap>", line 488, in _call_with_frames_removed
  File "/opt/airflow/dags/dag_script.py", line 11, in <module>
    from DataPreprocessing.src.data_air import download_data_function
ModuleNotFoundError: No module named 'DataPreprocessing'
[2024-10-21T23:01:15.301+0000] {processor.py:842} WARNING - No viable dags retrieved from /opt/airflow/dags/dag_script.py
[2024-10-21T23:01:15.323+0000] {processor.py:183} INFO - Processing /opt/airflow/dags/dag_script.py took 0.059 seconds
[2024-10-21T23:01:45.629+0000] {processor.py:161} INFO - Started process (PID=128) to work on /opt/airflow/dags/dag_script.py
[2024-10-21T23:01:45.630+0000] {processor.py:830} INFO - Processing file /opt/airflow/dags/dag_script.py for tasks to queue
[2024-10-21T23:01:45.633+0000] {logging_mixin.py:188} INFO - [2024-10-21T23:01:45.633+0000] {dagbag.py:545} INFO - Filling up the DagBag from /opt/airflow/dags/dag_script.py
[2024-10-21T23:01:45.640+0000] {logging_mixin.py:188} INFO - [2024-10-21T23:01:45.638+0000] {dagbag.py:355} ERROR - Failed to import: /opt/airflow/dags/dag_script.py
Traceback (most recent call last):
  File "/home/airflow/.local/lib/python3.12/site-packages/airflow/models/dagbag.py", line 351, in parse
    loader.exec_module(new_module)
  File "<frozen importlib._bootstrap_external>", line 995, in exec_module
  File "<frozen importlib._bootstrap>", line 488, in _call_with_frames_removed
  File "/opt/airflow/dags/dag_script.py", line 11, in <module>
    from DataPreprocessing.src.data_air import download_data_function
ModuleNotFoundError: No module named 'DataPreprocessing'
[2024-10-21T23:01:45.640+0000] {processor.py:842} WARNING - No viable dags retrieved from /opt/airflow/dags/dag_script.py
[2024-10-21T23:01:45.666+0000] {processor.py:183} INFO - Processing /opt/airflow/dags/dag_script.py took 0.047 seconds
[2024-10-21T23:08:24.564+0000] {processor.py:161} INFO - Started process (PID=59) to work on /opt/airflow/dags/dag_script.py
[2024-10-21T23:08:24.566+0000] {processor.py:830} INFO - Processing file /opt/airflow/dags/dag_script.py for tasks to queue
[2024-10-21T23:08:24.569+0000] {logging_mixin.py:188} INFO - [2024-10-21T23:08:24.568+0000] {dagbag.py:545} INFO - Filling up the DagBag from /opt/airflow/dags/dag_script.py
[2024-10-21T23:08:27.435+0000] {logging_mixin.py:188} INFO - [2024-10-21T23:08:27.432+0000] {dagbag.py:355} ERROR - Failed to import: /opt/airflow/dags/dag_script.py
Traceback (most recent call last):
  File "/home/airflow/.local/lib/python3.12/site-packages/airflow/models/dagbag.py", line 351, in parse
    loader.exec_module(new_module)
  File "<frozen importlib._bootstrap_external>", line 995, in exec_module
  File "<frozen importlib._bootstrap>", line 488, in _call_with_frames_removed
  File "/opt/airflow/dags/dag_script.py", line 14, in <module>
    from dags.DataPreprocessing.src.train.data_preprocessing.pivoting_data import pivot_parameters as pivoting_data_train
  File "/opt/airflow/dags/DataPreprocessing/src/train/data_preprocessing/pivoting_data.py", line 3, in <module>
    import matplotlib.pyplot as plt
ModuleNotFoundError: No module named 'matplotlib'
[2024-10-21T23:08:27.435+0000] {processor.py:842} WARNING - No viable dags retrieved from /opt/airflow/dags/dag_script.py
[2024-10-21T23:08:27.474+0000] {processor.py:183} INFO - Processing /opt/airflow/dags/dag_script.py took 2.917 seconds
[2024-10-21T23:09:09.805+0000] {processor.py:161} INFO - Started process (PID=42) to work on /opt/airflow/dags/dag_script.py
[2024-10-21T23:09:09.806+0000] {processor.py:830} INFO - Processing file /opt/airflow/dags/dag_script.py for tasks to queue
[2024-10-21T23:09:09.810+0000] {logging_mixin.py:188} INFO - [2024-10-21T23:09:09.810+0000] {dagbag.py:545} INFO - Filling up the DagBag from /opt/airflow/dags/dag_script.py
[2024-10-21T23:09:11.129+0000] {logging_mixin.py:188} INFO - [2024-10-21T23:09:11.126+0000] {dagbag.py:355} ERROR - Failed to import: /opt/airflow/dags/dag_script.py
Traceback (most recent call last):
  File "/home/airflow/.local/lib/python3.12/site-packages/airflow/models/dagbag.py", line 351, in parse
    loader.exec_module(new_module)
  File "<frozen importlib._bootstrap_external>", line 995, in exec_module
  File "<frozen importlib._bootstrap>", line 488, in _call_with_frames_removed
  File "/opt/airflow/dags/dag_script.py", line 13, in <module>
    from dags.DataPreprocessing.src.data_split import split
  File "/opt/airflow/dags/DataPreprocessing/src/data_split.py", line 2, in <module>
    from sklearn.model_selection import train_test_split
ModuleNotFoundError: No module named 'sklearn'
[2024-10-21T23:09:11.130+0000] {processor.py:842} WARNING - No viable dags retrieved from /opt/airflow/dags/dag_script.py
[2024-10-21T23:09:11.170+0000] {processor.py:183} INFO - Processing /opt/airflow/dags/dag_script.py took 1.372 seconds
[2024-10-21T23:09:41.228+0000] {processor.py:161} INFO - Started process (PID=112) to work on /opt/airflow/dags/dag_script.py
[2024-10-21T23:09:41.228+0000] {processor.py:830} INFO - Processing file /opt/airflow/dags/dag_script.py for tasks to queue
[2024-10-21T23:09:41.229+0000] {logging_mixin.py:188} INFO - [2024-10-21T23:09:41.229+0000] {dagbag.py:545} INFO - Filling up the DagBag from /opt/airflow/dags/dag_script.py
[2024-10-21T23:09:41.503+0000] {logging_mixin.py:188} INFO - [2024-10-21T23:09:41.502+0000] {dagbag.py:355} ERROR - Failed to import: /opt/airflow/dags/dag_script.py
Traceback (most recent call last):
  File "/home/airflow/.local/lib/python3.12/site-packages/airflow/models/dagbag.py", line 351, in parse
    loader.exec_module(new_module)
  File "<frozen importlib._bootstrap_external>", line 995, in exec_module
  File "<frozen importlib._bootstrap>", line 488, in _call_with_frames_removed
  File "/opt/airflow/dags/dag_script.py", line 13, in <module>
    from dags.DataPreprocessing.src.data_split import split
  File "/opt/airflow/dags/DataPreprocessing/src/data_split.py", line 2, in <module>
    from sklearn.model_selection import train_test_split
ModuleNotFoundError: No module named 'sklearn'
[2024-10-21T23:09:41.503+0000] {processor.py:842} WARNING - No viable dags retrieved from /opt/airflow/dags/dag_script.py
[2024-10-21T23:09:41.510+0000] {processor.py:183} INFO - Processing /opt/airflow/dags/dag_script.py took 0.284 seconds
[2024-10-21T23:10:11.645+0000] {processor.py:161} INFO - Started process (PID=162) to work on /opt/airflow/dags/dag_script.py
[2024-10-21T23:10:11.646+0000] {processor.py:830} INFO - Processing file /opt/airflow/dags/dag_script.py for tasks to queue
[2024-10-21T23:10:11.650+0000] {logging_mixin.py:188} INFO - [2024-10-21T23:10:11.649+0000] {dagbag.py:545} INFO - Filling up the DagBag from /opt/airflow/dags/dag_script.py
[2024-10-21T23:10:12.074+0000] {logging_mixin.py:188} INFO - [2024-10-21T23:10:12.072+0000] {dagbag.py:355} ERROR - Failed to import: /opt/airflow/dags/dag_script.py
Traceback (most recent call last):
  File "/home/airflow/.local/lib/python3.12/site-packages/airflow/models/dagbag.py", line 351, in parse
    loader.exec_module(new_module)
  File "<frozen importlib._bootstrap_external>", line 995, in exec_module
  File "<frozen importlib._bootstrap>", line 488, in _call_with_frames_removed
  File "/opt/airflow/dags/dag_script.py", line 13, in <module>
    from dags.DataPreprocessing.src.data_split import split
  File "/opt/airflow/dags/DataPreprocessing/src/data_split.py", line 2, in <module>
    from sklearn.model_selection import train_test_split
ModuleNotFoundError: No module named 'sklearn'
[2024-10-21T23:10:12.074+0000] {processor.py:842} WARNING - No viable dags retrieved from /opt/airflow/dags/dag_script.py
[2024-10-21T23:10:12.085+0000] {processor.py:183} INFO - Processing /opt/airflow/dags/dag_script.py took 0.448 seconds
[2024-10-21T23:12:03.404+0000] {processor.py:161} INFO - Started process (PID=82) to work on /opt/airflow/dags/dag_script.py
[2024-10-21T23:12:03.406+0000] {processor.py:830} INFO - Processing file /opt/airflow/dags/dag_script.py for tasks to queue
[2024-10-21T23:12:03.411+0000] {logging_mixin.py:188} INFO - [2024-10-21T23:12:03.410+0000] {dagbag.py:545} INFO - Filling up the DagBag from /opt/airflow/dags/dag_script.py
[2024-10-21T23:12:04.708+0000] {logging_mixin.py:188} INFO - [2024-10-21T23:12:04.707+0000] {dagbag.py:355} ERROR - Failed to import: /opt/airflow/dags/dag_script.py
Traceback (most recent call last):
  File "/home/airflow/.local/lib/python3.12/site-packages/airflow/models/dagbag.py", line 351, in parse
    loader.exec_module(new_module)
  File "<frozen importlib._bootstrap_external>", line 995, in exec_module
  File "<frozen importlib._bootstrap>", line 488, in _call_with_frames_removed
  File "/opt/airflow/dags/dag_script.py", line 14, in <module>
    from dags.DataPreprocessing.src.train.data_preprocessing.pivoting_data import pivot_parameters as pivoting_data_train
  File "/opt/airflow/dags/DataPreprocessing/src/train/data_preprocessing/pivoting_data.py", line 3, in <module>
    import matplotlib.pyplot as plt
ModuleNotFoundError: No module named 'matplotlib'
[2024-10-21T23:12:04.709+0000] {processor.py:842} WARNING - No viable dags retrieved from /opt/airflow/dags/dag_script.py
[2024-10-21T23:12:04.720+0000] {processor.py:183} INFO - Processing /opt/airflow/dags/dag_script.py took 1.322 seconds
[2024-10-21T23:12:34.979+0000] {processor.py:161} INFO - Started process (PID=97) to work on /opt/airflow/dags/dag_script.py
[2024-10-21T23:12:34.981+0000] {processor.py:830} INFO - Processing file /opt/airflow/dags/dag_script.py for tasks to queue
[2024-10-21T23:12:34.985+0000] {logging_mixin.py:188} INFO - [2024-10-21T23:12:34.985+0000] {dagbag.py:545} INFO - Filling up the DagBag from /opt/airflow/dags/dag_script.py
[2024-10-21T23:12:35.545+0000] {logging_mixin.py:188} INFO - [2024-10-21T23:12:35.544+0000] {dagbag.py:355} ERROR - Failed to import: /opt/airflow/dags/dag_script.py
Traceback (most recent call last):
  File "/home/airflow/.local/lib/python3.12/site-packages/airflow/models/dagbag.py", line 351, in parse
    loader.exec_module(new_module)
  File "<frozen importlib._bootstrap_external>", line 995, in exec_module
  File "<frozen importlib._bootstrap>", line 488, in _call_with_frames_removed
  File "/opt/airflow/dags/dag_script.py", line 14, in <module>
    from dags.DataPreprocessing.src.train.data_preprocessing.pivoting_data import pivot_parameters as pivoting_data_train
  File "/opt/airflow/dags/DataPreprocessing/src/train/data_preprocessing/pivoting_data.py", line 3, in <module>
    import matplotlib.pyplot as plt
ModuleNotFoundError: No module named 'matplotlib'
[2024-10-21T23:12:35.545+0000] {processor.py:842} WARNING - No viable dags retrieved from /opt/airflow/dags/dag_script.py
[2024-10-21T23:12:35.555+0000] {processor.py:183} INFO - Processing /opt/airflow/dags/dag_script.py took 0.593 seconds
[2024-10-21T23:13:05.831+0000] {processor.py:161} INFO - Started process (PID=112) to work on /opt/airflow/dags/dag_script.py
[2024-10-21T23:13:05.833+0000] {processor.py:830} INFO - Processing file /opt/airflow/dags/dag_script.py for tasks to queue
[2024-10-21T23:13:05.836+0000] {logging_mixin.py:188} INFO - [2024-10-21T23:13:05.835+0000] {dagbag.py:545} INFO - Filling up the DagBag from /opt/airflow/dags/dag_script.py
[2024-10-21T23:13:06.406+0000] {logging_mixin.py:188} INFO - [2024-10-21T23:13:06.405+0000] {dagbag.py:355} ERROR - Failed to import: /opt/airflow/dags/dag_script.py
Traceback (most recent call last):
  File "/home/airflow/.local/lib/python3.12/site-packages/airflow/models/dagbag.py", line 351, in parse
    loader.exec_module(new_module)
  File "<frozen importlib._bootstrap_external>", line 995, in exec_module
  File "<frozen importlib._bootstrap>", line 488, in _call_with_frames_removed
  File "/opt/airflow/dags/dag_script.py", line 14, in <module>
    from dags.DataPreprocessing.src.train.data_preprocessing.pivoting_data import pivot_parameters as pivoting_data_train
  File "/opt/airflow/dags/DataPreprocessing/src/train/data_preprocessing/pivoting_data.py", line 3, in <module>
    import matplotlib.pyplot as plt
ModuleNotFoundError: No module named 'matplotlib'
[2024-10-21T23:13:06.406+0000] {processor.py:842} WARNING - No viable dags retrieved from /opt/airflow/dags/dag_script.py
[2024-10-21T23:13:06.419+0000] {processor.py:183} INFO - Processing /opt/airflow/dags/dag_script.py took 0.598 seconds
[2024-10-21T23:13:36.482+0000] {processor.py:161} INFO - Started process (PID=127) to work on /opt/airflow/dags/dag_script.py
[2024-10-21T23:13:36.483+0000] {processor.py:830} INFO - Processing file /opt/airflow/dags/dag_script.py for tasks to queue
[2024-10-21T23:13:36.487+0000] {logging_mixin.py:188} INFO - [2024-10-21T23:13:36.485+0000] {dagbag.py:545} INFO - Filling up the DagBag from /opt/airflow/dags/dag_script.py
[2024-10-21T23:13:36.981+0000] {logging_mixin.py:188} INFO - [2024-10-21T23:13:36.980+0000] {dagbag.py:355} ERROR - Failed to import: /opt/airflow/dags/dag_script.py
Traceback (most recent call last):
  File "/home/airflow/.local/lib/python3.12/site-packages/airflow/models/dagbag.py", line 351, in parse
    loader.exec_module(new_module)
  File "<frozen importlib._bootstrap_external>", line 995, in exec_module
  File "<frozen importlib._bootstrap>", line 488, in _call_with_frames_removed
  File "/opt/airflow/dags/dag_script.py", line 14, in <module>
    from dags.DataPreprocessing.src.train.data_preprocessing.pivoting_data import pivot_parameters as pivoting_data_train
  File "/opt/airflow/dags/DataPreprocessing/src/train/data_preprocessing/pivoting_data.py", line 3, in <module>
    import matplotlib.pyplot as plt
ModuleNotFoundError: No module named 'matplotlib'
[2024-10-21T23:13:36.981+0000] {processor.py:842} WARNING - No viable dags retrieved from /opt/airflow/dags/dag_script.py
[2024-10-21T23:13:37.025+0000] {processor.py:183} INFO - Processing /opt/airflow/dags/dag_script.py took 0.551 seconds
[2024-10-21T23:14:07.266+0000] {processor.py:161} INFO - Started process (PID=148) to work on /opt/airflow/dags/dag_script.py
[2024-10-21T23:14:07.268+0000] {processor.py:830} INFO - Processing file /opt/airflow/dags/dag_script.py for tasks to queue
[2024-10-21T23:14:07.271+0000] {logging_mixin.py:188} INFO - [2024-10-21T23:14:07.270+0000] {dagbag.py:545} INFO - Filling up the DagBag from /opt/airflow/dags/dag_script.py
[2024-10-21T23:14:07.773+0000] {logging_mixin.py:188} INFO - [2024-10-21T23:14:07.772+0000] {dagbag.py:355} ERROR - Failed to import: /opt/airflow/dags/dag_script.py
Traceback (most recent call last):
  File "/home/airflow/.local/lib/python3.12/site-packages/airflow/models/dagbag.py", line 351, in parse
    loader.exec_module(new_module)
  File "<frozen importlib._bootstrap_external>", line 995, in exec_module
  File "<frozen importlib._bootstrap>", line 488, in _call_with_frames_removed
  File "/opt/airflow/dags/dag_script.py", line 14, in <module>
    from dags.DataPreprocessing.src.train.data_preprocessing.pivoting_data import pivot_parameters as pivoting_data_train
  File "/opt/airflow/dags/DataPreprocessing/src/train/data_preprocessing/pivoting_data.py", line 3, in <module>
    import matplotlib.pyplot as plt
ModuleNotFoundError: No module named 'matplotlib'
[2024-10-21T23:14:07.774+0000] {processor.py:842} WARNING - No viable dags retrieved from /opt/airflow/dags/dag_script.py
[2024-10-21T23:14:07.785+0000] {processor.py:183} INFO - Processing /opt/airflow/dags/dag_script.py took 0.523 seconds
[2024-10-21T23:14:38.062+0000] {processor.py:161} INFO - Started process (PID=163) to work on /opt/airflow/dags/dag_script.py
[2024-10-21T23:14:38.064+0000] {processor.py:830} INFO - Processing file /opt/airflow/dags/dag_script.py for tasks to queue
[2024-10-21T23:14:38.068+0000] {logging_mixin.py:188} INFO - [2024-10-21T23:14:38.067+0000] {dagbag.py:545} INFO - Filling up the DagBag from /opt/airflow/dags/dag_script.py
[2024-10-21T23:14:38.577+0000] {logging_mixin.py:188} INFO - [2024-10-21T23:14:38.576+0000] {dagbag.py:355} ERROR - Failed to import: /opt/airflow/dags/dag_script.py
Traceback (most recent call last):
  File "/home/airflow/.local/lib/python3.12/site-packages/airflow/models/dagbag.py", line 351, in parse
    loader.exec_module(new_module)
  File "<frozen importlib._bootstrap_external>", line 995, in exec_module
  File "<frozen importlib._bootstrap>", line 488, in _call_with_frames_removed
  File "/opt/airflow/dags/dag_script.py", line 14, in <module>
    from dags.DataPreprocessing.src.train.data_preprocessing.pivoting_data import pivot_parameters as pivoting_data_train
  File "/opt/airflow/dags/DataPreprocessing/src/train/data_preprocessing/pivoting_data.py", line 3, in <module>
    import matplotlib.pyplot as plt
ModuleNotFoundError: No module named 'matplotlib'
[2024-10-21T23:14:38.577+0000] {processor.py:842} WARNING - No viable dags retrieved from /opt/airflow/dags/dag_script.py
[2024-10-21T23:14:38.586+0000] {processor.py:183} INFO - Processing /opt/airflow/dags/dag_script.py took 0.535 seconds
[2024-10-21T23:15:08.706+0000] {processor.py:161} INFO - Started process (PID=178) to work on /opt/airflow/dags/dag_script.py
[2024-10-21T23:15:08.707+0000] {processor.py:830} INFO - Processing file /opt/airflow/dags/dag_script.py for tasks to queue
[2024-10-21T23:15:08.710+0000] {logging_mixin.py:188} INFO - [2024-10-21T23:15:08.709+0000] {dagbag.py:545} INFO - Filling up the DagBag from /opt/airflow/dags/dag_script.py
[2024-10-21T23:15:09.200+0000] {logging_mixin.py:188} INFO - [2024-10-21T23:15:09.199+0000] {dagbag.py:355} ERROR - Failed to import: /opt/airflow/dags/dag_script.py
Traceback (most recent call last):
  File "/home/airflow/.local/lib/python3.12/site-packages/airflow/models/dagbag.py", line 351, in parse
    loader.exec_module(new_module)
  File "<frozen importlib._bootstrap_external>", line 995, in exec_module
  File "<frozen importlib._bootstrap>", line 488, in _call_with_frames_removed
  File "/opt/airflow/dags/dag_script.py", line 14, in <module>
    from dags.DataPreprocessing.src.train.data_preprocessing.pivoting_data import pivot_parameters as pivoting_data_train
  File "/opt/airflow/dags/DataPreprocessing/src/train/data_preprocessing/pivoting_data.py", line 3, in <module>
    import matplotlib.pyplot as plt
ModuleNotFoundError: No module named 'matplotlib'
[2024-10-21T23:15:09.200+0000] {processor.py:842} WARNING - No viable dags retrieved from /opt/airflow/dags/dag_script.py
[2024-10-21T23:15:09.209+0000] {processor.py:183} INFO - Processing /opt/airflow/dags/dag_script.py took 0.512 seconds
[2024-10-21T23:15:39.470+0000] {processor.py:161} INFO - Started process (PID=193) to work on /opt/airflow/dags/dag_script.py
[2024-10-21T23:15:39.472+0000] {processor.py:830} INFO - Processing file /opt/airflow/dags/dag_script.py for tasks to queue
[2024-10-21T23:15:39.475+0000] {logging_mixin.py:188} INFO - [2024-10-21T23:15:39.474+0000] {dagbag.py:545} INFO - Filling up the DagBag from /opt/airflow/dags/dag_script.py
[2024-10-21T23:15:40.010+0000] {logging_mixin.py:188} INFO - [2024-10-21T23:15:40.009+0000] {dagbag.py:355} ERROR - Failed to import: /opt/airflow/dags/dag_script.py
Traceback (most recent call last):
  File "/home/airflow/.local/lib/python3.12/site-packages/airflow/models/dagbag.py", line 351, in parse
    loader.exec_module(new_module)
  File "<frozen importlib._bootstrap_external>", line 995, in exec_module
  File "<frozen importlib._bootstrap>", line 488, in _call_with_frames_removed
  File "/opt/airflow/dags/dag_script.py", line 14, in <module>
    from dags.DataPreprocessing.src.train.data_preprocessing.pivoting_data import pivot_parameters as pivoting_data_train
  File "/opt/airflow/dags/DataPreprocessing/src/train/data_preprocessing/pivoting_data.py", line 3, in <module>
    import matplotlib.pyplot as plt
ModuleNotFoundError: No module named 'matplotlib'
[2024-10-21T23:15:40.011+0000] {processor.py:842} WARNING - No viable dags retrieved from /opt/airflow/dags/dag_script.py
[2024-10-21T23:15:40.019+0000] {processor.py:183} INFO - Processing /opt/airflow/dags/dag_script.py took 0.561 seconds
[2024-10-21T23:16:10.308+0000] {processor.py:161} INFO - Started process (PID=208) to work on /opt/airflow/dags/dag_script.py
[2024-10-21T23:16:10.310+0000] {processor.py:830} INFO - Processing file /opt/airflow/dags/dag_script.py for tasks to queue
[2024-10-21T23:16:10.314+0000] {logging_mixin.py:188} INFO - [2024-10-21T23:16:10.313+0000] {dagbag.py:545} INFO - Filling up the DagBag from /opt/airflow/dags/dag_script.py
[2024-10-21T23:16:10.775+0000] {logging_mixin.py:188} INFO - [2024-10-21T23:16:10.774+0000] {dagbag.py:355} ERROR - Failed to import: /opt/airflow/dags/dag_script.py
Traceback (most recent call last):
  File "/home/airflow/.local/lib/python3.12/site-packages/airflow/models/dagbag.py", line 351, in parse
    loader.exec_module(new_module)
  File "<frozen importlib._bootstrap_external>", line 995, in exec_module
  File "<frozen importlib._bootstrap>", line 488, in _call_with_frames_removed
  File "/opt/airflow/dags/dag_script.py", line 14, in <module>
    from dags.DataPreprocessing.src.train.data_preprocessing.pivoting_data import pivot_parameters as pivoting_data_train
  File "/opt/airflow/dags/DataPreprocessing/src/train/data_preprocessing/pivoting_data.py", line 3, in <module>
    import matplotlib.pyplot as plt
ModuleNotFoundError: No module named 'matplotlib'
[2024-10-21T23:16:10.775+0000] {processor.py:842} WARNING - No viable dags retrieved from /opt/airflow/dags/dag_script.py
[2024-10-21T23:16:10.785+0000] {processor.py:183} INFO - Processing /opt/airflow/dags/dag_script.py took 0.484 seconds
[2024-10-21T23:16:41.035+0000] {processor.py:161} INFO - Started process (PID=223) to work on /opt/airflow/dags/dag_script.py
[2024-10-21T23:16:41.037+0000] {processor.py:830} INFO - Processing file /opt/airflow/dags/dag_script.py for tasks to queue
[2024-10-21T23:16:41.040+0000] {logging_mixin.py:188} INFO - [2024-10-21T23:16:41.040+0000] {dagbag.py:545} INFO - Filling up the DagBag from /opt/airflow/dags/dag_script.py
[2024-10-21T23:16:41.527+0000] {logging_mixin.py:188} INFO - [2024-10-21T23:16:41.526+0000] {dagbag.py:355} ERROR - Failed to import: /opt/airflow/dags/dag_script.py
Traceback (most recent call last):
  File "/home/airflow/.local/lib/python3.12/site-packages/airflow/models/dagbag.py", line 351, in parse
    loader.exec_module(new_module)
  File "<frozen importlib._bootstrap_external>", line 995, in exec_module
  File "<frozen importlib._bootstrap>", line 488, in _call_with_frames_removed
  File "/opt/airflow/dags/dag_script.py", line 14, in <module>
    from dags.DataPreprocessing.src.train.data_preprocessing.pivoting_data import pivot_parameters as pivoting_data_train
  File "/opt/airflow/dags/DataPreprocessing/src/train/data_preprocessing/pivoting_data.py", line 3, in <module>
    import matplotlib.pyplot as plt
ModuleNotFoundError: No module named 'matplotlib'
[2024-10-21T23:16:41.527+0000] {processor.py:842} WARNING - No viable dags retrieved from /opt/airflow/dags/dag_script.py
[2024-10-21T23:16:41.535+0000] {processor.py:183} INFO - Processing /opt/airflow/dags/dag_script.py took 0.508 seconds
[2024-10-21T23:17:11.843+0000] {processor.py:161} INFO - Started process (PID=238) to work on /opt/airflow/dags/dag_script.py
[2024-10-21T23:17:11.845+0000] {processor.py:830} INFO - Processing file /opt/airflow/dags/dag_script.py for tasks to queue
[2024-10-21T23:17:11.848+0000] {logging_mixin.py:188} INFO - [2024-10-21T23:17:11.847+0000] {dagbag.py:545} INFO - Filling up the DagBag from /opt/airflow/dags/dag_script.py
[2024-10-21T23:17:12.355+0000] {logging_mixin.py:188} INFO - [2024-10-21T23:17:12.354+0000] {dagbag.py:355} ERROR - Failed to import: /opt/airflow/dags/dag_script.py
Traceback (most recent call last):
  File "/home/airflow/.local/lib/python3.12/site-packages/airflow/models/dagbag.py", line 351, in parse
    loader.exec_module(new_module)
  File "<frozen importlib._bootstrap_external>", line 995, in exec_module
  File "<frozen importlib._bootstrap>", line 488, in _call_with_frames_removed
  File "/opt/airflow/dags/dag_script.py", line 14, in <module>
    from dags.DataPreprocessing.src.train.data_preprocessing.pivoting_data import pivot_parameters as pivoting_data_train
  File "/opt/airflow/dags/DataPreprocessing/src/train/data_preprocessing/pivoting_data.py", line 3, in <module>
    import matplotlib.pyplot as plt
ModuleNotFoundError: No module named 'matplotlib'
[2024-10-21T23:17:12.355+0000] {processor.py:842} WARNING - No viable dags retrieved from /opt/airflow/dags/dag_script.py
[2024-10-21T23:17:12.365+0000] {processor.py:183} INFO - Processing /opt/airflow/dags/dag_script.py took 0.529 seconds
[2024-10-21T23:17:42.651+0000] {processor.py:161} INFO - Started process (PID=252) to work on /opt/airflow/dags/dag_script.py
[2024-10-21T23:17:42.653+0000] {processor.py:830} INFO - Processing file /opt/airflow/dags/dag_script.py for tasks to queue
[2024-10-21T23:17:42.656+0000] {logging_mixin.py:188} INFO - [2024-10-21T23:17:42.655+0000] {dagbag.py:545} INFO - Filling up the DagBag from /opt/airflow/dags/dag_script.py
[2024-10-21T23:17:43.312+0000] {logging_mixin.py:188} INFO - [2024-10-21T23:17:43.309+0000] {dagbag.py:355} ERROR - Failed to import: /opt/airflow/dags/dag_script.py
Traceback (most recent call last):
  File "/home/airflow/.local/lib/python3.12/site-packages/airflow/models/dagbag.py", line 351, in parse
    loader.exec_module(new_module)
  File "<frozen importlib._bootstrap_external>", line 995, in exec_module
  File "<frozen importlib._bootstrap>", line 488, in _call_with_frames_removed
  File "/opt/airflow/dags/dag_script.py", line 14, in <module>
    from dags.DataPreprocessing.src.train.data_preprocessing.pivoting_data import pivot_parameters as pivoting_data_train
  File "/opt/airflow/dags/DataPreprocessing/src/train/data_preprocessing/pivoting_data.py", line 3, in <module>
    import matplotlib.pyplot as plt
ModuleNotFoundError: No module named 'matplotlib'
[2024-10-21T23:17:43.313+0000] {processor.py:842} WARNING - No viable dags retrieved from /opt/airflow/dags/dag_script.py
[2024-10-21T23:17:43.330+0000] {processor.py:183} INFO - Processing /opt/airflow/dags/dag_script.py took 0.687 seconds
[2024-10-21T23:19:08.367+0000] {processor.py:161} INFO - Started process (PID=96) to work on /opt/airflow/dags/dag_script.py
[2024-10-21T23:19:08.368+0000] {processor.py:830} INFO - Processing file /opt/airflow/dags/dag_script.py for tasks to queue
[2024-10-21T23:19:08.376+0000] {logging_mixin.py:188} INFO - [2024-10-21T23:19:08.375+0000] {dagbag.py:545} INFO - Filling up the DagBag from /opt/airflow/dags/dag_script.py
[2024-10-21T23:19:11.083+0000] {logging_mixin.py:188} INFO - [2024-10-21T23:19:11.082+0000] {font_manager.py:1584} INFO - generated new fontManager
[2024-10-21T23:19:11.962+0000] {processor.py:840} INFO - DAG(s) 'datapipeline_new' retrieved from /opt/airflow/dags/dag_script.py
[2024-10-21T23:19:12.366+0000] {logging_mixin.py:188} INFO - [2024-10-21T23:19:12.365+0000] {override.py:1829} INFO - Created Permission View: can delete on DAG:datapipeline_new
[2024-10-21T23:19:12.373+0000] {logging_mixin.py:188} INFO - [2024-10-21T23:19:12.373+0000] {override.py:1829} INFO - Created Permission View: can read on DAG:datapipeline_new
[2024-10-21T23:19:12.375+0000] {logging_mixin.py:188} INFO - [2024-10-21T23:19:12.375+0000] {override.py:1829} INFO - Created Permission View: can edit on DAG:datapipeline_new
[2024-10-21T23:19:12.376+0000] {logging_mixin.py:188} INFO - [2024-10-21T23:19:12.375+0000] {dag.py:3096} INFO - Sync 1 DAGs
[2024-10-21T23:19:12.384+0000] {logging_mixin.py:188} INFO - [2024-10-21T23:19:12.384+0000] {dag.py:3118} INFO - Creating ORM DAG for datapipeline_new
[2024-10-21T23:19:12.385+0000] {logging_mixin.py:188} INFO - [2024-10-21T23:19:12.385+0000] {dag.py:3954} INFO - Setting next_dagrun for datapipeline_new to None, run_after=None
[2024-10-21T23:19:12.397+0000] {processor.py:183} INFO - Processing /opt/airflow/dags/dag_script.py took 4.039 seconds
[2024-10-21T23:19:42.872+0000] {processor.py:161} INFO - Started process (PID=113) to work on /opt/airflow/dags/dag_script.py
[2024-10-21T23:19:42.874+0000] {processor.py:830} INFO - Processing file /opt/airflow/dags/dag_script.py for tasks to queue
[2024-10-21T23:19:42.881+0000] {logging_mixin.py:188} INFO - [2024-10-21T23:19:42.880+0000] {dagbag.py:545} INFO - Filling up the DagBag from /opt/airflow/dags/dag_script.py
[2024-10-21T23:19:43.917+0000] {processor.py:840} INFO - DAG(s) 'datapipeline_new' retrieved from /opt/airflow/dags/dag_script.py
[2024-10-21T23:19:43.932+0000] {logging_mixin.py:188} INFO - [2024-10-21T23:19:43.932+0000] {dag.py:3096} INFO - Sync 1 DAGs
[2024-10-21T23:19:43.942+0000] {logging_mixin.py:188} INFO - [2024-10-21T23:19:43.942+0000] {dag.py:3954} INFO - Setting next_dagrun for datapipeline_new to None, run_after=None
[2024-10-21T23:19:43.948+0000] {processor.py:183} INFO - Processing /opt/airflow/dags/dag_script.py took 1.096 seconds
[2024-10-21T23:20:14.165+0000] {processor.py:161} INFO - Started process (PID=128) to work on /opt/airflow/dags/dag_script.py
[2024-10-21T23:20:14.167+0000] {processor.py:830} INFO - Processing file /opt/airflow/dags/dag_script.py for tasks to queue
[2024-10-21T23:20:14.170+0000] {logging_mixin.py:188} INFO - [2024-10-21T23:20:14.170+0000] {dagbag.py:545} INFO - Filling up the DagBag from /opt/airflow/dags/dag_script.py
[2024-10-21T23:20:14.894+0000] {processor.py:840} INFO - DAG(s) 'datapipeline_new' retrieved from /opt/airflow/dags/dag_script.py
[2024-10-21T23:20:14.907+0000] {logging_mixin.py:188} INFO - [2024-10-21T23:20:14.907+0000] {dag.py:3096} INFO - Sync 1 DAGs
[2024-10-21T23:20:14.913+0000] {logging_mixin.py:188} INFO - [2024-10-21T23:20:14.913+0000] {dag.py:3954} INFO - Setting next_dagrun for datapipeline_new to None, run_after=None
[2024-10-21T23:20:14.920+0000] {processor.py:183} INFO - Processing /opt/airflow/dags/dag_script.py took 0.764 seconds
[2024-10-21T23:20:45.149+0000] {processor.py:161} INFO - Started process (PID=143) to work on /opt/airflow/dags/dag_script.py
[2024-10-21T23:20:45.151+0000] {processor.py:830} INFO - Processing file /opt/airflow/dags/dag_script.py for tasks to queue
[2024-10-21T23:20:45.153+0000] {logging_mixin.py:188} INFO - [2024-10-21T23:20:45.152+0000] {dagbag.py:545} INFO - Filling up the DagBag from /opt/airflow/dags/dag_script.py
[2024-10-21T23:20:45.948+0000] {processor.py:840} INFO - DAG(s) 'datapipeline_new' retrieved from /opt/airflow/dags/dag_script.py
[2024-10-21T23:20:45.963+0000] {logging_mixin.py:188} INFO - [2024-10-21T23:20:45.963+0000] {dag.py:3096} INFO - Sync 1 DAGs
[2024-10-21T23:20:45.974+0000] {logging_mixin.py:188} INFO - [2024-10-21T23:20:45.974+0000] {dag.py:3954} INFO - Setting next_dagrun for datapipeline_new to None, run_after=None
[2024-10-21T23:20:45.982+0000] {processor.py:183} INFO - Processing /opt/airflow/dags/dag_script.py took 0.842 seconds
[2024-10-21T23:21:16.250+0000] {processor.py:161} INFO - Started process (PID=158) to work on /opt/airflow/dags/dag_script.py
[2024-10-21T23:21:16.252+0000] {processor.py:830} INFO - Processing file /opt/airflow/dags/dag_script.py for tasks to queue
[2024-10-21T23:21:16.256+0000] {logging_mixin.py:188} INFO - [2024-10-21T23:21:16.256+0000] {dagbag.py:545} INFO - Filling up the DagBag from /opt/airflow/dags/dag_script.py
[2024-10-21T23:21:17.003+0000] {processor.py:840} INFO - DAG(s) 'datapipeline_new' retrieved from /opt/airflow/dags/dag_script.py
[2024-10-21T23:21:17.016+0000] {logging_mixin.py:188} INFO - [2024-10-21T23:21:17.016+0000] {dag.py:3096} INFO - Sync 1 DAGs
[2024-10-21T23:21:17.021+0000] {logging_mixin.py:188} INFO - [2024-10-21T23:21:17.021+0000] {dag.py:3954} INFO - Setting next_dagrun for datapipeline_new to None, run_after=None
[2024-10-21T23:21:17.027+0000] {processor.py:183} INFO - Processing /opt/airflow/dags/dag_script.py took 0.785 seconds
[2024-10-21T23:21:47.307+0000] {processor.py:161} INFO - Started process (PID=173) to work on /opt/airflow/dags/dag_script.py
[2024-10-21T23:21:47.308+0000] {processor.py:830} INFO - Processing file /opt/airflow/dags/dag_script.py for tasks to queue
[2024-10-21T23:21:47.311+0000] {logging_mixin.py:188} INFO - [2024-10-21T23:21:47.311+0000] {dagbag.py:545} INFO - Filling up the DagBag from /opt/airflow/dags/dag_script.py
[2024-10-21T23:21:48.226+0000] {processor.py:840} INFO - DAG(s) 'datapipeline_new' retrieved from /opt/airflow/dags/dag_script.py
[2024-10-21T23:21:48.239+0000] {logging_mixin.py:188} INFO - [2024-10-21T23:21:48.239+0000] {dag.py:3096} INFO - Sync 1 DAGs
[2024-10-21T23:21:48.243+0000] {logging_mixin.py:188} INFO - [2024-10-21T23:21:48.243+0000] {dag.py:3954} INFO - Setting next_dagrun for datapipeline_new to None, run_after=None
[2024-10-21T23:21:48.249+0000] {processor.py:183} INFO - Processing /opt/airflow/dags/dag_script.py took 0.953 seconds
[2024-10-21T23:22:18.532+0000] {processor.py:161} INFO - Started process (PID=188) to work on /opt/airflow/dags/dag_script.py
[2024-10-21T23:22:18.533+0000] {processor.py:830} INFO - Processing file /opt/airflow/dags/dag_script.py for tasks to queue
[2024-10-21T23:22:18.538+0000] {logging_mixin.py:188} INFO - [2024-10-21T23:22:18.536+0000] {dagbag.py:545} INFO - Filling up the DagBag from /opt/airflow/dags/dag_script.py
[2024-10-21T23:22:19.405+0000] {processor.py:840} INFO - DAG(s) 'datapipeline_new' retrieved from /opt/airflow/dags/dag_script.py
[2024-10-21T23:22:19.420+0000] {logging_mixin.py:188} INFO - [2024-10-21T23:22:19.420+0000] {dag.py:3096} INFO - Sync 1 DAGs
[2024-10-21T23:22:19.426+0000] {logging_mixin.py:188} INFO - [2024-10-21T23:22:19.426+0000] {dag.py:3954} INFO - Setting next_dagrun for datapipeline_new to None, run_after=None
[2024-10-21T23:22:19.433+0000] {processor.py:183} INFO - Processing /opt/airflow/dags/dag_script.py took 0.906 seconds
[2024-10-21T23:22:49.721+0000] {processor.py:161} INFO - Started process (PID=203) to work on /opt/airflow/dags/dag_script.py
[2024-10-21T23:22:49.722+0000] {processor.py:830} INFO - Processing file /opt/airflow/dags/dag_script.py for tasks to queue
[2024-10-21T23:22:49.724+0000] {logging_mixin.py:188} INFO - [2024-10-21T23:22:49.724+0000] {dagbag.py:545} INFO - Filling up the DagBag from /opt/airflow/dags/dag_script.py
[2024-10-21T23:22:50.573+0000] {processor.py:840} INFO - DAG(s) 'datapipeline_new' retrieved from /opt/airflow/dags/dag_script.py
[2024-10-21T23:22:50.600+0000] {logging_mixin.py:188} INFO - [2024-10-21T23:22:50.600+0000] {dag.py:3096} INFO - Sync 1 DAGs
[2024-10-21T23:22:50.606+0000] {logging_mixin.py:188} INFO - [2024-10-21T23:22:50.606+0000] {dag.py:3954} INFO - Setting next_dagrun for datapipeline_new to None, run_after=None
[2024-10-21T23:22:50.613+0000] {processor.py:183} INFO - Processing /opt/airflow/dags/dag_script.py took 0.897 seconds
[2024-10-21T23:23:20.897+0000] {processor.py:161} INFO - Started process (PID=218) to work on /opt/airflow/dags/dag_script.py
[2024-10-21T23:23:20.899+0000] {processor.py:830} INFO - Processing file /opt/airflow/dags/dag_script.py for tasks to queue
[2024-10-21T23:23:20.902+0000] {logging_mixin.py:188} INFO - [2024-10-21T23:23:20.901+0000] {dagbag.py:545} INFO - Filling up the DagBag from /opt/airflow/dags/dag_script.py
[2024-10-21T23:23:21.732+0000] {processor.py:840} INFO - DAG(s) 'datapipeline_new' retrieved from /opt/airflow/dags/dag_script.py
[2024-10-21T23:23:21.745+0000] {logging_mixin.py:188} INFO - [2024-10-21T23:23:21.745+0000] {dag.py:3096} INFO - Sync 1 DAGs
[2024-10-21T23:23:21.750+0000] {logging_mixin.py:188} INFO - [2024-10-21T23:23:21.750+0000] {dag.py:3954} INFO - Setting next_dagrun for datapipeline_new to None, run_after=None
[2024-10-21T23:23:21.757+0000] {processor.py:183} INFO - Processing /opt/airflow/dags/dag_script.py took 0.869 seconds
[2024-10-21T23:23:51.966+0000] {processor.py:161} INFO - Started process (PID=233) to work on /opt/airflow/dags/dag_script.py
[2024-10-21T23:23:51.968+0000] {processor.py:830} INFO - Processing file /opt/airflow/dags/dag_script.py for tasks to queue
[2024-10-21T23:23:51.972+0000] {logging_mixin.py:188} INFO - [2024-10-21T23:23:51.971+0000] {dagbag.py:545} INFO - Filling up the DagBag from /opt/airflow/dags/dag_script.py
[2024-10-21T23:23:52.791+0000] {processor.py:840} INFO - DAG(s) 'datapipeline_new' retrieved from /opt/airflow/dags/dag_script.py
[2024-10-21T23:23:52.808+0000] {logging_mixin.py:188} INFO - [2024-10-21T23:23:52.807+0000] {dag.py:3096} INFO - Sync 1 DAGs
[2024-10-21T23:23:52.823+0000] {logging_mixin.py:188} INFO - [2024-10-21T23:23:52.823+0000] {dag.py:3954} INFO - Setting next_dagrun for datapipeline_new to None, run_after=None
[2024-10-21T23:23:52.833+0000] {processor.py:183} INFO - Processing /opt/airflow/dags/dag_script.py took 0.876 seconds
[2024-10-21T23:24:23.193+0000] {processor.py:161} INFO - Started process (PID=247) to work on /opt/airflow/dags/dag_script.py
[2024-10-21T23:24:23.198+0000] {processor.py:830} INFO - Processing file /opt/airflow/dags/dag_script.py for tasks to queue
[2024-10-21T23:24:23.207+0000] {logging_mixin.py:188} INFO - [2024-10-21T23:24:23.206+0000] {dagbag.py:545} INFO - Filling up the DagBag from /opt/airflow/dags/dag_script.py
[2024-10-21T23:24:24.013+0000] {processor.py:840} INFO - DAG(s) 'datapipeline_new' retrieved from /opt/airflow/dags/dag_script.py
[2024-10-21T23:24:24.027+0000] {logging_mixin.py:188} INFO - [2024-10-21T23:24:24.027+0000] {dag.py:3096} INFO - Sync 1 DAGs
[2024-10-21T23:24:24.033+0000] {logging_mixin.py:188} INFO - [2024-10-21T23:24:24.033+0000] {dag.py:3954} INFO - Setting next_dagrun for datapipeline_new to None, run_after=None
[2024-10-21T23:24:24.040+0000] {processor.py:183} INFO - Processing /opt/airflow/dags/dag_script.py took 0.853 seconds
[2024-10-21T23:24:54.392+0000] {processor.py:161} INFO - Started process (PID=262) to work on /opt/airflow/dags/dag_script.py
[2024-10-21T23:24:54.393+0000] {processor.py:830} INFO - Processing file /opt/airflow/dags/dag_script.py for tasks to queue
[2024-10-21T23:24:54.397+0000] {logging_mixin.py:188} INFO - [2024-10-21T23:24:54.396+0000] {dagbag.py:545} INFO - Filling up the DagBag from /opt/airflow/dags/dag_script.py
[2024-10-21T23:24:55.226+0000] {processor.py:840} INFO - DAG(s) 'datapipeline_new' retrieved from /opt/airflow/dags/dag_script.py
[2024-10-21T23:24:55.248+0000] {logging_mixin.py:188} INFO - [2024-10-21T23:24:55.247+0000] {dag.py:3096} INFO - Sync 1 DAGs
[2024-10-21T23:24:55.253+0000] {logging_mixin.py:188} INFO - [2024-10-21T23:24:55.253+0000] {dag.py:3954} INFO - Setting next_dagrun for datapipeline_new to None, run_after=None
[2024-10-21T23:24:55.260+0000] {processor.py:183} INFO - Processing /opt/airflow/dags/dag_script.py took 0.887 seconds
[2024-10-21T23:25:25.650+0000] {processor.py:161} INFO - Started process (PID=277) to work on /opt/airflow/dags/dag_script.py
[2024-10-21T23:25:25.652+0000] {processor.py:830} INFO - Processing file /opt/airflow/dags/dag_script.py for tasks to queue
[2024-10-21T23:25:25.655+0000] {logging_mixin.py:188} INFO - [2024-10-21T23:25:25.654+0000] {dagbag.py:545} INFO - Filling up the DagBag from /opt/airflow/dags/dag_script.py
[2024-10-21T23:25:26.496+0000] {processor.py:840} INFO - DAG(s) 'datapipeline_new' retrieved from /opt/airflow/dags/dag_script.py
[2024-10-21T23:25:26.511+0000] {logging_mixin.py:188} INFO - [2024-10-21T23:25:26.511+0000] {dag.py:3096} INFO - Sync 1 DAGs
[2024-10-21T23:25:26.517+0000] {logging_mixin.py:188} INFO - [2024-10-21T23:25:26.517+0000] {dag.py:3954} INFO - Setting next_dagrun for datapipeline_new to None, run_after=None
[2024-10-21T23:25:26.526+0000] {processor.py:183} INFO - Processing /opt/airflow/dags/dag_script.py took 0.885 seconds
[2024-10-21T23:25:56.880+0000] {processor.py:161} INFO - Started process (PID=292) to work on /opt/airflow/dags/dag_script.py
[2024-10-21T23:25:56.881+0000] {processor.py:830} INFO - Processing file /opt/airflow/dags/dag_script.py for tasks to queue
[2024-10-21T23:25:56.884+0000] {logging_mixin.py:188} INFO - [2024-10-21T23:25:56.884+0000] {dagbag.py:545} INFO - Filling up the DagBag from /opt/airflow/dags/dag_script.py
[2024-10-21T23:25:57.682+0000] {processor.py:840} INFO - DAG(s) 'datapipeline_new' retrieved from /opt/airflow/dags/dag_script.py
[2024-10-21T23:25:57.699+0000] {logging_mixin.py:188} INFO - [2024-10-21T23:25:57.698+0000] {dag.py:3096} INFO - Sync 1 DAGs
[2024-10-21T23:25:57.704+0000] {logging_mixin.py:188} INFO - [2024-10-21T23:25:57.704+0000] {dag.py:3954} INFO - Setting next_dagrun for datapipeline_new to None, run_after=None
[2024-10-21T23:25:57.712+0000] {processor.py:183} INFO - Processing /opt/airflow/dags/dag_script.py took 0.841 seconds
[2024-10-21T23:31:12.543+0000] {processor.py:161} INFO - Started process (PID=58) to work on /opt/airflow/dags/dag_script.py
[2024-10-21T23:31:12.547+0000] {processor.py:830} INFO - Processing file /opt/airflow/dags/dag_script.py for tasks to queue
[2024-10-21T23:31:12.549+0000] {logging_mixin.py:188} INFO - [2024-10-21T23:31:12.548+0000] {dagbag.py:545} INFO - Filling up the DagBag from /opt/airflow/dags/dag_script.py
[2024-10-21T23:31:14.981+0000] {processor.py:840} INFO - DAG(s) 'datapipeline_new' retrieved from /opt/airflow/dags/dag_script.py
[2024-10-21T23:31:15.128+0000] {logging_mixin.py:188} INFO - [2024-10-21T23:31:15.126+0000] {dag.py:3096} INFO - Sync 1 DAGs
[2024-10-21T23:31:15.140+0000] {logging_mixin.py:188} INFO - [2024-10-21T23:31:15.140+0000] {dag.py:3954} INFO - Setting next_dagrun for datapipeline_new to None, run_after=None
[2024-10-21T23:31:15.161+0000] {processor.py:183} INFO - Processing /opt/airflow/dags/dag_script.py took 2.628 seconds
[2024-10-21T23:31:45.621+0000] {processor.py:161} INFO - Started process (PID=79) to work on /opt/airflow/dags/dag_script.py
[2024-10-21T23:31:45.626+0000] {processor.py:830} INFO - Processing file /opt/airflow/dags/dag_script.py for tasks to queue
[2024-10-21T23:31:45.644+0000] {logging_mixin.py:188} INFO - [2024-10-21T23:31:45.641+0000] {dagbag.py:545} INFO - Filling up the DagBag from /opt/airflow/dags/dag_script.py
[2024-10-21T23:31:48.237+0000] {processor.py:840} INFO - DAG(s) 'datapipeline_new' retrieved from /opt/airflow/dags/dag_script.py
[2024-10-21T23:31:48.259+0000] {logging_mixin.py:188} INFO - [2024-10-21T23:31:48.259+0000] {dag.py:3096} INFO - Sync 1 DAGs
[2024-10-21T23:31:48.267+0000] {logging_mixin.py:188} INFO - [2024-10-21T23:31:48.267+0000] {dag.py:3954} INFO - Setting next_dagrun for datapipeline_new to None, run_after=None
[2024-10-21T23:31:48.283+0000] {processor.py:183} INFO - Processing /opt/airflow/dags/dag_script.py took 2.707 seconds
[2024-10-21T23:32:18.617+0000] {processor.py:161} INFO - Started process (PID=94) to work on /opt/airflow/dags/dag_script.py
[2024-10-21T23:32:18.619+0000] {processor.py:830} INFO - Processing file /opt/airflow/dags/dag_script.py for tasks to queue
[2024-10-21T23:32:18.622+0000] {logging_mixin.py:188} INFO - [2024-10-21T23:32:18.622+0000] {dagbag.py:545} INFO - Filling up the DagBag from /opt/airflow/dags/dag_script.py
[2024-10-21T23:32:19.518+0000] {processor.py:840} INFO - DAG(s) 'datapipeline_new' retrieved from /opt/airflow/dags/dag_script.py
[2024-10-21T23:32:19.533+0000] {logging_mixin.py:188} INFO - [2024-10-21T23:32:19.533+0000] {dag.py:3096} INFO - Sync 1 DAGs
[2024-10-21T23:32:19.538+0000] {logging_mixin.py:188} INFO - [2024-10-21T23:32:19.538+0000] {dag.py:3954} INFO - Setting next_dagrun for datapipeline_new to None, run_after=None
[2024-10-21T23:32:19.545+0000] {processor.py:183} INFO - Processing /opt/airflow/dags/dag_script.py took 0.936 seconds
[2024-10-21T23:32:49.880+0000] {processor.py:161} INFO - Started process (PID=109) to work on /opt/airflow/dags/dag_script.py
[2024-10-21T23:32:49.881+0000] {processor.py:830} INFO - Processing file /opt/airflow/dags/dag_script.py for tasks to queue
[2024-10-21T23:32:49.884+0000] {logging_mixin.py:188} INFO - [2024-10-21T23:32:49.883+0000] {dagbag.py:545} INFO - Filling up the DagBag from /opt/airflow/dags/dag_script.py
[2024-10-21T23:32:50.735+0000] {processor.py:840} INFO - DAG(s) 'datapipeline_new' retrieved from /opt/airflow/dags/dag_script.py
[2024-10-21T23:32:50.752+0000] {logging_mixin.py:188} INFO - [2024-10-21T23:32:50.752+0000] {dag.py:3096} INFO - Sync 1 DAGs
[2024-10-21T23:32:50.757+0000] {logging_mixin.py:188} INFO - [2024-10-21T23:32:50.757+0000] {dag.py:3954} INFO - Setting next_dagrun for datapipeline_new to None, run_after=None
[2024-10-21T23:32:50.763+0000] {processor.py:183} INFO - Processing /opt/airflow/dags/dag_script.py took 0.889 seconds
[2024-10-21T23:33:21.073+0000] {processor.py:161} INFO - Started process (PID=124) to work on /opt/airflow/dags/dag_script.py
[2024-10-21T23:33:21.074+0000] {processor.py:830} INFO - Processing file /opt/airflow/dags/dag_script.py for tasks to queue
[2024-10-21T23:33:21.077+0000] {logging_mixin.py:188} INFO - [2024-10-21T23:33:21.077+0000] {dagbag.py:545} INFO - Filling up the DagBag from /opt/airflow/dags/dag_script.py
[2024-10-21T23:33:21.967+0000] {processor.py:840} INFO - DAG(s) 'datapipeline_new' retrieved from /opt/airflow/dags/dag_script.py
[2024-10-21T23:33:21.984+0000] {logging_mixin.py:188} INFO - [2024-10-21T23:33:21.984+0000] {dag.py:3096} INFO - Sync 1 DAGs
[2024-10-21T23:33:21.990+0000] {logging_mixin.py:188} INFO - [2024-10-21T23:33:21.990+0000] {dag.py:3954} INFO - Setting next_dagrun for datapipeline_new to None, run_after=None
[2024-10-21T23:33:21.997+0000] {processor.py:183} INFO - Processing /opt/airflow/dags/dag_script.py took 0.935 seconds
[2024-10-21T23:33:52.299+0000] {processor.py:161} INFO - Started process (PID=139) to work on /opt/airflow/dags/dag_script.py
[2024-10-21T23:33:52.301+0000] {processor.py:830} INFO - Processing file /opt/airflow/dags/dag_script.py for tasks to queue
[2024-10-21T23:33:52.306+0000] {logging_mixin.py:188} INFO - [2024-10-21T23:33:52.305+0000] {dagbag.py:545} INFO - Filling up the DagBag from /opt/airflow/dags/dag_script.py
[2024-10-21T23:33:53.187+0000] {processor.py:840} INFO - DAG(s) 'datapipeline_new' retrieved from /opt/airflow/dags/dag_script.py
[2024-10-21T23:33:53.201+0000] {logging_mixin.py:188} INFO - [2024-10-21T23:33:53.201+0000] {dag.py:3096} INFO - Sync 1 DAGs
[2024-10-21T23:33:53.207+0000] {logging_mixin.py:188} INFO - [2024-10-21T23:33:53.207+0000] {dag.py:3954} INFO - Setting next_dagrun for datapipeline_new to None, run_after=None
[2024-10-21T23:33:53.214+0000] {processor.py:183} INFO - Processing /opt/airflow/dags/dag_script.py took 0.947 seconds
[2024-10-21T23:34:23.499+0000] {processor.py:161} INFO - Started process (PID=154) to work on /opt/airflow/dags/dag_script.py
[2024-10-21T23:34:23.502+0000] {processor.py:830} INFO - Processing file /opt/airflow/dags/dag_script.py for tasks to queue
[2024-10-21T23:34:23.505+0000] {logging_mixin.py:188} INFO - [2024-10-21T23:34:23.505+0000] {dagbag.py:545} INFO - Filling up the DagBag from /opt/airflow/dags/dag_script.py
[2024-10-21T23:34:24.366+0000] {processor.py:840} INFO - DAG(s) 'datapipeline_new' retrieved from /opt/airflow/dags/dag_script.py
[2024-10-21T23:34:24.381+0000] {logging_mixin.py:188} INFO - [2024-10-21T23:34:24.381+0000] {dag.py:3096} INFO - Sync 1 DAGs
[2024-10-21T23:34:24.386+0000] {logging_mixin.py:188} INFO - [2024-10-21T23:34:24.386+0000] {dag.py:3954} INFO - Setting next_dagrun for datapipeline_new to None, run_after=None
[2024-10-21T23:34:24.392+0000] {processor.py:183} INFO - Processing /opt/airflow/dags/dag_script.py took 0.902 seconds
[2024-10-21T23:34:54.710+0000] {processor.py:161} INFO - Started process (PID=169) to work on /opt/airflow/dags/dag_script.py
[2024-10-21T23:34:54.712+0000] {processor.py:830} INFO - Processing file /opt/airflow/dags/dag_script.py for tasks to queue
[2024-10-21T23:34:54.716+0000] {logging_mixin.py:188} INFO - [2024-10-21T23:34:54.715+0000] {dagbag.py:545} INFO - Filling up the DagBag from /opt/airflow/dags/dag_script.py
[2024-10-21T23:34:55.502+0000] {processor.py:840} INFO - DAG(s) 'datapipeline_new' retrieved from /opt/airflow/dags/dag_script.py
[2024-10-21T23:34:55.515+0000] {logging_mixin.py:188} INFO - [2024-10-21T23:34:55.515+0000] {dag.py:3096} INFO - Sync 1 DAGs
[2024-10-21T23:34:55.520+0000] {logging_mixin.py:188} INFO - [2024-10-21T23:34:55.519+0000] {dag.py:3954} INFO - Setting next_dagrun for datapipeline_new to None, run_after=None
[2024-10-21T23:34:55.526+0000] {processor.py:183} INFO - Processing /opt/airflow/dags/dag_script.py took 0.824 seconds
[2024-10-21T23:38:01.301+0000] {processor.py:161} INFO - Started process (PID=59) to work on /opt/airflow/dags/dag_script.py
[2024-10-21T23:38:01.303+0000] {processor.py:830} INFO - Processing file /opt/airflow/dags/dag_script.py for tasks to queue
[2024-10-21T23:38:01.306+0000] {logging_mixin.py:188} INFO - [2024-10-21T23:38:01.306+0000] {dagbag.py:545} INFO - Filling up the DagBag from /opt/airflow/dags/dag_script.py
[2024-10-21T23:38:04.804+0000] {processor.py:840} INFO - DAG(s) 'datapipeline_new' retrieved from /opt/airflow/dags/dag_script.py
[2024-10-21T23:38:05.030+0000] {logging_mixin.py:188} INFO - [2024-10-21T23:38:05.030+0000] {dag.py:3096} INFO - Sync 1 DAGs
[2024-10-21T23:38:05.039+0000] {logging_mixin.py:188} INFO - [2024-10-21T23:38:05.039+0000] {dag.py:3954} INFO - Setting next_dagrun for datapipeline_new to None, run_after=None
[2024-10-21T23:38:05.057+0000] {processor.py:183} INFO - Processing /opt/airflow/dags/dag_script.py took 3.763 seconds
[2024-10-21T23:38:35.526+0000] {processor.py:161} INFO - Started process (PID=80) to work on /opt/airflow/dags/dag_script.py
[2024-10-21T23:38:35.527+0000] {processor.py:830} INFO - Processing file /opt/airflow/dags/dag_script.py for tasks to queue
[2024-10-21T23:38:35.531+0000] {logging_mixin.py:188} INFO - [2024-10-21T23:38:35.531+0000] {dagbag.py:545} INFO - Filling up the DagBag from /opt/airflow/dags/dag_script.py
[2024-10-21T23:38:38.005+0000] {processor.py:840} INFO - DAG(s) 'datapipeline_new' retrieved from /opt/airflow/dags/dag_script.py
[2024-10-21T23:38:38.046+0000] {logging_mixin.py:188} INFO - [2024-10-21T23:38:38.046+0000] {dag.py:3096} INFO - Sync 1 DAGs
[2024-10-21T23:38:38.058+0000] {logging_mixin.py:188} INFO - [2024-10-21T23:38:38.058+0000] {dag.py:3954} INFO - Setting next_dagrun for datapipeline_new to None, run_after=None
[2024-10-21T23:38:38.080+0000] {processor.py:183} INFO - Processing /opt/airflow/dags/dag_script.py took 2.561 seconds
[2024-10-21T23:39:08.407+0000] {processor.py:161} INFO - Started process (PID=96) to work on /opt/airflow/dags/dag_script.py
[2024-10-21T23:39:08.409+0000] {processor.py:830} INFO - Processing file /opt/airflow/dags/dag_script.py for tasks to queue
[2024-10-21T23:39:08.413+0000] {logging_mixin.py:188} INFO - [2024-10-21T23:39:08.412+0000] {dagbag.py:545} INFO - Filling up the DagBag from /opt/airflow/dags/dag_script.py
[2024-10-21T23:39:09.797+0000] {processor.py:840} INFO - DAG(s) 'datapipeline_new' retrieved from /opt/airflow/dags/dag_script.py
[2024-10-21T23:39:09.841+0000] {logging_mixin.py:188} INFO - [2024-10-21T23:39:09.840+0000] {dag.py:3096} INFO - Sync 1 DAGs
[2024-10-21T23:39:09.847+0000] {logging_mixin.py:188} INFO - [2024-10-21T23:39:09.847+0000] {dag.py:3954} INFO - Setting next_dagrun for datapipeline_new to None, run_after=None
[2024-10-21T23:39:09.855+0000] {processor.py:183} INFO - Processing /opt/airflow/dags/dag_script.py took 1.457 seconds
[2024-10-21T23:39:40.234+0000] {processor.py:161} INFO - Started process (PID=111) to work on /opt/airflow/dags/dag_script.py
[2024-10-21T23:39:40.236+0000] {processor.py:830} INFO - Processing file /opt/airflow/dags/dag_script.py for tasks to queue
[2024-10-21T23:39:40.239+0000] {logging_mixin.py:188} INFO - [2024-10-21T23:39:40.238+0000] {dagbag.py:545} INFO - Filling up the DagBag from /opt/airflow/dags/dag_script.py
[2024-10-21T23:39:41.900+0000] {processor.py:840} INFO - DAG(s) 'datapipeline_new' retrieved from /opt/airflow/dags/dag_script.py
[2024-10-21T23:39:41.931+0000] {logging_mixin.py:188} INFO - [2024-10-21T23:39:41.931+0000] {dag.py:3096} INFO - Sync 1 DAGs
[2024-10-21T23:39:41.938+0000] {logging_mixin.py:188} INFO - [2024-10-21T23:39:41.938+0000] {dag.py:3954} INFO - Setting next_dagrun for datapipeline_new to None, run_after=None
[2024-10-21T23:39:41.948+0000] {processor.py:183} INFO - Processing /opt/airflow/dags/dag_script.py took 1.733 seconds
[2024-10-21T23:40:12.034+0000] {processor.py:161} INFO - Started process (PID=126) to work on /opt/airflow/dags/dag_script.py
[2024-10-21T23:40:12.036+0000] {processor.py:830} INFO - Processing file /opt/airflow/dags/dag_script.py for tasks to queue
[2024-10-21T23:40:12.039+0000] {logging_mixin.py:188} INFO - [2024-10-21T23:40:12.039+0000] {dagbag.py:545} INFO - Filling up the DagBag from /opt/airflow/dags/dag_script.py
[2024-10-21T23:40:13.627+0000] {processor.py:840} INFO - DAG(s) 'datapipeline_new' retrieved from /opt/airflow/dags/dag_script.py
[2024-10-21T23:40:13.651+0000] {logging_mixin.py:188} INFO - [2024-10-21T23:40:13.651+0000] {dag.py:3096} INFO - Sync 1 DAGs
[2024-10-21T23:40:13.659+0000] {logging_mixin.py:188} INFO - [2024-10-21T23:40:13.659+0000] {dag.py:3954} INFO - Setting next_dagrun for datapipeline_new to None, run_after=None
[2024-10-21T23:40:13.670+0000] {processor.py:183} INFO - Processing /opt/airflow/dags/dag_script.py took 1.653 seconds
[2024-10-21T23:42:54.651+0000] {processor.py:161} INFO - Started process (PID=58) to work on /opt/airflow/dags/dag_script.py
[2024-10-21T23:42:54.653+0000] {processor.py:830} INFO - Processing file /opt/airflow/dags/dag_script.py for tasks to queue
[2024-10-21T23:42:54.654+0000] {logging_mixin.py:188} INFO - [2024-10-21T23:42:54.654+0000] {dagbag.py:545} INFO - Filling up the DagBag from /opt/airflow/dags/dag_script.py
[2024-10-21T23:42:56.708+0000] {processor.py:840} INFO - DAG(s) 'datapipeline_new' retrieved from /opt/airflow/dags/dag_script.py
[2024-10-21T23:42:56.910+0000] {logging_mixin.py:188} INFO - [2024-10-21T23:42:56.909+0000] {dag.py:3096} INFO - Sync 1 DAGs
[2024-10-21T23:42:56.921+0000] {logging_mixin.py:188} INFO - [2024-10-21T23:42:56.921+0000] {dag.py:3954} INFO - Setting next_dagrun for datapipeline_new to None, run_after=None
[2024-10-21T23:42:56.956+0000] {processor.py:183} INFO - Processing /opt/airflow/dags/dag_script.py took 2.310 seconds
[2024-10-21T23:43:27.254+0000] {processor.py:161} INFO - Started process (PID=73) to work on /opt/airflow/dags/dag_script.py
[2024-10-21T23:43:27.256+0000] {processor.py:830} INFO - Processing file /opt/airflow/dags/dag_script.py for tasks to queue
[2024-10-21T23:43:27.260+0000] {logging_mixin.py:188} INFO - [2024-10-21T23:43:27.259+0000] {dagbag.py:545} INFO - Filling up the DagBag from /opt/airflow/dags/dag_script.py
[2024-10-21T23:43:28.587+0000] {processor.py:840} INFO - DAG(s) 'datapipeline_new' retrieved from /opt/airflow/dags/dag_script.py
[2024-10-21T23:43:28.607+0000] {logging_mixin.py:188} INFO - [2024-10-21T23:43:28.607+0000] {dag.py:3096} INFO - Sync 1 DAGs
[2024-10-21T23:43:28.614+0000] {logging_mixin.py:188} INFO - [2024-10-21T23:43:28.614+0000] {dag.py:3954} INFO - Setting next_dagrun for datapipeline_new to None, run_after=None
[2024-10-21T23:43:28.623+0000] {processor.py:183} INFO - Processing /opt/airflow/dags/dag_script.py took 1.401 seconds
[2024-10-21T23:43:58.921+0000] {processor.py:161} INFO - Started process (PID=94) to work on /opt/airflow/dags/dag_script.py
[2024-10-21T23:43:58.923+0000] {processor.py:830} INFO - Processing file /opt/airflow/dags/dag_script.py for tasks to queue
[2024-10-21T23:43:58.927+0000] {logging_mixin.py:188} INFO - [2024-10-21T23:43:58.927+0000] {dagbag.py:545} INFO - Filling up the DagBag from /opt/airflow/dags/dag_script.py
[2024-10-21T23:44:00.011+0000] {processor.py:840} INFO - DAG(s) 'datapipeline_new' retrieved from /opt/airflow/dags/dag_script.py
[2024-10-21T23:44:00.038+0000] {logging_mixin.py:188} INFO - [2024-10-21T23:44:00.038+0000] {dag.py:3096} INFO - Sync 1 DAGs
[2024-10-21T23:44:00.049+0000] {logging_mixin.py:188} INFO - [2024-10-21T23:44:00.049+0000] {dag.py:3954} INFO - Setting next_dagrun for datapipeline_new to None, run_after=None
[2024-10-21T23:44:00.117+0000] {processor.py:183} INFO - Processing /opt/airflow/dags/dag_script.py took 1.208 seconds
[2024-10-21T23:44:30.238+0000] {processor.py:161} INFO - Started process (PID=109) to work on /opt/airflow/dags/dag_script.py
[2024-10-21T23:44:30.239+0000] {processor.py:830} INFO - Processing file /opt/airflow/dags/dag_script.py for tasks to queue
[2024-10-21T23:44:30.243+0000] {logging_mixin.py:188} INFO - [2024-10-21T23:44:30.242+0000] {dagbag.py:545} INFO - Filling up the DagBag from /opt/airflow/dags/dag_script.py
[2024-10-21T23:44:31.012+0000] {processor.py:840} INFO - DAG(s) 'datapipeline_new' retrieved from /opt/airflow/dags/dag_script.py
[2024-10-21T23:44:31.026+0000] {logging_mixin.py:188} INFO - [2024-10-21T23:44:31.026+0000] {dag.py:3096} INFO - Sync 1 DAGs
[2024-10-21T23:44:31.030+0000] {logging_mixin.py:188} INFO - [2024-10-21T23:44:31.030+0000] {dag.py:3954} INFO - Setting next_dagrun for datapipeline_new to None, run_after=None
[2024-10-21T23:44:31.037+0000] {processor.py:183} INFO - Processing /opt/airflow/dags/dag_script.py took 0.824 seconds
[2024-10-21T23:45:01.337+0000] {processor.py:161} INFO - Started process (PID=124) to work on /opt/airflow/dags/dag_script.py
[2024-10-21T23:45:01.346+0000] {processor.py:830} INFO - Processing file /opt/airflow/dags/dag_script.py for tasks to queue
[2024-10-21T23:45:01.365+0000] {logging_mixin.py:188} INFO - [2024-10-21T23:45:01.364+0000] {dagbag.py:545} INFO - Filling up the DagBag from /opt/airflow/dags/dag_script.py
[2024-10-21T23:45:02.272+0000] {processor.py:840} INFO - DAG(s) 'datapipeline_new' retrieved from /opt/airflow/dags/dag_script.py
[2024-10-21T23:45:02.287+0000] {logging_mixin.py:188} INFO - [2024-10-21T23:45:02.287+0000] {dag.py:3096} INFO - Sync 1 DAGs
[2024-10-21T23:45:02.292+0000] {logging_mixin.py:188} INFO - [2024-10-21T23:45:02.292+0000] {dag.py:3954} INFO - Setting next_dagrun for datapipeline_new to None, run_after=None
[2024-10-21T23:45:02.300+0000] {processor.py:183} INFO - Processing /opt/airflow/dags/dag_script.py took 0.976 seconds
[2024-10-21T23:45:32.628+0000] {processor.py:161} INFO - Started process (PID=139) to work on /opt/airflow/dags/dag_script.py
[2024-10-21T23:45:32.630+0000] {processor.py:830} INFO - Processing file /opt/airflow/dags/dag_script.py for tasks to queue
[2024-10-21T23:45:32.633+0000] {logging_mixin.py:188} INFO - [2024-10-21T23:45:32.633+0000] {dagbag.py:545} INFO - Filling up the DagBag from /opt/airflow/dags/dag_script.py
[2024-10-21T23:45:33.485+0000] {processor.py:840} INFO - DAG(s) 'datapipeline_new' retrieved from /opt/airflow/dags/dag_script.py
[2024-10-21T23:45:33.512+0000] {logging_mixin.py:188} INFO - [2024-10-21T23:45:33.512+0000] {dag.py:3096} INFO - Sync 1 DAGs
[2024-10-21T23:45:33.520+0000] {logging_mixin.py:188} INFO - [2024-10-21T23:45:33.520+0000] {dag.py:3954} INFO - Setting next_dagrun for datapipeline_new to None, run_after=None
[2024-10-21T23:45:33.526+0000] {processor.py:183} INFO - Processing /opt/airflow/dags/dag_script.py took 0.911 seconds
[2024-10-21T23:46:03.859+0000] {processor.py:161} INFO - Started process (PID=154) to work on /opt/airflow/dags/dag_script.py
[2024-10-21T23:46:03.861+0000] {processor.py:830} INFO - Processing file /opt/airflow/dags/dag_script.py for tasks to queue
[2024-10-21T23:46:03.866+0000] {logging_mixin.py:188} INFO - [2024-10-21T23:46:03.865+0000] {dagbag.py:545} INFO - Filling up the DagBag from /opt/airflow/dags/dag_script.py
[2024-10-21T23:46:04.729+0000] {processor.py:840} INFO - DAG(s) 'datapipeline_new' retrieved from /opt/airflow/dags/dag_script.py
[2024-10-21T23:46:04.743+0000] {logging_mixin.py:188} INFO - [2024-10-21T23:46:04.743+0000] {dag.py:3096} INFO - Sync 1 DAGs
[2024-10-21T23:46:04.748+0000] {logging_mixin.py:188} INFO - [2024-10-21T23:46:04.748+0000] {dag.py:3954} INFO - Setting next_dagrun for datapipeline_new to None, run_after=None
[2024-10-21T23:46:04.757+0000] {processor.py:183} INFO - Processing /opt/airflow/dags/dag_script.py took 0.911 seconds
[2024-10-21T23:46:35.100+0000] {processor.py:161} INFO - Started process (PID=169) to work on /opt/airflow/dags/dag_script.py
[2024-10-21T23:46:35.102+0000] {processor.py:830} INFO - Processing file /opt/airflow/dags/dag_script.py for tasks to queue
[2024-10-21T23:46:35.105+0000] {logging_mixin.py:188} INFO - [2024-10-21T23:46:35.105+0000] {dagbag.py:545} INFO - Filling up the DagBag from /opt/airflow/dags/dag_script.py
[2024-10-21T23:46:35.911+0000] {processor.py:840} INFO - DAG(s) 'datapipeline_new' retrieved from /opt/airflow/dags/dag_script.py
[2024-10-21T23:46:35.926+0000] {logging_mixin.py:188} INFO - [2024-10-21T23:46:35.926+0000] {dag.py:3096} INFO - Sync 1 DAGs
[2024-10-21T23:46:35.932+0000] {logging_mixin.py:188} INFO - [2024-10-21T23:46:35.932+0000] {dag.py:3954} INFO - Setting next_dagrun for datapipeline_new to None, run_after=None
[2024-10-21T23:46:35.939+0000] {processor.py:183} INFO - Processing /opt/airflow/dags/dag_script.py took 0.852 seconds
[2024-10-21T23:47:06.281+0000] {processor.py:161} INFO - Started process (PID=184) to work on /opt/airflow/dags/dag_script.py
[2024-10-21T23:47:06.284+0000] {processor.py:830} INFO - Processing file /opt/airflow/dags/dag_script.py for tasks to queue
[2024-10-21T23:47:06.288+0000] {logging_mixin.py:188} INFO - [2024-10-21T23:47:06.287+0000] {dagbag.py:545} INFO - Filling up the DagBag from /opt/airflow/dags/dag_script.py
[2024-10-21T23:47:07.088+0000] {processor.py:840} INFO - DAG(s) 'datapipeline_new' retrieved from /opt/airflow/dags/dag_script.py
[2024-10-21T23:47:07.102+0000] {logging_mixin.py:188} INFO - [2024-10-21T23:47:07.102+0000] {dag.py:3096} INFO - Sync 1 DAGs
[2024-10-21T23:47:07.107+0000] {logging_mixin.py:188} INFO - [2024-10-21T23:47:07.107+0000] {dag.py:3954} INFO - Setting next_dagrun for datapipeline_new to None, run_after=None
[2024-10-21T23:47:07.113+0000] {processor.py:183} INFO - Processing /opt/airflow/dags/dag_script.py took 0.845 seconds
[2024-10-21T23:47:37.431+0000] {processor.py:161} INFO - Started process (PID=199) to work on /opt/airflow/dags/dag_script.py
[2024-10-21T23:47:37.432+0000] {processor.py:830} INFO - Processing file /opt/airflow/dags/dag_script.py for tasks to queue
[2024-10-21T23:47:37.436+0000] {logging_mixin.py:188} INFO - [2024-10-21T23:47:37.436+0000] {dagbag.py:545} INFO - Filling up the DagBag from /opt/airflow/dags/dag_script.py
[2024-10-21T23:47:38.269+0000] {processor.py:840} INFO - DAG(s) 'datapipeline_new' retrieved from /opt/airflow/dags/dag_script.py
[2024-10-21T23:47:38.284+0000] {logging_mixin.py:188} INFO - [2024-10-21T23:47:38.284+0000] {dag.py:3096} INFO - Sync 1 DAGs
[2024-10-21T23:47:38.288+0000] {logging_mixin.py:188} INFO - [2024-10-21T23:47:38.288+0000] {dag.py:3954} INFO - Setting next_dagrun for datapipeline_new to None, run_after=None
[2024-10-21T23:47:38.295+0000] {processor.py:183} INFO - Processing /opt/airflow/dags/dag_script.py took 0.875 seconds
[2024-10-21T23:48:08.580+0000] {processor.py:161} INFO - Started process (PID=214) to work on /opt/airflow/dags/dag_script.py
[2024-10-21T23:48:08.581+0000] {processor.py:830} INFO - Processing file /opt/airflow/dags/dag_script.py for tasks to queue
[2024-10-21T23:48:08.584+0000] {logging_mixin.py:188} INFO - [2024-10-21T23:48:08.584+0000] {dagbag.py:545} INFO - Filling up the DagBag from /opt/airflow/dags/dag_script.py
[2024-10-21T23:48:09.392+0000] {processor.py:840} INFO - DAG(s) 'datapipeline_new' retrieved from /opt/airflow/dags/dag_script.py
[2024-10-21T23:48:09.408+0000] {logging_mixin.py:188} INFO - [2024-10-21T23:48:09.408+0000] {dag.py:3096} INFO - Sync 1 DAGs
[2024-10-21T23:48:09.413+0000] {logging_mixin.py:188} INFO - [2024-10-21T23:48:09.413+0000] {dag.py:3954} INFO - Setting next_dagrun for datapipeline_new to None, run_after=None
[2024-10-21T23:48:09.420+0000] {processor.py:183} INFO - Processing /opt/airflow/dags/dag_script.py took 0.848 seconds
[2024-10-21T23:48:39.736+0000] {processor.py:161} INFO - Started process (PID=229) to work on /opt/airflow/dags/dag_script.py
[2024-10-21T23:48:39.737+0000] {processor.py:830} INFO - Processing file /opt/airflow/dags/dag_script.py for tasks to queue
[2024-10-21T23:48:39.741+0000] {logging_mixin.py:188} INFO - [2024-10-21T23:48:39.740+0000] {dagbag.py:545} INFO - Filling up the DagBag from /opt/airflow/dags/dag_script.py
[2024-10-21T23:48:40.567+0000] {processor.py:840} INFO - DAG(s) 'datapipeline_new' retrieved from /opt/airflow/dags/dag_script.py
[2024-10-21T23:48:40.582+0000] {logging_mixin.py:188} INFO - [2024-10-21T23:48:40.582+0000] {dag.py:3096} INFO - Sync 1 DAGs
[2024-10-21T23:48:40.587+0000] {logging_mixin.py:188} INFO - [2024-10-21T23:48:40.587+0000] {dag.py:3954} INFO - Setting next_dagrun for datapipeline_new to None, run_after=None
[2024-10-21T23:48:40.593+0000] {processor.py:183} INFO - Processing /opt/airflow/dags/dag_script.py took 0.870 seconds
[2024-10-21T23:49:10.650+0000] {processor.py:161} INFO - Started process (PID=245) to work on /opt/airflow/dags/dag_script.py
[2024-10-21T23:49:10.652+0000] {processor.py:830} INFO - Processing file /opt/airflow/dags/dag_script.py for tasks to queue
[2024-10-21T23:49:10.656+0000] {logging_mixin.py:188} INFO - [2024-10-21T23:49:10.655+0000] {dagbag.py:545} INFO - Filling up the DagBag from /opt/airflow/dags/dag_script.py
[2024-10-21T23:49:11.464+0000] {processor.py:840} INFO - DAG(s) 'datapipeline_new' retrieved from /opt/airflow/dags/dag_script.py
[2024-10-21T23:49:11.479+0000] {logging_mixin.py:188} INFO - [2024-10-21T23:49:11.478+0000] {dag.py:3096} INFO - Sync 1 DAGs
[2024-10-21T23:49:11.485+0000] {logging_mixin.py:188} INFO - [2024-10-21T23:49:11.484+0000] {dag.py:3954} INFO - Setting next_dagrun for datapipeline_new to None, run_after=None
[2024-10-21T23:49:11.492+0000] {processor.py:183} INFO - Processing /opt/airflow/dags/dag_script.py took 0.856 seconds
[2024-10-21T23:49:41.817+0000] {processor.py:161} INFO - Started process (PID=260) to work on /opt/airflow/dags/dag_script.py
[2024-10-21T23:49:41.819+0000] {processor.py:830} INFO - Processing file /opt/airflow/dags/dag_script.py for tasks to queue
[2024-10-21T23:49:41.823+0000] {logging_mixin.py:188} INFO - [2024-10-21T23:49:41.823+0000] {dagbag.py:545} INFO - Filling up the DagBag from /opt/airflow/dags/dag_script.py
[2024-10-21T23:49:42.671+0000] {processor.py:840} INFO - DAG(s) 'datapipeline_new' retrieved from /opt/airflow/dags/dag_script.py
[2024-10-21T23:49:42.687+0000] {logging_mixin.py:188} INFO - [2024-10-21T23:49:42.687+0000] {dag.py:3096} INFO - Sync 1 DAGs
[2024-10-21T23:49:42.692+0000] {logging_mixin.py:188} INFO - [2024-10-21T23:49:42.692+0000] {dag.py:3954} INFO - Setting next_dagrun for datapipeline_new to None, run_after=None
[2024-10-21T23:49:42.699+0000] {processor.py:183} INFO - Processing /opt/airflow/dags/dag_script.py took 0.896 seconds
[2024-10-21T23:50:13.027+0000] {processor.py:161} INFO - Started process (PID=275) to work on /opt/airflow/dags/dag_script.py
[2024-10-21T23:50:13.029+0000] {processor.py:830} INFO - Processing file /opt/airflow/dags/dag_script.py for tasks to queue
[2024-10-21T23:50:13.033+0000] {logging_mixin.py:188} INFO - [2024-10-21T23:50:13.033+0000] {dagbag.py:545} INFO - Filling up the DagBag from /opt/airflow/dags/dag_script.py
[2024-10-21T23:50:13.844+0000] {processor.py:840} INFO - DAG(s) 'datapipeline_new' retrieved from /opt/airflow/dags/dag_script.py
[2024-10-21T23:50:13.859+0000] {logging_mixin.py:188} INFO - [2024-10-21T23:50:13.858+0000] {dag.py:3096} INFO - Sync 1 DAGs
[2024-10-21T23:50:13.863+0000] {logging_mixin.py:188} INFO - [2024-10-21T23:50:13.863+0000] {dag.py:3954} INFO - Setting next_dagrun for datapipeline_new to None, run_after=None
[2024-10-21T23:50:13.870+0000] {processor.py:183} INFO - Processing /opt/airflow/dags/dag_script.py took 0.854 seconds
[2024-10-21T23:50:44.182+0000] {processor.py:161} INFO - Started process (PID=290) to work on /opt/airflow/dags/dag_script.py
[2024-10-21T23:50:44.185+0000] {processor.py:830} INFO - Processing file /opt/airflow/dags/dag_script.py for tasks to queue
[2024-10-21T23:50:44.191+0000] {logging_mixin.py:188} INFO - [2024-10-21T23:50:44.191+0000] {dagbag.py:545} INFO - Filling up the DagBag from /opt/airflow/dags/dag_script.py
[2024-10-21T23:50:45.050+0000] {processor.py:840} INFO - DAG(s) 'datapipeline_new' retrieved from /opt/airflow/dags/dag_script.py
[2024-10-21T23:50:45.069+0000] {logging_mixin.py:188} INFO - [2024-10-21T23:50:45.068+0000] {dag.py:3096} INFO - Sync 1 DAGs
[2024-10-21T23:50:45.078+0000] {logging_mixin.py:188} INFO - [2024-10-21T23:50:45.078+0000] {dag.py:3954} INFO - Setting next_dagrun for datapipeline_new to None, run_after=None
[2024-10-21T23:50:45.086+0000] {processor.py:183} INFO - Processing /opt/airflow/dags/dag_script.py took 0.919 seconds
[2024-10-21T23:51:15.436+0000] {processor.py:161} INFO - Started process (PID=305) to work on /opt/airflow/dags/dag_script.py
[2024-10-21T23:51:15.439+0000] {processor.py:830} INFO - Processing file /opt/airflow/dags/dag_script.py for tasks to queue
[2024-10-21T23:51:15.445+0000] {logging_mixin.py:188} INFO - [2024-10-21T23:51:15.444+0000] {dagbag.py:545} INFO - Filling up the DagBag from /opt/airflow/dags/dag_script.py
[2024-10-21T23:51:16.264+0000] {processor.py:840} INFO - DAG(s) 'datapipeline_new' retrieved from /opt/airflow/dags/dag_script.py
[2024-10-21T23:51:16.278+0000] {logging_mixin.py:188} INFO - [2024-10-21T23:51:16.278+0000] {dag.py:3096} INFO - Sync 1 DAGs
[2024-10-21T23:51:16.284+0000] {logging_mixin.py:188} INFO - [2024-10-21T23:51:16.284+0000] {dag.py:3954} INFO - Setting next_dagrun for datapipeline_new to None, run_after=None
[2024-10-21T23:51:16.291+0000] {processor.py:183} INFO - Processing /opt/airflow/dags/dag_script.py took 0.868 seconds
[2024-10-21T23:51:46.388+0000] {processor.py:161} INFO - Started process (PID=320) to work on /opt/airflow/dags/dag_script.py
[2024-10-21T23:51:46.389+0000] {processor.py:830} INFO - Processing file /opt/airflow/dags/dag_script.py for tasks to queue
[2024-10-21T23:51:46.393+0000] {logging_mixin.py:188} INFO - [2024-10-21T23:51:46.393+0000] {dagbag.py:545} INFO - Filling up the DagBag from /opt/airflow/dags/dag_script.py
[2024-10-21T23:51:47.175+0000] {processor.py:840} INFO - DAG(s) 'datapipeline_new' retrieved from /opt/airflow/dags/dag_script.py
[2024-10-21T23:51:47.198+0000] {logging_mixin.py:188} INFO - [2024-10-21T23:51:47.197+0000] {dag.py:3096} INFO - Sync 1 DAGs
[2024-10-21T23:51:47.211+0000] {logging_mixin.py:188} INFO - [2024-10-21T23:51:47.211+0000] {dag.py:3954} INFO - Setting next_dagrun for datapipeline_new to None, run_after=None
[2024-10-21T23:51:47.222+0000] {processor.py:183} INFO - Processing /opt/airflow/dags/dag_script.py took 0.845 seconds
[2024-10-21T23:52:17.574+0000] {processor.py:161} INFO - Started process (PID=335) to work on /opt/airflow/dags/dag_script.py
[2024-10-21T23:52:17.577+0000] {processor.py:830} INFO - Processing file /opt/airflow/dags/dag_script.py for tasks to queue
[2024-10-21T23:52:17.582+0000] {logging_mixin.py:188} INFO - [2024-10-21T23:52:17.581+0000] {dagbag.py:545} INFO - Filling up the DagBag from /opt/airflow/dags/dag_script.py
[2024-10-21T23:52:18.387+0000] {processor.py:840} INFO - DAG(s) 'datapipeline_new' retrieved from /opt/airflow/dags/dag_script.py
[2024-10-21T23:52:18.401+0000] {logging_mixin.py:188} INFO - [2024-10-21T23:52:18.401+0000] {dag.py:3096} INFO - Sync 1 DAGs
[2024-10-21T23:52:18.406+0000] {logging_mixin.py:188} INFO - [2024-10-21T23:52:18.406+0000] {dag.py:3954} INFO - Setting next_dagrun for datapipeline_new to None, run_after=None
[2024-10-21T23:52:18.412+0000] {processor.py:183} INFO - Processing /opt/airflow/dags/dag_script.py took 0.850 seconds
[2024-10-21T23:52:48.767+0000] {processor.py:161} INFO - Started process (PID=350) to work on /opt/airflow/dags/dag_script.py
[2024-10-21T23:52:48.770+0000] {processor.py:830} INFO - Processing file /opt/airflow/dags/dag_script.py for tasks to queue
[2024-10-21T23:52:48.774+0000] {logging_mixin.py:188} INFO - [2024-10-21T23:52:48.773+0000] {dagbag.py:545} INFO - Filling up the DagBag from /opt/airflow/dags/dag_script.py
[2024-10-21T23:52:49.600+0000] {processor.py:840} INFO - DAG(s) 'datapipeline_new' retrieved from /opt/airflow/dags/dag_script.py
[2024-10-21T23:52:49.616+0000] {logging_mixin.py:188} INFO - [2024-10-21T23:52:49.616+0000] {dag.py:3096} INFO - Sync 1 DAGs
[2024-10-21T23:52:49.621+0000] {logging_mixin.py:188} INFO - [2024-10-21T23:52:49.621+0000] {dag.py:3954} INFO - Setting next_dagrun for datapipeline_new to None, run_after=None
[2024-10-21T23:52:49.627+0000] {processor.py:183} INFO - Processing /opt/airflow/dags/dag_script.py took 0.869 seconds
[2024-10-21T23:53:19.778+0000] {processor.py:161} INFO - Started process (PID=365) to work on /opt/airflow/dags/dag_script.py
[2024-10-21T23:53:19.780+0000] {processor.py:830} INFO - Processing file /opt/airflow/dags/dag_script.py for tasks to queue
[2024-10-21T23:53:19.783+0000] {logging_mixin.py:188} INFO - [2024-10-21T23:53:19.783+0000] {dagbag.py:545} INFO - Filling up the DagBag from /opt/airflow/dags/dag_script.py
[2024-10-21T23:53:20.584+0000] {processor.py:840} INFO - DAG(s) 'datapipeline_new' retrieved from /opt/airflow/dags/dag_script.py
[2024-10-21T23:53:20.599+0000] {logging_mixin.py:188} INFO - [2024-10-21T23:53:20.599+0000] {dag.py:3096} INFO - Sync 1 DAGs
[2024-10-21T23:53:20.612+0000] {logging_mixin.py:188} INFO - [2024-10-21T23:53:20.612+0000] {dag.py:3954} INFO - Setting next_dagrun for datapipeline_new to None, run_after=None
[2024-10-21T23:53:20.623+0000] {processor.py:183} INFO - Processing /opt/airflow/dags/dag_script.py took 0.866 seconds
[2024-10-21T23:53:51.027+0000] {processor.py:161} INFO - Started process (PID=380) to work on /opt/airflow/dags/dag_script.py
[2024-10-21T23:53:51.031+0000] {processor.py:830} INFO - Processing file /opt/airflow/dags/dag_script.py for tasks to queue
[2024-10-21T23:53:51.034+0000] {logging_mixin.py:188} INFO - [2024-10-21T23:53:51.034+0000] {dagbag.py:545} INFO - Filling up the DagBag from /opt/airflow/dags/dag_script.py
[2024-10-21T23:53:51.921+0000] {processor.py:840} INFO - DAG(s) 'datapipeline_new' retrieved from /opt/airflow/dags/dag_script.py
[2024-10-21T23:53:51.935+0000] {logging_mixin.py:188} INFO - [2024-10-21T23:53:51.935+0000] {dag.py:3096} INFO - Sync 1 DAGs
[2024-10-21T23:53:51.940+0000] {logging_mixin.py:188} INFO - [2024-10-21T23:53:51.940+0000] {dag.py:3954} INFO - Setting next_dagrun for datapipeline_new to None, run_after=None
[2024-10-21T23:53:51.947+0000] {processor.py:183} INFO - Processing /opt/airflow/dags/dag_script.py took 0.946 seconds
