[2024-11-04T05:06:50.635+0000] {local_task_job_runner.py:120} INFO - ::group::Pre task execution logs
[2024-11-04T05:06:50.649+0000] {taskinstance.py:2076} INFO - Dependencies all met for dep_context=non-requeueable deps ti=<TaskInstance: datapipeline_new.check_schema_of_original_air_data manual__2024-11-04T05:06:12.986905+00:00 [queued]>
[2024-11-04T05:06:50.653+0000] {taskinstance.py:2076} INFO - Dependencies all met for dep_context=requeueable deps ti=<TaskInstance: datapipeline_new.check_schema_of_original_air_data manual__2024-11-04T05:06:12.986905+00:00 [queued]>
[2024-11-04T05:06:50.653+0000] {taskinstance.py:2306} INFO - Starting attempt 1 of 2
[2024-11-04T05:06:50.738+0000] {taskinstance.py:2330} INFO - Executing <Task(PythonOperator): check_schema_of_original_air_data> on 2024-11-04 05:06:12.986905+00:00
[2024-11-04T05:06:50.745+0000] {warnings.py:112} WARNING - /home/***/.local/lib/python3.12/site-packages/***/task/task_runner/standard_task_runner.py:61: DeprecationWarning: This process (pid=163) is multi-threaded, use of fork() may lead to deadlocks in the child.
  pid = os.fork()

[2024-11-04T05:06:50.746+0000] {standard_task_runner.py:63} INFO - Started process 172 to run task
[2024-11-04T05:06:50.746+0000] {standard_task_runner.py:90} INFO - Running: ['***', 'tasks', 'run', 'datapipeline_new', 'check_schema_of_original_air_data', 'manual__2024-11-04T05:06:12.986905+00:00', '--job-id', '749', '--raw', '--subdir', 'DAGS_FOLDER/dag_script.py', '--cfg-path', '/tmp/tmpowolnb8j']
[2024-11-04T05:06:50.748+0000] {standard_task_runner.py:91} INFO - Job 749: Subtask check_schema_of_original_air_data
[2024-11-04T05:06:50.771+0000] {task_command.py:426} INFO - Running <TaskInstance: datapipeline_new.check_schema_of_original_air_data manual__2024-11-04T05:06:12.986905+00:00 [running]> on host 7ffb0854de89
[2024-11-04T05:06:50.806+0000] {taskinstance.py:2648} INFO - Exporting env vars: AIRFLOW_CTX_DAG_OWNER='MLOPS' AIRFLOW_CTX_DAG_ID='datapipeline_new' AIRFLOW_CTX_TASK_ID='check_schema_of_original_air_data' AIRFLOW_CTX_EXECUTION_DATE='2024-11-04T05:06:12.986905+00:00' AIRFLOW_CTX_TRY_NUMBER='1' AIRFLOW_CTX_DAG_RUN_ID='manual__2024-11-04T05:06:12.986905+00:00'
[2024-11-04T05:06:50.807+0000] {taskinstance.py:430} INFO - ::endgroup::
[2024-11-04T05:06:50.821+0000] {check_schema_original_airpollution.py:94} INFO - Loaded dataset from /opt/***/dags/DataPreprocessing/src/data_store_pkl_files/air_pollution.pkl
[2024-11-04T05:06:50.822+0000] {logging_mixin.py:188} INFO - <zip object at 0xffff58020ac0>
[2024-11-04T05:06:50.843+0000] {check_schema_original_airpollution.py:89} INFO - Data saved to /opt/***/dags/custom_schema_generated_from_api.json
[2024-11-04T05:06:50.843+0000] {check_schema_original_airpollution.py:89} INFO - Data saved to /opt/***/dags/air_pollution_stats.json
[2024-11-04T05:06:50.844+0000] {python.py:237} INFO - Done. Returned value was: None
[2024-11-04T05:06:50.844+0000] {taskinstance.py:441} INFO - ::group::Post task execution logs
[2024-11-04T05:06:50.848+0000] {taskinstance.py:1206} INFO - Marking task as SUCCESS. dag_id=datapipeline_new, task_id=check_schema_of_original_air_data, run_id=manual__2024-11-04T05:06:12.986905+00:00, execution_date=20241104T050612, start_date=20241104T050650, end_date=20241104T050650
[2024-11-04T05:06:50.888+0000] {local_task_job_runner.py:240} INFO - Task exited with return code 0
[2024-11-04T05:06:50.910+0000] {taskinstance.py:3503} INFO - 1 downstream tasks scheduled from follow-on schedule check
[2024-11-04T05:06:50.911+0000] {local_task_job_runner.py:222} INFO - ::endgroup::
