[2024-11-01T03:01:12.563+0000] {local_task_job_runner.py:120} INFO - ::group::Pre task execution logs
[2024-11-01T03:01:12.577+0000] {taskinstance.py:2076} INFO - Dependencies all met for dep_context=non-requeueable deps ti=<TaskInstance: datapipeline_new.load_data_pickle manual__2024-11-01T03:00:58.708970+00:00 [queued]>
[2024-11-01T03:01:12.584+0000] {taskinstance.py:2076} INFO - Dependencies all met for dep_context=requeueable deps ti=<TaskInstance: datapipeline_new.load_data_pickle manual__2024-11-01T03:00:58.708970+00:00 [queued]>
[2024-11-01T03:01:12.584+0000] {taskinstance.py:2306} INFO - Starting attempt 1 of 2
[2024-11-01T03:01:12.595+0000] {taskinstance.py:2330} INFO - Executing <Task(PythonOperator): load_data_pickle> on 2024-11-01 03:00:58.708970+00:00
[2024-11-01T03:01:12.608+0000] {warnings.py:112} WARNING - /home/***/.local/lib/python3.12/site-packages/***/task/task_runner/standard_task_runner.py:61: DeprecationWarning: This process (pid=121) is multi-threaded, use of fork() may lead to deadlocks in the child.
  pid = os.fork()

[2024-11-01T03:01:12.610+0000] {standard_task_runner.py:63} INFO - Started process 130 to run task
[2024-11-01T03:01:12.610+0000] {standard_task_runner.py:90} INFO - Running: ['***', 'tasks', 'run', 'datapipeline_new', 'load_data_pickle', 'manual__2024-11-01T03:00:58.708970+00:00', '--job-id', '29', '--raw', '--subdir', 'DAGS_FOLDER/dag_script.py', '--cfg-path', '/tmp/tmpmzmh3si5']
[2024-11-01T03:01:12.612+0000] {standard_task_runner.py:91} INFO - Job 29: Subtask load_data_pickle
[2024-11-01T03:01:12.817+0000] {task_command.py:426} INFO - Running <TaskInstance: datapipeline_new.load_data_pickle manual__2024-11-01T03:00:58.708970+00:00 [running]> on host 58341985385a
[2024-11-01T03:01:12.856+0000] {taskinstance.py:2648} INFO - Exporting env vars: AIRFLOW_CTX_DAG_OWNER='MLOPS' AIRFLOW_CTX_DAG_ID='datapipeline_new' AIRFLOW_CTX_TASK_ID='load_data_pickle' AIRFLOW_CTX_EXECUTION_DATE='2024-11-01T03:00:58.708970+00:00' AIRFLOW_CTX_TRY_NUMBER='1' AIRFLOW_CTX_DAG_RUN_ID='manual__2024-11-01T03:00:58.708970+00:00'
[2024-11-01T03:01:12.857+0000] {taskinstance.py:430} INFO - ::endgroup::
[2024-11-01T03:01:12.890+0000] {logging_mixin.py:188} INFO - Loaded 2 CSV files.
[2024-11-01T03:01:12.891+0000] {logging_mixin.py:188} INFO - DataFrames stacked successfully.
[2024-11-01T03:01:12.899+0000] {logging_mixin.py:188} INFO - Stacked DataFrame saved as '/opt/***/dags/DataPreprocessing/src/data_store_pkl_files/air_pollution.pkl'.
[2024-11-01T03:01:12.900+0000] {python.py:237} INFO - Done. Returned value was: None
[2024-11-01T03:01:12.900+0000] {taskinstance.py:441} INFO - ::group::Post task execution logs
[2024-11-01T03:01:12.905+0000] {taskinstance.py:1206} INFO - Marking task as SUCCESS. dag_id=datapipeline_new, task_id=load_data_pickle, run_id=manual__2024-11-01T03:00:58.708970+00:00, execution_date=20241101T030058, start_date=20241101T030112, end_date=20241101T030112
[2024-11-01T03:01:12.956+0000] {local_task_job_runner.py:240} INFO - Task exited with return code 0
[2024-11-01T03:01:13.097+0000] {taskinstance.py:3503} INFO - 1 downstream tasks scheduled from follow-on schedule check
[2024-11-01T03:01:13.098+0000] {local_task_job_runner.py:222} INFO - ::endgroup::
