[2024-11-04T05:07:54.757+0000] {local_task_job_runner.py:120} INFO - ::group::Pre task execution logs
[2024-11-04T05:07:54.766+0000] {taskinstance.py:2076} INFO - Dependencies all met for dep_context=non-requeueable deps ti=<TaskInstance: datapipeline_new.schema_train_data_final_processed manual__2024-11-04T05:06:12.986905+00:00 [queued]>
[2024-11-04T05:07:54.837+0000] {taskinstance.py:2076} INFO - Dependencies all met for dep_context=requeueable deps ti=<TaskInstance: datapipeline_new.schema_train_data_final_processed manual__2024-11-04T05:06:12.986905+00:00 [queued]>
[2024-11-04T05:07:54.837+0000] {taskinstance.py:2306} INFO - Starting attempt 1 of 2
[2024-11-04T05:07:54.842+0000] {taskinstance.py:2330} INFO - Executing <Task(PythonOperator): schema_train_data_final_processed> on 2024-11-04 05:06:12.986905+00:00
[2024-11-04T05:07:54.846+0000] {warnings.py:112} WARNING - /home/***/.local/lib/python3.12/site-packages/***/task/task_runner/standard_task_runner.py:61: DeprecationWarning: This process (pid=427) is multi-threaded, use of fork() may lead to deadlocks in the child.
  pid = os.fork()

[2024-11-04T05:07:54.846+0000] {standard_task_runner.py:63} INFO - Started process 436 to run task
[2024-11-04T05:07:54.847+0000] {standard_task_runner.py:90} INFO - Running: ['***', 'tasks', 'run', 'datapipeline_new', 'schema_train_data_final_processed', 'manual__2024-11-04T05:06:12.986905+00:00', '--job-id', '774', '--raw', '--subdir', 'DAGS_FOLDER/dag_script.py', '--cfg-path', '/tmp/tmpqceozwye']
[2024-11-04T05:07:54.848+0000] {standard_task_runner.py:91} INFO - Job 774: Subtask schema_train_data_final_processed
[2024-11-04T05:07:54.864+0000] {task_command.py:426} INFO - Running <TaskInstance: datapipeline_new.schema_train_data_final_processed manual__2024-11-04T05:06:12.986905+00:00 [running]> on host 7ffb0854de89
[2024-11-04T05:07:54.900+0000] {taskinstance.py:2648} INFO - Exporting env vars: AIRFLOW_CTX_DAG_OWNER='MLOPS' AIRFLOW_CTX_DAG_ID='datapipeline_new' AIRFLOW_CTX_TASK_ID='schema_train_data_final_processed' AIRFLOW_CTX_EXECUTION_DATE='2024-11-04T05:06:12.986905+00:00' AIRFLOW_CTX_TRY_NUMBER='1' AIRFLOW_CTX_DAG_RUN_ID='manual__2024-11-04T05:06:12.986905+00:00'
[2024-11-04T05:07:54.901+0000] {taskinstance.py:430} INFO - ::endgroup::
[2024-11-04T05:07:54.917+0000] {check_output_data_schema.py:150} INFO - Loaded dataset from /opt/***/dags/DataPreprocessing/src/data_store_pkl_files/train_data/feature_eng_train_data.pkl
[2024-11-04T05:07:54.928+0000] {check_output_data_schema.py:93} INFO - Data saved to /opt/***/data_schema_train.json
[2024-11-04T05:07:54.928+0000] {check_output_data_schema.py:93} INFO - Data saved to /opt/***/data_statistics_train.json
[2024-11-04T05:07:54.930+0000] {check_output_data_schema.py:165} INFO - Data validation passed.
[2024-11-04T05:07:54.930+0000] {python.py:237} INFO - Done. Returned value was: None
[2024-11-04T05:07:54.931+0000] {taskinstance.py:441} INFO - ::group::Post task execution logs
[2024-11-04T05:07:54.935+0000] {taskinstance.py:1206} INFO - Marking task as SUCCESS. dag_id=datapipeline_new, task_id=schema_train_data_final_processed, run_id=manual__2024-11-04T05:06:12.986905+00:00, execution_date=20241104T050612, start_date=20241104T050754, end_date=20241104T050754
[2024-11-04T05:07:54.946+0000] {local_task_job_runner.py:240} INFO - Task exited with return code 0
[2024-11-04T05:07:54.957+0000] {taskinstance.py:3503} INFO - 1 downstream tasks scheduled from follow-on schedule check
[2024-11-04T05:07:54.957+0000] {local_task_job_runner.py:222} INFO - ::endgroup::
