[2024-11-11T20:48:59.905+0000] {local_task_job_runner.py:120} INFO - ::group::Pre task execution logs
[2024-11-11T20:48:59.917+0000] {taskinstance.py:2076} INFO - Dependencies all met for dep_context=non-requeueable deps ti=<TaskInstance: modeling_pipeline.XGBoost_model manual__2024-11-11T20:48:57.170794+00:00 [queued]>
[2024-11-11T20:48:59.922+0000] {taskinstance.py:2076} INFO - Dependencies all met for dep_context=requeueable deps ti=<TaskInstance: modeling_pipeline.XGBoost_model manual__2024-11-11T20:48:57.170794+00:00 [queued]>
[2024-11-11T20:48:59.923+0000] {taskinstance.py:2306} INFO - Starting attempt 1 of 2
[2024-11-11T20:48:59.930+0000] {taskinstance.py:2330} INFO - Executing <Task(PythonOperator): XGBoost_model> on 2024-11-11 20:48:57.170794+00:00
[2024-11-11T20:48:59.941+0000] {warnings.py:112} WARNING - /home/***/.local/lib/python3.12/site-packages/***/task/task_runner/standard_task_runner.py:61: DeprecationWarning: This process (pid=82) is multi-threaded, use of fork() may lead to deadlocks in the child.
  pid = os.fork()

[2024-11-11T20:48:59.946+0000] {standard_task_runner.py:63} INFO - Started process 100 to run task
[2024-11-11T20:48:59.950+0000] {standard_task_runner.py:90} INFO - Running: ['***', 'tasks', 'run', 'modeling_pipeline', 'XGBoost_model', 'manual__2024-11-11T20:48:57.170794+00:00', '--job-id', '976', '--raw', '--subdir', 'DAGS_FOLDER/dag_script_model.py', '--cfg-path', '/tmp/tmpnrc8qfhn']
[2024-11-11T20:48:59.955+0000] {standard_task_runner.py:91} INFO - Job 976: Subtask XGBoost_model
[2024-11-11T20:48:59.992+0000] {task_command.py:426} INFO - Running <TaskInstance: modeling_pipeline.XGBoost_model manual__2024-11-11T20:48:57.170794+00:00 [running]> on host 5039cd089413
[2024-11-11T20:49:00.047+0000] {taskinstance.py:2648} INFO - Exporting env vars: AIRFLOW_CTX_DAG_OWNER='MLOPS' AIRFLOW_CTX_DAG_ID='modeling_pipeline' AIRFLOW_CTX_TASK_ID='XGBoost_model' AIRFLOW_CTX_EXECUTION_DATE='2024-11-11T20:48:57.170794+00:00' AIRFLOW_CTX_TRY_NUMBER='1' AIRFLOW_CTX_DAG_RUN_ID='manual__2024-11-11T20:48:57.170794+00:00'
[2024-11-11T20:49:00.048+0000] {taskinstance.py:430} INFO - ::endgroup::
[2024-11-11T20:49:00.079+0000] {logging_mixin.py:188} INFO - Data loaded from /opt/***/dags/DataPreprocessing/src/data_store_pkl_files/test_data/no_anamoly_test_data.pkl.
[2024-11-11T20:49:00.082+0000] {logging_mixin.py:188} INFO - Original Skewness: 0.5082849280995185
[2024-11-11T20:49:00.086+0000] {logging_mixin.py:188} INFO - Log Transformed Skewness: -0.38788987353405835
[2024-11-11T20:49:00.102+0000] {logging_mixin.py:188} INFO - Box-Cox Transformed Skewness: 0.011851083745351043
[2024-11-11T20:49:00.104+0000] {logging_mixin.py:188} INFO - Choosing Box-Cox transformed column.
[2024-11-11T20:49:00.114+0000] {logging_mixin.py:188} INFO - Feature engineering completed and NaN values dropped.
[2024-11-11T20:49:00.154+0000] {logging_mixin.py:188} WARNING - 2024/11/11 20:49:00 WARNING mlflow.utils.git_utils: Failed to import Git (the Git executable is probably not on your PATH), so Git SHA is not available. Error: Failed to initialize: Bad git executable.
The git executable must be specified in one of the following ways:
    - be included in your $PATH
    - be set via $GIT_PYTHON_GIT_EXECUTABLE
    - explicitly set via git.refresh(<full-path-to-git-executable>)

All git commands will error until this is rectified.

This initial message can be silenced or aggravated in the future by setting the
$GIT_PYTHON_REFRESH environment variable. Use one of the following values:
    - quiet|q|silence|s|silent|none|n|0: for no message or exception
    - warn|w|warning|log|l|1: for a warning message (logging level CRITICAL, displayed by default)
    - error|e|exception|raise|r|2: for a raised exception

Example:
    export GIT_PYTHON_REFRESH=quiet
