[2024-11-11T20:15:01.603+0000] {local_task_job_runner.py:120} INFO - ::group::Pre task execution logs
[2024-11-11T20:15:01.612+0000] {taskinstance.py:2076} INFO - Dependencies all met for dep_context=non-requeueable deps ti=<TaskInstance: modeling_pipeline.Best_Model manual__2024-11-11T20:06:18.248192+00:00 [queued]>
[2024-11-11T20:15:01.614+0000] {taskinstance.py:2076} INFO - Dependencies all met for dep_context=requeueable deps ti=<TaskInstance: modeling_pipeline.Best_Model manual__2024-11-11T20:06:18.248192+00:00 [queued]>
[2024-11-11T20:15:01.615+0000] {taskinstance.py:2306} INFO - Starting attempt 1 of 2
[2024-11-11T20:15:01.620+0000] {taskinstance.py:2330} INFO - Executing <Task(PythonOperator): Best_Model> on 2024-11-11 20:06:18.248192+00:00
[2024-11-11T20:15:01.627+0000] {warnings.py:112} WARNING - /home/***/.local/lib/python3.12/site-packages/***/task/task_runner/standard_task_runner.py:61: DeprecationWarning: This process (pid=335) is multi-threaded, use of fork() may lead to deadlocks in the child.
  pid = os.fork()

[2024-11-11T20:15:01.628+0000] {standard_task_runner.py:63} INFO - Started process 344 to run task
[2024-11-11T20:15:01.628+0000] {standard_task_runner.py:90} INFO - Running: ['***', 'tasks', 'run', 'modeling_pipeline', 'Best_Model', 'manual__2024-11-11T20:06:18.248192+00:00', '--job-id', '958', '--raw', '--subdir', 'DAGS_FOLDER/dag_script_model.py', '--cfg-path', '/tmp/tmpt_8mza17']
[2024-11-11T20:15:01.630+0000] {standard_task_runner.py:91} INFO - Job 958: Subtask Best_Model
[2024-11-11T20:15:01.649+0000] {task_command.py:426} INFO - Running <TaskInstance: modeling_pipeline.Best_Model manual__2024-11-11T20:06:18.248192+00:00 [running]> on host 5039cd089413
[2024-11-11T20:15:01.682+0000] {taskinstance.py:2648} INFO - Exporting env vars: AIRFLOW_CTX_DAG_OWNER='MLOPS' AIRFLOW_CTX_DAG_ID='modeling_pipeline' AIRFLOW_CTX_TASK_ID='Best_Model' AIRFLOW_CTX_EXECUTION_DATE='2024-11-11T20:06:18.248192+00:00' AIRFLOW_CTX_TRY_NUMBER='1' AIRFLOW_CTX_DAG_RUN_ID='manual__2024-11-11T20:06:18.248192+00:00'
[2024-11-11T20:15:01.683+0000] {taskinstance.py:430} INFO - ::endgroup::
[2024-11-11T20:15:01.863+0000] {logging_mixin.py:188} INFO - Model loaded from /opt/***/mlruns/467240330939740349/ef46d326f0a544a5afc3806c086d16ce/artifacts/xgboost_pm25_model.pth
[2024-11-11T20:15:01.864+0000] {logging_mixin.py:188} INFO - Best model found in experiment 'PM2.5 XGBoost Prediction' with run ID 'ef46d326f0a544a5afc3806c086d16ce'
[2024-11-11T20:15:01.864+0000] {logging_mixin.py:188} INFO - Validation RMSE: 0.9685765167761742
[2024-11-11T20:15:01.864+0000] {logging_mixin.py:188} INFO - No model could be loaded.
[2024-11-11T20:15:01.864+0000] {python.py:237} INFO - Done. Returned value was: None
[2024-11-11T20:15:01.865+0000] {taskinstance.py:441} INFO - ::group::Post task execution logs
[2024-11-11T20:15:01.875+0000] {taskinstance.py:1206} INFO - Marking task as SUCCESS. dag_id=modeling_pipeline, task_id=Best_Model, run_id=manual__2024-11-11T20:06:18.248192+00:00, execution_date=20241111T200618, start_date=20241111T201501, end_date=20241111T201501
[2024-11-11T20:15:01.896+0000] {local_task_job_runner.py:240} INFO - Task exited with return code 0
[2024-11-11T20:15:01.906+0000] {taskinstance.py:3503} INFO - 0 downstream tasks scheduled from follow-on schedule check
[2024-11-11T20:15:01.907+0000] {local_task_job_runner.py:222} INFO - ::endgroup::
