[2024-11-23T07:38:07.505+0000] {processor.py:161} INFO - Started process (PID=107) to work on /opt/airflow/dags/ModelDevelopment/Training/RandomForest.py
[2024-11-23T07:38:07.506+0000] {processor.py:830} INFO - Processing file /opt/airflow/dags/ModelDevelopment/Training/RandomForest.py for tasks to queue
[2024-11-23T07:38:07.507+0000] {logging_mixin.py:188} INFO - [2024-11-23T07:38:07.507+0000] {dagbag.py:545} INFO - Filling up the DagBag from /opt/airflow/dags/ModelDevelopment/Training/RandomForest.py
[2024-11-23T07:38:09.225+0000] {processor.py:842} WARNING - No viable dags retrieved from /opt/airflow/dags/ModelDevelopment/Training/RandomForest.py
[2024-11-23T07:38:09.250+0000] {processor.py:183} INFO - Processing /opt/airflow/dags/ModelDevelopment/Training/RandomForest.py took 1.749 seconds
[2024-11-23T07:38:40.029+0000] {processor.py:161} INFO - Started process (PID=188) to work on /opt/airflow/dags/ModelDevelopment/Training/RandomForest.py
[2024-11-23T07:38:40.032+0000] {processor.py:830} INFO - Processing file /opt/airflow/dags/ModelDevelopment/Training/RandomForest.py for tasks to queue
[2024-11-23T07:38:40.034+0000] {logging_mixin.py:188} INFO - [2024-11-23T07:38:40.034+0000] {dagbag.py:545} INFO - Filling up the DagBag from /opt/airflow/dags/ModelDevelopment/Training/RandomForest.py
[2024-11-23T07:38:41.247+0000] {processor.py:842} WARNING - No viable dags retrieved from /opt/airflow/dags/ModelDevelopment/Training/RandomForest.py
[2024-11-23T07:38:41.257+0000] {processor.py:183} INFO - Processing /opt/airflow/dags/ModelDevelopment/Training/RandomForest.py took 1.232 seconds
[2024-11-23T07:39:11.851+0000] {processor.py:161} INFO - Started process (PID=269) to work on /opt/airflow/dags/ModelDevelopment/Training/RandomForest.py
[2024-11-23T07:39:11.852+0000] {processor.py:830} INFO - Processing file /opt/airflow/dags/ModelDevelopment/Training/RandomForest.py for tasks to queue
[2024-11-23T07:39:11.855+0000] {logging_mixin.py:188} INFO - [2024-11-23T07:39:11.854+0000] {dagbag.py:545} INFO - Filling up the DagBag from /opt/airflow/dags/ModelDevelopment/Training/RandomForest.py
[2024-11-23T07:39:13.260+0000] {processor.py:842} WARNING - No viable dags retrieved from /opt/airflow/dags/ModelDevelopment/Training/RandomForest.py
[2024-11-23T07:39:13.276+0000] {processor.py:183} INFO - Processing /opt/airflow/dags/ModelDevelopment/Training/RandomForest.py took 1.429 seconds
[2024-11-23T07:39:49.631+0000] {processor.py:161} INFO - Started process (PID=359) to work on /opt/airflow/dags/ModelDevelopment/Training/RandomForest.py
[2024-11-23T07:39:49.635+0000] {processor.py:830} INFO - Processing file /opt/airflow/dags/ModelDevelopment/Training/RandomForest.py for tasks to queue
[2024-11-23T07:39:49.639+0000] {logging_mixin.py:188} INFO - [2024-11-23T07:39:49.638+0000] {dagbag.py:545} INFO - Filling up the DagBag from /opt/airflow/dags/ModelDevelopment/Training/RandomForest.py
[2024-11-23T07:39:51.426+0000] {processor.py:842} WARNING - No viable dags retrieved from /opt/airflow/dags/ModelDevelopment/Training/RandomForest.py
[2024-11-23T07:39:51.438+0000] {processor.py:183} INFO - Processing /opt/airflow/dags/ModelDevelopment/Training/RandomForest.py took 1.813 seconds
[2024-11-23T07:40:21.741+0000] {processor.py:161} INFO - Started process (PID=432) to work on /opt/airflow/dags/ModelDevelopment/Training/RandomForest.py
[2024-11-23T07:40:21.744+0000] {processor.py:830} INFO - Processing file /opt/airflow/dags/ModelDevelopment/Training/RandomForest.py for tasks to queue
[2024-11-23T07:40:21.746+0000] {logging_mixin.py:188} INFO - [2024-11-23T07:40:21.746+0000] {dagbag.py:545} INFO - Filling up the DagBag from /opt/airflow/dags/ModelDevelopment/Training/RandomForest.py
[2024-11-23T07:40:23.212+0000] {processor.py:842} WARNING - No viable dags retrieved from /opt/airflow/dags/ModelDevelopment/Training/RandomForest.py
[2024-11-23T07:40:23.351+0000] {processor.py:183} INFO - Processing /opt/airflow/dags/ModelDevelopment/Training/RandomForest.py took 1.615 seconds
[2024-11-23T07:40:54.360+0000] {processor.py:161} INFO - Started process (PID=513) to work on /opt/airflow/dags/ModelDevelopment/Training/RandomForest.py
[2024-11-23T07:40:54.363+0000] {processor.py:830} INFO - Processing file /opt/airflow/dags/ModelDevelopment/Training/RandomForest.py for tasks to queue
[2024-11-23T07:40:54.365+0000] {logging_mixin.py:188} INFO - [2024-11-23T07:40:54.364+0000] {dagbag.py:545} INFO - Filling up the DagBag from /opt/airflow/dags/ModelDevelopment/Training/RandomForest.py
[2024-11-23T07:40:56.329+0000] {processor.py:842} WARNING - No viable dags retrieved from /opt/airflow/dags/ModelDevelopment/Training/RandomForest.py
[2024-11-23T07:40:56.349+0000] {processor.py:183} INFO - Processing /opt/airflow/dags/ModelDevelopment/Training/RandomForest.py took 1.993 seconds
[2024-11-23T07:41:26.400+0000] {processor.py:161} INFO - Started process (PID=594) to work on /opt/airflow/dags/ModelDevelopment/Training/RandomForest.py
[2024-11-23T07:41:26.404+0000] {processor.py:830} INFO - Processing file /opt/airflow/dags/ModelDevelopment/Training/RandomForest.py for tasks to queue
[2024-11-23T07:41:26.410+0000] {logging_mixin.py:188} INFO - [2024-11-23T07:41:26.408+0000] {dagbag.py:545} INFO - Filling up the DagBag from /opt/airflow/dags/ModelDevelopment/Training/RandomForest.py
[2024-11-23T07:41:28.200+0000] {processor.py:842} WARNING - No viable dags retrieved from /opt/airflow/dags/ModelDevelopment/Training/RandomForest.py
[2024-11-23T07:41:28.208+0000] {processor.py:183} INFO - Processing /opt/airflow/dags/ModelDevelopment/Training/RandomForest.py took 1.813 seconds
[2024-11-23T07:41:59.142+0000] {processor.py:161} INFO - Started process (PID=675) to work on /opt/airflow/dags/ModelDevelopment/Training/RandomForest.py
[2024-11-23T07:41:59.143+0000] {processor.py:830} INFO - Processing file /opt/airflow/dags/ModelDevelopment/Training/RandomForest.py for tasks to queue
[2024-11-23T07:41:59.146+0000] {logging_mixin.py:188} INFO - [2024-11-23T07:41:59.145+0000] {dagbag.py:545} INFO - Filling up the DagBag from /opt/airflow/dags/ModelDevelopment/Training/RandomForest.py
[2024-11-23T07:42:00.613+0000] {processor.py:842} WARNING - No viable dags retrieved from /opt/airflow/dags/ModelDevelopment/Training/RandomForest.py
[2024-11-23T07:42:00.643+0000] {processor.py:183} INFO - Processing /opt/airflow/dags/ModelDevelopment/Training/RandomForest.py took 1.513 seconds
[2024-11-23T07:42:30.941+0000] {processor.py:161} INFO - Started process (PID=755) to work on /opt/airflow/dags/ModelDevelopment/Training/RandomForest.py
[2024-11-23T07:42:30.943+0000] {processor.py:830} INFO - Processing file /opt/airflow/dags/ModelDevelopment/Training/RandomForest.py for tasks to queue
[2024-11-23T07:42:30.945+0000] {logging_mixin.py:188} INFO - [2024-11-23T07:42:30.945+0000] {dagbag.py:545} INFO - Filling up the DagBag from /opt/airflow/dags/ModelDevelopment/Training/RandomForest.py
[2024-11-23T07:42:32.219+0000] {processor.py:842} WARNING - No viable dags retrieved from /opt/airflow/dags/ModelDevelopment/Training/RandomForest.py
[2024-11-23T07:42:32.238+0000] {processor.py:183} INFO - Processing /opt/airflow/dags/ModelDevelopment/Training/RandomForest.py took 1.302 seconds
[2024-11-23T07:43:02.573+0000] {processor.py:161} INFO - Started process (PID=836) to work on /opt/airflow/dags/ModelDevelopment/Training/RandomForest.py
[2024-11-23T07:43:02.574+0000] {processor.py:830} INFO - Processing file /opt/airflow/dags/ModelDevelopment/Training/RandomForest.py for tasks to queue
[2024-11-23T07:43:02.575+0000] {logging_mixin.py:188} INFO - [2024-11-23T07:43:02.575+0000] {dagbag.py:545} INFO - Filling up the DagBag from /opt/airflow/dags/ModelDevelopment/Training/RandomForest.py
[2024-11-23T07:43:03.980+0000] {processor.py:842} WARNING - No viable dags retrieved from /opt/airflow/dags/ModelDevelopment/Training/RandomForest.py
[2024-11-23T07:43:03.997+0000] {processor.py:183} INFO - Processing /opt/airflow/dags/ModelDevelopment/Training/RandomForest.py took 1.431 seconds
[2024-11-23T07:43:34.955+0000] {processor.py:161} INFO - Started process (PID=917) to work on /opt/airflow/dags/ModelDevelopment/Training/RandomForest.py
[2024-11-23T07:43:34.956+0000] {processor.py:830} INFO - Processing file /opt/airflow/dags/ModelDevelopment/Training/RandomForest.py for tasks to queue
[2024-11-23T07:43:34.958+0000] {logging_mixin.py:188} INFO - [2024-11-23T07:43:34.957+0000] {dagbag.py:545} INFO - Filling up the DagBag from /opt/airflow/dags/ModelDevelopment/Training/RandomForest.py
[2024-11-23T07:43:36.639+0000] {processor.py:842} WARNING - No viable dags retrieved from /opt/airflow/dags/ModelDevelopment/Training/RandomForest.py
[2024-11-23T07:43:36.680+0000] {processor.py:183} INFO - Processing /opt/airflow/dags/ModelDevelopment/Training/RandomForest.py took 1.732 seconds
[2024-11-23T07:44:08.033+0000] {processor.py:161} INFO - Started process (PID=1005) to work on /opt/airflow/dags/ModelDevelopment/Training/RandomForest.py
[2024-11-23T07:44:08.035+0000] {processor.py:830} INFO - Processing file /opt/airflow/dags/ModelDevelopment/Training/RandomForest.py for tasks to queue
[2024-11-23T07:44:08.037+0000] {logging_mixin.py:188} INFO - [2024-11-23T07:44:08.037+0000] {dagbag.py:545} INFO - Filling up the DagBag from /opt/airflow/dags/ModelDevelopment/Training/RandomForest.py
[2024-11-23T07:44:09.857+0000] {processor.py:842} WARNING - No viable dags retrieved from /opt/airflow/dags/ModelDevelopment/Training/RandomForest.py
[2024-11-23T07:44:09.884+0000] {processor.py:183} INFO - Processing /opt/airflow/dags/ModelDevelopment/Training/RandomForest.py took 1.856 seconds
[2024-11-23T07:44:42.486+0000] {processor.py:161} INFO - Started process (PID=1086) to work on /opt/airflow/dags/ModelDevelopment/Training/RandomForest.py
[2024-11-23T07:44:42.492+0000] {processor.py:830} INFO - Processing file /opt/airflow/dags/ModelDevelopment/Training/RandomForest.py for tasks to queue
[2024-11-23T07:44:42.501+0000] {logging_mixin.py:188} INFO - [2024-11-23T07:44:42.500+0000] {dagbag.py:545} INFO - Filling up the DagBag from /opt/airflow/dags/ModelDevelopment/Training/RandomForest.py
[2024-11-23T07:44:46.059+0000] {processor.py:842} WARNING - No viable dags retrieved from /opt/airflow/dags/ModelDevelopment/Training/RandomForest.py
[2024-11-23T07:44:46.088+0000] {processor.py:183} INFO - Processing /opt/airflow/dags/ModelDevelopment/Training/RandomForest.py took 3.615 seconds
[2024-11-23T07:45:16.467+0000] {processor.py:161} INFO - Started process (PID=1167) to work on /opt/airflow/dags/ModelDevelopment/Training/RandomForest.py
[2024-11-23T07:45:16.470+0000] {processor.py:830} INFO - Processing file /opt/airflow/dags/ModelDevelopment/Training/RandomForest.py for tasks to queue
[2024-11-23T07:45:16.472+0000] {logging_mixin.py:188} INFO - [2024-11-23T07:45:16.471+0000] {dagbag.py:545} INFO - Filling up the DagBag from /opt/airflow/dags/ModelDevelopment/Training/RandomForest.py
[2024-11-23T07:45:19.263+0000] {processor.py:842} WARNING - No viable dags retrieved from /opt/airflow/dags/ModelDevelopment/Training/RandomForest.py
[2024-11-23T07:45:19.300+0000] {processor.py:183} INFO - Processing /opt/airflow/dags/ModelDevelopment/Training/RandomForest.py took 2.838 seconds
[2024-11-23T07:45:49.732+0000] {processor.py:161} INFO - Started process (PID=1247) to work on /opt/airflow/dags/ModelDevelopment/Training/RandomForest.py
[2024-11-23T07:45:49.733+0000] {processor.py:830} INFO - Processing file /opt/airflow/dags/ModelDevelopment/Training/RandomForest.py for tasks to queue
[2024-11-23T07:45:49.735+0000] {logging_mixin.py:188} INFO - [2024-11-23T07:45:49.735+0000] {dagbag.py:545} INFO - Filling up the DagBag from /opt/airflow/dags/ModelDevelopment/Training/RandomForest.py
[2024-11-23T07:45:51.847+0000] {processor.py:842} WARNING - No viable dags retrieved from /opt/airflow/dags/ModelDevelopment/Training/RandomForest.py
[2024-11-23T07:45:51.864+0000] {processor.py:183} INFO - Processing /opt/airflow/dags/ModelDevelopment/Training/RandomForest.py took 2.139 seconds
[2024-11-23T07:46:22.750+0000] {processor.py:161} INFO - Started process (PID=1328) to work on /opt/airflow/dags/ModelDevelopment/Training/RandomForest.py
[2024-11-23T07:46:22.753+0000] {processor.py:830} INFO - Processing file /opt/airflow/dags/ModelDevelopment/Training/RandomForest.py for tasks to queue
[2024-11-23T07:46:22.755+0000] {logging_mixin.py:188} INFO - [2024-11-23T07:46:22.754+0000] {dagbag.py:545} INFO - Filling up the DagBag from /opt/airflow/dags/ModelDevelopment/Training/RandomForest.py
[2024-11-23T07:46:24.007+0000] {processor.py:842} WARNING - No viable dags retrieved from /opt/airflow/dags/ModelDevelopment/Training/RandomForest.py
[2024-11-23T07:46:24.017+0000] {processor.py:183} INFO - Processing /opt/airflow/dags/ModelDevelopment/Training/RandomForest.py took 1.280 seconds
[2024-11-23T07:46:54.839+0000] {processor.py:161} INFO - Started process (PID=1409) to work on /opt/airflow/dags/ModelDevelopment/Training/RandomForest.py
[2024-11-23T07:46:54.842+0000] {processor.py:830} INFO - Processing file /opt/airflow/dags/ModelDevelopment/Training/RandomForest.py for tasks to queue
[2024-11-23T07:46:54.846+0000] {logging_mixin.py:188} INFO - [2024-11-23T07:46:54.845+0000] {dagbag.py:545} INFO - Filling up the DagBag from /opt/airflow/dags/ModelDevelopment/Training/RandomForest.py
[2024-11-23T07:46:56.152+0000] {processor.py:842} WARNING - No viable dags retrieved from /opt/airflow/dags/ModelDevelopment/Training/RandomForest.py
[2024-11-23T07:46:56.168+0000] {processor.py:183} INFO - Processing /opt/airflow/dags/ModelDevelopment/Training/RandomForest.py took 1.336 seconds
[2024-11-23T07:47:26.791+0000] {processor.py:161} INFO - Started process (PID=1490) to work on /opt/airflow/dags/ModelDevelopment/Training/RandomForest.py
[2024-11-23T07:47:26.793+0000] {processor.py:830} INFO - Processing file /opt/airflow/dags/ModelDevelopment/Training/RandomForest.py for tasks to queue
[2024-11-23T07:47:26.798+0000] {logging_mixin.py:188} INFO - [2024-11-23T07:47:26.797+0000] {dagbag.py:545} INFO - Filling up the DagBag from /opt/airflow/dags/ModelDevelopment/Training/RandomForest.py
[2024-11-23T07:47:28.120+0000] {processor.py:842} WARNING - No viable dags retrieved from /opt/airflow/dags/ModelDevelopment/Training/RandomForest.py
[2024-11-23T07:47:28.141+0000] {processor.py:183} INFO - Processing /opt/airflow/dags/ModelDevelopment/Training/RandomForest.py took 1.358 seconds
[2024-11-23T07:47:58.658+0000] {processor.py:161} INFO - Started process (PID=1571) to work on /opt/airflow/dags/ModelDevelopment/Training/RandomForest.py
[2024-11-23T07:47:58.661+0000] {processor.py:830} INFO - Processing file /opt/airflow/dags/ModelDevelopment/Training/RandomForest.py for tasks to queue
[2024-11-23T07:47:58.670+0000] {logging_mixin.py:188} INFO - [2024-11-23T07:47:58.669+0000] {dagbag.py:545} INFO - Filling up the DagBag from /opt/airflow/dags/ModelDevelopment/Training/RandomForest.py
[2024-11-23T07:48:00.042+0000] {processor.py:842} WARNING - No viable dags retrieved from /opt/airflow/dags/ModelDevelopment/Training/RandomForest.py
[2024-11-23T07:48:00.073+0000] {processor.py:183} INFO - Processing /opt/airflow/dags/ModelDevelopment/Training/RandomForest.py took 1.425 seconds
[2024-11-23T07:48:30.641+0000] {processor.py:161} INFO - Started process (PID=1652) to work on /opt/airflow/dags/ModelDevelopment/Training/RandomForest.py
[2024-11-23T07:48:30.643+0000] {processor.py:830} INFO - Processing file /opt/airflow/dags/ModelDevelopment/Training/RandomForest.py for tasks to queue
[2024-11-23T07:48:30.646+0000] {logging_mixin.py:188} INFO - [2024-11-23T07:48:30.645+0000] {dagbag.py:545} INFO - Filling up the DagBag from /opt/airflow/dags/ModelDevelopment/Training/RandomForest.py
[2024-11-23T07:48:32.113+0000] {processor.py:842} WARNING - No viable dags retrieved from /opt/airflow/dags/ModelDevelopment/Training/RandomForest.py
[2024-11-23T07:48:32.121+0000] {processor.py:183} INFO - Processing /opt/airflow/dags/ModelDevelopment/Training/RandomForest.py took 1.489 seconds
[2024-11-23T07:49:03.078+0000] {processor.py:161} INFO - Started process (PID=1733) to work on /opt/airflow/dags/ModelDevelopment/Training/RandomForest.py
[2024-11-23T07:49:03.081+0000] {processor.py:830} INFO - Processing file /opt/airflow/dags/ModelDevelopment/Training/RandomForest.py for tasks to queue
[2024-11-23T07:49:03.089+0000] {logging_mixin.py:188} INFO - [2024-11-23T07:49:03.089+0000] {dagbag.py:545} INFO - Filling up the DagBag from /opt/airflow/dags/ModelDevelopment/Training/RandomForest.py
[2024-11-23T07:49:04.339+0000] {processor.py:842} WARNING - No viable dags retrieved from /opt/airflow/dags/ModelDevelopment/Training/RandomForest.py
[2024-11-23T07:49:04.361+0000] {processor.py:183} INFO - Processing /opt/airflow/dags/ModelDevelopment/Training/RandomForest.py took 1.296 seconds
[2024-11-23T07:49:34.986+0000] {processor.py:161} INFO - Started process (PID=1814) to work on /opt/airflow/dags/ModelDevelopment/Training/RandomForest.py
[2024-11-23T07:49:34.988+0000] {processor.py:830} INFO - Processing file /opt/airflow/dags/ModelDevelopment/Training/RandomForest.py for tasks to queue
[2024-11-23T07:49:34.994+0000] {logging_mixin.py:188} INFO - [2024-11-23T07:49:34.993+0000] {dagbag.py:545} INFO - Filling up the DagBag from /opt/airflow/dags/ModelDevelopment/Training/RandomForest.py
[2024-11-23T07:49:36.194+0000] {processor.py:842} WARNING - No viable dags retrieved from /opt/airflow/dags/ModelDevelopment/Training/RandomForest.py
[2024-11-23T07:49:36.210+0000] {processor.py:183} INFO - Processing /opt/airflow/dags/ModelDevelopment/Training/RandomForest.py took 1.232 seconds
[2024-11-23T07:50:06.595+0000] {processor.py:161} INFO - Started process (PID=1895) to work on /opt/airflow/dags/ModelDevelopment/Training/RandomForest.py
[2024-11-23T07:50:06.598+0000] {processor.py:830} INFO - Processing file /opt/airflow/dags/ModelDevelopment/Training/RandomForest.py for tasks to queue
[2024-11-23T07:50:06.600+0000] {logging_mixin.py:188} INFO - [2024-11-23T07:50:06.599+0000] {dagbag.py:545} INFO - Filling up the DagBag from /opt/airflow/dags/ModelDevelopment/Training/RandomForest.py
[2024-11-23T07:50:08.534+0000] {processor.py:842} WARNING - No viable dags retrieved from /opt/airflow/dags/ModelDevelopment/Training/RandomForest.py
[2024-11-23T07:50:08.546+0000] {processor.py:183} INFO - Processing /opt/airflow/dags/ModelDevelopment/Training/RandomForest.py took 1.955 seconds
[2024-11-23T07:50:38.920+0000] {processor.py:161} INFO - Started process (PID=1981) to work on /opt/airflow/dags/ModelDevelopment/Training/RandomForest.py
[2024-11-23T07:50:38.922+0000] {processor.py:830} INFO - Processing file /opt/airflow/dags/ModelDevelopment/Training/RandomForest.py for tasks to queue
[2024-11-23T07:50:38.923+0000] {logging_mixin.py:188} INFO - [2024-11-23T07:50:38.923+0000] {dagbag.py:545} INFO - Filling up the DagBag from /opt/airflow/dags/ModelDevelopment/Training/RandomForest.py
[2024-11-23T07:50:40.089+0000] {processor.py:842} WARNING - No viable dags retrieved from /opt/airflow/dags/ModelDevelopment/Training/RandomForest.py
[2024-11-23T07:50:40.102+0000] {processor.py:183} INFO - Processing /opt/airflow/dags/ModelDevelopment/Training/RandomForest.py took 1.185 seconds
[2024-11-23T07:51:10.518+0000] {processor.py:161} INFO - Started process (PID=2062) to work on /opt/airflow/dags/ModelDevelopment/Training/RandomForest.py
[2024-11-23T07:51:10.523+0000] {processor.py:830} INFO - Processing file /opt/airflow/dags/ModelDevelopment/Training/RandomForest.py for tasks to queue
[2024-11-23T07:51:10.528+0000] {logging_mixin.py:188} INFO - [2024-11-23T07:51:10.528+0000] {dagbag.py:545} INFO - Filling up the DagBag from /opt/airflow/dags/ModelDevelopment/Training/RandomForest.py
[2024-11-23T07:51:11.847+0000] {processor.py:842} WARNING - No viable dags retrieved from /opt/airflow/dags/ModelDevelopment/Training/RandomForest.py
[2024-11-23T07:51:11.866+0000] {processor.py:183} INFO - Processing /opt/airflow/dags/ModelDevelopment/Training/RandomForest.py took 1.358 seconds
[2024-11-23T07:51:42.821+0000] {processor.py:161} INFO - Started process (PID=2143) to work on /opt/airflow/dags/ModelDevelopment/Training/RandomForest.py
[2024-11-23T07:51:42.824+0000] {processor.py:830} INFO - Processing file /opt/airflow/dags/ModelDevelopment/Training/RandomForest.py for tasks to queue
[2024-11-23T07:51:42.826+0000] {logging_mixin.py:188} INFO - [2024-11-23T07:51:42.826+0000] {dagbag.py:545} INFO - Filling up the DagBag from /opt/airflow/dags/ModelDevelopment/Training/RandomForest.py
[2024-11-23T07:51:45.876+0000] {processor.py:842} WARNING - No viable dags retrieved from /opt/airflow/dags/ModelDevelopment/Training/RandomForest.py
[2024-11-23T07:51:45.918+0000] {processor.py:183} INFO - Processing /opt/airflow/dags/ModelDevelopment/Training/RandomForest.py took 3.100 seconds
[2024-11-23T07:52:16.360+0000] {processor.py:161} INFO - Started process (PID=2223) to work on /opt/airflow/dags/ModelDevelopment/Training/RandomForest.py
[2024-11-23T07:52:16.363+0000] {processor.py:830} INFO - Processing file /opt/airflow/dags/ModelDevelopment/Training/RandomForest.py for tasks to queue
[2024-11-23T07:52:16.367+0000] {logging_mixin.py:188} INFO - [2024-11-23T07:52:16.366+0000] {dagbag.py:545} INFO - Filling up the DagBag from /opt/airflow/dags/ModelDevelopment/Training/RandomForest.py
[2024-11-23T07:52:19.119+0000] {processor.py:842} WARNING - No viable dags retrieved from /opt/airflow/dags/ModelDevelopment/Training/RandomForest.py
[2024-11-23T07:52:19.174+0000] {processor.py:183} INFO - Processing /opt/airflow/dags/ModelDevelopment/Training/RandomForest.py took 2.839 seconds
[2024-11-23T07:52:50.112+0000] {processor.py:161} INFO - Started process (PID=2305) to work on /opt/airflow/dags/ModelDevelopment/Training/RandomForest.py
[2024-11-23T07:52:50.115+0000] {processor.py:830} INFO - Processing file /opt/airflow/dags/ModelDevelopment/Training/RandomForest.py for tasks to queue
[2024-11-23T07:52:50.117+0000] {logging_mixin.py:188} INFO - [2024-11-23T07:52:50.117+0000] {dagbag.py:545} INFO - Filling up the DagBag from /opt/airflow/dags/ModelDevelopment/Training/RandomForest.py
[2024-11-23T07:52:51.419+0000] {processor.py:842} WARNING - No viable dags retrieved from /opt/airflow/dags/ModelDevelopment/Training/RandomForest.py
[2024-11-23T07:52:51.454+0000] {processor.py:183} INFO - Processing /opt/airflow/dags/ModelDevelopment/Training/RandomForest.py took 1.358 seconds
[2024-11-23T07:53:21.753+0000] {processor.py:161} INFO - Started process (PID=2386) to work on /opt/airflow/dags/ModelDevelopment/Training/RandomForest.py
[2024-11-23T07:53:21.756+0000] {processor.py:830} INFO - Processing file /opt/airflow/dags/ModelDevelopment/Training/RandomForest.py for tasks to queue
[2024-11-23T07:53:21.758+0000] {logging_mixin.py:188} INFO - [2024-11-23T07:53:21.758+0000] {dagbag.py:545} INFO - Filling up the DagBag from /opt/airflow/dags/ModelDevelopment/Training/RandomForest.py
[2024-11-23T07:53:23.371+0000] {processor.py:842} WARNING - No viable dags retrieved from /opt/airflow/dags/ModelDevelopment/Training/RandomForest.py
[2024-11-23T07:53:23.396+0000] {processor.py:183} INFO - Processing /opt/airflow/dags/ModelDevelopment/Training/RandomForest.py took 1.651 seconds
[2024-11-23T07:53:53.963+0000] {processor.py:161} INFO - Started process (PID=2467) to work on /opt/airflow/dags/ModelDevelopment/Training/RandomForest.py
[2024-11-23T07:53:53.964+0000] {processor.py:830} INFO - Processing file /opt/airflow/dags/ModelDevelopment/Training/RandomForest.py for tasks to queue
[2024-11-23T07:53:53.969+0000] {logging_mixin.py:188} INFO - [2024-11-23T07:53:53.968+0000] {dagbag.py:545} INFO - Filling up the DagBag from /opt/airflow/dags/ModelDevelopment/Training/RandomForest.py
[2024-11-23T07:53:55.360+0000] {processor.py:842} WARNING - No viable dags retrieved from /opt/airflow/dags/ModelDevelopment/Training/RandomForest.py
[2024-11-23T07:53:55.382+0000] {processor.py:183} INFO - Processing /opt/airflow/dags/ModelDevelopment/Training/RandomForest.py took 1.432 seconds
[2024-11-23T07:54:25.970+0000] {processor.py:161} INFO - Started process (PID=2548) to work on /opt/airflow/dags/ModelDevelopment/Training/RandomForest.py
[2024-11-23T07:54:25.980+0000] {processor.py:830} INFO - Processing file /opt/airflow/dags/ModelDevelopment/Training/RandomForest.py for tasks to queue
[2024-11-23T07:54:26.001+0000] {logging_mixin.py:188} INFO - [2024-11-23T07:54:26.000+0000] {dagbag.py:545} INFO - Filling up the DagBag from /opt/airflow/dags/ModelDevelopment/Training/RandomForest.py
[2024-11-23T07:54:28.621+0000] {processor.py:842} WARNING - No viable dags retrieved from /opt/airflow/dags/ModelDevelopment/Training/RandomForest.py
[2024-11-23T07:54:28.658+0000] {processor.py:183} INFO - Processing /opt/airflow/dags/ModelDevelopment/Training/RandomForest.py took 2.756 seconds
[2024-11-23T07:54:59.573+0000] {processor.py:161} INFO - Started process (PID=2629) to work on /opt/airflow/dags/ModelDevelopment/Training/RandomForest.py
[2024-11-23T07:54:59.576+0000] {processor.py:830} INFO - Processing file /opt/airflow/dags/ModelDevelopment/Training/RandomForest.py for tasks to queue
[2024-11-23T07:54:59.579+0000] {logging_mixin.py:188} INFO - [2024-11-23T07:54:59.578+0000] {dagbag.py:545} INFO - Filling up the DagBag from /opt/airflow/dags/ModelDevelopment/Training/RandomForest.py
[2024-11-23T07:55:00.949+0000] {processor.py:842} WARNING - No viable dags retrieved from /opt/airflow/dags/ModelDevelopment/Training/RandomForest.py
[2024-11-23T07:55:00.964+0000] {processor.py:183} INFO - Processing /opt/airflow/dags/ModelDevelopment/Training/RandomForest.py took 1.401 seconds
[2024-11-23T07:55:31.640+0000] {processor.py:161} INFO - Started process (PID=2710) to work on /opt/airflow/dags/ModelDevelopment/Training/RandomForest.py
[2024-11-23T07:55:31.646+0000] {processor.py:830} INFO - Processing file /opt/airflow/dags/ModelDevelopment/Training/RandomForest.py for tasks to queue
[2024-11-23T07:55:31.652+0000] {logging_mixin.py:188} INFO - [2024-11-23T07:55:31.652+0000] {dagbag.py:545} INFO - Filling up the DagBag from /opt/airflow/dags/ModelDevelopment/Training/RandomForest.py
[2024-11-23T07:55:33.201+0000] {processor.py:842} WARNING - No viable dags retrieved from /opt/airflow/dags/ModelDevelopment/Training/RandomForest.py
[2024-11-23T07:55:33.239+0000] {processor.py:183} INFO - Processing /opt/airflow/dags/ModelDevelopment/Training/RandomForest.py took 1.619 seconds
[2024-11-23T07:56:03.445+0000] {processor.py:161} INFO - Started process (PID=2791) to work on /opt/airflow/dags/ModelDevelopment/Training/RandomForest.py
[2024-11-23T07:56:03.448+0000] {processor.py:830} INFO - Processing file /opt/airflow/dags/ModelDevelopment/Training/RandomForest.py for tasks to queue
[2024-11-23T07:56:03.456+0000] {logging_mixin.py:188} INFO - [2024-11-23T07:56:03.456+0000] {dagbag.py:545} INFO - Filling up the DagBag from /opt/airflow/dags/ModelDevelopment/Training/RandomForest.py
[2024-11-23T07:56:04.875+0000] {processor.py:842} WARNING - No viable dags retrieved from /opt/airflow/dags/ModelDevelopment/Training/RandomForest.py
[2024-11-23T07:56:04.915+0000] {processor.py:183} INFO - Processing /opt/airflow/dags/ModelDevelopment/Training/RandomForest.py took 1.476 seconds
[2024-11-23T07:56:35.197+0000] {processor.py:161} INFO - Started process (PID=2872) to work on /opt/airflow/dags/ModelDevelopment/Training/RandomForest.py
[2024-11-23T07:56:35.200+0000] {processor.py:830} INFO - Processing file /opt/airflow/dags/ModelDevelopment/Training/RandomForest.py for tasks to queue
[2024-11-23T07:56:35.204+0000] {logging_mixin.py:188} INFO - [2024-11-23T07:56:35.203+0000] {dagbag.py:545} INFO - Filling up the DagBag from /opt/airflow/dags/ModelDevelopment/Training/RandomForest.py
[2024-11-23T07:56:36.662+0000] {processor.py:842} WARNING - No viable dags retrieved from /opt/airflow/dags/ModelDevelopment/Training/RandomForest.py
[2024-11-23T07:56:36.685+0000] {processor.py:183} INFO - Processing /opt/airflow/dags/ModelDevelopment/Training/RandomForest.py took 1.495 seconds
[2024-11-23T07:57:07.039+0000] {processor.py:161} INFO - Started process (PID=2953) to work on /opt/airflow/dags/ModelDevelopment/Training/RandomForest.py
[2024-11-23T07:57:07.042+0000] {processor.py:830} INFO - Processing file /opt/airflow/dags/ModelDevelopment/Training/RandomForest.py for tasks to queue
[2024-11-23T07:57:07.049+0000] {logging_mixin.py:188} INFO - [2024-11-23T07:57:07.049+0000] {dagbag.py:545} INFO - Filling up the DagBag from /opt/airflow/dags/ModelDevelopment/Training/RandomForest.py
[2024-11-23T07:57:08.372+0000] {processor.py:842} WARNING - No viable dags retrieved from /opt/airflow/dags/ModelDevelopment/Training/RandomForest.py
[2024-11-23T07:57:08.388+0000] {processor.py:183} INFO - Processing /opt/airflow/dags/ModelDevelopment/Training/RandomForest.py took 1.364 seconds
[2024-11-23T07:57:38.859+0000] {processor.py:161} INFO - Started process (PID=3034) to work on /opt/airflow/dags/ModelDevelopment/Training/RandomForest.py
[2024-11-23T07:57:38.867+0000] {processor.py:830} INFO - Processing file /opt/airflow/dags/ModelDevelopment/Training/RandomForest.py for tasks to queue
[2024-11-23T07:57:38.871+0000] {logging_mixin.py:188} INFO - [2024-11-23T07:57:38.870+0000] {dagbag.py:545} INFO - Filling up the DagBag from /opt/airflow/dags/ModelDevelopment/Training/RandomForest.py
[2024-11-23T07:57:40.148+0000] {processor.py:842} WARNING - No viable dags retrieved from /opt/airflow/dags/ModelDevelopment/Training/RandomForest.py
[2024-11-23T07:57:40.160+0000] {processor.py:183} INFO - Processing /opt/airflow/dags/ModelDevelopment/Training/RandomForest.py took 1.312 seconds
[2024-11-23T07:58:10.928+0000] {processor.py:161} INFO - Started process (PID=3121) to work on /opt/airflow/dags/ModelDevelopment/Training/RandomForest.py
[2024-11-23T07:58:10.936+0000] {processor.py:830} INFO - Processing file /opt/airflow/dags/ModelDevelopment/Training/RandomForest.py for tasks to queue
[2024-11-23T07:58:10.938+0000] {logging_mixin.py:188} INFO - [2024-11-23T07:58:10.938+0000] {dagbag.py:545} INFO - Filling up the DagBag from /opt/airflow/dags/ModelDevelopment/Training/RandomForest.py
[2024-11-23T07:58:12.191+0000] {processor.py:842} WARNING - No viable dags retrieved from /opt/airflow/dags/ModelDevelopment/Training/RandomForest.py
[2024-11-23T07:58:12.213+0000] {processor.py:183} INFO - Processing /opt/airflow/dags/ModelDevelopment/Training/RandomForest.py took 1.310 seconds
[2024-11-23T07:58:42.730+0000] {processor.py:161} INFO - Started process (PID=3203) to work on /opt/airflow/dags/ModelDevelopment/Training/RandomForest.py
[2024-11-23T07:58:42.739+0000] {processor.py:830} INFO - Processing file /opt/airflow/dags/ModelDevelopment/Training/RandomForest.py for tasks to queue
[2024-11-23T07:58:42.747+0000] {logging_mixin.py:188} INFO - [2024-11-23T07:58:42.746+0000] {dagbag.py:545} INFO - Filling up the DagBag from /opt/airflow/dags/ModelDevelopment/Training/RandomForest.py
[2024-11-23T07:58:43.877+0000] {processor.py:842} WARNING - No viable dags retrieved from /opt/airflow/dags/ModelDevelopment/Training/RandomForest.py
[2024-11-23T07:58:43.893+0000] {processor.py:183} INFO - Processing /opt/airflow/dags/ModelDevelopment/Training/RandomForest.py took 1.172 seconds
[2024-11-23T07:59:14.488+0000] {processor.py:161} INFO - Started process (PID=3284) to work on /opt/airflow/dags/ModelDevelopment/Training/RandomForest.py
[2024-11-23T07:59:14.490+0000] {processor.py:830} INFO - Processing file /opt/airflow/dags/ModelDevelopment/Training/RandomForest.py for tasks to queue
[2024-11-23T07:59:14.493+0000] {logging_mixin.py:188} INFO - [2024-11-23T07:59:14.493+0000] {dagbag.py:545} INFO - Filling up the DagBag from /opt/airflow/dags/ModelDevelopment/Training/RandomForest.py
[2024-11-23T07:59:15.769+0000] {processor.py:842} WARNING - No viable dags retrieved from /opt/airflow/dags/ModelDevelopment/Training/RandomForest.py
[2024-11-23T07:59:15.813+0000] {processor.py:183} INFO - Processing /opt/airflow/dags/ModelDevelopment/Training/RandomForest.py took 1.334 seconds
[2024-11-23T07:59:46.442+0000] {processor.py:161} INFO - Started process (PID=3365) to work on /opt/airflow/dags/ModelDevelopment/Training/RandomForest.py
[2024-11-23T07:59:46.444+0000] {processor.py:830} INFO - Processing file /opt/airflow/dags/ModelDevelopment/Training/RandomForest.py for tasks to queue
[2024-11-23T07:59:46.447+0000] {logging_mixin.py:188} INFO - [2024-11-23T07:59:46.446+0000] {dagbag.py:545} INFO - Filling up the DagBag from /opt/airflow/dags/ModelDevelopment/Training/RandomForest.py
[2024-11-23T07:59:47.753+0000] {processor.py:842} WARNING - No viable dags retrieved from /opt/airflow/dags/ModelDevelopment/Training/RandomForest.py
[2024-11-23T07:59:47.769+0000] {processor.py:183} INFO - Processing /opt/airflow/dags/ModelDevelopment/Training/RandomForest.py took 1.333 seconds
[2024-11-23T08:00:18.601+0000] {processor.py:161} INFO - Started process (PID=3446) to work on /opt/airflow/dags/ModelDevelopment/Training/RandomForest.py
[2024-11-23T08:00:18.604+0000] {processor.py:830} INFO - Processing file /opt/airflow/dags/ModelDevelopment/Training/RandomForest.py for tasks to queue
[2024-11-23T08:00:18.607+0000] {logging_mixin.py:188} INFO - [2024-11-23T08:00:18.607+0000] {dagbag.py:545} INFO - Filling up the DagBag from /opt/airflow/dags/ModelDevelopment/Training/RandomForest.py
[2024-11-23T08:00:19.883+0000] {processor.py:842} WARNING - No viable dags retrieved from /opt/airflow/dags/ModelDevelopment/Training/RandomForest.py
[2024-11-23T08:00:19.899+0000] {processor.py:183} INFO - Processing /opt/airflow/dags/ModelDevelopment/Training/RandomForest.py took 1.320 seconds
[2024-11-23T08:00:50.666+0000] {processor.py:161} INFO - Started process (PID=3527) to work on /opt/airflow/dags/ModelDevelopment/Training/RandomForest.py
[2024-11-23T08:00:50.668+0000] {processor.py:830} INFO - Processing file /opt/airflow/dags/ModelDevelopment/Training/RandomForest.py for tasks to queue
[2024-11-23T08:00:50.672+0000] {logging_mixin.py:188} INFO - [2024-11-23T08:00:50.671+0000] {dagbag.py:545} INFO - Filling up the DagBag from /opt/airflow/dags/ModelDevelopment/Training/RandomForest.py
[2024-11-23T08:00:52.932+0000] {processor.py:842} WARNING - No viable dags retrieved from /opt/airflow/dags/ModelDevelopment/Training/RandomForest.py
[2024-11-23T08:00:52.965+0000] {processor.py:183} INFO - Processing /opt/airflow/dags/ModelDevelopment/Training/RandomForest.py took 2.308 seconds
[2024-11-23T08:01:23.290+0000] {processor.py:161} INFO - Started process (PID=3608) to work on /opt/airflow/dags/ModelDevelopment/Training/RandomForest.py
[2024-11-23T08:01:23.291+0000] {processor.py:830} INFO - Processing file /opt/airflow/dags/ModelDevelopment/Training/RandomForest.py for tasks to queue
[2024-11-23T08:01:23.298+0000] {logging_mixin.py:188} INFO - [2024-11-23T08:01:23.295+0000] {dagbag.py:545} INFO - Filling up the DagBag from /opt/airflow/dags/ModelDevelopment/Training/RandomForest.py
[2024-11-23T08:01:24.662+0000] {processor.py:842} WARNING - No viable dags retrieved from /opt/airflow/dags/ModelDevelopment/Training/RandomForest.py
[2024-11-23T08:01:24.688+0000] {processor.py:183} INFO - Processing /opt/airflow/dags/ModelDevelopment/Training/RandomForest.py took 1.406 seconds
[2024-11-23T08:01:55.541+0000] {processor.py:161} INFO - Started process (PID=3689) to work on /opt/airflow/dags/ModelDevelopment/Training/RandomForest.py
[2024-11-23T08:01:55.547+0000] {processor.py:830} INFO - Processing file /opt/airflow/dags/ModelDevelopment/Training/RandomForest.py for tasks to queue
[2024-11-23T08:01:55.549+0000] {logging_mixin.py:188} INFO - [2024-11-23T08:01:55.549+0000] {dagbag.py:545} INFO - Filling up the DagBag from /opt/airflow/dags/ModelDevelopment/Training/RandomForest.py
[2024-11-23T08:01:57.297+0000] {processor.py:842} WARNING - No viable dags retrieved from /opt/airflow/dags/ModelDevelopment/Training/RandomForest.py
[2024-11-23T08:01:57.335+0000] {processor.py:183} INFO - Processing /opt/airflow/dags/ModelDevelopment/Training/RandomForest.py took 1.809 seconds
[2024-11-23T08:02:27.847+0000] {processor.py:161} INFO - Started process (PID=3769) to work on /opt/airflow/dags/ModelDevelopment/Training/RandomForest.py
[2024-11-23T08:02:27.849+0000] {processor.py:830} INFO - Processing file /opt/airflow/dags/ModelDevelopment/Training/RandomForest.py for tasks to queue
[2024-11-23T08:02:27.852+0000] {logging_mixin.py:188} INFO - [2024-11-23T08:02:27.852+0000] {dagbag.py:545} INFO - Filling up the DagBag from /opt/airflow/dags/ModelDevelopment/Training/RandomForest.py
[2024-11-23T08:02:29.100+0000] {processor.py:842} WARNING - No viable dags retrieved from /opt/airflow/dags/ModelDevelopment/Training/RandomForest.py
[2024-11-23T08:02:29.122+0000] {processor.py:183} INFO - Processing /opt/airflow/dags/ModelDevelopment/Training/RandomForest.py took 1.285 seconds
[2024-11-23T08:02:59.264+0000] {processor.py:161} INFO - Started process (PID=3850) to work on /opt/airflow/dags/ModelDevelopment/Training/RandomForest.py
[2024-11-23T08:02:59.271+0000] {processor.py:830} INFO - Processing file /opt/airflow/dags/ModelDevelopment/Training/RandomForest.py for tasks to queue
[2024-11-23T08:02:59.280+0000] {logging_mixin.py:188} INFO - [2024-11-23T08:02:59.279+0000] {dagbag.py:545} INFO - Filling up the DagBag from /opt/airflow/dags/ModelDevelopment/Training/RandomForest.py
[2024-11-23T08:03:00.588+0000] {processor.py:842} WARNING - No viable dags retrieved from /opt/airflow/dags/ModelDevelopment/Training/RandomForest.py
[2024-11-23T08:03:00.607+0000] {processor.py:183} INFO - Processing /opt/airflow/dags/ModelDevelopment/Training/RandomForest.py took 1.352 seconds
[2024-11-23T08:03:31.264+0000] {processor.py:161} INFO - Started process (PID=3931) to work on /opt/airflow/dags/ModelDevelopment/Training/RandomForest.py
[2024-11-23T08:03:31.266+0000] {processor.py:830} INFO - Processing file /opt/airflow/dags/ModelDevelopment/Training/RandomForest.py for tasks to queue
[2024-11-23T08:03:31.269+0000] {logging_mixin.py:188} INFO - [2024-11-23T08:03:31.269+0000] {dagbag.py:545} INFO - Filling up the DagBag from /opt/airflow/dags/ModelDevelopment/Training/RandomForest.py
[2024-11-23T08:03:32.622+0000] {processor.py:842} WARNING - No viable dags retrieved from /opt/airflow/dags/ModelDevelopment/Training/RandomForest.py
[2024-11-23T08:03:32.641+0000] {processor.py:183} INFO - Processing /opt/airflow/dags/ModelDevelopment/Training/RandomForest.py took 1.381 seconds
[2024-11-23T08:04:03.293+0000] {processor.py:161} INFO - Started process (PID=4012) to work on /opt/airflow/dags/ModelDevelopment/Training/RandomForest.py
[2024-11-23T08:04:03.299+0000] {processor.py:830} INFO - Processing file /opt/airflow/dags/ModelDevelopment/Training/RandomForest.py for tasks to queue
[2024-11-23T08:04:03.304+0000] {logging_mixin.py:188} INFO - [2024-11-23T08:04:03.304+0000] {dagbag.py:545} INFO - Filling up the DagBag from /opt/airflow/dags/ModelDevelopment/Training/RandomForest.py
[2024-11-23T08:04:04.573+0000] {processor.py:842} WARNING - No viable dags retrieved from /opt/airflow/dags/ModelDevelopment/Training/RandomForest.py
[2024-11-23T08:04:04.587+0000] {processor.py:183} INFO - Processing /opt/airflow/dags/ModelDevelopment/Training/RandomForest.py took 1.302 seconds
[2024-11-23T08:04:35.332+0000] {processor.py:161} INFO - Started process (PID=4093) to work on /opt/airflow/dags/ModelDevelopment/Training/RandomForest.py
[2024-11-23T08:04:35.334+0000] {processor.py:830} INFO - Processing file /opt/airflow/dags/ModelDevelopment/Training/RandomForest.py for tasks to queue
[2024-11-23T08:04:35.338+0000] {logging_mixin.py:188} INFO - [2024-11-23T08:04:35.338+0000] {dagbag.py:545} INFO - Filling up the DagBag from /opt/airflow/dags/ModelDevelopment/Training/RandomForest.py
[2024-11-23T08:04:36.811+0000] {processor.py:842} WARNING - No viable dags retrieved from /opt/airflow/dags/ModelDevelopment/Training/RandomForest.py
[2024-11-23T08:04:36.830+0000] {processor.py:183} INFO - Processing /opt/airflow/dags/ModelDevelopment/Training/RandomForest.py took 1.519 seconds
