[2024-11-23T07:38:07.484+0000] {processor.py:161} INFO - Started process (PID=106) to work on /opt/airflow/dags/ModelDevelopment/Training/XGBoost.py
[2024-11-23T07:38:07.485+0000] {processor.py:830} INFO - Processing file /opt/airflow/dags/ModelDevelopment/Training/XGBoost.py for tasks to queue
[2024-11-23T07:38:07.488+0000] {logging_mixin.py:188} INFO - [2024-11-23T07:38:07.488+0000] {dagbag.py:545} INFO - Filling up the DagBag from /opt/airflow/dags/ModelDevelopment/Training/XGBoost.py
[2024-11-23T07:38:09.280+0000] {processor.py:842} WARNING - No viable dags retrieved from /opt/airflow/dags/ModelDevelopment/Training/XGBoost.py
[2024-11-23T07:38:09.293+0000] {processor.py:183} INFO - Processing /opt/airflow/dags/ModelDevelopment/Training/XGBoost.py took 1.825 seconds
[2024-11-23T07:38:40.029+0000] {processor.py:161} INFO - Started process (PID=187) to work on /opt/airflow/dags/ModelDevelopment/Training/XGBoost.py
[2024-11-23T07:38:40.031+0000] {processor.py:830} INFO - Processing file /opt/airflow/dags/ModelDevelopment/Training/XGBoost.py for tasks to queue
[2024-11-23T07:38:40.034+0000] {logging_mixin.py:188} INFO - [2024-11-23T07:38:40.034+0000] {dagbag.py:545} INFO - Filling up the DagBag from /opt/airflow/dags/ModelDevelopment/Training/XGBoost.py
[2024-11-23T07:38:41.375+0000] {processor.py:842} WARNING - No viable dags retrieved from /opt/airflow/dags/ModelDevelopment/Training/XGBoost.py
[2024-11-23T07:38:41.388+0000] {processor.py:183} INFO - Processing /opt/airflow/dags/ModelDevelopment/Training/XGBoost.py took 1.363 seconds
[2024-11-23T07:39:11.818+0000] {processor.py:161} INFO - Started process (PID=268) to work on /opt/airflow/dags/ModelDevelopment/Training/XGBoost.py
[2024-11-23T07:39:11.820+0000] {processor.py:830} INFO - Processing file /opt/airflow/dags/ModelDevelopment/Training/XGBoost.py for tasks to queue
[2024-11-23T07:39:11.824+0000] {logging_mixin.py:188} INFO - [2024-11-23T07:39:11.823+0000] {dagbag.py:545} INFO - Filling up the DagBag from /opt/airflow/dags/ModelDevelopment/Training/XGBoost.py
[2024-11-23T07:39:13.334+0000] {processor.py:842} WARNING - No viable dags retrieved from /opt/airflow/dags/ModelDevelopment/Training/XGBoost.py
[2024-11-23T07:39:13.355+0000] {processor.py:183} INFO - Processing /opt/airflow/dags/ModelDevelopment/Training/XGBoost.py took 1.543 seconds
[2024-11-23T07:39:49.488+0000] {processor.py:161} INFO - Started process (PID=350) to work on /opt/airflow/dags/ModelDevelopment/Training/XGBoost.py
[2024-11-23T07:39:49.495+0000] {processor.py:830} INFO - Processing file /opt/airflow/dags/ModelDevelopment/Training/XGBoost.py for tasks to queue
[2024-11-23T07:39:49.498+0000] {logging_mixin.py:188} INFO - [2024-11-23T07:39:49.498+0000] {dagbag.py:545} INFO - Filling up the DagBag from /opt/airflow/dags/ModelDevelopment/Training/XGBoost.py
[2024-11-23T07:39:51.491+0000] {processor.py:842} WARNING - No viable dags retrieved from /opt/airflow/dags/ModelDevelopment/Training/XGBoost.py
[2024-11-23T07:39:51.501+0000] {processor.py:183} INFO - Processing /opt/airflow/dags/ModelDevelopment/Training/XGBoost.py took 2.018 seconds
[2024-11-23T07:40:21.739+0000] {processor.py:161} INFO - Started process (PID=431) to work on /opt/airflow/dags/ModelDevelopment/Training/XGBoost.py
[2024-11-23T07:40:21.741+0000] {processor.py:830} INFO - Processing file /opt/airflow/dags/ModelDevelopment/Training/XGBoost.py for tasks to queue
[2024-11-23T07:40:21.745+0000] {logging_mixin.py:188} INFO - [2024-11-23T07:40:21.745+0000] {dagbag.py:545} INFO - Filling up the DagBag from /opt/airflow/dags/ModelDevelopment/Training/XGBoost.py
[2024-11-23T07:40:23.331+0000] {processor.py:842} WARNING - No viable dags retrieved from /opt/airflow/dags/ModelDevelopment/Training/XGBoost.py
[2024-11-23T07:40:23.349+0000] {processor.py:183} INFO - Processing /opt/airflow/dags/ModelDevelopment/Training/XGBoost.py took 1.616 seconds
[2024-11-23T07:40:54.359+0000] {processor.py:161} INFO - Started process (PID=512) to work on /opt/airflow/dags/ModelDevelopment/Training/XGBoost.py
[2024-11-23T07:40:54.361+0000] {processor.py:830} INFO - Processing file /opt/airflow/dags/ModelDevelopment/Training/XGBoost.py for tasks to queue
[2024-11-23T07:40:54.364+0000] {logging_mixin.py:188} INFO - [2024-11-23T07:40:54.364+0000] {dagbag.py:545} INFO - Filling up the DagBag from /opt/airflow/dags/ModelDevelopment/Training/XGBoost.py
[2024-11-23T07:40:56.208+0000] {processor.py:842} WARNING - No viable dags retrieved from /opt/airflow/dags/ModelDevelopment/Training/XGBoost.py
[2024-11-23T07:40:56.239+0000] {processor.py:183} INFO - Processing /opt/airflow/dags/ModelDevelopment/Training/XGBoost.py took 1.888 seconds
[2024-11-23T07:41:26.400+0000] {processor.py:161} INFO - Started process (PID=593) to work on /opt/airflow/dags/ModelDevelopment/Training/XGBoost.py
[2024-11-23T07:41:26.404+0000] {processor.py:830} INFO - Processing file /opt/airflow/dags/ModelDevelopment/Training/XGBoost.py for tasks to queue
[2024-11-23T07:41:26.410+0000] {logging_mixin.py:188} INFO - [2024-11-23T07:41:26.408+0000] {dagbag.py:545} INFO - Filling up the DagBag from /opt/airflow/dags/ModelDevelopment/Training/XGBoost.py
[2024-11-23T07:41:28.129+0000] {processor.py:842} WARNING - No viable dags retrieved from /opt/airflow/dags/ModelDevelopment/Training/XGBoost.py
[2024-11-23T07:41:28.145+0000] {processor.py:183} INFO - Processing /opt/airflow/dags/ModelDevelopment/Training/XGBoost.py took 1.750 seconds
[2024-11-23T07:41:59.142+0000] {processor.py:161} INFO - Started process (PID=674) to work on /opt/airflow/dags/ModelDevelopment/Training/XGBoost.py
[2024-11-23T07:41:59.145+0000] {processor.py:830} INFO - Processing file /opt/airflow/dags/ModelDevelopment/Training/XGBoost.py for tasks to queue
[2024-11-23T07:41:59.146+0000] {logging_mixin.py:188} INFO - [2024-11-23T07:41:59.146+0000] {dagbag.py:545} INFO - Filling up the DagBag from /opt/airflow/dags/ModelDevelopment/Training/XGBoost.py
[2024-11-23T07:42:00.956+0000] {processor.py:842} WARNING - No viable dags retrieved from /opt/airflow/dags/ModelDevelopment/Training/XGBoost.py
[2024-11-23T07:42:00.988+0000] {processor.py:183} INFO - Processing /opt/airflow/dags/ModelDevelopment/Training/XGBoost.py took 1.861 seconds
[2024-11-23T07:42:31.970+0000] {processor.py:161} INFO - Started process (PID=764) to work on /opt/airflow/dags/ModelDevelopment/Training/XGBoost.py
[2024-11-23T07:42:31.971+0000] {processor.py:830} INFO - Processing file /opt/airflow/dags/ModelDevelopment/Training/XGBoost.py for tasks to queue
[2024-11-23T07:42:31.973+0000] {logging_mixin.py:188} INFO - [2024-11-23T07:42:31.972+0000] {dagbag.py:545} INFO - Filling up the DagBag from /opt/airflow/dags/ModelDevelopment/Training/XGBoost.py
[2024-11-23T07:42:33.031+0000] {processor.py:842} WARNING - No viable dags retrieved from /opt/airflow/dags/ModelDevelopment/Training/XGBoost.py
[2024-11-23T07:42:33.055+0000] {processor.py:183} INFO - Processing /opt/airflow/dags/ModelDevelopment/Training/XGBoost.py took 1.090 seconds
[2024-11-23T07:43:03.581+0000] {processor.py:161} INFO - Started process (PID=845) to work on /opt/airflow/dags/ModelDevelopment/Training/XGBoost.py
[2024-11-23T07:43:03.583+0000] {processor.py:830} INFO - Processing file /opt/airflow/dags/ModelDevelopment/Training/XGBoost.py for tasks to queue
[2024-11-23T07:43:03.585+0000] {logging_mixin.py:188} INFO - [2024-11-23T07:43:03.584+0000] {dagbag.py:545} INFO - Filling up the DagBag from /opt/airflow/dags/ModelDevelopment/Training/XGBoost.py
[2024-11-23T07:43:04.788+0000] {processor.py:842} WARNING - No viable dags retrieved from /opt/airflow/dags/ModelDevelopment/Training/XGBoost.py
[2024-11-23T07:43:04.797+0000] {processor.py:183} INFO - Processing /opt/airflow/dags/ModelDevelopment/Training/XGBoost.py took 1.221 seconds
[2024-11-23T07:43:35.252+0000] {processor.py:161} INFO - Started process (PID=925) to work on /opt/airflow/dags/ModelDevelopment/Training/XGBoost.py
[2024-11-23T07:43:35.255+0000] {processor.py:830} INFO - Processing file /opt/airflow/dags/ModelDevelopment/Training/XGBoost.py for tasks to queue
[2024-11-23T07:43:35.257+0000] {logging_mixin.py:188} INFO - [2024-11-23T07:43:35.257+0000] {dagbag.py:545} INFO - Filling up the DagBag from /opt/airflow/dags/ModelDevelopment/Training/XGBoost.py
[2024-11-23T07:43:37.049+0000] {processor.py:842} WARNING - No viable dags retrieved from /opt/airflow/dags/ModelDevelopment/Training/XGBoost.py
[2024-11-23T07:43:37.067+0000] {processor.py:183} INFO - Processing /opt/airflow/dags/ModelDevelopment/Training/XGBoost.py took 1.819 seconds
[2024-11-23T07:44:08.005+0000] {processor.py:161} INFO - Started process (PID=1004) to work on /opt/airflow/dags/ModelDevelopment/Training/XGBoost.py
[2024-11-23T07:44:08.008+0000] {processor.py:830} INFO - Processing file /opt/airflow/dags/ModelDevelopment/Training/XGBoost.py for tasks to queue
[2024-11-23T07:44:08.010+0000] {logging_mixin.py:188} INFO - [2024-11-23T07:44:08.009+0000] {dagbag.py:545} INFO - Filling up the DagBag from /opt/airflow/dags/ModelDevelopment/Training/XGBoost.py
[2024-11-23T07:44:10.000+0000] {processor.py:842} WARNING - No viable dags retrieved from /opt/airflow/dags/ModelDevelopment/Training/XGBoost.py
[2024-11-23T07:44:10.031+0000] {processor.py:183} INFO - Processing /opt/airflow/dags/ModelDevelopment/Training/XGBoost.py took 2.031 seconds
[2024-11-23T07:44:42.465+0000] {processor.py:161} INFO - Started process (PID=1085) to work on /opt/airflow/dags/ModelDevelopment/Training/XGBoost.py
[2024-11-23T07:44:42.466+0000] {processor.py:830} INFO - Processing file /opt/airflow/dags/ModelDevelopment/Training/XGBoost.py for tasks to queue
[2024-11-23T07:44:42.471+0000] {logging_mixin.py:188} INFO - [2024-11-23T07:44:42.470+0000] {dagbag.py:545} INFO - Filling up the DagBag from /opt/airflow/dags/ModelDevelopment/Training/XGBoost.py
[2024-11-23T07:44:46.211+0000] {processor.py:842} WARNING - No viable dags retrieved from /opt/airflow/dags/ModelDevelopment/Training/XGBoost.py
[2024-11-23T07:44:46.275+0000] {processor.py:183} INFO - Processing /opt/airflow/dags/ModelDevelopment/Training/XGBoost.py took 3.837 seconds
[2024-11-23T07:45:16.464+0000] {processor.py:161} INFO - Started process (PID=1166) to work on /opt/airflow/dags/ModelDevelopment/Training/XGBoost.py
[2024-11-23T07:45:16.466+0000] {processor.py:830} INFO - Processing file /opt/airflow/dags/ModelDevelopment/Training/XGBoost.py for tasks to queue
[2024-11-23T07:45:16.472+0000] {logging_mixin.py:188} INFO - [2024-11-23T07:45:16.471+0000] {dagbag.py:545} INFO - Filling up the DagBag from /opt/airflow/dags/ModelDevelopment/Training/XGBoost.py
[2024-11-23T07:45:19.321+0000] {processor.py:842} WARNING - No viable dags retrieved from /opt/airflow/dags/ModelDevelopment/Training/XGBoost.py
[2024-11-23T07:45:19.339+0000] {processor.py:183} INFO - Processing /opt/airflow/dags/ModelDevelopment/Training/XGBoost.py took 2.882 seconds
[2024-11-23T07:45:49.729+0000] {processor.py:161} INFO - Started process (PID=1246) to work on /opt/airflow/dags/ModelDevelopment/Training/XGBoost.py
[2024-11-23T07:45:49.731+0000] {processor.py:830} INFO - Processing file /opt/airflow/dags/ModelDevelopment/Training/XGBoost.py for tasks to queue
[2024-11-23T07:45:49.735+0000] {logging_mixin.py:188} INFO - [2024-11-23T07:45:49.734+0000] {dagbag.py:545} INFO - Filling up the DagBag from /opt/airflow/dags/ModelDevelopment/Training/XGBoost.py
[2024-11-23T07:45:51.946+0000] {processor.py:842} WARNING - No viable dags retrieved from /opt/airflow/dags/ModelDevelopment/Training/XGBoost.py
[2024-11-23T07:45:51.964+0000] {processor.py:183} INFO - Processing /opt/airflow/dags/ModelDevelopment/Training/XGBoost.py took 2.245 seconds
[2024-11-23T07:46:22.746+0000] {processor.py:161} INFO - Started process (PID=1327) to work on /opt/airflow/dags/ModelDevelopment/Training/XGBoost.py
[2024-11-23T07:46:22.748+0000] {processor.py:830} INFO - Processing file /opt/airflow/dags/ModelDevelopment/Training/XGBoost.py for tasks to queue
[2024-11-23T07:46:22.754+0000] {logging_mixin.py:188} INFO - [2024-11-23T07:46:22.754+0000] {dagbag.py:545} INFO - Filling up the DagBag from /opt/airflow/dags/ModelDevelopment/Training/XGBoost.py
[2024-11-23T07:46:24.027+0000] {processor.py:842} WARNING - No viable dags retrieved from /opt/airflow/dags/ModelDevelopment/Training/XGBoost.py
[2024-11-23T07:46:24.034+0000] {processor.py:183} INFO - Processing /opt/airflow/dags/ModelDevelopment/Training/XGBoost.py took 1.309 seconds
[2024-11-23T07:46:54.839+0000] {processor.py:161} INFO - Started process (PID=1408) to work on /opt/airflow/dags/ModelDevelopment/Training/XGBoost.py
[2024-11-23T07:46:54.842+0000] {processor.py:830} INFO - Processing file /opt/airflow/dags/ModelDevelopment/Training/XGBoost.py for tasks to queue
[2024-11-23T07:46:54.846+0000] {logging_mixin.py:188} INFO - [2024-11-23T07:46:54.845+0000] {dagbag.py:545} INFO - Filling up the DagBag from /opt/airflow/dags/ModelDevelopment/Training/XGBoost.py
[2024-11-23T07:46:56.171+0000] {processor.py:842} WARNING - No viable dags retrieved from /opt/airflow/dags/ModelDevelopment/Training/XGBoost.py
[2024-11-23T07:46:56.179+0000] {processor.py:183} INFO - Processing /opt/airflow/dags/ModelDevelopment/Training/XGBoost.py took 1.347 seconds
[2024-11-23T07:47:26.787+0000] {processor.py:161} INFO - Started process (PID=1489) to work on /opt/airflow/dags/ModelDevelopment/Training/XGBoost.py
[2024-11-23T07:47:26.789+0000] {processor.py:830} INFO - Processing file /opt/airflow/dags/ModelDevelopment/Training/XGBoost.py for tasks to queue
[2024-11-23T07:47:26.793+0000] {logging_mixin.py:188} INFO - [2024-11-23T07:47:26.792+0000] {dagbag.py:545} INFO - Filling up the DagBag from /opt/airflow/dags/ModelDevelopment/Training/XGBoost.py
[2024-11-23T07:47:28.117+0000] {processor.py:842} WARNING - No viable dags retrieved from /opt/airflow/dags/ModelDevelopment/Training/XGBoost.py
[2024-11-23T07:47:28.141+0000] {processor.py:183} INFO - Processing /opt/airflow/dags/ModelDevelopment/Training/XGBoost.py took 1.363 seconds
[2024-11-23T07:47:58.658+0000] {processor.py:161} INFO - Started process (PID=1570) to work on /opt/airflow/dags/ModelDevelopment/Training/XGBoost.py
[2024-11-23T07:47:58.659+0000] {processor.py:830} INFO - Processing file /opt/airflow/dags/ModelDevelopment/Training/XGBoost.py for tasks to queue
[2024-11-23T07:47:58.663+0000] {logging_mixin.py:188} INFO - [2024-11-23T07:47:58.662+0000] {dagbag.py:545} INFO - Filling up the DagBag from /opt/airflow/dags/ModelDevelopment/Training/XGBoost.py
[2024-11-23T07:48:00.081+0000] {processor.py:842} WARNING - No viable dags retrieved from /opt/airflow/dags/ModelDevelopment/Training/XGBoost.py
[2024-11-23T07:48:00.088+0000] {processor.py:183} INFO - Processing /opt/airflow/dags/ModelDevelopment/Training/XGBoost.py took 1.441 seconds
[2024-11-23T07:48:30.637+0000] {processor.py:161} INFO - Started process (PID=1651) to work on /opt/airflow/dags/ModelDevelopment/Training/XGBoost.py
[2024-11-23T07:48:30.639+0000] {processor.py:830} INFO - Processing file /opt/airflow/dags/ModelDevelopment/Training/XGBoost.py for tasks to queue
[2024-11-23T07:48:30.643+0000] {logging_mixin.py:188} INFO - [2024-11-23T07:48:30.642+0000] {dagbag.py:545} INFO - Filling up the DagBag from /opt/airflow/dags/ModelDevelopment/Training/XGBoost.py
[2024-11-23T07:48:32.082+0000] {processor.py:842} WARNING - No viable dags retrieved from /opt/airflow/dags/ModelDevelopment/Training/XGBoost.py
[2024-11-23T07:48:32.098+0000] {processor.py:183} INFO - Processing /opt/airflow/dags/ModelDevelopment/Training/XGBoost.py took 1.472 seconds
[2024-11-23T07:49:03.078+0000] {processor.py:161} INFO - Started process (PID=1732) to work on /opt/airflow/dags/ModelDevelopment/Training/XGBoost.py
[2024-11-23T07:49:03.082+0000] {processor.py:830} INFO - Processing file /opt/airflow/dags/ModelDevelopment/Training/XGBoost.py for tasks to queue
[2024-11-23T07:49:03.088+0000] {logging_mixin.py:188} INFO - [2024-11-23T07:49:03.087+0000] {dagbag.py:545} INFO - Filling up the DagBag from /opt/airflow/dags/ModelDevelopment/Training/XGBoost.py
[2024-11-23T07:49:04.358+0000] {processor.py:842} WARNING - No viable dags retrieved from /opt/airflow/dags/ModelDevelopment/Training/XGBoost.py
[2024-11-23T07:49:04.371+0000] {processor.py:183} INFO - Processing /opt/airflow/dags/ModelDevelopment/Training/XGBoost.py took 1.318 seconds
[2024-11-23T07:49:34.986+0000] {processor.py:161} INFO - Started process (PID=1813) to work on /opt/airflow/dags/ModelDevelopment/Training/XGBoost.py
[2024-11-23T07:49:34.988+0000] {processor.py:830} INFO - Processing file /opt/airflow/dags/ModelDevelopment/Training/XGBoost.py for tasks to queue
[2024-11-23T07:49:34.993+0000] {logging_mixin.py:188} INFO - [2024-11-23T07:49:34.992+0000] {dagbag.py:545} INFO - Filling up the DagBag from /opt/airflow/dags/ModelDevelopment/Training/XGBoost.py
[2024-11-23T07:49:36.268+0000] {processor.py:842} WARNING - No viable dags retrieved from /opt/airflow/dags/ModelDevelopment/Training/XGBoost.py
[2024-11-23T07:49:36.275+0000] {processor.py:183} INFO - Processing /opt/airflow/dags/ModelDevelopment/Training/XGBoost.py took 1.300 seconds
[2024-11-23T07:50:06.595+0000] {processor.py:161} INFO - Started process (PID=1894) to work on /opt/airflow/dags/ModelDevelopment/Training/XGBoost.py
[2024-11-23T07:50:06.597+0000] {processor.py:830} INFO - Processing file /opt/airflow/dags/ModelDevelopment/Training/XGBoost.py for tasks to queue
[2024-11-23T07:50:06.600+0000] {logging_mixin.py:188} INFO - [2024-11-23T07:50:06.600+0000] {dagbag.py:545} INFO - Filling up the DagBag from /opt/airflow/dags/ModelDevelopment/Training/XGBoost.py
[2024-11-23T07:50:08.435+0000] {processor.py:842} WARNING - No viable dags retrieved from /opt/airflow/dags/ModelDevelopment/Training/XGBoost.py
[2024-11-23T07:50:08.467+0000] {processor.py:183} INFO - Processing /opt/airflow/dags/ModelDevelopment/Training/XGBoost.py took 1.878 seconds
[2024-11-23T07:50:38.742+0000] {processor.py:161} INFO - Started process (PID=1980) to work on /opt/airflow/dags/ModelDevelopment/Training/XGBoost.py
[2024-11-23T07:50:38.745+0000] {processor.py:830} INFO - Processing file /opt/airflow/dags/ModelDevelopment/Training/XGBoost.py for tasks to queue
[2024-11-23T07:50:38.750+0000] {logging_mixin.py:188} INFO - [2024-11-23T07:50:38.749+0000] {dagbag.py:545} INFO - Filling up the DagBag from /opt/airflow/dags/ModelDevelopment/Training/XGBoost.py
[2024-11-23T07:50:40.034+0000] {processor.py:842} WARNING - No viable dags retrieved from /opt/airflow/dags/ModelDevelopment/Training/XGBoost.py
[2024-11-23T07:50:40.048+0000] {processor.py:183} INFO - Processing /opt/airflow/dags/ModelDevelopment/Training/XGBoost.py took 1.324 seconds
[2024-11-23T07:51:10.518+0000] {processor.py:161} INFO - Started process (PID=2061) to work on /opt/airflow/dags/ModelDevelopment/Training/XGBoost.py
[2024-11-23T07:51:10.521+0000] {processor.py:830} INFO - Processing file /opt/airflow/dags/ModelDevelopment/Training/XGBoost.py for tasks to queue
[2024-11-23T07:51:10.527+0000] {logging_mixin.py:188} INFO - [2024-11-23T07:51:10.526+0000] {dagbag.py:545} INFO - Filling up the DagBag from /opt/airflow/dags/ModelDevelopment/Training/XGBoost.py
[2024-11-23T07:51:11.883+0000] {processor.py:842} WARNING - No viable dags retrieved from /opt/airflow/dags/ModelDevelopment/Training/XGBoost.py
[2024-11-23T07:51:11.892+0000] {processor.py:183} INFO - Processing /opt/airflow/dags/ModelDevelopment/Training/XGBoost.py took 1.388 seconds
[2024-11-23T07:51:42.814+0000] {processor.py:161} INFO - Started process (PID=2142) to work on /opt/airflow/dags/ModelDevelopment/Training/XGBoost.py
[2024-11-23T07:51:42.819+0000] {processor.py:830} INFO - Processing file /opt/airflow/dags/ModelDevelopment/Training/XGBoost.py for tasks to queue
[2024-11-23T07:51:42.822+0000] {logging_mixin.py:188} INFO - [2024-11-23T07:51:42.822+0000] {dagbag.py:545} INFO - Filling up the DagBag from /opt/airflow/dags/ModelDevelopment/Training/XGBoost.py
[2024-11-23T07:51:46.404+0000] {processor.py:842} WARNING - No viable dags retrieved from /opt/airflow/dags/ModelDevelopment/Training/XGBoost.py
[2024-11-23T07:51:46.429+0000] {processor.py:183} INFO - Processing /opt/airflow/dags/ModelDevelopment/Training/XGBoost.py took 3.642 seconds
[2024-11-23T07:52:17.443+0000] {processor.py:161} INFO - Started process (PID=2232) to work on /opt/airflow/dags/ModelDevelopment/Training/XGBoost.py
[2024-11-23T07:52:17.445+0000] {processor.py:830} INFO - Processing file /opt/airflow/dags/ModelDevelopment/Training/XGBoost.py for tasks to queue
[2024-11-23T07:52:17.449+0000] {logging_mixin.py:188} INFO - [2024-11-23T07:52:17.448+0000] {dagbag.py:545} INFO - Filling up the DagBag from /opt/airflow/dags/ModelDevelopment/Training/XGBoost.py
[2024-11-23T07:52:19.954+0000] {processor.py:842} WARNING - No viable dags retrieved from /opt/airflow/dags/ModelDevelopment/Training/XGBoost.py
[2024-11-23T07:52:19.981+0000] {processor.py:183} INFO - Processing /opt/airflow/dags/ModelDevelopment/Training/XGBoost.py took 2.549 seconds
[2024-11-23T07:52:50.111+0000] {processor.py:161} INFO - Started process (PID=2304) to work on /opt/airflow/dags/ModelDevelopment/Training/XGBoost.py
[2024-11-23T07:52:50.113+0000] {processor.py:830} INFO - Processing file /opt/airflow/dags/ModelDevelopment/Training/XGBoost.py for tasks to queue
[2024-11-23T07:52:50.117+0000] {logging_mixin.py:188} INFO - [2024-11-23T07:52:50.117+0000] {dagbag.py:545} INFO - Filling up the DagBag from /opt/airflow/dags/ModelDevelopment/Training/XGBoost.py
[2024-11-23T07:52:51.450+0000] {processor.py:842} WARNING - No viable dags retrieved from /opt/airflow/dags/ModelDevelopment/Training/XGBoost.py
[2024-11-23T07:52:51.464+0000] {processor.py:183} INFO - Processing /opt/airflow/dags/ModelDevelopment/Training/XGBoost.py took 1.385 seconds
[2024-11-23T07:53:21.752+0000] {processor.py:161} INFO - Started process (PID=2385) to work on /opt/airflow/dags/ModelDevelopment/Training/XGBoost.py
[2024-11-23T07:53:21.755+0000] {processor.py:830} INFO - Processing file /opt/airflow/dags/ModelDevelopment/Training/XGBoost.py for tasks to queue
[2024-11-23T07:53:21.758+0000] {logging_mixin.py:188} INFO - [2024-11-23T07:53:21.758+0000] {dagbag.py:545} INFO - Filling up the DagBag from /opt/airflow/dags/ModelDevelopment/Training/XGBoost.py
[2024-11-23T07:53:23.377+0000] {processor.py:842} WARNING - No viable dags retrieved from /opt/airflow/dags/ModelDevelopment/Training/XGBoost.py
[2024-11-23T07:53:23.395+0000] {processor.py:183} INFO - Processing /opt/airflow/dags/ModelDevelopment/Training/XGBoost.py took 1.652 seconds
[2024-11-23T07:53:53.958+0000] {processor.py:161} INFO - Started process (PID=2466) to work on /opt/airflow/dags/ModelDevelopment/Training/XGBoost.py
[2024-11-23T07:53:53.961+0000] {processor.py:830} INFO - Processing file /opt/airflow/dags/ModelDevelopment/Training/XGBoost.py for tasks to queue
[2024-11-23T07:53:53.964+0000] {logging_mixin.py:188} INFO - [2024-11-23T07:53:53.963+0000] {dagbag.py:545} INFO - Filling up the DagBag from /opt/airflow/dags/ModelDevelopment/Training/XGBoost.py
[2024-11-23T07:53:55.431+0000] {processor.py:842} WARNING - No viable dags retrieved from /opt/airflow/dags/ModelDevelopment/Training/XGBoost.py
[2024-11-23T07:53:55.445+0000] {processor.py:183} INFO - Processing /opt/airflow/dags/ModelDevelopment/Training/XGBoost.py took 1.503 seconds
[2024-11-23T07:54:25.970+0000] {processor.py:161} INFO - Started process (PID=2547) to work on /opt/airflow/dags/ModelDevelopment/Training/XGBoost.py
[2024-11-23T07:54:25.980+0000] {processor.py:830} INFO - Processing file /opt/airflow/dags/ModelDevelopment/Training/XGBoost.py for tasks to queue
[2024-11-23T07:54:26.006+0000] {logging_mixin.py:188} INFO - [2024-11-23T07:54:26.001+0000] {dagbag.py:545} INFO - Filling up the DagBag from /opt/airflow/dags/ModelDevelopment/Training/XGBoost.py
[2024-11-23T07:54:28.716+0000] {processor.py:842} WARNING - No viable dags retrieved from /opt/airflow/dags/ModelDevelopment/Training/XGBoost.py
[2024-11-23T07:54:28.737+0000] {processor.py:183} INFO - Processing /opt/airflow/dags/ModelDevelopment/Training/XGBoost.py took 2.837 seconds
[2024-11-23T07:54:59.573+0000] {processor.py:161} INFO - Started process (PID=2628) to work on /opt/airflow/dags/ModelDevelopment/Training/XGBoost.py
[2024-11-23T07:54:59.576+0000] {processor.py:830} INFO - Processing file /opt/airflow/dags/ModelDevelopment/Training/XGBoost.py for tasks to queue
[2024-11-23T07:54:59.579+0000] {logging_mixin.py:188} INFO - [2024-11-23T07:54:59.579+0000] {dagbag.py:545} INFO - Filling up the DagBag from /opt/airflow/dags/ModelDevelopment/Training/XGBoost.py
[2024-11-23T07:55:01.012+0000] {processor.py:842} WARNING - No viable dags retrieved from /opt/airflow/dags/ModelDevelopment/Training/XGBoost.py
[2024-11-23T07:55:01.031+0000] {processor.py:183} INFO - Processing /opt/airflow/dags/ModelDevelopment/Training/XGBoost.py took 1.468 seconds
[2024-11-23T07:55:31.632+0000] {processor.py:161} INFO - Started process (PID=2709) to work on /opt/airflow/dags/ModelDevelopment/Training/XGBoost.py
[2024-11-23T07:55:31.635+0000] {processor.py:830} INFO - Processing file /opt/airflow/dags/ModelDevelopment/Training/XGBoost.py for tasks to queue
[2024-11-23T07:55:31.650+0000] {logging_mixin.py:188} INFO - [2024-11-23T07:55:31.649+0000] {dagbag.py:545} INFO - Filling up the DagBag from /opt/airflow/dags/ModelDevelopment/Training/XGBoost.py
[2024-11-23T07:55:33.232+0000] {processor.py:842} WARNING - No viable dags retrieved from /opt/airflow/dags/ModelDevelopment/Training/XGBoost.py
[2024-11-23T07:55:33.254+0000] {processor.py:183} INFO - Processing /opt/airflow/dags/ModelDevelopment/Training/XGBoost.py took 1.643 seconds
[2024-11-23T07:56:03.445+0000] {processor.py:161} INFO - Started process (PID=2790) to work on /opt/airflow/dags/ModelDevelopment/Training/XGBoost.py
[2024-11-23T07:56:03.454+0000] {processor.py:830} INFO - Processing file /opt/airflow/dags/ModelDevelopment/Training/XGBoost.py for tasks to queue
[2024-11-23T07:56:03.456+0000] {logging_mixin.py:188} INFO - [2024-11-23T07:56:03.456+0000] {dagbag.py:545} INFO - Filling up the DagBag from /opt/airflow/dags/ModelDevelopment/Training/XGBoost.py
[2024-11-23T07:56:04.955+0000] {processor.py:842} WARNING - No viable dags retrieved from /opt/airflow/dags/ModelDevelopment/Training/XGBoost.py
[2024-11-23T07:56:04.969+0000] {processor.py:183} INFO - Processing /opt/airflow/dags/ModelDevelopment/Training/XGBoost.py took 1.535 seconds
[2024-11-23T07:56:35.195+0000] {processor.py:161} INFO - Started process (PID=2871) to work on /opt/airflow/dags/ModelDevelopment/Training/XGBoost.py
[2024-11-23T07:56:35.197+0000] {processor.py:830} INFO - Processing file /opt/airflow/dags/ModelDevelopment/Training/XGBoost.py for tasks to queue
[2024-11-23T07:56:35.201+0000] {logging_mixin.py:188} INFO - [2024-11-23T07:56:35.201+0000] {dagbag.py:545} INFO - Filling up the DagBag from /opt/airflow/dags/ModelDevelopment/Training/XGBoost.py
[2024-11-23T07:56:36.764+0000] {processor.py:842} WARNING - No viable dags retrieved from /opt/airflow/dags/ModelDevelopment/Training/XGBoost.py
[2024-11-23T07:56:36.780+0000] {processor.py:183} INFO - Processing /opt/airflow/dags/ModelDevelopment/Training/XGBoost.py took 1.600 seconds
[2024-11-23T07:57:07.039+0000] {processor.py:161} INFO - Started process (PID=2952) to work on /opt/airflow/dags/ModelDevelopment/Training/XGBoost.py
[2024-11-23T07:57:07.042+0000] {processor.py:830} INFO - Processing file /opt/airflow/dags/ModelDevelopment/Training/XGBoost.py for tasks to queue
[2024-11-23T07:57:07.049+0000] {logging_mixin.py:188} INFO - [2024-11-23T07:57:07.049+0000] {dagbag.py:545} INFO - Filling up the DagBag from /opt/airflow/dags/ModelDevelopment/Training/XGBoost.py
[2024-11-23T07:57:08.448+0000] {processor.py:842} WARNING - No viable dags retrieved from /opt/airflow/dags/ModelDevelopment/Training/XGBoost.py
[2024-11-23T07:57:08.462+0000] {processor.py:183} INFO - Processing /opt/airflow/dags/ModelDevelopment/Training/XGBoost.py took 1.451 seconds
[2024-11-23T07:57:38.859+0000] {processor.py:161} INFO - Started process (PID=3033) to work on /opt/airflow/dags/ModelDevelopment/Training/XGBoost.py
[2024-11-23T07:57:38.867+0000] {processor.py:830} INFO - Processing file /opt/airflow/dags/ModelDevelopment/Training/XGBoost.py for tasks to queue
[2024-11-23T07:57:38.871+0000] {logging_mixin.py:188} INFO - [2024-11-23T07:57:38.871+0000] {dagbag.py:545} INFO - Filling up the DagBag from /opt/airflow/dags/ModelDevelopment/Training/XGBoost.py
[2024-11-23T07:57:40.223+0000] {processor.py:842} WARNING - No viable dags retrieved from /opt/airflow/dags/ModelDevelopment/Training/XGBoost.py
[2024-11-23T07:57:40.230+0000] {processor.py:183} INFO - Processing /opt/airflow/dags/ModelDevelopment/Training/XGBoost.py took 1.387 seconds
[2024-11-23T07:58:10.927+0000] {processor.py:161} INFO - Started process (PID=3120) to work on /opt/airflow/dags/ModelDevelopment/Training/XGBoost.py
[2024-11-23T07:58:10.935+0000] {processor.py:830} INFO - Processing file /opt/airflow/dags/ModelDevelopment/Training/XGBoost.py for tasks to queue
[2024-11-23T07:58:10.938+0000] {logging_mixin.py:188} INFO - [2024-11-23T07:58:10.937+0000] {dagbag.py:545} INFO - Filling up the DagBag from /opt/airflow/dags/ModelDevelopment/Training/XGBoost.py
[2024-11-23T07:58:12.244+0000] {processor.py:842} WARNING - No viable dags retrieved from /opt/airflow/dags/ModelDevelopment/Training/XGBoost.py
[2024-11-23T07:58:12.252+0000] {processor.py:183} INFO - Processing /opt/airflow/dags/ModelDevelopment/Training/XGBoost.py took 1.351 seconds
[2024-11-23T07:58:42.730+0000] {processor.py:161} INFO - Started process (PID=3202) to work on /opt/airflow/dags/ModelDevelopment/Training/XGBoost.py
[2024-11-23T07:58:42.733+0000] {processor.py:830} INFO - Processing file /opt/airflow/dags/ModelDevelopment/Training/XGBoost.py for tasks to queue
[2024-11-23T07:58:42.748+0000] {logging_mixin.py:188} INFO - [2024-11-23T07:58:42.744+0000] {dagbag.py:545} INFO - Filling up the DagBag from /opt/airflow/dags/ModelDevelopment/Training/XGBoost.py
[2024-11-23T07:58:43.929+0000] {processor.py:842} WARNING - No viable dags retrieved from /opt/airflow/dags/ModelDevelopment/Training/XGBoost.py
[2024-11-23T07:58:43.936+0000] {processor.py:183} INFO - Processing /opt/airflow/dags/ModelDevelopment/Training/XGBoost.py took 1.221 seconds
[2024-11-23T07:59:14.488+0000] {processor.py:161} INFO - Started process (PID=3283) to work on /opt/airflow/dags/ModelDevelopment/Training/XGBoost.py
[2024-11-23T07:59:14.490+0000] {processor.py:830} INFO - Processing file /opt/airflow/dags/ModelDevelopment/Training/XGBoost.py for tasks to queue
[2024-11-23T07:59:14.493+0000] {logging_mixin.py:188} INFO - [2024-11-23T07:59:14.492+0000] {dagbag.py:545} INFO - Filling up the DagBag from /opt/airflow/dags/ModelDevelopment/Training/XGBoost.py
[2024-11-23T07:59:15.894+0000] {processor.py:842} WARNING - No viable dags retrieved from /opt/airflow/dags/ModelDevelopment/Training/XGBoost.py
[2024-11-23T07:59:15.909+0000] {processor.py:183} INFO - Processing /opt/airflow/dags/ModelDevelopment/Training/XGBoost.py took 1.439 seconds
[2024-11-23T07:59:46.442+0000] {processor.py:161} INFO - Started process (PID=3364) to work on /opt/airflow/dags/ModelDevelopment/Training/XGBoost.py
[2024-11-23T07:59:46.445+0000] {processor.py:830} INFO - Processing file /opt/airflow/dags/ModelDevelopment/Training/XGBoost.py for tasks to queue
[2024-11-23T07:59:46.447+0000] {logging_mixin.py:188} INFO - [2024-11-23T07:59:46.447+0000] {dagbag.py:545} INFO - Filling up the DagBag from /opt/airflow/dags/ModelDevelopment/Training/XGBoost.py
[2024-11-23T07:59:47.840+0000] {processor.py:842} WARNING - No viable dags retrieved from /opt/airflow/dags/ModelDevelopment/Training/XGBoost.py
[2024-11-23T07:59:47.848+0000] {processor.py:183} INFO - Processing /opt/airflow/dags/ModelDevelopment/Training/XGBoost.py took 1.415 seconds
[2024-11-23T08:00:18.601+0000] {processor.py:161} INFO - Started process (PID=3445) to work on /opt/airflow/dags/ModelDevelopment/Training/XGBoost.py
[2024-11-23T08:00:18.604+0000] {processor.py:830} INFO - Processing file /opt/airflow/dags/ModelDevelopment/Training/XGBoost.py for tasks to queue
[2024-11-23T08:00:18.607+0000] {logging_mixin.py:188} INFO - [2024-11-23T08:00:18.607+0000] {dagbag.py:545} INFO - Filling up the DagBag from /opt/airflow/dags/ModelDevelopment/Training/XGBoost.py
[2024-11-23T08:00:19.942+0000] {processor.py:842} WARNING - No viable dags retrieved from /opt/airflow/dags/ModelDevelopment/Training/XGBoost.py
[2024-11-23T08:00:19.956+0000] {processor.py:183} INFO - Processing /opt/airflow/dags/ModelDevelopment/Training/XGBoost.py took 1.378 seconds
[2024-11-23T08:00:50.666+0000] {processor.py:161} INFO - Started process (PID=3526) to work on /opt/airflow/dags/ModelDevelopment/Training/XGBoost.py
[2024-11-23T08:00:50.668+0000] {processor.py:830} INFO - Processing file /opt/airflow/dags/ModelDevelopment/Training/XGBoost.py for tasks to queue
[2024-11-23T08:00:50.672+0000] {logging_mixin.py:188} INFO - [2024-11-23T08:00:50.672+0000] {dagbag.py:545} INFO - Filling up the DagBag from /opt/airflow/dags/ModelDevelopment/Training/XGBoost.py
[2024-11-23T08:00:53.141+0000] {processor.py:842} WARNING - No viable dags retrieved from /opt/airflow/dags/ModelDevelopment/Training/XGBoost.py
[2024-11-23T08:00:53.170+0000] {processor.py:183} INFO - Processing /opt/airflow/dags/ModelDevelopment/Training/XGBoost.py took 2.515 seconds
[2024-11-23T08:01:23.286+0000] {processor.py:161} INFO - Started process (PID=3607) to work on /opt/airflow/dags/ModelDevelopment/Training/XGBoost.py
[2024-11-23T08:01:23.288+0000] {processor.py:830} INFO - Processing file /opt/airflow/dags/ModelDevelopment/Training/XGBoost.py for tasks to queue
[2024-11-23T08:01:23.298+0000] {logging_mixin.py:188} INFO - [2024-11-23T08:01:23.294+0000] {dagbag.py:545} INFO - Filling up the DagBag from /opt/airflow/dags/ModelDevelopment/Training/XGBoost.py
[2024-11-23T08:01:24.770+0000] {processor.py:842} WARNING - No viable dags retrieved from /opt/airflow/dags/ModelDevelopment/Training/XGBoost.py
[2024-11-23T08:01:24.789+0000] {processor.py:183} INFO - Processing /opt/airflow/dags/ModelDevelopment/Training/XGBoost.py took 1.516 seconds
[2024-11-23T08:01:55.541+0000] {processor.py:161} INFO - Started process (PID=3688) to work on /opt/airflow/dags/ModelDevelopment/Training/XGBoost.py
[2024-11-23T08:01:55.545+0000] {processor.py:830} INFO - Processing file /opt/airflow/dags/ModelDevelopment/Training/XGBoost.py for tasks to queue
[2024-11-23T08:01:55.549+0000] {logging_mixin.py:188} INFO - [2024-11-23T08:01:55.548+0000] {dagbag.py:545} INFO - Filling up the DagBag from /opt/airflow/dags/ModelDevelopment/Training/XGBoost.py
[2024-11-23T08:01:57.391+0000] {processor.py:842} WARNING - No viable dags retrieved from /opt/airflow/dags/ModelDevelopment/Training/XGBoost.py
[2024-11-23T08:01:57.413+0000] {processor.py:183} INFO - Processing /opt/airflow/dags/ModelDevelopment/Training/XGBoost.py took 1.905 seconds
[2024-11-23T08:02:27.847+0000] {processor.py:161} INFO - Started process (PID=3768) to work on /opt/airflow/dags/ModelDevelopment/Training/XGBoost.py
[2024-11-23T08:02:27.851+0000] {processor.py:830} INFO - Processing file /opt/airflow/dags/ModelDevelopment/Training/XGBoost.py for tasks to queue
[2024-11-23T08:02:27.853+0000] {logging_mixin.py:188} INFO - [2024-11-23T08:02:27.853+0000] {dagbag.py:545} INFO - Filling up the DagBag from /opt/airflow/dags/ModelDevelopment/Training/XGBoost.py
[2024-11-23T08:02:29.146+0000] {processor.py:842} WARNING - No viable dags retrieved from /opt/airflow/dags/ModelDevelopment/Training/XGBoost.py
[2024-11-23T08:02:29.152+0000] {processor.py:183} INFO - Processing /opt/airflow/dags/ModelDevelopment/Training/XGBoost.py took 1.321 seconds
[2024-11-23T08:02:59.264+0000] {processor.py:161} INFO - Started process (PID=3849) to work on /opt/airflow/dags/ModelDevelopment/Training/XGBoost.py
[2024-11-23T08:02:59.271+0000] {processor.py:830} INFO - Processing file /opt/airflow/dags/ModelDevelopment/Training/XGBoost.py for tasks to queue
[2024-11-23T08:02:59.280+0000] {logging_mixin.py:188} INFO - [2024-11-23T08:02:59.278+0000] {dagbag.py:545} INFO - Filling up the DagBag from /opt/airflow/dags/ModelDevelopment/Training/XGBoost.py
[2024-11-23T08:03:00.649+0000] {processor.py:842} WARNING - No viable dags retrieved from /opt/airflow/dags/ModelDevelopment/Training/XGBoost.py
[2024-11-23T08:03:00.668+0000] {processor.py:183} INFO - Processing /opt/airflow/dags/ModelDevelopment/Training/XGBoost.py took 1.418 seconds
[2024-11-23T08:03:31.264+0000] {processor.py:161} INFO - Started process (PID=3930) to work on /opt/airflow/dags/ModelDevelopment/Training/XGBoost.py
[2024-11-23T08:03:31.268+0000] {processor.py:830} INFO - Processing file /opt/airflow/dags/ModelDevelopment/Training/XGBoost.py for tasks to queue
[2024-11-23T08:03:31.270+0000] {logging_mixin.py:188} INFO - [2024-11-23T08:03:31.270+0000] {dagbag.py:545} INFO - Filling up the DagBag from /opt/airflow/dags/ModelDevelopment/Training/XGBoost.py
[2024-11-23T08:03:32.626+0000] {processor.py:842} WARNING - No viable dags retrieved from /opt/airflow/dags/ModelDevelopment/Training/XGBoost.py
[2024-11-23T08:03:32.641+0000] {processor.py:183} INFO - Processing /opt/airflow/dags/ModelDevelopment/Training/XGBoost.py took 1.386 seconds
[2024-11-23T08:04:03.289+0000] {processor.py:161} INFO - Started process (PID=4011) to work on /opt/airflow/dags/ModelDevelopment/Training/XGBoost.py
[2024-11-23T08:04:03.291+0000] {processor.py:830} INFO - Processing file /opt/airflow/dags/ModelDevelopment/Training/XGBoost.py for tasks to queue
[2024-11-23T08:04:03.299+0000] {logging_mixin.py:188} INFO - [2024-11-23T08:04:03.297+0000] {dagbag.py:545} INFO - Filling up the DagBag from /opt/airflow/dags/ModelDevelopment/Training/XGBoost.py
[2024-11-23T08:04:04.679+0000] {processor.py:842} WARNING - No viable dags retrieved from /opt/airflow/dags/ModelDevelopment/Training/XGBoost.py
[2024-11-23T08:04:04.711+0000] {processor.py:183} INFO - Processing /opt/airflow/dags/ModelDevelopment/Training/XGBoost.py took 1.435 seconds
[2024-11-23T08:04:35.332+0000] {processor.py:161} INFO - Started process (PID=4092) to work on /opt/airflow/dags/ModelDevelopment/Training/XGBoost.py
[2024-11-23T08:04:35.336+0000] {processor.py:830} INFO - Processing file /opt/airflow/dags/ModelDevelopment/Training/XGBoost.py for tasks to queue
[2024-11-23T08:04:35.339+0000] {logging_mixin.py:188} INFO - [2024-11-23T08:04:35.339+0000] {dagbag.py:545} INFO - Filling up the DagBag from /opt/airflow/dags/ModelDevelopment/Training/XGBoost.py
[2024-11-23T08:04:36.918+0000] {processor.py:842} WARNING - No viable dags retrieved from /opt/airflow/dags/ModelDevelopment/Training/XGBoost.py
[2024-11-23T08:04:36.931+0000] {processor.py:183} INFO - Processing /opt/airflow/dags/ModelDevelopment/Training/XGBoost.py took 1.620 seconds
