[2024-11-12T02:52:57.054+0000] {local_task_job_runner.py:120} INFO - ::group::Pre task execution logs
[2024-11-12T02:52:57.074+0000] {taskinstance.py:2076} INFO - Dependencies all met for dep_context=non-requeueable deps ti=<TaskInstance: modeling_pipeline.XGBoost_model_Train manual__2024-11-12T02:52:52.526778+00:00 [queued]>
[2024-11-12T02:52:57.081+0000] {taskinstance.py:2076} INFO - Dependencies all met for dep_context=requeueable deps ti=<TaskInstance: modeling_pipeline.XGBoost_model_Train manual__2024-11-12T02:52:52.526778+00:00 [queued]>
[2024-11-12T02:52:57.082+0000] {taskinstance.py:2306} INFO - Starting attempt 1 of 2
[2024-11-12T02:52:57.110+0000] {taskinstance.py:2330} INFO - Executing <Task(PythonOperator): XGBoost_model_Train> on 2024-11-12 02:52:52.526778+00:00
[2024-11-12T02:52:57.125+0000] {warnings.py:112} WARNING - /home/***/.local/lib/python3.12/site-packages/***/task/task_runner/standard_task_runner.py:61: DeprecationWarning: This process (pid=80) is multi-threaded, use of fork() may lead to deadlocks in the child.
  pid = os.fork()

[2024-11-12T02:52:57.133+0000] {standard_task_runner.py:63} INFO - Started process 108 to run task
[2024-11-12T02:52:57.128+0000] {standard_task_runner.py:90} INFO - Running: ['***', 'tasks', 'run', 'modeling_pipeline', 'XGBoost_model_Train', 'manual__2024-11-12T02:52:52.526778+00:00', '--job-id', '991', '--raw', '--subdir', 'DAGS_FOLDER/dag_script_model.py', '--cfg-path', '/tmp/tmpdkm03bdn']
[2024-11-12T02:52:57.135+0000] {standard_task_runner.py:91} INFO - Job 991: Subtask XGBoost_model_Train
[2024-11-12T02:52:57.258+0000] {task_command.py:426} INFO - Running <TaskInstance: modeling_pipeline.XGBoost_model_Train manual__2024-11-12T02:52:52.526778+00:00 [running]> on host 5039cd089413
[2024-11-12T02:52:57.353+0000] {taskinstance.py:2648} INFO - Exporting env vars: AIRFLOW_CTX_DAG_OWNER='MLOPS' AIRFLOW_CTX_DAG_ID='modeling_pipeline' AIRFLOW_CTX_TASK_ID='XGBoost_model_Train' AIRFLOW_CTX_EXECUTION_DATE='2024-11-12T02:52:52.526778+00:00' AIRFLOW_CTX_TRY_NUMBER='1' AIRFLOW_CTX_DAG_RUN_ID='manual__2024-11-12T02:52:52.526778+00:00'
[2024-11-12T02:52:57.354+0000] {taskinstance.py:430} INFO - ::endgroup::
[2024-11-12T02:52:57.525+0000] {logging_mixin.py:188} WARNING - 2024/11/12 02:52:57 WARNING mlflow.utils.git_utils: Failed to import Git (the Git executable is probably not on your PATH), so Git SHA is not available. Error: Failed to initialize: Bad git executable.
The git executable must be specified in one of the following ways:
    - be included in your $PATH
    - be set via $GIT_PYTHON_GIT_EXECUTABLE
    - explicitly set via git.refresh(<full-path-to-git-executable>)

All git commands will error until this is rectified.

This initial message can be silenced or aggravated in the future by setting the
$GIT_PYTHON_REFRESH environment variable. Use one of the following values:
    - quiet|q|silence|s|silent|none|n|0: for no message or exception
    - warn|w|warning|log|l|1: for a warning message (logging level CRITICAL, displayed by default)
    - error|e|exception|raise|r|2: for a raised exception

Example:
    export GIT_PYTHON_REFRESH=quiet
