[2024-10-31T04:08:10.713+0000] {local_task_job_runner.py:120} INFO - ::group::Pre task execution logs
[2024-10-31T04:08:10.750+0000] {taskinstance.py:2076} INFO - Dependencies all met for dep_context=non-requeueable deps ti=<TaskInstance: datapipeline_new.handle_missing_vals_train manual__2024-10-31T04:07:51.602255+00:00 [queued]>
[2024-10-31T04:08:10.756+0000] {taskinstance.py:2076} INFO - Dependencies all met for dep_context=requeueable deps ti=<TaskInstance: datapipeline_new.handle_missing_vals_train manual__2024-10-31T04:07:51.602255+00:00 [queued]>
[2024-10-31T04:08:10.756+0000] {taskinstance.py:2306} INFO - Starting attempt 1 of 2
[2024-10-31T04:08:10.769+0000] {taskinstance.py:2330} INFO - Executing <Task(PythonOperator): handle_missing_vals_train> on 2024-10-31 04:07:51.602255+00:00
[2024-10-31T04:08:10.791+0000] {warnings.py:112} WARNING - /home/***/.local/lib/python3.12/site-packages/***/task/task_runner/standard_task_runner.py:61: DeprecationWarning: This process (pid=134) is multi-threaded, use of fork() may lead to deadlocks in the child.
  pid = os.fork()

[2024-10-31T04:08:10.792+0000] {standard_task_runner.py:63} INFO - Started process 143 to run task
[2024-10-31T04:08:10.793+0000] {standard_task_runner.py:90} INFO - Running: ['***', 'tasks', 'run', 'datapipeline_new', 'handle_missing_vals_train', 'manual__2024-10-31T04:07:51.602255+00:00', '--job-id', '42', '--raw', '--subdir', 'DAGS_FOLDER/dag_script.py', '--cfg-path', '/tmp/tmppaxd9k7_']
[2024-10-31T04:08:10.796+0000] {standard_task_runner.py:91} INFO - Job 42: Subtask handle_missing_vals_train
[2024-10-31T04:08:10.826+0000] {task_command.py:426} INFO - Running <TaskInstance: datapipeline_new.handle_missing_vals_train manual__2024-10-31T04:07:51.602255+00:00 [running]> on host 6fd357fee1dd
[2024-10-31T04:08:11.241+0000] {taskinstance.py:2648} INFO - Exporting env vars: AIRFLOW_CTX_DAG_OWNER='MLOPS' AIRFLOW_CTX_DAG_ID='datapipeline_new' AIRFLOW_CTX_TASK_ID='handle_missing_vals_train' AIRFLOW_CTX_EXECUTION_DATE='2024-10-31T04:07:51.602255+00:00' AIRFLOW_CTX_TRY_NUMBER='1' AIRFLOW_CTX_DAG_RUN_ID='manual__2024-10-31T04:07:51.602255+00:00'
[2024-10-31T04:08:11.242+0000] {taskinstance.py:430} INFO - ::endgroup::
[2024-10-31T04:08:11.250+0000] {logging_mixin.py:188} INFO - Data loaded from /opt/***/dags/DataPreprocessing/src/data_store_pkl_files/train_data/cleaned_train_data.pkl.
[2024-10-31T04:08:11.251+0000] {logging_mixin.py:188} INFO - Missing values found. Handling missing data...
[2024-10-31T04:08:11.253+0000] {logging_mixin.py:188} INFO - 'pm25' missing values interpolated.
[2024-10-31T04:08:11.254+0000] {logging_mixin.py:188} INFO - Processed DataFrame saved as '/opt/***/dags/DataPreprocessing/src/data_store_pkl_files/train_data/no_null_train_data.pkl'.
[2024-10-31T04:08:11.254+0000] {python.py:237} INFO - Done. Returned value was: None
[2024-10-31T04:08:11.255+0000] {taskinstance.py:441} INFO - ::group::Post task execution logs
[2024-10-31T04:08:11.259+0000] {taskinstance.py:1206} INFO - Marking task as SUCCESS. dag_id=datapipeline_new, task_id=handle_missing_vals_train, run_id=manual__2024-10-31T04:07:51.602255+00:00, execution_date=20241031T040751, start_date=20241031T040810, end_date=20241031T040811
[2024-10-31T04:08:11.307+0000] {local_task_job_runner.py:240} INFO - Task exited with return code 0
[2024-10-31T04:08:11.474+0000] {taskinstance.py:3503} INFO - 1 downstream tasks scheduled from follow-on schedule check
[2024-10-31T04:08:11.475+0000] {local_task_job_runner.py:222} INFO - ::endgroup::
