[2024-10-31T16:02:18.959+0000] {local_task_job_runner.py:120} INFO - ::group::Pre task execution logs
[2024-10-31T16:02:18.968+0000] {taskinstance.py:2076} INFO - Dependencies all met for dep_context=non-requeueable deps ti=<TaskInstance: datapipeline_new.download_data_from_api manual__2024-10-31T16:02:17.326803+00:00 [queued]>
[2024-10-31T16:02:18.971+0000] {taskinstance.py:2076} INFO - Dependencies all met for dep_context=requeueable deps ti=<TaskInstance: datapipeline_new.download_data_from_api manual__2024-10-31T16:02:17.326803+00:00 [queued]>
[2024-10-31T16:02:18.971+0000] {taskinstance.py:2306} INFO - Starting attempt 1 of 2
[2024-10-31T16:02:18.976+0000] {taskinstance.py:2330} INFO - Executing <Task(PythonOperator): download_data_from_api> on 2024-10-31 16:02:17.326803+00:00
[2024-10-31T16:02:18.979+0000] {warnings.py:112} WARNING - /home/***/.local/lib/python3.12/site-packages/***/task/task_runner/standard_task_runner.py:61: DeprecationWarning: This process (pid=119) is multi-threaded, use of fork() may lead to deadlocks in the child.
  pid = os.fork()

[2024-10-31T16:02:18.980+0000] {standard_task_runner.py:63} INFO - Started process 128 to run task
[2024-10-31T16:02:18.980+0000] {standard_task_runner.py:90} INFO - Running: ['***', 'tasks', 'run', 'datapipeline_new', 'download_data_from_api', 'manual__2024-10-31T16:02:17.326803+00:00', '--job-id', '93', '--raw', '--subdir', 'DAGS_FOLDER/dag_script.py', '--cfg-path', '/tmp/tmpr24gq_la']
[2024-10-31T16:02:18.983+0000] {standard_task_runner.py:91} INFO - Job 93: Subtask download_data_from_api
[2024-10-31T16:02:19.141+0000] {task_command.py:426} INFO - Running <TaskInstance: datapipeline_new.download_data_from_api manual__2024-10-31T16:02:17.326803+00:00 [running]> on host 8b35fed25b46
[2024-10-31T16:02:19.176+0000] {taskinstance.py:2648} INFO - Exporting env vars: AIRFLOW_CTX_DAG_OWNER='MLOPS' AIRFLOW_CTX_DAG_ID='datapipeline_new' AIRFLOW_CTX_TASK_ID='download_data_from_api' AIRFLOW_CTX_EXECUTION_DATE='2024-10-31T16:02:17.326803+00:00' AIRFLOW_CTX_TRY_NUMBER='1' AIRFLOW_CTX_DAG_RUN_ID='manual__2024-10-31T16:02:17.326803+00:00'
[2024-10-31T16:02:19.177+0000] {taskinstance.py:430} INFO - ::endgroup::
[2024-10-31T16:02:19.280+0000] {logging_mixin.py:188} INFO - Available parameters at this location:
[2024-10-31T16:02:19.280+0000] {logging_mixin.py:188} INFO - pm25
[2024-10-31T16:02:19.281+0000] {logging_mixin.py:188} INFO - o3
[2024-10-31T16:02:19.281+0000] {logging_mixin.py:188} INFO - Location ID for Miami-Fort Lauderdale-Miami Beach: 869
[2024-10-31T16:02:19.804+0000] {logging_mixin.py:188} INFO - Data saved to dags/DataPreprocessing/src/data_store_pkl_files/csv/air_pollution_data_1.csv
[2024-10-31T16:02:19.863+0000] {logging_mixin.py:188} INFO - Data saved to dags/DataPreprocessing/src/data_store_pkl_files/csv/air_pollution_data_2.csv
[2024-10-31T16:02:19.871+0000] {python.py:237} INFO - Done. Returned value was: None
[2024-10-31T16:02:19.871+0000] {taskinstance.py:441} INFO - ::group::Post task execution logs
[2024-10-31T16:02:19.879+0000] {taskinstance.py:1206} INFO - Marking task as SUCCESS. dag_id=datapipeline_new, task_id=download_data_from_api, run_id=manual__2024-10-31T16:02:17.326803+00:00, execution_date=20241031T160217, start_date=20241031T160218, end_date=20241031T160219
[2024-10-31T16:02:19.908+0000] {local_task_job_runner.py:240} INFO - Task exited with return code 0
[2024-10-31T16:02:20.046+0000] {taskinstance.py:3503} INFO - 1 downstream tasks scheduled from follow-on schedule check
[2024-10-31T16:02:20.047+0000] {local_task_job_runner.py:222} INFO - ::endgroup::
