[2024-11-01T03:01:39.329+0000] {local_task_job_runner.py:120} INFO - ::group::Pre task execution logs
[2024-11-01T03:01:39.339+0000] {taskinstance.py:2076} INFO - Dependencies all met for dep_context=non-requeueable deps ti=<TaskInstance: datapipeline_new.schema_train_data_final_processed manual__2024-11-01T03:00:58.708970+00:00 [queued]>
[2024-11-01T03:01:39.343+0000] {taskinstance.py:2076} INFO - Dependencies all met for dep_context=requeueable deps ti=<TaskInstance: datapipeline_new.schema_train_data_final_processed manual__2024-11-01T03:00:58.708970+00:00 [queued]>
[2024-11-01T03:01:39.343+0000] {taskinstance.py:2306} INFO - Starting attempt 1 of 2
[2024-11-01T03:01:39.348+0000] {taskinstance.py:2330} INFO - Executing <Task(PythonOperator): schema_train_data_final_processed> on 2024-11-01 03:00:58.708970+00:00
[2024-11-01T03:01:39.358+0000] {warnings.py:112} WARNING - /home/***/.local/lib/python3.12/site-packages/***/task/task_runner/standard_task_runner.py:61: DeprecationWarning: This process (pid=258) is multi-threaded, use of fork() may lead to deadlocks in the child.
  pid = os.fork()

[2024-11-01T03:01:39.359+0000] {standard_task_runner.py:63} INFO - Started process 267 to run task
[2024-11-01T03:01:39.359+0000] {standard_task_runner.py:90} INFO - Running: ['***', 'tasks', 'run', 'datapipeline_new', 'schema_train_data_final_processed', 'manual__2024-11-01T03:00:58.708970+00:00', '--job-id', '42', '--raw', '--subdir', 'DAGS_FOLDER/dag_script.py', '--cfg-path', '/tmp/tmp1gjw0kyb']
[2024-11-01T03:01:39.361+0000] {standard_task_runner.py:91} INFO - Job 42: Subtask schema_train_data_final_processed
[2024-11-01T03:01:39.553+0000] {task_command.py:426} INFO - Running <TaskInstance: datapipeline_new.schema_train_data_final_processed manual__2024-11-01T03:00:58.708970+00:00 [running]> on host 58341985385a
[2024-11-01T03:01:39.588+0000] {taskinstance.py:2648} INFO - Exporting env vars: AIRFLOW_CTX_DAG_OWNER='MLOPS' AIRFLOW_CTX_DAG_ID='datapipeline_new' AIRFLOW_CTX_TASK_ID='schema_train_data_final_processed' AIRFLOW_CTX_EXECUTION_DATE='2024-11-01T03:00:58.708970+00:00' AIRFLOW_CTX_TRY_NUMBER='1' AIRFLOW_CTX_DAG_RUN_ID='manual__2024-11-01T03:00:58.708970+00:00'
[2024-11-01T03:01:39.589+0000] {taskinstance.py:430} INFO - ::endgroup::
[2024-11-01T03:01:39.630+0000] {check_output_data_schema.py:150} INFO - Loaded dataset from /opt/***/dags/DataPreprocessing/src/data_store_pkl_files/train_data/feature_eng_train_data.pkl
[2024-11-01T03:01:39.643+0000] {check_output_data_schema.py:93} INFO - Data saved to /opt/***/data_schema_train.json
[2024-11-01T03:01:39.643+0000] {check_output_data_schema.py:93} INFO - Data saved to /opt/***/data_statistics_train.json
[2024-11-01T03:01:39.645+0000] {check_output_data_schema.py:165} INFO - Data validation passed.
[2024-11-01T03:01:39.645+0000] {python.py:237} INFO - Done. Returned value was: None
[2024-11-01T03:01:39.645+0000] {taskinstance.py:441} INFO - ::group::Post task execution logs
[2024-11-01T03:01:39.651+0000] {taskinstance.py:1206} INFO - Marking task as SUCCESS. dag_id=datapipeline_new, task_id=schema_train_data_final_processed, run_id=manual__2024-11-01T03:00:58.708970+00:00, execution_date=20241101T030058, start_date=20241101T030139, end_date=20241101T030139
[2024-11-01T03:01:39.669+0000] {local_task_job_runner.py:240} INFO - Task exited with return code 0
[2024-11-01T03:01:39.681+0000] {taskinstance.py:3503} INFO - 1 downstream tasks scheduled from follow-on schedule check
[2024-11-01T03:01:39.681+0000] {local_task_job_runner.py:222} INFO - ::endgroup::
