[2024-11-11T20:24:19.632+0000] {local_task_job_runner.py:120} INFO - ::group::Pre task execution logs
[2024-11-11T20:24:19.654+0000] {taskinstance.py:2076} INFO - Dependencies all met for dep_context=non-requeueable deps ti=<TaskInstance: modeling_pipeline.Best_Model manual__2024-11-11T20:20:43.789388+00:00 [queued]>
[2024-11-11T20:24:19.663+0000] {taskinstance.py:2076} INFO - Dependencies all met for dep_context=requeueable deps ti=<TaskInstance: modeling_pipeline.Best_Model manual__2024-11-11T20:20:43.789388+00:00 [queued]>
[2024-11-11T20:24:19.663+0000] {taskinstance.py:2306} INFO - Starting attempt 1 of 2
[2024-11-11T20:24:19.676+0000] {taskinstance.py:2330} INFO - Executing <Task(PythonOperator): Best_Model> on 2024-11-11 20:20:43.789388+00:00
[2024-11-11T20:24:19.694+0000] {warnings.py:112} WARNING - /home/***/.local/lib/python3.12/site-packages/***/task/task_runner/standard_task_runner.py:61: DeprecationWarning: This process (pid=228) is multi-threaded, use of fork() may lead to deadlocks in the child.
  pid = os.fork()

[2024-11-11T20:24:19.695+0000] {standard_task_runner.py:63} INFO - Started process 237 to run task
[2024-11-11T20:24:19.696+0000] {standard_task_runner.py:90} INFO - Running: ['***', 'tasks', 'run', 'modeling_pipeline', 'Best_Model', 'manual__2024-11-11T20:20:43.789388+00:00', '--job-id', '963', '--raw', '--subdir', 'DAGS_FOLDER/dag_script_model.py', '--cfg-path', '/tmp/tmpqpad90tc']
[2024-11-11T20:24:19.698+0000] {standard_task_runner.py:91} INFO - Job 963: Subtask Best_Model
[2024-11-11T20:24:19.719+0000] {task_command.py:426} INFO - Running <TaskInstance: modeling_pipeline.Best_Model manual__2024-11-11T20:20:43.789388+00:00 [running]> on host 5039cd089413
[2024-11-11T20:24:19.772+0000] {taskinstance.py:2648} INFO - Exporting env vars: AIRFLOW_CTX_DAG_OWNER='MLOPS' AIRFLOW_CTX_DAG_ID='modeling_pipeline' AIRFLOW_CTX_TASK_ID='Best_Model' AIRFLOW_CTX_EXECUTION_DATE='2024-11-11T20:20:43.789388+00:00' AIRFLOW_CTX_TRY_NUMBER='1' AIRFLOW_CTX_DAG_RUN_ID='manual__2024-11-11T20:20:43.789388+00:00'
[2024-11-11T20:24:19.773+0000] {taskinstance.py:430} INFO - ::endgroup::
[2024-11-11T20:24:19.869+0000] {taskinstance.py:441} INFO - ::group::Post task execution logs
[2024-11-11T20:24:19.869+0000] {taskinstance.py:2905} ERROR - Task failed with exception
Traceback (most recent call last):
  File "/home/airflow/.local/lib/python3.12/site-packages/airflow/models/taskinstance.py", line 465, in _execute_task
    result = _execute_callable(context=context, **execute_callable_kwargs)
             ^^^^^^^^^^^^^^^^^^^^^^^^^^^^^^^^^^^^^^^^^^^^^^^^^^^^^^^^^^^^^
  File "/home/airflow/.local/lib/python3.12/site-packages/airflow/models/taskinstance.py", line 432, in _execute_callable
    return execute_callable(context=context, **execute_callable_kwargs)
           ^^^^^^^^^^^^^^^^^^^^^^^^^^^^^^^^^^^^^^^^^^^^^^^^^^^^^^^^^^^^
  File "/home/airflow/.local/lib/python3.12/site-packages/airflow/models/baseoperator.py", line 401, in wrapper
    return func(self, *args, **kwargs)
           ^^^^^^^^^^^^^^^^^^^^^^^^^^^
  File "/home/airflow/.local/lib/python3.12/site-packages/airflow/operators/python.py", line 235, in execute
    return_value = self.execute_callable()
                   ^^^^^^^^^^^^^^^^^^^^^^^
  File "/home/airflow/.local/lib/python3.12/site-packages/airflow/operators/python.py", line 252, in execute_callable
    return self.python_callable(*self.op_args, **self.op_kwargs)
           ^^^^^^^^^^^^^^^^^^^^^^^^^^^^^^^^^^^^^^^^^^^^^^^^^^^^^
  File "/opt/airflow/dags/bestmodel.py", line 97, in main
    model, best_rmse, best_experiment_name, best_run_id = get_best_model_and_load_weights(experiment_names)
                                                          ^^^^^^^^^^^^^^^^^^^^^^^^^^^^^^^^^^^^^^^^^^^^^^^^^
  File "/opt/airflow/dags/bestmodel.py", line 84, in get_best_model_and_load_weights
    model_uri, model_loader = get_model_uri_and_loader(best_experiment_name, best_run_id)
                              ^^^^^^^^^^^^^^^^^^^^^^^^^^^^^^^^^^^^^^^^^^^^^^^^^^^^^^^^^^^
  File "/opt/airflow/dags/bestmodel.py", line 55, in get_model_uri_and_loader
    model_loader = load_xgboost_model(model_uri)
                   ^^^^^^^^^^^^^^^^^^^^^^^^^^^^^
  File "/opt/airflow/dags/bestmodel.py", line 16, in load_xgboost_model
    return xgbmodel.load_weights()
           ^^^^^^^^^^^^^^^^^^^^^^^
  File "/opt/airflow/dags/ModelDevelopment/XGBoost.py", line 164, in load_weights
    self.model.load_model(self.model_save_path)
  File "/home/airflow/.local/lib/python3.12/site-packages/xgboost/sklearn.py", line 915, in load_model
    self.get_booster().load_model(fname)
  File "/home/airflow/.local/lib/python3.12/site-packages/xgboost/core.py", line 2693, in load_model
    _check_call(_LIB.XGBoosterLoadModel(self.handle, c_str(fname)))
  File "/home/airflow/.local/lib/python3.12/site-packages/xgboost/core.py", line 284, in _check_call
    raise XGBoostError(py_str(_LIB.XGBGetLastError()))
xgboost.core.XGBoostError: [20:24:19] /workspace/dmlc-core/src/io/local_filesys.cc:210: Check failed: allow_null:  LocalFileSystem::Open "runs:/3c8d358af26c4dc0ae8451ec4006352c/xgboost_pm25_model.pth": No such file or directory
Stack trace:
  [bt] (0) /home/***/.local/lib/python3.12/site-packages/xgboost/lib/libxgboost.so(+0xc53f4) [0xffff530c53f4]
  [bt] (1) /home/***/.local/lib/python3.12/site-packages/xgboost/lib/libxgboost.so(+0x70024c) [0xffff5370024c]
  [bt] (2) /home/***/.local/lib/python3.12/site-packages/xgboost/lib/libxgboost.so(+0x6ed318) [0xffff536ed318]
  [bt] (3) /home/***/.local/lib/python3.12/site-packages/xgboost/lib/libxgboost.so(XGBoosterLoadModel+0x1c0) [0xffff5305c000]
  [bt] (4) /lib/aarch64-linux-gnu/libffi.so.8(+0x63e0) [0xffff99db63e0]
  [bt] (5) /lib/aarch64-linux-gnu/libffi.so.8(+0x5b24) [0xffff99db5b24]
  [bt] (6) /usr/local/lib/python3.12/lib-dynload/_ctypes.cpython-312-aarch64-linux-gnu.so(+0xf644) [0xffff99def644]
  [bt] (7) /usr/local/lib/python3.12/lib-dynload/_ctypes.cpython-312-aarch64-linux-gnu.so(+0xfe60) [0xffff99defe60]
  [bt] (8) /usr/local/lib/libpython3.12.so.1.0(_PyObject_MakeTpCall+0x74) [0xffff9e5d5d74]


[2024-11-11T20:24:19.877+0000] {taskinstance.py:1206} INFO - Marking task as UP_FOR_RETRY. dag_id=modeling_pipeline, task_id=Best_Model, run_id=manual__2024-11-11T20:20:43.789388+00:00, execution_date=20241111T202043, start_date=20241111T202419, end_date=20241111T202419
[2024-11-11T20:24:19.882+0000] {standard_task_runner.py:110} ERROR - Failed to execute job 963 for task Best_Model ([20:24:19] /workspace/dmlc-core/src/io/local_filesys.cc:210: Check failed: allow_null:  LocalFileSystem::Open "runs:/3c8d358af26c4dc0ae8451ec4006352c/xgboost_pm25_model.pth": No such file or directory
Stack trace:
  [bt] (0) /home/***/.local/lib/python3.12/site-packages/xgboost/lib/libxgboost.so(+0xc53f4) [0xffff530c53f4]
  [bt] (1) /home/***/.local/lib/python3.12/site-packages/xgboost/lib/libxgboost.so(+0x70024c) [0xffff5370024c]
  [bt] (2) /home/***/.local/lib/python3.12/site-packages/xgboost/lib/libxgboost.so(+0x6ed318) [0xffff536ed318]
  [bt] (3) /home/***/.local/lib/python3.12/site-packages/xgboost/lib/libxgboost.so(XGBoosterLoadModel+0x1c0) [0xffff5305c000]
  [bt] (4) /lib/aarch64-linux-gnu/libffi.so.8(+0x63e0) [0xffff99db63e0]
  [bt] (5) /lib/aarch64-linux-gnu/libffi.so.8(+0x5b24) [0xffff99db5b24]
  [bt] (6) /usr/local/lib/python3.12/lib-dynload/_ctypes.cpython-312-aarch64-linux-gnu.so(+0xf644) [0xffff99def644]
  [bt] (7) /usr/local/lib/python3.12/lib-dynload/_ctypes.cpython-312-aarch64-linux-gnu.so(+0xfe60) [0xffff99defe60]
  [bt] (8) /usr/local/lib/libpython3.12.so.1.0(_PyObject_MakeTpCall+0x74) [0xffff9e5d5d74]

; 237)
[2024-11-11T20:24:19.916+0000] {local_task_job_runner.py:240} INFO - Task exited with return code 1
[2024-11-11T20:24:19.924+0000] {taskinstance.py:3503} INFO - 0 downstream tasks scheduled from follow-on schedule check
[2024-11-11T20:24:19.924+0000] {local_task_job_runner.py:222} INFO - ::endgroup::
