[2024-11-11T04:15:31.856+0000] {local_task_job_runner.py:120} INFO - ::group::Pre task execution logs
[2024-11-11T04:15:31.868+0000] {taskinstance.py:2076} INFO - Dependencies all met for dep_context=non-requeueable deps ti=<TaskInstance: modeling_pipeline.XGBoost_model manual__2024-11-11T04:15:08.395932+00:00 [queued]>
[2024-11-11T04:15:31.872+0000] {taskinstance.py:2076} INFO - Dependencies all met for dep_context=requeueable deps ti=<TaskInstance: modeling_pipeline.XGBoost_model manual__2024-11-11T04:15:08.395932+00:00 [queued]>
[2024-11-11T04:15:31.873+0000] {taskinstance.py:2306} INFO - Starting attempt 1 of 2
[2024-11-11T04:15:31.878+0000] {taskinstance.py:2330} INFO - Executing <Task(PythonOperator): XGBoost_model> on 2024-11-11 04:15:08.395932+00:00
[2024-11-11T04:15:31.912+0000] {warnings.py:112} WARNING - /home/***/.local/lib/python3.12/site-packages/***/task/task_runner/standard_task_runner.py:61: DeprecationWarning: This process (pid=134) is multi-threaded, use of fork() may lead to deadlocks in the child.
  pid = os.fork()

[2024-11-11T04:15:31.917+0000] {standard_task_runner.py:63} INFO - Started process 143 to run task
[2024-11-11T04:15:31.915+0000] {standard_task_runner.py:90} INFO - Running: ['***', 'tasks', 'run', 'modeling_pipeline', 'XGBoost_model', 'manual__2024-11-11T04:15:08.395932+00:00', '--job-id', '892', '--raw', '--subdir', 'DAGS_FOLDER/dag_script_model.py', '--cfg-path', '/tmp/tmp83ei8lpd']
[2024-11-11T04:15:31.920+0000] {standard_task_runner.py:91} INFO - Job 892: Subtask XGBoost_model
[2024-11-11T04:15:31.949+0000] {task_command.py:426} INFO - Running <TaskInstance: modeling_pipeline.XGBoost_model manual__2024-11-11T04:15:08.395932+00:00 [running]> on host b8673e06ac58
[2024-11-11T04:15:31.992+0000] {taskinstance.py:2648} INFO - Exporting env vars: AIRFLOW_CTX_DAG_OWNER='MLOPS' AIRFLOW_CTX_DAG_ID='modeling_pipeline' AIRFLOW_CTX_TASK_ID='XGBoost_model' AIRFLOW_CTX_EXECUTION_DATE='2024-11-11T04:15:08.395932+00:00' AIRFLOW_CTX_TRY_NUMBER='1' AIRFLOW_CTX_DAG_RUN_ID='manual__2024-11-11T04:15:08.395932+00:00'
[2024-11-11T04:15:31.993+0000] {taskinstance.py:430} INFO - ::endgroup::
[2024-11-11T04:15:32.017+0000] {logging_mixin.py:188} INFO - Data loaded from /opt/***/dags/DataPreprocessing/src/data_store_pkl_files/test_data/no_anamoly_test_data.pkl.
[2024-11-11T04:15:32.019+0000] {logging_mixin.py:188} INFO - Original Skewness: 0.5082849280995185
[2024-11-11T04:15:32.020+0000] {logging_mixin.py:188} INFO - Log Transformed Skewness: -0.38788987353405835
[2024-11-11T04:15:32.030+0000] {logging_mixin.py:188} INFO - Box-Cox Transformed Skewness: 0.011851083745351043
[2024-11-11T04:15:32.031+0000] {logging_mixin.py:188} INFO - Choosing Box-Cox transformed column.
[2024-11-11T04:15:32.038+0000] {logging_mixin.py:188} INFO - Feature engineering completed and NaN values dropped.
[2024-11-11T04:15:32.065+0000] {logging_mixin.py:188} WARNING - 2024/11/11 04:15:32 WARNING mlflow.utils.git_utils: Failed to import Git (the Git executable is probably not on your PATH), so Git SHA is not available. Error: Failed to initialize: Bad git executable.
The git executable must be specified in one of the following ways:
    - be included in your $PATH
    - be set via $GIT_PYTHON_GIT_EXECUTABLE
    - explicitly set via git.refresh(<full-path-to-git-executable>)

All git commands will error until this is rectified.

This initial message can be silenced or aggravated in the future by setting the
$GIT_PYTHON_REFRESH environment variable. Use one of the following values:
    - quiet|q|silence|s|silent|none|n|0: for no message or exception
    - warn|w|warning|log|l|1: for a warning message (logging level CRITICAL, displayed by default)
    - error|e|exception|raise|r|2: for a raised exception

Example:
    export GIT_PYTHON_REFRESH=quiet
[2024-11-11T04:15:32.344+0000] {warnings.py:112} WARNING - /home/***/.local/lib/python3.12/site-packages/mlflow/types/utils.py:407: UserWarning: Hint: Inferred schema contains integer column(s). Integer columns in Python cannot represent missing values. If your input data contains missing values at inference time, it will be encoded as floats and will cause a schema enforcement error. The best way to avoid this problem is to infer the model schema based on a realistic data sample (training dataset) that includes missing values. Alternatively, you can declare integer columns as doubles (float64) whenever these columns may have missing values. See `Handling Integers With Missing Values <https://www.mlflow.org/docs/latest/models.html#handling-integers-with-missing-values>`_ for more details.
  warnings.warn(

[2024-11-11T04:15:35.475+0000] {logging_mixin.py:188} WARNING - Downloading artifacts:   0%|          | 0/7 [00:00<?, ?it/s]
[2024-11-11T04:15:35.478+0000] {logging_mixin.py:188} WARNING - Downloading artifacts:  14%|#4        | 1/7 [00:00<00:00, 3457.79it/s]
[2024-11-11T04:15:35.479+0000] {logging_mixin.py:188} WARNING - Downloading artifacts:  29%|##8       | 2/7 [00:00<00:00, 1586.05it/s]
[2024-11-11T04:15:35.480+0000] {logging_mixin.py:188} WARNING - Downloading artifacts:  43%|####2     | 3/7 [00:00<00:00, 1214.68it/s]
[2024-11-11T04:15:35.481+0000] {logging_mixin.py:188} WARNING - Downloading artifacts:  57%|#####7    | 4/7 [00:00<00:00, 1202.41it/s]
[2024-11-11T04:15:35.482+0000] {logging_mixin.py:188} WARNING - Downloading artifacts:  71%|#######1  | 5/7 [00:00<00:00, 1284.94it/s]
[2024-11-11T04:15:35.482+0000] {logging_mixin.py:188} WARNING - Downloading artifacts:  86%|########5 | 6/7 [00:00<00:00, 1354.90it/s]
[2024-11-11T04:15:35.483+0000] {logging_mixin.py:188} WARNING - Downloading artifacts: 100%|##########| 7/7 [00:00<00:00, 1464.93it/s]
[2024-11-11T04:15:35.483+0000] {logging_mixin.py:188} WARNING - Downloading artifacts: 100%|##########| 7/7 [00:00<00:00, 1283.78it/s]
[2024-11-11T04:15:35.551+0000] {warnings.py:112} WARNING - /home/***/.local/lib/python3.12/site-packages/sklearn/metrics/_regression.py:492: FutureWarning: 'squared' is deprecated in version 1.4 and will be removed in 1.6. To calculate the root mean squared error, use the function'root_mean_squared_error'.
  warnings.warn(

[2024-11-11T04:15:35.553+0000] {logging_mixin.py:188} INFO - RMSE (Box-Cox transformed target): 0.20470293295156336
[2024-11-11T04:15:35.553+0000] {warnings.py:112} WARNING - /home/***/.local/lib/python3.12/site-packages/sklearn/metrics/_regression.py:492: FutureWarning: 'squared' is deprecated in version 1.4 and will be removed in 1.6. To calculate the root mean squared error, use the function'root_mean_squared_error'.
  warnings.warn(

[2024-11-11T04:15:35.555+0000] {logging_mixin.py:188} INFO - RMSE (Original PM2.5 target): 1.1686009561689805
[2024-11-11T04:15:35.557+0000] {warnings.py:112} WARNING - /home/***/.local/lib/python3.12/site-packages/xgboost/core.py:158: UserWarning: [04:15:35] WARNING: /workspace/src/c_api/c_api.cc:1374: Saving model in the UBJSON format as default.  You can use file extension: `json`, `ubj` or `deprecated` to choose between formats.
  warnings.warn(smsg, UserWarning)

[2024-11-11T04:15:35.560+0000] {logging_mixin.py:188} INFO - Model saved at /opt/***/dags/weights/xgboost_pm25_model.pth
[2024-11-11T04:15:35.563+0000] {logging_mixin.py:188} INFO - Model loaded from /opt/***/dags/weights/xgboost_pm25_model.pth
[2024-11-11T04:15:35.797+0000] {logging_mixin.py:188} INFO - Plot saved at /opt/***/dags/artifacts/pm25_actual_vs_predicted_XGBoost.png
[2024-11-11T04:15:35.800+0000] {python.py:237} INFO - Done. Returned value was: None
[2024-11-11T04:15:35.800+0000] {taskinstance.py:441} INFO - ::group::Post task execution logs
[2024-11-11T04:15:35.820+0000] {taskinstance.py:1206} INFO - Marking task as SUCCESS. dag_id=modeling_pipeline, task_id=XGBoost_model, run_id=manual__2024-11-11T04:15:08.395932+00:00, execution_date=20241111T041508, start_date=20241111T041531, end_date=20241111T041535
[2024-11-11T04:15:35.880+0000] {local_task_job_runner.py:240} INFO - Task exited with return code 0
[2024-11-11T04:15:35.935+0000] {taskinstance.py:3503} INFO - 1 downstream tasks scheduled from follow-on schedule check
[2024-11-11T04:15:35.936+0000] {local_task_job_runner.py:222} INFO - ::endgroup::
