[2024-11-12T03:31:15.962+0000] {local_task_job_runner.py:120} INFO - ::group::Pre task execution logs
[2024-11-12T03:31:15.979+0000] {taskinstance.py:2076} INFO - Dependencies all met for dep_context=non-requeueable deps ti=<TaskInstance: modeling_pipeline.Random_Forest_model_Train manual__2024-11-12T03:31:11.749538+00:00 [queued]>
[2024-11-12T03:31:15.983+0000] {taskinstance.py:2076} INFO - Dependencies all met for dep_context=requeueable deps ti=<TaskInstance: modeling_pipeline.Random_Forest_model_Train manual__2024-11-12T03:31:11.749538+00:00 [queued]>
[2024-11-12T03:31:15.984+0000] {taskinstance.py:2306} INFO - Starting attempt 1 of 2
[2024-11-12T03:31:15.997+0000] {taskinstance.py:2330} INFO - Executing <Task(PythonOperator): Random_Forest_model_Train> on 2024-11-12 03:31:11.749538+00:00
[2024-11-12T03:31:16.021+0000] {warnings.py:112} WARNING - /home/***/.local/lib/python3.12/site-packages/***/task/task_runner/standard_task_runner.py:61: DeprecationWarning: This process (pid=82) is multi-threaded, use of fork() may lead to deadlocks in the child.
  pid = os.fork()

[2024-11-12T03:31:16.023+0000] {standard_task_runner.py:63} INFO - Started process 108 to run task
[2024-11-12T03:31:16.023+0000] {standard_task_runner.py:90} INFO - Running: ['***', 'tasks', 'run', 'modeling_pipeline', 'Random_Forest_model_Train', 'manual__2024-11-12T03:31:11.749538+00:00', '--job-id', '1038', '--raw', '--subdir', 'DAGS_FOLDER/dag_script_model.py', '--cfg-path', '/tmp/tmp991guief']
[2024-11-12T03:31:16.028+0000] {standard_task_runner.py:91} INFO - Job 1038: Subtask Random_Forest_model_Train
[2024-11-12T03:31:16.111+0000] {task_command.py:426} INFO - Running <TaskInstance: modeling_pipeline.Random_Forest_model_Train manual__2024-11-12T03:31:11.749538+00:00 [running]> on host 5039cd089413
[2024-11-12T03:31:16.234+0000] {taskinstance.py:2648} INFO - Exporting env vars: AIRFLOW_CTX_DAG_OWNER='MLOPS' AIRFLOW_CTX_DAG_ID='modeling_pipeline' AIRFLOW_CTX_TASK_ID='Random_Forest_model_Train' AIRFLOW_CTX_EXECUTION_DATE='2024-11-12T03:31:11.749538+00:00' AIRFLOW_CTX_TRY_NUMBER='1' AIRFLOW_CTX_DAG_RUN_ID='manual__2024-11-12T03:31:11.749538+00:00'
[2024-11-12T03:31:16.236+0000] {taskinstance.py:430} INFO - ::endgroup::
[2024-11-12T03:31:16.485+0000] {logging_mixin.py:188} WARNING - 2024/11/12 03:31:16 WARNING mlflow.utils.git_utils: Failed to import Git (the Git executable is probably not on your PATH), so Git SHA is not available. Error: Failed to initialize: Bad git executable.
The git executable must be specified in one of the following ways:
    - be included in your $PATH
    - be set via $GIT_PYTHON_GIT_EXECUTABLE
    - explicitly set via git.refresh(<full-path-to-git-executable>)

All git commands will error until this is rectified.

This initial message can be silenced or aggravated in the future by setting the
$GIT_PYTHON_REFRESH environment variable. Use one of the following values:
    - quiet|q|silence|s|silent|none|n|0: for no message or exception
    - warn|w|warning|log|l|1: for a warning message (logging level CRITICAL, displayed by default)
    - error|e|exception|raise|r|2: for a raised exception

Example:
    export GIT_PYTHON_REFRESH=quiet
[2024-11-12T03:34:25.852+0000] {logging_mixin.py:188} INFO - Best parameters: {'n_estimators': 200}
[2024-11-12T03:34:26.091+0000] {warnings.py:112} WARNING - /home/***/.local/lib/python3.12/site-packages/mlflow/types/utils.py:407: UserWarning: Hint: Inferred schema contains integer column(s). Integer columns in Python cannot represent missing values. If your input data contains missing values at inference time, it will be encoded as floats and will cause a schema enforcement error. The best way to avoid this problem is to infer the model schema based on a realistic data sample (training dataset) that includes missing values. Alternatively, you can declare integer columns as doubles (float64) whenever these columns may have missing values. See `Handling Integers With Missing Values <https://www.mlflow.org/docs/latest/models.html#handling-integers-with-missing-values>`_ for more details.
  warnings.warn(

[2024-11-12T03:34:51.627+0000] {logging_mixin.py:188} WARNING - Downloading artifacts:   0%|          | 0/7 [00:00<?, ?it/s]
[2024-11-12T03:34:51.642+0000] {logging_mixin.py:188} WARNING - Downloading artifacts:  14%|#4        | 1/7 [00:00<00:00, 474.36it/s]
[2024-11-12T03:34:51.644+0000] {logging_mixin.py:188} WARNING - Downloading artifacts:  29%|##8       | 2/7 [00:00<00:00, 353.89it/s]
[2024-11-12T03:34:51.648+0000] {logging_mixin.py:188} WARNING - Downloading artifacts:  43%|####2     | 3/7 [00:00<00:00, 346.53it/s]
[2024-11-12T03:34:51.653+0000] {logging_mixin.py:188} WARNING - Downloading artifacts:  57%|#####7    | 4/7 [00:00<00:00, 283.24it/s]
[2024-11-12T03:34:51.654+0000] {logging_mixin.py:188} WARNING - Downloading artifacts:  71%|#######1  | 5/7 [00:00<00:00, 318.78it/s]
[2024-11-12T03:34:51.656+0000] {logging_mixin.py:188} WARNING - Downloading artifacts:  86%|########5 | 6/7 [00:00<00:00, 339.61it/s]
[2024-11-12T03:34:51.788+0000] {logging_mixin.py:188} WARNING - Downloading artifacts: 100%|##########| 7/7 [00:00<00:00, 47.16it/s] 
[2024-11-12T03:34:51.792+0000] {logging_mixin.py:188} WARNING - Downloading artifacts: 100%|##########| 7/7 [00:00<00:00, 47.16it/s]
[2024-11-12T03:34:51.795+0000] {logging_mixin.py:188} WARNING - Downloading artifacts: 100%|##########| 7/7 [00:00<00:00, 44.89it/s]
[2024-11-12T03:34:53.573+0000] {logging_mixin.py:188} INFO - Model saved at /opt/***/dags/weights/randomforest_pm25_model.pth
[2024-11-12T03:34:53.589+0000] {python.py:237} INFO - Done. Returned value was: None
[2024-11-12T03:34:53.606+0000] {taskinstance.py:441} INFO - ::group::Post task execution logs
[2024-11-12T03:34:53.644+0000] {taskinstance.py:1206} INFO - Marking task as SUCCESS. dag_id=modeling_pipeline, task_id=Random_Forest_model_Train, run_id=manual__2024-11-12T03:31:11.749538+00:00, execution_date=20241112T033111, start_date=20241112T033115, end_date=20241112T033453
[2024-11-12T03:34:53.794+0000] {local_task_job_runner.py:240} INFO - Task exited with return code 0
[2024-11-12T03:34:53.863+0000] {taskinstance.py:3503} INFO - 1 downstream tasks scheduled from follow-on schedule check
[2024-11-12T03:34:53.865+0000] {local_task_job_runner.py:222} INFO - ::endgroup::
