[2024-11-12T19:03:02.176+0000] {local_task_job_runner.py:120} INFO - ::group::Pre task execution logs
[2024-11-12T19:03:02.187+0000] {taskinstance.py:2076} INFO - Dependencies all met for dep_context=non-requeueable deps ti=<TaskInstance: modeling_pipeline.Best_Model manual__2024-11-12T18:56:48.444518+00:00 [queued]>
[2024-11-12T19:03:02.190+0000] {taskinstance.py:2076} INFO - Dependencies all met for dep_context=requeueable deps ti=<TaskInstance: modeling_pipeline.Best_Model manual__2024-11-12T18:56:48.444518+00:00 [queued]>
[2024-11-12T19:03:02.190+0000] {taskinstance.py:2306} INFO - Starting attempt 1 of 2
[2024-11-12T19:03:02.195+0000] {taskinstance.py:2330} INFO - Executing <Task(PythonOperator): Best_Model> on 2024-11-12 18:56:48.444518+00:00
[2024-11-12T19:03:02.203+0000] {warnings.py:112} WARNING - /home/***/.local/lib/python3.12/site-packages/***/task/task_runner/standard_task_runner.py:61: DeprecationWarning: This process (pid=374) is multi-threaded, use of fork() may lead to deadlocks in the child.
  pid = os.fork()

[2024-11-12T19:03:02.203+0000] {standard_task_runner.py:63} INFO - Started process 383 to run task
[2024-11-12T19:03:02.204+0000] {standard_task_runner.py:90} INFO - Running: ['***', 'tasks', 'run', 'modeling_pipeline', 'Best_Model', 'manual__2024-11-12T18:56:48.444518+00:00', '--job-id', '1161', '--raw', '--subdir', 'DAGS_FOLDER/dag_script_model.py', '--cfg-path', '/tmp/tmpptwrs_cb']
[2024-11-12T19:03:02.206+0000] {standard_task_runner.py:91} INFO - Job 1161: Subtask Best_Model
[2024-11-12T19:03:02.222+0000] {task_command.py:426} INFO - Running <TaskInstance: modeling_pipeline.Best_Model manual__2024-11-12T18:56:48.444518+00:00 [running]> on host 9919a500f6fd
[2024-11-12T19:03:02.255+0000] {taskinstance.py:2648} INFO - Exporting env vars: AIRFLOW_CTX_DAG_OWNER='MLOPS' AIRFLOW_CTX_DAG_ID='modeling_pipeline' AIRFLOW_CTX_TASK_ID='Best_Model' AIRFLOW_CTX_EXECUTION_DATE='2024-11-12T18:56:48.444518+00:00' AIRFLOW_CTX_TRY_NUMBER='1' AIRFLOW_CTX_DAG_RUN_ID='manual__2024-11-12T18:56:48.444518+00:00'
[2024-11-12T19:03:02.255+0000] {taskinstance.py:430} INFO - ::endgroup::
[2024-11-12T19:03:02.371+0000] {logging_mixin.py:188} INFO - Best model found in experiment 'PM2.5 XGBoost Prediction' with run ID '7ad7210439364fa6acde92acdb7e02bd'
[2024-11-12T19:03:02.372+0000] {logging_mixin.py:188} INFO - Validation RMSE: 0.9685765167761742
[2024-11-12T19:03:02.836+0000] {logging_mixin.py:188} INFO - Random - RMSE: 1.0013285295613887, Bias Score: inf, Combined Score: inf
[2024-11-12T19:03:02.836+0000] {logging_mixin.py:188} INFO - XGBoost - RMSE: 0.9685765167761742, Bias Score: 0, Combined Score: 0.4842882583880871
[2024-11-12T19:03:02.836+0000] {logging_mixin.py:188} INFO - Prophet - RMSE: 4.997330810283877, Bias Score: 0, Combined Score: 2.4986654051419386
[2024-11-12T19:03:02.836+0000] {logging_mixin.py:188} INFO - 
Best model selected: XGBoost with combined score: 0.4842882583880871
[2024-11-12T19:03:02.838+0000] {logging_mixin.py:188} INFO - XGBoost
[2024-11-12T19:03:02.838+0000] {logging_mixin.py:188} INFO - 0.4842882583880871
[2024-11-12T19:03:02.839+0000] {logging_mixin.py:188} INFO - {'Random Forest Bias Evaluation': {'MAE_hour': {'value': 2.9610290853843124, 'run_id': '0b7fa4a040904e5caa6b9af12a43b62f'}, 'RMSE_hour': {'value': 3.195404253006283, 'run_id': '0b7fa4a040904e5caa6b9af12a43b62f'}, 'R2_hour': {'value': -2.34375528936878, 'run_id': '0b7fa4a040904e5caa6b9af12a43b62f'}, 'MBE_hour': {'value': -2.9610290853843124, 'run_id': '0b7fa4a040904e5caa6b9af12a43b62f'}, 'MAE_day_of_week': {'value': 2.9568912044769857, 'run_id': 'bd5c99738a2f47fa96485427550f0313'}, 'RMSE_day_of_week': {'value': 3.1889222124874808, 'run_id': 'bd5c99738a2f47fa96485427550f0313'}, 'R2_day_of_week': {'value': -2.358543111373094, 'run_id': 'bd5c99738a2f47fa96485427550f0313'}, 'MBE_day_of_week': {'value': -2.9568912044769857, 'run_id': 'bd5c99738a2f47fa96485427550f0313'}, 'MAE_month': {'value': 2.9826161823334627, 'run_id': '79f959f59c9e4e7dbcd6794b8beef110'}, 'RMSE_month': {'value': 3.1965584346530687, 'run_id': '79f959f59c9e4e7dbcd6794b8beef110'}, 'R2_month': {'value': -2.8100430436792156, 'run_id': '79f959f59c9e4e7dbcd6794b8beef110'}, 'MBE_month': {'value': -2.9826161823334627, 'run_id': '79f959f59c9e4e7dbcd6794b8beef110'}, 'MAE_season': {'value': 2.9737612819960955, 'run_id': '8688297975cb4871aec4dd954d082e19'}, 'RMSE_season': {'value': 3.1930184818325213, 'run_id': '8688297975cb4871aec4dd954d082e19'}, 'R2_season': {'value': -2.6036666405674787, 'run_id': '8688297975cb4871aec4dd954d082e19'}, 'MBE_season': {'value': -2.9737612819960955, 'run_id': '8688297975cb4871aec4dd954d082e19'}}, 'XGBoost Bias Evaluation': {'MAE_hour': {'value': 2.9721400449927917, 'run_id': '9981765ec07d40ee98e58c6c06477f10'}, 'RMSE_hour': {'value': 3.2051083064446897, 'run_id': '9981765ec07d40ee98e58c6c06477f10'}, 'R2_hour': {'value': -2.364153923578925, 'run_id': '9981765ec07d40ee98e58c6c06477f10'}, 'MBE_hour': {'value': -2.9721400449927917, 'run_id': '9981765ec07d40ee98e58c6c06477f10'}, 'MAE_day_of_week': {'value': 2.9679979526239566, 'run_id': 'a7c8cca36b13473d8771b6eee9d6a52c'}, 'RMSE_day_of_week': {'value': 3.1986220223921533, 'run_id': 'a7c8cca36b13473d8771b6eee9d6a52c'}, 'R2_day_of_week': {'value': -2.3790688548504915, 'run_id': 'a7c8cca36b13473d8771b6eee9d6a52c'}, 'MBE_day_of_week': {'value': -2.9679979526239566, 'run_id': 'a7c8cca36b13473d8771b6eee9d6a52c'}, 'MAE_month': {'value': 2.9936597745301605, 'run_id': '3a3b85c8a3374438a6f0fbea2d6286d9'}, 'RMSE_month': {'value': 3.2063036810447954, 'run_id': '3a3b85c8a3374438a6f0fbea2d6286d9'}, 'R2_month': {'value': -2.832878012532703, 'run_id': '3a3b85c8a3374438a6f0fbea2d6286d9'}, 'MBE_month': {'value': -2.9936597745301605, 'run_id': '3a3b85c8a3374438a6f0fbea2d6286d9'}, 'MAE_season': {'value': 2.9848149587459485, 'run_id': '2c325269fa38425f9c3f11b7b7de9b7a'}, 'RMSE_season': {'value': 3.2027492902823216, 'run_id': '2c325269fa38425f9c3f11b7b7de9b7a'}, 'R2_season': {'value': -2.625456410163504, 'run_id': '2c325269fa38425f9c3f11b7b7de9b7a'}, 'MBE_season': {'value': -2.9848149587459485, 'run_id': '2c325269fa38425f9c3f11b7b7de9b7a'}}, 'Prophet Bias Evaluation': {'MAE_hour': {'value': 2.7252934294373596, 'run_id': 'd3254161b6fc464eb254422b4f389313'}, 'RMSE_hour': {'value': 3.20191529551535, 'run_id': 'd3254161b6fc464eb254422b4f389313'}, 'R2_hour': {'value': -2.353095203861961, 'run_id': 'd3254161b6fc464eb254422b4f389313'}, 'MBE_hour': {'value': -2.6803337940283924, 'run_id': 'd3254161b6fc464eb254422b4f389313'}, 'MAE_day_of_week': {'value': 2.719477559289718, 'run_id': 'a9995d5d5af248fc9f91dd3f2379105b'}, 'RMSE_day_of_week': {'value': 3.191822751072683, 'run_id': 'a9995d5d5af248fc9f91dd3f2379105b'}, 'R2_day_of_week': {'value': -2.356328493811646, 'run_id': 'a9995d5d5af248fc9f91dd3f2379105b'}, 'MBE_day_of_week': {'value': -2.674927265523778, 'run_id': 'a9995d5d5af248fc9f91dd3f2379105b'}, 'MAE_month': {'value': 2.7495677572619646, 'run_id': '33791687b0d94329ac6dae533ebfae1f'}, 'RMSE_month': {'value': 3.1945031681268294, 'run_id': '33791687b0d94329ac6dae533ebfae1f'}, 'R2_month': {'value': -2.824610375863656, 'run_id': '33791687b0d94329ac6dae533ebfae1f'}, 'MBE_month': {'value': -2.7069720911903157, 'run_id': '33791687b0d94329ac6dae533ebfae1f'}, 'MAE_season': {'value': 2.740922623067834, 'run_id': 'ca7ebd43b7124f7c808c914150a21076'}, 'RMSE_season': {'value': 3.1943040683593265, 'run_id': 'ca7ebd43b7124f7c808c914150a21076'}, 'R2_season': {'value': -2.620710515550439, 'run_id': 'ca7ebd43b7124f7c808c914150a21076'}, 'MBE_season': {'value': -2.6987266235677767, 'run_id': 'ca7ebd43b7124f7c808c914150a21076'}}}
[2024-11-12T19:03:02.839+0000] {logging_mixin.py:188} INFO - {'Random': 1.0013285295613887, 'XGBoost': 0.9685765167761742, 'Prophet': 4.997330810283877}
[2024-11-12T19:03:02.839+0000] {logging_mixin.py:188} INFO - Best Experiment: PM2.5 XGBoost Prediction
[2024-11-12T19:03:02.839+0000] {logging_mixin.py:188} INFO - Best Run ID: 7ad7210439364fa6acde92acdb7e02bd
[2024-11-12T19:03:02.839+0000] {logging_mixin.py:188} INFO - Best RMSE: 0.9685765167761742
[2024-11-12T19:03:02.839+0000] {python.py:237} INFO - Done. Returned value was: None
[2024-11-12T19:03:02.839+0000] {taskinstance.py:441} INFO - ::group::Post task execution logs
[2024-11-12T19:03:02.845+0000] {taskinstance.py:1206} INFO - Marking task as SUCCESS. dag_id=modeling_pipeline, task_id=Best_Model, run_id=manual__2024-11-12T18:56:48.444518+00:00, execution_date=20241112T185648, start_date=20241112T190302, end_date=20241112T190302
[2024-11-12T19:03:02.845+0000] {baseoperator.py:400} WARNING - EmailOperator.execute cannot be called outside TaskInstance!
[2024-11-12T19:03:02.849+0000] {warnings.py:112} WARNING - /home/***/.local/lib/python3.12/site-packages/***/utils/email.py:154: RemovedInAirflow3Warning: Fetching SMTP credentials from configuration variables will be deprecated in a future release. Please set credentials using a connection instead.
  send_mime_email(e_from=mail_from, e_to=recipients, mime_msg=msg, conn_id=conn_id, dryrun=dryrun)

[2024-11-12T19:03:02.849+0000] {email.py:271} INFO - Email alerting: attempt 1
[2024-11-12T19:03:03.336+0000] {email.py:282} INFO - Sent an alert email to ['anirudhak881@gmail.com']
[2024-11-12T19:03:05.427+0000] {local_task_job_runner.py:240} INFO - Task exited with return code 0
[2024-11-12T19:03:05.459+0000] {taskinstance.py:3503} INFO - 1 downstream tasks scheduled from follow-on schedule check
[2024-11-12T19:03:05.460+0000] {local_task_job_runner.py:222} INFO - ::endgroup::
