[2024-11-12T19:10:35.897+0000] {local_task_job_runner.py:120} INFO - ::group::Pre task execution logs
[2024-11-12T19:10:35.943+0000] {taskinstance.py:2076} INFO - Dependencies all met for dep_context=non-requeueable deps ti=<TaskInstance: modeling_pipeline.send_email_on_pipeline_completion manual__2024-11-12T19:03:51.570379+00:00 [queued]>
[2024-11-12T19:10:35.954+0000] {taskinstance.py:2076} INFO - Dependencies all met for dep_context=requeueable deps ti=<TaskInstance: modeling_pipeline.send_email_on_pipeline_completion manual__2024-11-12T19:03:51.570379+00:00 [queued]>
[2024-11-12T19:10:35.955+0000] {taskinstance.py:2306} INFO - Starting attempt 1 of 2
[2024-11-12T19:10:35.974+0000] {taskinstance.py:2330} INFO - Executing <Task(EmailOperator): send_email_on_pipeline_completion> on 2024-11-12 19:03:51.570379+00:00
[2024-11-12T19:10:36.035+0000] {warnings.py:112} WARNING - /home/***/.local/lib/python3.12/site-packages/***/task/task_runner/standard_task_runner.py:61: DeprecationWarning: This process (pid=723) is multi-threaded, use of fork() may lead to deadlocks in the child.
  pid = os.fork()

[2024-11-12T19:10:36.049+0000] {standard_task_runner.py:63} INFO - Started process 732 to run task
[2024-11-12T19:10:36.049+0000] {standard_task_runner.py:90} INFO - Running: ['***', 'tasks', 'run', 'modeling_pipeline', 'send_email_on_pipeline_completion', 'manual__2024-11-12T19:03:51.570379+00:00', '--job-id', '1171', '--raw', '--subdir', 'DAGS_FOLDER/dag_script_model.py', '--cfg-path', '/tmp/tmpr8v386gj']
[2024-11-12T19:10:36.068+0000] {standard_task_runner.py:91} INFO - Job 1171: Subtask send_email_on_pipeline_completion
[2024-11-12T19:10:36.155+0000] {task_command.py:426} INFO - Running <TaskInstance: modeling_pipeline.send_email_on_pipeline_completion manual__2024-11-12T19:03:51.570379+00:00 [running]> on host 9919a500f6fd
[2024-11-12T19:10:36.236+0000] {taskinstance.py:2648} INFO - Exporting env vars: AIRFLOW_CTX_DAG_OWNER='MLOPS' AIRFLOW_CTX_DAG_ID='modeling_pipeline' AIRFLOW_CTX_TASK_ID='send_email_on_pipeline_completion' AIRFLOW_CTX_EXECUTION_DATE='2024-11-12T19:03:51.570379+00:00' AIRFLOW_CTX_TRY_NUMBER='1' AIRFLOW_CTX_DAG_RUN_ID='manual__2024-11-12T19:03:51.570379+00:00'
[2024-11-12T19:10:36.237+0000] {taskinstance.py:430} INFO - ::endgroup::
[2024-11-12T19:10:36.256+0000] {warnings.py:112} WARNING - /home/***/.local/lib/python3.12/site-packages/***/utils/email.py:154: RemovedInAirflow3Warning: Fetching SMTP credentials from configuration variables will be deprecated in a future release. Please set credentials using a connection instead.
  send_mime_email(e_from=mail_from, e_to=recipients, mime_msg=msg, conn_id=conn_id, dryrun=dryrun)

[2024-11-12T19:10:36.256+0000] {email.py:271} INFO - Email alerting: attempt 1
[2024-11-12T19:10:36.733+0000] {email.py:282} INFO - Sent an alert email to ['anirudhak881@gmail.com']
[2024-11-12T19:10:37.504+0000] {taskinstance.py:441} INFO - ::group::Post task execution logs
[2024-11-12T19:10:37.541+0000] {taskinstance.py:1206} INFO - Marking task as SUCCESS. dag_id=modeling_pipeline, task_id=send_email_on_pipeline_completion, run_id=manual__2024-11-12T19:03:51.570379+00:00, execution_date=20241112T190351, start_date=20241112T191035, end_date=20241112T191037
[2024-11-12T19:10:37.603+0000] {local_task_job_runner.py:240} INFO - Task exited with return code 0
[2024-11-12T19:10:37.644+0000] {taskinstance.py:3503} INFO - 0 downstream tasks scheduled from follow-on schedule check
[2024-11-12T19:10:37.645+0000] {local_task_job_runner.py:222} INFO - ::endgroup::
