[2024-10-31T16:03:19.366+0000] {local_task_job_runner.py:120} INFO - ::group::Pre task execution logs
[2024-10-31T16:03:19.376+0000] {taskinstance.py:2076} INFO - Dependencies all met for dep_context=non-requeueable deps ti=<TaskInstance: datapipeline_new.check_schema_of_original_air_data manual__2024-10-31T16:02:09.261177+00:00 [queued]>
[2024-10-31T16:03:19.379+0000] {taskinstance.py:2076} INFO - Dependencies all met for dep_context=requeueable deps ti=<TaskInstance: datapipeline_new.check_schema_of_original_air_data manual__2024-10-31T16:02:09.261177+00:00 [queued]>
[2024-10-31T16:03:19.379+0000] {taskinstance.py:2306} INFO - Starting attempt 2 of 2
[2024-10-31T16:03:19.384+0000] {taskinstance.py:2330} INFO - Executing <Task(PythonOperator): check_schema_of_original_air_data> on 2024-10-31 16:02:09.261177+00:00
[2024-10-31T16:03:19.388+0000] {warnings.py:112} WARNING - /home/***/.local/lib/python3.12/site-packages/***/task/task_runner/standard_task_runner.py:61: DeprecationWarning: This process (pid=173) is multi-threaded, use of fork() may lead to deadlocks in the child.
  pid = os.fork()

[2024-10-31T16:03:19.388+0000] {standard_task_runner.py:63} INFO - Started process 182 to run task
[2024-10-31T16:03:19.389+0000] {standard_task_runner.py:90} INFO - Running: ['***', 'tasks', 'run', 'datapipeline_new', 'check_schema_of_original_air_data', 'manual__2024-10-31T16:02:09.261177+00:00', '--job-id', '97', '--raw', '--subdir', 'DAGS_FOLDER/dag_script.py', '--cfg-path', '/tmp/tmp6gb5zqxg']
[2024-10-31T16:03:19.390+0000] {standard_task_runner.py:91} INFO - Job 97: Subtask check_schema_of_original_air_data
[2024-10-31T16:03:19.594+0000] {task_command.py:426} INFO - Running <TaskInstance: datapipeline_new.check_schema_of_original_air_data manual__2024-10-31T16:02:09.261177+00:00 [running]> on host 8b35fed25b46
[2024-10-31T16:03:19.622+0000] {taskinstance.py:2648} INFO - Exporting env vars: AIRFLOW_CTX_DAG_OWNER='MLOPS' AIRFLOW_CTX_DAG_ID='datapipeline_new' AIRFLOW_CTX_TASK_ID='check_schema_of_original_air_data' AIRFLOW_CTX_EXECUTION_DATE='2024-10-31T16:02:09.261177+00:00' AIRFLOW_CTX_TRY_NUMBER='2' AIRFLOW_CTX_DAG_RUN_ID='manual__2024-10-31T16:02:09.261177+00:00'
[2024-10-31T16:03:19.622+0000] {taskinstance.py:430} INFO - ::endgroup::
[2024-10-31T16:03:19.627+0000] {check_schema_original_airpollution.py:34} INFO - Schema saved to /opt/***/custom_schema_original_dataset.json
[2024-10-31T16:03:19.628+0000] {taskinstance.py:441} INFO - ::group::Post task execution logs
[2024-10-31T16:03:19.628+0000] {taskinstance.py:2905} ERROR - Task failed with exception
Traceback (most recent call last):
  File "/home/airflow/.local/lib/python3.12/site-packages/airflow/models/taskinstance.py", line 465, in _execute_task
    result = _execute_callable(context=context, **execute_callable_kwargs)
             ^^^^^^^^^^^^^^^^^^^^^^^^^^^^^^^^^^^^^^^^^^^^^^^^^^^^^^^^^^^^^
  File "/home/airflow/.local/lib/python3.12/site-packages/airflow/models/taskinstance.py", line 432, in _execute_callable
    return execute_callable(context=context, **execute_callable_kwargs)
           ^^^^^^^^^^^^^^^^^^^^^^^^^^^^^^^^^^^^^^^^^^^^^^^^^^^^^^^^^^^^
  File "/home/airflow/.local/lib/python3.12/site-packages/airflow/models/baseoperator.py", line 401, in wrapper
    return func(self, *args, **kwargs)
           ^^^^^^^^^^^^^^^^^^^^^^^^^^^
  File "/home/airflow/.local/lib/python3.12/site-packages/airflow/operators/python.py", line 235, in execute
    return_value = self.execute_callable()
                   ^^^^^^^^^^^^^^^^^^^^^^^
  File "/home/airflow/.local/lib/python3.12/site-packages/airflow/operators/python.py", line 252, in execute_callable
    return self.python_callable(*self.op_args, **self.op_kwargs)
           ^^^^^^^^^^^^^^^^^^^^^^^^^^^^^^^^^^^^^^^^^^^^^^^^^^^^^
  File "/opt/airflow/dags/DataPreprocessing/src/Schema/check_schema_original_airpollution.py", line 74, in main_check_schema_original
    is_valid = load_and_validate_dataset(DATASET_FILE_PATH, SCHEMA_FILE_PATH)
               ^^^^^^^^^^^^^^^^^^^^^^^^^^^^^^^^^^^^^^^^^^^^^^^^^^^^^^^^^^^^^^
  File "/opt/airflow/dags/DataPreprocessing/src/Schema/check_schema_original_airpollution.py", line 56, in load_and_validate_dataset
    data = pd.read_pickle(file_path)
           ^^^^^^^^^^^^^^^^^^^^^^^^^
  File "/home/airflow/.local/lib/python3.12/site-packages/pandas/io/pickle.py", line 189, in read_pickle
    with get_handle(
         ^^^^^^^^^^^
  File "/home/airflow/.local/lib/python3.12/site-packages/pandas/io/common.py", line 872, in get_handle
    handle = open(handle, ioargs.mode)
             ^^^^^^^^^^^^^^^^^^^^^^^^^
FileNotFoundError: [Errno 2] No such file or directory: '/opt/airflow/DataPreprocessing/src/data_store_pkl_files/air_pollution.pkl'
[2024-10-31T16:03:19.632+0000] {taskinstance.py:1206} INFO - Marking task as FAILED. dag_id=datapipeline_new, task_id=check_schema_of_original_air_data, run_id=manual__2024-10-31T16:02:09.261177+00:00, execution_date=20241031T160209, start_date=20241031T160319, end_date=20241031T160319
[2024-10-31T16:03:19.637+0000] {standard_task_runner.py:110} ERROR - Failed to execute job 97 for task check_schema_of_original_air_data ([Errno 2] No such file or directory: '/opt/airflow/DataPreprocessing/src/data_store_pkl_files/air_pollution.pkl'; 182)
[2024-10-31T16:03:19.655+0000] {local_task_job_runner.py:240} INFO - Task exited with return code 1
[2024-10-31T16:03:19.749+0000] {taskinstance.py:3503} INFO - 0 downstream tasks scheduled from follow-on schedule check
[2024-10-31T16:03:19.751+0000] {local_task_job_runner.py:222} INFO - ::endgroup::
