[2024-11-11T20:03:26.495+0000] {local_task_job_runner.py:120} INFO - ::group::Pre task execution logs
[2024-11-11T20:03:26.506+0000] {taskinstance.py:2076} INFO - Dependencies all met for dep_context=non-requeueable deps ti=<TaskInstance: modeling_pipeline.Prophet_model manual__2024-11-11T20:03:23.758985+00:00 [queued]>
[2024-11-11T20:03:26.509+0000] {taskinstance.py:2076} INFO - Dependencies all met for dep_context=requeueable deps ti=<TaskInstance: modeling_pipeline.Prophet_model manual__2024-11-11T20:03:23.758985+00:00 [queued]>
[2024-11-11T20:03:26.509+0000] {taskinstance.py:2306} INFO - Starting attempt 1 of 2
[2024-11-11T20:03:26.514+0000] {taskinstance.py:2330} INFO - Executing <Task(PythonOperator): Prophet_model> on 2024-11-11 20:03:23.758985+00:00
[2024-11-11T20:03:26.522+0000] {warnings.py:112} WARNING - /home/***/.local/lib/python3.12/site-packages/***/task/task_runner/standard_task_runner.py:61: DeprecationWarning: This process (pid=79) is multi-threaded, use of fork() may lead to deadlocks in the child.
  pid = os.fork()

[2024-11-11T20:03:26.523+0000] {standard_task_runner.py:63} INFO - Started process 88 to run task
[2024-11-11T20:03:26.523+0000] {standard_task_runner.py:90} INFO - Running: ['***', 'tasks', 'run', 'modeling_pipeline', 'Prophet_model', 'manual__2024-11-11T20:03:23.758985+00:00', '--job-id', '951', '--raw', '--subdir', 'DAGS_FOLDER/dag_script_model.py', '--cfg-path', '/tmp/tmpenjv4uuw']
[2024-11-11T20:03:26.525+0000] {standard_task_runner.py:91} INFO - Job 951: Subtask Prophet_model
[2024-11-11T20:03:26.543+0000] {task_command.py:426} INFO - Running <TaskInstance: modeling_pipeline.Prophet_model manual__2024-11-11T20:03:23.758985+00:00 [running]> on host 5039cd089413
[2024-11-11T20:03:26.578+0000] {taskinstance.py:2648} INFO - Exporting env vars: AIRFLOW_CTX_DAG_OWNER='MLOPS' AIRFLOW_CTX_DAG_ID='modeling_pipeline' AIRFLOW_CTX_TASK_ID='Prophet_model' AIRFLOW_CTX_EXECUTION_DATE='2024-11-11T20:03:23.758985+00:00' AIRFLOW_CTX_TRY_NUMBER='1' AIRFLOW_CTX_DAG_RUN_ID='manual__2024-11-11T20:03:23.758985+00:00'
[2024-11-11T20:03:26.579+0000] {taskinstance.py:430} INFO - ::endgroup::
[2024-11-11T20:03:26.603+0000] {logging_mixin.py:188} INFO - /opt/***
[2024-11-11T20:03:26.611+0000] {logging_mixin.py:188} INFO - Data loaded from /opt/***/dags/DataPreprocessing/src/data_store_pkl_files/test_data/no_anamoly_test_data.pkl.
[2024-11-11T20:03:26.614+0000] {logging_mixin.py:188} INFO - Original Skewness: 0.5082849280995185
[2024-11-11T20:03:26.615+0000] {logging_mixin.py:188} INFO - Log Transformed Skewness: -0.38788987353405835
[2024-11-11T20:03:26.625+0000] {logging_mixin.py:188} INFO - Box-Cox Transformed Skewness: 0.011851083745351043
[2024-11-11T20:03:26.626+0000] {logging_mixin.py:188} INFO - Choosing Box-Cox transformed column.
[2024-11-11T20:03:26.632+0000] {logging_mixin.py:188} INFO - Feature engineering completed and NaN values dropped.
[2024-11-11T20:03:26.661+0000] {logging_mixin.py:188} WARNING - 2024/11/11 20:03:26 WARNING mlflow.utils.git_utils: Failed to import Git (the Git executable is probably not on your PATH), so Git SHA is not available. Error: Failed to initialize: Bad git executable.
The git executable must be specified in one of the following ways:
    - be included in your $PATH
    - be set via $GIT_PYTHON_GIT_EXECUTABLE
    - explicitly set via git.refresh(<full-path-to-git-executable>)

All git commands will error until this is rectified.

This initial message can be silenced or aggravated in the future by setting the
$GIT_PYTHON_REFRESH environment variable. Use one of the following values:
    - quiet|q|silence|s|silent|none|n|0: for no message or exception
    - warn|w|warning|log|l|1: for a warning message (logging level CRITICAL, displayed by default)
    - error|e|exception|raise|r|2: for a raised exception

Example:
    export GIT_PYTHON_REFRESH=quiet
[2024-11-11T20:03:26.709+0000] {forecaster.py:961} INFO - Disabling yearly seasonality. Run prophet with yearly_seasonality=True to override this.
[2024-11-11T20:03:26.751+0000] {filesystem.py:118} DEBUG - input tempfile: /tmp/tmpliyrlmfn/ihodnopf.json
[2024-11-11T20:03:27.459+0000] {filesystem.py:118} DEBUG - input tempfile: /tmp/tmpliyrlmfn/u2paa_xl.json
[2024-11-11T20:03:27.461+0000] {model.py:2042} DEBUG - idx 0
[2024-11-11T20:03:27.462+0000] {model.py:2043} DEBUG - running CmdStan, num_threads: None
[2024-11-11T20:03:27.462+0000] {model.py:2055} DEBUG - CmdStan args: ['/home/***/.local/lib/python3.12/site-packages/prophet/stan_model/prophet_model.bin', 'random', 'seed=4075', 'data', 'file=/tmp/tmpliyrlmfn/ihodnopf.json', 'init=/tmp/tmpliyrlmfn/u2paa_xl.json', 'output', 'file=/tmp/tmpliyrlmfn/prophet_model995_1fe8/prophet_model-20241111200327.csv', 'method=optimize', 'algorithm=lbfgs', 'iter=10000']
[2024-11-11T20:03:27.462+0000] {logging_mixin.py:188} WARNING - 20:03:27 - cmdstanpy - INFO - Chain [1] start processing
[2024-11-11T20:03:27.462+0000] {model.py:2058} INFO - Chain [1] start processing
[2024-11-11T20:03:30.336+0000] {logging_mixin.py:188} WARNING - 20:03:30 - cmdstanpy - INFO - Chain [1] done processing
[2024-11-11T20:03:30.335+0000] {model.py:2115} INFO - Chain [1] done processing
[2024-11-11T20:03:34.494+0000] {logging_mixin.py:188} WARNING - Downloading artifacts:   0%|          | 0/7 [00:00<?, ?it/s]
[2024-11-11T20:03:34.495+0000] {logging_mixin.py:188} WARNING - Downloading artifacts:  14%|#4        | 1/7 [00:00<00:00, 7013.89it/s]
[2024-11-11T20:03:34.496+0000] {logging_mixin.py:188} WARNING - Downloading artifacts:  29%|##8       | 2/7 [00:00<00:00, 4062.28it/s]
[2024-11-11T20:03:34.496+0000] {logging_mixin.py:188} WARNING - Downloading artifacts:  43%|####2     | 3/7 [00:00<00:00, 3937.08it/s]
[2024-11-11T20:03:34.496+0000] {logging_mixin.py:188} WARNING - Downloading artifacts:  57%|#####7    | 4/7 [00:00<00:00, 3480.03it/s]
[2024-11-11T20:03:34.497+0000] {logging_mixin.py:188} WARNING - Downloading artifacts:  71%|#######1  | 5/7 [00:00<00:00, 3726.95it/s]
[2024-11-11T20:03:34.497+0000] {logging_mixin.py:188} WARNING - Downloading artifacts:  86%|########5 | 6/7 [00:00<00:00, 4012.41it/s]
[2024-11-11T20:03:34.497+0000] {logging_mixin.py:188} WARNING - Downloading artifacts: 100%|##########| 7/7 [00:00<00:00, 4268.70it/s]
[2024-11-11T20:03:34.497+0000] {logging_mixin.py:188} WARNING - Downloading artifacts: 100%|##########| 7/7 [00:00<00:00, 3896.50it/s]
[2024-11-11T20:03:39.540+0000] {warnings.py:112} WARNING - /home/***/.local/lib/python3.12/site-packages/sklearn/metrics/_regression.py:492: FutureWarning: 'squared' is deprecated in version 1.4 and will be removed in 1.6. To calculate the root mean squared error, use the function'root_mean_squared_error'.
  warnings.warn(

[2024-11-11T20:03:39.551+0000] {logging_mixin.py:188} INFO - RMSE (Original PM2.5 target): 4.997330810283877
[2024-11-11T20:03:39.578+0000] {taskinstance.py:441} INFO - ::group::Post task execution logs
[2024-11-11T20:03:39.580+0000] {taskinstance.py:2905} ERROR - Task failed with exception
Traceback (most recent call last):
  File "/home/airflow/.local/lib/python3.12/site-packages/airflow/models/taskinstance.py", line 465, in _execute_task
    result = _execute_callable(context=context, **execute_callable_kwargs)
             ^^^^^^^^^^^^^^^^^^^^^^^^^^^^^^^^^^^^^^^^^^^^^^^^^^^^^^^^^^^^^
  File "/home/airflow/.local/lib/python3.12/site-packages/airflow/models/taskinstance.py", line 432, in _execute_callable
    return execute_callable(context=context, **execute_callable_kwargs)
           ^^^^^^^^^^^^^^^^^^^^^^^^^^^^^^^^^^^^^^^^^^^^^^^^^^^^^^^^^^^^
  File "/home/airflow/.local/lib/python3.12/site-packages/airflow/models/baseoperator.py", line 401, in wrapper
    return func(self, *args, **kwargs)
           ^^^^^^^^^^^^^^^^^^^^^^^^^^^
  File "/home/airflow/.local/lib/python3.12/site-packages/airflow/operators/python.py", line 235, in execute
    return_value = self.execute_callable()
                   ^^^^^^^^^^^^^^^^^^^^^^^
  File "/home/airflow/.local/lib/python3.12/site-packages/airflow/operators/python.py", line 252, in execute_callable
    return self.python_callable(*self.op_args, **self.op_kwargs)
           ^^^^^^^^^^^^^^^^^^^^^^^^^^^^^^^^^^^^^^^^^^^^^^^^^^^^^
  File "/opt/airflow/dags/ModelDevelopment/Prophet.py", line 188, in main
    prophet_model.shap_analysis()
  File "/opt/airflow/dags/ModelDevelopment/Prophet.py", line 73, in shap_analysis
    shap_values = explainer(shap_data)
                  ^^^^^^^^^^^^^^^^^^^^
  File "/home/airflow/.local/lib/python3.12/site-packages/shap/explainers/_exact.py", line 75, in __call__
    return super().__call__(
           ^^^^^^^^^^^^^^^^^
  File "/home/airflow/.local/lib/python3.12/site-packages/shap/explainers/_explainer.py", line 266, in __call__
    row_result = self.explain_row(
                 ^^^^^^^^^^^^^^^^^
  File "/home/airflow/.local/lib/python3.12/site-packages/shap/explainers/_exact.py", line 88, in explain_row
    fm = MaskedModel(self.model, self.masker, self.link, self.linearize_link, *row_args)
         ^^^^^^^^^^^^^^^^^^^^^^^^^^^^^^^^^^^^^^^^^^^^^^^^^^^^^^^^^^^^^^^^^^^^^^^^^^^^^^^
  File "/home/airflow/.local/lib/python3.12/site-packages/shap/utils/_masked_model.py", line 31, in __init__
    self._variants = ~self.masker.invariants(*args)
                      ^^^^^^^^^^^^^^^^^^^^^^^^^^^^^
  File "/home/airflow/.local/lib/python3.12/site-packages/shap/maskers/_tabular.py", line 150, in invariants
    return np.isclose(x, self.data)
           ^^^^^^^^^^^^^^^^^^^^^^^^
  File "/home/airflow/.local/lib/python3.12/site-packages/numpy/core/numeric.py", line 2348, in isclose
    xfin = isfinite(x)
           ^^^^^^^^^^^
TypeError: ufunc 'isfinite' not supported for the input types, and the inputs could not be safely coerced to any supported types according to the casting rule ''safe''
[2024-11-11T20:03:39.619+0000] {taskinstance.py:1206} INFO - Marking task as UP_FOR_RETRY. dag_id=modeling_pipeline, task_id=Prophet_model, run_id=manual__2024-11-11T20:03:23.758985+00:00, execution_date=20241111T200323, start_date=20241111T200326, end_date=20241111T200339
[2024-11-11T20:03:39.646+0000] {standard_task_runner.py:110} ERROR - Failed to execute job 951 for task Prophet_model (ufunc 'isfinite' not supported for the input types, and the inputs could not be safely coerced to any supported types according to the casting rule ''safe''; 88)
[2024-11-11T20:03:39.698+0000] {local_task_job_runner.py:240} INFO - Task exited with return code 1
[2024-11-11T20:03:39.748+0000] {taskinstance.py:3503} INFO - 0 downstream tasks scheduled from follow-on schedule check
[2024-11-11T20:03:39.749+0000] {local_task_job_runner.py:222} INFO - ::endgroup::
