[2024-11-12T18:56:53.182+0000] {local_task_job_runner.py:120} INFO - ::group::Pre task execution logs
[2024-11-12T18:56:53.196+0000] {taskinstance.py:2076} INFO - Dependencies all met for dep_context=non-requeueable deps ti=<TaskInstance: modeling_pipeline.Prophet_model_training manual__2024-11-12T18:56:48.444518+00:00 [queued]>
[2024-11-12T18:56:53.199+0000] {taskinstance.py:2076} INFO - Dependencies all met for dep_context=requeueable deps ti=<TaskInstance: modeling_pipeline.Prophet_model_training manual__2024-11-12T18:56:48.444518+00:00 [queued]>
[2024-11-12T18:56:53.200+0000] {taskinstance.py:2306} INFO - Starting attempt 1 of 2
[2024-11-12T18:56:53.205+0000] {taskinstance.py:2330} INFO - Executing <Task(PythonOperator): Prophet_model_training> on 2024-11-12 18:56:48.444518+00:00
[2024-11-12T18:56:53.227+0000] {warnings.py:112} WARNING - /home/***/.local/lib/python3.12/site-packages/***/task/task_runner/standard_task_runner.py:61: DeprecationWarning: This process (pid=86) is multi-threaded, use of fork() may lead to deadlocks in the child.
  pid = os.fork()

[2024-11-12T18:56:53.229+0000] {standard_task_runner.py:63} INFO - Started process 113 to run task
[2024-11-12T18:56:53.232+0000] {standard_task_runner.py:90} INFO - Running: ['***', 'tasks', 'run', 'modeling_pipeline', 'Prophet_model_training', 'manual__2024-11-12T18:56:48.444518+00:00', '--job-id', '1155', '--raw', '--subdir', 'DAGS_FOLDER/dag_script_model.py', '--cfg-path', '/tmp/tmp2itzqerd']
[2024-11-12T18:56:53.234+0000] {standard_task_runner.py:91} INFO - Job 1155: Subtask Prophet_model_training
[2024-11-12T18:56:53.259+0000] {task_command.py:426} INFO - Running <TaskInstance: modeling_pipeline.Prophet_model_training manual__2024-11-12T18:56:48.444518+00:00 [running]> on host 9919a500f6fd
[2024-11-12T18:56:53.321+0000] {taskinstance.py:2648} INFO - Exporting env vars: AIRFLOW_CTX_DAG_OWNER='MLOPS' AIRFLOW_CTX_DAG_ID='modeling_pipeline' AIRFLOW_CTX_TASK_ID='Prophet_model_training' AIRFLOW_CTX_EXECUTION_DATE='2024-11-12T18:56:48.444518+00:00' AIRFLOW_CTX_TRY_NUMBER='1' AIRFLOW_CTX_DAG_RUN_ID='manual__2024-11-12T18:56:48.444518+00:00'
[2024-11-12T18:56:53.323+0000] {taskinstance.py:430} INFO - ::endgroup::
[2024-11-12T18:56:53.348+0000] {logging_mixin.py:188} INFO - /opt/***
[2024-11-12T18:56:53.403+0000] {logging_mixin.py:188} WARNING - 2024/11/12 18:56:53 WARNING mlflow.utils.git_utils: Failed to import Git (the Git executable is probably not on your PATH), so Git SHA is not available. Error: Failed to initialize: Bad git executable.
The git executable must be specified in one of the following ways:
    - be included in your $PATH
    - be set via $GIT_PYTHON_GIT_EXECUTABLE
    - explicitly set via git.refresh(<full-path-to-git-executable>)

All git commands will error until this is rectified.

This initial message can be silenced or aggravated in the future by setting the
$GIT_PYTHON_REFRESH environment variable. Use one of the following values:
    - quiet|q|silence|s|silent|none|n|0: for no message or exception
    - warn|w|warning|log|l|1: for a warning message (logging level CRITICAL, displayed by default)
    - error|e|exception|raise|r|2: for a raised exception

Example:
    export GIT_PYTHON_REFRESH=quiet
[2024-11-12T18:56:53.503+0000] {forecaster.py:961} INFO - Disabling yearly seasonality. Run prophet with yearly_seasonality=True to override this.
[2024-11-12T18:56:53.548+0000] {filesystem.py:118} DEBUG - input tempfile: /tmp/tmp1r4t_5kj/rzeaeb7c.json
[2024-11-12T18:56:54.361+0000] {filesystem.py:118} DEBUG - input tempfile: /tmp/tmp1r4t_5kj/rieww7en.json
[2024-11-12T18:56:54.364+0000] {model.py:2042} DEBUG - idx 0
[2024-11-12T18:56:54.364+0000] {model.py:2043} DEBUG - running CmdStan, num_threads: None
[2024-11-12T18:56:54.364+0000] {model.py:2055} DEBUG - CmdStan args: ['/home/***/.local/lib/python3.12/site-packages/prophet/stan_model/prophet_model.bin', 'random', 'seed=78325', 'data', 'file=/tmp/tmp1r4t_5kj/rzeaeb7c.json', 'init=/tmp/tmp1r4t_5kj/rieww7en.json', 'output', 'file=/tmp/tmp1r4t_5kj/prophet_modelwb7m6291/prophet_model-20241112185654.csv', 'method=optimize', 'algorithm=lbfgs', 'iter=10000']
[2024-11-12T18:56:54.365+0000] {logging_mixin.py:188} WARNING - 18:56:54 - cmdstanpy - INFO - Chain [1] start processing
[2024-11-12T18:56:54.365+0000] {model.py:2058} INFO - Chain [1] start processing
[2024-11-12T18:56:57.393+0000] {logging_mixin.py:188} WARNING - 18:56:57 - cmdstanpy - INFO - Chain [1] done processing
[2024-11-12T18:56:57.393+0000] {model.py:2115} INFO - Chain [1] done processing
[2024-11-12T18:57:01.162+0000] {logging_mixin.py:188} WARNING - Downloading artifacts:   0%|          | 0/7 [00:00<?, ?it/s]
[2024-11-12T18:57:01.164+0000] {logging_mixin.py:188} WARNING - Downloading artifacts:  14%|#4        | 1/7 [00:00<00:00, 1975.65it/s]
[2024-11-12T18:57:01.165+0000] {logging_mixin.py:188} WARNING - Downloading artifacts:  29%|##8       | 2/7 [00:00<00:00, 1253.53it/s]
[2024-11-12T18:57:01.165+0000] {logging_mixin.py:188} WARNING - Downloading artifacts:  43%|####2     | 3/7 [00:00<00:00, 1456.86it/s]
[2024-11-12T18:57:01.166+0000] {logging_mixin.py:188} WARNING - Downloading artifacts:  57%|#####7    | 4/7 [00:00<00:00, 1511.19it/s]
[2024-11-12T18:57:01.166+0000] {logging_mixin.py:188} WARNING - Downloading artifacts:  71%|#######1  | 5/7 [00:00<00:00, 1641.86it/s]
[2024-11-12T18:57:01.167+0000] {logging_mixin.py:188} WARNING - Downloading artifacts:  86%|########5 | 6/7 [00:00<00:00, 1689.66it/s]
[2024-11-12T18:57:01.167+0000] {logging_mixin.py:188} WARNING - Downloading artifacts: 100%|##########| 7/7 [00:00<00:00, 1804.67it/s]
[2024-11-12T18:57:01.167+0000] {logging_mixin.py:188} WARNING - Downloading artifacts: 100%|##########| 7/7 [00:00<00:00, 1639.96it/s]
[2024-11-12T18:57:01.258+0000] {logging_mixin.py:188} INFO - Model saved at /opt/***/dags/weights/prophet_pm25_model.pth
[2024-11-12T18:57:01.260+0000] {python.py:237} INFO - Done. Returned value was: None
[2024-11-12T18:57:01.261+0000] {taskinstance.py:441} INFO - ::group::Post task execution logs
[2024-11-12T18:57:01.270+0000] {taskinstance.py:1206} INFO - Marking task as SUCCESS. dag_id=modeling_pipeline, task_id=Prophet_model_training, run_id=manual__2024-11-12T18:56:48.444518+00:00, execution_date=20241112T185648, start_date=20241112T185653, end_date=20241112T185701
[2024-11-12T18:57:01.325+0000] {local_task_job_runner.py:240} INFO - Task exited with return code 0
[2024-11-12T18:57:01.347+0000] {taskinstance.py:3503} INFO - 1 downstream tasks scheduled from follow-on schedule check
[2024-11-12T18:57:01.349+0000] {local_task_job_runner.py:222} INFO - ::endgroup::
