[2024-11-12T09:09:31.247+0000] {local_task_job_runner.py:120} INFO - ::group::Pre task execution logs
[2024-11-12T09:09:31.264+0000] {taskinstance.py:2076} INFO - Dependencies all met for dep_context=non-requeueable deps ti=<TaskInstance: modeling_pipeline.Best_Model manual__2024-11-12T09:08:09.992486+00:00 [queued]>
[2024-11-12T09:09:31.269+0000] {taskinstance.py:2076} INFO - Dependencies all met for dep_context=requeueable deps ti=<TaskInstance: modeling_pipeline.Best_Model manual__2024-11-12T09:08:09.992486+00:00 [queued]>
[2024-11-12T09:09:31.269+0000] {taskinstance.py:2306} INFO - Starting attempt 1 of 2
[2024-11-12T09:09:31.276+0000] {taskinstance.py:2330} INFO - Executing <Task(PythonOperator): Best_Model> on 2024-11-12 09:08:09.992486+00:00
[2024-11-12T09:09:31.287+0000] {warnings.py:112} WARNING - /home/***/.local/lib/python3.12/site-packages/***/task/task_runner/standard_task_runner.py:61: DeprecationWarning: This process (pid=1826) is multi-threaded, use of fork() may lead to deadlocks in the child.
  pid = os.fork()

[2024-11-12T09:09:31.288+0000] {standard_task_runner.py:63} INFO - Started process 1835 to run task
[2024-11-12T09:09:31.289+0000] {standard_task_runner.py:90} INFO - Running: ['***', 'tasks', 'run', 'modeling_pipeline', 'Best_Model', 'manual__2024-11-12T09:08:09.992486+00:00', '--job-id', '1143', '--raw', '--subdir', 'DAGS_FOLDER/dag_script_model.py', '--cfg-path', '/tmp/tmpmsxdjzwk']
[2024-11-12T09:09:31.292+0000] {standard_task_runner.py:91} INFO - Job 1143: Subtask Best_Model
[2024-11-12T09:09:31.322+0000] {task_command.py:426} INFO - Running <TaskInstance: modeling_pipeline.Best_Model manual__2024-11-12T09:08:09.992486+00:00 [running]> on host 9919a500f6fd
[2024-11-12T09:09:31.365+0000] {taskinstance.py:2648} INFO - Exporting env vars: AIRFLOW_CTX_DAG_OWNER='MLOPS' AIRFLOW_CTX_DAG_ID='modeling_pipeline' AIRFLOW_CTX_TASK_ID='Best_Model' AIRFLOW_CTX_EXECUTION_DATE='2024-11-12T09:08:09.992486+00:00' AIRFLOW_CTX_TRY_NUMBER='1' AIRFLOW_CTX_DAG_RUN_ID='manual__2024-11-12T09:08:09.992486+00:00'
[2024-11-12T09:09:31.366+0000] {taskinstance.py:430} INFO - ::endgroup::
[2024-11-12T09:09:31.382+0000] {logging_mixin.py:188} INFO - Experiment 'PM2.5 Random Forest' not found.
[2024-11-12T09:09:31.412+0000] {logging_mixin.py:188} INFO - Experiment 'PM2.5 Prophet' not found.
[2024-11-12T09:09:31.428+0000] {logging_mixin.py:188} INFO - Best model found in experiment 'PM2.5 XGBoost Prediction' with run ID 'c94faa7897bf47b2953265f132cec654'
[2024-11-12T09:09:31.430+0000] {logging_mixin.py:188} INFO - Validation RMSE: 0.9685765167761742
[2024-11-12T09:09:31.588+0000] {logging_mixin.py:188} INFO - XGBoost - RMSE: 0.9685765167761742, Bias Score: 0, Combined Score: 0.4842882583880871
[2024-11-12T09:09:31.588+0000] {logging_mixin.py:188} INFO - 
Best model selected: XGBoost with combined score: 0.4842882583880871
[2024-11-12T09:09:31.590+0000] {logging_mixin.py:188} INFO - XGBoost
[2024-11-12T09:09:31.591+0000] {logging_mixin.py:188} INFO - 0.4842882583880871
[2024-11-12T09:09:31.591+0000] {logging_mixin.py:188} INFO - {'Random Forest Bias Evaluation': {'MAE_hour': {'value': 2.9610290853843124, 'run_id': 'fb3ea9bac1e440d9b109b1341ee41ae7'}, 'RMSE_hour': {'value': 3.195404253006283, 'run_id': 'fb3ea9bac1e440d9b109b1341ee41ae7'}, 'R2_hour': {'value': -2.34375528936878, 'run_id': 'fb3ea9bac1e440d9b109b1341ee41ae7'}, 'MBE_hour': {'value': -2.9610290853843124, 'run_id': 'fb3ea9bac1e440d9b109b1341ee41ae7'}, 'MAE_day_of_week': {'value': 2.9568912044769857, 'run_id': 'ef525bedd9b745668be9890f02100e98'}, 'RMSE_day_of_week': {'value': 3.1889222124874808, 'run_id': 'ef525bedd9b745668be9890f02100e98'}, 'R2_day_of_week': {'value': -2.358543111373094, 'run_id': 'ef525bedd9b745668be9890f02100e98'}, 'MBE_day_of_week': {'value': -2.9568912044769857, 'run_id': 'ef525bedd9b745668be9890f02100e98'}, 'MAE_month': {'value': 2.9826161823334627, 'run_id': 'e1e4361c269643fea944cc35bbce2501'}, 'RMSE_month': {'value': 3.1965584346530687, 'run_id': 'e1e4361c269643fea944cc35bbce2501'}, 'R2_month': {'value': -2.8100430436792156, 'run_id': 'e1e4361c269643fea944cc35bbce2501'}, 'MBE_month': {'value': -2.9826161823334627, 'run_id': 'e1e4361c269643fea944cc35bbce2501'}, 'MAE_season': {'value': 2.9737612819960955, 'run_id': 'e47af9dc936245e4a86c284ee2ff8211'}, 'RMSE_season': {'value': 3.1930184818325213, 'run_id': 'e47af9dc936245e4a86c284ee2ff8211'}, 'R2_season': {'value': -2.6036666405674787, 'run_id': 'e47af9dc936245e4a86c284ee2ff8211'}, 'MBE_season': {'value': -2.9737612819960955, 'run_id': 'e47af9dc936245e4a86c284ee2ff8211'}}, 'XGBoost Bias Evaluation': {'MAE_hour': {'value': 2.9721400449927917, 'run_id': '620e335816414fedb240c0cca4123854'}, 'RMSE_hour': {'value': 3.2051083064446897, 'run_id': '620e335816414fedb240c0cca4123854'}, 'R2_hour': {'value': -2.364153923578925, 'run_id': '620e335816414fedb240c0cca4123854'}, 'MBE_hour': {'value': -2.9721400449927917, 'run_id': '620e335816414fedb240c0cca4123854'}, 'MAE_day_of_week': {'value': 2.9679979526239566, 'run_id': '97ddde74e64a461eb7a80ba1e103eec7'}, 'RMSE_day_of_week': {'value': 3.1986220223921533, 'run_id': '97ddde74e64a461eb7a80ba1e103eec7'}, 'R2_day_of_week': {'value': -2.3790688548504915, 'run_id': '97ddde74e64a461eb7a80ba1e103eec7'}, 'MBE_day_of_week': {'value': -2.9679979526239566, 'run_id': '97ddde74e64a461eb7a80ba1e103eec7'}, 'MAE_month': {'value': 2.9936597745301605, 'run_id': '96e043c0bda445ae8ac7d888773f1ed7'}, 'RMSE_month': {'value': 3.2063036810447954, 'run_id': '96e043c0bda445ae8ac7d888773f1ed7'}, 'R2_month': {'value': -2.832878012532703, 'run_id': '96e043c0bda445ae8ac7d888773f1ed7'}, 'MBE_month': {'value': -2.9936597745301605, 'run_id': '96e043c0bda445ae8ac7d888773f1ed7'}, 'MAE_season': {'value': 2.9848149587459485, 'run_id': '5dd29ff4b4d942bd81b717915f3ec809'}, 'RMSE_season': {'value': 3.2027492902823216, 'run_id': '5dd29ff4b4d942bd81b717915f3ec809'}, 'R2_season': {'value': -2.625456410163504, 'run_id': '5dd29ff4b4d942bd81b717915f3ec809'}, 'MBE_season': {'value': -2.9848149587459485, 'run_id': '5dd29ff4b4d942bd81b717915f3ec809'}}, 'Prophet Bias Evaluation': {'MAE_hour': {'value': 2.7252934294373596, 'run_id': '5d289fcd013640e49b04065bca04da34'}, 'RMSE_hour': {'value': 3.20191529551535, 'run_id': '5d289fcd013640e49b04065bca04da34'}, 'R2_hour': {'value': -2.353095203861961, 'run_id': '5d289fcd013640e49b04065bca04da34'}, 'MBE_hour': {'value': -2.6803337940283924, 'run_id': '5d289fcd013640e49b04065bca04da34'}, 'MAE_day_of_week': {'value': 2.719477559289718, 'run_id': '4b6b3b8b5c144870a2f7483ec5aaaece'}, 'RMSE_day_of_week': {'value': 3.191822751072683, 'run_id': '4b6b3b8b5c144870a2f7483ec5aaaece'}, 'R2_day_of_week': {'value': -2.356328493811646, 'run_id': '4b6b3b8b5c144870a2f7483ec5aaaece'}, 'MBE_day_of_week': {'value': -2.674927265523778, 'run_id': '4b6b3b8b5c144870a2f7483ec5aaaece'}, 'MAE_month': {'value': 2.7495677572619646, 'run_id': '3f60e40502ea4df88f6dcb52f603312e'}, 'RMSE_month': {'value': 3.1945031681268294, 'run_id': '3f60e40502ea4df88f6dcb52f603312e'}, 'R2_month': {'value': -2.824610375863656, 'run_id': '3f60e40502ea4df88f6dcb52f603312e'}, 'MBE_month': {'value': -2.7069720911903157, 'run_id': '3f60e40502ea4df88f6dcb52f603312e'}, 'MAE_season': {'value': 2.740922623067834, 'run_id': 'a9db21b5643e4fdba61dc070a3e3a69e'}, 'RMSE_season': {'value': 3.1943040683593265, 'run_id': 'a9db21b5643e4fdba61dc070a3e3a69e'}, 'R2_season': {'value': -2.620710515550439, 'run_id': 'a9db21b5643e4fdba61dc070a3e3a69e'}, 'MBE_season': {'value': -2.6987266235677767, 'run_id': 'a9db21b5643e4fdba61dc070a3e3a69e'}}}
[2024-11-12T09:09:31.591+0000] {logging_mixin.py:188} INFO - {'Random': None, 'XGBoost': 0.9685765167761742, 'Prophet': None}
[2024-11-12T09:09:31.591+0000] {logging_mixin.py:188} INFO - Best Experiment: PM2.5 XGBoost Prediction
[2024-11-12T09:09:31.591+0000] {logging_mixin.py:188} INFO - Best Run ID: c94faa7897bf47b2953265f132cec654
[2024-11-12T09:09:31.591+0000] {logging_mixin.py:188} INFO - Best RMSE: 0.9685765167761742
[2024-11-12T09:09:31.591+0000] {python.py:237} INFO - Done. Returned value was: None
[2024-11-12T09:09:31.592+0000] {taskinstance.py:441} INFO - ::group::Post task execution logs
[2024-11-12T09:09:31.600+0000] {taskinstance.py:1206} INFO - Marking task as SUCCESS. dag_id=modeling_pipeline, task_id=Best_Model, run_id=manual__2024-11-12T09:08:09.992486+00:00, execution_date=20241112T090809, start_date=20241112T090931, end_date=20241112T090931
[2024-11-12T09:09:31.638+0000] {local_task_job_runner.py:240} INFO - Task exited with return code 0
[2024-11-12T09:09:31.650+0000] {taskinstance.py:3503} INFO - 0 downstream tasks scheduled from follow-on schedule check
[2024-11-12T09:09:31.651+0000] {local_task_job_runner.py:222} INFO - ::endgroup::
