[2024-11-11T01:27:13.787+0000] {local_task_job_runner.py:120} INFO - ::group::Pre task execution logs
[2024-11-11T01:27:13.800+0000] {taskinstance.py:2076} INFO - Dependencies all met for dep_context=non-requeueable deps ti=<TaskInstance: modeling_pipeline.Prophet_model manual__2024-11-11T01:27:11.105048+00:00 [queued]>
[2024-11-11T01:27:13.803+0000] {taskinstance.py:2076} INFO - Dependencies all met for dep_context=requeueable deps ti=<TaskInstance: modeling_pipeline.Prophet_model manual__2024-11-11T01:27:11.105048+00:00 [queued]>
[2024-11-11T01:27:13.803+0000] {taskinstance.py:2306} INFO - Starting attempt 1 of 2
[2024-11-11T01:27:13.810+0000] {taskinstance.py:2330} INFO - Executing <Task(PythonOperator): Prophet_model> on 2024-11-11 01:27:11.105048+00:00
[2024-11-11T01:27:13.818+0000] {warnings.py:112} WARNING - /home/***/.local/lib/python3.12/site-packages/***/task/task_runner/standard_task_runner.py:61: DeprecationWarning: This process (pid=85) is multi-threaded, use of fork() may lead to deadlocks in the child.
  pid = os.fork()

[2024-11-11T01:27:13.819+0000] {standard_task_runner.py:63} INFO - Started process 94 to run task
[2024-11-11T01:27:13.819+0000] {standard_task_runner.py:90} INFO - Running: ['***', 'tasks', 'run', 'modeling_pipeline', 'Prophet_model', 'manual__2024-11-11T01:27:11.105048+00:00', '--job-id', '817', '--raw', '--subdir', 'DAGS_FOLDER/dag_script_model.py', '--cfg-path', '/tmp/tmp4hvzbtvz']
[2024-11-11T01:27:13.822+0000] {standard_task_runner.py:91} INFO - Job 817: Subtask Prophet_model
[2024-11-11T01:27:13.858+0000] {task_command.py:426} INFO - Running <TaskInstance: modeling_pipeline.Prophet_model manual__2024-11-11T01:27:11.105048+00:00 [running]> on host 7e55f590dc51
[2024-11-11T01:27:13.921+0000] {taskinstance.py:2648} INFO - Exporting env vars: AIRFLOW_CTX_DAG_OWNER='MLOPS' AIRFLOW_CTX_DAG_ID='modeling_pipeline' AIRFLOW_CTX_TASK_ID='Prophet_model' AIRFLOW_CTX_EXECUTION_DATE='2024-11-11T01:27:11.105048+00:00' AIRFLOW_CTX_TRY_NUMBER='1' AIRFLOW_CTX_DAG_RUN_ID='manual__2024-11-11T01:27:11.105048+00:00'
[2024-11-11T01:27:13.922+0000] {taskinstance.py:430} INFO - ::endgroup::
[2024-11-11T01:27:13.943+0000] {logging_mixin.py:188} INFO - /opt/***
[2024-11-11T01:27:13.951+0000] {logging_mixin.py:188} INFO - Data loaded from /opt/***/dags/DataPreprocessing/src/data_store_pkl_files/test_data/no_anamoly_test_data.pkl.
[2024-11-11T01:27:13.958+0000] {logging_mixin.py:188} INFO - Original Skewness: 0.5082849280995185
[2024-11-11T01:27:13.962+0000] {logging_mixin.py:188} INFO - Log Transformed Skewness: -0.38788987353405835
[2024-11-11T01:27:13.973+0000] {logging_mixin.py:188} INFO - Box-Cox Transformed Skewness: 0.011851083745351043
[2024-11-11T01:27:13.976+0000] {logging_mixin.py:188} INFO - Choosing Box-Cox transformed column.
[2024-11-11T01:27:13.984+0000] {logging_mixin.py:188} INFO - Feature engineering completed and NaN values dropped.
[2024-11-11T01:27:14.024+0000] {logging_mixin.py:188} WARNING - 2024/11/11 01:27:14 WARNING mlflow.utils.git_utils: Failed to import Git (the Git executable is probably not on your PATH), so Git SHA is not available. Error: Failed to initialize: Bad git executable.
The git executable must be specified in one of the following ways:
    - be included in your $PATH
    - be set via $GIT_PYTHON_GIT_EXECUTABLE
    - explicitly set via git.refresh(<full-path-to-git-executable>)

All git commands will error until this is rectified.

This initial message can be silenced or aggravated in the future by setting the
$GIT_PYTHON_REFRESH environment variable. Use one of the following values:
    - quiet|q|silence|s|silent|none|n|0: for no message or exception
    - warn|w|warning|log|l|1: for a warning message (logging level CRITICAL, displayed by default)
    - error|e|exception|raise|r|2: for a raised exception

Example:
    export GIT_PYTHON_REFRESH=quiet
[2024-11-11T01:27:14.152+0000] {forecaster.py:961} INFO - Disabling yearly seasonality. Run prophet with yearly_seasonality=True to override this.
[2024-11-11T01:27:14.194+0000] {filesystem.py:118} DEBUG - input tempfile: /tmp/tmp_vk7x_76/nhrgbudx.json
[2024-11-11T01:27:14.556+0000] {filesystem.py:118} DEBUG - input tempfile: /tmp/tmp_vk7x_76/uaj_5wtu.json
[2024-11-11T01:27:14.559+0000] {model.py:2042} DEBUG - idx 0
[2024-11-11T01:27:14.559+0000] {model.py:2043} DEBUG - running CmdStan, num_threads: None
[2024-11-11T01:27:14.559+0000] {model.py:2055} DEBUG - CmdStan args: ['/home/***/.local/lib/python3.12/site-packages/prophet/stan_model/prophet_model.bin', 'random', 'seed=49935', 'data', 'file=/tmp/tmp_vk7x_76/nhrgbudx.json', 'init=/tmp/tmp_vk7x_76/uaj_5wtu.json', 'output', 'file=/tmp/tmp_vk7x_76/prophet_modell4stx6d9/prophet_model-20241111012714.csv', 'method=optimize', 'algorithm=lbfgs', 'iter=10000']
[2024-11-11T01:27:14.559+0000] {logging_mixin.py:188} WARNING - 01:27:14 - cmdstanpy - INFO - Chain [1] start processing
[2024-11-11T01:27:14.559+0000] {model.py:2058} INFO - Chain [1] start processing
[2024-11-11T01:27:17.292+0000] {logging_mixin.py:188} WARNING - 01:27:17 - cmdstanpy - INFO - Chain [1] done processing
[2024-11-11T01:27:17.292+0000] {model.py:2115} INFO - Chain [1] done processing
[2024-11-11T01:27:21.228+0000] {logging_mixin.py:188} WARNING - Downloading artifacts:   0%|          | 0/7 [00:00<?, ?it/s]
[2024-11-11T01:27:21.230+0000] {logging_mixin.py:188} WARNING - Downloading artifacts:  14%|#4        | 1/7 [00:00<00:00, 3894.43it/s]
[2024-11-11T01:27:21.230+0000] {logging_mixin.py:188} WARNING - Downloading artifacts:  29%|##8       | 2/7 [00:00<00:00, 3617.34it/s]
[2024-11-11T01:27:21.230+0000] {logging_mixin.py:188} WARNING - Downloading artifacts:  43%|####2     | 3/7 [00:00<00:00, 3981.93it/s]
[2024-11-11T01:27:21.230+0000] {logging_mixin.py:188} WARNING - Downloading artifacts:  57%|#####7    | 4/7 [00:00<00:00, 4401.16it/s]
[2024-11-11T01:27:21.230+0000] {logging_mixin.py:188} WARNING - Downloading artifacts:  71%|#######1  | 5/7 [00:00<00:00, 4541.26it/s]
[2024-11-11T01:27:21.230+0000] {logging_mixin.py:188} WARNING - Downloading artifacts:  86%|########5 | 6/7 [00:00<00:00, 4715.35it/s]
[2024-11-11T01:27:21.231+0000] {logging_mixin.py:188} WARNING - Downloading artifacts: 100%|##########| 7/7 [00:00<00:00, 4912.18it/s]
[2024-11-11T01:27:21.231+0000] {logging_mixin.py:188} WARNING - Downloading artifacts: 100%|##########| 7/7 [00:00<00:00, 4319.57it/s]
[2024-11-11T01:27:23.318+0000] {warnings.py:112} WARNING - /home/***/.local/lib/python3.12/site-packages/sklearn/metrics/_regression.py:492: FutureWarning: 'squared' is deprecated in version 1.4 and will be removed in 1.6. To calculate the root mean squared error, use the function'root_mean_squared_error'.
  warnings.warn(

[2024-11-11T01:27:23.325+0000] {logging_mixin.py:188} INFO - RMSE (Original PM2.5 target): 4.997330810283877
[2024-11-11T01:27:23.333+0000] {logging_mixin.py:188} INFO - Model saved at /opt/***/dags/weights/prophet_pm25_model.pth
[2024-11-11T01:27:23.337+0000] {logging_mixin.py:188} INFO - Model loaded from /opt/***/dags/weights/prophet_pm25_model.pth
[2024-11-11T01:27:23.471+0000] {logging_mixin.py:188} INFO - Plot saved at /opt/***/dags/artifacts/pm25_actual_vs_predicted_Prophet.png
[2024-11-11T01:27:23.475+0000] {python.py:237} INFO - Done. Returned value was: None
[2024-11-11T01:27:23.476+0000] {taskinstance.py:441} INFO - ::group::Post task execution logs
[2024-11-11T01:27:23.486+0000] {taskinstance.py:1206} INFO - Marking task as SUCCESS. dag_id=modeling_pipeline, task_id=Prophet_model, run_id=manual__2024-11-11T01:27:11.105048+00:00, execution_date=20241111T012711, start_date=20241111T012713, end_date=20241111T012723
[2024-11-11T01:27:23.544+0000] {local_task_job_runner.py:240} INFO - Task exited with return code 0
[2024-11-11T01:27:23.595+0000] {taskinstance.py:3503} INFO - 1 downstream tasks scheduled from follow-on schedule check
[2024-11-11T01:27:23.597+0000] {local_task_job_runner.py:222} INFO - ::endgroup::
