[2024-10-31T16:09:55.990+0000] {local_task_job_runner.py:120} INFO - ::group::Pre task execution logs
[2024-10-31T16:09:56.009+0000] {taskinstance.py:2076} INFO - Dependencies all met for dep_context=non-requeueable deps ti=<TaskInstance: datapipeline_new.schema_train_data_final_processed manual__2024-10-31T16:09:16.507457+00:00 [queued]>
[2024-10-31T16:09:56.028+0000] {taskinstance.py:2076} INFO - Dependencies all met for dep_context=requeueable deps ti=<TaskInstance: datapipeline_new.schema_train_data_final_processed manual__2024-10-31T16:09:16.507457+00:00 [queued]>
[2024-10-31T16:09:56.028+0000] {taskinstance.py:2306} INFO - Starting attempt 1 of 2
[2024-10-31T16:09:56.041+0000] {taskinstance.py:2330} INFO - Executing <Task(PythonOperator): schema_train_data_final_processed> on 2024-10-31 16:09:16.507457+00:00
[2024-10-31T16:09:56.067+0000] {warnings.py:112} WARNING - /home/***/.local/lib/python3.12/site-packages/***/task/task_runner/standard_task_runner.py:61: DeprecationWarning: This process (pid=368) is multi-threaded, use of fork() may lead to deadlocks in the child.
  pid = os.fork()

[2024-10-31T16:09:56.070+0000] {standard_task_runner.py:63} INFO - Started process 385 to run task
[2024-10-31T16:09:56.070+0000] {standard_task_runner.py:90} INFO - Running: ['***', 'tasks', 'run', 'datapipeline_new', 'schema_train_data_final_processed', 'manual__2024-10-31T16:09:16.507457+00:00', '--job-id', '129', '--raw', '--subdir', 'DAGS_FOLDER/dag_script.py', '--cfg-path', '/tmp/tmpoys6x0_g']
[2024-10-31T16:09:56.073+0000] {standard_task_runner.py:91} INFO - Job 129: Subtask schema_train_data_final_processed
[2024-10-31T16:09:56.515+0000] {task_command.py:426} INFO - Running <TaskInstance: datapipeline_new.schema_train_data_final_processed manual__2024-10-31T16:09:16.507457+00:00 [running]> on host 8b35fed25b46
[2024-10-31T16:09:56.548+0000] {taskinstance.py:2648} INFO - Exporting env vars: AIRFLOW_CTX_DAG_OWNER='MLOPS' AIRFLOW_CTX_DAG_ID='datapipeline_new' AIRFLOW_CTX_TASK_ID='schema_train_data_final_processed' AIRFLOW_CTX_EXECUTION_DATE='2024-10-31T16:09:16.507457+00:00' AIRFLOW_CTX_TRY_NUMBER='1' AIRFLOW_CTX_DAG_RUN_ID='manual__2024-10-31T16:09:16.507457+00:00'
[2024-10-31T16:09:56.549+0000] {taskinstance.py:430} INFO - ::endgroup::
[2024-10-31T16:09:56.562+0000] {check_output_data_schema.py:54} INFO - Schema saved to 'data_schema_train.json'.
[2024-10-31T16:09:56.563+0000] {check_output_data_schema.py:70} INFO - pm25: min = 0.302092050209205, max = 11.5
[2024-10-31T16:09:56.564+0000] {check_output_data_schema.py:70} INFO - pm25_boxcox: min = 0.27935650202319257, max = 4.531694154091118
[2024-10-31T16:09:56.564+0000] {check_output_data_schema.py:70} INFO - lag_1: min = 0.27935650202319257, max = 4.531694154091118
[2024-10-31T16:09:56.564+0000] {check_output_data_schema.py:70} INFO - lag_2: min = 0.27935650202319257, max = 4.531694154091118
[2024-10-31T16:09:56.565+0000] {check_output_data_schema.py:70} INFO - lag_3: min = 0.27935650202319257, max = 4.531694154091118
[2024-10-31T16:09:56.565+0000] {check_output_data_schema.py:70} INFO - lag_4: min = 0.27935650202319257, max = 4.531694154091118
[2024-10-31T16:09:56.565+0000] {check_output_data_schema.py:70} INFO - lag_5: min = 0.27935650202319257, max = 4.531694154091118
[2024-10-31T16:09:56.565+0000] {check_output_data_schema.py:70} INFO - rolling_mean_3: min = 0.29293871621085704, max = 4.525834820468768
[2024-10-31T16:09:56.565+0000] {check_output_data_schema.py:70} INFO - rolling_mean_6: min = 0.31308119730819195, max = 4.460904015048693
[2024-10-31T16:09:56.566+0000] {check_output_data_schema.py:70} INFO - rolling_mean_24: min = 0.42867483848524884, max = 4.2872459143595085
[2024-10-31T16:09:56.566+0000] {check_output_data_schema.py:70} INFO - rolling_std_3: min = 0.0, max = 1.5294222441967795
[2024-10-31T16:09:56.566+0000] {check_output_data_schema.py:70} INFO - rolling_std_6: min = 0.0, max = 1.4435235541967941
[2024-10-31T16:09:56.566+0000] {check_output_data_schema.py:70} INFO - rolling_std_24: min = 0.0, max = 1.3160186167631096
[2024-10-31T16:09:56.567+0000] {check_output_data_schema.py:70} INFO - ema_3: min = 0.3673233186681668, max = 4.501717058437975
[2024-10-31T16:09:56.567+0000] {check_output_data_schema.py:70} INFO - ema_6: min = 0.43868113924969504, max = 4.460452720989584
[2024-10-31T16:09:56.567+0000] {check_output_data_schema.py:70} INFO - ema_24: min = 0.7125924593772212, max = 4.203061363545705
[2024-10-31T16:09:56.567+0000] {check_output_data_schema.py:70} INFO - diff_1: min = -2.6490370331748125, max = 2.397067118943656
[2024-10-31T16:09:56.568+0000] {check_output_data_schema.py:70} INFO - diff_2: min = -2.6490370331748125, max = 2.5358485716994643
[2024-10-31T16:09:56.568+0000] {check_output_data_schema.py:70} INFO - hour: min = 0, max = 23
[2024-10-31T16:09:56.568+0000] {check_output_data_schema.py:70} INFO - day_of_week: min = 0, max = 6
[2024-10-31T16:09:56.568+0000] {check_output_data_schema.py:70} INFO - day_of_year: min = 1, max = 365
[2024-10-31T16:09:56.568+0000] {check_output_data_schema.py:70} INFO - month: min = 1, max = 12
[2024-10-31T16:09:56.568+0000] {check_output_data_schema.py:70} INFO - sin_hour: min = -1.0, max = 1.0
[2024-10-31T16:09:56.569+0000] {check_output_data_schema.py:70} INFO - cos_hour: min = -1.0, max = 1.0
[2024-10-31T16:09:56.569+0000] {check_output_data_schema.py:70} INFO - sin_day_of_week: min = -0.9749279121818236, max = 0.9749279121818236
[2024-10-31T16:09:56.569+0000] {check_output_data_schema.py:70} INFO - cos_day_of_week: min = -0.9009688679024191, max = 1.0
[2024-10-31T16:09:56.569+0000] {check_output_data_schema.py:106} INFO - Data validation passed.
[2024-10-31T16:09:56.569+0000] {python.py:237} INFO - Done. Returned value was: None
[2024-10-31T16:09:56.570+0000] {taskinstance.py:441} INFO - ::group::Post task execution logs
[2024-10-31T16:09:56.578+0000] {taskinstance.py:1206} INFO - Marking task as SUCCESS. dag_id=datapipeline_new, task_id=schema_train_data_final_processed, run_id=manual__2024-10-31T16:09:16.507457+00:00, execution_date=20241031T160916, start_date=20241031T160956, end_date=20241031T160956
[2024-10-31T16:09:56.624+0000] {local_task_job_runner.py:240} INFO - Task exited with return code 0
[2024-10-31T16:09:56.816+0000] {taskinstance.py:3503} INFO - 1 downstream tasks scheduled from follow-on schedule check
[2024-10-31T16:09:56.817+0000] {local_task_job_runner.py:222} INFO - ::endgroup::
