[2024-11-20T05:28:51.286+0000] {processor.py:161} INFO - Started process (PID=121) to work on /opt/airflow/dags/ModelDevelopment/Training/Prophet.py
[2024-11-20T05:28:51.286+0000] {processor.py:830} INFO - Processing file /opt/airflow/dags/ModelDevelopment/Training/Prophet.py for tasks to queue
[2024-11-20T05:28:51.288+0000] {logging_mixin.py:188} INFO - [2024-11-20T05:28:51.288+0000] {dagbag.py:545} INFO - Filling up the DagBag from /opt/airflow/dags/ModelDevelopment/Training/Prophet.py
[2024-11-20T05:28:52.128+0000] {logging_mixin.py:188} INFO - [2024-11-20T05:28:52.127+0000] {plot.py:39} ERROR - Importing plotly failed. Interactive plots will not work.
[2024-11-20T05:28:52.463+0000] {processor.py:842} WARNING - No viable dags retrieved from /opt/airflow/dags/ModelDevelopment/Training/Prophet.py
[2024-11-20T05:28:52.469+0000] {processor.py:183} INFO - Processing /opt/airflow/dags/ModelDevelopment/Training/Prophet.py took 1.187 seconds
[2024-11-20T05:29:23.018+0000] {processor.py:161} INFO - Started process (PID=202) to work on /opt/airflow/dags/ModelDevelopment/Training/Prophet.py
[2024-11-20T05:29:23.019+0000] {processor.py:830} INFO - Processing file /opt/airflow/dags/ModelDevelopment/Training/Prophet.py for tasks to queue
[2024-11-20T05:29:23.020+0000] {logging_mixin.py:188} INFO - [2024-11-20T05:29:23.020+0000] {dagbag.py:545} INFO - Filling up the DagBag from /opt/airflow/dags/ModelDevelopment/Training/Prophet.py
[2024-11-20T05:29:23.730+0000] {logging_mixin.py:188} INFO - [2024-11-20T05:29:23.730+0000] {plot.py:39} ERROR - Importing plotly failed. Interactive plots will not work.
[2024-11-20T05:29:24.036+0000] {processor.py:842} WARNING - No viable dags retrieved from /opt/airflow/dags/ModelDevelopment/Training/Prophet.py
[2024-11-20T05:29:24.043+0000] {processor.py:183} INFO - Processing /opt/airflow/dags/ModelDevelopment/Training/Prophet.py took 1.028 seconds
[2024-11-20T05:29:55.010+0000] {processor.py:161} INFO - Started process (PID=283) to work on /opt/airflow/dags/ModelDevelopment/Training/Prophet.py
[2024-11-20T05:29:55.011+0000] {processor.py:830} INFO - Processing file /opt/airflow/dags/ModelDevelopment/Training/Prophet.py for tasks to queue
[2024-11-20T05:29:55.013+0000] {logging_mixin.py:188} INFO - [2024-11-20T05:29:55.013+0000] {dagbag.py:545} INFO - Filling up the DagBag from /opt/airflow/dags/ModelDevelopment/Training/Prophet.py
[2024-11-20T05:29:56.152+0000] {logging_mixin.py:188} INFO - [2024-11-20T05:29:56.152+0000] {plot.py:39} ERROR - Importing plotly failed. Interactive plots will not work.
[2024-11-20T05:29:56.756+0000] {processor.py:842} WARNING - No viable dags retrieved from /opt/airflow/dags/ModelDevelopment/Training/Prophet.py
[2024-11-20T05:29:56.771+0000] {processor.py:183} INFO - Processing /opt/airflow/dags/ModelDevelopment/Training/Prophet.py took 1.768 seconds
[2024-11-20T05:30:27.515+0000] {processor.py:161} INFO - Started process (PID=364) to work on /opt/airflow/dags/ModelDevelopment/Training/Prophet.py
[2024-11-20T05:30:27.517+0000] {processor.py:830} INFO - Processing file /opt/airflow/dags/ModelDevelopment/Training/Prophet.py for tasks to queue
[2024-11-20T05:30:27.519+0000] {logging_mixin.py:188} INFO - [2024-11-20T05:30:27.518+0000] {dagbag.py:545} INFO - Filling up the DagBag from /opt/airflow/dags/ModelDevelopment/Training/Prophet.py
[2024-11-20T05:30:28.321+0000] {logging_mixin.py:188} INFO - [2024-11-20T05:30:28.321+0000] {plot.py:39} ERROR - Importing plotly failed. Interactive plots will not work.
[2024-11-20T05:30:28.693+0000] {processor.py:842} WARNING - No viable dags retrieved from /opt/airflow/dags/ModelDevelopment/Training/Prophet.py
[2024-11-20T05:30:28.701+0000] {processor.py:183} INFO - Processing /opt/airflow/dags/ModelDevelopment/Training/Prophet.py took 1.193 seconds
[2024-11-20T05:30:59.296+0000] {processor.py:161} INFO - Started process (PID=445) to work on /opt/airflow/dags/ModelDevelopment/Training/Prophet.py
[2024-11-20T05:30:59.299+0000] {processor.py:830} INFO - Processing file /opt/airflow/dags/ModelDevelopment/Training/Prophet.py for tasks to queue
[2024-11-20T05:30:59.302+0000] {logging_mixin.py:188} INFO - [2024-11-20T05:30:59.302+0000] {dagbag.py:545} INFO - Filling up the DagBag from /opt/airflow/dags/ModelDevelopment/Training/Prophet.py
[2024-11-20T05:31:00.147+0000] {logging_mixin.py:188} INFO - [2024-11-20T05:31:00.147+0000] {plot.py:39} ERROR - Importing plotly failed. Interactive plots will not work.
[2024-11-20T05:31:00.478+0000] {processor.py:842} WARNING - No viable dags retrieved from /opt/airflow/dags/ModelDevelopment/Training/Prophet.py
[2024-11-20T05:31:00.484+0000] {processor.py:183} INFO - Processing /opt/airflow/dags/ModelDevelopment/Training/Prophet.py took 1.196 seconds
[2024-11-20T05:31:31.135+0000] {processor.py:161} INFO - Started process (PID=526) to work on /opt/airflow/dags/ModelDevelopment/Training/Prophet.py
[2024-11-20T05:31:31.136+0000] {processor.py:830} INFO - Processing file /opt/airflow/dags/ModelDevelopment/Training/Prophet.py for tasks to queue
[2024-11-20T05:31:31.139+0000] {logging_mixin.py:188} INFO - [2024-11-20T05:31:31.138+0000] {dagbag.py:545} INFO - Filling up the DagBag from /opt/airflow/dags/ModelDevelopment/Training/Prophet.py
[2024-11-20T05:31:32.056+0000] {logging_mixin.py:188} INFO - [2024-11-20T05:31:32.056+0000] {plot.py:39} ERROR - Importing plotly failed. Interactive plots will not work.
[2024-11-20T05:31:32.397+0000] {processor.py:842} WARNING - No viable dags retrieved from /opt/airflow/dags/ModelDevelopment/Training/Prophet.py
[2024-11-20T05:31:32.404+0000] {processor.py:183} INFO - Processing /opt/airflow/dags/ModelDevelopment/Training/Prophet.py took 1.284 seconds
[2024-11-20T05:32:02.634+0000] {processor.py:161} INFO - Started process (PID=607) to work on /opt/airflow/dags/ModelDevelopment/Training/Prophet.py
[2024-11-20T05:32:02.636+0000] {processor.py:830} INFO - Processing file /opt/airflow/dags/ModelDevelopment/Training/Prophet.py for tasks to queue
[2024-11-20T05:32:02.639+0000] {logging_mixin.py:188} INFO - [2024-11-20T05:32:02.638+0000] {dagbag.py:545} INFO - Filling up the DagBag from /opt/airflow/dags/ModelDevelopment/Training/Prophet.py
[2024-11-20T05:32:03.380+0000] {logging_mixin.py:188} INFO - [2024-11-20T05:32:03.380+0000] {plot.py:39} ERROR - Importing plotly failed. Interactive plots will not work.
[2024-11-20T05:32:03.700+0000] {processor.py:842} WARNING - No viable dags retrieved from /opt/airflow/dags/ModelDevelopment/Training/Prophet.py
[2024-11-20T05:32:03.707+0000] {processor.py:183} INFO - Processing /opt/airflow/dags/ModelDevelopment/Training/Prophet.py took 1.084 seconds
[2024-11-20T05:32:34.394+0000] {processor.py:161} INFO - Started process (PID=688) to work on /opt/airflow/dags/ModelDevelopment/Training/Prophet.py
[2024-11-20T05:32:34.394+0000] {processor.py:830} INFO - Processing file /opt/airflow/dags/ModelDevelopment/Training/Prophet.py for tasks to queue
[2024-11-20T05:32:34.395+0000] {logging_mixin.py:188} INFO - [2024-11-20T05:32:34.395+0000] {dagbag.py:545} INFO - Filling up the DagBag from /opt/airflow/dags/ModelDevelopment/Training/Prophet.py
[2024-11-20T05:32:35.085+0000] {logging_mixin.py:188} INFO - [2024-11-20T05:32:35.085+0000] {plot.py:39} ERROR - Importing plotly failed. Interactive plots will not work.
[2024-11-20T05:32:35.450+0000] {processor.py:842} WARNING - No viable dags retrieved from /opt/airflow/dags/ModelDevelopment/Training/Prophet.py
[2024-11-20T05:32:35.455+0000] {processor.py:183} INFO - Processing /opt/airflow/dags/ModelDevelopment/Training/Prophet.py took 1.064 seconds
[2024-11-20T05:33:06.286+0000] {processor.py:161} INFO - Started process (PID=769) to work on /opt/airflow/dags/ModelDevelopment/Training/Prophet.py
[2024-11-20T05:33:06.287+0000] {processor.py:830} INFO - Processing file /opt/airflow/dags/ModelDevelopment/Training/Prophet.py for tasks to queue
[2024-11-20T05:33:06.288+0000] {logging_mixin.py:188} INFO - [2024-11-20T05:33:06.288+0000] {dagbag.py:545} INFO - Filling up the DagBag from /opt/airflow/dags/ModelDevelopment/Training/Prophet.py
[2024-11-20T05:33:07.392+0000] {logging_mixin.py:188} INFO - [2024-11-20T05:33:07.391+0000] {plot.py:39} ERROR - Importing plotly failed. Interactive plots will not work.
[2024-11-20T05:33:08.077+0000] {processor.py:842} WARNING - No viable dags retrieved from /opt/airflow/dags/ModelDevelopment/Training/Prophet.py
[2024-11-20T05:33:08.093+0000] {processor.py:183} INFO - Processing /opt/airflow/dags/ModelDevelopment/Training/Prophet.py took 1.811 seconds
[2024-11-20T05:33:39.976+0000] {processor.py:161} INFO - Started process (PID=850) to work on /opt/airflow/dags/ModelDevelopment/Training/Prophet.py
[2024-11-20T05:33:39.977+0000] {processor.py:830} INFO - Processing file /opt/airflow/dags/ModelDevelopment/Training/Prophet.py for tasks to queue
[2024-11-20T05:33:39.978+0000] {logging_mixin.py:188} INFO - [2024-11-20T05:33:39.978+0000] {dagbag.py:545} INFO - Filling up the DagBag from /opt/airflow/dags/ModelDevelopment/Training/Prophet.py
[2024-11-20T05:33:41.063+0000] {logging_mixin.py:188} INFO - [2024-11-20T05:33:41.063+0000] {plot.py:39} ERROR - Importing plotly failed. Interactive plots will not work.
[2024-11-20T05:33:41.555+0000] {processor.py:842} WARNING - No viable dags retrieved from /opt/airflow/dags/ModelDevelopment/Training/Prophet.py
[2024-11-20T05:33:41.560+0000] {processor.py:183} INFO - Processing /opt/airflow/dags/ModelDevelopment/Training/Prophet.py took 1.588 seconds
[2024-11-20T05:34:12.141+0000] {processor.py:161} INFO - Started process (PID=931) to work on /opt/airflow/dags/ModelDevelopment/Training/Prophet.py
[2024-11-20T05:34:12.143+0000] {processor.py:830} INFO - Processing file /opt/airflow/dags/ModelDevelopment/Training/Prophet.py for tasks to queue
[2024-11-20T05:34:12.144+0000] {logging_mixin.py:188} INFO - [2024-11-20T05:34:12.144+0000] {dagbag.py:545} INFO - Filling up the DagBag from /opt/airflow/dags/ModelDevelopment/Training/Prophet.py
[2024-11-20T05:34:12.817+0000] {logging_mixin.py:188} INFO - [2024-11-20T05:34:12.817+0000] {plot.py:39} ERROR - Importing plotly failed. Interactive plots will not work.
[2024-11-20T05:34:13.166+0000] {processor.py:842} WARNING - No viable dags retrieved from /opt/airflow/dags/ModelDevelopment/Training/Prophet.py
[2024-11-20T05:34:13.172+0000] {processor.py:183} INFO - Processing /opt/airflow/dags/ModelDevelopment/Training/Prophet.py took 1.033 seconds
[2024-11-20T05:34:43.940+0000] {processor.py:161} INFO - Started process (PID=1021) to work on /opt/airflow/dags/ModelDevelopment/Training/Prophet.py
[2024-11-20T05:34:43.940+0000] {processor.py:830} INFO - Processing file /opt/airflow/dags/ModelDevelopment/Training/Prophet.py for tasks to queue
[2024-11-20T05:34:43.942+0000] {logging_mixin.py:188} INFO - [2024-11-20T05:34:43.942+0000] {dagbag.py:545} INFO - Filling up the DagBag from /opt/airflow/dags/ModelDevelopment/Training/Prophet.py
[2024-11-20T05:34:44.629+0000] {logging_mixin.py:188} INFO - [2024-11-20T05:34:44.629+0000] {plot.py:39} ERROR - Importing plotly failed. Interactive plots will not work.
[2024-11-20T05:34:45.002+0000] {processor.py:842} WARNING - No viable dags retrieved from /opt/airflow/dags/ModelDevelopment/Training/Prophet.py
[2024-11-20T05:34:45.008+0000] {processor.py:183} INFO - Processing /opt/airflow/dags/ModelDevelopment/Training/Prophet.py took 1.073 seconds
[2024-11-20T05:35:15.929+0000] {processor.py:161} INFO - Started process (PID=1098) to work on /opt/airflow/dags/ModelDevelopment/Training/Prophet.py
[2024-11-20T05:35:15.930+0000] {processor.py:830} INFO - Processing file /opt/airflow/dags/ModelDevelopment/Training/Prophet.py for tasks to queue
[2024-11-20T05:35:15.931+0000] {logging_mixin.py:188} INFO - [2024-11-20T05:35:15.931+0000] {dagbag.py:545} INFO - Filling up the DagBag from /opt/airflow/dags/ModelDevelopment/Training/Prophet.py
[2024-11-20T05:35:16.668+0000] {logging_mixin.py:188} INFO - [2024-11-20T05:35:16.668+0000] {plot.py:39} ERROR - Importing plotly failed. Interactive plots will not work.
[2024-11-20T05:35:17.069+0000] {processor.py:842} WARNING - No viable dags retrieved from /opt/airflow/dags/ModelDevelopment/Training/Prophet.py
[2024-11-20T05:35:17.074+0000] {processor.py:183} INFO - Processing /opt/airflow/dags/ModelDevelopment/Training/Prophet.py took 1.148 seconds
[2024-11-20T05:35:47.195+0000] {processor.py:161} INFO - Started process (PID=1172) to work on /opt/airflow/dags/ModelDevelopment/Training/Prophet.py
[2024-11-20T05:35:47.196+0000] {processor.py:830} INFO - Processing file /opt/airflow/dags/ModelDevelopment/Training/Prophet.py for tasks to queue
[2024-11-20T05:35:47.197+0000] {logging_mixin.py:188} INFO - [2024-11-20T05:35:47.197+0000] {dagbag.py:545} INFO - Filling up the DagBag from /opt/airflow/dags/ModelDevelopment/Training/Prophet.py
[2024-11-20T05:35:47.843+0000] {logging_mixin.py:188} INFO - [2024-11-20T05:35:47.843+0000] {plot.py:39} ERROR - Importing plotly failed. Interactive plots will not work.
[2024-11-20T05:35:48.209+0000] {processor.py:842} WARNING - No viable dags retrieved from /opt/airflow/dags/ModelDevelopment/Training/Prophet.py
[2024-11-20T05:35:48.214+0000] {processor.py:183} INFO - Processing /opt/airflow/dags/ModelDevelopment/Training/Prophet.py took 1.024 seconds
[2024-11-20T05:36:18.335+0000] {processor.py:161} INFO - Started process (PID=1252) to work on /opt/airflow/dags/ModelDevelopment/Training/Prophet.py
[2024-11-20T05:36:18.335+0000] {processor.py:830} INFO - Processing file /opt/airflow/dags/ModelDevelopment/Training/Prophet.py for tasks to queue
[2024-11-20T05:36:18.336+0000] {logging_mixin.py:188} INFO - [2024-11-20T05:36:18.336+0000] {dagbag.py:545} INFO - Filling up the DagBag from /opt/airflow/dags/ModelDevelopment/Training/Prophet.py
[2024-11-20T05:36:19.038+0000] {logging_mixin.py:188} INFO - [2024-11-20T05:36:19.038+0000] {plot.py:39} ERROR - Importing plotly failed. Interactive plots will not work.
[2024-11-20T05:36:19.859+0000] {processor.py:842} WARNING - No viable dags retrieved from /opt/airflow/dags/ModelDevelopment/Training/Prophet.py
[2024-11-20T05:36:19.879+0000] {processor.py:183} INFO - Processing /opt/airflow/dags/ModelDevelopment/Training/Prophet.py took 1.547 seconds
[2024-11-20T05:36:52.777+0000] {processor.py:161} INFO - Started process (PID=1341) to work on /opt/airflow/dags/ModelDevelopment/Training/Prophet.py
[2024-11-20T05:36:52.778+0000] {processor.py:830} INFO - Processing file /opt/airflow/dags/ModelDevelopment/Training/Prophet.py for tasks to queue
[2024-11-20T05:36:52.779+0000] {logging_mixin.py:188} INFO - [2024-11-20T05:36:52.779+0000] {dagbag.py:545} INFO - Filling up the DagBag from /opt/airflow/dags/ModelDevelopment/Training/Prophet.py
[2024-11-20T05:36:53.496+0000] {logging_mixin.py:188} INFO - [2024-11-20T05:36:53.495+0000] {plot.py:39} ERROR - Importing plotly failed. Interactive plots will not work.
[2024-11-20T05:36:53.910+0000] {processor.py:842} WARNING - No viable dags retrieved from /opt/airflow/dags/ModelDevelopment/Training/Prophet.py
[2024-11-20T05:36:53.916+0000] {processor.py:183} INFO - Processing /opt/airflow/dags/ModelDevelopment/Training/Prophet.py took 1.143 seconds
[2024-11-20T05:37:24.066+0000] {processor.py:161} INFO - Started process (PID=1424) to work on /opt/airflow/dags/ModelDevelopment/Training/Prophet.py
[2024-11-20T05:37:24.067+0000] {processor.py:830} INFO - Processing file /opt/airflow/dags/ModelDevelopment/Training/Prophet.py for tasks to queue
[2024-11-20T05:37:24.068+0000] {logging_mixin.py:188} INFO - [2024-11-20T05:37:24.068+0000] {dagbag.py:545} INFO - Filling up the DagBag from /opt/airflow/dags/ModelDevelopment/Training/Prophet.py
[2024-11-20T05:37:24.734+0000] {logging_mixin.py:188} INFO - [2024-11-20T05:37:24.734+0000] {plot.py:39} ERROR - Importing plotly failed. Interactive plots will not work.
[2024-11-20T05:37:25.064+0000] {processor.py:842} WARNING - No viable dags retrieved from /opt/airflow/dags/ModelDevelopment/Training/Prophet.py
[2024-11-20T05:37:25.070+0000] {processor.py:183} INFO - Processing /opt/airflow/dags/ModelDevelopment/Training/Prophet.py took 1.007 seconds
[2024-11-20T05:37:55.960+0000] {processor.py:161} INFO - Started process (PID=1505) to work on /opt/airflow/dags/ModelDevelopment/Training/Prophet.py
[2024-11-20T05:37:55.961+0000] {processor.py:830} INFO - Processing file /opt/airflow/dags/ModelDevelopment/Training/Prophet.py for tasks to queue
[2024-11-20T05:37:55.962+0000] {logging_mixin.py:188} INFO - [2024-11-20T05:37:55.962+0000] {dagbag.py:545} INFO - Filling up the DagBag from /opt/airflow/dags/ModelDevelopment/Training/Prophet.py
[2024-11-20T05:37:56.599+0000] {logging_mixin.py:188} INFO - [2024-11-20T05:37:56.599+0000] {plot.py:39} ERROR - Importing plotly failed. Interactive plots will not work.
[2024-11-20T05:37:56.958+0000] {processor.py:842} WARNING - No viable dags retrieved from /opt/airflow/dags/ModelDevelopment/Training/Prophet.py
[2024-11-20T05:37:56.965+0000] {processor.py:183} INFO - Processing /opt/airflow/dags/ModelDevelopment/Training/Prophet.py took 1.008 seconds
[2024-11-20T05:38:27.970+0000] {processor.py:161} INFO - Started process (PID=1586) to work on /opt/airflow/dags/ModelDevelopment/Training/Prophet.py
[2024-11-20T05:38:27.971+0000] {processor.py:830} INFO - Processing file /opt/airflow/dags/ModelDevelopment/Training/Prophet.py for tasks to queue
[2024-11-20T05:38:27.972+0000] {logging_mixin.py:188} INFO - [2024-11-20T05:38:27.972+0000] {dagbag.py:545} INFO - Filling up the DagBag from /opt/airflow/dags/ModelDevelopment/Training/Prophet.py
[2024-11-20T05:38:28.662+0000] {logging_mixin.py:188} INFO - [2024-11-20T05:38:28.662+0000] {plot.py:39} ERROR - Importing plotly failed. Interactive plots will not work.
[2024-11-20T05:38:29.254+0000] {processor.py:842} WARNING - No viable dags retrieved from /opt/airflow/dags/ModelDevelopment/Training/Prophet.py
[2024-11-20T05:38:29.261+0000] {processor.py:183} INFO - Processing /opt/airflow/dags/ModelDevelopment/Training/Prophet.py took 1.294 seconds
[2024-11-20T05:39:00.014+0000] {processor.py:161} INFO - Started process (PID=1664) to work on /opt/airflow/dags/ModelDevelopment/Training/Prophet.py
[2024-11-20T05:39:00.015+0000] {processor.py:830} INFO - Processing file /opt/airflow/dags/ModelDevelopment/Training/Prophet.py for tasks to queue
[2024-11-20T05:39:00.017+0000] {logging_mixin.py:188} INFO - [2024-11-20T05:39:00.016+0000] {dagbag.py:545} INFO - Filling up the DagBag from /opt/airflow/dags/ModelDevelopment/Training/Prophet.py
[2024-11-20T05:39:00.615+0000] {logging_mixin.py:188} INFO - [2024-11-20T05:39:00.615+0000] {plot.py:39} ERROR - Importing plotly failed. Interactive plots will not work.
[2024-11-20T05:39:01.016+0000] {processor.py:842} WARNING - No viable dags retrieved from /opt/airflow/dags/ModelDevelopment/Training/Prophet.py
[2024-11-20T05:39:01.024+0000] {processor.py:183} INFO - Processing /opt/airflow/dags/ModelDevelopment/Training/Prophet.py took 1.014 seconds
[2024-11-20T05:39:31.698+0000] {processor.py:161} INFO - Started process (PID=1746) to work on /opt/airflow/dags/ModelDevelopment/Training/Prophet.py
[2024-11-20T05:39:31.699+0000] {processor.py:830} INFO - Processing file /opt/airflow/dags/ModelDevelopment/Training/Prophet.py for tasks to queue
[2024-11-20T05:39:31.700+0000] {logging_mixin.py:188} INFO - [2024-11-20T05:39:31.700+0000] {dagbag.py:545} INFO - Filling up the DagBag from /opt/airflow/dags/ModelDevelopment/Training/Prophet.py
[2024-11-20T05:39:32.351+0000] {logging_mixin.py:188} INFO - [2024-11-20T05:39:32.351+0000] {plot.py:39} ERROR - Importing plotly failed. Interactive plots will not work.
[2024-11-20T05:39:32.753+0000] {processor.py:842} WARNING - No viable dags retrieved from /opt/airflow/dags/ModelDevelopment/Training/Prophet.py
[2024-11-20T05:39:32.758+0000] {processor.py:183} INFO - Processing /opt/airflow/dags/ModelDevelopment/Training/Prophet.py took 1.063 seconds
[2024-11-20T05:40:03.515+0000] {processor.py:161} INFO - Started process (PID=1827) to work on /opt/airflow/dags/ModelDevelopment/Training/Prophet.py
[2024-11-20T05:40:03.515+0000] {processor.py:830} INFO - Processing file /opt/airflow/dags/ModelDevelopment/Training/Prophet.py for tasks to queue
[2024-11-20T05:40:03.517+0000] {logging_mixin.py:188} INFO - [2024-11-20T05:40:03.517+0000] {dagbag.py:545} INFO - Filling up the DagBag from /opt/airflow/dags/ModelDevelopment/Training/Prophet.py
[2024-11-20T05:40:04.122+0000] {logging_mixin.py:188} INFO - [2024-11-20T05:40:04.122+0000] {plot.py:39} ERROR - Importing plotly failed. Interactive plots will not work.
[2024-11-20T05:40:04.587+0000] {processor.py:842} WARNING - No viable dags retrieved from /opt/airflow/dags/ModelDevelopment/Training/Prophet.py
[2024-11-20T05:40:04.593+0000] {processor.py:183} INFO - Processing /opt/airflow/dags/ModelDevelopment/Training/Prophet.py took 1.082 seconds
[2024-11-20T05:40:35.575+0000] {processor.py:161} INFO - Started process (PID=1908) to work on /opt/airflow/dags/ModelDevelopment/Training/Prophet.py
[2024-11-20T05:40:35.576+0000] {processor.py:830} INFO - Processing file /opt/airflow/dags/ModelDevelopment/Training/Prophet.py for tasks to queue
[2024-11-20T05:40:35.577+0000] {logging_mixin.py:188} INFO - [2024-11-20T05:40:35.577+0000] {dagbag.py:545} INFO - Filling up the DagBag from /opt/airflow/dags/ModelDevelopment/Training/Prophet.py
[2024-11-20T05:40:36.304+0000] {logging_mixin.py:188} INFO - [2024-11-20T05:40:36.304+0000] {plot.py:39} ERROR - Importing plotly failed. Interactive plots will not work.
[2024-11-20T05:40:36.723+0000] {processor.py:842} WARNING - No viable dags retrieved from /opt/airflow/dags/ModelDevelopment/Training/Prophet.py
[2024-11-20T05:40:36.731+0000] {processor.py:183} INFO - Processing /opt/airflow/dags/ModelDevelopment/Training/Prophet.py took 1.160 seconds
[2024-11-20T05:41:07.450+0000] {processor.py:161} INFO - Started process (PID=1989) to work on /opt/airflow/dags/ModelDevelopment/Training/Prophet.py
[2024-11-20T05:41:07.451+0000] {processor.py:830} INFO - Processing file /opt/airflow/dags/ModelDevelopment/Training/Prophet.py for tasks to queue
[2024-11-20T05:41:07.452+0000] {logging_mixin.py:188} INFO - [2024-11-20T05:41:07.452+0000] {dagbag.py:545} INFO - Filling up the DagBag from /opt/airflow/dags/ModelDevelopment/Training/Prophet.py
[2024-11-20T05:41:08.071+0000] {logging_mixin.py:188} INFO - [2024-11-20T05:41:08.071+0000] {plot.py:39} ERROR - Importing plotly failed. Interactive plots will not work.
[2024-11-20T05:41:08.487+0000] {processor.py:842} WARNING - No viable dags retrieved from /opt/airflow/dags/ModelDevelopment/Training/Prophet.py
[2024-11-20T05:41:08.493+0000] {processor.py:183} INFO - Processing /opt/airflow/dags/ModelDevelopment/Training/Prophet.py took 1.045 seconds
[2024-11-20T05:41:40.171+0000] {processor.py:161} INFO - Started process (PID=2070) to work on /opt/airflow/dags/ModelDevelopment/Training/Prophet.py
[2024-11-20T05:41:40.172+0000] {processor.py:830} INFO - Processing file /opt/airflow/dags/ModelDevelopment/Training/Prophet.py for tasks to queue
[2024-11-20T05:41:40.174+0000] {logging_mixin.py:188} INFO - [2024-11-20T05:41:40.173+0000] {dagbag.py:545} INFO - Filling up the DagBag from /opt/airflow/dags/ModelDevelopment/Training/Prophet.py
[2024-11-20T05:41:41.174+0000] {logging_mixin.py:188} INFO - [2024-11-20T05:41:41.174+0000] {plot.py:39} ERROR - Importing plotly failed. Interactive plots will not work.
[2024-11-20T05:41:41.844+0000] {processor.py:842} WARNING - No viable dags retrieved from /opt/airflow/dags/ModelDevelopment/Training/Prophet.py
[2024-11-20T05:41:41.850+0000] {processor.py:183} INFO - Processing /opt/airflow/dags/ModelDevelopment/Training/Prophet.py took 1.683 seconds
[2024-11-20T05:42:12.265+0000] {processor.py:161} INFO - Started process (PID=2151) to work on /opt/airflow/dags/ModelDevelopment/Training/Prophet.py
[2024-11-20T05:42:12.265+0000] {processor.py:830} INFO - Processing file /opt/airflow/dags/ModelDevelopment/Training/Prophet.py for tasks to queue
[2024-11-20T05:42:12.266+0000] {logging_mixin.py:188} INFO - [2024-11-20T05:42:12.266+0000] {dagbag.py:545} INFO - Filling up the DagBag from /opt/airflow/dags/ModelDevelopment/Training/Prophet.py
[2024-11-20T05:42:12.782+0000] {logging_mixin.py:188} INFO - [2024-11-20T05:42:12.782+0000] {plot.py:39} ERROR - Importing plotly failed. Interactive plots will not work.
[2024-11-20T05:42:13.108+0000] {processor.py:842} WARNING - No viable dags retrieved from /opt/airflow/dags/ModelDevelopment/Training/Prophet.py
[2024-11-20T05:42:13.113+0000] {processor.py:183} INFO - Processing /opt/airflow/dags/ModelDevelopment/Training/Prophet.py took 0.851 seconds
[2024-11-20T05:42:43.653+0000] {processor.py:161} INFO - Started process (PID=2232) to work on /opt/airflow/dags/ModelDevelopment/Training/Prophet.py
[2024-11-20T05:42:43.653+0000] {processor.py:830} INFO - Processing file /opt/airflow/dags/ModelDevelopment/Training/Prophet.py for tasks to queue
[2024-11-20T05:42:43.654+0000] {logging_mixin.py:188} INFO - [2024-11-20T05:42:43.654+0000] {dagbag.py:545} INFO - Filling up the DagBag from /opt/airflow/dags/ModelDevelopment/Training/Prophet.py
[2024-11-20T05:42:44.241+0000] {logging_mixin.py:188} INFO - [2024-11-20T05:42:44.241+0000] {plot.py:39} ERROR - Importing plotly failed. Interactive plots will not work.
[2024-11-20T05:42:44.596+0000] {processor.py:842} WARNING - No viable dags retrieved from /opt/airflow/dags/ModelDevelopment/Training/Prophet.py
[2024-11-20T05:42:44.601+0000] {processor.py:183} INFO - Processing /opt/airflow/dags/ModelDevelopment/Training/Prophet.py took 0.951 seconds
[2024-11-20T05:43:15.106+0000] {processor.py:161} INFO - Started process (PID=2313) to work on /opt/airflow/dags/ModelDevelopment/Training/Prophet.py
[2024-11-20T05:43:15.107+0000] {processor.py:830} INFO - Processing file /opt/airflow/dags/ModelDevelopment/Training/Prophet.py for tasks to queue
[2024-11-20T05:43:15.108+0000] {logging_mixin.py:188} INFO - [2024-11-20T05:43:15.107+0000] {dagbag.py:545} INFO - Filling up the DagBag from /opt/airflow/dags/ModelDevelopment/Training/Prophet.py
[2024-11-20T05:43:15.716+0000] {logging_mixin.py:188} INFO - [2024-11-20T05:43:15.715+0000] {plot.py:39} ERROR - Importing plotly failed. Interactive plots will not work.
[2024-11-20T05:43:16.102+0000] {processor.py:842} WARNING - No viable dags retrieved from /opt/airflow/dags/ModelDevelopment/Training/Prophet.py
[2024-11-20T05:43:16.108+0000] {processor.py:183} INFO - Processing /opt/airflow/dags/ModelDevelopment/Training/Prophet.py took 1.004 seconds
[2024-11-20T05:43:47.421+0000] {processor.py:161} INFO - Started process (PID=2401) to work on /opt/airflow/dags/ModelDevelopment/Training/Prophet.py
[2024-11-20T05:43:47.422+0000] {processor.py:830} INFO - Processing file /opt/airflow/dags/ModelDevelopment/Training/Prophet.py for tasks to queue
[2024-11-20T05:43:47.423+0000] {logging_mixin.py:188} INFO - [2024-11-20T05:43:47.423+0000] {dagbag.py:545} INFO - Filling up the DagBag from /opt/airflow/dags/ModelDevelopment/Training/Prophet.py
[2024-11-20T05:43:48.068+0000] {logging_mixin.py:188} INFO - [2024-11-20T05:43:48.068+0000] {plot.py:39} ERROR - Importing plotly failed. Interactive plots will not work.
[2024-11-20T05:43:48.509+0000] {processor.py:842} WARNING - No viable dags retrieved from /opt/airflow/dags/ModelDevelopment/Training/Prophet.py
[2024-11-20T05:43:48.516+0000] {processor.py:183} INFO - Processing /opt/airflow/dags/ModelDevelopment/Training/Prophet.py took 1.099 seconds
[2024-11-20T05:44:19.897+0000] {processor.py:161} INFO - Started process (PID=2481) to work on /opt/airflow/dags/ModelDevelopment/Training/Prophet.py
[2024-11-20T05:44:19.898+0000] {processor.py:830} INFO - Processing file /opt/airflow/dags/ModelDevelopment/Training/Prophet.py for tasks to queue
[2024-11-20T05:44:19.902+0000] {logging_mixin.py:188} INFO - [2024-11-20T05:44:19.902+0000] {dagbag.py:545} INFO - Filling up the DagBag from /opt/airflow/dags/ModelDevelopment/Training/Prophet.py
[2024-11-20T05:44:20.678+0000] {logging_mixin.py:188} INFO - [2024-11-20T05:44:20.678+0000] {plot.py:39} ERROR - Importing plotly failed. Interactive plots will not work.
[2024-11-20T05:44:21.205+0000] {processor.py:842} WARNING - No viable dags retrieved from /opt/airflow/dags/ModelDevelopment/Training/Prophet.py
[2024-11-20T05:44:21.212+0000] {processor.py:183} INFO - Processing /opt/airflow/dags/ModelDevelopment/Training/Prophet.py took 1.318 seconds
[2024-11-20T05:44:51.986+0000] {processor.py:161} INFO - Started process (PID=2561) to work on /opt/airflow/dags/ModelDevelopment/Training/Prophet.py
[2024-11-20T05:44:51.987+0000] {processor.py:830} INFO - Processing file /opt/airflow/dags/ModelDevelopment/Training/Prophet.py for tasks to queue
[2024-11-20T05:44:51.988+0000] {logging_mixin.py:188} INFO - [2024-11-20T05:44:51.987+0000] {dagbag.py:545} INFO - Filling up the DagBag from /opt/airflow/dags/ModelDevelopment/Training/Prophet.py
[2024-11-20T05:44:52.627+0000] {logging_mixin.py:188} INFO - [2024-11-20T05:44:52.627+0000] {plot.py:39} ERROR - Importing plotly failed. Interactive plots will not work.
[2024-11-20T05:44:52.984+0000] {processor.py:842} WARNING - No viable dags retrieved from /opt/airflow/dags/ModelDevelopment/Training/Prophet.py
[2024-11-20T05:44:52.989+0000] {processor.py:183} INFO - Processing /opt/airflow/dags/ModelDevelopment/Training/Prophet.py took 1.007 seconds
[2024-11-20T05:45:23.278+0000] {processor.py:161} INFO - Started process (PID=2642) to work on /opt/airflow/dags/ModelDevelopment/Training/Prophet.py
[2024-11-20T05:45:23.279+0000] {processor.py:830} INFO - Processing file /opt/airflow/dags/ModelDevelopment/Training/Prophet.py for tasks to queue
[2024-11-20T05:45:23.280+0000] {logging_mixin.py:188} INFO - [2024-11-20T05:45:23.280+0000] {dagbag.py:545} INFO - Filling up the DagBag from /opt/airflow/dags/ModelDevelopment/Training/Prophet.py
[2024-11-20T05:45:24.069+0000] {logging_mixin.py:188} INFO - [2024-11-20T05:45:24.069+0000] {plot.py:39} ERROR - Importing plotly failed. Interactive plots will not work.
[2024-11-20T05:45:24.623+0000] {processor.py:842} WARNING - No viable dags retrieved from /opt/airflow/dags/ModelDevelopment/Training/Prophet.py
[2024-11-20T05:45:24.638+0000] {processor.py:183} INFO - Processing /opt/airflow/dags/ModelDevelopment/Training/Prophet.py took 1.365 seconds
[2024-11-20T05:45:56.092+0000] {processor.py:161} INFO - Started process (PID=2723) to work on /opt/airflow/dags/ModelDevelopment/Training/Prophet.py
[2024-11-20T05:45:56.093+0000] {processor.py:830} INFO - Processing file /opt/airflow/dags/ModelDevelopment/Training/Prophet.py for tasks to queue
[2024-11-20T05:45:56.095+0000] {logging_mixin.py:188} INFO - [2024-11-20T05:45:56.095+0000] {dagbag.py:545} INFO - Filling up the DagBag from /opt/airflow/dags/ModelDevelopment/Training/Prophet.py
[2024-11-20T05:45:57.527+0000] {logging_mixin.py:188} INFO - [2024-11-20T05:45:57.527+0000] {plot.py:39} ERROR - Importing plotly failed. Interactive plots will not work.
[2024-11-20T05:45:58.346+0000] {processor.py:842} WARNING - No viable dags retrieved from /opt/airflow/dags/ModelDevelopment/Training/Prophet.py
[2024-11-20T05:45:58.391+0000] {processor.py:183} INFO - Processing /opt/airflow/dags/ModelDevelopment/Training/Prophet.py took 2.302 seconds
[2024-11-20T05:46:28.839+0000] {processor.py:161} INFO - Started process (PID=2813) to work on /opt/airflow/dags/ModelDevelopment/Training/Prophet.py
[2024-11-20T05:46:28.839+0000] {processor.py:830} INFO - Processing file /opt/airflow/dags/ModelDevelopment/Training/Prophet.py for tasks to queue
[2024-11-20T05:46:28.840+0000] {logging_mixin.py:188} INFO - [2024-11-20T05:46:28.840+0000] {dagbag.py:545} INFO - Filling up the DagBag from /opt/airflow/dags/ModelDevelopment/Training/Prophet.py
[2024-11-20T05:46:29.451+0000] {logging_mixin.py:188} INFO - [2024-11-20T05:46:29.451+0000] {plot.py:39} ERROR - Importing plotly failed. Interactive plots will not work.
[2024-11-20T05:46:29.777+0000] {processor.py:842} WARNING - No viable dags retrieved from /opt/airflow/dags/ModelDevelopment/Training/Prophet.py
[2024-11-20T05:46:29.783+0000] {processor.py:183} INFO - Processing /opt/airflow/dags/ModelDevelopment/Training/Prophet.py took 0.947 seconds
[2024-11-20T05:47:00.303+0000] {processor.py:161} INFO - Started process (PID=2894) to work on /opt/airflow/dags/ModelDevelopment/Training/Prophet.py
[2024-11-20T05:47:00.303+0000] {processor.py:830} INFO - Processing file /opt/airflow/dags/ModelDevelopment/Training/Prophet.py for tasks to queue
[2024-11-20T05:47:00.304+0000] {logging_mixin.py:188} INFO - [2024-11-20T05:47:00.304+0000] {dagbag.py:545} INFO - Filling up the DagBag from /opt/airflow/dags/ModelDevelopment/Training/Prophet.py
[2024-11-20T05:47:01.097+0000] {logging_mixin.py:188} INFO - [2024-11-20T05:47:01.097+0000] {plot.py:39} ERROR - Importing plotly failed. Interactive plots will not work.
[2024-11-20T05:47:01.615+0000] {processor.py:842} WARNING - No viable dags retrieved from /opt/airflow/dags/ModelDevelopment/Training/Prophet.py
[2024-11-20T05:47:01.636+0000] {processor.py:183} INFO - Processing /opt/airflow/dags/ModelDevelopment/Training/Prophet.py took 1.336 seconds
[2024-11-20T05:47:31.958+0000] {processor.py:161} INFO - Started process (PID=2975) to work on /opt/airflow/dags/ModelDevelopment/Training/Prophet.py
[2024-11-20T05:47:31.958+0000] {processor.py:830} INFO - Processing file /opt/airflow/dags/ModelDevelopment/Training/Prophet.py for tasks to queue
[2024-11-20T05:47:31.959+0000] {logging_mixin.py:188} INFO - [2024-11-20T05:47:31.959+0000] {dagbag.py:545} INFO - Filling up the DagBag from /opt/airflow/dags/ModelDevelopment/Training/Prophet.py
[2024-11-20T05:47:32.739+0000] {logging_mixin.py:188} INFO - [2024-11-20T05:47:32.739+0000] {plot.py:39} ERROR - Importing plotly failed. Interactive plots will not work.
[2024-11-20T05:47:33.312+0000] {processor.py:842} WARNING - No viable dags retrieved from /opt/airflow/dags/ModelDevelopment/Training/Prophet.py
[2024-11-20T05:47:33.322+0000] {processor.py:183} INFO - Processing /opt/airflow/dags/ModelDevelopment/Training/Prophet.py took 1.366 seconds
[2024-11-20T05:48:03.381+0000] {processor.py:161} INFO - Started process (PID=3049) to work on /opt/airflow/dags/ModelDevelopment/Training/Prophet.py
[2024-11-20T05:48:03.382+0000] {processor.py:830} INFO - Processing file /opt/airflow/dags/ModelDevelopment/Training/Prophet.py for tasks to queue
[2024-11-20T05:48:03.383+0000] {logging_mixin.py:188} INFO - [2024-11-20T05:48:03.383+0000] {dagbag.py:545} INFO - Filling up the DagBag from /opt/airflow/dags/ModelDevelopment/Training/Prophet.py
[2024-11-20T05:48:03.970+0000] {logging_mixin.py:188} INFO - [2024-11-20T05:48:03.970+0000] {plot.py:39} ERROR - Importing plotly failed. Interactive plots will not work.
[2024-11-20T05:48:04.301+0000] {processor.py:842} WARNING - No viable dags retrieved from /opt/airflow/dags/ModelDevelopment/Training/Prophet.py
[2024-11-20T05:48:04.312+0000] {processor.py:183} INFO - Processing /opt/airflow/dags/ModelDevelopment/Training/Prophet.py took 0.934 seconds
[2024-11-20T05:48:35.166+0000] {processor.py:161} INFO - Started process (PID=3130) to work on /opt/airflow/dags/ModelDevelopment/Training/Prophet.py
[2024-11-20T05:48:35.167+0000] {processor.py:830} INFO - Processing file /opt/airflow/dags/ModelDevelopment/Training/Prophet.py for tasks to queue
[2024-11-20T05:48:35.168+0000] {logging_mixin.py:188} INFO - [2024-11-20T05:48:35.168+0000] {dagbag.py:545} INFO - Filling up the DagBag from /opt/airflow/dags/ModelDevelopment/Training/Prophet.py
[2024-11-20T05:48:35.776+0000] {logging_mixin.py:188} INFO - [2024-11-20T05:48:35.776+0000] {plot.py:39} ERROR - Importing plotly failed. Interactive plots will not work.
[2024-11-20T05:48:36.085+0000] {processor.py:842} WARNING - No viable dags retrieved from /opt/airflow/dags/ModelDevelopment/Training/Prophet.py
[2024-11-20T05:48:36.091+0000] {processor.py:183} INFO - Processing /opt/airflow/dags/ModelDevelopment/Training/Prophet.py took 0.927 seconds
[2024-11-20T05:49:06.172+0000] {processor.py:161} INFO - Started process (PID=3209) to work on /opt/airflow/dags/ModelDevelopment/Training/Prophet.py
[2024-11-20T05:49:06.172+0000] {processor.py:830} INFO - Processing file /opt/airflow/dags/ModelDevelopment/Training/Prophet.py for tasks to queue
[2024-11-20T05:49:06.173+0000] {logging_mixin.py:188} INFO - [2024-11-20T05:49:06.173+0000] {dagbag.py:545} INFO - Filling up the DagBag from /opt/airflow/dags/ModelDevelopment/Training/Prophet.py
[2024-11-20T05:49:06.740+0000] {logging_mixin.py:188} INFO - [2024-11-20T05:49:06.740+0000] {plot.py:39} ERROR - Importing plotly failed. Interactive plots will not work.
[2024-11-20T05:49:07.085+0000] {processor.py:842} WARNING - No viable dags retrieved from /opt/airflow/dags/ModelDevelopment/Training/Prophet.py
[2024-11-20T05:49:07.090+0000] {processor.py:183} INFO - Processing /opt/airflow/dags/ModelDevelopment/Training/Prophet.py took 0.921 seconds
[2024-11-20T05:49:38.374+0000] {processor.py:161} INFO - Started process (PID=3290) to work on /opt/airflow/dags/ModelDevelopment/Training/Prophet.py
[2024-11-20T05:49:38.375+0000] {processor.py:830} INFO - Processing file /opt/airflow/dags/ModelDevelopment/Training/Prophet.py for tasks to queue
[2024-11-20T05:49:38.378+0000] {logging_mixin.py:188} INFO - [2024-11-20T05:49:38.377+0000] {dagbag.py:545} INFO - Filling up the DagBag from /opt/airflow/dags/ModelDevelopment/Training/Prophet.py
[2024-11-20T05:49:39.005+0000] {logging_mixin.py:188} INFO - [2024-11-20T05:49:39.005+0000] {plot.py:39} ERROR - Importing plotly failed. Interactive plots will not work.
[2024-11-20T05:49:40.010+0000] {processor.py:842} WARNING - No viable dags retrieved from /opt/airflow/dags/ModelDevelopment/Training/Prophet.py
[2024-11-20T05:49:40.023+0000] {processor.py:183} INFO - Processing /opt/airflow/dags/ModelDevelopment/Training/Prophet.py took 1.653 seconds
[2024-11-20T05:50:10.224+0000] {processor.py:161} INFO - Started process (PID=3373) to work on /opt/airflow/dags/ModelDevelopment/Training/Prophet.py
[2024-11-20T05:50:10.225+0000] {processor.py:830} INFO - Processing file /opt/airflow/dags/ModelDevelopment/Training/Prophet.py for tasks to queue
[2024-11-20T05:50:10.226+0000] {logging_mixin.py:188} INFO - [2024-11-20T05:50:10.225+0000] {dagbag.py:545} INFO - Filling up the DagBag from /opt/airflow/dags/ModelDevelopment/Training/Prophet.py
[2024-11-20T05:50:10.829+0000] {logging_mixin.py:188} INFO - [2024-11-20T05:50:10.829+0000] {plot.py:39} ERROR - Importing plotly failed. Interactive plots will not work.
[2024-11-20T05:50:11.196+0000] {processor.py:842} WARNING - No viable dags retrieved from /opt/airflow/dags/ModelDevelopment/Training/Prophet.py
[2024-11-20T05:50:11.202+0000] {processor.py:183} INFO - Processing /opt/airflow/dags/ModelDevelopment/Training/Prophet.py took 0.981 seconds
[2024-11-20T05:50:42.165+0000] {processor.py:161} INFO - Started process (PID=3452) to work on /opt/airflow/dags/ModelDevelopment/Training/Prophet.py
[2024-11-20T05:50:42.166+0000] {processor.py:830} INFO - Processing file /opt/airflow/dags/ModelDevelopment/Training/Prophet.py for tasks to queue
[2024-11-20T05:50:42.168+0000] {logging_mixin.py:188} INFO - [2024-11-20T05:50:42.168+0000] {dagbag.py:545} INFO - Filling up the DagBag from /opt/airflow/dags/ModelDevelopment/Training/Prophet.py
[2024-11-20T05:50:42.941+0000] {logging_mixin.py:188} INFO - [2024-11-20T05:50:42.940+0000] {plot.py:39} ERROR - Importing plotly failed. Interactive plots will not work.
[2024-11-20T05:50:43.309+0000] {processor.py:842} WARNING - No viable dags retrieved from /opt/airflow/dags/ModelDevelopment/Training/Prophet.py
[2024-11-20T05:50:43.314+0000] {processor.py:183} INFO - Processing /opt/airflow/dags/ModelDevelopment/Training/Prophet.py took 1.154 seconds
[2024-11-20T05:51:16.939+0000] {processor.py:161} INFO - Started process (PID=3533) to work on /opt/airflow/dags/ModelDevelopment/Training/Prophet.py
[2024-11-20T05:51:16.941+0000] {processor.py:830} INFO - Processing file /opt/airflow/dags/ModelDevelopment/Training/Prophet.py for tasks to queue
[2024-11-20T05:51:16.943+0000] {logging_mixin.py:188} INFO - [2024-11-20T05:51:16.943+0000] {dagbag.py:545} INFO - Filling up the DagBag from /opt/airflow/dags/ModelDevelopment/Training/Prophet.py
[2024-11-20T05:51:18.261+0000] {logging_mixin.py:188} INFO - [2024-11-20T05:51:18.259+0000] {plot.py:39} ERROR - Importing plotly failed. Interactive plots will not work.
[2024-11-20T05:51:19.553+0000] {processor.py:842} WARNING - No viable dags retrieved from /opt/airflow/dags/ModelDevelopment/Training/Prophet.py
[2024-11-20T05:51:19.613+0000] {processor.py:183} INFO - Processing /opt/airflow/dags/ModelDevelopment/Training/Prophet.py took 2.681 seconds
[2024-11-20T05:51:49.892+0000] {processor.py:161} INFO - Started process (PID=3629) to work on /opt/airflow/dags/ModelDevelopment/Training/Prophet.py
[2024-11-20T05:51:49.894+0000] {processor.py:830} INFO - Processing file /opt/airflow/dags/ModelDevelopment/Training/Prophet.py for tasks to queue
[2024-11-20T05:51:49.897+0000] {logging_mixin.py:188} INFO - [2024-11-20T05:51:49.896+0000] {dagbag.py:545} INFO - Filling up the DagBag from /opt/airflow/dags/ModelDevelopment/Training/Prophet.py
[2024-11-20T05:51:50.446+0000] {logging_mixin.py:188} INFO - [2024-11-20T05:51:50.446+0000] {plot.py:39} ERROR - Importing plotly failed. Interactive plots will not work.
[2024-11-20T05:51:50.761+0000] {processor.py:842} WARNING - No viable dags retrieved from /opt/airflow/dags/ModelDevelopment/Training/Prophet.py
[2024-11-20T05:51:50.767+0000] {processor.py:183} INFO - Processing /opt/airflow/dags/ModelDevelopment/Training/Prophet.py took 0.883 seconds
[2024-11-20T05:52:21.122+0000] {processor.py:161} INFO - Started process (PID=3710) to work on /opt/airflow/dags/ModelDevelopment/Training/Prophet.py
[2024-11-20T05:52:21.124+0000] {processor.py:830} INFO - Processing file /opt/airflow/dags/ModelDevelopment/Training/Prophet.py for tasks to queue
[2024-11-20T05:52:21.126+0000] {logging_mixin.py:188} INFO - [2024-11-20T05:52:21.125+0000] {dagbag.py:545} INFO - Filling up the DagBag from /opt/airflow/dags/ModelDevelopment/Training/Prophet.py
[2024-11-20T05:52:21.633+0000] {logging_mixin.py:188} INFO - [2024-11-20T05:52:21.633+0000] {plot.py:39} ERROR - Importing plotly failed. Interactive plots will not work.
[2024-11-20T05:52:21.964+0000] {processor.py:842} WARNING - No viable dags retrieved from /opt/airflow/dags/ModelDevelopment/Training/Prophet.py
[2024-11-20T05:52:21.970+0000] {processor.py:183} INFO - Processing /opt/airflow/dags/ModelDevelopment/Training/Prophet.py took 0.854 seconds
[2024-11-20T05:52:52.309+0000] {processor.py:161} INFO - Started process (PID=3791) to work on /opt/airflow/dags/ModelDevelopment/Training/Prophet.py
[2024-11-20T05:52:52.310+0000] {processor.py:830} INFO - Processing file /opt/airflow/dags/ModelDevelopment/Training/Prophet.py for tasks to queue
[2024-11-20T05:52:52.311+0000] {logging_mixin.py:188} INFO - [2024-11-20T05:52:52.311+0000] {dagbag.py:545} INFO - Filling up the DagBag from /opt/airflow/dags/ModelDevelopment/Training/Prophet.py
[2024-11-20T05:52:52.799+0000] {logging_mixin.py:188} INFO - [2024-11-20T05:52:52.799+0000] {plot.py:39} ERROR - Importing plotly failed. Interactive plots will not work.
[2024-11-20T05:52:53.106+0000] {processor.py:842} WARNING - No viable dags retrieved from /opt/airflow/dags/ModelDevelopment/Training/Prophet.py
[2024-11-20T05:52:53.111+0000] {processor.py:183} INFO - Processing /opt/airflow/dags/ModelDevelopment/Training/Prophet.py took 0.805 seconds
[2024-11-20T05:53:23.798+0000] {processor.py:161} INFO - Started process (PID=3872) to work on /opt/airflow/dags/ModelDevelopment/Training/Prophet.py
[2024-11-20T05:53:23.799+0000] {processor.py:830} INFO - Processing file /opt/airflow/dags/ModelDevelopment/Training/Prophet.py for tasks to queue
[2024-11-20T05:53:23.799+0000] {logging_mixin.py:188} INFO - [2024-11-20T05:53:23.799+0000] {dagbag.py:545} INFO - Filling up the DagBag from /opt/airflow/dags/ModelDevelopment/Training/Prophet.py
[2024-11-20T05:53:24.349+0000] {logging_mixin.py:188} INFO - [2024-11-20T05:53:24.348+0000] {plot.py:39} ERROR - Importing plotly failed. Interactive plots will not work.
[2024-11-20T05:53:24.610+0000] {processor.py:842} WARNING - No viable dags retrieved from /opt/airflow/dags/ModelDevelopment/Training/Prophet.py
[2024-11-20T05:53:24.616+0000] {processor.py:183} INFO - Processing /opt/airflow/dags/ModelDevelopment/Training/Prophet.py took 0.820 seconds
[2024-11-20T05:53:55.101+0000] {processor.py:161} INFO - Started process (PID=3953) to work on /opt/airflow/dags/ModelDevelopment/Training/Prophet.py
[2024-11-20T05:53:55.102+0000] {processor.py:830} INFO - Processing file /opt/airflow/dags/ModelDevelopment/Training/Prophet.py for tasks to queue
[2024-11-20T05:53:55.102+0000] {logging_mixin.py:188} INFO - [2024-11-20T05:53:55.102+0000] {dagbag.py:545} INFO - Filling up the DagBag from /opt/airflow/dags/ModelDevelopment/Training/Prophet.py
[2024-11-20T05:53:55.672+0000] {logging_mixin.py:188} INFO - [2024-11-20T05:53:55.672+0000] {plot.py:39} ERROR - Importing plotly failed. Interactive plots will not work.
[2024-11-20T05:53:56.027+0000] {processor.py:842} WARNING - No viable dags retrieved from /opt/airflow/dags/ModelDevelopment/Training/Prophet.py
[2024-11-20T05:53:56.034+0000] {processor.py:183} INFO - Processing /opt/airflow/dags/ModelDevelopment/Training/Prophet.py took 0.936 seconds
[2024-11-20T05:54:27.252+0000] {processor.py:161} INFO - Started process (PID=4033) to work on /opt/airflow/dags/ModelDevelopment/Training/Prophet.py
[2024-11-20T05:54:27.255+0000] {processor.py:830} INFO - Processing file /opt/airflow/dags/ModelDevelopment/Training/Prophet.py for tasks to queue
[2024-11-20T05:54:27.258+0000] {logging_mixin.py:188} INFO - [2024-11-20T05:54:27.257+0000] {dagbag.py:545} INFO - Filling up the DagBag from /opt/airflow/dags/ModelDevelopment/Training/Prophet.py
[2024-11-20T05:54:28.312+0000] {logging_mixin.py:188} INFO - [2024-11-20T05:54:28.312+0000] {plot.py:39} ERROR - Importing plotly failed. Interactive plots will not work.
[2024-11-20T05:54:28.690+0000] {processor.py:842} WARNING - No viable dags retrieved from /opt/airflow/dags/ModelDevelopment/Training/Prophet.py
[2024-11-20T05:54:28.698+0000] {processor.py:183} INFO - Processing /opt/airflow/dags/ModelDevelopment/Training/Prophet.py took 1.449 seconds
[2024-11-20T05:54:58.863+0000] {processor.py:161} INFO - Started process (PID=4105) to work on /opt/airflow/dags/ModelDevelopment/Training/Prophet.py
[2024-11-20T05:54:58.865+0000] {processor.py:830} INFO - Processing file /opt/airflow/dags/ModelDevelopment/Training/Prophet.py for tasks to queue
[2024-11-20T05:54:58.867+0000] {logging_mixin.py:188} INFO - [2024-11-20T05:54:58.867+0000] {dagbag.py:545} INFO - Filling up the DagBag from /opt/airflow/dags/ModelDevelopment/Training/Prophet.py
[2024-11-20T05:54:59.714+0000] {logging_mixin.py:188} INFO - [2024-11-20T05:54:59.714+0000] {plot.py:39} ERROR - Importing plotly failed. Interactive plots will not work.
[2024-11-20T05:55:00.058+0000] {processor.py:842} WARNING - No viable dags retrieved from /opt/airflow/dags/ModelDevelopment/Training/Prophet.py
[2024-11-20T05:55:00.065+0000] {processor.py:183} INFO - Processing /opt/airflow/dags/ModelDevelopment/Training/Prophet.py took 1.225 seconds
[2024-11-20T05:55:30.805+0000] {processor.py:161} INFO - Started process (PID=4195) to work on /opt/airflow/dags/ModelDevelopment/Training/Prophet.py
[2024-11-20T05:55:30.806+0000] {processor.py:830} INFO - Processing file /opt/airflow/dags/ModelDevelopment/Training/Prophet.py for tasks to queue
[2024-11-20T05:55:30.808+0000] {logging_mixin.py:188} INFO - [2024-11-20T05:55:30.807+0000] {dagbag.py:545} INFO - Filling up the DagBag from /opt/airflow/dags/ModelDevelopment/Training/Prophet.py
[2024-11-20T05:55:31.666+0000] {logging_mixin.py:188} INFO - [2024-11-20T05:55:31.666+0000] {plot.py:39} ERROR - Importing plotly failed. Interactive plots will not work.
[2024-11-20T05:55:32.051+0000] {processor.py:842} WARNING - No viable dags retrieved from /opt/airflow/dags/ModelDevelopment/Training/Prophet.py
[2024-11-20T05:55:32.063+0000] {processor.py:183} INFO - Processing /opt/airflow/dags/ModelDevelopment/Training/Prophet.py took 1.262 seconds
[2024-11-20T05:56:02.409+0000] {processor.py:161} INFO - Started process (PID=4276) to work on /opt/airflow/dags/ModelDevelopment/Training/Prophet.py
[2024-11-20T05:56:02.409+0000] {processor.py:830} INFO - Processing file /opt/airflow/dags/ModelDevelopment/Training/Prophet.py for tasks to queue
[2024-11-20T05:56:02.410+0000] {logging_mixin.py:188} INFO - [2024-11-20T05:56:02.410+0000] {dagbag.py:545} INFO - Filling up the DagBag from /opt/airflow/dags/ModelDevelopment/Training/Prophet.py
[2024-11-20T05:56:02.982+0000] {logging_mixin.py:188} INFO - [2024-11-20T05:56:02.982+0000] {plot.py:39} ERROR - Importing plotly failed. Interactive plots will not work.
[2024-11-20T05:56:03.294+0000] {processor.py:842} WARNING - No viable dags retrieved from /opt/airflow/dags/ModelDevelopment/Training/Prophet.py
[2024-11-20T05:56:03.301+0000] {processor.py:183} INFO - Processing /opt/airflow/dags/ModelDevelopment/Training/Prophet.py took 0.895 seconds
[2024-11-20T05:56:35.697+0000] {processor.py:161} INFO - Started process (PID=4348) to work on /opt/airflow/dags/ModelDevelopment/Training/Prophet.py
[2024-11-20T05:56:35.700+0000] {processor.py:830} INFO - Processing file /opt/airflow/dags/ModelDevelopment/Training/Prophet.py for tasks to queue
[2024-11-20T05:56:35.704+0000] {logging_mixin.py:188} INFO - [2024-11-20T05:56:35.703+0000] {dagbag.py:545} INFO - Filling up the DagBag from /opt/airflow/dags/ModelDevelopment/Training/Prophet.py
[2024-11-20T05:56:36.810+0000] {logging_mixin.py:188} INFO - [2024-11-20T05:56:36.810+0000] {plot.py:39} ERROR - Importing plotly failed. Interactive plots will not work.
[2024-11-20T05:56:37.436+0000] {processor.py:842} WARNING - No viable dags retrieved from /opt/airflow/dags/ModelDevelopment/Training/Prophet.py
[2024-11-20T05:56:37.453+0000] {processor.py:183} INFO - Processing /opt/airflow/dags/ModelDevelopment/Training/Prophet.py took 1.763 seconds
[2024-11-20T05:57:08.119+0000] {processor.py:161} INFO - Started process (PID=4438) to work on /opt/airflow/dags/ModelDevelopment/Training/Prophet.py
[2024-11-20T05:57:08.120+0000] {processor.py:830} INFO - Processing file /opt/airflow/dags/ModelDevelopment/Training/Prophet.py for tasks to queue
[2024-11-20T05:57:08.122+0000] {logging_mixin.py:188} INFO - [2024-11-20T05:57:08.121+0000] {dagbag.py:545} INFO - Filling up the DagBag from /opt/airflow/dags/ModelDevelopment/Training/Prophet.py
[2024-11-20T05:57:08.779+0000] {logging_mixin.py:188} INFO - [2024-11-20T05:57:08.779+0000] {plot.py:39} ERROR - Importing plotly failed. Interactive plots will not work.
[2024-11-20T05:57:09.074+0000] {processor.py:842} WARNING - No viable dags retrieved from /opt/airflow/dags/ModelDevelopment/Training/Prophet.py
[2024-11-20T05:57:09.080+0000] {processor.py:183} INFO - Processing /opt/airflow/dags/ModelDevelopment/Training/Prophet.py took 0.967 seconds
[2024-11-20T05:57:39.203+0000] {processor.py:161} INFO - Started process (PID=4519) to work on /opt/airflow/dags/ModelDevelopment/Training/Prophet.py
[2024-11-20T05:57:39.204+0000] {processor.py:830} INFO - Processing file /opt/airflow/dags/ModelDevelopment/Training/Prophet.py for tasks to queue
[2024-11-20T05:57:39.205+0000] {logging_mixin.py:188} INFO - [2024-11-20T05:57:39.205+0000] {dagbag.py:545} INFO - Filling up the DagBag from /opt/airflow/dags/ModelDevelopment/Training/Prophet.py
[2024-11-20T05:57:39.993+0000] {logging_mixin.py:188} INFO - [2024-11-20T05:57:39.993+0000] {plot.py:39} ERROR - Importing plotly failed. Interactive plots will not work.
[2024-11-20T05:57:40.398+0000] {processor.py:842} WARNING - No viable dags retrieved from /opt/airflow/dags/ModelDevelopment/Training/Prophet.py
[2024-11-20T05:57:40.404+0000] {processor.py:183} INFO - Processing /opt/airflow/dags/ModelDevelopment/Training/Prophet.py took 1.204 seconds
[2024-11-20T05:58:10.799+0000] {processor.py:161} INFO - Started process (PID=4600) to work on /opt/airflow/dags/ModelDevelopment/Training/Prophet.py
[2024-11-20T05:58:10.800+0000] {processor.py:830} INFO - Processing file /opt/airflow/dags/ModelDevelopment/Training/Prophet.py for tasks to queue
[2024-11-20T05:58:10.801+0000] {logging_mixin.py:188} INFO - [2024-11-20T05:58:10.801+0000] {dagbag.py:545} INFO - Filling up the DagBag from /opt/airflow/dags/ModelDevelopment/Training/Prophet.py
[2024-11-20T05:58:11.491+0000] {logging_mixin.py:188} INFO - [2024-11-20T05:58:11.490+0000] {plot.py:39} ERROR - Importing plotly failed. Interactive plots will not work.
[2024-11-20T05:58:11.805+0000] {processor.py:842} WARNING - No viable dags retrieved from /opt/airflow/dags/ModelDevelopment/Training/Prophet.py
[2024-11-20T05:58:11.811+0000] {processor.py:183} INFO - Processing /opt/airflow/dags/ModelDevelopment/Training/Prophet.py took 1.016 seconds
[2024-11-20T05:58:42.776+0000] {processor.py:161} INFO - Started process (PID=4681) to work on /opt/airflow/dags/ModelDevelopment/Training/Prophet.py
[2024-11-20T05:58:42.777+0000] {processor.py:830} INFO - Processing file /opt/airflow/dags/ModelDevelopment/Training/Prophet.py for tasks to queue
[2024-11-20T05:58:42.778+0000] {logging_mixin.py:188} INFO - [2024-11-20T05:58:42.778+0000] {dagbag.py:545} INFO - Filling up the DagBag from /opt/airflow/dags/ModelDevelopment/Training/Prophet.py
[2024-11-20T05:58:43.498+0000] {logging_mixin.py:188} INFO - [2024-11-20T05:58:43.497+0000] {plot.py:39} ERROR - Importing plotly failed. Interactive plots will not work.
[2024-11-20T05:58:43.875+0000] {processor.py:842} WARNING - No viable dags retrieved from /opt/airflow/dags/ModelDevelopment/Training/Prophet.py
[2024-11-20T05:58:43.883+0000] {processor.py:183} INFO - Processing /opt/airflow/dags/ModelDevelopment/Training/Prophet.py took 1.112 seconds
[2024-11-20T05:59:13.963+0000] {processor.py:161} INFO - Started process (PID=4762) to work on /opt/airflow/dags/ModelDevelopment/Training/Prophet.py
[2024-11-20T05:59:13.964+0000] {processor.py:830} INFO - Processing file /opt/airflow/dags/ModelDevelopment/Training/Prophet.py for tasks to queue
[2024-11-20T05:59:13.965+0000] {logging_mixin.py:188} INFO - [2024-11-20T05:59:13.965+0000] {dagbag.py:545} INFO - Filling up the DagBag from /opt/airflow/dags/ModelDevelopment/Training/Prophet.py
[2024-11-20T05:59:14.707+0000] {logging_mixin.py:188} INFO - [2024-11-20T05:59:14.707+0000] {plot.py:39} ERROR - Importing plotly failed. Interactive plots will not work.
[2024-11-20T05:59:15.077+0000] {processor.py:842} WARNING - No viable dags retrieved from /opt/airflow/dags/ModelDevelopment/Training/Prophet.py
[2024-11-20T05:59:15.084+0000] {processor.py:183} INFO - Processing /opt/airflow/dags/ModelDevelopment/Training/Prophet.py took 1.126 seconds
[2024-11-20T05:59:45.324+0000] {processor.py:161} INFO - Started process (PID=4843) to work on /opt/airflow/dags/ModelDevelopment/Training/Prophet.py
[2024-11-20T05:59:45.325+0000] {processor.py:830} INFO - Processing file /opt/airflow/dags/ModelDevelopment/Training/Prophet.py for tasks to queue
[2024-11-20T05:59:45.326+0000] {logging_mixin.py:188} INFO - [2024-11-20T05:59:45.325+0000] {dagbag.py:545} INFO - Filling up the DagBag from /opt/airflow/dags/ModelDevelopment/Training/Prophet.py
[2024-11-20T05:59:46.184+0000] {logging_mixin.py:188} INFO - [2024-11-20T05:59:46.183+0000] {plot.py:39} ERROR - Importing plotly failed. Interactive plots will not work.
[2024-11-20T05:59:46.798+0000] {processor.py:842} WARNING - No viable dags retrieved from /opt/airflow/dags/ModelDevelopment/Training/Prophet.py
[2024-11-20T05:59:46.805+0000] {processor.py:183} INFO - Processing /opt/airflow/dags/ModelDevelopment/Training/Prophet.py took 1.485 seconds
[2024-11-20T06:00:17.208+0000] {processor.py:161} INFO - Started process (PID=4924) to work on /opt/airflow/dags/ModelDevelopment/Training/Prophet.py
[2024-11-20T06:00:17.209+0000] {processor.py:830} INFO - Processing file /opt/airflow/dags/ModelDevelopment/Training/Prophet.py for tasks to queue
[2024-11-20T06:00:17.210+0000] {logging_mixin.py:188} INFO - [2024-11-20T06:00:17.210+0000] {dagbag.py:545} INFO - Filling up the DagBag from /opt/airflow/dags/ModelDevelopment/Training/Prophet.py
[2024-11-20T06:00:18.050+0000] {logging_mixin.py:188} INFO - [2024-11-20T06:00:18.050+0000] {plot.py:39} ERROR - Importing plotly failed. Interactive plots will not work.
[2024-11-20T06:00:18.480+0000] {processor.py:842} WARNING - No viable dags retrieved from /opt/airflow/dags/ModelDevelopment/Training/Prophet.py
[2024-11-20T06:00:18.487+0000] {processor.py:183} INFO - Processing /opt/airflow/dags/ModelDevelopment/Training/Prophet.py took 1.284 seconds
[2024-11-20T06:00:48.946+0000] {processor.py:161} INFO - Started process (PID=5005) to work on /opt/airflow/dags/ModelDevelopment/Training/Prophet.py
[2024-11-20T06:00:48.947+0000] {processor.py:830} INFO - Processing file /opt/airflow/dags/ModelDevelopment/Training/Prophet.py for tasks to queue
[2024-11-20T06:00:48.948+0000] {logging_mixin.py:188} INFO - [2024-11-20T06:00:48.948+0000] {dagbag.py:545} INFO - Filling up the DagBag from /opt/airflow/dags/ModelDevelopment/Training/Prophet.py
[2024-11-20T06:00:49.899+0000] {logging_mixin.py:188} INFO - [2024-11-20T06:00:49.899+0000] {plot.py:39} ERROR - Importing plotly failed. Interactive plots will not work.
[2024-11-20T06:00:50.337+0000] {processor.py:842} WARNING - No viable dags retrieved from /opt/airflow/dags/ModelDevelopment/Training/Prophet.py
[2024-11-20T06:00:50.346+0000] {processor.py:183} INFO - Processing /opt/airflow/dags/ModelDevelopment/Training/Prophet.py took 1.403 seconds
[2024-11-20T06:01:21.135+0000] {processor.py:161} INFO - Started process (PID=5091) to work on /opt/airflow/dags/ModelDevelopment/Training/Prophet.py
[2024-11-20T06:01:21.137+0000] {processor.py:830} INFO - Processing file /opt/airflow/dags/ModelDevelopment/Training/Prophet.py for tasks to queue
[2024-11-20T06:01:21.139+0000] {logging_mixin.py:188} INFO - [2024-11-20T06:01:21.139+0000] {dagbag.py:545} INFO - Filling up the DagBag from /opt/airflow/dags/ModelDevelopment/Training/Prophet.py
[2024-11-20T06:01:22.005+0000] {logging_mixin.py:188} INFO - [2024-11-20T06:01:22.005+0000] {plot.py:39} ERROR - Importing plotly failed. Interactive plots will not work.
[2024-11-20T06:01:23.514+0000] {processor.py:842} WARNING - No viable dags retrieved from /opt/airflow/dags/ModelDevelopment/Training/Prophet.py
[2024-11-20T06:01:23.552+0000] {processor.py:183} INFO - Processing /opt/airflow/dags/ModelDevelopment/Training/Prophet.py took 2.420 seconds
