[2024-11-20T05:28:50.074+0000] {processor.py:161} INFO - Started process (PID=104) to work on /opt/airflow/dags/ModelDevelopment/Training/RandomForest.py
[2024-11-20T05:28:50.076+0000] {processor.py:830} INFO - Processing file /opt/airflow/dags/ModelDevelopment/Training/RandomForest.py for tasks to queue
[2024-11-20T05:28:50.079+0000] {logging_mixin.py:188} INFO - [2024-11-20T05:28:50.078+0000] {dagbag.py:545} INFO - Filling up the DagBag from /opt/airflow/dags/ModelDevelopment/Training/RandomForest.py
[2024-11-20T05:28:51.248+0000] {processor.py:842} WARNING - No viable dags retrieved from /opt/airflow/dags/ModelDevelopment/Training/RandomForest.py
[2024-11-20T05:28:51.258+0000] {processor.py:183} INFO - Processing /opt/airflow/dags/ModelDevelopment/Training/RandomForest.py took 1.189 seconds
[2024-11-20T05:29:22.099+0000] {processor.py:161} INFO - Started process (PID=193) to work on /opt/airflow/dags/ModelDevelopment/Training/RandomForest.py
[2024-11-20T05:29:22.100+0000] {processor.py:830} INFO - Processing file /opt/airflow/dags/ModelDevelopment/Training/RandomForest.py for tasks to queue
[2024-11-20T05:29:22.101+0000] {logging_mixin.py:188} INFO - [2024-11-20T05:29:22.101+0000] {dagbag.py:545} INFO - Filling up the DagBag from /opt/airflow/dags/ModelDevelopment/Training/RandomForest.py
[2024-11-20T05:29:23.057+0000] {processor.py:842} WARNING - No viable dags retrieved from /opt/airflow/dags/ModelDevelopment/Training/RandomForest.py
[2024-11-20T05:29:23.083+0000] {processor.py:183} INFO - Processing /opt/airflow/dags/ModelDevelopment/Training/RandomForest.py took 0.986 seconds
[2024-11-20T05:29:54.032+0000] {processor.py:161} INFO - Started process (PID=274) to work on /opt/airflow/dags/ModelDevelopment/Training/RandomForest.py
[2024-11-20T05:29:54.032+0000] {processor.py:830} INFO - Processing file /opt/airflow/dags/ModelDevelopment/Training/RandomForest.py for tasks to queue
[2024-11-20T05:29:54.034+0000] {logging_mixin.py:188} INFO - [2024-11-20T05:29:54.034+0000] {dagbag.py:545} INFO - Filling up the DagBag from /opt/airflow/dags/ModelDevelopment/Training/RandomForest.py
[2024-11-20T05:29:55.394+0000] {processor.py:842} WARNING - No viable dags retrieved from /opt/airflow/dags/ModelDevelopment/Training/RandomForest.py
[2024-11-20T05:29:55.415+0000] {processor.py:183} INFO - Processing /opt/airflow/dags/ModelDevelopment/Training/RandomForest.py took 1.388 seconds
[2024-11-20T05:30:25.484+0000] {processor.py:161} INFO - Started process (PID=347) to work on /opt/airflow/dags/ModelDevelopment/Training/RandomForest.py
[2024-11-20T05:30:25.486+0000] {processor.py:830} INFO - Processing file /opt/airflow/dags/ModelDevelopment/Training/RandomForest.py for tasks to queue
[2024-11-20T05:30:25.487+0000] {logging_mixin.py:188} INFO - [2024-11-20T05:30:25.487+0000] {dagbag.py:545} INFO - Filling up the DagBag from /opt/airflow/dags/ModelDevelopment/Training/RandomForest.py
[2024-11-20T05:30:26.454+0000] {processor.py:842} WARNING - No viable dags retrieved from /opt/airflow/dags/ModelDevelopment/Training/RandomForest.py
[2024-11-20T05:30:26.467+0000] {processor.py:183} INFO - Processing /opt/airflow/dags/ModelDevelopment/Training/RandomForest.py took 0.985 seconds
[2024-11-20T05:30:56.956+0000] {processor.py:161} INFO - Started process (PID=428) to work on /opt/airflow/dags/ModelDevelopment/Training/RandomForest.py
[2024-11-20T05:30:56.956+0000] {processor.py:830} INFO - Processing file /opt/airflow/dags/ModelDevelopment/Training/RandomForest.py for tasks to queue
[2024-11-20T05:30:56.958+0000] {logging_mixin.py:188} INFO - [2024-11-20T05:30:56.958+0000] {dagbag.py:545} INFO - Filling up the DagBag from /opt/airflow/dags/ModelDevelopment/Training/RandomForest.py
[2024-11-20T05:30:58.131+0000] {processor.py:842} WARNING - No viable dags retrieved from /opt/airflow/dags/ModelDevelopment/Training/RandomForest.py
[2024-11-20T05:30:58.286+0000] {processor.py:183} INFO - Processing /opt/airflow/dags/ModelDevelopment/Training/RandomForest.py took 1.329 seconds
[2024-11-20T05:31:28.405+0000] {processor.py:161} INFO - Started process (PID=509) to work on /opt/airflow/dags/ModelDevelopment/Training/RandomForest.py
[2024-11-20T05:31:28.406+0000] {processor.py:830} INFO - Processing file /opt/airflow/dags/ModelDevelopment/Training/RandomForest.py for tasks to queue
[2024-11-20T05:31:28.407+0000] {logging_mixin.py:188} INFO - [2024-11-20T05:31:28.407+0000] {dagbag.py:545} INFO - Filling up the DagBag from /opt/airflow/dags/ModelDevelopment/Training/RandomForest.py
[2024-11-20T05:31:30.131+0000] {processor.py:842} WARNING - No viable dags retrieved from /opt/airflow/dags/ModelDevelopment/Training/RandomForest.py
[2024-11-20T05:31:30.138+0000] {processor.py:183} INFO - Processing /opt/airflow/dags/ModelDevelopment/Training/RandomForest.py took 1.737 seconds
[2024-11-20T05:32:00.275+0000] {processor.py:161} INFO - Started process (PID=598) to work on /opt/airflow/dags/ModelDevelopment/Training/RandomForest.py
[2024-11-20T05:32:00.276+0000] {processor.py:830} INFO - Processing file /opt/airflow/dags/ModelDevelopment/Training/RandomForest.py for tasks to queue
[2024-11-20T05:32:00.278+0000] {logging_mixin.py:188} INFO - [2024-11-20T05:32:00.278+0000] {dagbag.py:545} INFO - Filling up the DagBag from /opt/airflow/dags/ModelDevelopment/Training/RandomForest.py
[2024-11-20T05:32:01.859+0000] {processor.py:842} WARNING - No viable dags retrieved from /opt/airflow/dags/ModelDevelopment/Training/RandomForest.py
[2024-11-20T05:32:01.868+0000] {processor.py:183} INFO - Processing /opt/airflow/dags/ModelDevelopment/Training/RandomForest.py took 1.598 seconds
[2024-11-20T05:32:33.263+0000] {processor.py:161} INFO - Started process (PID=678) to work on /opt/airflow/dags/ModelDevelopment/Training/RandomForest.py
[2024-11-20T05:32:33.271+0000] {processor.py:830} INFO - Processing file /opt/airflow/dags/ModelDevelopment/Training/RandomForest.py for tasks to queue
[2024-11-20T05:32:33.272+0000] {logging_mixin.py:188} INFO - [2024-11-20T05:32:33.272+0000] {dagbag.py:545} INFO - Filling up the DagBag from /opt/airflow/dags/ModelDevelopment/Training/RandomForest.py
[2024-11-20T05:32:34.418+0000] {processor.py:842} WARNING - No viable dags retrieved from /opt/airflow/dags/ModelDevelopment/Training/RandomForest.py
[2024-11-20T05:32:34.430+0000] {processor.py:183} INFO - Processing /opt/airflow/dags/ModelDevelopment/Training/RandomForest.py took 1.170 seconds
[2024-11-20T05:33:05.176+0000] {processor.py:161} INFO - Started process (PID=760) to work on /opt/airflow/dags/ModelDevelopment/Training/RandomForest.py
[2024-11-20T05:33:05.176+0000] {processor.py:830} INFO - Processing file /opt/airflow/dags/ModelDevelopment/Training/RandomForest.py for tasks to queue
[2024-11-20T05:33:05.177+0000] {logging_mixin.py:188} INFO - [2024-11-20T05:33:05.177+0000] {dagbag.py:545} INFO - Filling up the DagBag from /opt/airflow/dags/ModelDevelopment/Training/RandomForest.py
[2024-11-20T05:33:06.537+0000] {processor.py:842} WARNING - No viable dags retrieved from /opt/airflow/dags/ModelDevelopment/Training/RandomForest.py
[2024-11-20T05:33:06.557+0000] {processor.py:183} INFO - Processing /opt/airflow/dags/ModelDevelopment/Training/RandomForest.py took 1.385 seconds
[2024-11-20T05:33:39.223+0000] {processor.py:161} INFO - Started process (PID=841) to work on /opt/airflow/dags/ModelDevelopment/Training/RandomForest.py
[2024-11-20T05:33:39.224+0000] {processor.py:830} INFO - Processing file /opt/airflow/dags/ModelDevelopment/Training/RandomForest.py for tasks to queue
[2024-11-20T05:33:39.225+0000] {logging_mixin.py:188} INFO - [2024-11-20T05:33:39.225+0000] {dagbag.py:545} INFO - Filling up the DagBag from /opt/airflow/dags/ModelDevelopment/Training/RandomForest.py
[2024-11-20T05:33:40.556+0000] {processor.py:842} WARNING - No viable dags retrieved from /opt/airflow/dags/ModelDevelopment/Training/RandomForest.py
[2024-11-20T05:33:40.575+0000] {processor.py:183} INFO - Processing /opt/airflow/dags/ModelDevelopment/Training/RandomForest.py took 1.356 seconds
[2024-11-20T05:34:11.207+0000] {processor.py:161} INFO - Started process (PID=922) to work on /opt/airflow/dags/ModelDevelopment/Training/RandomForest.py
[2024-11-20T05:34:11.208+0000] {processor.py:830} INFO - Processing file /opt/airflow/dags/ModelDevelopment/Training/RandomForest.py for tasks to queue
[2024-11-20T05:34:11.209+0000] {logging_mixin.py:188} INFO - [2024-11-20T05:34:11.208+0000] {dagbag.py:545} INFO - Filling up the DagBag from /opt/airflow/dags/ModelDevelopment/Training/RandomForest.py
[2024-11-20T05:34:12.116+0000] {processor.py:842} WARNING - No viable dags retrieved from /opt/airflow/dags/ModelDevelopment/Training/RandomForest.py
[2024-11-20T05:34:12.121+0000] {processor.py:183} INFO - Processing /opt/airflow/dags/ModelDevelopment/Training/RandomForest.py took 0.917 seconds
[2024-11-20T05:34:42.595+0000] {processor.py:161} INFO - Started process (PID=1003) to work on /opt/airflow/dags/ModelDevelopment/Training/RandomForest.py
[2024-11-20T05:34:42.596+0000] {processor.py:830} INFO - Processing file /opt/airflow/dags/ModelDevelopment/Training/RandomForest.py for tasks to queue
[2024-11-20T05:34:42.597+0000] {logging_mixin.py:188} INFO - [2024-11-20T05:34:42.597+0000] {dagbag.py:545} INFO - Filling up the DagBag from /opt/airflow/dags/ModelDevelopment/Training/RandomForest.py
[2024-11-20T05:34:43.888+0000] {processor.py:842} WARNING - No viable dags retrieved from /opt/airflow/dags/ModelDevelopment/Training/RandomForest.py
[2024-11-20T05:34:43.901+0000] {processor.py:183} INFO - Processing /opt/airflow/dags/ModelDevelopment/Training/RandomForest.py took 1.309 seconds
[2024-11-20T05:35:15.607+0000] {processor.py:161} INFO - Started process (PID=1090) to work on /opt/airflow/dags/ModelDevelopment/Training/RandomForest.py
[2024-11-20T05:35:15.609+0000] {processor.py:830} INFO - Processing file /opt/airflow/dags/ModelDevelopment/Training/RandomForest.py for tasks to queue
[2024-11-20T05:35:15.612+0000] {logging_mixin.py:188} INFO - [2024-11-20T05:35:15.611+0000] {dagbag.py:545} INFO - Filling up the DagBag from /opt/airflow/dags/ModelDevelopment/Training/RandomForest.py
[2024-11-20T05:35:16.899+0000] {processor.py:842} WARNING - No viable dags retrieved from /opt/airflow/dags/ModelDevelopment/Training/RandomForest.py
[2024-11-20T05:35:16.915+0000] {processor.py:183} INFO - Processing /opt/airflow/dags/ModelDevelopment/Training/RandomForest.py took 1.315 seconds
[2024-11-20T05:35:47.192+0000] {processor.py:161} INFO - Started process (PID=1171) to work on /opt/airflow/dags/ModelDevelopment/Training/RandomForest.py
[2024-11-20T05:35:47.193+0000] {processor.py:830} INFO - Processing file /opt/airflow/dags/ModelDevelopment/Training/RandomForest.py for tasks to queue
[2024-11-20T05:35:47.194+0000] {logging_mixin.py:188} INFO - [2024-11-20T05:35:47.194+0000] {dagbag.py:545} INFO - Filling up the DagBag from /opt/airflow/dags/ModelDevelopment/Training/RandomForest.py
[2024-11-20T05:35:48.199+0000] {processor.py:842} WARNING - No viable dags retrieved from /opt/airflow/dags/ModelDevelopment/Training/RandomForest.py
[2024-11-20T05:35:48.206+0000] {processor.py:183} INFO - Processing /opt/airflow/dags/ModelDevelopment/Training/RandomForest.py took 1.019 seconds
[2024-11-20T05:36:18.334+0000] {processor.py:161} INFO - Started process (PID=1251) to work on /opt/airflow/dags/ModelDevelopment/Training/RandomForest.py
[2024-11-20T05:36:18.335+0000] {processor.py:830} INFO - Processing file /opt/airflow/dags/ModelDevelopment/Training/RandomForest.py for tasks to queue
[2024-11-20T05:36:18.337+0000] {logging_mixin.py:188} INFO - [2024-11-20T05:36:18.336+0000] {dagbag.py:545} INFO - Filling up the DagBag from /opt/airflow/dags/ModelDevelopment/Training/RandomForest.py
[2024-11-20T05:36:19.803+0000] {processor.py:842} WARNING - No viable dags retrieved from /opt/airflow/dags/ModelDevelopment/Training/RandomForest.py
[2024-11-20T05:36:19.826+0000] {processor.py:183} INFO - Processing /opt/airflow/dags/ModelDevelopment/Training/RandomForest.py took 1.494 seconds
[2024-11-20T05:36:51.476+0000] {processor.py:161} INFO - Started process (PID=1324) to work on /opt/airflow/dags/ModelDevelopment/Training/RandomForest.py
[2024-11-20T05:36:51.476+0000] {processor.py:830} INFO - Processing file /opt/airflow/dags/ModelDevelopment/Training/RandomForest.py for tasks to queue
[2024-11-20T05:36:51.477+0000] {logging_mixin.py:188} INFO - [2024-11-20T05:36:51.477+0000] {dagbag.py:545} INFO - Filling up the DagBag from /opt/airflow/dags/ModelDevelopment/Training/RandomForest.py
[2024-11-20T05:36:52.766+0000] {processor.py:842} WARNING - No viable dags retrieved from /opt/airflow/dags/ModelDevelopment/Training/RandomForest.py
[2024-11-20T05:36:52.774+0000] {processor.py:183} INFO - Processing /opt/airflow/dags/ModelDevelopment/Training/RandomForest.py took 1.302 seconds
[2024-11-20T05:37:22.949+0000] {processor.py:161} INFO - Started process (PID=1405) to work on /opt/airflow/dags/ModelDevelopment/Training/RandomForest.py
[2024-11-20T05:37:22.953+0000] {processor.py:830} INFO - Processing file /opt/airflow/dags/ModelDevelopment/Training/RandomForest.py for tasks to queue
[2024-11-20T05:37:22.956+0000] {logging_mixin.py:188} INFO - [2024-11-20T05:37:22.955+0000] {dagbag.py:545} INFO - Filling up the DagBag from /opt/airflow/dags/ModelDevelopment/Training/RandomForest.py
[2024-11-20T05:37:24.031+0000] {processor.py:842} WARNING - No viable dags retrieved from /opt/airflow/dags/ModelDevelopment/Training/RandomForest.py
[2024-11-20T05:37:24.045+0000] {processor.py:183} INFO - Processing /opt/airflow/dags/ModelDevelopment/Training/RandomForest.py took 1.104 seconds
[2024-11-20T05:37:54.868+0000] {processor.py:161} INFO - Started process (PID=1486) to work on /opt/airflow/dags/ModelDevelopment/Training/RandomForest.py
[2024-11-20T05:37:54.869+0000] {processor.py:830} INFO - Processing file /opt/airflow/dags/ModelDevelopment/Training/RandomForest.py for tasks to queue
[2024-11-20T05:37:54.870+0000] {logging_mixin.py:188} INFO - [2024-11-20T05:37:54.870+0000] {dagbag.py:545} INFO - Filling up the DagBag from /opt/airflow/dags/ModelDevelopment/Training/RandomForest.py
[2024-11-20T05:37:55.931+0000] {processor.py:842} WARNING - No viable dags retrieved from /opt/airflow/dags/ModelDevelopment/Training/RandomForest.py
[2024-11-20T05:37:55.937+0000] {processor.py:183} INFO - Processing /opt/airflow/dags/ModelDevelopment/Training/RandomForest.py took 1.072 seconds
[2024-11-20T05:38:26.792+0000] {processor.py:161} INFO - Started process (PID=1574) to work on /opt/airflow/dags/ModelDevelopment/Training/RandomForest.py
[2024-11-20T05:38:26.799+0000] {processor.py:830} INFO - Processing file /opt/airflow/dags/ModelDevelopment/Training/RandomForest.py for tasks to queue
[2024-11-20T05:38:26.800+0000] {logging_mixin.py:188} INFO - [2024-11-20T05:38:26.800+0000] {dagbag.py:545} INFO - Filling up the DagBag from /opt/airflow/dags/ModelDevelopment/Training/RandomForest.py
[2024-11-20T05:38:27.934+0000] {processor.py:842} WARNING - No viable dags retrieved from /opt/airflow/dags/ModelDevelopment/Training/RandomForest.py
[2024-11-20T05:38:27.944+0000] {processor.py:183} INFO - Processing /opt/airflow/dags/ModelDevelopment/Training/RandomForest.py took 1.159 seconds
[2024-11-20T05:38:59.790+0000] {processor.py:161} INFO - Started process (PID=1656) to work on /opt/airflow/dags/ModelDevelopment/Training/RandomForest.py
[2024-11-20T05:38:59.791+0000] {processor.py:830} INFO - Processing file /opt/airflow/dags/ModelDevelopment/Training/RandomForest.py for tasks to queue
[2024-11-20T05:38:59.792+0000] {logging_mixin.py:188} INFO - [2024-11-20T05:38:59.792+0000] {dagbag.py:545} INFO - Filling up the DagBag from /opt/airflow/dags/ModelDevelopment/Training/RandomForest.py
[2024-11-20T05:39:00.840+0000] {processor.py:842} WARNING - No viable dags retrieved from /opt/airflow/dags/ModelDevelopment/Training/RandomForest.py
[2024-11-20T05:39:00.852+0000] {processor.py:183} INFO - Processing /opt/airflow/dags/ModelDevelopment/Training/RandomForest.py took 1.066 seconds
[2024-11-20T05:39:30.899+0000] {processor.py:161} INFO - Started process (PID=1737) to work on /opt/airflow/dags/ModelDevelopment/Training/RandomForest.py
[2024-11-20T05:39:30.900+0000] {processor.py:830} INFO - Processing file /opt/airflow/dags/ModelDevelopment/Training/RandomForest.py for tasks to queue
[2024-11-20T05:39:30.901+0000] {logging_mixin.py:188} INFO - [2024-11-20T05:39:30.900+0000] {dagbag.py:545} INFO - Filling up the DagBag from /opt/airflow/dags/ModelDevelopment/Training/RandomForest.py
[2024-11-20T05:39:32.060+0000] {processor.py:842} WARNING - No viable dags retrieved from /opt/airflow/dags/ModelDevelopment/Training/RandomForest.py
[2024-11-20T05:39:32.069+0000] {processor.py:183} INFO - Processing /opt/airflow/dags/ModelDevelopment/Training/RandomForest.py took 1.174 seconds
[2024-11-20T05:40:02.576+0000] {processor.py:161} INFO - Started process (PID=1818) to work on /opt/airflow/dags/ModelDevelopment/Training/RandomForest.py
[2024-11-20T05:40:02.577+0000] {processor.py:830} INFO - Processing file /opt/airflow/dags/ModelDevelopment/Training/RandomForest.py for tasks to queue
[2024-11-20T05:40:02.578+0000] {logging_mixin.py:188} INFO - [2024-11-20T05:40:02.578+0000] {dagbag.py:545} INFO - Filling up the DagBag from /opt/airflow/dags/ModelDevelopment/Training/RandomForest.py
[2024-11-20T05:40:03.595+0000] {processor.py:842} WARNING - No viable dags retrieved from /opt/airflow/dags/ModelDevelopment/Training/RandomForest.py
[2024-11-20T05:40:03.618+0000] {processor.py:183} INFO - Processing /opt/airflow/dags/ModelDevelopment/Training/RandomForest.py took 1.045 seconds
[2024-11-20T05:40:34.506+0000] {processor.py:161} INFO - Started process (PID=1891) to work on /opt/airflow/dags/ModelDevelopment/Training/RandomForest.py
[2024-11-20T05:40:34.507+0000] {processor.py:830} INFO - Processing file /opt/airflow/dags/ModelDevelopment/Training/RandomForest.py for tasks to queue
[2024-11-20T05:40:34.508+0000] {logging_mixin.py:188} INFO - [2024-11-20T05:40:34.507+0000] {dagbag.py:545} INFO - Filling up the DagBag from /opt/airflow/dags/ModelDevelopment/Training/RandomForest.py
[2024-11-20T05:40:35.543+0000] {processor.py:842} WARNING - No viable dags retrieved from /opt/airflow/dags/ModelDevelopment/Training/RandomForest.py
[2024-11-20T05:40:35.550+0000] {processor.py:183} INFO - Processing /opt/airflow/dags/ModelDevelopment/Training/RandomForest.py took 1.047 seconds
[2024-11-20T05:41:06.499+0000] {processor.py:161} INFO - Started process (PID=1980) to work on /opt/airflow/dags/ModelDevelopment/Training/RandomForest.py
[2024-11-20T05:41:06.500+0000] {processor.py:830} INFO - Processing file /opt/airflow/dags/ModelDevelopment/Training/RandomForest.py for tasks to queue
[2024-11-20T05:41:06.501+0000] {logging_mixin.py:188} INFO - [2024-11-20T05:41:06.501+0000] {dagbag.py:545} INFO - Filling up the DagBag from /opt/airflow/dags/ModelDevelopment/Training/RandomForest.py
[2024-11-20T05:41:07.531+0000] {processor.py:842} WARNING - No viable dags retrieved from /opt/airflow/dags/ModelDevelopment/Training/RandomForest.py
[2024-11-20T05:41:07.540+0000] {processor.py:183} INFO - Processing /opt/airflow/dags/ModelDevelopment/Training/RandomForest.py took 1.044 seconds
[2024-11-20T05:41:38.539+0000] {processor.py:161} INFO - Started process (PID=2061) to work on /opt/airflow/dags/ModelDevelopment/Training/RandomForest.py
[2024-11-20T05:41:38.540+0000] {processor.py:830} INFO - Processing file /opt/airflow/dags/ModelDevelopment/Training/RandomForest.py for tasks to queue
[2024-11-20T05:41:38.542+0000] {logging_mixin.py:188} INFO - [2024-11-20T05:41:38.542+0000] {dagbag.py:545} INFO - Filling up the DagBag from /opt/airflow/dags/ModelDevelopment/Training/RandomForest.py
[2024-11-20T05:41:40.143+0000] {processor.py:842} WARNING - No viable dags retrieved from /opt/airflow/dags/ModelDevelopment/Training/RandomForest.py
[2024-11-20T05:41:40.151+0000] {processor.py:183} INFO - Processing /opt/airflow/dags/ModelDevelopment/Training/RandomForest.py took 1.618 seconds
[2024-11-20T05:42:11.137+0000] {processor.py:161} INFO - Started process (PID=2134) to work on /opt/airflow/dags/ModelDevelopment/Training/RandomForest.py
[2024-11-20T05:42:11.138+0000] {processor.py:830} INFO - Processing file /opt/airflow/dags/ModelDevelopment/Training/RandomForest.py for tasks to queue
[2024-11-20T05:42:11.139+0000] {logging_mixin.py:188} INFO - [2024-11-20T05:42:11.139+0000] {dagbag.py:545} INFO - Filling up the DagBag from /opt/airflow/dags/ModelDevelopment/Training/RandomForest.py
[2024-11-20T05:42:12.227+0000] {processor.py:842} WARNING - No viable dags retrieved from /opt/airflow/dags/ModelDevelopment/Training/RandomForest.py
[2024-11-20T05:42:12.245+0000] {processor.py:183} INFO - Processing /opt/airflow/dags/ModelDevelopment/Training/RandomForest.py took 1.114 seconds
[2024-11-20T05:42:42.645+0000] {processor.py:161} INFO - Started process (PID=2215) to work on /opt/airflow/dags/ModelDevelopment/Training/RandomForest.py
[2024-11-20T05:42:42.647+0000] {processor.py:830} INFO - Processing file /opt/airflow/dags/ModelDevelopment/Training/RandomForest.py for tasks to queue
[2024-11-20T05:42:42.649+0000] {logging_mixin.py:188} INFO - [2024-11-20T05:42:42.649+0000] {dagbag.py:545} INFO - Filling up the DagBag from /opt/airflow/dags/ModelDevelopment/Training/RandomForest.py
[2024-11-20T05:42:43.623+0000] {processor.py:842} WARNING - No viable dags retrieved from /opt/airflow/dags/ModelDevelopment/Training/RandomForest.py
[2024-11-20T05:42:43.635+0000] {processor.py:183} INFO - Processing /opt/airflow/dags/ModelDevelopment/Training/RandomForest.py took 0.997 seconds
[2024-11-20T05:43:14.089+0000] {processor.py:161} INFO - Started process (PID=2296) to work on /opt/airflow/dags/ModelDevelopment/Training/RandomForest.py
[2024-11-20T05:43:14.090+0000] {processor.py:830} INFO - Processing file /opt/airflow/dags/ModelDevelopment/Training/RandomForest.py for tasks to queue
[2024-11-20T05:43:14.091+0000] {logging_mixin.py:188} INFO - [2024-11-20T05:43:14.091+0000] {dagbag.py:545} INFO - Filling up the DagBag from /opt/airflow/dags/ModelDevelopment/Training/RandomForest.py
[2024-11-20T05:43:15.079+0000] {processor.py:842} WARNING - No viable dags retrieved from /opt/airflow/dags/ModelDevelopment/Training/RandomForest.py
[2024-11-20T05:43:15.088+0000] {processor.py:183} INFO - Processing /opt/airflow/dags/ModelDevelopment/Training/RandomForest.py took 1.004 seconds
[2024-11-20T05:43:45.917+0000] {processor.py:161} INFO - Started process (PID=2377) to work on /opt/airflow/dags/ModelDevelopment/Training/RandomForest.py
[2024-11-20T05:43:45.918+0000] {processor.py:830} INFO - Processing file /opt/airflow/dags/ModelDevelopment/Training/RandomForest.py for tasks to queue
[2024-11-20T05:43:45.920+0000] {logging_mixin.py:188} INFO - [2024-11-20T05:43:45.919+0000] {dagbag.py:545} INFO - Filling up the DagBag from /opt/airflow/dags/ModelDevelopment/Training/RandomForest.py
[2024-11-20T05:43:47.318+0000] {processor.py:842} WARNING - No viable dags retrieved from /opt/airflow/dags/ModelDevelopment/Training/RandomForest.py
[2024-11-20T05:43:47.338+0000] {processor.py:183} INFO - Processing /opt/airflow/dags/ModelDevelopment/Training/RandomForest.py took 1.425 seconds
[2024-11-20T05:44:18.243+0000] {processor.py:161} INFO - Started process (PID=2463) to work on /opt/airflow/dags/ModelDevelopment/Training/RandomForest.py
[2024-11-20T05:44:18.244+0000] {processor.py:830} INFO - Processing file /opt/airflow/dags/ModelDevelopment/Training/RandomForest.py for tasks to queue
[2024-11-20T05:44:18.247+0000] {logging_mixin.py:188} INFO - [2024-11-20T05:44:18.247+0000] {dagbag.py:545} INFO - Filling up the DagBag from /opt/airflow/dags/ModelDevelopment/Training/RandomForest.py
[2024-11-20T05:44:19.807+0000] {processor.py:842} WARNING - No viable dags retrieved from /opt/airflow/dags/ModelDevelopment/Training/RandomForest.py
[2024-11-20T05:44:19.824+0000] {processor.py:183} INFO - Processing /opt/airflow/dags/ModelDevelopment/Training/RandomForest.py took 1.585 seconds
[2024-11-20T05:44:50.753+0000] {processor.py:161} INFO - Started process (PID=2544) to work on /opt/airflow/dags/ModelDevelopment/Training/RandomForest.py
[2024-11-20T05:44:50.754+0000] {processor.py:830} INFO - Processing file /opt/airflow/dags/ModelDevelopment/Training/RandomForest.py for tasks to queue
[2024-11-20T05:44:50.756+0000] {logging_mixin.py:188} INFO - [2024-11-20T05:44:50.755+0000] {dagbag.py:545} INFO - Filling up the DagBag from /opt/airflow/dags/ModelDevelopment/Training/RandomForest.py
[2024-11-20T05:44:51.941+0000] {processor.py:842} WARNING - No viable dags retrieved from /opt/airflow/dags/ModelDevelopment/Training/RandomForest.py
[2024-11-20T05:44:51.954+0000] {processor.py:183} INFO - Processing /opt/airflow/dags/ModelDevelopment/Training/RandomForest.py took 1.206 seconds
[2024-11-20T05:45:22.000+0000] {processor.py:161} INFO - Started process (PID=2624) to work on /opt/airflow/dags/ModelDevelopment/Training/RandomForest.py
[2024-11-20T05:45:22.004+0000] {processor.py:830} INFO - Processing file /opt/airflow/dags/ModelDevelopment/Training/RandomForest.py for tasks to queue
[2024-11-20T05:45:22.006+0000] {logging_mixin.py:188} INFO - [2024-11-20T05:45:22.006+0000] {dagbag.py:545} INFO - Filling up the DagBag from /opt/airflow/dags/ModelDevelopment/Training/RandomForest.py
[2024-11-20T05:45:23.234+0000] {processor.py:842} WARNING - No viable dags retrieved from /opt/airflow/dags/ModelDevelopment/Training/RandomForest.py
[2024-11-20T05:45:23.250+0000] {processor.py:183} INFO - Processing /opt/airflow/dags/ModelDevelopment/Training/RandomForest.py took 1.255 seconds
[2024-11-20T05:45:53.703+0000] {processor.py:161} INFO - Started process (PID=2706) to work on /opt/airflow/dags/ModelDevelopment/Training/RandomForest.py
[2024-11-20T05:45:53.704+0000] {processor.py:830} INFO - Processing file /opt/airflow/dags/ModelDevelopment/Training/RandomForest.py for tasks to queue
[2024-11-20T05:45:53.709+0000] {logging_mixin.py:188} INFO - [2024-11-20T05:45:53.709+0000] {dagbag.py:545} INFO - Filling up the DagBag from /opt/airflow/dags/ModelDevelopment/Training/RandomForest.py
[2024-11-20T05:45:55.952+0000] {processor.py:842} WARNING - No viable dags retrieved from /opt/airflow/dags/ModelDevelopment/Training/RandomForest.py
[2024-11-20T05:45:56.004+0000] {processor.py:183} INFO - Processing /opt/airflow/dags/ModelDevelopment/Training/RandomForest.py took 2.310 seconds
[2024-11-20T05:46:27.064+0000] {processor.py:161} INFO - Started process (PID=2787) to work on /opt/airflow/dags/ModelDevelopment/Training/RandomForest.py
[2024-11-20T05:46:27.065+0000] {processor.py:830} INFO - Processing file /opt/airflow/dags/ModelDevelopment/Training/RandomForest.py for tasks to queue
[2024-11-20T05:46:27.067+0000] {logging_mixin.py:188} INFO - [2024-11-20T05:46:27.067+0000] {dagbag.py:545} INFO - Filling up the DagBag from /opt/airflow/dags/ModelDevelopment/Training/RandomForest.py
[2024-11-20T05:46:28.184+0000] {processor.py:842} WARNING - No viable dags retrieved from /opt/airflow/dags/ModelDevelopment/Training/RandomForest.py
[2024-11-20T05:46:28.197+0000] {processor.py:183} INFO - Processing /opt/airflow/dags/ModelDevelopment/Training/RandomForest.py took 1.138 seconds
[2024-11-20T05:46:58.294+0000] {processor.py:161} INFO - Started process (PID=2867) to work on /opt/airflow/dags/ModelDevelopment/Training/RandomForest.py
[2024-11-20T05:46:58.297+0000] {processor.py:830} INFO - Processing file /opt/airflow/dags/ModelDevelopment/Training/RandomForest.py for tasks to queue
[2024-11-20T05:46:58.300+0000] {logging_mixin.py:188} INFO - [2024-11-20T05:46:58.299+0000] {dagbag.py:545} INFO - Filling up the DagBag from /opt/airflow/dags/ModelDevelopment/Training/RandomForest.py
[2024-11-20T05:46:59.551+0000] {processor.py:842} WARNING - No viable dags retrieved from /opt/airflow/dags/ModelDevelopment/Training/RandomForest.py
[2024-11-20T05:46:59.567+0000] {processor.py:183} INFO - Processing /opt/airflow/dags/ModelDevelopment/Training/RandomForest.py took 1.282 seconds
[2024-11-20T05:47:30.061+0000] {processor.py:161} INFO - Started process (PID=2949) to work on /opt/airflow/dags/ModelDevelopment/Training/RandomForest.py
[2024-11-20T05:47:30.062+0000] {processor.py:830} INFO - Processing file /opt/airflow/dags/ModelDevelopment/Training/RandomForest.py for tasks to queue
[2024-11-20T05:47:30.067+0000] {logging_mixin.py:188} INFO - [2024-11-20T05:47:30.067+0000] {dagbag.py:545} INFO - Filling up the DagBag from /opt/airflow/dags/ModelDevelopment/Training/RandomForest.py
[2024-11-20T05:47:31.248+0000] {processor.py:842} WARNING - No viable dags retrieved from /opt/airflow/dags/ModelDevelopment/Training/RandomForest.py
[2024-11-20T05:47:31.265+0000] {processor.py:183} INFO - Processing /opt/airflow/dags/ModelDevelopment/Training/RandomForest.py took 1.209 seconds
[2024-11-20T05:48:02.135+0000] {processor.py:161} INFO - Started process (PID=3030) to work on /opt/airflow/dags/ModelDevelopment/Training/RandomForest.py
[2024-11-20T05:48:02.150+0000] {processor.py:830} INFO - Processing file /opt/airflow/dags/ModelDevelopment/Training/RandomForest.py for tasks to queue
[2024-11-20T05:48:02.155+0000] {logging_mixin.py:188} INFO - [2024-11-20T05:48:02.155+0000] {dagbag.py:545} INFO - Filling up the DagBag from /opt/airflow/dags/ModelDevelopment/Training/RandomForest.py
[2024-11-20T05:48:03.300+0000] {processor.py:842} WARNING - No viable dags retrieved from /opt/airflow/dags/ModelDevelopment/Training/RandomForest.py
[2024-11-20T05:48:03.316+0000] {processor.py:183} INFO - Processing /opt/airflow/dags/ModelDevelopment/Training/RandomForest.py took 1.200 seconds
[2024-11-20T05:48:34.068+0000] {processor.py:161} INFO - Started process (PID=3111) to work on /opt/airflow/dags/ModelDevelopment/Training/RandomForest.py
[2024-11-20T05:48:34.069+0000] {processor.py:830} INFO - Processing file /opt/airflow/dags/ModelDevelopment/Training/RandomForest.py for tasks to queue
[2024-11-20T05:48:34.071+0000] {logging_mixin.py:188} INFO - [2024-11-20T05:48:34.071+0000] {dagbag.py:545} INFO - Filling up the DagBag from /opt/airflow/dags/ModelDevelopment/Training/RandomForest.py
[2024-11-20T05:48:35.054+0000] {processor.py:842} WARNING - No viable dags retrieved from /opt/airflow/dags/ModelDevelopment/Training/RandomForest.py
[2024-11-20T05:48:35.066+0000] {processor.py:183} INFO - Processing /opt/airflow/dags/ModelDevelopment/Training/RandomForest.py took 1.004 seconds
[2024-11-20T05:49:05.196+0000] {processor.py:161} INFO - Started process (PID=3192) to work on /opt/airflow/dags/ModelDevelopment/Training/RandomForest.py
[2024-11-20T05:49:05.197+0000] {processor.py:830} INFO - Processing file /opt/airflow/dags/ModelDevelopment/Training/RandomForest.py for tasks to queue
[2024-11-20T05:49:05.200+0000] {logging_mixin.py:188} INFO - [2024-11-20T05:49:05.200+0000] {dagbag.py:545} INFO - Filling up the DagBag from /opt/airflow/dags/ModelDevelopment/Training/RandomForest.py
[2024-11-20T05:49:06.176+0000] {processor.py:842} WARNING - No viable dags retrieved from /opt/airflow/dags/ModelDevelopment/Training/RandomForest.py
[2024-11-20T05:49:06.187+0000] {processor.py:183} INFO - Processing /opt/airflow/dags/ModelDevelopment/Training/RandomForest.py took 0.997 seconds
[2024-11-20T05:49:36.965+0000] {processor.py:161} INFO - Started process (PID=3273) to work on /opt/airflow/dags/ModelDevelopment/Training/RandomForest.py
[2024-11-20T05:49:36.967+0000] {processor.py:830} INFO - Processing file /opt/airflow/dags/ModelDevelopment/Training/RandomForest.py for tasks to queue
[2024-11-20T05:49:36.970+0000] {logging_mixin.py:188} INFO - [2024-11-20T05:49:36.969+0000] {dagbag.py:545} INFO - Filling up the DagBag from /opt/airflow/dags/ModelDevelopment/Training/RandomForest.py
[2024-11-20T05:49:38.327+0000] {processor.py:842} WARNING - No viable dags retrieved from /opt/airflow/dags/ModelDevelopment/Training/RandomForest.py
[2024-11-20T05:49:38.347+0000] {processor.py:183} INFO - Processing /opt/airflow/dags/ModelDevelopment/Training/RandomForest.py took 1.387 seconds
[2024-11-20T05:50:08.900+0000] {processor.py:161} INFO - Started process (PID=3354) to work on /opt/airflow/dags/ModelDevelopment/Training/RandomForest.py
[2024-11-20T05:50:08.902+0000] {processor.py:830} INFO - Processing file /opt/airflow/dags/ModelDevelopment/Training/RandomForest.py for tasks to queue
[2024-11-20T05:50:08.905+0000] {logging_mixin.py:188} INFO - [2024-11-20T05:50:08.905+0000] {dagbag.py:545} INFO - Filling up the DagBag from /opt/airflow/dags/ModelDevelopment/Training/RandomForest.py
[2024-11-20T05:50:10.122+0000] {processor.py:842} WARNING - No viable dags retrieved from /opt/airflow/dags/ModelDevelopment/Training/RandomForest.py
[2024-11-20T05:50:10.138+0000] {processor.py:183} INFO - Processing /opt/airflow/dags/ModelDevelopment/Training/RandomForest.py took 1.246 seconds
[2024-11-20T05:50:40.777+0000] {processor.py:161} INFO - Started process (PID=3435) to work on /opt/airflow/dags/ModelDevelopment/Training/RandomForest.py
[2024-11-20T05:50:40.778+0000] {processor.py:830} INFO - Processing file /opt/airflow/dags/ModelDevelopment/Training/RandomForest.py for tasks to queue
[2024-11-20T05:50:40.779+0000] {logging_mixin.py:188} INFO - [2024-11-20T05:50:40.779+0000] {dagbag.py:545} INFO - Filling up the DagBag from /opt/airflow/dags/ModelDevelopment/Training/RandomForest.py
[2024-11-20T05:50:42.113+0000] {processor.py:842} WARNING - No viable dags retrieved from /opt/airflow/dags/ModelDevelopment/Training/RandomForest.py
[2024-11-20T05:50:42.129+0000] {processor.py:183} INFO - Processing /opt/airflow/dags/ModelDevelopment/Training/RandomForest.py took 1.355 seconds
[2024-11-20T05:51:14.483+0000] {processor.py:161} INFO - Started process (PID=3516) to work on /opt/airflow/dags/ModelDevelopment/Training/RandomForest.py
[2024-11-20T05:51:14.485+0000] {processor.py:830} INFO - Processing file /opt/airflow/dags/ModelDevelopment/Training/RandomForest.py for tasks to queue
[2024-11-20T05:51:14.493+0000] {logging_mixin.py:188} INFO - [2024-11-20T05:51:14.490+0000] {dagbag.py:545} INFO - Filling up the DagBag from /opt/airflow/dags/ModelDevelopment/Training/RandomForest.py
[2024-11-20T05:51:16.844+0000] {processor.py:842} WARNING - No viable dags retrieved from /opt/airflow/dags/ModelDevelopment/Training/RandomForest.py
[2024-11-20T05:51:16.885+0000] {processor.py:183} INFO - Processing /opt/airflow/dags/ModelDevelopment/Training/RandomForest.py took 2.410 seconds
[2024-11-20T05:51:47.581+0000] {processor.py:161} INFO - Started process (PID=3597) to work on /opt/airflow/dags/ModelDevelopment/Training/RandomForest.py
[2024-11-20T05:51:47.590+0000] {processor.py:830} INFO - Processing file /opt/airflow/dags/ModelDevelopment/Training/RandomForest.py for tasks to queue
[2024-11-20T05:51:47.593+0000] {logging_mixin.py:188} INFO - [2024-11-20T05:51:47.593+0000] {dagbag.py:545} INFO - Filling up the DagBag from /opt/airflow/dags/ModelDevelopment/Training/RandomForest.py
[2024-11-20T05:51:48.781+0000] {processor.py:842} WARNING - No viable dags retrieved from /opt/airflow/dags/ModelDevelopment/Training/RandomForest.py
[2024-11-20T05:51:48.795+0000] {processor.py:183} INFO - Processing /opt/airflow/dags/ModelDevelopment/Training/RandomForest.py took 1.223 seconds
[2024-11-20T05:52:19.077+0000] {processor.py:161} INFO - Started process (PID=3684) to work on /opt/airflow/dags/ModelDevelopment/Training/RandomForest.py
[2024-11-20T05:52:19.078+0000] {processor.py:830} INFO - Processing file /opt/airflow/dags/ModelDevelopment/Training/RandomForest.py for tasks to queue
[2024-11-20T05:52:19.083+0000] {logging_mixin.py:188} INFO - [2024-11-20T05:52:19.083+0000] {dagbag.py:545} INFO - Filling up the DagBag from /opt/airflow/dags/ModelDevelopment/Training/RandomForest.py
[2024-11-20T05:52:20.019+0000] {processor.py:842} WARNING - No viable dags retrieved from /opt/airflow/dags/ModelDevelopment/Training/RandomForest.py
[2024-11-20T05:52:20.031+0000] {processor.py:183} INFO - Processing /opt/airflow/dags/ModelDevelopment/Training/RandomForest.py took 0.959 seconds
[2024-11-20T05:52:50.470+0000] {processor.py:161} INFO - Started process (PID=3765) to work on /opt/airflow/dags/ModelDevelopment/Training/RandomForest.py
[2024-11-20T05:52:50.471+0000] {processor.py:830} INFO - Processing file /opt/airflow/dags/ModelDevelopment/Training/RandomForest.py for tasks to queue
[2024-11-20T05:52:50.474+0000] {logging_mixin.py:188} INFO - [2024-11-20T05:52:50.474+0000] {dagbag.py:545} INFO - Filling up the DagBag from /opt/airflow/dags/ModelDevelopment/Training/RandomForest.py
[2024-11-20T05:52:51.590+0000] {processor.py:842} WARNING - No viable dags retrieved from /opt/airflow/dags/ModelDevelopment/Training/RandomForest.py
[2024-11-20T05:52:51.596+0000] {processor.py:183} INFO - Processing /opt/airflow/dags/ModelDevelopment/Training/RandomForest.py took 1.133 seconds
[2024-11-20T05:53:22.173+0000] {processor.py:161} INFO - Started process (PID=3846) to work on /opt/airflow/dags/ModelDevelopment/Training/RandomForest.py
[2024-11-20T05:53:22.174+0000] {processor.py:830} INFO - Processing file /opt/airflow/dags/ModelDevelopment/Training/RandomForest.py for tasks to queue
[2024-11-20T05:53:22.175+0000] {logging_mixin.py:188} INFO - [2024-11-20T05:53:22.175+0000] {dagbag.py:545} INFO - Filling up the DagBag from /opt/airflow/dags/ModelDevelopment/Training/RandomForest.py
[2024-11-20T05:53:23.077+0000] {processor.py:842} WARNING - No viable dags retrieved from /opt/airflow/dags/ModelDevelopment/Training/RandomForest.py
[2024-11-20T05:53:23.086+0000] {processor.py:183} INFO - Processing /opt/airflow/dags/ModelDevelopment/Training/RandomForest.py took 0.916 seconds
[2024-11-20T05:53:53.303+0000] {processor.py:161} INFO - Started process (PID=3927) to work on /opt/airflow/dags/ModelDevelopment/Training/RandomForest.py
[2024-11-20T05:53:53.304+0000] {processor.py:830} INFO - Processing file /opt/airflow/dags/ModelDevelopment/Training/RandomForest.py for tasks to queue
[2024-11-20T05:53:53.306+0000] {logging_mixin.py:188} INFO - [2024-11-20T05:53:53.306+0000] {dagbag.py:545} INFO - Filling up the DagBag from /opt/airflow/dags/ModelDevelopment/Training/RandomForest.py
[2024-11-20T05:53:54.400+0000] {processor.py:842} WARNING - No viable dags retrieved from /opt/airflow/dags/ModelDevelopment/Training/RandomForest.py
[2024-11-20T05:53:54.412+0000] {processor.py:183} INFO - Processing /opt/airflow/dags/ModelDevelopment/Training/RandomForest.py took 1.115 seconds
[2024-11-20T05:54:25.222+0000] {processor.py:161} INFO - Started process (PID=4007) to work on /opt/airflow/dags/ModelDevelopment/Training/RandomForest.py
[2024-11-20T05:54:25.223+0000] {processor.py:830} INFO - Processing file /opt/airflow/dags/ModelDevelopment/Training/RandomForest.py for tasks to queue
[2024-11-20T05:54:25.225+0000] {logging_mixin.py:188} INFO - [2024-11-20T05:54:25.225+0000] {dagbag.py:545} INFO - Filling up the DagBag from /opt/airflow/dags/ModelDevelopment/Training/RandomForest.py
[2024-11-20T05:54:26.584+0000] {processor.py:842} WARNING - No viable dags retrieved from /opt/airflow/dags/ModelDevelopment/Training/RandomForest.py
[2024-11-20T05:54:26.599+0000] {processor.py:183} INFO - Processing /opt/airflow/dags/ModelDevelopment/Training/RandomForest.py took 1.383 seconds
[2024-11-20T05:54:56.790+0000] {processor.py:161} INFO - Started process (PID=4088) to work on /opt/airflow/dags/ModelDevelopment/Training/RandomForest.py
[2024-11-20T05:54:56.790+0000] {processor.py:830} INFO - Processing file /opt/airflow/dags/ModelDevelopment/Training/RandomForest.py for tasks to queue
[2024-11-20T05:54:56.793+0000] {logging_mixin.py:188} INFO - [2024-11-20T05:54:56.793+0000] {dagbag.py:545} INFO - Filling up the DagBag from /opt/airflow/dags/ModelDevelopment/Training/RandomForest.py
[2024-11-20T05:54:57.743+0000] {processor.py:842} WARNING - No viable dags retrieved from /opt/airflow/dags/ModelDevelopment/Training/RandomForest.py
[2024-11-20T05:54:57.752+0000] {processor.py:183} INFO - Processing /opt/airflow/dags/ModelDevelopment/Training/RandomForest.py took 0.967 seconds
[2024-11-20T05:55:28.129+0000] {processor.py:161} INFO - Started process (PID=4169) to work on /opt/airflow/dags/ModelDevelopment/Training/RandomForest.py
[2024-11-20T05:55:28.130+0000] {processor.py:830} INFO - Processing file /opt/airflow/dags/ModelDevelopment/Training/RandomForest.py for tasks to queue
[2024-11-20T05:55:28.142+0000] {logging_mixin.py:188} INFO - [2024-11-20T05:55:28.142+0000] {dagbag.py:545} INFO - Filling up the DagBag from /opt/airflow/dags/ModelDevelopment/Training/RandomForest.py
[2024-11-20T05:55:29.800+0000] {processor.py:842} WARNING - No viable dags retrieved from /opt/airflow/dags/ModelDevelopment/Training/RandomForest.py
[2024-11-20T05:55:29.831+0000] {processor.py:183} INFO - Processing /opt/airflow/dags/ModelDevelopment/Training/RandomForest.py took 1.706 seconds
[2024-11-20T05:56:00.677+0000] {processor.py:161} INFO - Started process (PID=4250) to work on /opt/airflow/dags/ModelDevelopment/Training/RandomForest.py
[2024-11-20T05:56:00.680+0000] {processor.py:830} INFO - Processing file /opt/airflow/dags/ModelDevelopment/Training/RandomForest.py for tasks to queue
[2024-11-20T05:56:00.683+0000] {logging_mixin.py:188} INFO - [2024-11-20T05:56:00.682+0000] {dagbag.py:545} INFO - Filling up the DagBag from /opt/airflow/dags/ModelDevelopment/Training/RandomForest.py
[2024-11-20T05:56:01.606+0000] {processor.py:842} WARNING - No viable dags retrieved from /opt/airflow/dags/ModelDevelopment/Training/RandomForest.py
[2024-11-20T05:56:01.624+0000] {processor.py:183} INFO - Processing /opt/airflow/dags/ModelDevelopment/Training/RandomForest.py took 0.953 seconds
[2024-11-20T05:56:33.440+0000] {processor.py:161} INFO - Started process (PID=4338) to work on /opt/airflow/dags/ModelDevelopment/Training/RandomForest.py
[2024-11-20T05:56:33.442+0000] {processor.py:830} INFO - Processing file /opt/airflow/dags/ModelDevelopment/Training/RandomForest.py for tasks to queue
[2024-11-20T05:56:33.452+0000] {logging_mixin.py:188} INFO - [2024-11-20T05:56:33.451+0000] {dagbag.py:545} INFO - Filling up the DagBag from /opt/airflow/dags/ModelDevelopment/Training/RandomForest.py
[2024-11-20T05:56:35.593+0000] {processor.py:842} WARNING - No viable dags retrieved from /opt/airflow/dags/ModelDevelopment/Training/RandomForest.py
[2024-11-20T05:56:35.616+0000] {processor.py:183} INFO - Processing /opt/airflow/dags/ModelDevelopment/Training/RandomForest.py took 2.183 seconds
[2024-11-20T05:57:06.266+0000] {processor.py:161} INFO - Started process (PID=4412) to work on /opt/airflow/dags/ModelDevelopment/Training/RandomForest.py
[2024-11-20T05:57:06.267+0000] {processor.py:830} INFO - Processing file /opt/airflow/dags/ModelDevelopment/Training/RandomForest.py for tasks to queue
[2024-11-20T05:57:06.270+0000] {logging_mixin.py:188} INFO - [2024-11-20T05:57:06.270+0000] {dagbag.py:545} INFO - Filling up the DagBag from /opt/airflow/dags/ModelDevelopment/Training/RandomForest.py
[2024-11-20T05:57:07.254+0000] {processor.py:842} WARNING - No viable dags retrieved from /opt/airflow/dags/ModelDevelopment/Training/RandomForest.py
[2024-11-20T05:57:07.266+0000] {processor.py:183} INFO - Processing /opt/airflow/dags/ModelDevelopment/Training/RandomForest.py took 1.007 seconds
[2024-11-20T05:57:38.201+0000] {processor.py:161} INFO - Started process (PID=4501) to work on /opt/airflow/dags/ModelDevelopment/Training/RandomForest.py
[2024-11-20T05:57:38.202+0000] {processor.py:830} INFO - Processing file /opt/airflow/dags/ModelDevelopment/Training/RandomForest.py for tasks to queue
[2024-11-20T05:57:38.204+0000] {logging_mixin.py:188} INFO - [2024-11-20T05:57:38.203+0000] {dagbag.py:545} INFO - Filling up the DagBag from /opt/airflow/dags/ModelDevelopment/Training/RandomForest.py
[2024-11-20T05:57:39.177+0000] {processor.py:842} WARNING - No viable dags retrieved from /opt/airflow/dags/ModelDevelopment/Training/RandomForest.py
[2024-11-20T05:57:39.184+0000] {processor.py:183} INFO - Processing /opt/airflow/dags/ModelDevelopment/Training/RandomForest.py took 0.986 seconds
[2024-11-20T05:58:09.872+0000] {processor.py:161} INFO - Started process (PID=4582) to work on /opt/airflow/dags/ModelDevelopment/Training/RandomForest.py
[2024-11-20T05:58:09.872+0000] {processor.py:830} INFO - Processing file /opt/airflow/dags/ModelDevelopment/Training/RandomForest.py for tasks to queue
[2024-11-20T05:58:09.873+0000] {logging_mixin.py:188} INFO - [2024-11-20T05:58:09.873+0000] {dagbag.py:545} INFO - Filling up the DagBag from /opt/airflow/dags/ModelDevelopment/Training/RandomForest.py
[2024-11-20T05:58:10.947+0000] {processor.py:842} WARNING - No viable dags retrieved from /opt/airflow/dags/ModelDevelopment/Training/RandomForest.py
[2024-11-20T05:58:10.958+0000] {processor.py:183} INFO - Processing /opt/airflow/dags/ModelDevelopment/Training/RandomForest.py took 1.090 seconds
[2024-11-20T05:58:41.740+0000] {processor.py:161} INFO - Started process (PID=4663) to work on /opt/airflow/dags/ModelDevelopment/Training/RandomForest.py
[2024-11-20T05:58:41.742+0000] {processor.py:830} INFO - Processing file /opt/airflow/dags/ModelDevelopment/Training/RandomForest.py for tasks to queue
[2024-11-20T05:58:41.745+0000] {logging_mixin.py:188} INFO - [2024-11-20T05:58:41.745+0000] {dagbag.py:545} INFO - Filling up the DagBag from /opt/airflow/dags/ModelDevelopment/Training/RandomForest.py
[2024-11-20T05:58:42.980+0000] {processor.py:842} WARNING - No viable dags retrieved from /opt/airflow/dags/ModelDevelopment/Training/RandomForest.py
[2024-11-20T05:58:43.102+0000] {processor.py:183} INFO - Processing /opt/airflow/dags/ModelDevelopment/Training/RandomForest.py took 1.366 seconds
[2024-11-20T05:59:13.319+0000] {processor.py:161} INFO - Started process (PID=4746) to work on /opt/airflow/dags/ModelDevelopment/Training/RandomForest.py
[2024-11-20T05:59:13.320+0000] {processor.py:830} INFO - Processing file /opt/airflow/dags/ModelDevelopment/Training/RandomForest.py for tasks to queue
[2024-11-20T05:59:13.321+0000] {logging_mixin.py:188} INFO - [2024-11-20T05:59:13.321+0000] {dagbag.py:545} INFO - Filling up the DagBag from /opt/airflow/dags/ModelDevelopment/Training/RandomForest.py
[2024-11-20T05:59:14.514+0000] {processor.py:842} WARNING - No viable dags retrieved from /opt/airflow/dags/ModelDevelopment/Training/RandomForest.py
[2024-11-20T05:59:14.529+0000] {processor.py:183} INFO - Processing /opt/airflow/dags/ModelDevelopment/Training/RandomForest.py took 1.214 seconds
[2024-11-20T05:59:44.912+0000] {processor.py:161} INFO - Started process (PID=4834) to work on /opt/airflow/dags/ModelDevelopment/Training/RandomForest.py
[2024-11-20T05:59:44.912+0000] {processor.py:830} INFO - Processing file /opt/airflow/dags/ModelDevelopment/Training/RandomForest.py for tasks to queue
[2024-11-20T05:59:44.914+0000] {logging_mixin.py:188} INFO - [2024-11-20T05:59:44.913+0000] {dagbag.py:545} INFO - Filling up the DagBag from /opt/airflow/dags/ModelDevelopment/Training/RandomForest.py
[2024-11-20T05:59:46.167+0000] {processor.py:842} WARNING - No viable dags retrieved from /opt/airflow/dags/ModelDevelopment/Training/RandomForest.py
[2024-11-20T05:59:46.198+0000] {processor.py:183} INFO - Processing /opt/airflow/dags/ModelDevelopment/Training/RandomForest.py took 1.289 seconds
[2024-11-20T06:00:16.701+0000] {processor.py:161} INFO - Started process (PID=4915) to work on /opt/airflow/dags/ModelDevelopment/Training/RandomForest.py
[2024-11-20T06:00:16.704+0000] {processor.py:830} INFO - Processing file /opt/airflow/dags/ModelDevelopment/Training/RandomForest.py for tasks to queue
[2024-11-20T06:00:16.710+0000] {logging_mixin.py:188} INFO - [2024-11-20T06:00:16.710+0000] {dagbag.py:545} INFO - Filling up the DagBag from /opt/airflow/dags/ModelDevelopment/Training/RandomForest.py
[2024-11-20T06:00:18.170+0000] {processor.py:842} WARNING - No viable dags retrieved from /opt/airflow/dags/ModelDevelopment/Training/RandomForest.py
[2024-11-20T06:00:18.193+0000] {processor.py:183} INFO - Processing /opt/airflow/dags/ModelDevelopment/Training/RandomForest.py took 1.500 seconds
[2024-11-20T06:00:48.516+0000] {processor.py:161} INFO - Started process (PID=4996) to work on /opt/airflow/dags/ModelDevelopment/Training/RandomForest.py
[2024-11-20T06:00:48.517+0000] {processor.py:830} INFO - Processing file /opt/airflow/dags/ModelDevelopment/Training/RandomForest.py for tasks to queue
[2024-11-20T06:00:48.518+0000] {logging_mixin.py:188} INFO - [2024-11-20T06:00:48.518+0000] {dagbag.py:545} INFO - Filling up the DagBag from /opt/airflow/dags/ModelDevelopment/Training/RandomForest.py
[2024-11-20T06:00:49.984+0000] {processor.py:842} WARNING - No viable dags retrieved from /opt/airflow/dags/ModelDevelopment/Training/RandomForest.py
[2024-11-20T06:00:49.995+0000] {processor.py:183} INFO - Processing /opt/airflow/dags/ModelDevelopment/Training/RandomForest.py took 1.481 seconds
[2024-11-20T06:01:20.888+0000] {processor.py:161} INFO - Started process (PID=5083) to work on /opt/airflow/dags/ModelDevelopment/Training/RandomForest.py
[2024-11-20T06:01:20.889+0000] {processor.py:830} INFO - Processing file /opt/airflow/dags/ModelDevelopment/Training/RandomForest.py for tasks to queue
[2024-11-20T06:01:20.891+0000] {logging_mixin.py:188} INFO - [2024-11-20T06:01:20.890+0000] {dagbag.py:545} INFO - Filling up the DagBag from /opt/airflow/dags/ModelDevelopment/Training/RandomForest.py
[2024-11-20T06:01:22.680+0000] {processor.py:842} WARNING - No viable dags retrieved from /opt/airflow/dags/ModelDevelopment/Training/RandomForest.py
[2024-11-20T06:01:22.734+0000] {processor.py:183} INFO - Processing /opt/airflow/dags/ModelDevelopment/Training/RandomForest.py took 1.851 seconds
