[2024-11-04T05:07:13.497+0000] {local_task_job_runner.py:120} INFO - ::group::Pre task execution logs
[2024-11-04T05:07:13.507+0000] {taskinstance.py:2076} INFO - Dependencies all met for dep_context=non-requeueable deps ti=<TaskInstance: datapipeline_new.anamolies_vals_train manual__2024-11-04T05:06:12.986905+00:00 [queued]>
[2024-11-04T05:07:13.511+0000] {taskinstance.py:2076} INFO - Dependencies all met for dep_context=requeueable deps ti=<TaskInstance: datapipeline_new.anamolies_vals_train manual__2024-11-04T05:06:12.986905+00:00 [queued]>
[2024-11-04T05:07:13.512+0000] {taskinstance.py:2306} INFO - Starting attempt 1 of 2
[2024-11-04T05:07:13.590+0000] {taskinstance.py:2330} INFO - Executing <Task(PythonOperator): anamolies_vals_train> on 2024-11-04 05:06:12.986905+00:00
[2024-11-04T05:07:13.595+0000] {warnings.py:112} WARNING - /home/***/.local/lib/python3.12/site-packages/***/task/task_runner/standard_task_runner.py:61: DeprecationWarning: This process (pid=260) is multi-threaded, use of fork() may lead to deadlocks in the child.
  pid = os.fork()

[2024-11-04T05:07:13.596+0000] {standard_task_runner.py:63} INFO - Started process 269 to run task
[2024-11-04T05:07:13.596+0000] {standard_task_runner.py:90} INFO - Running: ['***', 'tasks', 'run', 'datapipeline_new', 'anamolies_vals_train', 'manual__2024-11-04T05:06:12.986905+00:00', '--job-id', '758', '--raw', '--subdir', 'DAGS_FOLDER/dag_script.py', '--cfg-path', '/tmp/tmpormxmrng']
[2024-11-04T05:07:13.598+0000] {standard_task_runner.py:91} INFO - Job 758: Subtask anamolies_vals_train
[2024-11-04T05:07:13.616+0000] {task_command.py:426} INFO - Running <TaskInstance: datapipeline_new.anamolies_vals_train manual__2024-11-04T05:06:12.986905+00:00 [running]> on host 7ffb0854de89
[2024-11-04T05:07:13.669+0000] {taskinstance.py:2648} INFO - Exporting env vars: AIRFLOW_CTX_DAG_OWNER='MLOPS' AIRFLOW_CTX_DAG_ID='datapipeline_new' AIRFLOW_CTX_TASK_ID='anamolies_vals_train' AIRFLOW_CTX_EXECUTION_DATE='2024-11-04T05:06:12.986905+00:00' AIRFLOW_CTX_TRY_NUMBER='1' AIRFLOW_CTX_DAG_RUN_ID='manual__2024-11-04T05:06:12.986905+00:00'
[2024-11-04T05:07:13.669+0000] {taskinstance.py:430} INFO - ::endgroup::
[2024-11-04T05:07:13.680+0000] {anamoly_detection.py:21} INFO - Data loaded from /opt/***/dags/DataPreprocessing/src/data_store_pkl_files/train_data/no_null_train_data.pkl.
[2024-11-04T05:07:13.685+0000] {anamoly_detection.py:48} INFO - Outliers in 'pm25' replaced with median value 5.7.
[2024-11-04T05:07:13.687+0000] {anamoly_detection.py:65} INFO - Negative values in 'pm25' replaced with 0.
[2024-11-04T05:07:13.688+0000] {anamoly_detection.py:70} INFO - Cleaned DataFrame saved as '/opt/***/dags/DataPreprocessing/src/data_store_pkl_files/train_data/no_anamoly_train_data.pkl'.
[2024-11-04T05:07:13.688+0000] {anamoly_detection.py:87} INFO - Total anomalies: ["870 outliers detected in 'pm25' column."]
[2024-11-04T05:07:13.688+0000] {anamoly_detection.py:88} INFO - Total outliers replaced: 870
[2024-11-04T05:07:13.688+0000] {anamoly_detection.py:89} INFO - Total negative values replaced: 0
[2024-11-04T05:07:13.689+0000] {python.py:237} INFO - Done. Returned value was: ["870 outliers detected in 'pm25' column."]
[2024-11-04T05:07:13.689+0000] {taskinstance.py:441} INFO - ::group::Post task execution logs
[2024-11-04T05:07:13.698+0000] {taskinstance.py:1206} INFO - Marking task as SUCCESS. dag_id=datapipeline_new, task_id=anamolies_vals_train, run_id=manual__2024-11-04T05:06:12.986905+00:00, execution_date=20241104T050612, start_date=20241104T050713, end_date=20241104T050713
[2024-11-04T05:07:13.739+0000] {local_task_job_runner.py:240} INFO - Task exited with return code 0
[2024-11-04T05:07:13.755+0000] {taskinstance.py:3503} INFO - 1 downstream tasks scheduled from follow-on schedule check
[2024-11-04T05:07:13.755+0000] {local_task_job_runner.py:222} INFO - ::endgroup::
