[2024-11-12T08:35:12.973+0000] {local_task_job_runner.py:120} INFO - ::group::Pre task execution logs
[2024-11-12T08:35:12.986+0000] {taskinstance.py:2076} INFO - Dependencies all met for dep_context=non-requeueable deps ti=<TaskInstance: modeling_pipeline.Bias_Model manual__2024-11-12T08:33:54.297836+00:00 [queued]>
[2024-11-12T08:35:12.990+0000] {taskinstance.py:2076} INFO - Dependencies all met for dep_context=requeueable deps ti=<TaskInstance: modeling_pipeline.Bias_Model manual__2024-11-12T08:33:54.297836+00:00 [queued]>
[2024-11-12T08:35:12.990+0000] {taskinstance.py:2306} INFO - Starting attempt 1 of 2
[2024-11-12T08:35:12.995+0000] {taskinstance.py:2330} INFO - Executing <Task(PythonOperator): Bias_Model> on 2024-11-12 08:33:54.297836+00:00
[2024-11-12T08:35:13.021+0000] {warnings.py:112} WARNING - /home/***/.local/lib/python3.12/site-packages/***/task/task_runner/standard_task_runner.py:61: DeprecationWarning: This process (pid=996) is multi-threaded, use of fork() may lead to deadlocks in the child.
  pid = os.fork()

[2024-11-12T08:35:13.027+0000] {standard_task_runner.py:63} INFO - Started process 1005 to run task
[2024-11-12T08:35:13.025+0000] {standard_task_runner.py:90} INFO - Running: ['***', 'tasks', 'run', 'modeling_pipeline', 'Bias_Model', 'manual__2024-11-12T08:33:54.297836+00:00', '--job-id', '1130', '--raw', '--subdir', 'DAGS_FOLDER/dag_script_model.py', '--cfg-path', '/tmp/tmpwibcmmmj']
[2024-11-12T08:35:13.033+0000] {standard_task_runner.py:91} INFO - Job 1130: Subtask Bias_Model
[2024-11-12T08:35:13.074+0000] {task_command.py:426} INFO - Running <TaskInstance: modeling_pipeline.Bias_Model manual__2024-11-12T08:33:54.297836+00:00 [running]> on host 9919a500f6fd
[2024-11-12T08:35:13.142+0000] {taskinstance.py:2648} INFO - Exporting env vars: AIRFLOW_CTX_DAG_OWNER='MLOPS' AIRFLOW_CTX_DAG_ID='modeling_pipeline' AIRFLOW_CTX_TASK_ID='Bias_Model' AIRFLOW_CTX_EXECUTION_DATE='2024-11-12T08:33:54.297836+00:00' AIRFLOW_CTX_TRY_NUMBER='1' AIRFLOW_CTX_DAG_RUN_ID='manual__2024-11-12T08:33:54.297836+00:00'
[2024-11-12T08:35:13.144+0000] {taskinstance.py:430} INFO - ::endgroup::
[2024-11-12T08:35:13.161+0000] {logging_mixin.py:188} INFO - Loaded feature-engineered test data successfully.
[2024-11-12T08:35:13.173+0000] {logging_mixin.py:188} INFO - Warning: 'timestamp' column is missing. Creating a synthetic timestamp column.
[2024-11-12T08:35:13.174+0000] {logging_mixin.py:188} INFO - Feature Data Columns: Index(['pm25', 'pm25_boxcox', 'lag_1', 'lag_2', 'lag_3', 'lag_4', 'lag_5',
       'rolling_mean_3', 'rolling_mean_6', 'rolling_mean_24', 'rolling_std_3',
       'rolling_std_6', 'rolling_std_24', 'ema_3', 'ema_6', 'ema_24', 'diff_1',
       'diff_2', 'hour', 'day_of_week', 'day_of_year', 'month', 'sin_hour',
       'cos_hour', 'sin_day_of_week', 'cos_day_of_week', 'season',
       'timestamp'],
      dtype='object', name='parameter')
[2024-11-12T08:35:13.235+0000] {logging_mixin.py:188} INFO - Random Forest model loaded successfully.
[2024-11-12T08:35:13.239+0000] {logging_mixin.py:188} INFO - XGBoost model loaded successfully.
[2024-11-12T08:35:13.273+0000] {logging_mixin.py:188} INFO - Prophet model loaded successfully.
[2024-11-12T08:35:13.275+0000] {logging_mixin.py:188} INFO - Starting Predictions...
[2024-11-12T08:35:13.359+0000] {logging_mixin.py:188} INFO - Random Forest predictions: date
2022-01-03 21:00:00+00:00    3.451829
2022-01-03 22:00:00+00:00    3.402023
2022-01-03 23:00:00+00:00    3.564661
2022-01-04 00:00:00+00:00    3.670949
2022-01-04 05:00:00+00:00    1.943444
Name: y_pred_rf, dtype: float64
[2024-11-12T08:35:13.369+0000] {logging_mixin.py:188} INFO - XGBoost predictions: date
2022-01-03 21:00:00+00:00    3.444933
2022-01-03 22:00:00+00:00    3.380944
2022-01-03 23:00:00+00:00    3.549302
2022-01-04 00:00:00+00:00    3.670970
2022-01-04 05:00:00+00:00    1.940380
Name: y_pred_xgb, dtype: float32
[2024-11-12T08:35:14.029+0000] {logging_mixin.py:188} INFO - Prophet predictions: date
2022-01-03 21:00:00+00:00    3.200325
2022-01-03 22:00:00+00:00    3.220295
2022-01-03 23:00:00+00:00    3.233682
2022-01-04 00:00:00+00:00    3.235273
2022-01-04 05:00:00+00:00    3.227202
Name: y_pred_prophet, dtype: float64
[2024-11-12T08:35:14.033+0000] {logging_mixin.py:188} INFO - Predictions made for all models.
[2024-11-12T08:35:14.137+0000] {logging_mixin.py:188} WARNING - 2024/11/12 08:35:14 WARNING mlflow.utils.git_utils: Failed to import Git (the Git executable is probably not on your PATH), so Git SHA is not available. Error: Failed to initialize: Bad git executable.
The git executable must be specified in one of the following ways:
    - be included in your $PATH
    - be set via $GIT_PYTHON_GIT_EXECUTABLE
    - explicitly set via git.refresh(<full-path-to-git-executable>)

All git commands will error until this is rectified.

This initial message can be silenced or aggravated in the future by setting the
$GIT_PYTHON_REFRESH environment variable. Use one of the following values:
    - quiet|q|silence|s|silent|none|n|0: for no message or exception
    - warn|w|warning|log|l|1: for a warning message (logging level CRITICAL, displayed by default)
    - error|e|exception|raise|r|2: for a raised exception

Example:
    export GIT_PYTHON_REFRESH=quiet
[2024-11-12T08:35:14.145+0000] {logging_mixin.py:188} INFO - 
Evaluating bias and metrics for model: y_pred_rf
[2024-11-12T08:35:14.152+0000] {logging_mixin.py:188} INFO - 
Evaluating feature: hour for model: y_pred_rf
[2024-11-12T08:35:14.162+0000] {warnings.py:112} WARNING - /home/***/.local/lib/python3.12/site-packages/sklearn/metrics/_regression.py:492: FutureWarning: 'squared' is deprecated in version 1.4 and will be removed in 1.6. To calculate the root mean squared error, use the function'root_mean_squared_error'.
  warnings.warn(

[2024-11-12T08:35:14.166+0000] {warnings.py:112} WARNING - /home/***/.local/lib/python3.12/site-packages/sklearn/metrics/_regression.py:492: FutureWarning: 'squared' is deprecated in version 1.4 and will be removed in 1.6. To calculate the root mean squared error, use the function'root_mean_squared_error'.
  warnings.warn(

[2024-11-12T08:35:14.168+0000] {warnings.py:112} WARNING - /home/***/.local/lib/python3.12/site-packages/sklearn/metrics/_regression.py:492: FutureWarning: 'squared' is deprecated in version 1.4 and will be removed in 1.6. To calculate the root mean squared error, use the function'root_mean_squared_error'.
  warnings.warn(

[2024-11-12T08:35:14.170+0000] {warnings.py:112} WARNING - /home/***/.local/lib/python3.12/site-packages/sklearn/metrics/_regression.py:492: FutureWarning: 'squared' is deprecated in version 1.4 and will be removed in 1.6. To calculate the root mean squared error, use the function'root_mean_squared_error'.
  warnings.warn(

[2024-11-12T08:35:14.174+0000] {warnings.py:112} WARNING - /home/***/.local/lib/python3.12/site-packages/sklearn/metrics/_regression.py:492: FutureWarning: 'squared' is deprecated in version 1.4 and will be removed in 1.6. To calculate the root mean squared error, use the function'root_mean_squared_error'.
  warnings.warn(

[2024-11-12T08:35:14.176+0000] {warnings.py:112} WARNING - /home/***/.local/lib/python3.12/site-packages/sklearn/metrics/_regression.py:492: FutureWarning: 'squared' is deprecated in version 1.4 and will be removed in 1.6. To calculate the root mean squared error, use the function'root_mean_squared_error'.
  warnings.warn(

[2024-11-12T08:35:14.179+0000] {warnings.py:112} WARNING - /home/***/.local/lib/python3.12/site-packages/sklearn/metrics/_regression.py:492: FutureWarning: 'squared' is deprecated in version 1.4 and will be removed in 1.6. To calculate the root mean squared error, use the function'root_mean_squared_error'.
  warnings.warn(

[2024-11-12T08:35:14.181+0000] {warnings.py:112} WARNING - /home/***/.local/lib/python3.12/site-packages/sklearn/metrics/_regression.py:492: FutureWarning: 'squared' is deprecated in version 1.4 and will be removed in 1.6. To calculate the root mean squared error, use the function'root_mean_squared_error'.
  warnings.warn(

[2024-11-12T08:35:14.183+0000] {warnings.py:112} WARNING - /home/***/.local/lib/python3.12/site-packages/sklearn/metrics/_regression.py:492: FutureWarning: 'squared' is deprecated in version 1.4 and will be removed in 1.6. To calculate the root mean squared error, use the function'root_mean_squared_error'.
  warnings.warn(

[2024-11-12T08:35:14.186+0000] {warnings.py:112} WARNING - /home/***/.local/lib/python3.12/site-packages/sklearn/metrics/_regression.py:492: FutureWarning: 'squared' is deprecated in version 1.4 and will be removed in 1.6. To calculate the root mean squared error, use the function'root_mean_squared_error'.
  warnings.warn(

[2024-11-12T08:35:14.188+0000] {warnings.py:112} WARNING - /home/***/.local/lib/python3.12/site-packages/sklearn/metrics/_regression.py:492: FutureWarning: 'squared' is deprecated in version 1.4 and will be removed in 1.6. To calculate the root mean squared error, use the function'root_mean_squared_error'.
  warnings.warn(

[2024-11-12T08:35:14.191+0000] {warnings.py:112} WARNING - /home/***/.local/lib/python3.12/site-packages/sklearn/metrics/_regression.py:492: FutureWarning: 'squared' is deprecated in version 1.4 and will be removed in 1.6. To calculate the root mean squared error, use the function'root_mean_squared_error'.
  warnings.warn(

[2024-11-12T08:35:14.193+0000] {warnings.py:112} WARNING - /home/***/.local/lib/python3.12/site-packages/sklearn/metrics/_regression.py:492: FutureWarning: 'squared' is deprecated in version 1.4 and will be removed in 1.6. To calculate the root mean squared error, use the function'root_mean_squared_error'.
  warnings.warn(

[2024-11-12T08:35:14.195+0000] {warnings.py:112} WARNING - /home/***/.local/lib/python3.12/site-packages/sklearn/metrics/_regression.py:492: FutureWarning: 'squared' is deprecated in version 1.4 and will be removed in 1.6. To calculate the root mean squared error, use the function'root_mean_squared_error'.
  warnings.warn(

[2024-11-12T08:35:14.197+0000] {warnings.py:112} WARNING - /home/***/.local/lib/python3.12/site-packages/sklearn/metrics/_regression.py:492: FutureWarning: 'squared' is deprecated in version 1.4 and will be removed in 1.6. To calculate the root mean squared error, use the function'root_mean_squared_error'.
  warnings.warn(

[2024-11-12T08:35:14.200+0000] {warnings.py:112} WARNING - /home/***/.local/lib/python3.12/site-packages/sklearn/metrics/_regression.py:492: FutureWarning: 'squared' is deprecated in version 1.4 and will be removed in 1.6. To calculate the root mean squared error, use the function'root_mean_squared_error'.
  warnings.warn(

[2024-11-12T08:35:14.203+0000] {warnings.py:112} WARNING - /home/***/.local/lib/python3.12/site-packages/sklearn/metrics/_regression.py:492: FutureWarning: 'squared' is deprecated in version 1.4 and will be removed in 1.6. To calculate the root mean squared error, use the function'root_mean_squared_error'.
  warnings.warn(

[2024-11-12T08:35:14.206+0000] {warnings.py:112} WARNING - /home/***/.local/lib/python3.12/site-packages/sklearn/metrics/_regression.py:492: FutureWarning: 'squared' is deprecated in version 1.4 and will be removed in 1.6. To calculate the root mean squared error, use the function'root_mean_squared_error'.
  warnings.warn(

[2024-11-12T08:35:14.209+0000] {warnings.py:112} WARNING - /home/***/.local/lib/python3.12/site-packages/sklearn/metrics/_regression.py:492: FutureWarning: 'squared' is deprecated in version 1.4 and will be removed in 1.6. To calculate the root mean squared error, use the function'root_mean_squared_error'.
  warnings.warn(

[2024-11-12T08:35:14.212+0000] {warnings.py:112} WARNING - /home/***/.local/lib/python3.12/site-packages/sklearn/metrics/_regression.py:492: FutureWarning: 'squared' is deprecated in version 1.4 and will be removed in 1.6. To calculate the root mean squared error, use the function'root_mean_squared_error'.
  warnings.warn(

[2024-11-12T08:35:14.214+0000] {warnings.py:112} WARNING - /home/***/.local/lib/python3.12/site-packages/sklearn/metrics/_regression.py:492: FutureWarning: 'squared' is deprecated in version 1.4 and will be removed in 1.6. To calculate the root mean squared error, use the function'root_mean_squared_error'.
  warnings.warn(

[2024-11-12T08:35:14.218+0000] {warnings.py:112} WARNING - /home/***/.local/lib/python3.12/site-packages/sklearn/metrics/_regression.py:492: FutureWarning: 'squared' is deprecated in version 1.4 and will be removed in 1.6. To calculate the root mean squared error, use the function'root_mean_squared_error'.
  warnings.warn(

[2024-11-12T08:35:14.220+0000] {warnings.py:112} WARNING - /home/***/.local/lib/python3.12/site-packages/sklearn/metrics/_regression.py:492: FutureWarning: 'squared' is deprecated in version 1.4 and will be removed in 1.6. To calculate the root mean squared error, use the function'root_mean_squared_error'.
  warnings.warn(

[2024-11-12T08:35:14.223+0000] {warnings.py:112} WARNING - /home/***/.local/lib/python3.12/site-packages/sklearn/metrics/_regression.py:492: FutureWarning: 'squared' is deprecated in version 1.4 and will be removed in 1.6. To calculate the root mean squared error, use the function'root_mean_squared_error'.
  warnings.warn(

[2024-11-12T08:35:14.232+0000] {logging_mixin.py:188} INFO - Logged metrics and bias flags for model y_pred_rf, feature hour
[2024-11-12T08:35:14.270+0000] {category.py:223} INFO - Using categorical units to plot a list of strings that are all parsable as floats or dates. If these strings should be plotted as numbers, cast to the appropriate data type before plotting.
[2024-11-12T08:35:14.274+0000] {category.py:223} INFO - Using categorical units to plot a list of strings that are all parsable as floats or dates. If these strings should be plotted as numbers, cast to the appropriate data type before plotting.
[2024-11-12T08:35:14.918+0000] {logging_mixin.py:188} INFO - Saved MAE distribution plot for y_pred_rf - hour at /opt/***/dags/artifacts/y_pred_rf_hour_MAE.png
[2024-11-12T08:35:14.929+0000] {category.py:223} INFO - Using categorical units to plot a list of strings that are all parsable as floats or dates. If these strings should be plotted as numbers, cast to the appropriate data type before plotting.
[2024-11-12T08:35:14.931+0000] {category.py:223} INFO - Using categorical units to plot a list of strings that are all parsable as floats or dates. If these strings should be plotted as numbers, cast to the appropriate data type before plotting.
[2024-11-12T08:35:15.068+0000] {logging_mixin.py:188} INFO - Saved RMSE distribution plot for y_pred_rf - hour at /opt/***/dags/artifacts/y_pred_rf_hour_RMSE.png
[2024-11-12T08:35:15.077+0000] {category.py:223} INFO - Using categorical units to plot a list of strings that are all parsable as floats or dates. If these strings should be plotted as numbers, cast to the appropriate data type before plotting.
[2024-11-12T08:35:15.079+0000] {category.py:223} INFO - Using categorical units to plot a list of strings that are all parsable as floats or dates. If these strings should be plotted as numbers, cast to the appropriate data type before plotting.
[2024-11-12T08:35:15.206+0000] {logging_mixin.py:188} INFO - Saved R² distribution plot for y_pred_rf - hour at /opt/***/dags/artifacts/y_pred_rf_hour_R².png
[2024-11-12T08:35:15.214+0000] {category.py:223} INFO - Using categorical units to plot a list of strings that are all parsable as floats or dates. If these strings should be plotted as numbers, cast to the appropriate data type before plotting.
[2024-11-12T08:35:15.216+0000] {category.py:223} INFO - Using categorical units to plot a list of strings that are all parsable as floats or dates. If these strings should be plotted as numbers, cast to the appropriate data type before plotting.
[2024-11-12T08:35:15.359+0000] {logging_mixin.py:188} INFO - Saved MBE distribution plot for y_pred_rf - hour at /opt/***/dags/artifacts/y_pred_rf_hour_MBE.png
[2024-11-12T08:35:15.366+0000] {logging_mixin.py:188} INFO - 
Evaluating feature: day_of_week for model: y_pred_rf
[2024-11-12T08:35:15.371+0000] {warnings.py:112} WARNING - /home/***/.local/lib/python3.12/site-packages/sklearn/metrics/_regression.py:492: FutureWarning: 'squared' is deprecated in version 1.4 and will be removed in 1.6. To calculate the root mean squared error, use the function'root_mean_squared_error'.
  warnings.warn(

[2024-11-12T08:35:15.373+0000] {warnings.py:112} WARNING - /home/***/.local/lib/python3.12/site-packages/sklearn/metrics/_regression.py:492: FutureWarning: 'squared' is deprecated in version 1.4 and will be removed in 1.6. To calculate the root mean squared error, use the function'root_mean_squared_error'.
  warnings.warn(

[2024-11-12T08:35:15.376+0000] {warnings.py:112} WARNING - /home/***/.local/lib/python3.12/site-packages/sklearn/metrics/_regression.py:492: FutureWarning: 'squared' is deprecated in version 1.4 and will be removed in 1.6. To calculate the root mean squared error, use the function'root_mean_squared_error'.
  warnings.warn(

[2024-11-12T08:35:15.380+0000] {warnings.py:112} WARNING - /home/***/.local/lib/python3.12/site-packages/sklearn/metrics/_regression.py:492: FutureWarning: 'squared' is deprecated in version 1.4 and will be removed in 1.6. To calculate the root mean squared error, use the function'root_mean_squared_error'.
  warnings.warn(

[2024-11-12T08:35:15.383+0000] {warnings.py:112} WARNING - /home/***/.local/lib/python3.12/site-packages/sklearn/metrics/_regression.py:492: FutureWarning: 'squared' is deprecated in version 1.4 and will be removed in 1.6. To calculate the root mean squared error, use the function'root_mean_squared_error'.
  warnings.warn(

[2024-11-12T08:35:15.386+0000] {warnings.py:112} WARNING - /home/***/.local/lib/python3.12/site-packages/sklearn/metrics/_regression.py:492: FutureWarning: 'squared' is deprecated in version 1.4 and will be removed in 1.6. To calculate the root mean squared error, use the function'root_mean_squared_error'.
  warnings.warn(

[2024-11-12T08:35:15.390+0000] {warnings.py:112} WARNING - /home/***/.local/lib/python3.12/site-packages/sklearn/metrics/_regression.py:492: FutureWarning: 'squared' is deprecated in version 1.4 and will be removed in 1.6. To calculate the root mean squared error, use the function'root_mean_squared_error'.
  warnings.warn(

[2024-11-12T08:35:15.408+0000] {logging_mixin.py:188} INFO - Logged metrics and bias flags for model y_pred_rf, feature day_of_week
[2024-11-12T08:35:15.417+0000] {category.py:223} INFO - Using categorical units to plot a list of strings that are all parsable as floats or dates. If these strings should be plotted as numbers, cast to the appropriate data type before plotting.
[2024-11-12T08:35:15.419+0000] {category.py:223} INFO - Using categorical units to plot a list of strings that are all parsable as floats or dates. If these strings should be plotted as numbers, cast to the appropriate data type before plotting.
[2024-11-12T08:35:15.486+0000] {logging_mixin.py:188} INFO - Saved MAE distribution plot for y_pred_rf - day_of_week at /opt/***/dags/artifacts/y_pred_rf_day_of_week_MAE.png
[2024-11-12T08:35:15.493+0000] {category.py:223} INFO - Using categorical units to plot a list of strings that are all parsable as floats or dates. If these strings should be plotted as numbers, cast to the appropriate data type before plotting.
[2024-11-12T08:35:15.495+0000] {category.py:223} INFO - Using categorical units to plot a list of strings that are all parsable as floats or dates. If these strings should be plotted as numbers, cast to the appropriate data type before plotting.
[2024-11-12T08:35:15.571+0000] {logging_mixin.py:188} INFO - Saved RMSE distribution plot for y_pred_rf - day_of_week at /opt/***/dags/artifacts/y_pred_rf_day_of_week_RMSE.png
[2024-11-12T08:35:15.579+0000] {category.py:223} INFO - Using categorical units to plot a list of strings that are all parsable as floats or dates. If these strings should be plotted as numbers, cast to the appropriate data type before plotting.
[2024-11-12T08:35:15.581+0000] {category.py:223} INFO - Using categorical units to plot a list of strings that are all parsable as floats or dates. If these strings should be plotted as numbers, cast to the appropriate data type before plotting.
[2024-11-12T08:35:15.645+0000] {logging_mixin.py:188} INFO - Saved R² distribution plot for y_pred_rf - day_of_week at /opt/***/dags/artifacts/y_pred_rf_day_of_week_R².png
[2024-11-12T08:35:15.653+0000] {category.py:223} INFO - Using categorical units to plot a list of strings that are all parsable as floats or dates. If these strings should be plotted as numbers, cast to the appropriate data type before plotting.
[2024-11-12T08:35:15.655+0000] {category.py:223} INFO - Using categorical units to plot a list of strings that are all parsable as floats or dates. If these strings should be plotted as numbers, cast to the appropriate data type before plotting.
[2024-11-12T08:35:15.743+0000] {logging_mixin.py:188} INFO - Saved MBE distribution plot for y_pred_rf - day_of_week at /opt/***/dags/artifacts/y_pred_rf_day_of_week_MBE.png
[2024-11-12T08:35:15.749+0000] {logging_mixin.py:188} INFO - 
Evaluating feature: month for model: y_pred_rf
[2024-11-12T08:35:15.751+0000] {warnings.py:112} WARNING - /home/***/.local/lib/python3.12/site-packages/sklearn/metrics/_regression.py:492: FutureWarning: 'squared' is deprecated in version 1.4 and will be removed in 1.6. To calculate the root mean squared error, use the function'root_mean_squared_error'.
  warnings.warn(

[2024-11-12T08:35:15.754+0000] {warnings.py:112} WARNING - /home/***/.local/lib/python3.12/site-packages/sklearn/metrics/_regression.py:492: FutureWarning: 'squared' is deprecated in version 1.4 and will be removed in 1.6. To calculate the root mean squared error, use the function'root_mean_squared_error'.
  warnings.warn(

[2024-11-12T08:35:15.757+0000] {warnings.py:112} WARNING - /home/***/.local/lib/python3.12/site-packages/sklearn/metrics/_regression.py:492: FutureWarning: 'squared' is deprecated in version 1.4 and will be removed in 1.6. To calculate the root mean squared error, use the function'root_mean_squared_error'.
  warnings.warn(

[2024-11-12T08:35:15.759+0000] {warnings.py:112} WARNING - /home/***/.local/lib/python3.12/site-packages/sklearn/metrics/_regression.py:492: FutureWarning: 'squared' is deprecated in version 1.4 and will be removed in 1.6. To calculate the root mean squared error, use the function'root_mean_squared_error'.
  warnings.warn(

[2024-11-12T08:35:15.761+0000] {warnings.py:112} WARNING - /home/***/.local/lib/python3.12/site-packages/sklearn/metrics/_regression.py:492: FutureWarning: 'squared' is deprecated in version 1.4 and will be removed in 1.6. To calculate the root mean squared error, use the function'root_mean_squared_error'.
  warnings.warn(

[2024-11-12T08:35:15.763+0000] {warnings.py:112} WARNING - /home/***/.local/lib/python3.12/site-packages/sklearn/metrics/_regression.py:492: FutureWarning: 'squared' is deprecated in version 1.4 and will be removed in 1.6. To calculate the root mean squared error, use the function'root_mean_squared_error'.
  warnings.warn(

[2024-11-12T08:35:15.766+0000] {warnings.py:112} WARNING - /home/***/.local/lib/python3.12/site-packages/sklearn/metrics/_regression.py:492: FutureWarning: 'squared' is deprecated in version 1.4 and will be removed in 1.6. To calculate the root mean squared error, use the function'root_mean_squared_error'.
  warnings.warn(

[2024-11-12T08:35:15.768+0000] {warnings.py:112} WARNING - /home/***/.local/lib/python3.12/site-packages/sklearn/metrics/_regression.py:492: FutureWarning: 'squared' is deprecated in version 1.4 and will be removed in 1.6. To calculate the root mean squared error, use the function'root_mean_squared_error'.
  warnings.warn(

[2024-11-12T08:35:15.770+0000] {warnings.py:112} WARNING - /home/***/.local/lib/python3.12/site-packages/sklearn/metrics/_regression.py:492: FutureWarning: 'squared' is deprecated in version 1.4 and will be removed in 1.6. To calculate the root mean squared error, use the function'root_mean_squared_error'.
  warnings.warn(

[2024-11-12T08:35:15.772+0000] {warnings.py:112} WARNING - /home/***/.local/lib/python3.12/site-packages/sklearn/metrics/_regression.py:492: FutureWarning: 'squared' is deprecated in version 1.4 and will be removed in 1.6. To calculate the root mean squared error, use the function'root_mean_squared_error'.
  warnings.warn(

[2024-11-12T08:35:15.774+0000] {warnings.py:112} WARNING - /home/***/.local/lib/python3.12/site-packages/sklearn/metrics/_regression.py:492: FutureWarning: 'squared' is deprecated in version 1.4 and will be removed in 1.6. To calculate the root mean squared error, use the function'root_mean_squared_error'.
  warnings.warn(

[2024-11-12T08:35:15.776+0000] {warnings.py:112} WARNING - /home/***/.local/lib/python3.12/site-packages/sklearn/metrics/_regression.py:492: FutureWarning: 'squared' is deprecated in version 1.4 and will be removed in 1.6. To calculate the root mean squared error, use the function'root_mean_squared_error'.
  warnings.warn(

[2024-11-12T08:35:15.782+0000] {logging_mixin.py:188} INFO - Logged metrics and bias flags for model y_pred_rf, feature month
[2024-11-12T08:35:15.789+0000] {category.py:223} INFO - Using categorical units to plot a list of strings that are all parsable as floats or dates. If these strings should be plotted as numbers, cast to the appropriate data type before plotting.
[2024-11-12T08:35:15.791+0000] {category.py:223} INFO - Using categorical units to plot a list of strings that are all parsable as floats or dates. If these strings should be plotted as numbers, cast to the appropriate data type before plotting.
[2024-11-12T08:35:15.875+0000] {logging_mixin.py:188} INFO - Saved MAE distribution plot for y_pred_rf - month at /opt/***/dags/artifacts/y_pred_rf_month_MAE.png
[2024-11-12T08:35:15.883+0000] {category.py:223} INFO - Using categorical units to plot a list of strings that are all parsable as floats or dates. If these strings should be plotted as numbers, cast to the appropriate data type before plotting.
[2024-11-12T08:35:15.885+0000] {category.py:223} INFO - Using categorical units to plot a list of strings that are all parsable as floats or dates. If these strings should be plotted as numbers, cast to the appropriate data type before plotting.
[2024-11-12T08:35:15.982+0000] {logging_mixin.py:188} INFO - Saved RMSE distribution plot for y_pred_rf - month at /opt/***/dags/artifacts/y_pred_rf_month_RMSE.png
[2024-11-12T08:35:15.990+0000] {category.py:223} INFO - Using categorical units to plot a list of strings that are all parsable as floats or dates. If these strings should be plotted as numbers, cast to the appropriate data type before plotting.
[2024-11-12T08:35:15.992+0000] {category.py:223} INFO - Using categorical units to plot a list of strings that are all parsable as floats or dates. If these strings should be plotted as numbers, cast to the appropriate data type before plotting.
[2024-11-12T08:35:16.104+0000] {logging_mixin.py:188} INFO - Saved R² distribution plot for y_pred_rf - month at /opt/***/dags/artifacts/y_pred_rf_month_R².png
[2024-11-12T08:35:16.146+0000] {category.py:223} INFO - Using categorical units to plot a list of strings that are all parsable as floats or dates. If these strings should be plotted as numbers, cast to the appropriate data type before plotting.
[2024-11-12T08:35:16.154+0000] {category.py:223} INFO - Using categorical units to plot a list of strings that are all parsable as floats or dates. If these strings should be plotted as numbers, cast to the appropriate data type before plotting.
[2024-11-12T08:35:16.460+0000] {logging_mixin.py:188} INFO - Saved MBE distribution plot for y_pred_rf - month at /opt/***/dags/artifacts/y_pred_rf_month_MBE.png
[2024-11-12T08:35:16.554+0000] {logging_mixin.py:188} INFO - 
Evaluating feature: season for model: y_pred_rf
[2024-11-12T08:35:16.566+0000] {warnings.py:112} WARNING - /opt/***/dags/ModelDevelopment/ModelBias/Model_bias.py:147: FutureWarning: The default of observed=False is deprecated and will be changed to True in a future version of pandas. Pass observed=False to retain current behavior or observed=True to adopt the future default and silence this warning.
  for name, group in feature_data.groupby(feature):

[2024-11-12T08:35:16.592+0000] {warnings.py:112} WARNING - /home/***/.local/lib/python3.12/site-packages/sklearn/metrics/_regression.py:492: FutureWarning: 'squared' is deprecated in version 1.4 and will be removed in 1.6. To calculate the root mean squared error, use the function'root_mean_squared_error'.
  warnings.warn(

[2024-11-12T08:35:16.599+0000] {warnings.py:112} WARNING - /home/***/.local/lib/python3.12/site-packages/sklearn/metrics/_regression.py:492: FutureWarning: 'squared' is deprecated in version 1.4 and will be removed in 1.6. To calculate the root mean squared error, use the function'root_mean_squared_error'.
  warnings.warn(

[2024-11-12T08:35:16.603+0000] {warnings.py:112} WARNING - /home/***/.local/lib/python3.12/site-packages/sklearn/metrics/_regression.py:492: FutureWarning: 'squared' is deprecated in version 1.4 and will be removed in 1.6. To calculate the root mean squared error, use the function'root_mean_squared_error'.
  warnings.warn(

[2024-11-12T08:35:16.605+0000] {warnings.py:112} WARNING - /home/***/.local/lib/python3.12/site-packages/sklearn/metrics/_regression.py:492: FutureWarning: 'squared' is deprecated in version 1.4 and will be removed in 1.6. To calculate the root mean squared error, use the function'root_mean_squared_error'.
  warnings.warn(

[2024-11-12T08:35:16.622+0000] {logging_mixin.py:188} INFO - Logged metrics and bias flags for model y_pred_rf, feature season
[2024-11-12T08:35:16.768+0000] {logging_mixin.py:188} INFO - Saved MAE distribution plot for y_pred_rf - season at /opt/***/dags/artifacts/y_pred_rf_season_MAE.png
[2024-11-12T08:35:16.971+0000] {logging_mixin.py:188} INFO - Saved RMSE distribution plot for y_pred_rf - season at /opt/***/dags/artifacts/y_pred_rf_season_RMSE.png
[2024-11-12T08:35:17.145+0000] {logging_mixin.py:188} INFO - Saved R² distribution plot for y_pred_rf - season at /opt/***/dags/artifacts/y_pred_rf_season_R².png
[2024-11-12T08:35:17.353+0000] {logging_mixin.py:188} INFO - Saved MBE distribution plot for y_pred_rf - season at /opt/***/dags/artifacts/y_pred_rf_season_MBE.png
[2024-11-12T08:35:17.378+0000] {logging_mixin.py:188} INFO - 
Evaluating bias and metrics for model: y_pred_xgb
[2024-11-12T08:35:17.386+0000] {logging_mixin.py:188} INFO - 
Evaluating feature: hour for model: y_pred_xgb
[2024-11-12T08:35:17.395+0000] {warnings.py:112} WARNING - /home/***/.local/lib/python3.12/site-packages/sklearn/metrics/_regression.py:492: FutureWarning: 'squared' is deprecated in version 1.4 and will be removed in 1.6. To calculate the root mean squared error, use the function'root_mean_squared_error'.
  warnings.warn(

[2024-11-12T08:35:17.401+0000] {warnings.py:112} WARNING - /home/***/.local/lib/python3.12/site-packages/sklearn/metrics/_regression.py:492: FutureWarning: 'squared' is deprecated in version 1.4 and will be removed in 1.6. To calculate the root mean squared error, use the function'root_mean_squared_error'.
  warnings.warn(

[2024-11-12T08:35:17.407+0000] {warnings.py:112} WARNING - /home/***/.local/lib/python3.12/site-packages/sklearn/metrics/_regression.py:492: FutureWarning: 'squared' is deprecated in version 1.4 and will be removed in 1.6. To calculate the root mean squared error, use the function'root_mean_squared_error'.
  warnings.warn(

[2024-11-12T08:35:17.418+0000] {warnings.py:112} WARNING - /home/***/.local/lib/python3.12/site-packages/sklearn/metrics/_regression.py:492: FutureWarning: 'squared' is deprecated in version 1.4 and will be removed in 1.6. To calculate the root mean squared error, use the function'root_mean_squared_error'.
  warnings.warn(

[2024-11-12T08:35:17.432+0000] {warnings.py:112} WARNING - /home/***/.local/lib/python3.12/site-packages/sklearn/metrics/_regression.py:492: FutureWarning: 'squared' is deprecated in version 1.4 and will be removed in 1.6. To calculate the root mean squared error, use the function'root_mean_squared_error'.
  warnings.warn(

[2024-11-12T08:35:17.439+0000] {warnings.py:112} WARNING - /home/***/.local/lib/python3.12/site-packages/sklearn/metrics/_regression.py:492: FutureWarning: 'squared' is deprecated in version 1.4 and will be removed in 1.6. To calculate the root mean squared error, use the function'root_mean_squared_error'.
  warnings.warn(

[2024-11-12T08:35:17.445+0000] {warnings.py:112} WARNING - /home/***/.local/lib/python3.12/site-packages/sklearn/metrics/_regression.py:492: FutureWarning: 'squared' is deprecated in version 1.4 and will be removed in 1.6. To calculate the root mean squared error, use the function'root_mean_squared_error'.
  warnings.warn(

[2024-11-12T08:35:17.454+0000] {warnings.py:112} WARNING - /home/***/.local/lib/python3.12/site-packages/sklearn/metrics/_regression.py:492: FutureWarning: 'squared' is deprecated in version 1.4 and will be removed in 1.6. To calculate the root mean squared error, use the function'root_mean_squared_error'.
  warnings.warn(

[2024-11-12T08:35:17.459+0000] {warnings.py:112} WARNING - /home/***/.local/lib/python3.12/site-packages/sklearn/metrics/_regression.py:492: FutureWarning: 'squared' is deprecated in version 1.4 and will be removed in 1.6. To calculate the root mean squared error, use the function'root_mean_squared_error'.
  warnings.warn(

[2024-11-12T08:35:17.463+0000] {warnings.py:112} WARNING - /home/***/.local/lib/python3.12/site-packages/sklearn/metrics/_regression.py:492: FutureWarning: 'squared' is deprecated in version 1.4 and will be removed in 1.6. To calculate the root mean squared error, use the function'root_mean_squared_error'.
  warnings.warn(

[2024-11-12T08:35:17.467+0000] {warnings.py:112} WARNING - /home/***/.local/lib/python3.12/site-packages/sklearn/metrics/_regression.py:492: FutureWarning: 'squared' is deprecated in version 1.4 and will be removed in 1.6. To calculate the root mean squared error, use the function'root_mean_squared_error'.
  warnings.warn(

[2024-11-12T08:35:17.472+0000] {warnings.py:112} WARNING - /home/***/.local/lib/python3.12/site-packages/sklearn/metrics/_regression.py:492: FutureWarning: 'squared' is deprecated in version 1.4 and will be removed in 1.6. To calculate the root mean squared error, use the function'root_mean_squared_error'.
  warnings.warn(

[2024-11-12T08:35:17.476+0000] {warnings.py:112} WARNING - /home/***/.local/lib/python3.12/site-packages/sklearn/metrics/_regression.py:492: FutureWarning: 'squared' is deprecated in version 1.4 and will be removed in 1.6. To calculate the root mean squared error, use the function'root_mean_squared_error'.
  warnings.warn(

[2024-11-12T08:35:17.485+0000] {warnings.py:112} WARNING - /home/***/.local/lib/python3.12/site-packages/sklearn/metrics/_regression.py:492: FutureWarning: 'squared' is deprecated in version 1.4 and will be removed in 1.6. To calculate the root mean squared error, use the function'root_mean_squared_error'.
  warnings.warn(

[2024-11-12T08:35:17.498+0000] {warnings.py:112} WARNING - /home/***/.local/lib/python3.12/site-packages/sklearn/metrics/_regression.py:492: FutureWarning: 'squared' is deprecated in version 1.4 and will be removed in 1.6. To calculate the root mean squared error, use the function'root_mean_squared_error'.
  warnings.warn(

[2024-11-12T08:35:17.506+0000] {warnings.py:112} WARNING - /home/***/.local/lib/python3.12/site-packages/sklearn/metrics/_regression.py:492: FutureWarning: 'squared' is deprecated in version 1.4 and will be removed in 1.6. To calculate the root mean squared error, use the function'root_mean_squared_error'.
  warnings.warn(

[2024-11-12T08:35:17.512+0000] {warnings.py:112} WARNING - /home/***/.local/lib/python3.12/site-packages/sklearn/metrics/_regression.py:492: FutureWarning: 'squared' is deprecated in version 1.4 and will be removed in 1.6. To calculate the root mean squared error, use the function'root_mean_squared_error'.
  warnings.warn(

[2024-11-12T08:35:17.517+0000] {warnings.py:112} WARNING - /home/***/.local/lib/python3.12/site-packages/sklearn/metrics/_regression.py:492: FutureWarning: 'squared' is deprecated in version 1.4 and will be removed in 1.6. To calculate the root mean squared error, use the function'root_mean_squared_error'.
  warnings.warn(

[2024-11-12T08:35:17.523+0000] {warnings.py:112} WARNING - /home/***/.local/lib/python3.12/site-packages/sklearn/metrics/_regression.py:492: FutureWarning: 'squared' is deprecated in version 1.4 and will be removed in 1.6. To calculate the root mean squared error, use the function'root_mean_squared_error'.
  warnings.warn(

[2024-11-12T08:35:17.529+0000] {warnings.py:112} WARNING - /home/***/.local/lib/python3.12/site-packages/sklearn/metrics/_regression.py:492: FutureWarning: 'squared' is deprecated in version 1.4 and will be removed in 1.6. To calculate the root mean squared error, use the function'root_mean_squared_error'.
  warnings.warn(

[2024-11-12T08:35:17.534+0000] {warnings.py:112} WARNING - /home/***/.local/lib/python3.12/site-packages/sklearn/metrics/_regression.py:492: FutureWarning: 'squared' is deprecated in version 1.4 and will be removed in 1.6. To calculate the root mean squared error, use the function'root_mean_squared_error'.
  warnings.warn(

[2024-11-12T08:35:17.542+0000] {warnings.py:112} WARNING - /home/***/.local/lib/python3.12/site-packages/sklearn/metrics/_regression.py:492: FutureWarning: 'squared' is deprecated in version 1.4 and will be removed in 1.6. To calculate the root mean squared error, use the function'root_mean_squared_error'.
  warnings.warn(

[2024-11-12T08:35:17.552+0000] {warnings.py:112} WARNING - /home/***/.local/lib/python3.12/site-packages/sklearn/metrics/_regression.py:492: FutureWarning: 'squared' is deprecated in version 1.4 and will be removed in 1.6. To calculate the root mean squared error, use the function'root_mean_squared_error'.
  warnings.warn(

[2024-11-12T08:35:17.559+0000] {warnings.py:112} WARNING - /home/***/.local/lib/python3.12/site-packages/sklearn/metrics/_regression.py:492: FutureWarning: 'squared' is deprecated in version 1.4 and will be removed in 1.6. To calculate the root mean squared error, use the function'root_mean_squared_error'.
  warnings.warn(

[2024-11-12T08:35:17.576+0000] {logging_mixin.py:188} INFO - Logged metrics and bias flags for model y_pred_xgb, feature hour
[2024-11-12T08:35:17.607+0000] {category.py:223} INFO - Using categorical units to plot a list of strings that are all parsable as floats or dates. If these strings should be plotted as numbers, cast to the appropriate data type before plotting.
[2024-11-12T08:35:17.613+0000] {category.py:223} INFO - Using categorical units to plot a list of strings that are all parsable as floats or dates. If these strings should be plotted as numbers, cast to the appropriate data type before plotting.
[2024-11-12T08:35:18.020+0000] {logging_mixin.py:188} INFO - Saved MAE distribution plot for y_pred_xgb - hour at /opt/***/dags/artifacts/y_pred_xgb_hour_MAE.png
[2024-11-12T08:35:18.035+0000] {category.py:223} INFO - Using categorical units to plot a list of strings that are all parsable as floats or dates. If these strings should be plotted as numbers, cast to the appropriate data type before plotting.
[2024-11-12T08:35:18.038+0000] {category.py:223} INFO - Using categorical units to plot a list of strings that are all parsable as floats or dates. If these strings should be plotted as numbers, cast to the appropriate data type before plotting.
[2024-11-12T08:35:18.340+0000] {logging_mixin.py:188} INFO - Saved RMSE distribution plot for y_pred_xgb - hour at /opt/***/dags/artifacts/y_pred_xgb_hour_RMSE.png
[2024-11-12T08:35:18.376+0000] {category.py:223} INFO - Using categorical units to plot a list of strings that are all parsable as floats or dates. If these strings should be plotted as numbers, cast to the appropriate data type before plotting.
[2024-11-12T08:35:18.381+0000] {category.py:223} INFO - Using categorical units to plot a list of strings that are all parsable as floats or dates. If these strings should be plotted as numbers, cast to the appropriate data type before plotting.
[2024-11-12T08:35:18.705+0000] {logging_mixin.py:188} INFO - Saved R² distribution plot for y_pred_xgb - hour at /opt/***/dags/artifacts/y_pred_xgb_hour_R².png
[2024-11-12T08:35:18.739+0000] {category.py:223} INFO - Using categorical units to plot a list of strings that are all parsable as floats or dates. If these strings should be plotted as numbers, cast to the appropriate data type before plotting.
[2024-11-12T08:35:18.744+0000] {category.py:223} INFO - Using categorical units to plot a list of strings that are all parsable as floats or dates. If these strings should be plotted as numbers, cast to the appropriate data type before plotting.
[2024-11-12T08:35:19.058+0000] {logging_mixin.py:188} INFO - Saved MBE distribution plot for y_pred_xgb - hour at /opt/***/dags/artifacts/y_pred_xgb_hour_MBE.png
[2024-11-12T08:35:19.079+0000] {logging_mixin.py:188} INFO - 
Evaluating feature: day_of_week for model: y_pred_xgb
[2024-11-12T08:35:19.091+0000] {warnings.py:112} WARNING - /home/***/.local/lib/python3.12/site-packages/sklearn/metrics/_regression.py:492: FutureWarning: 'squared' is deprecated in version 1.4 and will be removed in 1.6. To calculate the root mean squared error, use the function'root_mean_squared_error'.
  warnings.warn(

[2024-11-12T08:35:19.097+0000] {warnings.py:112} WARNING - /home/***/.local/lib/python3.12/site-packages/sklearn/metrics/_regression.py:492: FutureWarning: 'squared' is deprecated in version 1.4 and will be removed in 1.6. To calculate the root mean squared error, use the function'root_mean_squared_error'.
  warnings.warn(

[2024-11-12T08:35:19.100+0000] {warnings.py:112} WARNING - /home/***/.local/lib/python3.12/site-packages/sklearn/metrics/_regression.py:492: FutureWarning: 'squared' is deprecated in version 1.4 and will be removed in 1.6. To calculate the root mean squared error, use the function'root_mean_squared_error'.
  warnings.warn(

[2024-11-12T08:35:19.103+0000] {warnings.py:112} WARNING - /home/***/.local/lib/python3.12/site-packages/sklearn/metrics/_regression.py:492: FutureWarning: 'squared' is deprecated in version 1.4 and will be removed in 1.6. To calculate the root mean squared error, use the function'root_mean_squared_error'.
  warnings.warn(

[2024-11-12T08:35:19.108+0000] {warnings.py:112} WARNING - /home/***/.local/lib/python3.12/site-packages/sklearn/metrics/_regression.py:492: FutureWarning: 'squared' is deprecated in version 1.4 and will be removed in 1.6. To calculate the root mean squared error, use the function'root_mean_squared_error'.
  warnings.warn(

[2024-11-12T08:35:19.111+0000] {warnings.py:112} WARNING - /home/***/.local/lib/python3.12/site-packages/sklearn/metrics/_regression.py:492: FutureWarning: 'squared' is deprecated in version 1.4 and will be removed in 1.6. To calculate the root mean squared error, use the function'root_mean_squared_error'.
  warnings.warn(

[2024-11-12T08:35:19.115+0000] {warnings.py:112} WARNING - /home/***/.local/lib/python3.12/site-packages/sklearn/metrics/_regression.py:492: FutureWarning: 'squared' is deprecated in version 1.4 and will be removed in 1.6. To calculate the root mean squared error, use the function'root_mean_squared_error'.
  warnings.warn(

[2024-11-12T08:35:19.129+0000] {logging_mixin.py:188} INFO - Logged metrics and bias flags for model y_pred_xgb, feature day_of_week
[2024-11-12T08:35:19.156+0000] {category.py:223} INFO - Using categorical units to plot a list of strings that are all parsable as floats or dates. If these strings should be plotted as numbers, cast to the appropriate data type before plotting.
[2024-11-12T08:35:19.161+0000] {category.py:223} INFO - Using categorical units to plot a list of strings that are all parsable as floats or dates. If these strings should be plotted as numbers, cast to the appropriate data type before plotting.
[2024-11-12T08:35:19.440+0000] {logging_mixin.py:188} INFO - Saved MAE distribution plot for y_pred_xgb - day_of_week at /opt/***/dags/artifacts/y_pred_xgb_day_of_week_MAE.png
[2024-11-12T08:35:19.470+0000] {category.py:223} INFO - Using categorical units to plot a list of strings that are all parsable as floats or dates. If these strings should be plotted as numbers, cast to the appropriate data type before plotting.
[2024-11-12T08:35:19.485+0000] {category.py:223} INFO - Using categorical units to plot a list of strings that are all parsable as floats or dates. If these strings should be plotted as numbers, cast to the appropriate data type before plotting.
[2024-11-12T08:35:19.712+0000] {logging_mixin.py:188} INFO - Saved RMSE distribution plot for y_pred_xgb - day_of_week at /opt/***/dags/artifacts/y_pred_xgb_day_of_week_RMSE.png
[2024-11-12T08:35:19.726+0000] {category.py:223} INFO - Using categorical units to plot a list of strings that are all parsable as floats or dates. If these strings should be plotted as numbers, cast to the appropriate data type before plotting.
[2024-11-12T08:35:19.729+0000] {category.py:223} INFO - Using categorical units to plot a list of strings that are all parsable as floats or dates. If these strings should be plotted as numbers, cast to the appropriate data type before plotting.
[2024-11-12T08:35:19.906+0000] {logging_mixin.py:188} INFO - Saved R² distribution plot for y_pred_xgb - day_of_week at /opt/***/dags/artifacts/y_pred_xgb_day_of_week_R².png
[2024-11-12T08:35:19.930+0000] {category.py:223} INFO - Using categorical units to plot a list of strings that are all parsable as floats or dates. If these strings should be plotted as numbers, cast to the appropriate data type before plotting.
[2024-11-12T08:35:19.939+0000] {category.py:223} INFO - Using categorical units to plot a list of strings that are all parsable as floats or dates. If these strings should be plotted as numbers, cast to the appropriate data type before plotting.
[2024-11-12T08:35:21.050+0000] {logging_mixin.py:188} INFO - Saved MBE distribution plot for y_pred_xgb - day_of_week at /opt/***/dags/artifacts/y_pred_xgb_day_of_week_MBE.png
[2024-11-12T08:35:21.095+0000] {logging_mixin.py:188} INFO - 
Evaluating feature: month for model: y_pred_xgb
[2024-11-12T08:35:21.119+0000] {warnings.py:112} WARNING - /home/***/.local/lib/python3.12/site-packages/sklearn/metrics/_regression.py:492: FutureWarning: 'squared' is deprecated in version 1.4 and will be removed in 1.6. To calculate the root mean squared error, use the function'root_mean_squared_error'.
  warnings.warn(

[2024-11-12T08:35:21.130+0000] {warnings.py:112} WARNING - /home/***/.local/lib/python3.12/site-packages/sklearn/metrics/_regression.py:492: FutureWarning: 'squared' is deprecated in version 1.4 and will be removed in 1.6. To calculate the root mean squared error, use the function'root_mean_squared_error'.
  warnings.warn(

[2024-11-12T08:35:21.145+0000] {warnings.py:112} WARNING - /home/***/.local/lib/python3.12/site-packages/sklearn/metrics/_regression.py:492: FutureWarning: 'squared' is deprecated in version 1.4 and will be removed in 1.6. To calculate the root mean squared error, use the function'root_mean_squared_error'.
  warnings.warn(

[2024-11-12T08:35:21.156+0000] {warnings.py:112} WARNING - /home/***/.local/lib/python3.12/site-packages/sklearn/metrics/_regression.py:492: FutureWarning: 'squared' is deprecated in version 1.4 and will be removed in 1.6. To calculate the root mean squared error, use the function'root_mean_squared_error'.
  warnings.warn(

[2024-11-12T08:35:21.163+0000] {warnings.py:112} WARNING - /home/***/.local/lib/python3.12/site-packages/sklearn/metrics/_regression.py:492: FutureWarning: 'squared' is deprecated in version 1.4 and will be removed in 1.6. To calculate the root mean squared error, use the function'root_mean_squared_error'.
  warnings.warn(

[2024-11-12T08:35:21.171+0000] {warnings.py:112} WARNING - /home/***/.local/lib/python3.12/site-packages/sklearn/metrics/_regression.py:492: FutureWarning: 'squared' is deprecated in version 1.4 and will be removed in 1.6. To calculate the root mean squared error, use the function'root_mean_squared_error'.
  warnings.warn(

[2024-11-12T08:35:21.176+0000] {warnings.py:112} WARNING - /home/***/.local/lib/python3.12/site-packages/sklearn/metrics/_regression.py:492: FutureWarning: 'squared' is deprecated in version 1.4 and will be removed in 1.6. To calculate the root mean squared error, use the function'root_mean_squared_error'.
  warnings.warn(

[2024-11-12T08:35:21.181+0000] {warnings.py:112} WARNING - /home/***/.local/lib/python3.12/site-packages/sklearn/metrics/_regression.py:492: FutureWarning: 'squared' is deprecated in version 1.4 and will be removed in 1.6. To calculate the root mean squared error, use the function'root_mean_squared_error'.
  warnings.warn(

[2024-11-12T08:35:21.196+0000] {warnings.py:112} WARNING - /home/***/.local/lib/python3.12/site-packages/sklearn/metrics/_regression.py:492: FutureWarning: 'squared' is deprecated in version 1.4 and will be removed in 1.6. To calculate the root mean squared error, use the function'root_mean_squared_error'.
  warnings.warn(

[2024-11-12T08:35:21.215+0000] {warnings.py:112} WARNING - /home/***/.local/lib/python3.12/site-packages/sklearn/metrics/_regression.py:492: FutureWarning: 'squared' is deprecated in version 1.4 and will be removed in 1.6. To calculate the root mean squared error, use the function'root_mean_squared_error'.
  warnings.warn(

[2024-11-12T08:35:21.243+0000] {warnings.py:112} WARNING - /home/***/.local/lib/python3.12/site-packages/sklearn/metrics/_regression.py:492: FutureWarning: 'squared' is deprecated in version 1.4 and will be removed in 1.6. To calculate the root mean squared error, use the function'root_mean_squared_error'.
  warnings.warn(

[2024-11-12T08:35:21.295+0000] {warnings.py:112} WARNING - /home/***/.local/lib/python3.12/site-packages/sklearn/metrics/_regression.py:492: FutureWarning: 'squared' is deprecated in version 1.4 and will be removed in 1.6. To calculate the root mean squared error, use the function'root_mean_squared_error'.
  warnings.warn(

[2024-11-12T08:35:21.349+0000] {logging_mixin.py:188} INFO - Logged metrics and bias flags for model y_pred_xgb, feature month
[2024-11-12T08:35:21.384+0000] {category.py:223} INFO - Using categorical units to plot a list of strings that are all parsable as floats or dates. If these strings should be plotted as numbers, cast to the appropriate data type before plotting.
[2024-11-12T08:35:21.416+0000] {category.py:223} INFO - Using categorical units to plot a list of strings that are all parsable as floats or dates. If these strings should be plotted as numbers, cast to the appropriate data type before plotting.
[2024-11-12T08:35:21.689+0000] {logging_mixin.py:188} INFO - Saved MAE distribution plot for y_pred_xgb - month at /opt/***/dags/artifacts/y_pred_xgb_month_MAE.png
[2024-11-12T08:35:21.710+0000] {category.py:223} INFO - Using categorical units to plot a list of strings that are all parsable as floats or dates. If these strings should be plotted as numbers, cast to the appropriate data type before plotting.
[2024-11-12T08:35:21.714+0000] {category.py:223} INFO - Using categorical units to plot a list of strings that are all parsable as floats or dates. If these strings should be plotted as numbers, cast to the appropriate data type before plotting.
[2024-11-12T08:35:21.901+0000] {logging_mixin.py:188} INFO - Saved RMSE distribution plot for y_pred_xgb - month at /opt/***/dags/artifacts/y_pred_xgb_month_RMSE.png
[2024-11-12T08:35:21.915+0000] {category.py:223} INFO - Using categorical units to plot a list of strings that are all parsable as floats or dates. If these strings should be plotted as numbers, cast to the appropriate data type before plotting.
[2024-11-12T08:35:21.919+0000] {category.py:223} INFO - Using categorical units to plot a list of strings that are all parsable as floats or dates. If these strings should be plotted as numbers, cast to the appropriate data type before plotting.
[2024-11-12T08:35:22.122+0000] {logging_mixin.py:188} INFO - Saved R² distribution plot for y_pred_xgb - month at /opt/***/dags/artifacts/y_pred_xgb_month_R².png
[2024-11-12T08:35:22.146+0000] {category.py:223} INFO - Using categorical units to plot a list of strings that are all parsable as floats or dates. If these strings should be plotted as numbers, cast to the appropriate data type before plotting.
[2024-11-12T08:35:22.153+0000] {category.py:223} INFO - Using categorical units to plot a list of strings that are all parsable as floats or dates. If these strings should be plotted as numbers, cast to the appropriate data type before plotting.
[2024-11-12T08:35:22.351+0000] {logging_mixin.py:188} INFO - Saved MBE distribution plot for y_pred_xgb - month at /opt/***/dags/artifacts/y_pred_xgb_month_MBE.png
[2024-11-12T08:35:22.372+0000] {logging_mixin.py:188} INFO - 
Evaluating feature: season for model: y_pred_xgb
[2024-11-12T08:35:22.373+0000] {warnings.py:112} WARNING - /opt/***/dags/ModelDevelopment/ModelBias/Model_bias.py:147: FutureWarning: The default of observed=False is deprecated and will be changed to True in a future version of pandas. Pass observed=False to retain current behavior or observed=True to adopt the future default and silence this warning.
  for name, group in feature_data.groupby(feature):

[2024-11-12T08:35:22.380+0000] {warnings.py:112} WARNING - /home/***/.local/lib/python3.12/site-packages/sklearn/metrics/_regression.py:492: FutureWarning: 'squared' is deprecated in version 1.4 and will be removed in 1.6. To calculate the root mean squared error, use the function'root_mean_squared_error'.
  warnings.warn(

[2024-11-12T08:35:22.384+0000] {warnings.py:112} WARNING - /home/***/.local/lib/python3.12/site-packages/sklearn/metrics/_regression.py:492: FutureWarning: 'squared' is deprecated in version 1.4 and will be removed in 1.6. To calculate the root mean squared error, use the function'root_mean_squared_error'.
  warnings.warn(

[2024-11-12T08:35:22.394+0000] {warnings.py:112} WARNING - /home/***/.local/lib/python3.12/site-packages/sklearn/metrics/_regression.py:492: FutureWarning: 'squared' is deprecated in version 1.4 and will be removed in 1.6. To calculate the root mean squared error, use the function'root_mean_squared_error'.
  warnings.warn(

[2024-11-12T08:35:22.399+0000] {warnings.py:112} WARNING - /home/***/.local/lib/python3.12/site-packages/sklearn/metrics/_regression.py:492: FutureWarning: 'squared' is deprecated in version 1.4 and will be removed in 1.6. To calculate the root mean squared error, use the function'root_mean_squared_error'.
  warnings.warn(

[2024-11-12T08:35:22.408+0000] {logging_mixin.py:188} INFO - Logged metrics and bias flags for model y_pred_xgb, feature season
[2024-11-12T08:35:22.512+0000] {logging_mixin.py:188} INFO - Saved MAE distribution plot for y_pred_xgb - season at /opt/***/dags/artifacts/y_pred_xgb_season_MAE.png
[2024-11-12T08:35:22.770+0000] {logging_mixin.py:188} INFO - Saved RMSE distribution plot for y_pred_xgb - season at /opt/***/dags/artifacts/y_pred_xgb_season_RMSE.png
[2024-11-12T08:35:22.936+0000] {logging_mixin.py:188} INFO - Saved R² distribution plot for y_pred_xgb - season at /opt/***/dags/artifacts/y_pred_xgb_season_R².png
[2024-11-12T08:35:23.115+0000] {logging_mixin.py:188} INFO - Saved MBE distribution plot for y_pred_xgb - season at /opt/***/dags/artifacts/y_pred_xgb_season_MBE.png
[2024-11-12T08:35:23.139+0000] {logging_mixin.py:188} INFO - 
Evaluating bias and metrics for model: y_pred_prophet
[2024-11-12T08:35:23.144+0000] {logging_mixin.py:188} INFO - 
Evaluating feature: hour for model: y_pred_prophet
[2024-11-12T08:35:23.151+0000] {warnings.py:112} WARNING - /home/***/.local/lib/python3.12/site-packages/sklearn/metrics/_regression.py:492: FutureWarning: 'squared' is deprecated in version 1.4 and will be removed in 1.6. To calculate the root mean squared error, use the function'root_mean_squared_error'.
  warnings.warn(

[2024-11-12T08:35:23.154+0000] {warnings.py:112} WARNING - /home/***/.local/lib/python3.12/site-packages/sklearn/metrics/_regression.py:492: FutureWarning: 'squared' is deprecated in version 1.4 and will be removed in 1.6. To calculate the root mean squared error, use the function'root_mean_squared_error'.
  warnings.warn(

[2024-11-12T08:35:23.159+0000] {warnings.py:112} WARNING - /home/***/.local/lib/python3.12/site-packages/sklearn/metrics/_regression.py:492: FutureWarning: 'squared' is deprecated in version 1.4 and will be removed in 1.6. To calculate the root mean squared error, use the function'root_mean_squared_error'.
  warnings.warn(

[2024-11-12T08:35:23.162+0000] {warnings.py:112} WARNING - /home/***/.local/lib/python3.12/site-packages/sklearn/metrics/_regression.py:492: FutureWarning: 'squared' is deprecated in version 1.4 and will be removed in 1.6. To calculate the root mean squared error, use the function'root_mean_squared_error'.
  warnings.warn(

[2024-11-12T08:35:23.165+0000] {warnings.py:112} WARNING - /home/***/.local/lib/python3.12/site-packages/sklearn/metrics/_regression.py:492: FutureWarning: 'squared' is deprecated in version 1.4 and will be removed in 1.6. To calculate the root mean squared error, use the function'root_mean_squared_error'.
  warnings.warn(

[2024-11-12T08:35:23.167+0000] {warnings.py:112} WARNING - /home/***/.local/lib/python3.12/site-packages/sklearn/metrics/_regression.py:492: FutureWarning: 'squared' is deprecated in version 1.4 and will be removed in 1.6. To calculate the root mean squared error, use the function'root_mean_squared_error'.
  warnings.warn(

[2024-11-12T08:35:23.170+0000] {warnings.py:112} WARNING - /home/***/.local/lib/python3.12/site-packages/sklearn/metrics/_regression.py:492: FutureWarning: 'squared' is deprecated in version 1.4 and will be removed in 1.6. To calculate the root mean squared error, use the function'root_mean_squared_error'.
  warnings.warn(

[2024-11-12T08:35:23.173+0000] {warnings.py:112} WARNING - /home/***/.local/lib/python3.12/site-packages/sklearn/metrics/_regression.py:492: FutureWarning: 'squared' is deprecated in version 1.4 and will be removed in 1.6. To calculate the root mean squared error, use the function'root_mean_squared_error'.
  warnings.warn(

[2024-11-12T08:35:23.177+0000] {warnings.py:112} WARNING - /home/***/.local/lib/python3.12/site-packages/sklearn/metrics/_regression.py:492: FutureWarning: 'squared' is deprecated in version 1.4 and will be removed in 1.6. To calculate the root mean squared error, use the function'root_mean_squared_error'.
  warnings.warn(

[2024-11-12T08:35:23.180+0000] {warnings.py:112} WARNING - /home/***/.local/lib/python3.12/site-packages/sklearn/metrics/_regression.py:492: FutureWarning: 'squared' is deprecated in version 1.4 and will be removed in 1.6. To calculate the root mean squared error, use the function'root_mean_squared_error'.
  warnings.warn(

[2024-11-12T08:35:23.182+0000] {warnings.py:112} WARNING - /home/***/.local/lib/python3.12/site-packages/sklearn/metrics/_regression.py:492: FutureWarning: 'squared' is deprecated in version 1.4 and will be removed in 1.6. To calculate the root mean squared error, use the function'root_mean_squared_error'.
  warnings.warn(

[2024-11-12T08:35:23.185+0000] {warnings.py:112} WARNING - /home/***/.local/lib/python3.12/site-packages/sklearn/metrics/_regression.py:492: FutureWarning: 'squared' is deprecated in version 1.4 and will be removed in 1.6. To calculate the root mean squared error, use the function'root_mean_squared_error'.
  warnings.warn(

[2024-11-12T08:35:23.187+0000] {warnings.py:112} WARNING - /home/***/.local/lib/python3.12/site-packages/sklearn/metrics/_regression.py:492: FutureWarning: 'squared' is deprecated in version 1.4 and will be removed in 1.6. To calculate the root mean squared error, use the function'root_mean_squared_error'.
  warnings.warn(

[2024-11-12T08:35:23.190+0000] {warnings.py:112} WARNING - /home/***/.local/lib/python3.12/site-packages/sklearn/metrics/_regression.py:492: FutureWarning: 'squared' is deprecated in version 1.4 and will be removed in 1.6. To calculate the root mean squared error, use the function'root_mean_squared_error'.
  warnings.warn(

[2024-11-12T08:35:23.193+0000] {warnings.py:112} WARNING - /home/***/.local/lib/python3.12/site-packages/sklearn/metrics/_regression.py:492: FutureWarning: 'squared' is deprecated in version 1.4 and will be removed in 1.6. To calculate the root mean squared error, use the function'root_mean_squared_error'.
  warnings.warn(

[2024-11-12T08:35:23.196+0000] {warnings.py:112} WARNING - /home/***/.local/lib/python3.12/site-packages/sklearn/metrics/_regression.py:492: FutureWarning: 'squared' is deprecated in version 1.4 and will be removed in 1.6. To calculate the root mean squared error, use the function'root_mean_squared_error'.
  warnings.warn(

[2024-11-12T08:35:23.198+0000] {warnings.py:112} WARNING - /home/***/.local/lib/python3.12/site-packages/sklearn/metrics/_regression.py:492: FutureWarning: 'squared' is deprecated in version 1.4 and will be removed in 1.6. To calculate the root mean squared error, use the function'root_mean_squared_error'.
  warnings.warn(

[2024-11-12T08:35:23.201+0000] {warnings.py:112} WARNING - /home/***/.local/lib/python3.12/site-packages/sklearn/metrics/_regression.py:492: FutureWarning: 'squared' is deprecated in version 1.4 and will be removed in 1.6. To calculate the root mean squared error, use the function'root_mean_squared_error'.
  warnings.warn(

[2024-11-12T08:35:23.204+0000] {warnings.py:112} WARNING - /home/***/.local/lib/python3.12/site-packages/sklearn/metrics/_regression.py:492: FutureWarning: 'squared' is deprecated in version 1.4 and will be removed in 1.6. To calculate the root mean squared error, use the function'root_mean_squared_error'.
  warnings.warn(

[2024-11-12T08:35:23.207+0000] {warnings.py:112} WARNING - /home/***/.local/lib/python3.12/site-packages/sklearn/metrics/_regression.py:492: FutureWarning: 'squared' is deprecated in version 1.4 and will be removed in 1.6. To calculate the root mean squared error, use the function'root_mean_squared_error'.
  warnings.warn(

[2024-11-12T08:35:23.209+0000] {warnings.py:112} WARNING - /home/***/.local/lib/python3.12/site-packages/sklearn/metrics/_regression.py:492: FutureWarning: 'squared' is deprecated in version 1.4 and will be removed in 1.6. To calculate the root mean squared error, use the function'root_mean_squared_error'.
  warnings.warn(

[2024-11-12T08:35:23.212+0000] {warnings.py:112} WARNING - /home/***/.local/lib/python3.12/site-packages/sklearn/metrics/_regression.py:492: FutureWarning: 'squared' is deprecated in version 1.4 and will be removed in 1.6. To calculate the root mean squared error, use the function'root_mean_squared_error'.
  warnings.warn(

[2024-11-12T08:35:23.215+0000] {warnings.py:112} WARNING - /home/***/.local/lib/python3.12/site-packages/sklearn/metrics/_regression.py:492: FutureWarning: 'squared' is deprecated in version 1.4 and will be removed in 1.6. To calculate the root mean squared error, use the function'root_mean_squared_error'.
  warnings.warn(

[2024-11-12T08:35:23.230+0000] {warnings.py:112} WARNING - /home/***/.local/lib/python3.12/site-packages/sklearn/metrics/_regression.py:492: FutureWarning: 'squared' is deprecated in version 1.4 and will be removed in 1.6. To calculate the root mean squared error, use the function'root_mean_squared_error'.
  warnings.warn(

[2024-11-12T08:35:23.257+0000] {logging_mixin.py:188} INFO - Logged metrics and bias flags for model y_pred_prophet, feature hour
[2024-11-12T08:35:23.281+0000] {category.py:223} INFO - Using categorical units to plot a list of strings that are all parsable as floats or dates. If these strings should be plotted as numbers, cast to the appropriate data type before plotting.
[2024-11-12T08:35:23.285+0000] {category.py:223} INFO - Using categorical units to plot a list of strings that are all parsable as floats or dates. If these strings should be plotted as numbers, cast to the appropriate data type before plotting.
[2024-11-12T08:35:23.467+0000] {logging_mixin.py:188} INFO - Saved MAE distribution plot for y_pred_prophet - hour at /opt/***/dags/artifacts/y_pred_prophet_hour_MAE.png
[2024-11-12T08:35:23.476+0000] {category.py:223} INFO - Using categorical units to plot a list of strings that are all parsable as floats or dates. If these strings should be plotted as numbers, cast to the appropriate data type before plotting.
[2024-11-12T08:35:23.479+0000] {category.py:223} INFO - Using categorical units to plot a list of strings that are all parsable as floats or dates. If these strings should be plotted as numbers, cast to the appropriate data type before plotting.
[2024-11-12T08:35:23.693+0000] {logging_mixin.py:188} INFO - Saved RMSE distribution plot for y_pred_prophet - hour at /opt/***/dags/artifacts/y_pred_prophet_hour_RMSE.png
[2024-11-12T08:35:23.733+0000] {category.py:223} INFO - Using categorical units to plot a list of strings that are all parsable as floats or dates. If these strings should be plotted as numbers, cast to the appropriate data type before plotting.
[2024-11-12T08:35:23.741+0000] {category.py:223} INFO - Using categorical units to plot a list of strings that are all parsable as floats or dates. If these strings should be plotted as numbers, cast to the appropriate data type before plotting.
[2024-11-12T08:35:23.899+0000] {logging_mixin.py:188} INFO - Saved R² distribution plot for y_pred_prophet - hour at /opt/***/dags/artifacts/y_pred_prophet_hour_R².png
[2024-11-12T08:35:23.910+0000] {category.py:223} INFO - Using categorical units to plot a list of strings that are all parsable as floats or dates. If these strings should be plotted as numbers, cast to the appropriate data type before plotting.
[2024-11-12T08:35:23.912+0000] {category.py:223} INFO - Using categorical units to plot a list of strings that are all parsable as floats or dates. If these strings should be plotted as numbers, cast to the appropriate data type before plotting.
[2024-11-12T08:35:24.083+0000] {logging_mixin.py:188} INFO - Saved MBE distribution plot for y_pred_prophet - hour at /opt/***/dags/artifacts/y_pred_prophet_hour_MBE.png
[2024-11-12T08:35:24.093+0000] {logging_mixin.py:188} INFO - 
Evaluating feature: day_of_week for model: y_pred_prophet
[2024-11-12T08:35:24.099+0000] {warnings.py:112} WARNING - /home/***/.local/lib/python3.12/site-packages/sklearn/metrics/_regression.py:492: FutureWarning: 'squared' is deprecated in version 1.4 and will be removed in 1.6. To calculate the root mean squared error, use the function'root_mean_squared_error'.
  warnings.warn(

[2024-11-12T08:35:24.102+0000] {warnings.py:112} WARNING - /home/***/.local/lib/python3.12/site-packages/sklearn/metrics/_regression.py:492: FutureWarning: 'squared' is deprecated in version 1.4 and will be removed in 1.6. To calculate the root mean squared error, use the function'root_mean_squared_error'.
  warnings.warn(

[2024-11-12T08:35:24.104+0000] {warnings.py:112} WARNING - /home/***/.local/lib/python3.12/site-packages/sklearn/metrics/_regression.py:492: FutureWarning: 'squared' is deprecated in version 1.4 and will be removed in 1.6. To calculate the root mean squared error, use the function'root_mean_squared_error'.
  warnings.warn(

[2024-11-12T08:35:24.106+0000] {warnings.py:112} WARNING - /home/***/.local/lib/python3.12/site-packages/sklearn/metrics/_regression.py:492: FutureWarning: 'squared' is deprecated in version 1.4 and will be removed in 1.6. To calculate the root mean squared error, use the function'root_mean_squared_error'.
  warnings.warn(

[2024-11-12T08:35:24.108+0000] {warnings.py:112} WARNING - /home/***/.local/lib/python3.12/site-packages/sklearn/metrics/_regression.py:492: FutureWarning: 'squared' is deprecated in version 1.4 and will be removed in 1.6. To calculate the root mean squared error, use the function'root_mean_squared_error'.
  warnings.warn(

[2024-11-12T08:35:24.110+0000] {warnings.py:112} WARNING - /home/***/.local/lib/python3.12/site-packages/sklearn/metrics/_regression.py:492: FutureWarning: 'squared' is deprecated in version 1.4 and will be removed in 1.6. To calculate the root mean squared error, use the function'root_mean_squared_error'.
  warnings.warn(

[2024-11-12T08:35:24.112+0000] {warnings.py:112} WARNING - /home/***/.local/lib/python3.12/site-packages/sklearn/metrics/_regression.py:492: FutureWarning: 'squared' is deprecated in version 1.4 and will be removed in 1.6. To calculate the root mean squared error, use the function'root_mean_squared_error'.
  warnings.warn(

[2024-11-12T08:35:24.119+0000] {logging_mixin.py:188} INFO - Logged metrics and bias flags for model y_pred_prophet, feature day_of_week
[2024-11-12T08:35:24.126+0000] {category.py:223} INFO - Using categorical units to plot a list of strings that are all parsable as floats or dates. If these strings should be plotted as numbers, cast to the appropriate data type before plotting.
[2024-11-12T08:35:24.127+0000] {category.py:223} INFO - Using categorical units to plot a list of strings that are all parsable as floats or dates. If these strings should be plotted as numbers, cast to the appropriate data type before plotting.
[2024-11-12T08:35:24.194+0000] {logging_mixin.py:188} INFO - Saved MAE distribution plot for y_pred_prophet - day_of_week at /opt/***/dags/artifacts/y_pred_prophet_day_of_week_MAE.png
[2024-11-12T08:35:24.202+0000] {category.py:223} INFO - Using categorical units to plot a list of strings that are all parsable as floats or dates. If these strings should be plotted as numbers, cast to the appropriate data type before plotting.
[2024-11-12T08:35:24.203+0000] {category.py:223} INFO - Using categorical units to plot a list of strings that are all parsable as floats or dates. If these strings should be plotted as numbers, cast to the appropriate data type before plotting.
[2024-11-12T08:35:24.352+0000] {logging_mixin.py:188} INFO - Saved RMSE distribution plot for y_pred_prophet - day_of_week at /opt/***/dags/artifacts/y_pred_prophet_day_of_week_RMSE.png
[2024-11-12T08:35:24.365+0000] {category.py:223} INFO - Using categorical units to plot a list of strings that are all parsable as floats or dates. If these strings should be plotted as numbers, cast to the appropriate data type before plotting.
[2024-11-12T08:35:24.367+0000] {category.py:223} INFO - Using categorical units to plot a list of strings that are all parsable as floats or dates. If these strings should be plotted as numbers, cast to the appropriate data type before plotting.
[2024-11-12T08:35:24.478+0000] {logging_mixin.py:188} INFO - Saved R² distribution plot for y_pred_prophet - day_of_week at /opt/***/dags/artifacts/y_pred_prophet_day_of_week_R².png
[2024-11-12T08:35:24.500+0000] {category.py:223} INFO - Using categorical units to plot a list of strings that are all parsable as floats or dates. If these strings should be plotted as numbers, cast to the appropriate data type before plotting.
[2024-11-12T08:35:24.502+0000] {category.py:223} INFO - Using categorical units to plot a list of strings that are all parsable as floats or dates. If these strings should be plotted as numbers, cast to the appropriate data type before plotting.
[2024-11-12T08:35:24.656+0000] {logging_mixin.py:188} INFO - Saved MBE distribution plot for y_pred_prophet - day_of_week at /opt/***/dags/artifacts/y_pred_prophet_day_of_week_MBE.png
[2024-11-12T08:35:24.667+0000] {logging_mixin.py:188} INFO - 
Evaluating feature: month for model: y_pred_prophet
[2024-11-12T08:35:24.673+0000] {warnings.py:112} WARNING - /home/***/.local/lib/python3.12/site-packages/sklearn/metrics/_regression.py:492: FutureWarning: 'squared' is deprecated in version 1.4 and will be removed in 1.6. To calculate the root mean squared error, use the function'root_mean_squared_error'.
  warnings.warn(

[2024-11-12T08:35:24.676+0000] {warnings.py:112} WARNING - /home/***/.local/lib/python3.12/site-packages/sklearn/metrics/_regression.py:492: FutureWarning: 'squared' is deprecated in version 1.4 and will be removed in 1.6. To calculate the root mean squared error, use the function'root_mean_squared_error'.
  warnings.warn(

[2024-11-12T08:35:24.679+0000] {warnings.py:112} WARNING - /home/***/.local/lib/python3.12/site-packages/sklearn/metrics/_regression.py:492: FutureWarning: 'squared' is deprecated in version 1.4 and will be removed in 1.6. To calculate the root mean squared error, use the function'root_mean_squared_error'.
  warnings.warn(

[2024-11-12T08:35:24.682+0000] {warnings.py:112} WARNING - /home/***/.local/lib/python3.12/site-packages/sklearn/metrics/_regression.py:492: FutureWarning: 'squared' is deprecated in version 1.4 and will be removed in 1.6. To calculate the root mean squared error, use the function'root_mean_squared_error'.
  warnings.warn(

[2024-11-12T08:35:24.684+0000] {warnings.py:112} WARNING - /home/***/.local/lib/python3.12/site-packages/sklearn/metrics/_regression.py:492: FutureWarning: 'squared' is deprecated in version 1.4 and will be removed in 1.6. To calculate the root mean squared error, use the function'root_mean_squared_error'.
  warnings.warn(

[2024-11-12T08:35:24.687+0000] {warnings.py:112} WARNING - /home/***/.local/lib/python3.12/site-packages/sklearn/metrics/_regression.py:492: FutureWarning: 'squared' is deprecated in version 1.4 and will be removed in 1.6. To calculate the root mean squared error, use the function'root_mean_squared_error'.
  warnings.warn(

[2024-11-12T08:35:24.691+0000] {warnings.py:112} WARNING - /home/***/.local/lib/python3.12/site-packages/sklearn/metrics/_regression.py:492: FutureWarning: 'squared' is deprecated in version 1.4 and will be removed in 1.6. To calculate the root mean squared error, use the function'root_mean_squared_error'.
  warnings.warn(

[2024-11-12T08:35:24.693+0000] {warnings.py:112} WARNING - /home/***/.local/lib/python3.12/site-packages/sklearn/metrics/_regression.py:492: FutureWarning: 'squared' is deprecated in version 1.4 and will be removed in 1.6. To calculate the root mean squared error, use the function'root_mean_squared_error'.
  warnings.warn(

[2024-11-12T08:35:24.698+0000] {warnings.py:112} WARNING - /home/***/.local/lib/python3.12/site-packages/sklearn/metrics/_regression.py:492: FutureWarning: 'squared' is deprecated in version 1.4 and will be removed in 1.6. To calculate the root mean squared error, use the function'root_mean_squared_error'.
  warnings.warn(

[2024-11-12T08:35:24.703+0000] {warnings.py:112} WARNING - /home/***/.local/lib/python3.12/site-packages/sklearn/metrics/_regression.py:492: FutureWarning: 'squared' is deprecated in version 1.4 and will be removed in 1.6. To calculate the root mean squared error, use the function'root_mean_squared_error'.
  warnings.warn(

[2024-11-12T08:35:24.710+0000] {warnings.py:112} WARNING - /home/***/.local/lib/python3.12/site-packages/sklearn/metrics/_regression.py:492: FutureWarning: 'squared' is deprecated in version 1.4 and will be removed in 1.6. To calculate the root mean squared error, use the function'root_mean_squared_error'.
  warnings.warn(

[2024-11-12T08:35:24.716+0000] {warnings.py:112} WARNING - /home/***/.local/lib/python3.12/site-packages/sklearn/metrics/_regression.py:492: FutureWarning: 'squared' is deprecated in version 1.4 and will be removed in 1.6. To calculate the root mean squared error, use the function'root_mean_squared_error'.
  warnings.warn(

[2024-11-12T08:35:24.732+0000] {logging_mixin.py:188} INFO - Logged metrics and bias flags for model y_pred_prophet, feature month
[2024-11-12T08:35:24.744+0000] {category.py:223} INFO - Using categorical units to plot a list of strings that are all parsable as floats or dates. If these strings should be plotted as numbers, cast to the appropriate data type before plotting.
[2024-11-12T08:35:24.746+0000] {category.py:223} INFO - Using categorical units to plot a list of strings that are all parsable as floats or dates. If these strings should be plotted as numbers, cast to the appropriate data type before plotting.
[2024-11-12T08:35:24.838+0000] {logging_mixin.py:188} INFO - Saved MAE distribution plot for y_pred_prophet - month at /opt/***/dags/artifacts/y_pred_prophet_month_MAE.png
[2024-11-12T08:35:24.846+0000] {category.py:223} INFO - Using categorical units to plot a list of strings that are all parsable as floats or dates. If these strings should be plotted as numbers, cast to the appropriate data type before plotting.
[2024-11-12T08:35:24.847+0000] {category.py:223} INFO - Using categorical units to plot a list of strings that are all parsable as floats or dates. If these strings should be plotted as numbers, cast to the appropriate data type before plotting.
[2024-11-12T08:35:24.942+0000] {logging_mixin.py:188} INFO - Saved RMSE distribution plot for y_pred_prophet - month at /opt/***/dags/artifacts/y_pred_prophet_month_RMSE.png
[2024-11-12T08:35:24.950+0000] {category.py:223} INFO - Using categorical units to plot a list of strings that are all parsable as floats or dates. If these strings should be plotted as numbers, cast to the appropriate data type before plotting.
[2024-11-12T08:35:24.952+0000] {category.py:223} INFO - Using categorical units to plot a list of strings that are all parsable as floats or dates. If these strings should be plotted as numbers, cast to the appropriate data type before plotting.
[2024-11-12T08:35:25.032+0000] {logging_mixin.py:188} INFO - Saved R² distribution plot for y_pred_prophet - month at /opt/***/dags/artifacts/y_pred_prophet_month_R².png
[2024-11-12T08:35:25.041+0000] {category.py:223} INFO - Using categorical units to plot a list of strings that are all parsable as floats or dates. If these strings should be plotted as numbers, cast to the appropriate data type before plotting.
[2024-11-12T08:35:25.043+0000] {category.py:223} INFO - Using categorical units to plot a list of strings that are all parsable as floats or dates. If these strings should be plotted as numbers, cast to the appropriate data type before plotting.
[2024-11-12T08:35:25.127+0000] {logging_mixin.py:188} INFO - Saved MBE distribution plot for y_pred_prophet - month at /opt/***/dags/artifacts/y_pred_prophet_month_MBE.png
[2024-11-12T08:35:25.133+0000] {logging_mixin.py:188} INFO - 
Evaluating feature: season for model: y_pred_prophet
[2024-11-12T08:35:25.133+0000] {warnings.py:112} WARNING - /opt/***/dags/ModelDevelopment/ModelBias/Model_bias.py:147: FutureWarning: The default of observed=False is deprecated and will be changed to True in a future version of pandas. Pass observed=False to retain current behavior or observed=True to adopt the future default and silence this warning.
  for name, group in feature_data.groupby(feature):

[2024-11-12T08:35:25.137+0000] {warnings.py:112} WARNING - /home/***/.local/lib/python3.12/site-packages/sklearn/metrics/_regression.py:492: FutureWarning: 'squared' is deprecated in version 1.4 and will be removed in 1.6. To calculate the root mean squared error, use the function'root_mean_squared_error'.
  warnings.warn(

[2024-11-12T08:35:25.139+0000] {warnings.py:112} WARNING - /home/***/.local/lib/python3.12/site-packages/sklearn/metrics/_regression.py:492: FutureWarning: 'squared' is deprecated in version 1.4 and will be removed in 1.6. To calculate the root mean squared error, use the function'root_mean_squared_error'.
  warnings.warn(

[2024-11-12T08:35:25.142+0000] {warnings.py:112} WARNING - /home/***/.local/lib/python3.12/site-packages/sklearn/metrics/_regression.py:492: FutureWarning: 'squared' is deprecated in version 1.4 and will be removed in 1.6. To calculate the root mean squared error, use the function'root_mean_squared_error'.
  warnings.warn(

[2024-11-12T08:35:25.144+0000] {warnings.py:112} WARNING - /home/***/.local/lib/python3.12/site-packages/sklearn/metrics/_regression.py:492: FutureWarning: 'squared' is deprecated in version 1.4 and will be removed in 1.6. To calculate the root mean squared error, use the function'root_mean_squared_error'.
  warnings.warn(

[2024-11-12T08:35:25.150+0000] {logging_mixin.py:188} INFO - Logged metrics and bias flags for model y_pred_prophet, feature season
[2024-11-12T08:35:25.226+0000] {logging_mixin.py:188} INFO - Saved MAE distribution plot for y_pred_prophet - season at /opt/***/dags/artifacts/y_pred_prophet_season_MAE.png
[2024-11-12T08:35:25.299+0000] {logging_mixin.py:188} INFO - Saved RMSE distribution plot for y_pred_prophet - season at /opt/***/dags/artifacts/y_pred_prophet_season_RMSE.png
[2024-11-12T08:35:25.374+0000] {logging_mixin.py:188} INFO - Saved R² distribution plot for y_pred_prophet - season at /opt/***/dags/artifacts/y_pred_prophet_season_R².png
[2024-11-12T08:35:25.445+0000] {logging_mixin.py:188} INFO - Saved MBE distribution plot for y_pred_prophet - season at /opt/***/dags/artifacts/y_pred_prophet_season_MBE.png
[2024-11-12T08:35:25.453+0000] {logging_mixin.py:188} INFO - 
Model Bias Analysis Complete.
[2024-11-12T08:35:25.458+0000] {python.py:237} INFO - Done. Returned value was:               Model Feature   Slice  ...  Biased RMSE  Biased R²  Biased MBE
0         y_pred_rf    hour       0  ...        False      False       False
1         y_pred_rf    hour       1  ...        False      False       False
2         y_pred_rf    hour       2  ...        False      False       False
3         y_pred_rf    hour       3  ...        False      False       False
4         y_pred_rf    hour       4  ...        False      False       False
..              ...     ...     ...  ...          ...        ...         ...
136  y_pred_prophet   month      12  ...        False      False       False
137  y_pred_prophet  season    Fall  ...        False      False       False
138  y_pred_prophet  season  Spring  ...        False      False       False
139  y_pred_prophet  season  Summer  ...        False      False       False
140  y_pred_prophet  season  Winter  ...        False      False       False

[141 rows x 15 columns]
[2024-11-12T08:35:25.487+0000] {taskinstance.py:441} INFO - ::group::Post task execution logs
[2024-11-12T08:35:25.516+0000] {taskinstance.py:1206} INFO - Marking task as SUCCESS. dag_id=modeling_pipeline, task_id=Bias_Model, run_id=manual__2024-11-12T08:33:54.297836+00:00, execution_date=20241112T083354, start_date=20241112T083512, end_date=20241112T083525
[2024-11-12T08:35:25.570+0000] {local_task_job_runner.py:240} INFO - Task exited with return code 0
[2024-11-12T08:35:25.618+0000] {taskinstance.py:3503} INFO - 1 downstream tasks scheduled from follow-on schedule check
[2024-11-12T08:35:25.619+0000] {local_task_job_runner.py:222} INFO - ::endgroup::
