[2024-11-12T08:45:23.039+0000] {local_task_job_runner.py:120} INFO - ::group::Pre task execution logs
[2024-11-12T08:45:23.050+0000] {taskinstance.py:2076} INFO - Dependencies all met for dep_context=non-requeueable deps ti=<TaskInstance: modeling_pipeline.Best_Model manual__2024-11-12T08:43:58.179274+00:00 [queued]>
[2024-11-12T08:45:23.054+0000] {taskinstance.py:2076} INFO - Dependencies all met for dep_context=requeueable deps ti=<TaskInstance: modeling_pipeline.Best_Model manual__2024-11-12T08:43:58.179274+00:00 [queued]>
[2024-11-12T08:45:23.055+0000] {taskinstance.py:2306} INFO - Starting attempt 1 of 2
[2024-11-12T08:45:23.060+0000] {taskinstance.py:2330} INFO - Executing <Task(PythonOperator): Best_Model> on 2024-11-12 08:43:58.179274+00:00
[2024-11-12T08:45:23.072+0000] {warnings.py:112} WARNING - /home/***/.local/lib/python3.12/site-packages/***/task/task_runner/standard_task_runner.py:61: DeprecationWarning: This process (pid=1278) is multi-threaded, use of fork() may lead to deadlocks in the child.
  pid = os.fork()

[2024-11-12T08:45:23.074+0000] {standard_task_runner.py:63} INFO - Started process 1287 to run task
[2024-11-12T08:45:23.074+0000] {standard_task_runner.py:90} INFO - Running: ['***', 'tasks', 'run', 'modeling_pipeline', 'Best_Model', 'manual__2024-11-12T08:43:58.179274+00:00', '--job-id', '1135', '--raw', '--subdir', 'DAGS_FOLDER/dag_script_model.py', '--cfg-path', '/tmp/tmpts3q6ufd']
[2024-11-12T08:45:23.076+0000] {standard_task_runner.py:91} INFO - Job 1135: Subtask Best_Model
[2024-11-12T08:45:23.109+0000] {task_command.py:426} INFO - Running <TaskInstance: modeling_pipeline.Best_Model manual__2024-11-12T08:43:58.179274+00:00 [running]> on host 9919a500f6fd
[2024-11-12T08:45:23.149+0000] {taskinstance.py:2648} INFO - Exporting env vars: AIRFLOW_CTX_DAG_OWNER='MLOPS' AIRFLOW_CTX_DAG_ID='modeling_pipeline' AIRFLOW_CTX_TASK_ID='Best_Model' AIRFLOW_CTX_EXECUTION_DATE='2024-11-12T08:43:58.179274+00:00' AIRFLOW_CTX_TRY_NUMBER='1' AIRFLOW_CTX_DAG_RUN_ID='manual__2024-11-12T08:43:58.179274+00:00'
[2024-11-12T08:45:23.150+0000] {taskinstance.py:430} INFO - ::endgroup::
[2024-11-12T08:45:23.172+0000] {logging_mixin.py:188} INFO - Experiment 'PM2.5 Random Forest' not found.
[2024-11-12T08:45:23.198+0000] {logging_mixin.py:188} INFO - Experiment 'PM2.5 Prophet' not found.
[2024-11-12T08:45:23.204+0000] {logging_mixin.py:188} INFO - Best model found in experiment 'PM2.5 XGBoost Prediction' with run ID '4a3754c21f2648e0a11d67e4aea8f9e2'
[2024-11-12T08:45:23.204+0000] {logging_mixin.py:188} INFO - Validation RMSE: 0.9685765167761742
[2024-11-12T08:45:23.302+0000] {logging_mixin.py:188} INFO - {'Random Forest Bias Evaluation': {'MAE_hour': {'value': 2.9610290853843124, 'run_id': 'af1eaf197c93425eb0f6280e727bfff1'}, 'RMSE_hour': {'value': 3.195404253006283, 'run_id': 'af1eaf197c93425eb0f6280e727bfff1'}, 'R2_hour': {'value': -2.34375528936878, 'run_id': 'af1eaf197c93425eb0f6280e727bfff1'}, 'MBE_hour': {'value': -2.9610290853843124, 'run_id': 'af1eaf197c93425eb0f6280e727bfff1'}, 'MAE_day_of_week': {'value': 2.9568912044769857, 'run_id': '8f9d243d22494a33bd33079005061f8b'}, 'RMSE_day_of_week': {'value': 3.1889222124874808, 'run_id': '8f9d243d22494a33bd33079005061f8b'}, 'R2_day_of_week': {'value': -2.358543111373094, 'run_id': '8f9d243d22494a33bd33079005061f8b'}, 'MBE_day_of_week': {'value': -2.9568912044769857, 'run_id': '8f9d243d22494a33bd33079005061f8b'}, 'MAE_month': {'value': 2.9826161823334627, 'run_id': '6cb1f41c30c4478aaa08a9bbf44899d4'}, 'RMSE_month': {'value': 3.1965584346530687, 'run_id': '6cb1f41c30c4478aaa08a9bbf44899d4'}, 'R2_month': {'value': -2.8100430436792156, 'run_id': '6cb1f41c30c4478aaa08a9bbf44899d4'}, 'MBE_month': {'value': -2.9826161823334627, 'run_id': '6cb1f41c30c4478aaa08a9bbf44899d4'}, 'MAE_season': {'value': 2.9737612819960955, 'run_id': '3d66b59bd19448be9ea23c8bf168225f'}, 'RMSE_season': {'value': 3.1930184818325213, 'run_id': '3d66b59bd19448be9ea23c8bf168225f'}, 'R2_season': {'value': -2.6036666405674787, 'run_id': '3d66b59bd19448be9ea23c8bf168225f'}, 'MBE_season': {'value': -2.9737612819960955, 'run_id': '3d66b59bd19448be9ea23c8bf168225f'}}, 'XGBoost Bias Evaluation': {'MAE_hour': {'value': 2.9721400449927917, 'run_id': 'bf3aab774b7f4d658328ddf8f7c15ce9'}, 'RMSE_hour': {'value': 3.2051083064446897, 'run_id': 'bf3aab774b7f4d658328ddf8f7c15ce9'}, 'R2_hour': {'value': -2.364153923578925, 'run_id': 'bf3aab774b7f4d658328ddf8f7c15ce9'}, 'MBE_hour': {'value': -2.9721400449927917, 'run_id': 'bf3aab774b7f4d658328ddf8f7c15ce9'}, 'MAE_day_of_week': {'value': 2.9679979526239566, 'run_id': '13e15c342df64e6f9f6a62c255a4f85e'}, 'RMSE_day_of_week': {'value': 3.1986220223921533, 'run_id': '13e15c342df64e6f9f6a62c255a4f85e'}, 'R2_day_of_week': {'value': -2.3790688548504915, 'run_id': '13e15c342df64e6f9f6a62c255a4f85e'}, 'MBE_day_of_week': {'value': -2.9679979526239566, 'run_id': '13e15c342df64e6f9f6a62c255a4f85e'}, 'MAE_month': {'value': 2.9936597745301605, 'run_id': '1f05659e399342028f519c82bcb44b73'}, 'RMSE_month': {'value': 3.2063036810447954, 'run_id': '1f05659e399342028f519c82bcb44b73'}, 'R2_month': {'value': -2.832878012532703, 'run_id': '1f05659e399342028f519c82bcb44b73'}, 'MBE_month': {'value': -2.9936597745301605, 'run_id': '1f05659e399342028f519c82bcb44b73'}, 'MAE_season': {'value': 2.9848149587459485, 'run_id': '90b73d9c130c4c9f8a0624b9e3ec1c53'}, 'RMSE_season': {'value': 3.2027492902823216, 'run_id': '90b73d9c130c4c9f8a0624b9e3ec1c53'}, 'R2_season': {'value': -2.625456410163504, 'run_id': '90b73d9c130c4c9f8a0624b9e3ec1c53'}, 'MBE_season': {'value': -2.9848149587459485, 'run_id': '90b73d9c130c4c9f8a0624b9e3ec1c53'}}, 'Prophet Bias Evaluation': {'MAE_hour': {'value': 2.7252934294373596, 'run_id': 'f2969744c4d74f70a2bef53c91d72544'}, 'RMSE_hour': {'value': 3.20191529551535, 'run_id': 'f2969744c4d74f70a2bef53c91d72544'}, 'R2_hour': {'value': -2.353095203861961, 'run_id': 'f2969744c4d74f70a2bef53c91d72544'}, 'MBE_hour': {'value': -2.6803337940283924, 'run_id': 'f2969744c4d74f70a2bef53c91d72544'}, 'MAE_day_of_week': {'value': 2.719477559289718, 'run_id': '7ecb6db3d11f4dfc94d05d14fe31b4c0'}, 'RMSE_day_of_week': {'value': 3.191822751072683, 'run_id': '7ecb6db3d11f4dfc94d05d14fe31b4c0'}, 'R2_day_of_week': {'value': -2.356328493811646, 'run_id': '7ecb6db3d11f4dfc94d05d14fe31b4c0'}, 'MBE_day_of_week': {'value': -2.674927265523778, 'run_id': '7ecb6db3d11f4dfc94d05d14fe31b4c0'}, 'MAE_month': {'value': 2.7495677572619646, 'run_id': '1e5c8cd5356b475a918ecce4f2beb3ad'}, 'RMSE_month': {'value': 3.1945031681268294, 'run_id': '1e5c8cd5356b475a918ecce4f2beb3ad'}, 'R2_month': {'value': -2.824610375863656, 'run_id': '1e5c8cd5356b475a918ecce4f2beb3ad'}, 'MBE_month': {'value': -2.7069720911903157, 'run_id': '1e5c8cd5356b475a918ecce4f2beb3ad'}, 'MAE_season': {'value': 2.740922623067834, 'run_id': 'd8573923d08d4d07af908e88079b7b0c'}, 'RMSE_season': {'value': 3.1943040683593265, 'run_id': 'd8573923d08d4d07af908e88079b7b0c'}, 'R2_season': {'value': -2.620710515550439, 'run_id': 'd8573923d08d4d07af908e88079b7b0c'}, 'MBE_season': {'value': -2.6987266235677767, 'run_id': 'd8573923d08d4d07af908e88079b7b0c'}}}
[2024-11-12T08:45:23.302+0000] {logging_mixin.py:188} INFO - {'Random': None, 'XGBoost': 0.9685765167761742, 'Prophet': None}
[2024-11-12T08:45:23.302+0000] {logging_mixin.py:188} INFO - Best Experiment: PM2.5 XGBoost Prediction
[2024-11-12T08:45:23.302+0000] {logging_mixin.py:188} INFO - Best Run ID: 4a3754c21f2648e0a11d67e4aea8f9e2
[2024-11-12T08:45:23.302+0000] {logging_mixin.py:188} INFO - Best RMSE: 0.9685765167761742
[2024-11-12T08:45:23.303+0000] {python.py:237} INFO - Done. Returned value was: None
[2024-11-12T08:45:23.303+0000] {taskinstance.py:441} INFO - ::group::Post task execution logs
[2024-11-12T08:45:23.307+0000] {taskinstance.py:1206} INFO - Marking task as SUCCESS. dag_id=modeling_pipeline, task_id=Best_Model, run_id=manual__2024-11-12T08:43:58.179274+00:00, execution_date=20241112T084358, start_date=20241112T084523, end_date=20241112T084523
[2024-11-12T08:45:23.346+0000] {local_task_job_runner.py:240} INFO - Task exited with return code 0
[2024-11-12T08:45:23.355+0000] {taskinstance.py:3503} INFO - 0 downstream tasks scheduled from follow-on schedule check
[2024-11-12T08:45:23.356+0000] {local_task_job_runner.py:222} INFO - ::endgroup::
