[2024-11-12T07:50:01.984+0000] {local_task_job_runner.py:120} INFO - ::group::Pre task execution logs
[2024-11-12T07:50:01.999+0000] {taskinstance.py:2076} INFO - Dependencies all met for dep_context=non-requeueable deps ti=<TaskInstance: modeling_pipeline.Best_Model manual__2024-11-12T07:48:41.426376+00:00 [queued]>
[2024-11-12T07:50:02.025+0000] {taskinstance.py:2076} INFO - Dependencies all met for dep_context=requeueable deps ti=<TaskInstance: modeling_pipeline.Best_Model manual__2024-11-12T07:48:41.426376+00:00 [queued]>
[2024-11-12T07:50:02.029+0000] {taskinstance.py:2306} INFO - Starting attempt 1 of 2
[2024-11-12T07:50:02.056+0000] {taskinstance.py:2330} INFO - Executing <Task(PythonOperator): Best_Model> on 2024-11-12 07:48:41.426376+00:00
[2024-11-12T07:50:02.087+0000] {warnings.py:112} WARNING - /home/***/.local/lib/python3.12/site-packages/***/task/task_runner/standard_task_runner.py:61: DeprecationWarning: This process (pid=180) is multi-threaded, use of fork() may lead to deadlocks in the child.
  pid = os.fork()

[2024-11-12T07:50:02.089+0000] {standard_task_runner.py:63} INFO - Started process 189 to run task
[2024-11-12T07:50:02.091+0000] {standard_task_runner.py:90} INFO - Running: ['***', 'tasks', 'run', 'modeling_pipeline', 'Best_Model', 'manual__2024-11-12T07:48:41.426376+00:00', '--job-id', '1122', '--raw', '--subdir', 'DAGS_FOLDER/dag_script_model.py', '--cfg-path', '/tmp/tmpmuc0zxm5']
[2024-11-12T07:50:02.094+0000] {standard_task_runner.py:91} INFO - Job 1122: Subtask Best_Model
[2024-11-12T07:50:02.131+0000] {task_command.py:426} INFO - Running <TaskInstance: modeling_pipeline.Best_Model manual__2024-11-12T07:48:41.426376+00:00 [running]> on host 9919a500f6fd
[2024-11-12T07:50:02.182+0000] {taskinstance.py:2648} INFO - Exporting env vars: AIRFLOW_CTX_DAG_OWNER='MLOPS' AIRFLOW_CTX_DAG_ID='modeling_pipeline' AIRFLOW_CTX_TASK_ID='Best_Model' AIRFLOW_CTX_EXECUTION_DATE='2024-11-12T07:48:41.426376+00:00' AIRFLOW_CTX_TRY_NUMBER='1' AIRFLOW_CTX_DAG_RUN_ID='manual__2024-11-12T07:48:41.426376+00:00'
[2024-11-12T07:50:02.183+0000] {taskinstance.py:430} INFO - ::endgroup::
[2024-11-12T07:50:02.200+0000] {logging_mixin.py:188} INFO - Experiment 'PM2.5 Random Forest' not found.
[2024-11-12T07:50:02.232+0000] {logging_mixin.py:188} INFO - Experiment 'PM2.5 Prophet' not found.
[2024-11-12T07:50:02.238+0000] {logging_mixin.py:188} INFO - Best model found in experiment 'PM2.5 XGBoost Prediction' with run ID '516295ce55ef4805b22e45691eb4203a'
[2024-11-12T07:50:02.238+0000] {logging_mixin.py:188} INFO - Validation RMSE: 0.9685765167761742
[2024-11-12T07:50:02.240+0000] {logging_mixin.py:188} INFO - Experiment 'Random Forest Bias Evaluation' not found.
[2024-11-12T07:50:02.241+0000] {logging_mixin.py:188} INFO - Experiment 'XGBoost Bias Evaluation' not found.
[2024-11-12T07:50:02.242+0000] {logging_mixin.py:188} INFO - Experiment 'Prophet Bias Evaluation' not found.
[2024-11-12T07:50:02.242+0000] {logging_mixin.py:188} INFO - {}
[2024-11-12T07:50:02.242+0000] {logging_mixin.py:188} INFO - {'Random': None, 'XGBoost': 0.9685765167761742, 'Prophet': None}
[2024-11-12T07:50:02.242+0000] {logging_mixin.py:188} INFO - Best Experiment: PM2.5 XGBoost Prediction
[2024-11-12T07:50:02.242+0000] {logging_mixin.py:188} INFO - Best Run ID: 516295ce55ef4805b22e45691eb4203a
[2024-11-12T07:50:02.242+0000] {logging_mixin.py:188} INFO - Best RMSE: 0.9685765167761742
[2024-11-12T07:50:02.243+0000] {python.py:237} INFO - Done. Returned value was: None
[2024-11-12T07:50:02.243+0000] {taskinstance.py:441} INFO - ::group::Post task execution logs
[2024-11-12T07:50:02.249+0000] {taskinstance.py:1206} INFO - Marking task as SUCCESS. dag_id=modeling_pipeline, task_id=Best_Model, run_id=manual__2024-11-12T07:48:41.426376+00:00, execution_date=20241112T074841, start_date=20241112T075001, end_date=20241112T075002
[2024-11-12T07:50:02.273+0000] {local_task_job_runner.py:240} INFO - Task exited with return code 0
[2024-11-12T07:50:02.288+0000] {taskinstance.py:3503} INFO - 0 downstream tasks scheduled from follow-on schedule check
[2024-11-12T07:50:02.289+0000] {local_task_job_runner.py:222} INFO - ::endgroup::
