[2024-11-11T00:48:03.471+0000] {local_task_job_runner.py:120} INFO - ::group::Pre task execution logs
[2024-11-11T00:48:03.484+0000] {taskinstance.py:2076} INFO - Dependencies all met for dep_context=non-requeueable deps ti=<TaskInstance: modeling_pipeline.Prophet_model manual__2024-11-11T00:46:42.126186+00:00 [queued]>
[2024-11-11T00:48:03.487+0000] {taskinstance.py:2076} INFO - Dependencies all met for dep_context=requeueable deps ti=<TaskInstance: modeling_pipeline.Prophet_model manual__2024-11-11T00:46:42.126186+00:00 [queued]>
[2024-11-11T00:48:03.487+0000] {taskinstance.py:2306} INFO - Starting attempt 2 of 2
[2024-11-11T00:48:03.493+0000] {taskinstance.py:2330} INFO - Executing <Task(PythonOperator): Prophet_model> on 2024-11-11 00:46:42.126186+00:00
[2024-11-11T00:48:03.499+0000] {warnings.py:112} WARNING - /home/***/.local/lib/python3.12/site-packages/***/task/task_runner/standard_task_runner.py:61: DeprecationWarning: This process (pid=190) is multi-threaded, use of fork() may lead to deadlocks in the child.
  pid = os.fork()

[2024-11-11T00:48:03.500+0000] {standard_task_runner.py:63} INFO - Started process 199 to run task
[2024-11-11T00:48:03.500+0000] {standard_task_runner.py:90} INFO - Running: ['***', 'tasks', 'run', 'modeling_pipeline', 'Prophet_model', 'manual__2024-11-11T00:46:42.126186+00:00', '--job-id', '801', '--raw', '--subdir', 'DAGS_FOLDER/dag_script_model.py', '--cfg-path', '/tmp/tmpu37l_mnb']
[2024-11-11T00:48:03.504+0000] {standard_task_runner.py:91} INFO - Job 801: Subtask Prophet_model
[2024-11-11T00:48:03.530+0000] {task_command.py:426} INFO - Running <TaskInstance: modeling_pipeline.Prophet_model manual__2024-11-11T00:46:42.126186+00:00 [running]> on host 7e55f590dc51
[2024-11-11T00:48:03.579+0000] {taskinstance.py:2648} INFO - Exporting env vars: AIRFLOW_CTX_DAG_OWNER='MLOPS' AIRFLOW_CTX_DAG_ID='modeling_pipeline' AIRFLOW_CTX_TASK_ID='Prophet_model' AIRFLOW_CTX_EXECUTION_DATE='2024-11-11T00:46:42.126186+00:00' AIRFLOW_CTX_TRY_NUMBER='2' AIRFLOW_CTX_DAG_RUN_ID='manual__2024-11-11T00:46:42.126186+00:00'
[2024-11-11T00:48:03.580+0000] {taskinstance.py:430} INFO - ::endgroup::
[2024-11-11T00:48:03.603+0000] {logging_mixin.py:188} INFO - Data loaded from /opt/***/dags/DataPreprocessing/src/data_store_pkl_files/test_data/no_anamoly_test_data.pkl.
[2024-11-11T00:48:03.604+0000] {logging_mixin.py:188} INFO - Original Skewness: 0.5082849280995185
[2024-11-11T00:48:03.605+0000] {logging_mixin.py:188} INFO - Log Transformed Skewness: -0.38788987353405835
[2024-11-11T00:48:03.614+0000] {logging_mixin.py:188} INFO - Box-Cox Transformed Skewness: 0.011851083745351043
[2024-11-11T00:48:03.615+0000] {logging_mixin.py:188} INFO - Choosing Box-Cox transformed column.
[2024-11-11T00:48:03.621+0000] {logging_mixin.py:188} INFO - Feature engineering completed and NaN values dropped.
[2024-11-11T00:48:03.648+0000] {logging_mixin.py:188} WARNING - 2024/11/11 00:48:03 WARNING mlflow.utils.git_utils: Failed to import Git (the Git executable is probably not on your PATH), so Git SHA is not available. Error: Failed to initialize: Bad git executable.
The git executable must be specified in one of the following ways:
    - be included in your $PATH
    - be set via $GIT_PYTHON_GIT_EXECUTABLE
    - explicitly set via git.refresh(<full-path-to-git-executable>)

All git commands will error until this is rectified.

This initial message can be silenced or aggravated in the future by setting the
$GIT_PYTHON_REFRESH environment variable. Use one of the following values:
    - quiet|q|silence|s|silent|none|n|0: for no message or exception
    - warn|w|warning|log|l|1: for a warning message (logging level CRITICAL, displayed by default)
    - error|e|exception|raise|r|2: for a raised exception

Example:
    export GIT_PYTHON_REFRESH=quiet
[2024-11-11T00:48:03.700+0000] {forecaster.py:961} INFO - Disabling yearly seasonality. Run prophet with yearly_seasonality=True to override this.
[2024-11-11T00:48:03.721+0000] {filesystem.py:118} DEBUG - input tempfile: /tmp/tmpg72oy7nx/f_q96tv_.json
[2024-11-11T00:48:04.011+0000] {filesystem.py:118} DEBUG - input tempfile: /tmp/tmpg72oy7nx/bsvsa2zs.json
[2024-11-11T00:48:04.013+0000] {model.py:2042} DEBUG - idx 0
[2024-11-11T00:48:04.013+0000] {model.py:2043} DEBUG - running CmdStan, num_threads: None
[2024-11-11T00:48:04.013+0000] {model.py:2055} DEBUG - CmdStan args: ['/home/***/.local/lib/python3.12/site-packages/prophet/stan_model/prophet_model.bin', 'random', 'seed=91154', 'data', 'file=/tmp/tmpg72oy7nx/f_q96tv_.json', 'init=/tmp/tmpg72oy7nx/bsvsa2zs.json', 'output', 'file=/tmp/tmpg72oy7nx/prophet_modeldo3u_sd3/prophet_model-20241111004804.csv', 'method=optimize', 'algorithm=lbfgs', 'iter=10000']
[2024-11-11T00:48:04.014+0000] {logging_mixin.py:188} WARNING - 00:48:04 - cmdstanpy - INFO - Chain [1] start processing
[2024-11-11T00:48:04.013+0000] {model.py:2058} INFO - Chain [1] start processing
[2024-11-11T00:48:07.226+0000] {logging_mixin.py:188} WARNING - 00:48:07 - cmdstanpy - INFO - Chain [1] done processing
[2024-11-11T00:48:07.225+0000] {model.py:2115} INFO - Chain [1] done processing
[2024-11-11T00:48:11.020+0000] {logging_mixin.py:188} WARNING - Downloading artifacts:   0%|          | 0/7 [00:00<?, ?it/s]
[2024-11-11T00:48:11.022+0000] {logging_mixin.py:188} WARNING - Downloading artifacts:  14%|#4        | 1/7 [00:00<00:00, 4815.50it/s]
[2024-11-11T00:48:11.022+0000] {logging_mixin.py:188} WARNING - Downloading artifacts:  29%|##8       | 2/7 [00:00<00:00, 3955.02it/s]
[2024-11-11T00:48:11.022+0000] {logging_mixin.py:188} WARNING - Downloading artifacts:  43%|####2     | 3/7 [00:00<00:00, 3974.39it/s]
[2024-11-11T00:48:11.023+0000] {logging_mixin.py:188} WARNING - Downloading artifacts:  57%|#####7    | 4/7 [00:00<00:00, 4042.70it/s]
[2024-11-11T00:48:11.023+0000] {logging_mixin.py:188} WARNING - Downloading artifacts:  71%|#######1  | 5/7 [00:00<00:00, 4171.78it/s]
[2024-11-11T00:48:11.023+0000] {logging_mixin.py:188} WARNING - Downloading artifacts:  86%|########5 | 6/7 [00:00<00:00, 4347.93it/s]
[2024-11-11T00:48:11.023+0000] {logging_mixin.py:188} WARNING - Downloading artifacts: 100%|##########| 7/7 [00:00<00:00, 4443.12it/s]
[2024-11-11T00:48:11.023+0000] {logging_mixin.py:188} WARNING - Downloading artifacts: 100%|##########| 7/7 [00:00<00:00, 3903.75it/s]
[2024-11-11T00:48:19.297+0000] {warnings.py:112} WARNING - /home/***/.local/lib/python3.12/site-packages/sklearn/metrics/_regression.py:492: FutureWarning: 'squared' is deprecated in version 1.4 and will be removed in 1.6. To calculate the root mean squared error, use the function'root_mean_squared_error'.
  warnings.warn(

[2024-11-11T00:48:19.305+0000] {logging_mixin.py:188} INFO - RMSE (Original PM2.5 target): 4.997330810283877
[2024-11-11T00:48:19.308+0000] {taskinstance.py:441} INFO - ::group::Post task execution logs
[2024-11-11T00:48:19.309+0000] {taskinstance.py:2905} ERROR - Task failed with exception
Traceback (most recent call last):
  File "/home/airflow/.local/lib/python3.12/site-packages/airflow/models/taskinstance.py", line 465, in _execute_task
    result = _execute_callable(context=context, **execute_callable_kwargs)
             ^^^^^^^^^^^^^^^^^^^^^^^^^^^^^^^^^^^^^^^^^^^^^^^^^^^^^^^^^^^^^
  File "/home/airflow/.local/lib/python3.12/site-packages/airflow/models/taskinstance.py", line 432, in _execute_callable
    return execute_callable(context=context, **execute_callable_kwargs)
           ^^^^^^^^^^^^^^^^^^^^^^^^^^^^^^^^^^^^^^^^^^^^^^^^^^^^^^^^^^^^
  File "/home/airflow/.local/lib/python3.12/site-packages/airflow/models/baseoperator.py", line 401, in wrapper
    return func(self, *args, **kwargs)
           ^^^^^^^^^^^^^^^^^^^^^^^^^^^
  File "/home/airflow/.local/lib/python3.12/site-packages/airflow/operators/python.py", line 235, in execute
    return_value = self.execute_callable()
                   ^^^^^^^^^^^^^^^^^^^^^^^
  File "/home/airflow/.local/lib/python3.12/site-packages/airflow/operators/python.py", line 252, in execute_callable
    return self.python_callable(*self.op_args, **self.op_kwargs)
           ^^^^^^^^^^^^^^^^^^^^^^^^^^^^^^^^^^^^^^^^^^^^^^^^^^^^^
  File "/opt/airflow/dags/ModelDevelopment/Prophet.py", line 163, in main
    prophet_model.save_weights()
  File "/opt/airflow/dags/ModelDevelopment/Prophet.py", line 96, in save_weights
    with open(self.model_save_path, 'wb') as f:
         ^^^^^^^^^^^^^^^^^^^^^^^^^^^^^^^^
FileNotFoundError: [Errno 2] No such file or directory: '/opt/airflow/weights/prophet_pm25_model.pth'
[2024-11-11T00:48:19.331+0000] {taskinstance.py:1206} INFO - Marking task as FAILED. dag_id=modeling_pipeline, task_id=Prophet_model, run_id=manual__2024-11-11T00:46:42.126186+00:00, execution_date=20241111T004642, start_date=20241111T004803, end_date=20241111T004819
[2024-11-11T00:48:19.350+0000] {standard_task_runner.py:110} ERROR - Failed to execute job 801 for task Prophet_model ([Errno 2] No such file or directory: '/opt/airflow/weights/prophet_pm25_model.pth'; 199)
[2024-11-11T00:48:19.398+0000] {local_task_job_runner.py:240} INFO - Task exited with return code 1
[2024-11-11T00:48:19.443+0000] {taskinstance.py:3503} INFO - 0 downstream tasks scheduled from follow-on schedule check
[2024-11-11T00:48:19.448+0000] {local_task_job_runner.py:222} INFO - ::endgroup::
