[2024-10-21T23:09:10.444+0000] {processor.py:161} INFO - Started process (PID=49) to work on /home/airflow/.local/lib/python3.12/site-packages/airflow/example_dags/example_display_name.py
[2024-10-21T23:09:10.446+0000] {processor.py:830} INFO - Processing file /home/airflow/.local/lib/python3.12/site-packages/airflow/example_dags/example_display_name.py for tasks to queue
[2024-10-21T23:09:10.449+0000] {logging_mixin.py:188} INFO - [2024-10-21T23:09:10.448+0000] {dagbag.py:545} INFO - Filling up the DagBag from /home/airflow/.local/lib/python3.12/site-packages/airflow/example_dags/example_display_name.py
[2024-10-21T23:09:10.461+0000] {processor.py:840} INFO - DAG(s) 'example_display_name' retrieved from /home/airflow/.local/lib/python3.12/site-packages/airflow/example_dags/example_display_name.py
[2024-10-21T23:09:10.485+0000] {logging_mixin.py:188} INFO - [2024-10-21T23:09:10.484+0000] {dag.py:3096} INFO - Sync 1 DAGs
[2024-10-21T23:09:10.509+0000] {logging_mixin.py:188} INFO - [2024-10-21T23:09:10.508+0000] {dag.py:3954} INFO - Setting next_dagrun for example_display_name to None, run_after=None
[2024-10-21T23:09:10.532+0000] {processor.py:183} INFO - Processing /home/airflow/.local/lib/python3.12/site-packages/airflow/example_dags/example_display_name.py took 0.107 seconds
[2024-10-21T23:09:40.951+0000] {processor.py:161} INFO - Started process (PID=107) to work on /home/airflow/.local/lib/python3.12/site-packages/airflow/example_dags/example_display_name.py
[2024-10-21T23:09:40.951+0000] {processor.py:830} INFO - Processing file /home/airflow/.local/lib/python3.12/site-packages/airflow/example_dags/example_display_name.py for tasks to queue
[2024-10-21T23:09:40.952+0000] {logging_mixin.py:188} INFO - [2024-10-21T23:09:40.952+0000] {dagbag.py:545} INFO - Filling up the DagBag from /home/airflow/.local/lib/python3.12/site-packages/airflow/example_dags/example_display_name.py
[2024-10-21T23:09:40.955+0000] {processor.py:840} INFO - DAG(s) 'example_display_name' retrieved from /home/airflow/.local/lib/python3.12/site-packages/airflow/example_dags/example_display_name.py
[2024-10-21T23:09:40.991+0000] {logging_mixin.py:188} INFO - [2024-10-21T23:09:40.991+0000] {dag.py:3096} INFO - Sync 1 DAGs
[2024-10-21T23:09:40.995+0000] {logging_mixin.py:188} INFO - [2024-10-21T23:09:40.995+0000] {dag.py:3954} INFO - Setting next_dagrun for example_display_name to None, run_after=None
[2024-10-21T23:09:41.001+0000] {processor.py:183} INFO - Processing /home/airflow/.local/lib/python3.12/site-packages/airflow/example_dags/example_display_name.py took 0.053 seconds
[2024-10-21T23:10:12.013+0000] {processor.py:161} INFO - Started process (PID=169) to work on /home/airflow/.local/lib/python3.12/site-packages/airflow/example_dags/example_display_name.py
[2024-10-21T23:10:12.013+0000] {processor.py:830} INFO - Processing file /home/airflow/.local/lib/python3.12/site-packages/airflow/example_dags/example_display_name.py for tasks to queue
[2024-10-21T23:10:12.014+0000] {logging_mixin.py:188} INFO - [2024-10-21T23:10:12.014+0000] {dagbag.py:545} INFO - Filling up the DagBag from /home/airflow/.local/lib/python3.12/site-packages/airflow/example_dags/example_display_name.py
[2024-10-21T23:10:12.018+0000] {processor.py:840} INFO - DAG(s) 'example_display_name' retrieved from /home/airflow/.local/lib/python3.12/site-packages/airflow/example_dags/example_display_name.py
[2024-10-21T23:10:12.042+0000] {logging_mixin.py:188} INFO - [2024-10-21T23:10:12.041+0000] {dag.py:3096} INFO - Sync 1 DAGs
[2024-10-21T23:10:12.047+0000] {logging_mixin.py:188} INFO - [2024-10-21T23:10:12.047+0000] {dag.py:3954} INFO - Setting next_dagrun for example_display_name to None, run_after=None
[2024-10-21T23:10:12.055+0000] {processor.py:183} INFO - Processing /home/airflow/.local/lib/python3.12/site-packages/airflow/example_dags/example_display_name.py took 0.045 seconds
