[2024-10-21T23:09:12.410+0000] {processor.py:161} INFO - Started process (PID=70) to work on /home/airflow/.local/lib/python3.12/site-packages/airflow/example_dags/example_nested_branch_dag.py
[2024-10-21T23:09:12.410+0000] {processor.py:830} INFO - Processing file /home/airflow/.local/lib/python3.12/site-packages/airflow/example_dags/example_nested_branch_dag.py for tasks to queue
[2024-10-21T23:09:12.413+0000] {logging_mixin.py:188} INFO - [2024-10-21T23:09:12.412+0000] {dagbag.py:545} INFO - Filling up the DagBag from /home/airflow/.local/lib/python3.12/site-packages/airflow/example_dags/example_nested_branch_dag.py
[2024-10-21T23:09:12.432+0000] {processor.py:840} INFO - DAG(s) 'example_nested_branch_dag' retrieved from /home/airflow/.local/lib/python3.12/site-packages/airflow/example_dags/example_nested_branch_dag.py
[2024-10-21T23:09:12.449+0000] {logging_mixin.py:188} INFO - [2024-10-21T23:09:12.448+0000] {dag.py:3096} INFO - Sync 1 DAGs
[2024-10-21T23:09:12.479+0000] {logging_mixin.py:188} INFO - [2024-10-21T23:09:12.479+0000] {dag.py:3954} INFO - Setting next_dagrun for example_nested_branch_dag to 2024-10-20 00:00:00+00:00, run_after=2024-10-21 00:00:00+00:00
[2024-10-21T23:09:12.517+0000] {processor.py:183} INFO - Processing /home/airflow/.local/lib/python3.12/site-packages/airflow/example_dags/example_nested_branch_dag.py took 0.115 seconds
[2024-10-21T23:09:43.234+0000] {processor.py:161} INFO - Started process (PID=130) to work on /home/airflow/.local/lib/python3.12/site-packages/airflow/example_dags/example_nested_branch_dag.py
[2024-10-21T23:09:43.235+0000] {processor.py:830} INFO - Processing file /home/airflow/.local/lib/python3.12/site-packages/airflow/example_dags/example_nested_branch_dag.py for tasks to queue
[2024-10-21T23:09:43.236+0000] {logging_mixin.py:188} INFO - [2024-10-21T23:09:43.235+0000] {dagbag.py:545} INFO - Filling up the DagBag from /home/airflow/.local/lib/python3.12/site-packages/airflow/example_dags/example_nested_branch_dag.py
[2024-10-21T23:09:43.240+0000] {processor.py:840} INFO - DAG(s) 'example_nested_branch_dag' retrieved from /home/airflow/.local/lib/python3.12/site-packages/airflow/example_dags/example_nested_branch_dag.py
[2024-10-21T23:09:43.284+0000] {logging_mixin.py:188} INFO - [2024-10-21T23:09:43.284+0000] {dag.py:3096} INFO - Sync 1 DAGs
[2024-10-21T23:09:43.292+0000] {logging_mixin.py:188} INFO - [2024-10-21T23:09:43.292+0000] {dag.py:3954} INFO - Setting next_dagrun for example_nested_branch_dag to 2024-10-20 00:00:00+00:00, run_after=2024-10-21 00:00:00+00:00
[2024-10-21T23:09:43.300+0000] {processor.py:183} INFO - Processing /home/airflow/.local/lib/python3.12/site-packages/airflow/example_dags/example_nested_branch_dag.py took 0.068 seconds
[2024-10-21T23:10:13.603+0000] {processor.py:161} INFO - Started process (PID=190) to work on /home/airflow/.local/lib/python3.12/site-packages/airflow/example_dags/example_nested_branch_dag.py
[2024-10-21T23:10:13.603+0000] {processor.py:830} INFO - Processing file /home/airflow/.local/lib/python3.12/site-packages/airflow/example_dags/example_nested_branch_dag.py for tasks to queue
[2024-10-21T23:10:13.605+0000] {logging_mixin.py:188} INFO - [2024-10-21T23:10:13.605+0000] {dagbag.py:545} INFO - Filling up the DagBag from /home/airflow/.local/lib/python3.12/site-packages/airflow/example_dags/example_nested_branch_dag.py
[2024-10-21T23:10:13.610+0000] {processor.py:840} INFO - DAG(s) 'example_nested_branch_dag' retrieved from /home/airflow/.local/lib/python3.12/site-packages/airflow/example_dags/example_nested_branch_dag.py
[2024-10-21T23:10:13.623+0000] {logging_mixin.py:188} INFO - [2024-10-21T23:10:13.623+0000] {dag.py:3096} INFO - Sync 1 DAGs
[2024-10-21T23:10:13.634+0000] {logging_mixin.py:188} INFO - [2024-10-21T23:10:13.634+0000] {dag.py:3954} INFO - Setting next_dagrun for example_nested_branch_dag to 2024-10-20 00:00:00+00:00, run_after=2024-10-21 00:00:00+00:00
[2024-10-21T23:10:13.641+0000] {processor.py:183} INFO - Processing /home/airflow/.local/lib/python3.12/site-packages/airflow/example_dags/example_nested_branch_dag.py took 0.041 seconds
