[2024-10-21T23:09:12.958+0000] {processor.py:161} INFO - Started process (PID=78) to work on /home/airflow/.local/lib/python3.12/site-packages/airflow/example_dags/example_python_operator.py
[2024-10-21T23:09:12.959+0000] {processor.py:830} INFO - Processing file /home/airflow/.local/lib/python3.12/site-packages/airflow/example_dags/example_python_operator.py for tasks to queue
[2024-10-21T23:09:12.961+0000] {logging_mixin.py:188} INFO - [2024-10-21T23:09:12.961+0000] {dagbag.py:545} INFO - Filling up the DagBag from /home/airflow/.local/lib/python3.12/site-packages/airflow/example_dags/example_python_operator.py
[2024-10-21T23:09:12.976+0000] {processor.py:840} INFO - DAG(s) 'example_python_operator' retrieved from /home/airflow/.local/lib/python3.12/site-packages/airflow/example_dags/example_python_operator.py
[2024-10-21T23:09:12.988+0000] {logging_mixin.py:188} INFO - [2024-10-21T23:09:12.987+0000] {dag.py:3096} INFO - Sync 1 DAGs
[2024-10-21T23:09:12.999+0000] {logging_mixin.py:188} INFO - [2024-10-21T23:09:12.999+0000] {dag.py:3954} INFO - Setting next_dagrun for example_python_operator to None, run_after=None
[2024-10-21T23:09:13.016+0000] {processor.py:183} INFO - Processing /home/airflow/.local/lib/python3.12/site-packages/airflow/example_dags/example_python_operator.py took 0.062 seconds
[2024-10-21T23:09:43.665+0000] {processor.py:161} INFO - Started process (PID=138) to work on /home/airflow/.local/lib/python3.12/site-packages/airflow/example_dags/example_python_operator.py
[2024-10-21T23:09:43.665+0000] {processor.py:830} INFO - Processing file /home/airflow/.local/lib/python3.12/site-packages/airflow/example_dags/example_python_operator.py for tasks to queue
[2024-10-21T23:09:43.666+0000] {logging_mixin.py:188} INFO - [2024-10-21T23:09:43.666+0000] {dagbag.py:545} INFO - Filling up the DagBag from /home/airflow/.local/lib/python3.12/site-packages/airflow/example_dags/example_python_operator.py
[2024-10-21T23:09:43.671+0000] {processor.py:840} INFO - DAG(s) 'example_python_operator' retrieved from /home/airflow/.local/lib/python3.12/site-packages/airflow/example_dags/example_python_operator.py
[2024-10-21T23:09:43.725+0000] {logging_mixin.py:188} INFO - [2024-10-21T23:09:43.725+0000] {dag.py:3096} INFO - Sync 1 DAGs
[2024-10-21T23:09:43.730+0000] {logging_mixin.py:188} INFO - [2024-10-21T23:09:43.730+0000] {dag.py:3954} INFO - Setting next_dagrun for example_python_operator to None, run_after=None
[2024-10-21T23:09:43.739+0000] {processor.py:183} INFO - Processing /home/airflow/.local/lib/python3.12/site-packages/airflow/example_dags/example_python_operator.py took 0.077 seconds
[2024-10-21T23:10:13.820+0000] {processor.py:161} INFO - Started process (PID=198) to work on /home/airflow/.local/lib/python3.12/site-packages/airflow/example_dags/example_python_operator.py
[2024-10-21T23:10:13.821+0000] {processor.py:830} INFO - Processing file /home/airflow/.local/lib/python3.12/site-packages/airflow/example_dags/example_python_operator.py for tasks to queue
[2024-10-21T23:10:13.822+0000] {logging_mixin.py:188} INFO - [2024-10-21T23:10:13.821+0000] {dagbag.py:545} INFO - Filling up the DagBag from /home/airflow/.local/lib/python3.12/site-packages/airflow/example_dags/example_python_operator.py
[2024-10-21T23:10:13.826+0000] {processor.py:840} INFO - DAG(s) 'example_python_operator' retrieved from /home/airflow/.local/lib/python3.12/site-packages/airflow/example_dags/example_python_operator.py
[2024-10-21T23:10:13.837+0000] {logging_mixin.py:188} INFO - [2024-10-21T23:10:13.837+0000] {dag.py:3096} INFO - Sync 1 DAGs
[2024-10-21T23:10:13.843+0000] {logging_mixin.py:188} INFO - [2024-10-21T23:10:13.843+0000] {dag.py:3954} INFO - Setting next_dagrun for example_python_operator to None, run_after=None
[2024-10-21T23:10:13.852+0000] {processor.py:183} INFO - Processing /home/airflow/.local/lib/python3.12/site-packages/airflow/example_dags/example_python_operator.py took 0.034 seconds
