[2024-10-21T23:09:11.125+0000] {processor.py:161} INFO - Started process (PID=54) to work on /home/airflow/.local/lib/python3.12/site-packages/airflow/example_dags/example_branch_operator.py
[2024-10-21T23:09:11.126+0000] {processor.py:830} INFO - Processing file /home/airflow/.local/lib/python3.12/site-packages/airflow/example_dags/example_branch_operator.py for tasks to queue
[2024-10-21T23:09:11.128+0000] {logging_mixin.py:188} INFO - [2024-10-21T23:09:11.128+0000] {dagbag.py:545} INFO - Filling up the DagBag from /home/airflow/.local/lib/python3.12/site-packages/airflow/example_dags/example_branch_operator.py
[2024-10-21T23:09:11.168+0000] {processor.py:840} INFO - DAG(s) 'example_branch_operator' retrieved from /home/airflow/.local/lib/python3.12/site-packages/airflow/example_dags/example_branch_operator.py
[2024-10-21T23:09:11.186+0000] {logging_mixin.py:188} INFO - [2024-10-21T23:09:11.185+0000] {dag.py:3096} INFO - Sync 1 DAGs
[2024-10-21T23:09:11.214+0000] {logging_mixin.py:188} INFO - [2024-10-21T23:09:11.214+0000] {dag.py:3954} INFO - Setting next_dagrun for example_branch_operator to 2024-10-20 00:00:00+00:00, run_after=2024-10-21 00:00:00+00:00
[2024-10-21T23:09:11.232+0000] {processor.py:183} INFO - Processing /home/airflow/.local/lib/python3.12/site-packages/airflow/example_dags/example_branch_operator.py took 0.110 seconds
[2024-10-21T23:09:41.524+0000] {processor.py:161} INFO - Started process (PID=114) to work on /home/airflow/.local/lib/python3.12/site-packages/airflow/example_dags/example_branch_operator.py
[2024-10-21T23:09:41.524+0000] {processor.py:830} INFO - Processing file /home/airflow/.local/lib/python3.12/site-packages/airflow/example_dags/example_branch_operator.py for tasks to queue
[2024-10-21T23:09:41.525+0000] {logging_mixin.py:188} INFO - [2024-10-21T23:09:41.525+0000] {dagbag.py:545} INFO - Filling up the DagBag from /home/airflow/.local/lib/python3.12/site-packages/airflow/example_dags/example_branch_operator.py
[2024-10-21T23:09:41.533+0000] {processor.py:840} INFO - DAG(s) 'example_branch_operator' retrieved from /home/airflow/.local/lib/python3.12/site-packages/airflow/example_dags/example_branch_operator.py
[2024-10-21T23:09:41.578+0000] {logging_mixin.py:188} INFO - [2024-10-21T23:09:41.577+0000] {dag.py:3096} INFO - Sync 1 DAGs
[2024-10-21T23:09:41.585+0000] {logging_mixin.py:188} INFO - [2024-10-21T23:09:41.585+0000] {dag.py:3954} INFO - Setting next_dagrun for example_branch_operator to 2024-10-20 00:00:00+00:00, run_after=2024-10-21 00:00:00+00:00
[2024-10-21T23:09:41.595+0000] {processor.py:183} INFO - Processing /home/airflow/.local/lib/python3.12/site-packages/airflow/example_dags/example_branch_operator.py took 0.075 seconds
[2024-10-21T23:10:12.161+0000] {processor.py:161} INFO - Started process (PID=174) to work on /home/airflow/.local/lib/python3.12/site-packages/airflow/example_dags/example_branch_operator.py
[2024-10-21T23:10:12.164+0000] {processor.py:830} INFO - Processing file /home/airflow/.local/lib/python3.12/site-packages/airflow/example_dags/example_branch_operator.py for tasks to queue
[2024-10-21T23:10:12.166+0000] {logging_mixin.py:188} INFO - [2024-10-21T23:10:12.166+0000] {dagbag.py:545} INFO - Filling up the DagBag from /home/airflow/.local/lib/python3.12/site-packages/airflow/example_dags/example_branch_operator.py
[2024-10-21T23:10:12.175+0000] {processor.py:840} INFO - DAG(s) 'example_branch_operator' retrieved from /home/airflow/.local/lib/python3.12/site-packages/airflow/example_dags/example_branch_operator.py
[2024-10-21T23:10:12.194+0000] {logging_mixin.py:188} INFO - [2024-10-21T23:10:12.194+0000] {dag.py:3096} INFO - Sync 1 DAGs
[2024-10-21T23:10:12.211+0000] {logging_mixin.py:188} INFO - [2024-10-21T23:10:12.211+0000] {dag.py:3954} INFO - Setting next_dagrun for example_branch_operator to 2024-10-20 00:00:00+00:00, run_after=2024-10-21 00:00:00+00:00
[2024-10-21T23:10:12.224+0000] {processor.py:183} INFO - Processing /home/airflow/.local/lib/python3.12/site-packages/airflow/example_dags/example_branch_operator.py took 0.067 seconds
