[2024-10-21T23:09:11.412+0000] {processor.py:161} INFO - Started process (PID=59) to work on /home/airflow/.local/lib/python3.12/site-packages/airflow/example_dags/example_bash_operator.py
[2024-10-21T23:09:11.417+0000] {processor.py:830} INFO - Processing file /home/airflow/.local/lib/python3.12/site-packages/airflow/example_dags/example_bash_operator.py for tasks to queue
[2024-10-21T23:09:11.419+0000] {logging_mixin.py:188} INFO - [2024-10-21T23:09:11.418+0000] {dagbag.py:545} INFO - Filling up the DagBag from /home/airflow/.local/lib/python3.12/site-packages/airflow/example_dags/example_bash_operator.py
[2024-10-21T23:09:11.439+0000] {processor.py:840} INFO - DAG(s) 'example_bash_operator' retrieved from /home/airflow/.local/lib/python3.12/site-packages/airflow/example_dags/example_bash_operator.py
[2024-10-21T23:09:11.461+0000] {logging_mixin.py:188} INFO - [2024-10-21T23:09:11.460+0000] {dag.py:3096} INFO - Sync 1 DAGs
[2024-10-21T23:09:11.491+0000] {logging_mixin.py:188} INFO - [2024-10-21T23:09:11.491+0000] {dag.py:3954} INFO - Setting next_dagrun for example_bash_operator to 2024-10-20 00:00:00+00:00, run_after=2024-10-21 00:00:00+00:00
[2024-10-21T23:09:11.519+0000] {processor.py:183} INFO - Processing /home/airflow/.local/lib/python3.12/site-packages/airflow/example_dags/example_bash_operator.py took 0.110 seconds
[2024-10-21T23:09:41.684+0000] {processor.py:161} INFO - Started process (PID=119) to work on /home/airflow/.local/lib/python3.12/site-packages/airflow/example_dags/example_bash_operator.py
[2024-10-21T23:09:41.685+0000] {processor.py:830} INFO - Processing file /home/airflow/.local/lib/python3.12/site-packages/airflow/example_dags/example_bash_operator.py for tasks to queue
[2024-10-21T23:09:41.686+0000] {logging_mixin.py:188} INFO - [2024-10-21T23:09:41.686+0000] {dagbag.py:545} INFO - Filling up the DagBag from /home/airflow/.local/lib/python3.12/site-packages/airflow/example_dags/example_bash_operator.py
[2024-10-21T23:09:41.691+0000] {processor.py:840} INFO - DAG(s) 'example_bash_operator' retrieved from /home/airflow/.local/lib/python3.12/site-packages/airflow/example_dags/example_bash_operator.py
[2024-10-21T23:09:41.732+0000] {logging_mixin.py:188} INFO - [2024-10-21T23:09:41.732+0000] {dag.py:3096} INFO - Sync 1 DAGs
[2024-10-21T23:09:41.740+0000] {logging_mixin.py:188} INFO - [2024-10-21T23:09:41.740+0000] {dag.py:3954} INFO - Setting next_dagrun for example_bash_operator to 2024-10-20 00:00:00+00:00, run_after=2024-10-21 00:00:00+00:00
[2024-10-21T23:09:41.751+0000] {processor.py:183} INFO - Processing /home/airflow/.local/lib/python3.12/site-packages/airflow/example_dags/example_bash_operator.py took 0.070 seconds
[2024-10-21T23:10:12.316+0000] {processor.py:161} INFO - Started process (PID=179) to work on /home/airflow/.local/lib/python3.12/site-packages/airflow/example_dags/example_bash_operator.py
[2024-10-21T23:10:12.316+0000] {processor.py:830} INFO - Processing file /home/airflow/.local/lib/python3.12/site-packages/airflow/example_dags/example_bash_operator.py for tasks to queue
[2024-10-21T23:10:12.318+0000] {logging_mixin.py:188} INFO - [2024-10-21T23:10:12.318+0000] {dagbag.py:545} INFO - Filling up the DagBag from /home/airflow/.local/lib/python3.12/site-packages/airflow/example_dags/example_bash_operator.py
[2024-10-21T23:10:12.324+0000] {processor.py:840} INFO - DAG(s) 'example_bash_operator' retrieved from /home/airflow/.local/lib/python3.12/site-packages/airflow/example_dags/example_bash_operator.py
[2024-10-21T23:10:12.334+0000] {logging_mixin.py:188} INFO - [2024-10-21T23:10:12.334+0000] {dag.py:3096} INFO - Sync 1 DAGs
[2024-10-21T23:10:12.345+0000] {logging_mixin.py:188} INFO - [2024-10-21T23:10:12.344+0000] {dag.py:3954} INFO - Setting next_dagrun for example_bash_operator to 2024-10-20 00:00:00+00:00, run_after=2024-10-21 00:00:00+00:00
[2024-10-21T23:10:12.356+0000] {processor.py:183} INFO - Processing /home/airflow/.local/lib/python3.12/site-packages/airflow/example_dags/example_bash_operator.py took 0.043 seconds
