[2024-10-21T23:09:12.884+0000] {processor.py:161} INFO - Started process (PID=77) to work on /home/airflow/.local/lib/python3.12/site-packages/airflow/example_dags/example_external_task_marker_dag.py
[2024-10-21T23:09:12.885+0000] {processor.py:830} INFO - Processing file /home/airflow/.local/lib/python3.12/site-packages/airflow/example_dags/example_external_task_marker_dag.py for tasks to queue
[2024-10-21T23:09:12.886+0000] {logging_mixin.py:188} INFO - [2024-10-21T23:09:12.886+0000] {dagbag.py:545} INFO - Filling up the DagBag from /home/airflow/.local/lib/python3.12/site-packages/airflow/example_dags/example_external_task_marker_dag.py
[2024-10-21T23:09:12.890+0000] {processor.py:840} INFO - DAG(s) 'example_external_task_marker_child', 'example_external_task_marker_parent' retrieved from /home/airflow/.local/lib/python3.12/site-packages/airflow/example_dags/example_external_task_marker_dag.py
[2024-10-21T23:09:12.910+0000] {logging_mixin.py:188} INFO - [2024-10-21T23:09:12.909+0000] {dag.py:3096} INFO - Sync 2 DAGs
[2024-10-21T23:09:12.922+0000] {logging_mixin.py:188} INFO - [2024-10-21T23:09:12.921+0000] {dag.py:3954} INFO - Setting next_dagrun for example_external_task_marker_child to None, run_after=None
[2024-10-21T23:09:12.926+0000] {logging_mixin.py:188} INFO - [2024-10-21T23:09:12.926+0000] {dag.py:3954} INFO - Setting next_dagrun for example_external_task_marker_parent to None, run_after=None
[2024-10-21T23:09:12.940+0000] {processor.py:183} INFO - Processing /home/airflow/.local/lib/python3.12/site-packages/airflow/example_dags/example_external_task_marker_dag.py took 0.060 seconds
[2024-10-21T23:09:43.637+0000] {processor.py:161} INFO - Started process (PID=137) to work on /home/airflow/.local/lib/python3.12/site-packages/airflow/example_dags/example_external_task_marker_dag.py
[2024-10-21T23:09:43.638+0000] {processor.py:830} INFO - Processing file /home/airflow/.local/lib/python3.12/site-packages/airflow/example_dags/example_external_task_marker_dag.py for tasks to queue
[2024-10-21T23:09:43.639+0000] {logging_mixin.py:188} INFO - [2024-10-21T23:09:43.639+0000] {dagbag.py:545} INFO - Filling up the DagBag from /home/airflow/.local/lib/python3.12/site-packages/airflow/example_dags/example_external_task_marker_dag.py
[2024-10-21T23:09:43.642+0000] {processor.py:840} INFO - DAG(s) 'example_external_task_marker_parent', 'example_external_task_marker_child' retrieved from /home/airflow/.local/lib/python3.12/site-packages/airflow/example_dags/example_external_task_marker_dag.py
[2024-10-21T23:09:43.695+0000] {logging_mixin.py:188} INFO - [2024-10-21T23:09:43.695+0000] {dag.py:3096} INFO - Sync 2 DAGs
[2024-10-21T23:09:43.704+0000] {logging_mixin.py:188} INFO - [2024-10-21T23:09:43.704+0000] {dag.py:3954} INFO - Setting next_dagrun for example_external_task_marker_child to None, run_after=None
[2024-10-21T23:09:43.707+0000] {logging_mixin.py:188} INFO - [2024-10-21T23:09:43.707+0000] {dag.py:3954} INFO - Setting next_dagrun for example_external_task_marker_parent to None, run_after=None
[2024-10-21T23:09:43.722+0000] {processor.py:183} INFO - Processing /home/airflow/.local/lib/python3.12/site-packages/airflow/example_dags/example_external_task_marker_dag.py took 0.088 seconds
[2024-10-21T23:10:13.783+0000] {processor.py:161} INFO - Started process (PID=197) to work on /home/airflow/.local/lib/python3.12/site-packages/airflow/example_dags/example_external_task_marker_dag.py
[2024-10-21T23:10:13.783+0000] {processor.py:830} INFO - Processing file /home/airflow/.local/lib/python3.12/site-packages/airflow/example_dags/example_external_task_marker_dag.py for tasks to queue
[2024-10-21T23:10:13.784+0000] {logging_mixin.py:188} INFO - [2024-10-21T23:10:13.784+0000] {dagbag.py:545} INFO - Filling up the DagBag from /home/airflow/.local/lib/python3.12/site-packages/airflow/example_dags/example_external_task_marker_dag.py
[2024-10-21T23:10:13.787+0000] {processor.py:840} INFO - DAG(s) 'example_external_task_marker_parent', 'example_external_task_marker_child' retrieved from /home/airflow/.local/lib/python3.12/site-packages/airflow/example_dags/example_external_task_marker_dag.py
[2024-10-21T23:10:13.796+0000] {logging_mixin.py:188} INFO - [2024-10-21T23:10:13.796+0000] {dag.py:3096} INFO - Sync 2 DAGs
[2024-10-21T23:10:13.801+0000] {logging_mixin.py:188} INFO - [2024-10-21T23:10:13.801+0000] {dag.py:3954} INFO - Setting next_dagrun for example_external_task_marker_child to None, run_after=None
[2024-10-21T23:10:13.803+0000] {logging_mixin.py:188} INFO - [2024-10-21T23:10:13.803+0000] {dag.py:3954} INFO - Setting next_dagrun for example_external_task_marker_parent to None, run_after=None
[2024-10-21T23:10:13.809+0000] {processor.py:183} INFO - Processing /home/airflow/.local/lib/python3.12/site-packages/airflow/example_dags/example_external_task_marker_dag.py took 0.029 seconds
