[2024-10-21T23:09:11.256+0000] {processor.py:161} INFO - Started process (PID=56) to work on /home/airflow/.local/lib/python3.12/site-packages/airflow/example_dags/example_setup_teardown.py
[2024-10-21T23:09:11.259+0000] {processor.py:830} INFO - Processing file /home/airflow/.local/lib/python3.12/site-packages/airflow/example_dags/example_setup_teardown.py for tasks to queue
[2024-10-21T23:09:11.260+0000] {logging_mixin.py:188} INFO - [2024-10-21T23:09:11.260+0000] {dagbag.py:545} INFO - Filling up the DagBag from /home/airflow/.local/lib/python3.12/site-packages/airflow/example_dags/example_setup_teardown.py
[2024-10-21T23:09:11.278+0000] {processor.py:840} INFO - DAG(s) 'example_setup_teardown' retrieved from /home/airflow/.local/lib/python3.12/site-packages/airflow/example_dags/example_setup_teardown.py
[2024-10-21T23:09:11.299+0000] {logging_mixin.py:188} INFO - [2024-10-21T23:09:11.299+0000] {dag.py:3096} INFO - Sync 1 DAGs
[2024-10-21T23:09:11.318+0000] {logging_mixin.py:188} INFO - [2024-10-21T23:09:11.318+0000] {dag.py:3954} INFO - Setting next_dagrun for example_setup_teardown to 2024-10-20 00:00:00+00:00, run_after=2024-10-21 00:00:00+00:00
[2024-10-21T23:09:11.349+0000] {processor.py:183} INFO - Processing /home/airflow/.local/lib/python3.12/site-packages/airflow/example_dags/example_setup_teardown.py took 0.098 seconds
[2024-10-21T23:09:41.606+0000] {processor.py:161} INFO - Started process (PID=116) to work on /home/airflow/.local/lib/python3.12/site-packages/airflow/example_dags/example_setup_teardown.py
[2024-10-21T23:09:41.606+0000] {processor.py:830} INFO - Processing file /home/airflow/.local/lib/python3.12/site-packages/airflow/example_dags/example_setup_teardown.py for tasks to queue
[2024-10-21T23:09:41.607+0000] {logging_mixin.py:188} INFO - [2024-10-21T23:09:41.607+0000] {dagbag.py:545} INFO - Filling up the DagBag from /home/airflow/.local/lib/python3.12/site-packages/airflow/example_dags/example_setup_teardown.py
[2024-10-21T23:09:41.610+0000] {processor.py:840} INFO - DAG(s) 'example_setup_teardown' retrieved from /home/airflow/.local/lib/python3.12/site-packages/airflow/example_dags/example_setup_teardown.py
[2024-10-21T23:09:41.648+0000] {logging_mixin.py:188} INFO - [2024-10-21T23:09:41.648+0000] {dag.py:3096} INFO - Sync 1 DAGs
[2024-10-21T23:09:41.658+0000] {logging_mixin.py:188} INFO - [2024-10-21T23:09:41.658+0000] {dag.py:3954} INFO - Setting next_dagrun for example_setup_teardown to 2024-10-20 00:00:00+00:00, run_after=2024-10-21 00:00:00+00:00
[2024-10-21T23:09:41.670+0000] {processor.py:183} INFO - Processing /home/airflow/.local/lib/python3.12/site-packages/airflow/example_dags/example_setup_teardown.py took 0.067 seconds
[2024-10-21T23:10:12.237+0000] {processor.py:161} INFO - Started process (PID=176) to work on /home/airflow/.local/lib/python3.12/site-packages/airflow/example_dags/example_setup_teardown.py
[2024-10-21T23:10:12.238+0000] {processor.py:830} INFO - Processing file /home/airflow/.local/lib/python3.12/site-packages/airflow/example_dags/example_setup_teardown.py for tasks to queue
[2024-10-21T23:10:12.239+0000] {logging_mixin.py:188} INFO - [2024-10-21T23:10:12.239+0000] {dagbag.py:545} INFO - Filling up the DagBag from /home/airflow/.local/lib/python3.12/site-packages/airflow/example_dags/example_setup_teardown.py
[2024-10-21T23:10:12.242+0000] {processor.py:840} INFO - DAG(s) 'example_setup_teardown' retrieved from /home/airflow/.local/lib/python3.12/site-packages/airflow/example_dags/example_setup_teardown.py
[2024-10-21T23:10:12.252+0000] {logging_mixin.py:188} INFO - [2024-10-21T23:10:12.252+0000] {dag.py:3096} INFO - Sync 1 DAGs
[2024-10-21T23:10:12.261+0000] {logging_mixin.py:188} INFO - [2024-10-21T23:10:12.261+0000] {dag.py:3954} INFO - Setting next_dagrun for example_setup_teardown to 2024-10-20 00:00:00+00:00, run_after=2024-10-21 00:00:00+00:00
[2024-10-21T23:10:12.268+0000] {processor.py:183} INFO - Processing /home/airflow/.local/lib/python3.12/site-packages/airflow/example_dags/example_setup_teardown.py took 0.034 seconds
