[2024-10-21T23:09:13.034+0000] {processor.py:161} INFO - Started process (PID=80) to work on /home/airflow/.local/lib/python3.12/site-packages/airflow/example_dags/example_skip_dag.py
[2024-10-21T23:09:13.035+0000] {processor.py:830} INFO - Processing file /home/airflow/.local/lib/python3.12/site-packages/airflow/example_dags/example_skip_dag.py for tasks to queue
[2024-10-21T23:09:13.036+0000] {logging_mixin.py:188} INFO - [2024-10-21T23:09:13.036+0000] {dagbag.py:545} INFO - Filling up the DagBag from /home/airflow/.local/lib/python3.12/site-packages/airflow/example_dags/example_skip_dag.py
[2024-10-21T23:09:13.040+0000] {processor.py:840} INFO - DAG(s) 'example_skip_dag' retrieved from /home/airflow/.local/lib/python3.12/site-packages/airflow/example_dags/example_skip_dag.py
[2024-10-21T23:09:13.050+0000] {logging_mixin.py:188} INFO - [2024-10-21T23:09:13.050+0000] {dag.py:3096} INFO - Sync 1 DAGs
[2024-10-21T23:09:13.074+0000] {logging_mixin.py:188} INFO - [2024-10-21T23:09:13.074+0000] {dag.py:3954} INFO - Setting next_dagrun for example_skip_dag to 2024-10-20 00:00:00+00:00, run_after=2024-10-21 00:00:00+00:00
[2024-10-21T23:09:13.093+0000] {processor.py:183} INFO - Processing /home/airflow/.local/lib/python3.12/site-packages/airflow/example_dags/example_skip_dag.py took 0.064 seconds
[2024-10-21T23:09:43.754+0000] {processor.py:161} INFO - Started process (PID=140) to work on /home/airflow/.local/lib/python3.12/site-packages/airflow/example_dags/example_skip_dag.py
[2024-10-21T23:09:43.756+0000] {processor.py:830} INFO - Processing file /home/airflow/.local/lib/python3.12/site-packages/airflow/example_dags/example_skip_dag.py for tasks to queue
[2024-10-21T23:09:43.757+0000] {logging_mixin.py:188} INFO - [2024-10-21T23:09:43.757+0000] {dagbag.py:545} INFO - Filling up the DagBag from /home/airflow/.local/lib/python3.12/site-packages/airflow/example_dags/example_skip_dag.py
[2024-10-21T23:09:43.759+0000] {processor.py:840} INFO - DAG(s) 'example_skip_dag' retrieved from /home/airflow/.local/lib/python3.12/site-packages/airflow/example_dags/example_skip_dag.py
[2024-10-21T23:09:43.802+0000] {logging_mixin.py:188} INFO - [2024-10-21T23:09:43.802+0000] {dag.py:3096} INFO - Sync 1 DAGs
[2024-10-21T23:09:43.812+0000] {logging_mixin.py:188} INFO - [2024-10-21T23:09:43.812+0000] {dag.py:3954} INFO - Setting next_dagrun for example_skip_dag to 2024-10-20 00:00:00+00:00, run_after=2024-10-21 00:00:00+00:00
[2024-10-21T23:09:43.821+0000] {processor.py:183} INFO - Processing /home/airflow/.local/lib/python3.12/site-packages/airflow/example_dags/example_skip_dag.py took 0.069 seconds
[2024-10-21T23:10:13.895+0000] {processor.py:161} INFO - Started process (PID=200) to work on /home/airflow/.local/lib/python3.12/site-packages/airflow/example_dags/example_skip_dag.py
[2024-10-21T23:10:13.895+0000] {processor.py:830} INFO - Processing file /home/airflow/.local/lib/python3.12/site-packages/airflow/example_dags/example_skip_dag.py for tasks to queue
[2024-10-21T23:10:13.896+0000] {logging_mixin.py:188} INFO - [2024-10-21T23:10:13.896+0000] {dagbag.py:545} INFO - Filling up the DagBag from /home/airflow/.local/lib/python3.12/site-packages/airflow/example_dags/example_skip_dag.py
[2024-10-21T23:10:13.898+0000] {processor.py:840} INFO - DAG(s) 'example_skip_dag' retrieved from /home/airflow/.local/lib/python3.12/site-packages/airflow/example_dags/example_skip_dag.py
[2024-10-21T23:10:13.906+0000] {logging_mixin.py:188} INFO - [2024-10-21T23:10:13.906+0000] {dag.py:3096} INFO - Sync 1 DAGs
[2024-10-21T23:10:13.914+0000] {logging_mixin.py:188} INFO - [2024-10-21T23:10:13.914+0000] {dag.py:3954} INFO - Setting next_dagrun for example_skip_dag to 2024-10-20 00:00:00+00:00, run_after=2024-10-21 00:00:00+00:00
[2024-10-21T23:10:13.920+0000] {processor.py:183} INFO - Processing /home/airflow/.local/lib/python3.12/site-packages/airflow/example_dags/example_skip_dag.py took 0.028 seconds
