[2024-10-21T23:09:12.172+0000] {processor.py:161} INFO - Started process (PID=67) to work on /home/airflow/.local/lib/python3.12/site-packages/airflow/example_dags/example_branch_python_dop_operator_3.py
[2024-10-21T23:09:12.174+0000] {processor.py:830} INFO - Processing file /home/airflow/.local/lib/python3.12/site-packages/airflow/example_dags/example_branch_python_dop_operator_3.py for tasks to queue
[2024-10-21T23:09:12.177+0000] {logging_mixin.py:188} INFO - [2024-10-21T23:09:12.177+0000] {dagbag.py:545} INFO - Filling up the DagBag from /home/airflow/.local/lib/python3.12/site-packages/airflow/example_dags/example_branch_python_dop_operator_3.py
[2024-10-21T23:09:12.199+0000] {processor.py:840} INFO - DAG(s) 'example_branch_dop_operator_v3' retrieved from /home/airflow/.local/lib/python3.12/site-packages/airflow/example_dags/example_branch_python_dop_operator_3.py
[2024-10-21T23:09:12.219+0000] {logging_mixin.py:188} INFO - [2024-10-21T23:09:12.218+0000] {dag.py:3096} INFO - Sync 1 DAGs
[2024-10-21T23:09:12.252+0000] {logging_mixin.py:188} INFO - [2024-10-21T23:09:12.252+0000] {dag.py:3954} INFO - Setting next_dagrun for example_branch_dop_operator_v3 to 2024-10-21 23:08:00+00:00, run_after=2024-10-21 23:09:00+00:00
[2024-10-21T23:09:12.269+0000] {processor.py:183} INFO - Processing /home/airflow/.local/lib/python3.12/site-packages/airflow/example_dags/example_branch_python_dop_operator_3.py took 0.104 seconds
[2024-10-21T23:09:43.092+0000] {processor.py:161} INFO - Started process (PID=127) to work on /home/airflow/.local/lib/python3.12/site-packages/airflow/example_dags/example_branch_python_dop_operator_3.py
[2024-10-21T23:09:43.093+0000] {processor.py:830} INFO - Processing file /home/airflow/.local/lib/python3.12/site-packages/airflow/example_dags/example_branch_python_dop_operator_3.py for tasks to queue
[2024-10-21T23:09:43.093+0000] {logging_mixin.py:188} INFO - [2024-10-21T23:09:43.093+0000] {dagbag.py:545} INFO - Filling up the DagBag from /home/airflow/.local/lib/python3.12/site-packages/airflow/example_dags/example_branch_python_dop_operator_3.py
[2024-10-21T23:09:43.097+0000] {processor.py:840} INFO - DAG(s) 'example_branch_dop_operator_v3' retrieved from /home/airflow/.local/lib/python3.12/site-packages/airflow/example_dags/example_branch_python_dop_operator_3.py
[2024-10-21T23:09:43.133+0000] {logging_mixin.py:188} INFO - [2024-10-21T23:09:43.133+0000] {dag.py:3096} INFO - Sync 1 DAGs
[2024-10-21T23:09:43.141+0000] {logging_mixin.py:188} INFO - [2024-10-21T23:09:43.141+0000] {dag.py:3954} INFO - Setting next_dagrun for example_branch_dop_operator_v3 to 2024-10-21 23:08:00+00:00, run_after=2024-10-21 23:09:00+00:00
[2024-10-21T23:09:43.148+0000] {processor.py:183} INFO - Processing /home/airflow/.local/lib/python3.12/site-packages/airflow/example_dags/example_branch_python_dop_operator_3.py took 0.058 seconds
[2024-10-21T23:10:13.517+0000] {processor.py:161} INFO - Started process (PID=187) to work on /home/airflow/.local/lib/python3.12/site-packages/airflow/example_dags/example_branch_python_dop_operator_3.py
[2024-10-21T23:10:13.517+0000] {processor.py:830} INFO - Processing file /home/airflow/.local/lib/python3.12/site-packages/airflow/example_dags/example_branch_python_dop_operator_3.py for tasks to queue
[2024-10-21T23:10:13.518+0000] {logging_mixin.py:188} INFO - [2024-10-21T23:10:13.518+0000] {dagbag.py:545} INFO - Filling up the DagBag from /home/airflow/.local/lib/python3.12/site-packages/airflow/example_dags/example_branch_python_dop_operator_3.py
[2024-10-21T23:10:13.523+0000] {processor.py:840} INFO - DAG(s) 'example_branch_dop_operator_v3' retrieved from /home/airflow/.local/lib/python3.12/site-packages/airflow/example_dags/example_branch_python_dop_operator_3.py
[2024-10-21T23:10:13.531+0000] {logging_mixin.py:188} INFO - [2024-10-21T23:10:13.531+0000] {dag.py:3096} INFO - Sync 1 DAGs
[2024-10-21T23:10:13.541+0000] {logging_mixin.py:188} INFO - [2024-10-21T23:10:13.541+0000] {dag.py:3954} INFO - Setting next_dagrun for example_branch_dop_operator_v3 to 2024-10-21 23:09:00+00:00, run_after=2024-10-21 23:10:00+00:00
[2024-10-21T23:10:13.549+0000] {processor.py:183} INFO - Processing /home/airflow/.local/lib/python3.12/site-packages/airflow/example_dags/example_branch_python_dop_operator_3.py took 0.036 seconds
