[2024-10-21T23:09:12.984+0000] {processor.py:161} INFO - Started process (PID=79) to work on /home/airflow/.local/lib/python3.12/site-packages/airflow/example_dags/example_latest_only.py
[2024-10-21T23:09:12.985+0000] {processor.py:830} INFO - Processing file /home/airflow/.local/lib/python3.12/site-packages/airflow/example_dags/example_latest_only.py for tasks to queue
[2024-10-21T23:09:12.988+0000] {logging_mixin.py:188} INFO - [2024-10-21T23:09:12.987+0000] {dagbag.py:545} INFO - Filling up the DagBag from /home/airflow/.local/lib/python3.12/site-packages/airflow/example_dags/example_latest_only.py
[2024-10-21T23:09:12.996+0000] {processor.py:840} INFO - DAG(s) 'latest_only' retrieved from /home/airflow/.local/lib/python3.12/site-packages/airflow/example_dags/example_latest_only.py
[2024-10-21T23:09:13.009+0000] {logging_mixin.py:188} INFO - [2024-10-21T23:09:13.009+0000] {dag.py:3096} INFO - Sync 1 DAGs
[2024-10-21T23:09:13.022+0000] {logging_mixin.py:188} INFO - [2024-10-21T23:09:13.022+0000] {dag.py:3954} INFO - Setting next_dagrun for latest_only to 2024-10-21 16:00:00+00:00, run_after=2024-10-21 20:00:00+00:00
[2024-10-21T23:09:13.030+0000] {processor.py:183} INFO - Processing /home/airflow/.local/lib/python3.12/site-packages/airflow/example_dags/example_latest_only.py took 0.049 seconds
[2024-10-21T23:09:43.736+0000] {processor.py:161} INFO - Started process (PID=139) to work on /home/airflow/.local/lib/python3.12/site-packages/airflow/example_dags/example_latest_only.py
[2024-10-21T23:09:43.737+0000] {processor.py:830} INFO - Processing file /home/airflow/.local/lib/python3.12/site-packages/airflow/example_dags/example_latest_only.py for tasks to queue
[2024-10-21T23:09:43.738+0000] {logging_mixin.py:188} INFO - [2024-10-21T23:09:43.738+0000] {dagbag.py:545} INFO - Filling up the DagBag from /home/airflow/.local/lib/python3.12/site-packages/airflow/example_dags/example_latest_only.py
[2024-10-21T23:09:43.741+0000] {processor.py:840} INFO - DAG(s) 'latest_only' retrieved from /home/airflow/.local/lib/python3.12/site-packages/airflow/example_dags/example_latest_only.py
[2024-10-21T23:09:43.786+0000] {logging_mixin.py:188} INFO - [2024-10-21T23:09:43.786+0000] {dag.py:3096} INFO - Sync 1 DAGs
[2024-10-21T23:09:43.795+0000] {logging_mixin.py:188} INFO - [2024-10-21T23:09:43.795+0000] {dag.py:3954} INFO - Setting next_dagrun for latest_only to 2024-10-21 16:00:00+00:00, run_after=2024-10-21 20:00:00+00:00
[2024-10-21T23:09:43.802+0000] {processor.py:183} INFO - Processing /home/airflow/.local/lib/python3.12/site-packages/airflow/example_dags/example_latest_only.py took 0.068 seconds
[2024-10-21T23:10:13.862+0000] {processor.py:161} INFO - Started process (PID=199) to work on /home/airflow/.local/lib/python3.12/site-packages/airflow/example_dags/example_latest_only.py
[2024-10-21T23:10:13.862+0000] {processor.py:830} INFO - Processing file /home/airflow/.local/lib/python3.12/site-packages/airflow/example_dags/example_latest_only.py for tasks to queue
[2024-10-21T23:10:13.863+0000] {logging_mixin.py:188} INFO - [2024-10-21T23:10:13.863+0000] {dagbag.py:545} INFO - Filling up the DagBag from /home/airflow/.local/lib/python3.12/site-packages/airflow/example_dags/example_latest_only.py
[2024-10-21T23:10:13.864+0000] {processor.py:840} INFO - DAG(s) 'latest_only' retrieved from /home/airflow/.local/lib/python3.12/site-packages/airflow/example_dags/example_latest_only.py
[2024-10-21T23:10:13.872+0000] {logging_mixin.py:188} INFO - [2024-10-21T23:10:13.872+0000] {dag.py:3096} INFO - Sync 1 DAGs
[2024-10-21T23:10:13.880+0000] {logging_mixin.py:188} INFO - [2024-10-21T23:10:13.880+0000] {dag.py:3954} INFO - Setting next_dagrun for latest_only to 2024-10-21 16:00:00+00:00, run_after=2024-10-21 20:00:00+00:00
[2024-10-21T23:10:13.886+0000] {processor.py:183} INFO - Processing /home/airflow/.local/lib/python3.12/site-packages/airflow/example_dags/example_latest_only.py took 0.027 seconds
