[2024-10-21T23:09:13.198+0000] {processor.py:161} INFO - Started process (PID=84) to work on /home/airflow/.local/lib/python3.12/site-packages/airflow/example_dags/example_complex.py
[2024-10-21T23:09:13.199+0000] {processor.py:830} INFO - Processing file /home/airflow/.local/lib/python3.12/site-packages/airflow/example_dags/example_complex.py for tasks to queue
[2024-10-21T23:09:13.201+0000] {logging_mixin.py:188} INFO - [2024-10-21T23:09:13.201+0000] {dagbag.py:545} INFO - Filling up the DagBag from /home/airflow/.local/lib/python3.12/site-packages/airflow/example_dags/example_complex.py
[2024-10-21T23:09:13.213+0000] {processor.py:840} INFO - DAG(s) 'example_complex' retrieved from /home/airflow/.local/lib/python3.12/site-packages/airflow/example_dags/example_complex.py
[2024-10-21T23:09:13.224+0000] {logging_mixin.py:188} INFO - [2024-10-21T23:09:13.224+0000] {dag.py:3096} INFO - Sync 1 DAGs
[2024-10-21T23:09:13.234+0000] {logging_mixin.py:188} INFO - [2024-10-21T23:09:13.234+0000] {dag.py:3954} INFO - Setting next_dagrun for example_complex to None, run_after=None
[2024-10-21T23:09:13.247+0000] {processor.py:183} INFO - Processing /home/airflow/.local/lib/python3.12/site-packages/airflow/example_dags/example_complex.py took 0.056 seconds
[2024-10-21T23:09:43.932+0000] {processor.py:161} INFO - Started process (PID=150) to work on /home/airflow/.local/lib/python3.12/site-packages/airflow/example_dags/example_complex.py
[2024-10-21T23:09:43.933+0000] {processor.py:830} INFO - Processing file /home/airflow/.local/lib/python3.12/site-packages/airflow/example_dags/example_complex.py for tasks to queue
[2024-10-21T23:09:43.934+0000] {logging_mixin.py:188} INFO - [2024-10-21T23:09:43.933+0000] {dagbag.py:545} INFO - Filling up the DagBag from /home/airflow/.local/lib/python3.12/site-packages/airflow/example_dags/example_complex.py
[2024-10-21T23:09:43.939+0000] {processor.py:840} INFO - DAG(s) 'example_complex' retrieved from /home/airflow/.local/lib/python3.12/site-packages/airflow/example_dags/example_complex.py
[2024-10-21T23:09:43.996+0000] {logging_mixin.py:188} INFO - [2024-10-21T23:09:43.995+0000] {dag.py:3096} INFO - Sync 1 DAGs
[2024-10-21T23:09:44.000+0000] {logging_mixin.py:188} INFO - [2024-10-21T23:09:44.000+0000] {dag.py:3954} INFO - Setting next_dagrun for example_complex to None, run_after=None
[2024-10-21T23:09:44.021+0000] {processor.py:183} INFO - Processing /home/airflow/.local/lib/python3.12/site-packages/airflow/example_dags/example_complex.py took 0.091 seconds
[2024-10-21T23:10:14.040+0000] {processor.py:161} INFO - Started process (PID=210) to work on /home/airflow/.local/lib/python3.12/site-packages/airflow/example_dags/example_complex.py
[2024-10-21T23:10:14.041+0000] {processor.py:830} INFO - Processing file /home/airflow/.local/lib/python3.12/site-packages/airflow/example_dags/example_complex.py for tasks to queue
[2024-10-21T23:10:14.042+0000] {logging_mixin.py:188} INFO - [2024-10-21T23:10:14.042+0000] {dagbag.py:545} INFO - Filling up the DagBag from /home/airflow/.local/lib/python3.12/site-packages/airflow/example_dags/example_complex.py
[2024-10-21T23:10:14.048+0000] {processor.py:840} INFO - DAG(s) 'example_complex' retrieved from /home/airflow/.local/lib/python3.12/site-packages/airflow/example_dags/example_complex.py
[2024-10-21T23:10:14.061+0000] {logging_mixin.py:188} INFO - [2024-10-21T23:10:14.061+0000] {dag.py:3096} INFO - Sync 1 DAGs
[2024-10-21T23:10:14.066+0000] {logging_mixin.py:188} INFO - [2024-10-21T23:10:14.066+0000] {dag.py:3954} INFO - Setting next_dagrun for example_complex to None, run_after=None
[2024-10-21T23:10:14.075+0000] {processor.py:183} INFO - Processing /home/airflow/.local/lib/python3.12/site-packages/airflow/example_dags/example_complex.py took 0.037 seconds
