[2024-10-21T23:09:12.310+0000] {processor.py:161} INFO - Started process (PID=69) to work on /home/airflow/.local/lib/python3.12/site-packages/airflow/example_dags/example_datasets.py
[2024-10-21T23:09:12.315+0000] {processor.py:830} INFO - Processing file /home/airflow/.local/lib/python3.12/site-packages/airflow/example_dags/example_datasets.py for tasks to queue
[2024-10-21T23:09:12.319+0000] {logging_mixin.py:188} INFO - [2024-10-21T23:09:12.319+0000] {dagbag.py:545} INFO - Filling up the DagBag from /home/airflow/.local/lib/python3.12/site-packages/airflow/example_dags/example_datasets.py
[2024-10-21T23:09:12.336+0000] {processor.py:840} INFO - DAG(s) 'dataset_produces_1', 'dataset_consumes_unknown_never_scheduled', 'dataset_consumes_1', 'conditional_dataset_and_time_based_timetable', 'consume_1_and_2_with_dataset_expressions', 'consume_1_or_2_with_dataset_expressions', 'dataset_consumes_1_never_scheduled', 'consume_1_or_both_2_and_3_with_dataset_expressions', 'dataset_produces_2', 'dataset_consumes_1_and_2' retrieved from /home/airflow/.local/lib/python3.12/site-packages/airflow/example_dags/example_datasets.py
[2024-10-21T23:09:12.362+0000] {logging_mixin.py:188} INFO - [2024-10-21T23:09:12.361+0000] {dag.py:3096} INFO - Sync 10 DAGs
[2024-10-21T23:09:12.389+0000] {logging_mixin.py:188} INFO - [2024-10-21T23:09:12.388+0000] {dag.py:3954} INFO - Setting next_dagrun for conditional_dataset_and_time_based_timetable to 2024-10-16 01:00:00+00:00, run_after=2024-10-16 01:00:00+00:00
[2024-10-21T23:09:12.393+0000] {logging_mixin.py:188} INFO - [2024-10-21T23:09:12.393+0000] {dag.py:3954} INFO - Setting next_dagrun for consume_1_and_2_with_dataset_expressions to None, run_after=None
[2024-10-21T23:09:12.395+0000] {logging_mixin.py:188} INFO - [2024-10-21T23:09:12.395+0000] {dag.py:3954} INFO - Setting next_dagrun for consume_1_or_2_with_dataset_expressions to None, run_after=None
[2024-10-21T23:09:12.398+0000] {logging_mixin.py:188} INFO - [2024-10-21T23:09:12.397+0000] {dag.py:3954} INFO - Setting next_dagrun for consume_1_or_both_2_and_3_with_dataset_expressions to None, run_after=None
[2024-10-21T23:09:12.399+0000] {logging_mixin.py:188} INFO - [2024-10-21T23:09:12.399+0000] {dag.py:3954} INFO - Setting next_dagrun for dataset_consumes_1 to None, run_after=None
[2024-10-21T23:09:12.401+0000] {logging_mixin.py:188} INFO - [2024-10-21T23:09:12.401+0000] {dag.py:3954} INFO - Setting next_dagrun for dataset_consumes_1_and_2 to None, run_after=None
[2024-10-21T23:09:12.402+0000] {logging_mixin.py:188} INFO - [2024-10-21T23:09:12.402+0000] {dag.py:3954} INFO - Setting next_dagrun for dataset_consumes_1_never_scheduled to None, run_after=None
[2024-10-21T23:09:12.404+0000] {logging_mixin.py:188} INFO - [2024-10-21T23:09:12.404+0000] {dag.py:3954} INFO - Setting next_dagrun for dataset_consumes_unknown_never_scheduled to None, run_after=None
[2024-10-21T23:09:12.406+0000] {logging_mixin.py:188} INFO - [2024-10-21T23:09:12.406+0000] {dag.py:3954} INFO - Setting next_dagrun for dataset_produces_1 to 2024-10-20 00:00:00+00:00, run_after=2024-10-21 00:00:00+00:00
[2024-10-21T23:09:12.407+0000] {logging_mixin.py:188} INFO - [2024-10-21T23:09:12.407+0000] {dag.py:3954} INFO - Setting next_dagrun for dataset_produces_2 to None, run_after=None
[2024-10-21T23:09:12.459+0000] {processor.py:183} INFO - Processing /home/airflow/.local/lib/python3.12/site-packages/airflow/example_dags/example_datasets.py took 0.161 seconds
[2024-10-21T23:09:43.159+0000] {processor.py:161} INFO - Started process (PID=129) to work on /home/airflow/.local/lib/python3.12/site-packages/airflow/example_dags/example_datasets.py
[2024-10-21T23:09:43.160+0000] {processor.py:830} INFO - Processing file /home/airflow/.local/lib/python3.12/site-packages/airflow/example_dags/example_datasets.py for tasks to queue
[2024-10-21T23:09:43.161+0000] {logging_mixin.py:188} INFO - [2024-10-21T23:09:43.161+0000] {dagbag.py:545} INFO - Filling up the DagBag from /home/airflow/.local/lib/python3.12/site-packages/airflow/example_dags/example_datasets.py
[2024-10-21T23:09:43.167+0000] {processor.py:840} INFO - DAG(s) 'dataset_consumes_1_never_scheduled', 'dataset_produces_1', 'consume_1_or_2_with_dataset_expressions', 'dataset_consumes_unknown_never_scheduled', 'consume_1_and_2_with_dataset_expressions', 'dataset_consumes_1_and_2', 'dataset_produces_2', 'conditional_dataset_and_time_based_timetable', 'consume_1_or_both_2_and_3_with_dataset_expressions', 'dataset_consumes_1' retrieved from /home/airflow/.local/lib/python3.12/site-packages/airflow/example_dags/example_datasets.py
[2024-10-21T23:09:43.250+0000] {logging_mixin.py:188} INFO - [2024-10-21T23:09:43.250+0000] {dag.py:3096} INFO - Sync 10 DAGs
[2024-10-21T23:09:43.264+0000] {logging_mixin.py:188} INFO - [2024-10-21T23:09:43.264+0000] {dag.py:3954} INFO - Setting next_dagrun for conditional_dataset_and_time_based_timetable to 2024-10-16 01:00:00+00:00, run_after=2024-10-16 01:00:00+00:00
[2024-10-21T23:09:43.267+0000] {logging_mixin.py:188} INFO - [2024-10-21T23:09:43.267+0000] {dag.py:3954} INFO - Setting next_dagrun for consume_1_and_2_with_dataset_expressions to None, run_after=None
[2024-10-21T23:09:43.269+0000] {logging_mixin.py:188} INFO - [2024-10-21T23:09:43.269+0000] {dag.py:3954} INFO - Setting next_dagrun for consume_1_or_2_with_dataset_expressions to None, run_after=None
[2024-10-21T23:09:43.269+0000] {logging_mixin.py:188} INFO - [2024-10-21T23:09:43.269+0000] {dag.py:3954} INFO - Setting next_dagrun for consume_1_or_both_2_and_3_with_dataset_expressions to None, run_after=None
[2024-10-21T23:09:43.270+0000] {logging_mixin.py:188} INFO - [2024-10-21T23:09:43.270+0000] {dag.py:3954} INFO - Setting next_dagrun for dataset_consumes_1 to None, run_after=None
[2024-10-21T23:09:43.270+0000] {logging_mixin.py:188} INFO - [2024-10-21T23:09:43.270+0000] {dag.py:3954} INFO - Setting next_dagrun for dataset_consumes_1_and_2 to None, run_after=None
[2024-10-21T23:09:43.270+0000] {logging_mixin.py:188} INFO - [2024-10-21T23:09:43.270+0000] {dag.py:3954} INFO - Setting next_dagrun for dataset_consumes_1_never_scheduled to None, run_after=None
[2024-10-21T23:09:43.274+0000] {logging_mixin.py:188} INFO - [2024-10-21T23:09:43.274+0000] {dag.py:3954} INFO - Setting next_dagrun for dataset_consumes_unknown_never_scheduled to None, run_after=None
[2024-10-21T23:09:43.274+0000] {logging_mixin.py:188} INFO - [2024-10-21T23:09:43.274+0000] {dag.py:3954} INFO - Setting next_dagrun for dataset_produces_1 to 2024-10-20 00:00:00+00:00, run_after=2024-10-21 00:00:00+00:00
[2024-10-21T23:09:43.278+0000] {logging_mixin.py:188} INFO - [2024-10-21T23:09:43.277+0000] {dag.py:3954} INFO - Setting next_dagrun for dataset_produces_2 to None, run_after=None
[2024-10-21T23:09:43.292+0000] {processor.py:183} INFO - Processing /home/airflow/.local/lib/python3.12/site-packages/airflow/example_dags/example_datasets.py took 0.135 seconds
[2024-10-21T23:10:13.560+0000] {processor.py:161} INFO - Started process (PID=189) to work on /home/airflow/.local/lib/python3.12/site-packages/airflow/example_dags/example_datasets.py
[2024-10-21T23:10:13.561+0000] {processor.py:830} INFO - Processing file /home/airflow/.local/lib/python3.12/site-packages/airflow/example_dags/example_datasets.py for tasks to queue
[2024-10-21T23:10:13.562+0000] {logging_mixin.py:188} INFO - [2024-10-21T23:10:13.562+0000] {dagbag.py:545} INFO - Filling up the DagBag from /home/airflow/.local/lib/python3.12/site-packages/airflow/example_dags/example_datasets.py
[2024-10-21T23:10:13.569+0000] {processor.py:840} INFO - DAG(s) 'dataset_consumes_unknown_never_scheduled', 'consume_1_or_both_2_and_3_with_dataset_expressions', 'dataset_consumes_1', 'dataset_produces_1', 'dataset_produces_2', 'dataset_consumes_1_never_scheduled', 'consume_1_or_2_with_dataset_expressions', 'conditional_dataset_and_time_based_timetable', 'dataset_consumes_1_and_2', 'consume_1_and_2_with_dataset_expressions' retrieved from /home/airflow/.local/lib/python3.12/site-packages/airflow/example_dags/example_datasets.py
[2024-10-21T23:10:13.590+0000] {logging_mixin.py:188} INFO - [2024-10-21T23:10:13.590+0000] {dag.py:3096} INFO - Sync 10 DAGs
[2024-10-21T23:10:13.600+0000] {logging_mixin.py:188} INFO - [2024-10-21T23:10:13.600+0000] {dag.py:3954} INFO - Setting next_dagrun for conditional_dataset_and_time_based_timetable to 2024-10-16 01:00:00+00:00, run_after=2024-10-16 01:00:00+00:00
[2024-10-21T23:10:13.601+0000] {logging_mixin.py:188} INFO - [2024-10-21T23:10:13.601+0000] {dag.py:3954} INFO - Setting next_dagrun for consume_1_and_2_with_dataset_expressions to None, run_after=None
[2024-10-21T23:10:13.602+0000] {logging_mixin.py:188} INFO - [2024-10-21T23:10:13.602+0000] {dag.py:3954} INFO - Setting next_dagrun for consume_1_or_2_with_dataset_expressions to None, run_after=None
[2024-10-21T23:10:13.602+0000] {logging_mixin.py:188} INFO - [2024-10-21T23:10:13.602+0000] {dag.py:3954} INFO - Setting next_dagrun for consume_1_or_both_2_and_3_with_dataset_expressions to None, run_after=None
[2024-10-21T23:10:13.603+0000] {logging_mixin.py:188} INFO - [2024-10-21T23:10:13.602+0000] {dag.py:3954} INFO - Setting next_dagrun for dataset_consumes_1 to None, run_after=None
[2024-10-21T23:10:13.603+0000] {logging_mixin.py:188} INFO - [2024-10-21T23:10:13.603+0000] {dag.py:3954} INFO - Setting next_dagrun for dataset_consumes_1_and_2 to None, run_after=None
[2024-10-21T23:10:13.604+0000] {logging_mixin.py:188} INFO - [2024-10-21T23:10:13.604+0000] {dag.py:3954} INFO - Setting next_dagrun for dataset_consumes_1_never_scheduled to None, run_after=None
[2024-10-21T23:10:13.604+0000] {logging_mixin.py:188} INFO - [2024-10-21T23:10:13.604+0000] {dag.py:3954} INFO - Setting next_dagrun for dataset_consumes_unknown_never_scheduled to None, run_after=None
[2024-10-21T23:10:13.605+0000] {logging_mixin.py:188} INFO - [2024-10-21T23:10:13.605+0000] {dag.py:3954} INFO - Setting next_dagrun for dataset_produces_1 to 2024-10-20 00:00:00+00:00, run_after=2024-10-21 00:00:00+00:00
[2024-10-21T23:10:13.608+0000] {logging_mixin.py:188} INFO - [2024-10-21T23:10:13.608+0000] {dag.py:3954} INFO - Setting next_dagrun for dataset_produces_2 to None, run_after=None
[2024-10-21T23:10:13.629+0000] {processor.py:183} INFO - Processing /home/airflow/.local/lib/python3.12/site-packages/airflow/example_dags/example_datasets.py took 0.071 seconds
