[2024-10-21T23:09:11.934+0000] {processor.py:161} INFO - Started process (PID=64) to work on /home/airflow/.local/lib/python3.12/site-packages/airflow/example_dags/example_subdag_operator.py
[2024-10-21T23:09:11.935+0000] {processor.py:830} INFO - Processing file /home/airflow/.local/lib/python3.12/site-packages/airflow/example_dags/example_subdag_operator.py for tasks to queue
[2024-10-21T23:09:11.936+0000] {logging_mixin.py:188} INFO - [2024-10-21T23:09:11.936+0000] {dagbag.py:545} INFO - Filling up the DagBag from /home/airflow/.local/lib/python3.12/site-packages/airflow/example_dags/example_subdag_operator.py
[2024-10-21T23:09:11.969+0000] {processor.py:840} INFO - DAG(s) 'example_subdag_operator.section-1', 'example_subdag_operator.section-2', 'example_subdag_operator' retrieved from /home/airflow/.local/lib/python3.12/site-packages/airflow/example_dags/example_subdag_operator.py
[2024-10-21T23:09:11.974+0000] {logging_mixin.py:188} INFO - [2024-10-21T23:09:11.973+0000] {dag.py:3096} INFO - Sync 3 DAGs
[2024-10-21T23:09:11.990+0000] {logging_mixin.py:188} INFO - [2024-10-21T23:09:11.990+0000] {dag.py:3954} INFO - Setting next_dagrun for example_subdag_operator to 2022-01-01 00:00:00+00:00, run_after=2022-01-01 00:00:00+00:00
[2024-10-21T23:09:11.993+0000] {logging_mixin.py:188} INFO - [2024-10-21T23:09:11.993+0000] {dag.py:3954} INFO - Setting next_dagrun for example_subdag_operator.section-1 to None, run_after=None
[2024-10-21T23:09:11.993+0000] {logging_mixin.py:188} INFO - [2024-10-21T23:09:11.993+0000] {dag.py:3954} INFO - Setting next_dagrun for example_subdag_operator.section-2 to None, run_after=None
[2024-10-21T23:09:12.000+0000] {logging_mixin.py:188} INFO - [2024-10-21T23:09:12.000+0000] {dag.py:3096} INFO - Sync 2 DAGs
[2024-10-21T23:09:12.007+0000] {logging_mixin.py:188} INFO - [2024-10-21T23:09:12.007+0000] {dag.py:3954} INFO - Setting next_dagrun for example_subdag_operator.section-1 to None, run_after=None
[2024-10-21T23:09:12.008+0000] {logging_mixin.py:188} INFO - [2024-10-21T23:09:12.007+0000] {dag.py:3954} INFO - Setting next_dagrun for example_subdag_operator.section-2 to None, run_after=None
[2024-10-21T23:09:12.029+0000] {processor.py:183} INFO - Processing /home/airflow/.local/lib/python3.12/site-packages/airflow/example_dags/example_subdag_operator.py took 0.100 seconds
[2024-10-21T23:09:42.939+0000] {processor.py:161} INFO - Started process (PID=124) to work on /home/airflow/.local/lib/python3.12/site-packages/airflow/example_dags/example_subdag_operator.py
[2024-10-21T23:09:42.939+0000] {processor.py:830} INFO - Processing file /home/airflow/.local/lib/python3.12/site-packages/airflow/example_dags/example_subdag_operator.py for tasks to queue
[2024-10-21T23:09:42.940+0000] {logging_mixin.py:188} INFO - [2024-10-21T23:09:42.940+0000] {dagbag.py:545} INFO - Filling up the DagBag from /home/airflow/.local/lib/python3.12/site-packages/airflow/example_dags/example_subdag_operator.py
[2024-10-21T23:09:42.949+0000] {processor.py:840} INFO - DAG(s) 'example_subdag_operator.section-1', 'example_subdag_operator.section-2', 'example_subdag_operator' retrieved from /home/airflow/.local/lib/python3.12/site-packages/airflow/example_dags/example_subdag_operator.py
[2024-10-21T23:09:42.985+0000] {logging_mixin.py:188} INFO - [2024-10-21T23:09:42.985+0000] {dag.py:3096} INFO - Sync 3 DAGs
[2024-10-21T23:09:42.993+0000] {logging_mixin.py:188} INFO - [2024-10-21T23:09:42.993+0000] {dag.py:3954} INFO - Setting next_dagrun for example_subdag_operator to 2022-01-01 00:00:00+00:00, run_after=2022-01-01 00:00:00+00:00
[2024-10-21T23:09:42.994+0000] {logging_mixin.py:188} INFO - [2024-10-21T23:09:42.994+0000] {dag.py:3954} INFO - Setting next_dagrun for example_subdag_operator.section-1 to None, run_after=None
[2024-10-21T23:09:42.994+0000] {logging_mixin.py:188} INFO - [2024-10-21T23:09:42.994+0000] {dag.py:3954} INFO - Setting next_dagrun for example_subdag_operator.section-2 to None, run_after=None
[2024-10-21T23:09:42.997+0000] {logging_mixin.py:188} INFO - [2024-10-21T23:09:42.997+0000] {dag.py:3096} INFO - Sync 2 DAGs
[2024-10-21T23:09:42.999+0000] {logging_mixin.py:188} INFO - [2024-10-21T23:09:42.999+0000] {dag.py:3954} INFO - Setting next_dagrun for example_subdag_operator.section-1 to None, run_after=None
[2024-10-21T23:09:42.999+0000] {logging_mixin.py:188} INFO - [2024-10-21T23:09:42.999+0000] {dag.py:3954} INFO - Setting next_dagrun for example_subdag_operator.section-2 to None, run_after=None
[2024-10-21T23:09:43.002+0000] {processor.py:183} INFO - Processing /home/airflow/.local/lib/python3.12/site-packages/airflow/example_dags/example_subdag_operator.py took 0.066 seconds
[2024-10-21T23:10:13.440+0000] {processor.py:161} INFO - Started process (PID=184) to work on /home/airflow/.local/lib/python3.12/site-packages/airflow/example_dags/example_subdag_operator.py
[2024-10-21T23:10:13.440+0000] {processor.py:830} INFO - Processing file /home/airflow/.local/lib/python3.12/site-packages/airflow/example_dags/example_subdag_operator.py for tasks to queue
[2024-10-21T23:10:13.441+0000] {logging_mixin.py:188} INFO - [2024-10-21T23:10:13.441+0000] {dagbag.py:545} INFO - Filling up the DagBag from /home/airflow/.local/lib/python3.12/site-packages/airflow/example_dags/example_subdag_operator.py
[2024-10-21T23:10:13.455+0000] {processor.py:840} INFO - DAG(s) 'example_subdag_operator.section-1', 'example_subdag_operator.section-2', 'example_subdag_operator' retrieved from /home/airflow/.local/lib/python3.12/site-packages/airflow/example_dags/example_subdag_operator.py
[2024-10-21T23:10:13.463+0000] {logging_mixin.py:188} INFO - [2024-10-21T23:10:13.463+0000] {dag.py:3096} INFO - Sync 3 DAGs
[2024-10-21T23:10:13.472+0000] {logging_mixin.py:188} INFO - [2024-10-21T23:10:13.471+0000] {dag.py:3954} INFO - Setting next_dagrun for example_subdag_operator to 2022-01-01 00:00:00+00:00, run_after=2022-01-01 00:00:00+00:00
[2024-10-21T23:10:13.474+0000] {logging_mixin.py:188} INFO - [2024-10-21T23:10:13.474+0000] {dag.py:3954} INFO - Setting next_dagrun for example_subdag_operator.section-1 to None, run_after=None
[2024-10-21T23:10:13.474+0000] {logging_mixin.py:188} INFO - [2024-10-21T23:10:13.474+0000] {dag.py:3954} INFO - Setting next_dagrun for example_subdag_operator.section-2 to None, run_after=None
[2024-10-21T23:10:13.479+0000] {logging_mixin.py:188} INFO - [2024-10-21T23:10:13.479+0000] {dag.py:3096} INFO - Sync 2 DAGs
[2024-10-21T23:10:13.482+0000] {logging_mixin.py:188} INFO - [2024-10-21T23:10:13.482+0000] {dag.py:3954} INFO - Setting next_dagrun for example_subdag_operator.section-1 to None, run_after=None
[2024-10-21T23:10:13.483+0000] {logging_mixin.py:188} INFO - [2024-10-21T23:10:13.483+0000] {dag.py:3954} INFO - Setting next_dagrun for example_subdag_operator.section-2 to None, run_after=None
[2024-10-21T23:10:13.491+0000] {processor.py:183} INFO - Processing /home/airflow/.local/lib/python3.12/site-packages/airflow/example_dags/example_subdag_operator.py took 0.054 seconds
