[2024-10-21T23:09:11.030+0000] {processor.py:161} INFO - Started process (PID=53) to work on /home/airflow/.local/lib/python3.12/site-packages/airflow/example_dags/example_sla_dag.py
[2024-10-21T23:09:11.031+0000] {processor.py:830} INFO - Processing file /home/airflow/.local/lib/python3.12/site-packages/airflow/example_dags/example_sla_dag.py for tasks to queue
[2024-10-21T23:09:11.034+0000] {logging_mixin.py:188} INFO - [2024-10-21T23:09:11.034+0000] {dagbag.py:545} INFO - Filling up the DagBag from /home/airflow/.local/lib/python3.12/site-packages/airflow/example_dags/example_sla_dag.py
[2024-10-21T23:09:11.051+0000] {processor.py:840} INFO - DAG(s) 'example_sla_dag' retrieved from /home/airflow/.local/lib/python3.12/site-packages/airflow/example_dags/example_sla_dag.py
[2024-10-21T23:09:11.066+0000] {logging_mixin.py:188} INFO - [2024-10-21T23:09:11.065+0000] {dag.py:3096} INFO - Sync 1 DAGs
[2024-10-21T23:09:11.090+0000] {logging_mixin.py:188} INFO - [2024-10-21T23:09:11.090+0000] {dag.py:3954} INFO - Setting next_dagrun for example_sla_dag to 2024-10-21 23:06:00+00:00, run_after=2024-10-21 23:08:00+00:00
[2024-10-21T23:09:11.109+0000] {processor.py:183} INFO - Processing /home/airflow/.local/lib/python3.12/site-packages/airflow/example_dags/example_sla_dag.py took 0.082 seconds
[2024-10-21T23:09:41.164+0000] {processor.py:161} INFO - Started process (PID=111) to work on /home/airflow/.local/lib/python3.12/site-packages/airflow/example_dags/example_sla_dag.py
[2024-10-21T23:09:41.165+0000] {processor.py:830} INFO - Processing file /home/airflow/.local/lib/python3.12/site-packages/airflow/example_dags/example_sla_dag.py for tasks to queue
[2024-10-21T23:09:41.165+0000] {logging_mixin.py:188} INFO - [2024-10-21T23:09:41.165+0000] {dagbag.py:545} INFO - Filling up the DagBag from /home/airflow/.local/lib/python3.12/site-packages/airflow/example_dags/example_sla_dag.py
[2024-10-21T23:09:41.168+0000] {processor.py:840} INFO - DAG(s) 'example_sla_dag' retrieved from /home/airflow/.local/lib/python3.12/site-packages/airflow/example_dags/example_sla_dag.py
[2024-10-21T23:09:41.204+0000] {logging_mixin.py:188} INFO - [2024-10-21T23:09:41.204+0000] {dag.py:3096} INFO - Sync 1 DAGs
[2024-10-21T23:09:41.211+0000] {logging_mixin.py:188} INFO - [2024-10-21T23:09:41.211+0000] {dag.py:3954} INFO - Setting next_dagrun for example_sla_dag to 2024-10-21 23:06:00+00:00, run_after=2024-10-21 23:08:00+00:00
[2024-10-21T23:09:41.218+0000] {processor.py:183} INFO - Processing /home/airflow/.local/lib/python3.12/site-packages/airflow/example_dags/example_sla_dag.py took 0.056 seconds
[2024-10-21T23:10:12.151+0000] {processor.py:161} INFO - Started process (PID=173) to work on /home/airflow/.local/lib/python3.12/site-packages/airflow/example_dags/example_sla_dag.py
[2024-10-21T23:10:12.151+0000] {processor.py:830} INFO - Processing file /home/airflow/.local/lib/python3.12/site-packages/airflow/example_dags/example_sla_dag.py for tasks to queue
[2024-10-21T23:10:12.152+0000] {logging_mixin.py:188} INFO - [2024-10-21T23:10:12.152+0000] {dagbag.py:545} INFO - Filling up the DagBag from /home/airflow/.local/lib/python3.12/site-packages/airflow/example_dags/example_sla_dag.py
[2024-10-21T23:10:12.156+0000] {processor.py:840} INFO - DAG(s) 'example_sla_dag' retrieved from /home/airflow/.local/lib/python3.12/site-packages/airflow/example_dags/example_sla_dag.py
[2024-10-21T23:10:12.165+0000] {logging_mixin.py:188} INFO - [2024-10-21T23:10:12.165+0000] {dag.py:3096} INFO - Sync 1 DAGs
[2024-10-21T23:10:12.175+0000] {logging_mixin.py:188} INFO - [2024-10-21T23:10:12.175+0000] {dag.py:3954} INFO - Setting next_dagrun for example_sla_dag to 2024-10-21 23:08:00+00:00, run_after=2024-10-21 23:10:00+00:00
[2024-10-21T23:10:12.186+0000] {processor.py:183} INFO - Processing /home/airflow/.local/lib/python3.12/site-packages/airflow/example_dags/example_sla_dag.py took 0.038 seconds
