[2024-10-21T23:09:13.349+0000] {processor.py:161} INFO - Started process (PID=89) to work on /home/airflow/.local/lib/python3.12/site-packages/airflow/example_dags/example_xcomargs.py
[2024-10-21T23:09:13.350+0000] {processor.py:830} INFO - Processing file /home/airflow/.local/lib/python3.12/site-packages/airflow/example_dags/example_xcomargs.py for tasks to queue
[2024-10-21T23:09:13.351+0000] {logging_mixin.py:188} INFO - [2024-10-21T23:09:13.351+0000] {dagbag.py:545} INFO - Filling up the DagBag from /home/airflow/.local/lib/python3.12/site-packages/airflow/example_dags/example_xcomargs.py
[2024-10-21T23:09:13.357+0000] {processor.py:840} INFO - DAG(s) 'example_xcom_args', 'example_xcom_args_with_operators' retrieved from /home/airflow/.local/lib/python3.12/site-packages/airflow/example_dags/example_xcomargs.py
[2024-10-21T23:09:13.366+0000] {logging_mixin.py:188} INFO - [2024-10-21T23:09:13.366+0000] {dag.py:3096} INFO - Sync 2 DAGs
[2024-10-21T23:09:13.376+0000] {logging_mixin.py:188} INFO - [2024-10-21T23:09:13.376+0000] {dag.py:3954} INFO - Setting next_dagrun for example_xcom_args to None, run_after=None
[2024-10-21T23:09:13.380+0000] {logging_mixin.py:188} INFO - [2024-10-21T23:09:13.380+0000] {dag.py:3954} INFO - Setting next_dagrun for example_xcom_args_with_operators to None, run_after=None
[2024-10-21T23:09:13.406+0000] {processor.py:183} INFO - Processing /home/airflow/.local/lib/python3.12/site-packages/airflow/example_dags/example_xcomargs.py took 0.061 seconds
[2024-10-21T23:09:44.163+0000] {processor.py:161} INFO - Started process (PID=155) to work on /home/airflow/.local/lib/python3.12/site-packages/airflow/example_dags/example_xcomargs.py
[2024-10-21T23:09:44.165+0000] {processor.py:830} INFO - Processing file /home/airflow/.local/lib/python3.12/site-packages/airflow/example_dags/example_xcomargs.py for tasks to queue
[2024-10-21T23:09:44.166+0000] {logging_mixin.py:188} INFO - [2024-10-21T23:09:44.166+0000] {dagbag.py:545} INFO - Filling up the DagBag from /home/airflow/.local/lib/python3.12/site-packages/airflow/example_dags/example_xcomargs.py
[2024-10-21T23:09:44.172+0000] {processor.py:840} INFO - DAG(s) 'example_xcom_args_with_operators', 'example_xcom_args' retrieved from /home/airflow/.local/lib/python3.12/site-packages/airflow/example_dags/example_xcomargs.py
[2024-10-21T23:09:44.230+0000] {logging_mixin.py:188} INFO - [2024-10-21T23:09:44.230+0000] {dag.py:3096} INFO - Sync 2 DAGs
[2024-10-21T23:09:44.235+0000] {logging_mixin.py:188} INFO - [2024-10-21T23:09:44.235+0000] {dag.py:3954} INFO - Setting next_dagrun for example_xcom_args to None, run_after=None
[2024-10-21T23:09:44.238+0000] {logging_mixin.py:188} INFO - [2024-10-21T23:09:44.238+0000] {dag.py:3954} INFO - Setting next_dagrun for example_xcom_args_with_operators to None, run_after=None
[2024-10-21T23:09:44.247+0000] {processor.py:183} INFO - Processing /home/airflow/.local/lib/python3.12/site-packages/airflow/example_dags/example_xcomargs.py took 0.088 seconds
[2024-10-21T23:10:15.183+0000] {processor.py:161} INFO - Started process (PID=215) to work on /home/airflow/.local/lib/python3.12/site-packages/airflow/example_dags/example_xcomargs.py
[2024-10-21T23:10:15.184+0000] {processor.py:830} INFO - Processing file /home/airflow/.local/lib/python3.12/site-packages/airflow/example_dags/example_xcomargs.py for tasks to queue
[2024-10-21T23:10:15.189+0000] {logging_mixin.py:188} INFO - [2024-10-21T23:10:15.189+0000] {dagbag.py:545} INFO - Filling up the DagBag from /home/airflow/.local/lib/python3.12/site-packages/airflow/example_dags/example_xcomargs.py
[2024-10-21T23:10:15.193+0000] {processor.py:840} INFO - DAG(s) 'example_xcom_args_with_operators', 'example_xcom_args' retrieved from /home/airflow/.local/lib/python3.12/site-packages/airflow/example_dags/example_xcomargs.py
[2024-10-21T23:10:15.210+0000] {logging_mixin.py:188} INFO - [2024-10-21T23:10:15.210+0000] {dag.py:3096} INFO - Sync 2 DAGs
[2024-10-21T23:10:15.216+0000] {logging_mixin.py:188} INFO - [2024-10-21T23:10:15.215+0000] {dag.py:3954} INFO - Setting next_dagrun for example_xcom_args to None, run_after=None
[2024-10-21T23:10:15.217+0000] {logging_mixin.py:188} INFO - [2024-10-21T23:10:15.217+0000] {dag.py:3954} INFO - Setting next_dagrun for example_xcom_args_with_operators to None, run_after=None
[2024-10-21T23:10:15.230+0000] {processor.py:183} INFO - Processing /home/airflow/.local/lib/python3.12/site-packages/airflow/example_dags/example_xcomargs.py took 0.049 seconds
