[2024-10-21T23:09:11.489+0000] {processor.py:161} INFO - Started process (PID=60) to work on /home/airflow/.local/lib/python3.12/site-packages/airflow/example_dags/example_task_group.py
[2024-10-21T23:09:11.491+0000] {processor.py:830} INFO - Processing file /home/airflow/.local/lib/python3.12/site-packages/airflow/example_dags/example_task_group.py for tasks to queue
[2024-10-21T23:09:11.494+0000] {logging_mixin.py:188} INFO - [2024-10-21T23:09:11.494+0000] {dagbag.py:545} INFO - Filling up the DagBag from /home/airflow/.local/lib/python3.12/site-packages/airflow/example_dags/example_task_group.py
[2024-10-21T23:09:11.507+0000] {processor.py:840} INFO - DAG(s) 'example_task_group' retrieved from /home/airflow/.local/lib/python3.12/site-packages/airflow/example_dags/example_task_group.py
[2024-10-21T23:09:11.526+0000] {logging_mixin.py:188} INFO - [2024-10-21T23:09:11.526+0000] {dag.py:3096} INFO - Sync 1 DAGs
[2024-10-21T23:09:11.547+0000] {logging_mixin.py:188} INFO - [2024-10-21T23:09:11.547+0000] {dag.py:3954} INFO - Setting next_dagrun for example_task_group to 2024-10-20 00:00:00+00:00, run_after=2024-10-21 00:00:00+00:00
[2024-10-21T23:09:11.568+0000] {processor.py:183} INFO - Processing /home/airflow/.local/lib/python3.12/site-packages/airflow/example_dags/example_task_group.py took 0.082 seconds
[2024-10-21T23:09:41.757+0000] {processor.py:161} INFO - Started process (PID=120) to work on /home/airflow/.local/lib/python3.12/site-packages/airflow/example_dags/example_task_group.py
[2024-10-21T23:09:41.758+0000] {processor.py:830} INFO - Processing file /home/airflow/.local/lib/python3.12/site-packages/airflow/example_dags/example_task_group.py for tasks to queue
[2024-10-21T23:09:41.759+0000] {logging_mixin.py:188} INFO - [2024-10-21T23:09:41.758+0000] {dagbag.py:545} INFO - Filling up the DagBag from /home/airflow/.local/lib/python3.12/site-packages/airflow/example_dags/example_task_group.py
[2024-10-21T23:09:41.761+0000] {processor.py:840} INFO - DAG(s) 'example_task_group' retrieved from /home/airflow/.local/lib/python3.12/site-packages/airflow/example_dags/example_task_group.py
[2024-10-21T23:09:41.798+0000] {logging_mixin.py:188} INFO - [2024-10-21T23:09:41.798+0000] {dag.py:3096} INFO - Sync 1 DAGs
[2024-10-21T23:09:41.805+0000] {logging_mixin.py:188} INFO - [2024-10-21T23:09:41.805+0000] {dag.py:3954} INFO - Setting next_dagrun for example_task_group to 2024-10-20 00:00:00+00:00, run_after=2024-10-21 00:00:00+00:00
[2024-10-21T23:09:41.811+0000] {processor.py:183} INFO - Processing /home/airflow/.local/lib/python3.12/site-packages/airflow/example_dags/example_task_group.py took 0.056 seconds
[2024-10-21T23:10:12.328+0000] {processor.py:161} INFO - Started process (PID=180) to work on /home/airflow/.local/lib/python3.12/site-packages/airflow/example_dags/example_task_group.py
[2024-10-21T23:10:12.332+0000] {processor.py:830} INFO - Processing file /home/airflow/.local/lib/python3.12/site-packages/airflow/example_dags/example_task_group.py for tasks to queue
[2024-10-21T23:10:12.333+0000] {logging_mixin.py:188} INFO - [2024-10-21T23:10:12.333+0000] {dagbag.py:545} INFO - Filling up the DagBag from /home/airflow/.local/lib/python3.12/site-packages/airflow/example_dags/example_task_group.py
[2024-10-21T23:10:12.337+0000] {processor.py:840} INFO - DAG(s) 'example_task_group' retrieved from /home/airflow/.local/lib/python3.12/site-packages/airflow/example_dags/example_task_group.py
[2024-10-21T23:10:12.348+0000] {logging_mixin.py:188} INFO - [2024-10-21T23:10:12.348+0000] {dag.py:3096} INFO - Sync 1 DAGs
[2024-10-21T23:10:12.356+0000] {logging_mixin.py:188} INFO - [2024-10-21T23:10:12.356+0000] {dag.py:3954} INFO - Setting next_dagrun for example_task_group to 2024-10-20 00:00:00+00:00, run_after=2024-10-21 00:00:00+00:00
[2024-10-21T23:10:12.364+0000] {processor.py:183} INFO - Processing /home/airflow/.local/lib/python3.12/site-packages/airflow/example_dags/example_task_group.py took 0.039 seconds
