[2024-10-21T23:09:12.060+0000] {processor.py:161} INFO - Started process (PID=66) to work on /home/airflow/.local/lib/python3.12/site-packages/airflow/example_dags/example_short_circuit_operator.py
[2024-10-21T23:09:12.062+0000] {processor.py:830} INFO - Processing file /home/airflow/.local/lib/python3.12/site-packages/airflow/example_dags/example_short_circuit_operator.py for tasks to queue
[2024-10-21T23:09:12.066+0000] {logging_mixin.py:188} INFO - [2024-10-21T23:09:12.065+0000] {dagbag.py:545} INFO - Filling up the DagBag from /home/airflow/.local/lib/python3.12/site-packages/airflow/example_dags/example_short_circuit_operator.py
[2024-10-21T23:09:12.080+0000] {processor.py:840} INFO - DAG(s) 'example_short_circuit_operator' retrieved from /home/airflow/.local/lib/python3.12/site-packages/airflow/example_dags/example_short_circuit_operator.py
[2024-10-21T23:09:12.092+0000] {logging_mixin.py:188} INFO - [2024-10-21T23:09:12.092+0000] {dag.py:3096} INFO - Sync 1 DAGs
[2024-10-21T23:09:12.108+0000] {logging_mixin.py:188} INFO - [2024-10-21T23:09:12.108+0000] {dag.py:3954} INFO - Setting next_dagrun for example_short_circuit_operator to 2024-10-20 00:00:00+00:00, run_after=2024-10-21 00:00:00+00:00
[2024-10-21T23:09:12.134+0000] {processor.py:183} INFO - Processing /home/airflow/.local/lib/python3.12/site-packages/airflow/example_dags/example_short_circuit_operator.py took 0.080 seconds
[2024-10-21T23:09:43.015+0000] {processor.py:161} INFO - Started process (PID=126) to work on /home/airflow/.local/lib/python3.12/site-packages/airflow/example_dags/example_short_circuit_operator.py
[2024-10-21T23:09:43.018+0000] {processor.py:830} INFO - Processing file /home/airflow/.local/lib/python3.12/site-packages/airflow/example_dags/example_short_circuit_operator.py for tasks to queue
[2024-10-21T23:09:43.019+0000] {logging_mixin.py:188} INFO - [2024-10-21T23:09:43.019+0000] {dagbag.py:545} INFO - Filling up the DagBag from /home/airflow/.local/lib/python3.12/site-packages/airflow/example_dags/example_short_circuit_operator.py
[2024-10-21T23:09:43.023+0000] {processor.py:840} INFO - DAG(s) 'example_short_circuit_operator' retrieved from /home/airflow/.local/lib/python3.12/site-packages/airflow/example_dags/example_short_circuit_operator.py
[2024-10-21T23:09:43.065+0000] {logging_mixin.py:188} INFO - [2024-10-21T23:09:43.064+0000] {dag.py:3096} INFO - Sync 1 DAGs
[2024-10-21T23:09:43.072+0000] {logging_mixin.py:188} INFO - [2024-10-21T23:09:43.072+0000] {dag.py:3954} INFO - Setting next_dagrun for example_short_circuit_operator to 2024-10-20 00:00:00+00:00, run_after=2024-10-21 00:00:00+00:00
[2024-10-21T23:09:43.082+0000] {processor.py:183} INFO - Processing /home/airflow/.local/lib/python3.12/site-packages/airflow/example_dags/example_short_circuit_operator.py took 0.069 seconds
[2024-10-21T23:10:13.504+0000] {processor.py:161} INFO - Started process (PID=186) to work on /home/airflow/.local/lib/python3.12/site-packages/airflow/example_dags/example_short_circuit_operator.py
[2024-10-21T23:10:13.505+0000] {processor.py:830} INFO - Processing file /home/airflow/.local/lib/python3.12/site-packages/airflow/example_dags/example_short_circuit_operator.py for tasks to queue
[2024-10-21T23:10:13.508+0000] {logging_mixin.py:188} INFO - [2024-10-21T23:10:13.508+0000] {dagbag.py:545} INFO - Filling up the DagBag from /home/airflow/.local/lib/python3.12/site-packages/airflow/example_dags/example_short_circuit_operator.py
[2024-10-21T23:10:13.512+0000] {processor.py:840} INFO - DAG(s) 'example_short_circuit_operator' retrieved from /home/airflow/.local/lib/python3.12/site-packages/airflow/example_dags/example_short_circuit_operator.py
[2024-10-21T23:10:13.523+0000] {logging_mixin.py:188} INFO - [2024-10-21T23:10:13.523+0000] {dag.py:3096} INFO - Sync 1 DAGs
[2024-10-21T23:10:13.533+0000] {logging_mixin.py:188} INFO - [2024-10-21T23:10:13.533+0000] {dag.py:3954} INFO - Setting next_dagrun for example_short_circuit_operator to 2024-10-20 00:00:00+00:00, run_after=2024-10-21 00:00:00+00:00
[2024-10-21T23:10:13.543+0000] {processor.py:183} INFO - Processing /home/airflow/.local/lib/python3.12/site-packages/airflow/example_dags/example_short_circuit_operator.py took 0.042 seconds
