[2024-10-21T23:09:12.773+0000] {processor.py:161} INFO - Started process (PID=76) to work on /home/airflow/.local/lib/python3.12/site-packages/airflow/example_dags/example_task_group_decorator.py
[2024-10-21T23:09:12.774+0000] {processor.py:830} INFO - Processing file /home/airflow/.local/lib/python3.12/site-packages/airflow/example_dags/example_task_group_decorator.py for tasks to queue
[2024-10-21T23:09:12.777+0000] {logging_mixin.py:188} INFO - [2024-10-21T23:09:12.777+0000] {dagbag.py:545} INFO - Filling up the DagBag from /home/airflow/.local/lib/python3.12/site-packages/airflow/example_dags/example_task_group_decorator.py
[2024-10-21T23:09:12.799+0000] {processor.py:840} INFO - DAG(s) 'example_task_group_decorator' retrieved from /home/airflow/.local/lib/python3.12/site-packages/airflow/example_dags/example_task_group_decorator.py
[2024-10-21T23:09:12.810+0000] {logging_mixin.py:188} INFO - [2024-10-21T23:09:12.810+0000] {dag.py:3096} INFO - Sync 1 DAGs
[2024-10-21T23:09:12.839+0000] {logging_mixin.py:188} INFO - [2024-10-21T23:09:12.839+0000] {dag.py:3954} INFO - Setting next_dagrun for example_task_group_decorator to 2024-10-20 00:00:00+00:00, run_after=2024-10-21 00:00:00+00:00
[2024-10-21T23:09:12.857+0000] {processor.py:183} INFO - Processing /home/airflow/.local/lib/python3.12/site-packages/airflow/example_dags/example_task_group_decorator.py took 0.089 seconds
[2024-10-21T23:09:43.547+0000] {processor.py:161} INFO - Started process (PID=136) to work on /home/airflow/.local/lib/python3.12/site-packages/airflow/example_dags/example_task_group_decorator.py
[2024-10-21T23:09:43.549+0000] {processor.py:830} INFO - Processing file /home/airflow/.local/lib/python3.12/site-packages/airflow/example_dags/example_task_group_decorator.py for tasks to queue
[2024-10-21T23:09:43.550+0000] {logging_mixin.py:188} INFO - [2024-10-21T23:09:43.550+0000] {dagbag.py:545} INFO - Filling up the DagBag from /home/airflow/.local/lib/python3.12/site-packages/airflow/example_dags/example_task_group_decorator.py
[2024-10-21T23:09:43.556+0000] {processor.py:840} INFO - DAG(s) 'example_task_group_decorator' retrieved from /home/airflow/.local/lib/python3.12/site-packages/airflow/example_dags/example_task_group_decorator.py
[2024-10-21T23:09:43.607+0000] {logging_mixin.py:188} INFO - [2024-10-21T23:09:43.606+0000] {dag.py:3096} INFO - Sync 1 DAGs
[2024-10-21T23:09:43.618+0000] {logging_mixin.py:188} INFO - [2024-10-21T23:09:43.618+0000] {dag.py:3954} INFO - Setting next_dagrun for example_task_group_decorator to 2024-10-20 00:00:00+00:00, run_after=2024-10-21 00:00:00+00:00
[2024-10-21T23:09:43.625+0000] {processor.py:183} INFO - Processing /home/airflow/.local/lib/python3.12/site-packages/airflow/example_dags/example_task_group_decorator.py took 0.081 seconds
[2024-10-21T23:10:13.730+0000] {processor.py:161} INFO - Started process (PID=195) to work on /home/airflow/.local/lib/python3.12/site-packages/airflow/example_dags/example_task_group_decorator.py
[2024-10-21T23:10:13.730+0000] {processor.py:830} INFO - Processing file /home/airflow/.local/lib/python3.12/site-packages/airflow/example_dags/example_task_group_decorator.py for tasks to queue
[2024-10-21T23:10:13.731+0000] {logging_mixin.py:188} INFO - [2024-10-21T23:10:13.731+0000] {dagbag.py:545} INFO - Filling up the DagBag from /home/airflow/.local/lib/python3.12/site-packages/airflow/example_dags/example_task_group_decorator.py
[2024-10-21T23:10:13.737+0000] {processor.py:840} INFO - DAG(s) 'example_task_group_decorator' retrieved from /home/airflow/.local/lib/python3.12/site-packages/airflow/example_dags/example_task_group_decorator.py
[2024-10-21T23:10:13.751+0000] {logging_mixin.py:188} INFO - [2024-10-21T23:10:13.751+0000] {dag.py:3096} INFO - Sync 1 DAGs
[2024-10-21T23:10:13.764+0000] {logging_mixin.py:188} INFO - [2024-10-21T23:10:13.764+0000] {dag.py:3954} INFO - Setting next_dagrun for example_task_group_decorator to 2024-10-20 00:00:00+00:00, run_after=2024-10-21 00:00:00+00:00
[2024-10-21T23:10:13.772+0000] {processor.py:183} INFO - Processing /home/airflow/.local/lib/python3.12/site-packages/airflow/example_dags/example_task_group_decorator.py took 0.045 seconds
