[2024-10-21T23:09:10.563+0000] {processor.py:161} INFO - Started process (PID=50) to work on /home/airflow/.local/lib/python3.12/site-packages/airflow/example_dags/example_latest_only_with_trigger.py
[2024-10-21T23:09:10.565+0000] {processor.py:830} INFO - Processing file /home/airflow/.local/lib/python3.12/site-packages/airflow/example_dags/example_latest_only_with_trigger.py for tasks to queue
[2024-10-21T23:09:10.568+0000] {logging_mixin.py:188} INFO - [2024-10-21T23:09:10.567+0000] {dagbag.py:545} INFO - Filling up the DagBag from /home/airflow/.local/lib/python3.12/site-packages/airflow/example_dags/example_latest_only_with_trigger.py
[2024-10-21T23:09:10.576+0000] {processor.py:840} INFO - DAG(s) 'latest_only_with_trigger' retrieved from /home/airflow/.local/lib/python3.12/site-packages/airflow/example_dags/example_latest_only_with_trigger.py
[2024-10-21T23:09:10.599+0000] {logging_mixin.py:188} INFO - [2024-10-21T23:09:10.599+0000] {dag.py:3096} INFO - Sync 1 DAGs
[2024-10-21T23:09:10.634+0000] {logging_mixin.py:188} INFO - [2024-10-21T23:09:10.634+0000] {dag.py:3954} INFO - Setting next_dagrun for latest_only_with_trigger to 2024-10-21 16:00:00+00:00, run_after=2024-10-21 20:00:00+00:00
[2024-10-21T23:09:10.660+0000] {processor.py:183} INFO - Processing /home/airflow/.local/lib/python3.12/site-packages/airflow/example_dags/example_latest_only_with_trigger.py took 0.103 seconds
[2024-10-21T23:09:41.011+0000] {processor.py:161} INFO - Started process (PID=108) to work on /home/airflow/.local/lib/python3.12/site-packages/airflow/example_dags/example_latest_only_with_trigger.py
[2024-10-21T23:09:41.011+0000] {processor.py:830} INFO - Processing file /home/airflow/.local/lib/python3.12/site-packages/airflow/example_dags/example_latest_only_with_trigger.py for tasks to queue
[2024-10-21T23:09:41.012+0000] {logging_mixin.py:188} INFO - [2024-10-21T23:09:41.012+0000] {dagbag.py:545} INFO - Filling up the DagBag from /home/airflow/.local/lib/python3.12/site-packages/airflow/example_dags/example_latest_only_with_trigger.py
[2024-10-21T23:09:41.015+0000] {processor.py:840} INFO - DAG(s) 'latest_only_with_trigger' retrieved from /home/airflow/.local/lib/python3.12/site-packages/airflow/example_dags/example_latest_only_with_trigger.py
[2024-10-21T23:09:41.057+0000] {logging_mixin.py:188} INFO - [2024-10-21T23:09:41.057+0000] {dag.py:3096} INFO - Sync 1 DAGs
[2024-10-21T23:09:41.065+0000] {logging_mixin.py:188} INFO - [2024-10-21T23:09:41.065+0000] {dag.py:3954} INFO - Setting next_dagrun for latest_only_with_trigger to 2024-10-21 16:00:00+00:00, run_after=2024-10-21 20:00:00+00:00
[2024-10-21T23:09:41.074+0000] {processor.py:183} INFO - Processing /home/airflow/.local/lib/python3.12/site-packages/airflow/example_dags/example_latest_only_with_trigger.py took 0.066 seconds
[2024-10-21T23:10:12.066+0000] {processor.py:161} INFO - Started process (PID=170) to work on /home/airflow/.local/lib/python3.12/site-packages/airflow/example_dags/example_latest_only_with_trigger.py
[2024-10-21T23:10:12.067+0000] {processor.py:830} INFO - Processing file /home/airflow/.local/lib/python3.12/site-packages/airflow/example_dags/example_latest_only_with_trigger.py for tasks to queue
[2024-10-21T23:10:12.068+0000] {logging_mixin.py:188} INFO - [2024-10-21T23:10:12.068+0000] {dagbag.py:545} INFO - Filling up the DagBag from /home/airflow/.local/lib/python3.12/site-packages/airflow/example_dags/example_latest_only_with_trigger.py
[2024-10-21T23:10:12.070+0000] {processor.py:840} INFO - DAG(s) 'latest_only_with_trigger' retrieved from /home/airflow/.local/lib/python3.12/site-packages/airflow/example_dags/example_latest_only_with_trigger.py
[2024-10-21T23:10:12.081+0000] {logging_mixin.py:188} INFO - [2024-10-21T23:10:12.081+0000] {dag.py:3096} INFO - Sync 1 DAGs
[2024-10-21T23:10:12.090+0000] {logging_mixin.py:188} INFO - [2024-10-21T23:10:12.090+0000] {dag.py:3954} INFO - Setting next_dagrun for latest_only_with_trigger to 2024-10-21 16:00:00+00:00, run_after=2024-10-21 20:00:00+00:00
[2024-10-21T23:10:12.097+0000] {processor.py:183} INFO - Processing /home/airflow/.local/lib/python3.12/site-packages/airflow/example_dags/example_latest_only_with_trigger.py took 0.034 seconds
