[2024-10-21T23:09:10.295+0000] {processor.py:161} INFO - Started process (PID=48) to work on /home/airflow/.local/lib/python3.12/site-packages/airflow/example_dags/example_sensors.py
[2024-10-21T23:09:10.296+0000] {processor.py:830} INFO - Processing file /home/airflow/.local/lib/python3.12/site-packages/airflow/example_dags/example_sensors.py for tasks to queue
[2024-10-21T23:09:10.297+0000] {logging_mixin.py:188} INFO - [2024-10-21T23:09:10.297+0000] {dagbag.py:545} INFO - Filling up the DagBag from /home/airflow/.local/lib/python3.12/site-packages/airflow/example_dags/example_sensors.py
[2024-10-21T23:09:10.314+0000] {processor.py:840} INFO - DAG(s) 'example_sensors' retrieved from /home/airflow/.local/lib/python3.12/site-packages/airflow/example_dags/example_sensors.py
[2024-10-21T23:09:10.340+0000] {logging_mixin.py:188} INFO - [2024-10-21T23:09:10.340+0000] {dag.py:3096} INFO - Sync 1 DAGs
[2024-10-21T23:09:10.355+0000] {logging_mixin.py:188} INFO - [2024-10-21T23:09:10.354+0000] {dag.py:3954} INFO - Setting next_dagrun for example_sensors to None, run_after=None
[2024-10-21T23:09:10.396+0000] {processor.py:183} INFO - Processing /home/airflow/.local/lib/python3.12/site-packages/airflow/example_dags/example_sensors.py took 0.106 seconds
[2024-10-21T23:09:40.870+0000] {processor.py:161} INFO - Started process (PID=106) to work on /home/airflow/.local/lib/python3.12/site-packages/airflow/example_dags/example_sensors.py
[2024-10-21T23:09:40.873+0000] {processor.py:830} INFO - Processing file /home/airflow/.local/lib/python3.12/site-packages/airflow/example_dags/example_sensors.py for tasks to queue
[2024-10-21T23:09:40.874+0000] {logging_mixin.py:188} INFO - [2024-10-21T23:09:40.874+0000] {dagbag.py:545} INFO - Filling up the DagBag from /home/airflow/.local/lib/python3.12/site-packages/airflow/example_dags/example_sensors.py
[2024-10-21T23:09:40.879+0000] {processor.py:840} INFO - DAG(s) 'example_sensors' retrieved from /home/airflow/.local/lib/python3.12/site-packages/airflow/example_dags/example_sensors.py
[2024-10-21T23:09:40.927+0000] {logging_mixin.py:188} INFO - [2024-10-21T23:09:40.927+0000] {dag.py:3096} INFO - Sync 1 DAGs
[2024-10-21T23:09:40.932+0000] {logging_mixin.py:188} INFO - [2024-10-21T23:09:40.932+0000] {dag.py:3954} INFO - Setting next_dagrun for example_sensors to None, run_after=None
[2024-10-21T23:09:40.942+0000] {processor.py:183} INFO - Processing /home/airflow/.local/lib/python3.12/site-packages/airflow/example_dags/example_sensors.py took 0.075 seconds
[2024-10-21T23:10:11.969+0000] {processor.py:161} INFO - Started process (PID=168) to work on /home/airflow/.local/lib/python3.12/site-packages/airflow/example_dags/example_sensors.py
[2024-10-21T23:10:11.970+0000] {processor.py:830} INFO - Processing file /home/airflow/.local/lib/python3.12/site-packages/airflow/example_dags/example_sensors.py for tasks to queue
[2024-10-21T23:10:11.971+0000] {logging_mixin.py:188} INFO - [2024-10-21T23:10:11.971+0000] {dagbag.py:545} INFO - Filling up the DagBag from /home/airflow/.local/lib/python3.12/site-packages/airflow/example_dags/example_sensors.py
[2024-10-21T23:10:11.976+0000] {processor.py:840} INFO - DAG(s) 'example_sensors' retrieved from /home/airflow/.local/lib/python3.12/site-packages/airflow/example_dags/example_sensors.py
[2024-10-21T23:10:11.987+0000] {logging_mixin.py:188} INFO - [2024-10-21T23:10:11.987+0000] {dag.py:3096} INFO - Sync 1 DAGs
[2024-10-21T23:10:11.993+0000] {logging_mixin.py:188} INFO - [2024-10-21T23:10:11.992+0000] {dag.py:3954} INFO - Setting next_dagrun for example_sensors to None, run_after=None
[2024-10-21T23:10:12.000+0000] {processor.py:183} INFO - Processing /home/airflow/.local/lib/python3.12/site-packages/airflow/example_dags/example_sensors.py took 0.035 seconds
