[2024-10-21T23:09:09.810+0000] {processor.py:161} INFO - Started process (PID=43) to work on /home/airflow/.local/lib/python3.12/site-packages/airflow/example_dags/example_branch_labels.py
[2024-10-21T23:09:09.812+0000] {processor.py:830} INFO - Processing file /home/airflow/.local/lib/python3.12/site-packages/airflow/example_dags/example_branch_labels.py for tasks to queue
[2024-10-21T23:09:09.816+0000] {logging_mixin.py:188} INFO - [2024-10-21T23:09:09.816+0000] {dagbag.py:545} INFO - Filling up the DagBag from /home/airflow/.local/lib/python3.12/site-packages/airflow/example_dags/example_branch_labels.py
[2024-10-21T23:09:09.851+0000] {processor.py:840} INFO - DAG(s) 'example_branch_labels' retrieved from /home/airflow/.local/lib/python3.12/site-packages/airflow/example_dags/example_branch_labels.py
[2024-10-21T23:09:09.894+0000] {logging_mixin.py:188} INFO - [2024-10-21T23:09:09.893+0000] {dag.py:3096} INFO - Sync 1 DAGs
[2024-10-21T23:09:09.918+0000] {logging_mixin.py:188} INFO - [2024-10-21T23:09:09.918+0000] {dag.py:3954} INFO - Setting next_dagrun for example_branch_labels to 2024-10-20 00:00:00+00:00, run_after=2024-10-21 00:00:00+00:00
[2024-10-21T23:09:09.938+0000] {processor.py:183} INFO - Processing /home/airflow/.local/lib/python3.12/site-packages/airflow/example_dags/example_branch_labels.py took 0.133 seconds
[2024-10-21T23:09:40.582+0000] {processor.py:161} INFO - Started process (PID=102) to work on /home/airflow/.local/lib/python3.12/site-packages/airflow/example_dags/example_branch_labels.py
[2024-10-21T23:09:40.584+0000] {processor.py:830} INFO - Processing file /home/airflow/.local/lib/python3.12/site-packages/airflow/example_dags/example_branch_labels.py for tasks to queue
[2024-10-21T23:09:40.588+0000] {logging_mixin.py:188} INFO - [2024-10-21T23:09:40.588+0000] {dagbag.py:545} INFO - Filling up the DagBag from /home/airflow/.local/lib/python3.12/site-packages/airflow/example_dags/example_branch_labels.py
[2024-10-21T23:09:40.598+0000] {processor.py:840} INFO - DAG(s) 'example_branch_labels' retrieved from /home/airflow/.local/lib/python3.12/site-packages/airflow/example_dags/example_branch_labels.py
[2024-10-21T23:09:40.761+0000] {logging_mixin.py:188} INFO - [2024-10-21T23:09:40.761+0000] {dag.py:3096} INFO - Sync 1 DAGs
[2024-10-21T23:09:40.773+0000] {logging_mixin.py:188} INFO - [2024-10-21T23:09:40.773+0000] {dag.py:3954} INFO - Setting next_dagrun for example_branch_labels to 2024-10-20 00:00:00+00:00, run_after=2024-10-21 00:00:00+00:00
[2024-10-21T23:09:40.786+0000] {processor.py:183} INFO - Processing /home/airflow/.local/lib/python3.12/site-packages/airflow/example_dags/example_branch_labels.py took 0.223 seconds
[2024-10-21T23:10:11.646+0000] {processor.py:161} INFO - Started process (PID=163) to work on /home/airflow/.local/lib/python3.12/site-packages/airflow/example_dags/example_branch_labels.py
[2024-10-21T23:10:11.648+0000] {processor.py:830} INFO - Processing file /home/airflow/.local/lib/python3.12/site-packages/airflow/example_dags/example_branch_labels.py for tasks to queue
[2024-10-21T23:10:11.650+0000] {logging_mixin.py:188} INFO - [2024-10-21T23:10:11.649+0000] {dagbag.py:545} INFO - Filling up the DagBag from /home/airflow/.local/lib/python3.12/site-packages/airflow/example_dags/example_branch_labels.py
[2024-10-21T23:10:11.663+0000] {processor.py:840} INFO - DAG(s) 'example_branch_labels' retrieved from /home/airflow/.local/lib/python3.12/site-packages/airflow/example_dags/example_branch_labels.py
[2024-10-21T23:10:11.702+0000] {logging_mixin.py:188} INFO - [2024-10-21T23:10:11.702+0000] {dag.py:3096} INFO - Sync 1 DAGs
[2024-10-21T23:10:11.718+0000] {logging_mixin.py:188} INFO - [2024-10-21T23:10:11.718+0000] {dag.py:3954} INFO - Setting next_dagrun for example_branch_labels to 2024-10-20 00:00:00+00:00, run_after=2024-10-21 00:00:00+00:00
[2024-10-21T23:10:11.743+0000] {processor.py:183} INFO - Processing /home/airflow/.local/lib/python3.12/site-packages/airflow/example_dags/example_branch_labels.py took 0.103 seconds
