[2024-10-21T23:09:13.113+0000] {processor.py:161} INFO - Started process (PID=82) to work on /home/airflow/.local/lib/python3.12/site-packages/airflow/example_dags/example_short_circuit_decorator.py
[2024-10-21T23:09:13.114+0000] {processor.py:830} INFO - Processing file /home/airflow/.local/lib/python3.12/site-packages/airflow/example_dags/example_short_circuit_decorator.py for tasks to queue
[2024-10-21T23:09:13.116+0000] {logging_mixin.py:188} INFO - [2024-10-21T23:09:13.115+0000] {dagbag.py:545} INFO - Filling up the DagBag from /home/airflow/.local/lib/python3.12/site-packages/airflow/example_dags/example_short_circuit_decorator.py
[2024-10-21T23:09:13.125+0000] {processor.py:840} INFO - DAG(s) 'example_short_circuit_decorator' retrieved from /home/airflow/.local/lib/python3.12/site-packages/airflow/example_dags/example_short_circuit_decorator.py
[2024-10-21T23:09:13.134+0000] {logging_mixin.py:188} INFO - [2024-10-21T23:09:13.134+0000] {dag.py:3096} INFO - Sync 1 DAGs
[2024-10-21T23:09:13.146+0000] {logging_mixin.py:188} INFO - [2024-10-21T23:09:13.146+0000] {dag.py:3954} INFO - Setting next_dagrun for example_short_circuit_decorator to 2024-10-20 00:00:00+00:00, run_after=2024-10-21 00:00:00+00:00
[2024-10-21T23:09:13.170+0000] {processor.py:183} INFO - Processing /home/airflow/.local/lib/python3.12/site-packages/airflow/example_dags/example_short_circuit_decorator.py took 0.061 seconds
[2024-10-21T23:09:43.838+0000] {processor.py:161} INFO - Started process (PID=142) to work on /home/airflow/.local/lib/python3.12/site-packages/airflow/example_dags/example_short_circuit_decorator.py
[2024-10-21T23:09:43.839+0000] {processor.py:830} INFO - Processing file /home/airflow/.local/lib/python3.12/site-packages/airflow/example_dags/example_short_circuit_decorator.py for tasks to queue
[2024-10-21T23:09:43.841+0000] {logging_mixin.py:188} INFO - [2024-10-21T23:09:43.841+0000] {dagbag.py:545} INFO - Filling up the DagBag from /home/airflow/.local/lib/python3.12/site-packages/airflow/example_dags/example_short_circuit_decorator.py
[2024-10-21T23:09:43.845+0000] {processor.py:840} INFO - DAG(s) 'example_short_circuit_decorator' retrieved from /home/airflow/.local/lib/python3.12/site-packages/airflow/example_dags/example_short_circuit_decorator.py
[2024-10-21T23:09:43.898+0000] {logging_mixin.py:188} INFO - [2024-10-21T23:09:43.898+0000] {dag.py:3096} INFO - Sync 1 DAGs
[2024-10-21T23:09:43.907+0000] {logging_mixin.py:188} INFO - [2024-10-21T23:09:43.907+0000] {dag.py:3954} INFO - Setting next_dagrun for example_short_circuit_decorator to 2024-10-20 00:00:00+00:00, run_after=2024-10-21 00:00:00+00:00
[2024-10-21T23:09:43.921+0000] {processor.py:183} INFO - Processing /home/airflow/.local/lib/python3.12/site-packages/airflow/example_dags/example_short_circuit_decorator.py took 0.086 seconds
[2024-10-21T23:10:13.987+0000] {processor.py:161} INFO - Started process (PID=202) to work on /home/airflow/.local/lib/python3.12/site-packages/airflow/example_dags/example_short_circuit_decorator.py
[2024-10-21T23:10:13.988+0000] {processor.py:830} INFO - Processing file /home/airflow/.local/lib/python3.12/site-packages/airflow/example_dags/example_short_circuit_decorator.py for tasks to queue
[2024-10-21T23:10:13.989+0000] {logging_mixin.py:188} INFO - [2024-10-21T23:10:13.989+0000] {dagbag.py:545} INFO - Filling up the DagBag from /home/airflow/.local/lib/python3.12/site-packages/airflow/example_dags/example_short_circuit_decorator.py
[2024-10-21T23:10:13.994+0000] {processor.py:840} INFO - DAG(s) 'example_short_circuit_decorator' retrieved from /home/airflow/.local/lib/python3.12/site-packages/airflow/example_dags/example_short_circuit_decorator.py
[2024-10-21T23:10:14.008+0000] {logging_mixin.py:188} INFO - [2024-10-21T23:10:14.008+0000] {dag.py:3096} INFO - Sync 1 DAGs
[2024-10-21T23:10:14.020+0000] {logging_mixin.py:188} INFO - [2024-10-21T23:10:14.020+0000] {dag.py:3954} INFO - Setting next_dagrun for example_short_circuit_decorator to 2024-10-20 00:00:00+00:00, run_after=2024-10-21 00:00:00+00:00
[2024-10-21T23:10:14.027+0000] {processor.py:183} INFO - Processing /home/airflow/.local/lib/python3.12/site-packages/airflow/example_dags/example_short_circuit_decorator.py took 0.043 seconds
