[2024-10-21T23:09:13.214+0000] {processor.py:161} INFO - Started process (PID=85) to work on /home/airflow/.local/lib/python3.12/site-packages/airflow/example_dags/tutorial.py
[2024-10-21T23:09:13.215+0000] {processor.py:830} INFO - Processing file /home/airflow/.local/lib/python3.12/site-packages/airflow/example_dags/tutorial.py for tasks to queue
[2024-10-21T23:09:13.216+0000] {logging_mixin.py:188} INFO - [2024-10-21T23:09:13.216+0000] {dagbag.py:545} INFO - Filling up the DagBag from /home/airflow/.local/lib/python3.12/site-packages/airflow/example_dags/tutorial.py
[2024-10-21T23:09:13.223+0000] {processor.py:840} INFO - DAG(s) 'tutorial' retrieved from /home/airflow/.local/lib/python3.12/site-packages/airflow/example_dags/tutorial.py
[2024-10-21T23:09:13.233+0000] {logging_mixin.py:188} INFO - [2024-10-21T23:09:13.232+0000] {dag.py:3096} INFO - Sync 1 DAGs
[2024-10-21T23:09:13.245+0000] {logging_mixin.py:188} INFO - [2024-10-21T23:09:13.245+0000] {dag.py:3954} INFO - Setting next_dagrun for tutorial to 2024-10-20 00:00:00+00:00, run_after=2024-10-21 00:00:00+00:00
[2024-10-21T23:09:13.255+0000] {processor.py:183} INFO - Processing /home/airflow/.local/lib/python3.12/site-packages/airflow/example_dags/tutorial.py took 0.046 seconds
[2024-10-21T23:09:43.997+0000] {processor.py:161} INFO - Started process (PID=151) to work on /home/airflow/.local/lib/python3.12/site-packages/airflow/example_dags/tutorial.py
[2024-10-21T23:09:43.999+0000] {processor.py:830} INFO - Processing file /home/airflow/.local/lib/python3.12/site-packages/airflow/example_dags/tutorial.py for tasks to queue
[2024-10-21T23:09:43.999+0000] {logging_mixin.py:188} INFO - [2024-10-21T23:09:43.999+0000] {dagbag.py:545} INFO - Filling up the DagBag from /home/airflow/.local/lib/python3.12/site-packages/airflow/example_dags/tutorial.py
[2024-10-21T23:09:44.002+0000] {processor.py:840} INFO - DAG(s) 'tutorial' retrieved from /home/airflow/.local/lib/python3.12/site-packages/airflow/example_dags/tutorial.py
[2024-10-21T23:09:44.051+0000] {logging_mixin.py:188} INFO - [2024-10-21T23:09:44.051+0000] {dag.py:3096} INFO - Sync 1 DAGs
[2024-10-21T23:09:44.061+0000] {logging_mixin.py:188} INFO - [2024-10-21T23:09:44.061+0000] {dag.py:3954} INFO - Setting next_dagrun for tutorial to 2024-10-20 00:00:00+00:00, run_after=2024-10-21 00:00:00+00:00
[2024-10-21T23:09:44.071+0000] {processor.py:183} INFO - Processing /home/airflow/.local/lib/python3.12/site-packages/airflow/example_dags/tutorial.py took 0.076 seconds
[2024-10-21T23:10:14.084+0000] {processor.py:161} INFO - Started process (PID=211) to work on /home/airflow/.local/lib/python3.12/site-packages/airflow/example_dags/tutorial.py
[2024-10-21T23:10:14.085+0000] {processor.py:830} INFO - Processing file /home/airflow/.local/lib/python3.12/site-packages/airflow/example_dags/tutorial.py for tasks to queue
[2024-10-21T23:10:14.086+0000] {logging_mixin.py:188} INFO - [2024-10-21T23:10:14.086+0000] {dagbag.py:545} INFO - Filling up the DagBag from /home/airflow/.local/lib/python3.12/site-packages/airflow/example_dags/tutorial.py
[2024-10-21T23:10:14.088+0000] {processor.py:840} INFO - DAG(s) 'tutorial' retrieved from /home/airflow/.local/lib/python3.12/site-packages/airflow/example_dags/tutorial.py
[2024-10-21T23:10:14.098+0000] {logging_mixin.py:188} INFO - [2024-10-21T23:10:14.097+0000] {dag.py:3096} INFO - Sync 1 DAGs
[2024-10-21T23:10:14.106+0000] {logging_mixin.py:188} INFO - [2024-10-21T23:10:14.106+0000] {dag.py:3954} INFO - Setting next_dagrun for tutorial to 2024-10-20 00:00:00+00:00, run_after=2024-10-21 00:00:00+00:00
[2024-10-21T23:10:14.113+0000] {processor.py:183} INFO - Processing /home/airflow/.local/lib/python3.12/site-packages/airflow/example_dags/tutorial.py took 0.031 seconds
