[2024-11-01T02:56:52.647+0000] {manager.py:470} INFO - Processing files using up to 2 processes at a time 
[2024-11-01T02:56:52.651+0000] {manager.py:471} INFO - Process each file at most once every 30 seconds
[2024-11-01T02:56:52.651+0000] {manager.py:472} INFO - Checking for new files in /opt/airflow/dags every 300 seconds
[2024-11-01T02:56:52.651+0000] {manager.py:737} INFO - Searching for files in /opt/airflow/dags
[2024-11-01T02:56:52.702+0000] {manager.py:740} INFO - There are 1 files in /opt/airflow/dags
[2024-11-01T02:56:52.761+0000] {manager.py:878} INFO - 
================================================================================
DAG File Processing Stats

File Path                          PID  Runtime      # DAGs    # Errors  Last Runtime    Last Run
-------------------------------  -----  ---------  --------  ----------  --------------  ----------
/opt/airflow/dags/dag_script.py     95  0.03s             0           0
================================================================================
[2024-11-01T02:57:23.008+0000] {manager.py:878} INFO - 
================================================================================
DAG File Processing Stats

File Path                        PID    Runtime      # DAGs    # Errors  Last Runtime    Last Run
-------------------------------  -----  ---------  --------  ----------  --------------  -------------------
/opt/airflow/dags/dag_script.py                           0           1  2.07s           2024-11-01T02:56:54
================================================================================
[2024-11-01T02:57:53.364+0000] {manager.py:878} INFO - 
================================================================================
DAG File Processing Stats

File Path                        PID    Runtime      # DAGs    # Errors  Last Runtime    Last Run
-------------------------------  -----  ---------  --------  ----------  --------------  -------------------
/opt/airflow/dags/dag_script.py                           0           1  1.35s           2024-11-01T02:57:26
================================================================================
[2024-11-01T02:58:00.053+0000] {manager.py:452} INFO - Exiting gracefully upon receiving signal 15
[2024-11-01T03:00:08.752+0000] {manager.py:470} INFO - Processing files using up to 2 processes at a time 
[2024-11-01T03:00:08.755+0000] {manager.py:471} INFO - Process each file at most once every 30 seconds
[2024-11-01T03:00:08.758+0000] {manager.py:472} INFO - Checking for new files in /opt/airflow/dags every 300 seconds
[2024-11-01T03:00:08.763+0000] {manager.py:737} INFO - Searching for files in /opt/airflow/dags
[2024-11-01T03:00:08.841+0000] {manager.py:740} INFO - There are 1 files in /opt/airflow/dags
[2024-11-01T03:00:09.070+0000] {manager.py:878} INFO - 
================================================================================
DAG File Processing Stats

File Path                          PID  Runtime      # DAGs    # Errors  Last Runtime    Last Run
-------------------------------  -----  ---------  --------  ----------  --------------  ----------
/opt/airflow/dags/dag_script.py     94  0.11s             0           0
================================================================================
[2024-11-01T03:00:39.268+0000] {manager.py:878} INFO - 
================================================================================
DAG File Processing Stats

File Path                        PID    Runtime      # DAGs    # Errors  Last Runtime    Last Run
-------------------------------  -----  ---------  --------  ----------  --------------  -------------------
/opt/airflow/dags/dag_script.py                           1           0  4.74s           2024-11-01T03:00:13
================================================================================
[2024-11-01T03:01:09.543+0000] {manager.py:878} INFO - 
================================================================================
DAG File Processing Stats

File Path                        PID    Runtime      # DAGs    # Errors  Last Runtime    Last Run
-------------------------------  -----  ---------  --------  ----------  --------------  -------------------
/opt/airflow/dags/dag_script.py                           1           0  1.79s           2024-11-01T03:00:45
================================================================================
[2024-11-01T03:01:39.605+0000] {manager.py:878} INFO - 
================================================================================
DAG File Processing Stats

File Path                        PID    Runtime      # DAGs    # Errors  Last Runtime    Last Run
-------------------------------  -----  ---------  --------  ----------  --------------  -------------------
/opt/airflow/dags/dag_script.py                           1           0  1.40s           2024-11-01T03:01:17
================================================================================
[2024-11-01T03:02:09.911+0000] {manager.py:878} INFO - 
================================================================================
DAG File Processing Stats

File Path                        PID    Runtime      # DAGs    # Errors  Last Runtime    Last Run
-------------------------------  -----  ---------  --------  ----------  --------------  -------------------
/opt/airflow/dags/dag_script.py                           1           0  1.05s           2024-11-01T03:01:48
================================================================================
[2024-11-01T03:02:40.006+0000] {manager.py:452} INFO - Exiting gracefully upon receiving signal 15
