[2024-11-01T03:01:16.871+0000] {local_task_job_runner.py:120} INFO - ::group::Pre task execution logs
[2024-11-01T03:01:16.903+0000] {taskinstance.py:2076} INFO - Dependencies all met for dep_context=non-requeueable deps ti=<TaskInstance: datapipeline_new.check_schema_of_original_air_data manual__2024-11-01T03:00:58.708970+00:00 [queued]>
[2024-11-01T03:01:16.909+0000] {taskinstance.py:2076} INFO - Dependencies all met for dep_context=requeueable deps ti=<TaskInstance: datapipeline_new.check_schema_of_original_air_data manual__2024-11-01T03:00:58.708970+00:00 [queued]>
[2024-11-01T03:01:16.909+0000] {taskinstance.py:2306} INFO - Starting attempt 1 of 2
[2024-11-01T03:01:16.917+0000] {taskinstance.py:2330} INFO - Executing <Task(PythonOperator): check_schema_of_original_air_data> on 2024-11-01 03:00:58.708970+00:00
[2024-11-01T03:01:16.945+0000] {warnings.py:112} WARNING - /home/***/.local/lib/python3.12/site-packages/***/task/task_runner/standard_task_runner.py:61: DeprecationWarning: This process (pid=148) is multi-threaded, use of fork() may lead to deadlocks in the child.
  pid = os.fork()

[2024-11-01T03:01:16.946+0000] {standard_task_runner.py:63} INFO - Started process 157 to run task
[2024-11-01T03:01:16.947+0000] {standard_task_runner.py:90} INFO - Running: ['***', 'tasks', 'run', 'datapipeline_new', 'check_schema_of_original_air_data', 'manual__2024-11-01T03:00:58.708970+00:00', '--job-id', '31', '--raw', '--subdir', 'DAGS_FOLDER/dag_script.py', '--cfg-path', '/tmp/tmpsvxg252a']
[2024-11-01T03:01:16.949+0000] {standard_task_runner.py:91} INFO - Job 31: Subtask check_schema_of_original_air_data
[2024-11-01T03:01:17.384+0000] {task_command.py:426} INFO - Running <TaskInstance: datapipeline_new.check_schema_of_original_air_data manual__2024-11-01T03:00:58.708970+00:00 [running]> on host 58341985385a
[2024-11-01T03:01:17.420+0000] {taskinstance.py:2648} INFO - Exporting env vars: AIRFLOW_CTX_DAG_OWNER='MLOPS' AIRFLOW_CTX_DAG_ID='datapipeline_new' AIRFLOW_CTX_TASK_ID='check_schema_of_original_air_data' AIRFLOW_CTX_EXECUTION_DATE='2024-11-01T03:00:58.708970+00:00' AIRFLOW_CTX_TRY_NUMBER='1' AIRFLOW_CTX_DAG_RUN_ID='manual__2024-11-01T03:00:58.708970+00:00'
[2024-11-01T03:01:17.420+0000] {taskinstance.py:430} INFO - ::endgroup::
[2024-11-01T03:01:17.437+0000] {check_schema_original_airpollution.py:94} INFO - Loaded dataset from /opt/***/dags/DataPreprocessing/src/data_store_pkl_files/air_pollution.pkl
[2024-11-01T03:01:17.437+0000] {logging_mixin.py:188} INFO - <zip object at 0xffff7a37d280>
[2024-11-01T03:01:17.463+0000] {check_schema_original_airpollution.py:89} INFO - Data saved to /opt/***/dags/custom_schema_generated_from_api.json
[2024-11-01T03:01:17.464+0000] {check_schema_original_airpollution.py:89} INFO - Data saved to /opt/***/dags/air_pollution_stats.json
[2024-11-01T03:01:17.464+0000] {python.py:237} INFO - Done. Returned value was: None
[2024-11-01T03:01:17.464+0000] {taskinstance.py:441} INFO - ::group::Post task execution logs
[2024-11-01T03:01:17.468+0000] {taskinstance.py:1206} INFO - Marking task as SUCCESS. dag_id=datapipeline_new, task_id=check_schema_of_original_air_data, run_id=manual__2024-11-01T03:00:58.708970+00:00, execution_date=20241101T030058, start_date=20241101T030116, end_date=20241101T030117
[2024-11-01T03:01:17.497+0000] {local_task_job_runner.py:240} INFO - Task exited with return code 0
[2024-11-01T03:01:17.621+0000] {taskinstance.py:3503} INFO - 1 downstream tasks scheduled from follow-on schedule check
[2024-11-01T03:01:17.623+0000] {local_task_job_runner.py:222} INFO - ::endgroup::
