[2024-10-31T16:09:40.552+0000] {local_task_job_runner.py:120} INFO - ::group::Pre task execution logs
[2024-10-31T16:09:40.575+0000] {taskinstance.py:2076} INFO - Dependencies all met for dep_context=non-requeueable deps ti=<TaskInstance: datapipeline_new.anamolies_vals_train manual__2024-10-31T16:09:16.507457+00:00 [queued]>
[2024-10-31T16:09:40.582+0000] {taskinstance.py:2076} INFO - Dependencies all met for dep_context=requeueable deps ti=<TaskInstance: datapipeline_new.anamolies_vals_train manual__2024-10-31T16:09:16.507457+00:00 [queued]>
[2024-10-31T16:09:40.583+0000] {taskinstance.py:2306} INFO - Starting attempt 1 of 2
[2024-10-31T16:09:40.592+0000] {taskinstance.py:2330} INFO - Executing <Task(PythonOperator): anamolies_vals_train> on 2024-10-31 16:09:16.507457+00:00
[2024-10-31T16:09:40.601+0000] {warnings.py:112} WARNING - /home/***/.local/lib/python3.12/site-packages/***/task/task_runner/standard_task_runner.py:61: DeprecationWarning: This process (pid=227) is multi-threaded, use of fork() may lead to deadlocks in the child.
  pid = os.fork()

[2024-10-31T16:09:40.603+0000] {standard_task_runner.py:63} INFO - Started process 245 to run task
[2024-10-31T16:09:40.602+0000] {standard_task_runner.py:90} INFO - Running: ['***', 'tasks', 'run', 'datapipeline_new', 'anamolies_vals_train', 'manual__2024-10-31T16:09:16.507457+00:00', '--job-id', '115', '--raw', '--subdir', 'DAGS_FOLDER/dag_script.py', '--cfg-path', '/tmp/tmpq6up_0tt']
[2024-10-31T16:09:40.604+0000] {standard_task_runner.py:91} INFO - Job 115: Subtask anamolies_vals_train
[2024-10-31T16:09:40.886+0000] {task_command.py:426} INFO - Running <TaskInstance: datapipeline_new.anamolies_vals_train manual__2024-10-31T16:09:16.507457+00:00 [running]> on host 8b35fed25b46
[2024-10-31T16:09:40.918+0000] {taskinstance.py:2648} INFO - Exporting env vars: AIRFLOW_CTX_DAG_OWNER='MLOPS' AIRFLOW_CTX_DAG_ID='datapipeline_new' AIRFLOW_CTX_TASK_ID='anamolies_vals_train' AIRFLOW_CTX_EXECUTION_DATE='2024-10-31T16:09:16.507457+00:00' AIRFLOW_CTX_TRY_NUMBER='1' AIRFLOW_CTX_DAG_RUN_ID='manual__2024-10-31T16:09:16.507457+00:00'
[2024-10-31T16:09:40.919+0000] {taskinstance.py:430} INFO - ::endgroup::
[2024-10-31T16:09:40.926+0000] {logging_mixin.py:188} INFO - Data loaded from /opt/***/dags/DataPreprocessing/src/data_store_pkl_files/train_data/no_null_train_data.pkl.
[2024-10-31T16:09:40.929+0000] {logging_mixin.py:188} INFO - Outliers in 'pm25' replaced with median value 5.7.
[2024-10-31T16:09:40.930+0000] {logging_mixin.py:188} INFO - Negative values in 'pm25' replaced with 0.
[2024-10-31T16:09:40.932+0000] {logging_mixin.py:188} INFO - Cleaned DataFrame saved as '/opt/***/dags/DataPreprocessing/src/data_store_pkl_files/train_data/no_anamoly_train_data.pkl'.
[2024-10-31T16:09:40.932+0000] {python.py:237} INFO - Done. Returned value was: None
[2024-10-31T16:09:40.933+0000] {taskinstance.py:441} INFO - ::group::Post task execution logs
[2024-10-31T16:09:40.936+0000] {taskinstance.py:1206} INFO - Marking task as SUCCESS. dag_id=datapipeline_new, task_id=anamolies_vals_train, run_id=manual__2024-10-31T16:09:16.507457+00:00, execution_date=20241031T160916, start_date=20241031T160940, end_date=20241031T160940
[2024-10-31T16:09:40.952+0000] {local_task_job_runner.py:240} INFO - Task exited with return code 0
[2024-10-31T16:09:41.064+0000] {taskinstance.py:3503} INFO - 1 downstream tasks scheduled from follow-on schedule check
[2024-10-31T16:09:41.065+0000] {local_task_job_runner.py:222} INFO - ::endgroup::
