[2024-11-05T01:23:03.512+0000] {local_task_job_runner.py:120} INFO - ::group::Pre task execution logs
[2024-11-05T01:23:03.832+0000] {taskinstance.py:2076} INFO - Dependencies all met for dep_context=non-requeueable deps ti=<TaskInstance: datapipeline_new.pivot_data_train manual__2024-11-05T01:22:21.867548+00:00 [queued]>
[2024-11-05T01:23:03.843+0000] {taskinstance.py:2076} INFO - Dependencies all met for dep_context=requeueable deps ti=<TaskInstance: datapipeline_new.pivot_data_train manual__2024-11-05T01:22:21.867548+00:00 [queued]>
[2024-11-05T01:23:03.844+0000] {taskinstance.py:2306} INFO - Starting attempt 1 of 2
[2024-11-05T01:23:03.856+0000] {taskinstance.py:2330} INFO - Executing <Task(PythonOperator): pivot_data_train> on 2024-11-05 01:22:21.867548+00:00
[2024-11-05T01:23:03.887+0000] {warnings.py:112} WARNING - /home/***/.local/lib/python3.12/site-packages/***/task/task_runner/standard_task_runner.py:61: DeprecationWarning: This process (pid=245) is multi-threaded, use of fork() may lead to deadlocks in the child.
  pid = os.fork()

[2024-11-05T01:23:03.890+0000] {standard_task_runner.py:63} INFO - Started process 254 to run task
[2024-11-05T01:23:03.895+0000] {standard_task_runner.py:90} INFO - Running: ['***', 'tasks', 'run', 'datapipeline_new', 'pivot_data_train', 'manual__2024-11-05T01:22:21.867548+00:00', '--job-id', '150', '--raw', '--subdir', 'DAGS_FOLDER/dag_script.py', '--cfg-path', '/tmp/tmpna8cf30i']
[2024-11-05T01:23:03.900+0000] {standard_task_runner.py:91} INFO - Job 150: Subtask pivot_data_train
[2024-11-05T01:23:03.967+0000] {task_command.py:426} INFO - Running <TaskInstance: datapipeline_new.pivot_data_train manual__2024-11-05T01:22:21.867548+00:00 [running]> on host b260d3fe343d
[2024-11-05T01:23:04.031+0000] {taskinstance.py:2648} INFO - Exporting env vars: AIRFLOW_CTX_DAG_OWNER='MLOPS' AIRFLOW_CTX_DAG_ID='datapipeline_new' AIRFLOW_CTX_TASK_ID='pivot_data_train' AIRFLOW_CTX_EXECUTION_DATE='2024-11-05T01:22:21.867548+00:00' AIRFLOW_CTX_TRY_NUMBER='1' AIRFLOW_CTX_DAG_RUN_ID='manual__2024-11-05T01:22:21.867548+00:00'
[2024-11-05T01:23:04.032+0000] {taskinstance.py:430} INFO - ::endgroup::
[2024-11-05T01:23:04.065+0000] {pivoting_data.py:23} INFO - Data loaded from /opt/***/dags/DataPreprocessing/src/data_store_pkl_files/train_data/train_data.pkl
[2024-11-05T01:23:04.066+0000] {pivoting_data.py:35} INFO - All necessary columns are present.
[2024-11-05T01:23:04.092+0000] {pivoting_data.py:62} INFO - Date column processed successfully.
[2024-11-05T01:23:04.123+0000] {pivoting_data.py:70} INFO - Data pivoted successfully.
[2024-11-05T01:23:04.125+0000] {pivoting_data.py:76} INFO - Pivoted DataFrame saved as '/opt/***/dags/DataPreprocessing/src/data_store_pkl_files/train_data/pivoted_train_data.pkl'.
[2024-11-05T01:23:04.125+0000] {pivoting_data.py:101} INFO - Data processing and pivoting completed successfully.
[2024-11-05T01:23:04.125+0000] {python.py:237} INFO - Done. Returned value was: []
[2024-11-05T01:23:04.125+0000] {taskinstance.py:441} INFO - ::group::Post task execution logs
[2024-11-05T01:23:04.138+0000] {taskinstance.py:1206} INFO - Marking task as SUCCESS. dag_id=datapipeline_new, task_id=pivot_data_train, run_id=manual__2024-11-05T01:22:21.867548+00:00, execution_date=20241105T012221, start_date=20241105T012303, end_date=20241105T012304
[2024-11-05T01:23:04.162+0000] {local_task_job_runner.py:240} INFO - Task exited with return code 0
[2024-11-05T01:23:04.174+0000] {local_task_job_runner.py:222} INFO - ::endgroup::
