[2024-11-12T19:10:31.848+0000] {local_task_job_runner.py:120} INFO - ::group::Pre task execution logs
[2024-11-12T19:10:31.858+0000] {taskinstance.py:2076} INFO - Dependencies all met for dep_context=non-requeueable deps ti=<TaskInstance: modeling_pipeline.Best_Model manual__2024-11-12T19:03:51.570379+00:00 [queued]>
[2024-11-12T19:10:31.861+0000] {taskinstance.py:2076} INFO - Dependencies all met for dep_context=requeueable deps ti=<TaskInstance: modeling_pipeline.Best_Model manual__2024-11-12T19:03:51.570379+00:00 [queued]>
[2024-11-12T19:10:31.861+0000] {taskinstance.py:2306} INFO - Starting attempt 1 of 2
[2024-11-12T19:10:31.866+0000] {taskinstance.py:2330} INFO - Executing <Task(PythonOperator): Best_Model> on 2024-11-12 19:03:51.570379+00:00
[2024-11-12T19:10:31.872+0000] {warnings.py:112} WARNING - /home/***/.local/lib/python3.12/site-packages/***/task/task_runner/standard_task_runner.py:61: DeprecationWarning: This process (pid=706) is multi-threaded, use of fork() may lead to deadlocks in the child.
  pid = os.fork()

[2024-11-12T19:10:31.873+0000] {standard_task_runner.py:63} INFO - Started process 715 to run task
[2024-11-12T19:10:31.874+0000] {standard_task_runner.py:90} INFO - Running: ['***', 'tasks', 'run', 'modeling_pipeline', 'Best_Model', 'manual__2024-11-12T19:03:51.570379+00:00', '--job-id', '1170', '--raw', '--subdir', 'DAGS_FOLDER/dag_script_model.py', '--cfg-path', '/tmp/tmpxfafkhpq']
[2024-11-12T19:10:31.875+0000] {standard_task_runner.py:91} INFO - Job 1170: Subtask Best_Model
[2024-11-12T19:10:31.896+0000] {task_command.py:426} INFO - Running <TaskInstance: modeling_pipeline.Best_Model manual__2024-11-12T19:03:51.570379+00:00 [running]> on host 9919a500f6fd
[2024-11-12T19:10:31.940+0000] {taskinstance.py:2648} INFO - Exporting env vars: AIRFLOW_CTX_DAG_OWNER='MLOPS' AIRFLOW_CTX_DAG_ID='modeling_pipeline' AIRFLOW_CTX_TASK_ID='Best_Model' AIRFLOW_CTX_EXECUTION_DATE='2024-11-12T19:03:51.570379+00:00' AIRFLOW_CTX_TRY_NUMBER='1' AIRFLOW_CTX_DAG_RUN_ID='manual__2024-11-12T19:03:51.570379+00:00'
[2024-11-12T19:10:31.940+0000] {taskinstance.py:430} INFO - ::endgroup::
[2024-11-12T19:10:31.992+0000] {logging_mixin.py:188} INFO - Best model found in experiment 'PM2.5 XGBoost Prediction' with run ID 'a35a9bc3ddda4795b6579457352676fe'
[2024-11-12T19:10:31.992+0000] {logging_mixin.py:188} INFO - Validation RMSE: 0.9685765167761742
[2024-11-12T19:10:32.145+0000] {logging_mixin.py:188} INFO - Random - RMSE: 1.0013285295613887, Bias Score: inf, Combined Score: inf
[2024-11-12T19:10:32.145+0000] {logging_mixin.py:188} INFO - XGBoost - RMSE: 0.9685765167761742, Bias Score: 0, Combined Score: 0.4842882583880871
[2024-11-12T19:10:32.146+0000] {logging_mixin.py:188} INFO - Prophet - RMSE: 4.997330810283877, Bias Score: 0, Combined Score: 2.4986654051419386
[2024-11-12T19:10:32.146+0000] {logging_mixin.py:188} INFO - 
Best model selected: XGBoost with combined score: 0.4842882583880871
[2024-11-12T19:10:32.147+0000] {logging_mixin.py:188} INFO - XGBoost
[2024-11-12T19:10:32.148+0000] {logging_mixin.py:188} INFO - 0.4842882583880871
[2024-11-12T19:10:32.148+0000] {logging_mixin.py:188} INFO - {'Random Forest Bias Evaluation': {'MAE_hour': {'value': 2.9610290853843124, 'run_id': 'c7a3f9ba00d64febba7c436d2dbc8939'}, 'RMSE_hour': {'value': 3.195404253006283, 'run_id': 'c7a3f9ba00d64febba7c436d2dbc8939'}, 'R2_hour': {'value': -2.34375528936878, 'run_id': 'c7a3f9ba00d64febba7c436d2dbc8939'}, 'MBE_hour': {'value': -2.9610290853843124, 'run_id': 'c7a3f9ba00d64febba7c436d2dbc8939'}, 'MAE_day_of_week': {'value': 2.9568912044769857, 'run_id': 'd2b2c6b9d442487b86e7adcbfa2b332e'}, 'RMSE_day_of_week': {'value': 3.1889222124874808, 'run_id': 'd2b2c6b9d442487b86e7adcbfa2b332e'}, 'R2_day_of_week': {'value': -2.358543111373094, 'run_id': 'd2b2c6b9d442487b86e7adcbfa2b332e'}, 'MBE_day_of_week': {'value': -2.9568912044769857, 'run_id': 'd2b2c6b9d442487b86e7adcbfa2b332e'}, 'MAE_month': {'value': 2.9826161823334627, 'run_id': 'aa9f1c5c4a524b0e84b7d13ab6fb8584'}, 'RMSE_month': {'value': 3.1965584346530687, 'run_id': 'aa9f1c5c4a524b0e84b7d13ab6fb8584'}, 'R2_month': {'value': -2.8100430436792156, 'run_id': 'aa9f1c5c4a524b0e84b7d13ab6fb8584'}, 'MBE_month': {'value': -2.9826161823334627, 'run_id': 'aa9f1c5c4a524b0e84b7d13ab6fb8584'}, 'MAE_season': {'value': 2.9737612819960955, 'run_id': '70e14aabaa8740fcb4f1d23d721cd046'}, 'RMSE_season': {'value': 3.1930184818325213, 'run_id': '70e14aabaa8740fcb4f1d23d721cd046'}, 'R2_season': {'value': -2.6036666405674787, 'run_id': '70e14aabaa8740fcb4f1d23d721cd046'}, 'MBE_season': {'value': -2.9737612819960955, 'run_id': '70e14aabaa8740fcb4f1d23d721cd046'}}, 'XGBoost Bias Evaluation': {'MAE_hour': {'value': 2.9721400449927917, 'run_id': '8523304dd7c34d9e861207ed1398e916'}, 'RMSE_hour': {'value': 3.2051083064446897, 'run_id': '8523304dd7c34d9e861207ed1398e916'}, 'R2_hour': {'value': -2.364153923578925, 'run_id': '8523304dd7c34d9e861207ed1398e916'}, 'MBE_hour': {'value': -2.9721400449927917, 'run_id': '8523304dd7c34d9e861207ed1398e916'}, 'MAE_day_of_week': {'value': 2.9679979526239566, 'run_id': '872a961e07b745f09facd4aec9744609'}, 'RMSE_day_of_week': {'value': 3.1986220223921533, 'run_id': '872a961e07b745f09facd4aec9744609'}, 'R2_day_of_week': {'value': -2.3790688548504915, 'run_id': '872a961e07b745f09facd4aec9744609'}, 'MBE_day_of_week': {'value': -2.9679979526239566, 'run_id': '872a961e07b745f09facd4aec9744609'}, 'MAE_month': {'value': 2.9936597745301605, 'run_id': '66306a05a5e44647becff26b0a46d458'}, 'RMSE_month': {'value': 3.2063036810447954, 'run_id': '66306a05a5e44647becff26b0a46d458'}, 'R2_month': {'value': -2.832878012532703, 'run_id': '66306a05a5e44647becff26b0a46d458'}, 'MBE_month': {'value': -2.9936597745301605, 'run_id': '66306a05a5e44647becff26b0a46d458'}, 'MAE_season': {'value': 2.9848149587459485, 'run_id': '5cc05342a158488ea8e1df138e81a0ab'}, 'RMSE_season': {'value': 3.2027492902823216, 'run_id': '5cc05342a158488ea8e1df138e81a0ab'}, 'R2_season': {'value': -2.625456410163504, 'run_id': '5cc05342a158488ea8e1df138e81a0ab'}, 'MBE_season': {'value': -2.9848149587459485, 'run_id': '5cc05342a158488ea8e1df138e81a0ab'}}, 'Prophet Bias Evaluation': {'MAE_hour': {'value': 2.7252934294373596, 'run_id': 'f9f513e1b16b4cf5868bb2821beacb9a'}, 'RMSE_hour': {'value': 3.20191529551535, 'run_id': 'f9f513e1b16b4cf5868bb2821beacb9a'}, 'R2_hour': {'value': -2.353095203861961, 'run_id': 'f9f513e1b16b4cf5868bb2821beacb9a'}, 'MBE_hour': {'value': -2.6803337940283924, 'run_id': 'f9f513e1b16b4cf5868bb2821beacb9a'}, 'MAE_day_of_week': {'value': 2.719477559289718, 'run_id': 'a1439731aebd4224bfcf43762510d8c4'}, 'RMSE_day_of_week': {'value': 3.191822751072683, 'run_id': 'a1439731aebd4224bfcf43762510d8c4'}, 'R2_day_of_week': {'value': -2.356328493811646, 'run_id': 'a1439731aebd4224bfcf43762510d8c4'}, 'MBE_day_of_week': {'value': -2.674927265523778, 'run_id': 'a1439731aebd4224bfcf43762510d8c4'}, 'MAE_month': {'value': 2.7495677572619646, 'run_id': '15b68de85c854745ba67f2a7677ad624'}, 'RMSE_month': {'value': 3.1945031681268294, 'run_id': '15b68de85c854745ba67f2a7677ad624'}, 'R2_month': {'value': -2.824610375863656, 'run_id': '15b68de85c854745ba67f2a7677ad624'}, 'MBE_month': {'value': -2.7069720911903157, 'run_id': '15b68de85c854745ba67f2a7677ad624'}, 'MAE_season': {'value': 2.740922623067834, 'run_id': 'e040ab5ef3f84cf7933184e312a5ef2c'}, 'RMSE_season': {'value': 3.1943040683593265, 'run_id': 'e040ab5ef3f84cf7933184e312a5ef2c'}, 'R2_season': {'value': -2.620710515550439, 'run_id': 'e040ab5ef3f84cf7933184e312a5ef2c'}, 'MBE_season': {'value': -2.6987266235677767, 'run_id': 'e040ab5ef3f84cf7933184e312a5ef2c'}}}
[2024-11-12T19:10:32.148+0000] {logging_mixin.py:188} INFO - {'Random': 1.0013285295613887, 'XGBoost': 0.9685765167761742, 'Prophet': 4.997330810283877}
[2024-11-12T19:10:32.148+0000] {logging_mixin.py:188} INFO - Best Experiment: PM2.5 XGBoost Prediction
[2024-11-12T19:10:32.148+0000] {logging_mixin.py:188} INFO - Best Run ID: a35a9bc3ddda4795b6579457352676fe
[2024-11-12T19:10:32.148+0000] {logging_mixin.py:188} INFO - Best RMSE: 0.9685765167761742
[2024-11-12T19:10:32.148+0000] {python.py:237} INFO - Done. Returned value was: None
[2024-11-12T19:10:32.149+0000] {taskinstance.py:441} INFO - ::group::Post task execution logs
[2024-11-12T19:10:32.152+0000] {taskinstance.py:1206} INFO - Marking task as SUCCESS. dag_id=modeling_pipeline, task_id=Best_Model, run_id=manual__2024-11-12T19:03:51.570379+00:00, execution_date=20241112T190351, start_date=20241112T191031, end_date=20241112T191032
[2024-11-12T19:10:32.153+0000] {baseoperator.py:400} WARNING - EmailOperator.execute cannot be called outside TaskInstance!
[2024-11-12T19:10:32.155+0000] {warnings.py:112} WARNING - /home/***/.local/lib/python3.12/site-packages/***/utils/email.py:154: RemovedInAirflow3Warning: Fetching SMTP credentials from configuration variables will be deprecated in a future release. Please set credentials using a connection instead.
  send_mime_email(e_from=mail_from, e_to=recipients, mime_msg=msg, conn_id=conn_id, dryrun=dryrun)

[2024-11-12T19:10:32.156+0000] {email.py:271} INFO - Email alerting: attempt 1
[2024-11-12T19:10:32.629+0000] {email.py:282} INFO - Sent an alert email to ['anirudhak881@gmail.com']
[2024-11-12T19:10:33.602+0000] {local_task_job_runner.py:240} INFO - Task exited with return code 0
[2024-11-12T19:10:33.624+0000] {taskinstance.py:3503} INFO - 1 downstream tasks scheduled from follow-on schedule check
[2024-11-12T19:10:33.625+0000] {local_task_job_runner.py:222} INFO - ::endgroup::
