[2024-11-12T03:22:16.821+0000] {local_task_job_runner.py:120} INFO - ::group::Pre task execution logs
[2024-11-12T03:22:16.836+0000] {taskinstance.py:2076} INFO - Dependencies all met for dep_context=non-requeueable deps ti=<TaskInstance: modeling_pipeline.Prophet_model_training manual__2024-11-12T03:22:11.859265+00:00 [queued]>
[2024-11-12T03:22:16.841+0000] {taskinstance.py:2076} INFO - Dependencies all met for dep_context=requeueable deps ti=<TaskInstance: modeling_pipeline.Prophet_model_training manual__2024-11-12T03:22:11.859265+00:00 [queued]>
[2024-11-12T03:22:16.842+0000] {taskinstance.py:2306} INFO - Starting attempt 1 of 2
[2024-11-12T03:22:16.850+0000] {taskinstance.py:2330} INFO - Executing <Task(PythonOperator): Prophet_model_training> on 2024-11-12 03:22:11.859265+00:00
[2024-11-12T03:22:16.874+0000] {warnings.py:112} WARNING - /home/***/.local/lib/python3.12/site-packages/***/task/task_runner/standard_task_runner.py:61: DeprecationWarning: This process (pid=80) is multi-threaded, use of fork() may lead to deadlocks in the child.
  pid = os.fork()

[2024-11-12T03:22:16.878+0000] {standard_task_runner.py:63} INFO - Started process 108 to run task
[2024-11-12T03:22:16.880+0000] {standard_task_runner.py:90} INFO - Running: ['***', 'tasks', 'run', 'modeling_pipeline', 'Prophet_model_training', 'manual__2024-11-12T03:22:11.859265+00:00', '--job-id', '1028', '--raw', '--subdir', 'DAGS_FOLDER/dag_script_model.py', '--cfg-path', '/tmp/tmp4n0ob6_4']
[2024-11-12T03:22:16.888+0000] {standard_task_runner.py:91} INFO - Job 1028: Subtask Prophet_model_training
[2024-11-12T03:22:16.933+0000] {task_command.py:426} INFO - Running <TaskInstance: modeling_pipeline.Prophet_model_training manual__2024-11-12T03:22:11.859265+00:00 [running]> on host 5039cd089413
[2024-11-12T03:22:16.993+0000] {taskinstance.py:2648} INFO - Exporting env vars: AIRFLOW_CTX_DAG_OWNER='MLOPS' AIRFLOW_CTX_DAG_ID='modeling_pipeline' AIRFLOW_CTX_TASK_ID='Prophet_model_training' AIRFLOW_CTX_EXECUTION_DATE='2024-11-12T03:22:11.859265+00:00' AIRFLOW_CTX_TRY_NUMBER='1' AIRFLOW_CTX_DAG_RUN_ID='manual__2024-11-12T03:22:11.859265+00:00'
[2024-11-12T03:22:16.994+0000] {taskinstance.py:430} INFO - ::endgroup::
[2024-11-12T03:22:17.025+0000] {logging_mixin.py:188} INFO - /opt/***
[2024-11-12T03:22:17.075+0000] {logging_mixin.py:188} WARNING - 2024/11/12 03:22:17 WARNING mlflow.utils.git_utils: Failed to import Git (the Git executable is probably not on your PATH), so Git SHA is not available. Error: Failed to initialize: Bad git executable.
The git executable must be specified in one of the following ways:
    - be included in your $PATH
    - be set via $GIT_PYTHON_GIT_EXECUTABLE
    - explicitly set via git.refresh(<full-path-to-git-executable>)

All git commands will error until this is rectified.

This initial message can be silenced or aggravated in the future by setting the
$GIT_PYTHON_REFRESH environment variable. Use one of the following values:
    - quiet|q|silence|s|silent|none|n|0: for no message or exception
    - warn|w|warning|log|l|1: for a warning message (logging level CRITICAL, displayed by default)
    - error|e|exception|raise|r|2: for a raised exception

Example:
    export GIT_PYTHON_REFRESH=quiet
[2024-11-12T03:22:17.290+0000] {forecaster.py:961} INFO - Disabling yearly seasonality. Run prophet with yearly_seasonality=True to override this.
[2024-11-12T03:22:17.462+0000] {filesystem.py:118} DEBUG - input tempfile: /tmp/tmp45w9c793/7sgd709e.json
[2024-11-12T03:22:18.417+0000] {filesystem.py:118} DEBUG - input tempfile: /tmp/tmp45w9c793/iwyugdh2.json
[2024-11-12T03:22:18.420+0000] {model.py:2042} DEBUG - idx 0
[2024-11-12T03:22:18.420+0000] {model.py:2043} DEBUG - running CmdStan, num_threads: None
[2024-11-12T03:22:18.420+0000] {model.py:2055} DEBUG - CmdStan args: ['/home/***/.local/lib/python3.12/site-packages/prophet/stan_model/prophet_model.bin', 'random', 'seed=5423', 'data', 'file=/tmp/tmp45w9c793/7sgd709e.json', 'init=/tmp/tmp45w9c793/iwyugdh2.json', 'output', 'file=/tmp/tmp45w9c793/prophet_modelo75nn4rr/prophet_model-20241112032218.csv', 'method=optimize', 'algorithm=lbfgs', 'iter=10000']
[2024-11-12T03:22:18.421+0000] {logging_mixin.py:188} WARNING - 03:22:18 - cmdstanpy - INFO - Chain [1] start processing
[2024-11-12T03:22:18.421+0000] {model.py:2058} INFO - Chain [1] start processing
[2024-11-12T03:22:21.934+0000] {logging_mixin.py:188} WARNING - 03:22:21 - cmdstanpy - INFO - Chain [1] done processing
[2024-11-12T03:22:21.928+0000] {model.py:2115} INFO - Chain [1] done processing
[2024-11-12T03:22:26.671+0000] {logging_mixin.py:188} WARNING - Downloading artifacts:   0%|          | 0/7 [00:00<?, ?it/s]
[2024-11-12T03:22:26.673+0000] {logging_mixin.py:188} WARNING - Downloading artifacts:  14%|#4        | 1/7 [00:00<00:00, 5825.42it/s]
[2024-11-12T03:22:26.673+0000] {logging_mixin.py:188} WARNING - Downloading artifacts:  29%|##8       | 2/7 [00:00<00:00, 4124.19it/s]
[2024-11-12T03:22:26.674+0000] {logging_mixin.py:188} WARNING - Downloading artifacts:  43%|####2     | 3/7 [00:00<00:00, 3582.83it/s]
[2024-11-12T03:22:26.674+0000] {logging_mixin.py:188} WARNING - Downloading artifacts:  57%|#####7    | 4/7 [00:00<00:00, 3723.31it/s]
[2024-11-12T03:22:26.674+0000] {logging_mixin.py:188} WARNING - Downloading artifacts:  71%|#######1  | 5/7 [00:00<00:00, 3290.17it/s]
[2024-11-12T03:22:26.675+0000] {logging_mixin.py:188} WARNING - Downloading artifacts:  86%|########5 | 6/7 [00:00<00:00, 3221.02it/s]
[2024-11-12T03:22:26.675+0000] {logging_mixin.py:188} WARNING - Downloading artifacts: 100%|##########| 7/7 [00:00<00:00, 3229.94it/s]
[2024-11-12T03:22:26.675+0000] {logging_mixin.py:188} WARNING - Downloading artifacts: 100%|##########| 7/7 [00:00<00:00, 2850.22it/s]
[2024-11-12T03:22:26.807+0000] {logging_mixin.py:188} INFO - Model saved at /opt/***/dags/weights/prophet_pm25_model.pth
[2024-11-12T03:22:26.809+0000] {python.py:237} INFO - Done. Returned value was: None
[2024-11-12T03:22:26.810+0000] {taskinstance.py:441} INFO - ::group::Post task execution logs
[2024-11-12T03:22:26.849+0000] {taskinstance.py:1206} INFO - Marking task as SUCCESS. dag_id=modeling_pipeline, task_id=Prophet_model_training, run_id=manual__2024-11-12T03:22:11.859265+00:00, execution_date=20241112T032211, start_date=20241112T032216, end_date=20241112T032226
[2024-11-12T03:22:26.920+0000] {local_task_job_runner.py:240} INFO - Task exited with return code 0
[2024-11-12T03:22:26.972+0000] {taskinstance.py:3503} INFO - 1 downstream tasks scheduled from follow-on schedule check
[2024-11-12T03:22:26.975+0000] {local_task_job_runner.py:222} INFO - ::endgroup::
