[2024-11-11T04:14:56.024+0000] {processor.py:161} INFO - Started process (PID=92) to work on /opt/airflow/dags/ModelDevelopment/Prophet.py
[2024-11-11T04:14:56.025+0000] {processor.py:830} INFO - Processing file /opt/airflow/dags/ModelDevelopment/Prophet.py for tasks to queue
[2024-11-11T04:14:56.029+0000] {logging_mixin.py:188} INFO - [2024-11-11T04:14:56.027+0000] {dagbag.py:545} INFO - Filling up the DagBag from /opt/airflow/dags/ModelDevelopment/Prophet.py
[2024-11-11T04:14:59.335+0000] {logging_mixin.py:188} INFO - [2024-11-11T04:14:59.334+0000] {plot.py:39} ERROR - Importing plotly failed. Interactive plots will not work.
[2024-11-11T04:14:59.867+0000] {processor.py:842} WARNING - No viable dags retrieved from /opt/airflow/dags/ModelDevelopment/Prophet.py
[2024-11-11T04:14:59.974+0000] {processor.py:183} INFO - Processing /opt/airflow/dags/ModelDevelopment/Prophet.py took 3.966 seconds
[2024-11-11T04:15:30.460+0000] {processor.py:161} INFO - Started process (PID=154) to work on /opt/airflow/dags/ModelDevelopment/Prophet.py
[2024-11-11T04:15:30.466+0000] {processor.py:830} INFO - Processing file /opt/airflow/dags/ModelDevelopment/Prophet.py for tasks to queue
[2024-11-11T04:15:30.475+0000] {logging_mixin.py:188} INFO - [2024-11-11T04:15:30.472+0000] {dagbag.py:545} INFO - Filling up the DagBag from /opt/airflow/dags/ModelDevelopment/Prophet.py
[2024-11-11T04:15:31.930+0000] {logging_mixin.py:188} INFO - [2024-11-11T04:15:31.930+0000] {plot.py:39} ERROR - Importing plotly failed. Interactive plots will not work.
[2024-11-11T04:15:32.132+0000] {processor.py:842} WARNING - No viable dags retrieved from /opt/airflow/dags/ModelDevelopment/Prophet.py
[2024-11-11T04:15:32.142+0000] {processor.py:183} INFO - Processing /opt/airflow/dags/ModelDevelopment/Prophet.py took 1.693 seconds
[2024-11-11T04:16:02.664+0000] {processor.py:161} INFO - Started process (PID=216) to work on /opt/airflow/dags/ModelDevelopment/Prophet.py
[2024-11-11T04:16:02.665+0000] {processor.py:830} INFO - Processing file /opt/airflow/dags/ModelDevelopment/Prophet.py for tasks to queue
[2024-11-11T04:16:02.667+0000] {logging_mixin.py:188} INFO - [2024-11-11T04:16:02.667+0000] {dagbag.py:545} INFO - Filling up the DagBag from /opt/airflow/dags/ModelDevelopment/Prophet.py
[2024-11-11T04:16:03.321+0000] {logging_mixin.py:188} INFO - [2024-11-11T04:16:03.321+0000] {plot.py:39} ERROR - Importing plotly failed. Interactive plots will not work.
[2024-11-11T04:16:03.460+0000] {processor.py:842} WARNING - No viable dags retrieved from /opt/airflow/dags/ModelDevelopment/Prophet.py
[2024-11-11T04:16:03.466+0000] {processor.py:183} INFO - Processing /opt/airflow/dags/ModelDevelopment/Prophet.py took 0.806 seconds
[2024-11-11T04:16:33.706+0000] {processor.py:161} INFO - Started process (PID=278) to work on /opt/airflow/dags/ModelDevelopment/Prophet.py
[2024-11-11T04:16:33.707+0000] {processor.py:830} INFO - Processing file /opt/airflow/dags/ModelDevelopment/Prophet.py for tasks to queue
[2024-11-11T04:16:33.709+0000] {logging_mixin.py:188} INFO - [2024-11-11T04:16:33.709+0000] {dagbag.py:545} INFO - Filling up the DagBag from /opt/airflow/dags/ModelDevelopment/Prophet.py
[2024-11-11T04:16:34.379+0000] {logging_mixin.py:188} INFO - [2024-11-11T04:16:34.379+0000] {plot.py:39} ERROR - Importing plotly failed. Interactive plots will not work.
[2024-11-11T04:16:34.539+0000] {processor.py:842} WARNING - No viable dags retrieved from /opt/airflow/dags/ModelDevelopment/Prophet.py
[2024-11-11T04:16:34.547+0000] {processor.py:183} INFO - Processing /opt/airflow/dags/ModelDevelopment/Prophet.py took 0.845 seconds
[2024-11-11T17:45:49.997+0000] {processor.py:161} INFO - Started process (PID=147) to work on /opt/airflow/dags/ModelDevelopment/Prophet.py
[2024-11-11T17:45:49.999+0000] {processor.py:830} INFO - Processing file /opt/airflow/dags/ModelDevelopment/Prophet.py for tasks to queue
[2024-11-11T17:45:50.002+0000] {logging_mixin.py:188} INFO - [2024-11-11T17:45:50.001+0000] {dagbag.py:545} INFO - Filling up the DagBag from /opt/airflow/dags/ModelDevelopment/Prophet.py
[2024-11-11T17:45:51.070+0000] {logging_mixin.py:188} INFO - [2024-11-11T17:45:51.069+0000] {plot.py:39} ERROR - Importing plotly failed. Interactive plots will not work.
[2024-11-11T17:45:51.421+0000] {processor.py:842} WARNING - No viable dags retrieved from /opt/airflow/dags/ModelDevelopment/Prophet.py
[2024-11-11T17:45:51.447+0000] {processor.py:183} INFO - Processing /opt/airflow/dags/ModelDevelopment/Prophet.py took 1.456 seconds
[2024-11-11T17:46:26.993+0000] {processor.py:161} INFO - Started process (PID=209) to work on /opt/airflow/dags/ModelDevelopment/Prophet.py
[2024-11-11T17:46:27.004+0000] {processor.py:830} INFO - Processing file /opt/airflow/dags/ModelDevelopment/Prophet.py for tasks to queue
[2024-11-11T17:46:27.021+0000] {logging_mixin.py:188} INFO - [2024-11-11T17:46:27.020+0000] {dagbag.py:545} INFO - Filling up the DagBag from /opt/airflow/dags/ModelDevelopment/Prophet.py
[2024-11-11T17:46:29.127+0000] {logging_mixin.py:188} INFO - [2024-11-11T17:46:29.126+0000] {plot.py:39} ERROR - Importing plotly failed. Interactive plots will not work.
[2024-11-11T17:46:29.499+0000] {processor.py:842} WARNING - No viable dags retrieved from /opt/airflow/dags/ModelDevelopment/Prophet.py
[2024-11-11T17:46:29.530+0000] {processor.py:183} INFO - Processing /opt/airflow/dags/ModelDevelopment/Prophet.py took 2.587 seconds
[2024-11-11T17:46:59.687+0000] {processor.py:161} INFO - Started process (PID=271) to work on /opt/airflow/dags/ModelDevelopment/Prophet.py
[2024-11-11T17:46:59.688+0000] {processor.py:830} INFO - Processing file /opt/airflow/dags/ModelDevelopment/Prophet.py for tasks to queue
[2024-11-11T17:46:59.690+0000] {logging_mixin.py:188} INFO - [2024-11-11T17:46:59.690+0000] {dagbag.py:545} INFO - Filling up the DagBag from /opt/airflow/dags/ModelDevelopment/Prophet.py
[2024-11-11T17:47:00.905+0000] {logging_mixin.py:188} INFO - [2024-11-11T17:47:00.905+0000] {plot.py:39} ERROR - Importing plotly failed. Interactive plots will not work.
[2024-11-11T17:47:01.105+0000] {processor.py:842} WARNING - No viable dags retrieved from /opt/airflow/dags/ModelDevelopment/Prophet.py
[2024-11-11T17:47:01.114+0000] {processor.py:183} INFO - Processing /opt/airflow/dags/ModelDevelopment/Prophet.py took 1.431 seconds
[2024-11-11T17:47:31.349+0000] {processor.py:161} INFO - Started process (PID=333) to work on /opt/airflow/dags/ModelDevelopment/Prophet.py
[2024-11-11T17:47:31.350+0000] {processor.py:830} INFO - Processing file /opt/airflow/dags/ModelDevelopment/Prophet.py for tasks to queue
[2024-11-11T17:47:31.352+0000] {logging_mixin.py:188} INFO - [2024-11-11T17:47:31.351+0000] {dagbag.py:545} INFO - Filling up the DagBag from /opt/airflow/dags/ModelDevelopment/Prophet.py
[2024-11-11T17:47:32.402+0000] {logging_mixin.py:188} INFO - [2024-11-11T17:47:32.401+0000] {plot.py:39} ERROR - Importing plotly failed. Interactive plots will not work.
[2024-11-11T17:47:32.613+0000] {processor.py:842} WARNING - No viable dags retrieved from /opt/airflow/dags/ModelDevelopment/Prophet.py
[2024-11-11T17:47:32.622+0000] {processor.py:183} INFO - Processing /opt/airflow/dags/ModelDevelopment/Prophet.py took 1.276 seconds
[2024-11-11T17:48:02.937+0000] {processor.py:161} INFO - Started process (PID=395) to work on /opt/airflow/dags/ModelDevelopment/Prophet.py
[2024-11-11T17:48:02.938+0000] {processor.py:830} INFO - Processing file /opt/airflow/dags/ModelDevelopment/Prophet.py for tasks to queue
[2024-11-11T17:48:02.943+0000] {logging_mixin.py:188} INFO - [2024-11-11T17:48:02.942+0000] {dagbag.py:545} INFO - Filling up the DagBag from /opt/airflow/dags/ModelDevelopment/Prophet.py
[2024-11-11T17:48:04.565+0000] {logging_mixin.py:188} INFO - [2024-11-11T17:48:04.565+0000] {plot.py:39} ERROR - Importing plotly failed. Interactive plots will not work.
[2024-11-11T17:48:04.852+0000] {processor.py:842} WARNING - No viable dags retrieved from /opt/airflow/dags/ModelDevelopment/Prophet.py
[2024-11-11T17:48:04.864+0000] {processor.py:183} INFO - Processing /opt/airflow/dags/ModelDevelopment/Prophet.py took 1.933 seconds
[2024-11-11T17:48:35.234+0000] {processor.py:161} INFO - Started process (PID=457) to work on /opt/airflow/dags/ModelDevelopment/Prophet.py
[2024-11-11T17:48:35.236+0000] {processor.py:830} INFO - Processing file /opt/airflow/dags/ModelDevelopment/Prophet.py for tasks to queue
[2024-11-11T17:48:35.238+0000] {logging_mixin.py:188} INFO - [2024-11-11T17:48:35.238+0000] {dagbag.py:545} INFO - Filling up the DagBag from /opt/airflow/dags/ModelDevelopment/Prophet.py
[2024-11-11T17:48:36.600+0000] {logging_mixin.py:188} INFO - [2024-11-11T17:48:36.600+0000] {plot.py:39} ERROR - Importing plotly failed. Interactive plots will not work.
[2024-11-11T17:48:37.418+0000] {processor.py:842} WARNING - No viable dags retrieved from /opt/airflow/dags/ModelDevelopment/Prophet.py
[2024-11-11T17:48:37.480+0000] {processor.py:183} INFO - Processing /opt/airflow/dags/ModelDevelopment/Prophet.py took 2.251 seconds
[2024-11-11T18:19:11.933+0000] {processor.py:161} INFO - Started process (PID=91) to work on /opt/airflow/dags/ModelDevelopment/Prophet.py
[2024-11-11T18:19:11.936+0000] {processor.py:830} INFO - Processing file /opt/airflow/dags/ModelDevelopment/Prophet.py for tasks to queue
[2024-11-11T18:19:11.940+0000] {logging_mixin.py:188} INFO - [2024-11-11T18:19:11.940+0000] {dagbag.py:545} INFO - Filling up the DagBag from /opt/airflow/dags/ModelDevelopment/Prophet.py
[2024-11-11T18:19:14.361+0000] {logging_mixin.py:188} INFO - [2024-11-11T18:19:14.360+0000] {plot.py:39} ERROR - Importing plotly failed. Interactive plots will not work.
[2024-11-11T18:19:14.603+0000] {processor.py:842} WARNING - No viable dags retrieved from /opt/airflow/dags/ModelDevelopment/Prophet.py
[2024-11-11T18:19:14.625+0000] {processor.py:183} INFO - Processing /opt/airflow/dags/ModelDevelopment/Prophet.py took 2.702 seconds
[2024-11-11T18:19:44.773+0000] {processor.py:161} INFO - Started process (PID=153) to work on /opt/airflow/dags/ModelDevelopment/Prophet.py
[2024-11-11T18:19:44.774+0000] {processor.py:830} INFO - Processing file /opt/airflow/dags/ModelDevelopment/Prophet.py for tasks to queue
[2024-11-11T18:19:44.776+0000] {logging_mixin.py:188} INFO - [2024-11-11T18:19:44.775+0000] {dagbag.py:545} INFO - Filling up the DagBag from /opt/airflow/dags/ModelDevelopment/Prophet.py
[2024-11-11T18:19:45.765+0000] {logging_mixin.py:188} INFO - [2024-11-11T18:19:45.765+0000] {plot.py:39} ERROR - Importing plotly failed. Interactive plots will not work.
[2024-11-11T18:19:45.983+0000] {processor.py:842} WARNING - No viable dags retrieved from /opt/airflow/dags/ModelDevelopment/Prophet.py
[2024-11-11T18:19:45.999+0000] {processor.py:183} INFO - Processing /opt/airflow/dags/ModelDevelopment/Prophet.py took 1.231 seconds
[2024-11-11T18:20:16.822+0000] {processor.py:161} INFO - Started process (PID=215) to work on /opt/airflow/dags/ModelDevelopment/Prophet.py
[2024-11-11T18:20:16.823+0000] {processor.py:830} INFO - Processing file /opt/airflow/dags/ModelDevelopment/Prophet.py for tasks to queue
[2024-11-11T18:20:16.824+0000] {logging_mixin.py:188} INFO - [2024-11-11T18:20:16.824+0000] {dagbag.py:545} INFO - Filling up the DagBag from /opt/airflow/dags/ModelDevelopment/Prophet.py
[2024-11-11T18:20:17.706+0000] {logging_mixin.py:188} INFO - [2024-11-11T18:20:17.706+0000] {plot.py:39} ERROR - Importing plotly failed. Interactive plots will not work.
[2024-11-11T18:20:17.888+0000] {processor.py:842} WARNING - No viable dags retrieved from /opt/airflow/dags/ModelDevelopment/Prophet.py
[2024-11-11T18:20:17.904+0000] {processor.py:183} INFO - Processing /opt/airflow/dags/ModelDevelopment/Prophet.py took 1.087 seconds
[2024-11-11T18:20:48.146+0000] {processor.py:161} INFO - Started process (PID=277) to work on /opt/airflow/dags/ModelDevelopment/Prophet.py
[2024-11-11T18:20:48.148+0000] {processor.py:830} INFO - Processing file /opt/airflow/dags/ModelDevelopment/Prophet.py for tasks to queue
[2024-11-11T18:20:48.151+0000] {logging_mixin.py:188} INFO - [2024-11-11T18:20:48.151+0000] {dagbag.py:545} INFO - Filling up the DagBag from /opt/airflow/dags/ModelDevelopment/Prophet.py
[2024-11-11T18:20:48.908+0000] {logging_mixin.py:188} INFO - [2024-11-11T18:20:48.908+0000] {plot.py:39} ERROR - Importing plotly failed. Interactive plots will not work.
[2024-11-11T18:20:49.061+0000] {processor.py:842} WARNING - No viable dags retrieved from /opt/airflow/dags/ModelDevelopment/Prophet.py
[2024-11-11T18:20:49.069+0000] {processor.py:183} INFO - Processing /opt/airflow/dags/ModelDevelopment/Prophet.py took 0.931 seconds
[2024-11-11T18:21:19.823+0000] {processor.py:161} INFO - Started process (PID=339) to work on /opt/airflow/dags/ModelDevelopment/Prophet.py
[2024-11-11T18:21:19.825+0000] {processor.py:830} INFO - Processing file /opt/airflow/dags/ModelDevelopment/Prophet.py for tasks to queue
[2024-11-11T18:21:19.827+0000] {logging_mixin.py:188} INFO - [2024-11-11T18:21:19.827+0000] {dagbag.py:545} INFO - Filling up the DagBag from /opt/airflow/dags/ModelDevelopment/Prophet.py
[2024-11-11T18:21:20.521+0000] {logging_mixin.py:188} INFO - [2024-11-11T18:21:20.521+0000] {plot.py:39} ERROR - Importing plotly failed. Interactive plots will not work.
[2024-11-11T18:21:20.659+0000] {processor.py:842} WARNING - No viable dags retrieved from /opt/airflow/dags/ModelDevelopment/Prophet.py
[2024-11-11T18:21:20.677+0000] {processor.py:183} INFO - Processing /opt/airflow/dags/ModelDevelopment/Prophet.py took 0.861 seconds
[2024-11-11T18:21:51.010+0000] {processor.py:161} INFO - Started process (PID=401) to work on /opt/airflow/dags/ModelDevelopment/Prophet.py
[2024-11-11T18:21:51.012+0000] {processor.py:830} INFO - Processing file /opt/airflow/dags/ModelDevelopment/Prophet.py for tasks to queue
[2024-11-11T18:21:51.017+0000] {logging_mixin.py:188} INFO - [2024-11-11T18:21:51.016+0000] {dagbag.py:545} INFO - Filling up the DagBag from /opt/airflow/dags/ModelDevelopment/Prophet.py
[2024-11-11T18:21:51.820+0000] {logging_mixin.py:188} INFO - [2024-11-11T18:21:51.820+0000] {plot.py:39} ERROR - Importing plotly failed. Interactive plots will not work.
[2024-11-11T18:21:51.991+0000] {processor.py:842} WARNING - No viable dags retrieved from /opt/airflow/dags/ModelDevelopment/Prophet.py
[2024-11-11T18:21:52.012+0000] {processor.py:183} INFO - Processing /opt/airflow/dags/ModelDevelopment/Prophet.py took 1.014 seconds
[2024-11-11T18:31:42.049+0000] {processor.py:161} INFO - Started process (PID=89) to work on /opt/airflow/dags/ModelDevelopment/Prophet.py
[2024-11-11T18:31:42.050+0000] {processor.py:830} INFO - Processing file /opt/airflow/dags/ModelDevelopment/Prophet.py for tasks to queue
[2024-11-11T18:31:42.053+0000] {logging_mixin.py:188} INFO - [2024-11-11T18:31:42.053+0000] {dagbag.py:545} INFO - Filling up the DagBag from /opt/airflow/dags/ModelDevelopment/Prophet.py
[2024-11-11T18:31:43.197+0000] {logging_mixin.py:188} INFO - [2024-11-11T18:31:43.197+0000] {plot.py:39} ERROR - Importing plotly failed. Interactive plots will not work.
[2024-11-11T18:31:43.417+0000] {processor.py:842} WARNING - No viable dags retrieved from /opt/airflow/dags/ModelDevelopment/Prophet.py
[2024-11-11T18:31:43.456+0000] {processor.py:183} INFO - Processing /opt/airflow/dags/ModelDevelopment/Prophet.py took 1.416 seconds
[2024-11-11T18:32:13.654+0000] {processor.py:161} INFO - Started process (PID=161) to work on /opt/airflow/dags/ModelDevelopment/Prophet.py
[2024-11-11T18:32:13.655+0000] {processor.py:830} INFO - Processing file /opt/airflow/dags/ModelDevelopment/Prophet.py for tasks to queue
[2024-11-11T18:32:13.657+0000] {logging_mixin.py:188} INFO - [2024-11-11T18:32:13.656+0000] {dagbag.py:545} INFO - Filling up the DagBag from /opt/airflow/dags/ModelDevelopment/Prophet.py
[2024-11-11T18:32:14.360+0000] {logging_mixin.py:188} INFO - [2024-11-11T18:32:14.359+0000] {plot.py:39} ERROR - Importing plotly failed. Interactive plots will not work.
[2024-11-11T18:32:14.509+0000] {processor.py:842} WARNING - No viable dags retrieved from /opt/airflow/dags/ModelDevelopment/Prophet.py
[2024-11-11T18:32:14.518+0000] {processor.py:183} INFO - Processing /opt/airflow/dags/ModelDevelopment/Prophet.py took 0.871 seconds
[2024-11-11T18:32:45.860+0000] {processor.py:161} INFO - Started process (PID=223) to work on /opt/airflow/dags/ModelDevelopment/Prophet.py
[2024-11-11T18:32:45.862+0000] {processor.py:830} INFO - Processing file /opt/airflow/dags/ModelDevelopment/Prophet.py for tasks to queue
[2024-11-11T18:32:45.865+0000] {logging_mixin.py:188} INFO - [2024-11-11T18:32:45.864+0000] {dagbag.py:545} INFO - Filling up the DagBag from /opt/airflow/dags/ModelDevelopment/Prophet.py
[2024-11-11T18:32:47.412+0000] {logging_mixin.py:188} INFO - [2024-11-11T18:32:47.411+0000] {plot.py:39} ERROR - Importing plotly failed. Interactive plots will not work.
[2024-11-11T18:32:47.700+0000] {processor.py:842} WARNING - No viable dags retrieved from /opt/airflow/dags/ModelDevelopment/Prophet.py
[2024-11-11T18:32:47.721+0000] {processor.py:183} INFO - Processing /opt/airflow/dags/ModelDevelopment/Prophet.py took 1.865 seconds
[2024-11-11T18:33:18.355+0000] {processor.py:161} INFO - Started process (PID=284) to work on /opt/airflow/dags/ModelDevelopment/Prophet.py
[2024-11-11T18:33:18.362+0000] {processor.py:830} INFO - Processing file /opt/airflow/dags/ModelDevelopment/Prophet.py for tasks to queue
[2024-11-11T18:33:18.375+0000] {logging_mixin.py:188} INFO - [2024-11-11T18:33:18.372+0000] {dagbag.py:545} INFO - Filling up the DagBag from /opt/airflow/dags/ModelDevelopment/Prophet.py
[2024-11-11T18:33:19.812+0000] {logging_mixin.py:188} INFO - [2024-11-11T18:33:19.812+0000] {plot.py:39} ERROR - Importing plotly failed. Interactive plots will not work.
[2024-11-11T18:33:20.039+0000] {processor.py:842} WARNING - No viable dags retrieved from /opt/airflow/dags/ModelDevelopment/Prophet.py
[2024-11-11T18:33:20.050+0000] {processor.py:183} INFO - Processing /opt/airflow/dags/ModelDevelopment/Prophet.py took 1.716 seconds
[2024-11-11T18:33:50.640+0000] {processor.py:161} INFO - Started process (PID=346) to work on /opt/airflow/dags/ModelDevelopment/Prophet.py
[2024-11-11T18:33:50.646+0000] {processor.py:830} INFO - Processing file /opt/airflow/dags/ModelDevelopment/Prophet.py for tasks to queue
[2024-11-11T18:33:50.655+0000] {logging_mixin.py:188} INFO - [2024-11-11T18:33:50.655+0000] {dagbag.py:545} INFO - Filling up the DagBag from /opt/airflow/dags/ModelDevelopment/Prophet.py
[2024-11-11T18:33:51.571+0000] {logging_mixin.py:188} INFO - [2024-11-11T18:33:51.571+0000] {plot.py:39} ERROR - Importing plotly failed. Interactive plots will not work.
[2024-11-11T18:33:51.825+0000] {processor.py:842} WARNING - No viable dags retrieved from /opt/airflow/dags/ModelDevelopment/Prophet.py
[2024-11-11T18:33:51.853+0000] {processor.py:183} INFO - Processing /opt/airflow/dags/ModelDevelopment/Prophet.py took 1.226 seconds
[2024-11-11T18:34:22.320+0000] {processor.py:161} INFO - Started process (PID=408) to work on /opt/airflow/dags/ModelDevelopment/Prophet.py
[2024-11-11T18:34:22.321+0000] {processor.py:830} INFO - Processing file /opt/airflow/dags/ModelDevelopment/Prophet.py for tasks to queue
[2024-11-11T18:34:22.324+0000] {logging_mixin.py:188} INFO - [2024-11-11T18:34:22.323+0000] {dagbag.py:545} INFO - Filling up the DagBag from /opt/airflow/dags/ModelDevelopment/Prophet.py
[2024-11-11T18:34:23.262+0000] {logging_mixin.py:188} INFO - [2024-11-11T18:34:23.261+0000] {plot.py:39} ERROR - Importing plotly failed. Interactive plots will not work.
[2024-11-11T18:34:23.465+0000] {processor.py:842} WARNING - No viable dags retrieved from /opt/airflow/dags/ModelDevelopment/Prophet.py
[2024-11-11T18:34:23.475+0000] {processor.py:183} INFO - Processing /opt/airflow/dags/ModelDevelopment/Prophet.py took 1.161 seconds
[2024-11-11T18:34:53.696+0000] {processor.py:161} INFO - Started process (PID=470) to work on /opt/airflow/dags/ModelDevelopment/Prophet.py
[2024-11-11T18:34:53.699+0000] {processor.py:830} INFO - Processing file /opt/airflow/dags/ModelDevelopment/Prophet.py for tasks to queue
[2024-11-11T18:34:53.703+0000] {logging_mixin.py:188} INFO - [2024-11-11T18:34:53.703+0000] {dagbag.py:545} INFO - Filling up the DagBag from /opt/airflow/dags/ModelDevelopment/Prophet.py
[2024-11-11T18:34:54.546+0000] {logging_mixin.py:188} INFO - [2024-11-11T18:34:54.546+0000] {plot.py:39} ERROR - Importing plotly failed. Interactive plots will not work.
[2024-11-11T18:34:54.732+0000] {processor.py:842} WARNING - No viable dags retrieved from /opt/airflow/dags/ModelDevelopment/Prophet.py
[2024-11-11T18:34:54.739+0000] {processor.py:183} INFO - Processing /opt/airflow/dags/ModelDevelopment/Prophet.py took 1.050 seconds
[2024-11-11T18:42:10.161+0000] {processor.py:161} INFO - Started process (PID=91) to work on /opt/airflow/dags/ModelDevelopment/Prophet.py
[2024-11-11T18:42:10.162+0000] {processor.py:830} INFO - Processing file /opt/airflow/dags/ModelDevelopment/Prophet.py for tasks to queue
[2024-11-11T18:42:10.171+0000] {logging_mixin.py:188} INFO - [2024-11-11T18:42:10.170+0000] {dagbag.py:545} INFO - Filling up the DagBag from /opt/airflow/dags/ModelDevelopment/Prophet.py
[2024-11-11T18:42:11.192+0000] {logging_mixin.py:188} INFO - [2024-11-11T18:42:11.192+0000] {plot.py:39} ERROR - Importing plotly failed. Interactive plots will not work.
[2024-11-11T18:42:11.403+0000] {processor.py:842} WARNING - No viable dags retrieved from /opt/airflow/dags/ModelDevelopment/Prophet.py
[2024-11-11T18:42:11.424+0000] {processor.py:183} INFO - Processing /opt/airflow/dags/ModelDevelopment/Prophet.py took 1.268 seconds
[2024-11-11T18:42:41.965+0000] {processor.py:161} INFO - Started process (PID=153) to work on /opt/airflow/dags/ModelDevelopment/Prophet.py
[2024-11-11T18:42:41.966+0000] {processor.py:830} INFO - Processing file /opt/airflow/dags/ModelDevelopment/Prophet.py for tasks to queue
[2024-11-11T18:42:41.968+0000] {logging_mixin.py:188} INFO - [2024-11-11T18:42:41.967+0000] {dagbag.py:545} INFO - Filling up the DagBag from /opt/airflow/dags/ModelDevelopment/Prophet.py
[2024-11-11T18:42:42.770+0000] {logging_mixin.py:188} INFO - [2024-11-11T18:42:42.769+0000] {plot.py:39} ERROR - Importing plotly failed. Interactive plots will not work.
[2024-11-11T18:42:42.956+0000] {processor.py:842} WARNING - No viable dags retrieved from /opt/airflow/dags/ModelDevelopment/Prophet.py
[2024-11-11T18:42:42.979+0000] {processor.py:183} INFO - Processing /opt/airflow/dags/ModelDevelopment/Prophet.py took 1.018 seconds
[2024-11-11T18:43:13.243+0000] {processor.py:161} INFO - Started process (PID=224) to work on /opt/airflow/dags/ModelDevelopment/Prophet.py
[2024-11-11T18:43:13.245+0000] {processor.py:830} INFO - Processing file /opt/airflow/dags/ModelDevelopment/Prophet.py for tasks to queue
[2024-11-11T18:43:13.248+0000] {logging_mixin.py:188} INFO - [2024-11-11T18:43:13.248+0000] {dagbag.py:545} INFO - Filling up the DagBag from /opt/airflow/dags/ModelDevelopment/Prophet.py
[2024-11-11T18:43:13.900+0000] {logging_mixin.py:188} INFO - [2024-11-11T18:43:13.899+0000] {plot.py:39} ERROR - Importing plotly failed. Interactive plots will not work.
[2024-11-11T18:43:14.091+0000] {processor.py:842} WARNING - No viable dags retrieved from /opt/airflow/dags/ModelDevelopment/Prophet.py
[2024-11-11T18:43:14.100+0000] {processor.py:183} INFO - Processing /opt/airflow/dags/ModelDevelopment/Prophet.py took 0.860 seconds
[2024-11-11T18:43:45.018+0000] {processor.py:161} INFO - Started process (PID=286) to work on /opt/airflow/dags/ModelDevelopment/Prophet.py
[2024-11-11T18:43:45.019+0000] {processor.py:830} INFO - Processing file /opt/airflow/dags/ModelDevelopment/Prophet.py for tasks to queue
[2024-11-11T18:43:45.022+0000] {logging_mixin.py:188} INFO - [2024-11-11T18:43:45.021+0000] {dagbag.py:545} INFO - Filling up the DagBag from /opt/airflow/dags/ModelDevelopment/Prophet.py
[2024-11-11T18:43:46.063+0000] {logging_mixin.py:188} INFO - [2024-11-11T18:43:46.063+0000] {plot.py:39} ERROR - Importing plotly failed. Interactive plots will not work.
[2024-11-11T18:43:46.295+0000] {processor.py:842} WARNING - No viable dags retrieved from /opt/airflow/dags/ModelDevelopment/Prophet.py
[2024-11-11T18:43:46.312+0000] {processor.py:183} INFO - Processing /opt/airflow/dags/ModelDevelopment/Prophet.py took 1.300 seconds
[2024-11-11T18:44:16.383+0000] {processor.py:161} INFO - Started process (PID=347) to work on /opt/airflow/dags/ModelDevelopment/Prophet.py
[2024-11-11T18:44:16.385+0000] {processor.py:830} INFO - Processing file /opt/airflow/dags/ModelDevelopment/Prophet.py for tasks to queue
[2024-11-11T18:44:16.386+0000] {logging_mixin.py:188} INFO - [2024-11-11T18:44:16.385+0000] {dagbag.py:545} INFO - Filling up the DagBag from /opt/airflow/dags/ModelDevelopment/Prophet.py
[2024-11-11T18:44:17.269+0000] {logging_mixin.py:188} INFO - [2024-11-11T18:44:17.269+0000] {plot.py:39} ERROR - Importing plotly failed. Interactive plots will not work.
[2024-11-11T18:44:17.499+0000] {processor.py:842} WARNING - No viable dags retrieved from /opt/airflow/dags/ModelDevelopment/Prophet.py
[2024-11-11T18:44:17.515+0000] {processor.py:183} INFO - Processing /opt/airflow/dags/ModelDevelopment/Prophet.py took 1.143 seconds
[2024-11-11T18:44:48.124+0000] {processor.py:161} INFO - Started process (PID=402) to work on /opt/airflow/dags/ModelDevelopment/Prophet.py
[2024-11-11T18:44:48.125+0000] {processor.py:830} INFO - Processing file /opt/airflow/dags/ModelDevelopment/Prophet.py for tasks to queue
[2024-11-11T18:44:48.126+0000] {logging_mixin.py:188} INFO - [2024-11-11T18:44:48.125+0000] {dagbag.py:545} INFO - Filling up the DagBag from /opt/airflow/dags/ModelDevelopment/Prophet.py
[2024-11-11T18:44:48.939+0000] {logging_mixin.py:188} INFO - [2024-11-11T18:44:48.939+0000] {plot.py:39} ERROR - Importing plotly failed. Interactive plots will not work.
[2024-11-11T18:44:49.327+0000] {processor.py:842} WARNING - No viable dags retrieved from /opt/airflow/dags/ModelDevelopment/Prophet.py
[2024-11-11T18:44:49.354+0000] {processor.py:183} INFO - Processing /opt/airflow/dags/ModelDevelopment/Prophet.py took 1.235 seconds
[2024-11-11T18:45:19.717+0000] {processor.py:161} INFO - Started process (PID=463) to work on /opt/airflow/dags/ModelDevelopment/Prophet.py
[2024-11-11T18:45:19.719+0000] {processor.py:830} INFO - Processing file /opt/airflow/dags/ModelDevelopment/Prophet.py for tasks to queue
[2024-11-11T18:45:19.733+0000] {logging_mixin.py:188} INFO - [2024-11-11T18:45:19.731+0000] {dagbag.py:545} INFO - Filling up the DagBag from /opt/airflow/dags/ModelDevelopment/Prophet.py
[2024-11-11T18:45:20.812+0000] {logging_mixin.py:188} INFO - [2024-11-11T18:45:20.812+0000] {plot.py:39} ERROR - Importing plotly failed. Interactive plots will not work.
[2024-11-11T18:45:21.078+0000] {processor.py:842} WARNING - No viable dags retrieved from /opt/airflow/dags/ModelDevelopment/Prophet.py
[2024-11-11T18:45:21.108+0000] {processor.py:183} INFO - Processing /opt/airflow/dags/ModelDevelopment/Prophet.py took 1.401 seconds
[2024-11-11T18:45:51.174+0000] {processor.py:161} INFO - Started process (PID=534) to work on /opt/airflow/dags/ModelDevelopment/Prophet.py
[2024-11-11T18:45:51.176+0000] {processor.py:830} INFO - Processing file /opt/airflow/dags/ModelDevelopment/Prophet.py for tasks to queue
[2024-11-11T18:45:51.180+0000] {logging_mixin.py:188} INFO - [2024-11-11T18:45:51.180+0000] {dagbag.py:545} INFO - Filling up the DagBag from /opt/airflow/dags/ModelDevelopment/Prophet.py
[2024-11-11T18:46:21.921+0000] {processor.py:161} INFO - Started process (PID=85) to work on /opt/airflow/dags/ModelDevelopment/Prophet.py
[2024-11-11T18:46:21.922+0000] {processor.py:830} INFO - Processing file /opt/airflow/dags/ModelDevelopment/Prophet.py for tasks to queue
[2024-11-11T18:46:21.925+0000] {logging_mixin.py:188} INFO - [2024-11-11T18:46:21.925+0000] {dagbag.py:545} INFO - Filling up the DagBag from /opt/airflow/dags/ModelDevelopment/Prophet.py
[2024-11-11T18:46:23.410+0000] {logging_mixin.py:188} INFO - [2024-11-11T18:46:23.409+0000] {plot.py:39} ERROR - Importing plotly failed. Interactive plots will not work.
[2024-11-11T18:46:23.608+0000] {processor.py:842} WARNING - No viable dags retrieved from /opt/airflow/dags/ModelDevelopment/Prophet.py
[2024-11-11T18:46:23.619+0000] {processor.py:183} INFO - Processing /opt/airflow/dags/ModelDevelopment/Prophet.py took 1.705 seconds
[2024-11-11T18:46:53.874+0000] {processor.py:161} INFO - Started process (PID=153) to work on /opt/airflow/dags/ModelDevelopment/Prophet.py
[2024-11-11T18:46:53.875+0000] {processor.py:830} INFO - Processing file /opt/airflow/dags/ModelDevelopment/Prophet.py for tasks to queue
[2024-11-11T18:46:53.876+0000] {logging_mixin.py:188} INFO - [2024-11-11T18:46:53.876+0000] {dagbag.py:545} INFO - Filling up the DagBag from /opt/airflow/dags/ModelDevelopment/Prophet.py
[2024-11-11T18:46:54.541+0000] {logging_mixin.py:188} INFO - [2024-11-11T18:46:54.541+0000] {plot.py:39} ERROR - Importing plotly failed. Interactive plots will not work.
[2024-11-11T18:46:54.740+0000] {processor.py:842} WARNING - No viable dags retrieved from /opt/airflow/dags/ModelDevelopment/Prophet.py
[2024-11-11T18:46:54.750+0000] {processor.py:183} INFO - Processing /opt/airflow/dags/ModelDevelopment/Prophet.py took 0.879 seconds
[2024-11-11T18:47:25.091+0000] {processor.py:161} INFO - Started process (PID=214) to work on /opt/airflow/dags/ModelDevelopment/Prophet.py
[2024-11-11T18:47:25.095+0000] {processor.py:830} INFO - Processing file /opt/airflow/dags/ModelDevelopment/Prophet.py for tasks to queue
[2024-11-11T18:47:25.097+0000] {logging_mixin.py:188} INFO - [2024-11-11T18:47:25.097+0000] {dagbag.py:545} INFO - Filling up the DagBag from /opt/airflow/dags/ModelDevelopment/Prophet.py
[2024-11-11T18:47:25.798+0000] {logging_mixin.py:188} INFO - [2024-11-11T18:47:25.798+0000] {plot.py:39} ERROR - Importing plotly failed. Interactive plots will not work.
[2024-11-11T18:47:25.951+0000] {processor.py:842} WARNING - No viable dags retrieved from /opt/airflow/dags/ModelDevelopment/Prophet.py
[2024-11-11T18:47:25.963+0000] {processor.py:183} INFO - Processing /opt/airflow/dags/ModelDevelopment/Prophet.py took 0.875 seconds
[2024-11-11T18:47:57.151+0000] {processor.py:161} INFO - Started process (PID=276) to work on /opt/airflow/dags/ModelDevelopment/Prophet.py
[2024-11-11T18:47:57.153+0000] {processor.py:830} INFO - Processing file /opt/airflow/dags/ModelDevelopment/Prophet.py for tasks to queue
[2024-11-11T18:47:57.159+0000] {logging_mixin.py:188} INFO - [2024-11-11T18:47:57.159+0000] {dagbag.py:545} INFO - Filling up the DagBag from /opt/airflow/dags/ModelDevelopment/Prophet.py
[2024-11-11T18:47:58.223+0000] {logging_mixin.py:188} INFO - [2024-11-11T18:47:58.223+0000] {plot.py:39} ERROR - Importing plotly failed. Interactive plots will not work.
[2024-11-11T18:47:58.550+0000] {processor.py:842} WARNING - No viable dags retrieved from /opt/airflow/dags/ModelDevelopment/Prophet.py
[2024-11-11T18:47:58.569+0000] {processor.py:183} INFO - Processing /opt/airflow/dags/ModelDevelopment/Prophet.py took 1.438 seconds
[2024-11-11T18:48:28.835+0000] {processor.py:161} INFO - Started process (PID=338) to work on /opt/airflow/dags/ModelDevelopment/Prophet.py
[2024-11-11T18:48:28.835+0000] {processor.py:830} INFO - Processing file /opt/airflow/dags/ModelDevelopment/Prophet.py for tasks to queue
[2024-11-11T18:48:28.837+0000] {logging_mixin.py:188} INFO - [2024-11-11T18:48:28.837+0000] {dagbag.py:545} INFO - Filling up the DagBag from /opt/airflow/dags/ModelDevelopment/Prophet.py
[2024-11-11T18:48:29.508+0000] {logging_mixin.py:188} INFO - [2024-11-11T18:48:29.508+0000] {plot.py:39} ERROR - Importing plotly failed. Interactive plots will not work.
[2024-11-11T18:48:29.662+0000] {processor.py:842} WARNING - No viable dags retrieved from /opt/airflow/dags/ModelDevelopment/Prophet.py
[2024-11-11T18:48:29.667+0000] {processor.py:183} INFO - Processing /opt/airflow/dags/ModelDevelopment/Prophet.py took 0.836 seconds
[2024-11-11T18:49:01.073+0000] {processor.py:161} INFO - Started process (PID=409) to work on /opt/airflow/dags/ModelDevelopment/Prophet.py
[2024-11-11T18:49:01.074+0000] {processor.py:830} INFO - Processing file /opt/airflow/dags/ModelDevelopment/Prophet.py for tasks to queue
[2024-11-11T18:49:01.076+0000] {logging_mixin.py:188} INFO - [2024-11-11T18:49:01.076+0000] {dagbag.py:545} INFO - Filling up the DagBag from /opt/airflow/dags/ModelDevelopment/Prophet.py
[2024-11-11T18:49:01.784+0000] {logging_mixin.py:188} INFO - [2024-11-11T18:49:01.784+0000] {plot.py:39} ERROR - Importing plotly failed. Interactive plots will not work.
[2024-11-11T18:49:01.933+0000] {processor.py:842} WARNING - No viable dags retrieved from /opt/airflow/dags/ModelDevelopment/Prophet.py
[2024-11-11T18:49:01.941+0000] {processor.py:183} INFO - Processing /opt/airflow/dags/ModelDevelopment/Prophet.py took 0.875 seconds
[2024-11-11T18:49:32.104+0000] {processor.py:161} INFO - Started process (PID=471) to work on /opt/airflow/dags/ModelDevelopment/Prophet.py
[2024-11-11T18:49:32.105+0000] {processor.py:830} INFO - Processing file /opt/airflow/dags/ModelDevelopment/Prophet.py for tasks to queue
[2024-11-11T18:49:32.106+0000] {logging_mixin.py:188} INFO - [2024-11-11T18:49:32.106+0000] {dagbag.py:545} INFO - Filling up the DagBag from /opt/airflow/dags/ModelDevelopment/Prophet.py
[2024-11-11T18:49:32.771+0000] {logging_mixin.py:188} INFO - [2024-11-11T18:49:32.771+0000] {plot.py:39} ERROR - Importing plotly failed. Interactive plots will not work.
[2024-11-11T18:49:32.903+0000] {processor.py:842} WARNING - No viable dags retrieved from /opt/airflow/dags/ModelDevelopment/Prophet.py
[2024-11-11T18:49:32.909+0000] {processor.py:183} INFO - Processing /opt/airflow/dags/ModelDevelopment/Prophet.py took 0.809 seconds
[2024-11-11T18:50:03.567+0000] {processor.py:161} INFO - Started process (PID=533) to work on /opt/airflow/dags/ModelDevelopment/Prophet.py
[2024-11-11T18:50:03.568+0000] {processor.py:830} INFO - Processing file /opt/airflow/dags/ModelDevelopment/Prophet.py for tasks to queue
[2024-11-11T18:50:03.569+0000] {logging_mixin.py:188} INFO - [2024-11-11T18:50:03.569+0000] {dagbag.py:545} INFO - Filling up the DagBag from /opt/airflow/dags/ModelDevelopment/Prophet.py
[2024-11-11T18:50:04.218+0000] {logging_mixin.py:188} INFO - [2024-11-11T18:50:04.218+0000] {plot.py:39} ERROR - Importing plotly failed. Interactive plots will not work.
[2024-11-11T18:50:04.368+0000] {processor.py:842} WARNING - No viable dags retrieved from /opt/airflow/dags/ModelDevelopment/Prophet.py
[2024-11-11T18:50:04.375+0000] {processor.py:183} INFO - Processing /opt/airflow/dags/ModelDevelopment/Prophet.py took 0.815 seconds
[2024-11-11T18:50:34.659+0000] {processor.py:161} INFO - Started process (PID=587) to work on /opt/airflow/dags/ModelDevelopment/Prophet.py
[2024-11-11T18:50:34.660+0000] {processor.py:830} INFO - Processing file /opt/airflow/dags/ModelDevelopment/Prophet.py for tasks to queue
[2024-11-11T18:50:34.662+0000] {logging_mixin.py:188} INFO - [2024-11-11T18:50:34.662+0000] {dagbag.py:545} INFO - Filling up the DagBag from /opt/airflow/dags/ModelDevelopment/Prophet.py
[2024-11-11T18:50:35.408+0000] {logging_mixin.py:188} INFO - [2024-11-11T18:50:35.408+0000] {plot.py:39} ERROR - Importing plotly failed. Interactive plots will not work.
[2024-11-11T18:50:35.590+0000] {processor.py:842} WARNING - No viable dags retrieved from /opt/airflow/dags/ModelDevelopment/Prophet.py
[2024-11-11T18:50:35.603+0000] {processor.py:183} INFO - Processing /opt/airflow/dags/ModelDevelopment/Prophet.py took 0.950 seconds
[2024-11-11T18:51:05.709+0000] {processor.py:161} INFO - Started process (PID=648) to work on /opt/airflow/dags/ModelDevelopment/Prophet.py
[2024-11-11T18:51:05.709+0000] {processor.py:830} INFO - Processing file /opt/airflow/dags/ModelDevelopment/Prophet.py for tasks to queue
[2024-11-11T18:51:05.710+0000] {logging_mixin.py:188} INFO - [2024-11-11T18:51:05.710+0000] {dagbag.py:545} INFO - Filling up the DagBag from /opt/airflow/dags/ModelDevelopment/Prophet.py
[2024-11-11T18:51:06.376+0000] {logging_mixin.py:188} INFO - [2024-11-11T18:51:06.375+0000] {plot.py:39} ERROR - Importing plotly failed. Interactive plots will not work.
[2024-11-11T18:51:06.531+0000] {processor.py:842} WARNING - No viable dags retrieved from /opt/airflow/dags/ModelDevelopment/Prophet.py
[2024-11-11T18:51:06.538+0000] {processor.py:183} INFO - Processing /opt/airflow/dags/ModelDevelopment/Prophet.py took 0.832 seconds
[2024-11-11T18:51:36.569+0000] {processor.py:161} INFO - Started process (PID=701) to work on /opt/airflow/dags/ModelDevelopment/Prophet.py
[2024-11-11T18:51:36.570+0000] {processor.py:830} INFO - Processing file /opt/airflow/dags/ModelDevelopment/Prophet.py for tasks to queue
[2024-11-11T18:51:36.573+0000] {logging_mixin.py:188} INFO - [2024-11-11T18:51:36.572+0000] {dagbag.py:545} INFO - Filling up the DagBag from /opt/airflow/dags/ModelDevelopment/Prophet.py
[2024-11-11T18:51:37.457+0000] {logging_mixin.py:188} INFO - [2024-11-11T18:51:37.457+0000] {plot.py:39} ERROR - Importing plotly failed. Interactive plots will not work.
[2024-11-11T18:51:37.673+0000] {processor.py:842} WARNING - No viable dags retrieved from /opt/airflow/dags/ModelDevelopment/Prophet.py
[2024-11-11T18:51:37.693+0000] {processor.py:183} INFO - Processing /opt/airflow/dags/ModelDevelopment/Prophet.py took 1.128 seconds
[2024-11-11T18:52:08.448+0000] {processor.py:161} INFO - Started process (PID=762) to work on /opt/airflow/dags/ModelDevelopment/Prophet.py
[2024-11-11T18:52:08.449+0000] {processor.py:830} INFO - Processing file /opt/airflow/dags/ModelDevelopment/Prophet.py for tasks to queue
[2024-11-11T18:52:08.450+0000] {logging_mixin.py:188} INFO - [2024-11-11T18:52:08.449+0000] {dagbag.py:545} INFO - Filling up the DagBag from /opt/airflow/dags/ModelDevelopment/Prophet.py
[2024-11-11T18:52:09.103+0000] {logging_mixin.py:188} INFO - [2024-11-11T18:52:09.103+0000] {plot.py:39} ERROR - Importing plotly failed. Interactive plots will not work.
[2024-11-11T18:52:09.266+0000] {processor.py:842} WARNING - No viable dags retrieved from /opt/airflow/dags/ModelDevelopment/Prophet.py
[2024-11-11T18:52:09.274+0000] {processor.py:183} INFO - Processing /opt/airflow/dags/ModelDevelopment/Prophet.py took 0.830 seconds
[2024-11-11T18:52:39.352+0000] {processor.py:161} INFO - Started process (PID=824) to work on /opt/airflow/dags/ModelDevelopment/Prophet.py
[2024-11-11T18:52:39.353+0000] {processor.py:830} INFO - Processing file /opt/airflow/dags/ModelDevelopment/Prophet.py for tasks to queue
[2024-11-11T18:52:39.354+0000] {logging_mixin.py:188} INFO - [2024-11-11T18:52:39.354+0000] {dagbag.py:545} INFO - Filling up the DagBag from /opt/airflow/dags/ModelDevelopment/Prophet.py
[2024-11-11T18:52:40.088+0000] {logging_mixin.py:188} INFO - [2024-11-11T18:52:40.088+0000] {plot.py:39} ERROR - Importing plotly failed. Interactive plots will not work.
[2024-11-11T18:52:40.298+0000] {processor.py:842} WARNING - No viable dags retrieved from /opt/airflow/dags/ModelDevelopment/Prophet.py
[2024-11-11T18:52:40.306+0000] {processor.py:183} INFO - Processing /opt/airflow/dags/ModelDevelopment/Prophet.py took 0.957 seconds
[2024-11-11T18:53:10.536+0000] {processor.py:161} INFO - Started process (PID=894) to work on /opt/airflow/dags/ModelDevelopment/Prophet.py
[2024-11-11T18:53:10.537+0000] {processor.py:830} INFO - Processing file /opt/airflow/dags/ModelDevelopment/Prophet.py for tasks to queue
[2024-11-11T18:53:10.539+0000] {logging_mixin.py:188} INFO - [2024-11-11T18:53:10.539+0000] {dagbag.py:545} INFO - Filling up the DagBag from /opt/airflow/dags/ModelDevelopment/Prophet.py
[2024-11-11T18:53:11.314+0000] {logging_mixin.py:188} INFO - [2024-11-11T18:53:11.314+0000] {plot.py:39} ERROR - Importing plotly failed. Interactive plots will not work.
[2024-11-11T18:53:11.514+0000] {processor.py:842} WARNING - No viable dags retrieved from /opt/airflow/dags/ModelDevelopment/Prophet.py
[2024-11-11T18:53:11.522+0000] {processor.py:183} INFO - Processing /opt/airflow/dags/ModelDevelopment/Prophet.py took 0.993 seconds
[2024-11-11T18:53:42.081+0000] {processor.py:161} INFO - Started process (PID=966) to work on /opt/airflow/dags/ModelDevelopment/Prophet.py
[2024-11-11T18:53:42.082+0000] {processor.py:830} INFO - Processing file /opt/airflow/dags/ModelDevelopment/Prophet.py for tasks to queue
[2024-11-11T18:53:42.083+0000] {logging_mixin.py:188} INFO - [2024-11-11T18:53:42.083+0000] {dagbag.py:545} INFO - Filling up the DagBag from /opt/airflow/dags/ModelDevelopment/Prophet.py
[2024-11-11T18:53:42.874+0000] {logging_mixin.py:188} INFO - [2024-11-11T18:53:42.874+0000] {plot.py:39} ERROR - Importing plotly failed. Interactive plots will not work.
[2024-11-11T18:53:43.057+0000] {processor.py:842} WARNING - No viable dags retrieved from /opt/airflow/dags/ModelDevelopment/Prophet.py
[2024-11-11T18:53:43.065+0000] {processor.py:183} INFO - Processing /opt/airflow/dags/ModelDevelopment/Prophet.py took 0.987 seconds
[2024-11-11T18:54:13.330+0000] {processor.py:161} INFO - Started process (PID=1028) to work on /opt/airflow/dags/ModelDevelopment/Prophet.py
[2024-11-11T18:54:13.331+0000] {processor.py:830} INFO - Processing file /opt/airflow/dags/ModelDevelopment/Prophet.py for tasks to queue
[2024-11-11T18:54:13.333+0000] {logging_mixin.py:188} INFO - [2024-11-11T18:54:13.332+0000] {dagbag.py:545} INFO - Filling up the DagBag from /opt/airflow/dags/ModelDevelopment/Prophet.py
[2024-11-11T18:54:14.032+0000] {logging_mixin.py:188} INFO - [2024-11-11T18:54:14.032+0000] {plot.py:39} ERROR - Importing plotly failed. Interactive plots will not work.
[2024-11-11T18:54:14.223+0000] {processor.py:842} WARNING - No viable dags retrieved from /opt/airflow/dags/ModelDevelopment/Prophet.py
[2024-11-11T18:54:14.234+0000] {processor.py:183} INFO - Processing /opt/airflow/dags/ModelDevelopment/Prophet.py took 0.909 seconds
[2024-11-11T18:54:58.708+0000] {processor.py:161} INFO - Started process (PID=85) to work on /opt/airflow/dags/ModelDevelopment/Prophet.py
[2024-11-11T18:54:58.710+0000] {processor.py:830} INFO - Processing file /opt/airflow/dags/ModelDevelopment/Prophet.py for tasks to queue
[2024-11-11T18:54:58.712+0000] {logging_mixin.py:188} INFO - [2024-11-11T18:54:58.712+0000] {dagbag.py:545} INFO - Filling up the DagBag from /opt/airflow/dags/ModelDevelopment/Prophet.py
[2024-11-11T18:55:00.049+0000] {logging_mixin.py:188} INFO - [2024-11-11T18:55:00.049+0000] {plot.py:39} ERROR - Importing plotly failed. Interactive plots will not work.
[2024-11-11T18:55:00.277+0000] {processor.py:842} WARNING - No viable dags retrieved from /opt/airflow/dags/ModelDevelopment/Prophet.py
[2024-11-11T18:55:00.302+0000] {processor.py:183} INFO - Processing /opt/airflow/dags/ModelDevelopment/Prophet.py took 1.605 seconds
[2024-11-11T18:55:30.392+0000] {processor.py:161} INFO - Started process (PID=153) to work on /opt/airflow/dags/ModelDevelopment/Prophet.py
[2024-11-11T18:55:30.392+0000] {processor.py:830} INFO - Processing file /opt/airflow/dags/ModelDevelopment/Prophet.py for tasks to queue
[2024-11-11T18:55:30.394+0000] {logging_mixin.py:188} INFO - [2024-11-11T18:55:30.394+0000] {dagbag.py:545} INFO - Filling up the DagBag from /opt/airflow/dags/ModelDevelopment/Prophet.py
[2024-11-11T18:55:31.059+0000] {logging_mixin.py:188} INFO - [2024-11-11T18:55:31.059+0000] {plot.py:39} ERROR - Importing plotly failed. Interactive plots will not work.
[2024-11-11T18:55:31.211+0000] {processor.py:842} WARNING - No viable dags retrieved from /opt/airflow/dags/ModelDevelopment/Prophet.py
[2024-11-11T18:55:31.219+0000] {processor.py:183} INFO - Processing /opt/airflow/dags/ModelDevelopment/Prophet.py took 0.831 seconds
[2024-11-11T18:56:01.575+0000] {processor.py:161} INFO - Started process (PID=215) to work on /opt/airflow/dags/ModelDevelopment/Prophet.py
[2024-11-11T18:56:01.576+0000] {processor.py:830} INFO - Processing file /opt/airflow/dags/ModelDevelopment/Prophet.py for tasks to queue
[2024-11-11T18:56:01.578+0000] {logging_mixin.py:188} INFO - [2024-11-11T18:56:01.577+0000] {dagbag.py:545} INFO - Filling up the DagBag from /opt/airflow/dags/ModelDevelopment/Prophet.py
[2024-11-11T18:56:02.240+0000] {logging_mixin.py:188} INFO - [2024-11-11T18:56:02.239+0000] {plot.py:39} ERROR - Importing plotly failed. Interactive plots will not work.
[2024-11-11T18:56:02.419+0000] {processor.py:842} WARNING - No viable dags retrieved from /opt/airflow/dags/ModelDevelopment/Prophet.py
[2024-11-11T18:56:02.428+0000] {processor.py:183} INFO - Processing /opt/airflow/dags/ModelDevelopment/Prophet.py took 0.855 seconds
[2024-11-11T18:56:33.238+0000] {processor.py:161} INFO - Started process (PID=277) to work on /opt/airflow/dags/ModelDevelopment/Prophet.py
[2024-11-11T18:56:33.239+0000] {processor.py:830} INFO - Processing file /opt/airflow/dags/ModelDevelopment/Prophet.py for tasks to queue
[2024-11-11T18:56:33.242+0000] {logging_mixin.py:188} INFO - [2024-11-11T18:56:33.241+0000] {dagbag.py:545} INFO - Filling up the DagBag from /opt/airflow/dags/ModelDevelopment/Prophet.py
[2024-11-11T18:56:33.901+0000] {logging_mixin.py:188} INFO - [2024-11-11T18:56:33.900+0000] {plot.py:39} ERROR - Importing plotly failed. Interactive plots will not work.
[2024-11-11T18:56:34.056+0000] {processor.py:842} WARNING - No viable dags retrieved from /opt/airflow/dags/ModelDevelopment/Prophet.py
[2024-11-11T18:56:34.064+0000] {processor.py:183} INFO - Processing /opt/airflow/dags/ModelDevelopment/Prophet.py took 0.834 seconds
