[2024-11-11T04:14:53.546+0000] {processor.py:161} INFO - Started process (PID=83) to work on /opt/airflow/dags/ModelDevelopment/RandomForest.py
[2024-11-11T04:14:53.551+0000] {processor.py:830} INFO - Processing file /opt/airflow/dags/ModelDevelopment/RandomForest.py for tasks to queue
[2024-11-11T04:14:53.560+0000] {logging_mixin.py:188} INFO - [2024-11-11T04:14:53.557+0000] {dagbag.py:545} INFO - Filling up the DagBag from /opt/airflow/dags/ModelDevelopment/RandomForest.py
[2024-11-11T04:14:58.380+0000] {processor.py:842} WARNING - No viable dags retrieved from /opt/airflow/dags/ModelDevelopment/RandomForest.py
[2024-11-11T04:14:58.466+0000] {processor.py:183} INFO - Processing /opt/airflow/dags/ModelDevelopment/RandomForest.py took 4.940 seconds
[2024-11-11T04:15:28.835+0000] {processor.py:161} INFO - Started process (PID=145) to work on /opt/airflow/dags/ModelDevelopment/RandomForest.py
[2024-11-11T04:15:28.838+0000] {processor.py:830} INFO - Processing file /opt/airflow/dags/ModelDevelopment/RandomForest.py for tasks to queue
[2024-11-11T04:15:28.840+0000] {logging_mixin.py:188} INFO - [2024-11-11T04:15:28.840+0000] {dagbag.py:545} INFO - Filling up the DagBag from /opt/airflow/dags/ModelDevelopment/RandomForest.py
[2024-11-11T04:15:31.029+0000] {processor.py:842} WARNING - No viable dags retrieved from /opt/airflow/dags/ModelDevelopment/RandomForest.py
[2024-11-11T04:15:31.063+0000] {processor.py:183} INFO - Processing /opt/airflow/dags/ModelDevelopment/RandomForest.py took 2.250 seconds
[2024-11-11T04:16:01.658+0000] {processor.py:161} INFO - Started process (PID=207) to work on /opt/airflow/dags/ModelDevelopment/RandomForest.py
[2024-11-11T04:16:01.660+0000] {processor.py:830} INFO - Processing file /opt/airflow/dags/ModelDevelopment/RandomForest.py for tasks to queue
[2024-11-11T04:16:01.663+0000] {logging_mixin.py:188} INFO - [2024-11-11T04:16:01.663+0000] {dagbag.py:545} INFO - Filling up the DagBag from /opt/airflow/dags/ModelDevelopment/RandomForest.py
[2024-11-11T04:16:02.710+0000] {processor.py:842} WARNING - No viable dags retrieved from /opt/airflow/dags/ModelDevelopment/RandomForest.py
[2024-11-11T04:16:02.724+0000] {processor.py:183} INFO - Processing /opt/airflow/dags/ModelDevelopment/RandomForest.py took 1.074 seconds
[2024-11-11T04:16:32.819+0000] {processor.py:161} INFO - Started process (PID=269) to work on /opt/airflow/dags/ModelDevelopment/RandomForest.py
[2024-11-11T04:16:32.819+0000] {processor.py:830} INFO - Processing file /opt/airflow/dags/ModelDevelopment/RandomForest.py for tasks to queue
[2024-11-11T04:16:32.820+0000] {logging_mixin.py:188} INFO - [2024-11-11T04:16:32.820+0000] {dagbag.py:545} INFO - Filling up the DagBag from /opt/airflow/dags/ModelDevelopment/RandomForest.py
[2024-11-11T04:16:33.683+0000] {processor.py:842} WARNING - No viable dags retrieved from /opt/airflow/dags/ModelDevelopment/RandomForest.py
[2024-11-11T04:16:33.695+0000] {processor.py:183} INFO - Processing /opt/airflow/dags/ModelDevelopment/RandomForest.py took 0.879 seconds
[2024-11-11T17:45:48.223+0000] {processor.py:161} INFO - Started process (PID=136) to work on /opt/airflow/dags/ModelDevelopment/RandomForest.py
[2024-11-11T17:45:48.225+0000] {processor.py:830} INFO - Processing file /opt/airflow/dags/ModelDevelopment/RandomForest.py for tasks to queue
[2024-11-11T17:45:48.227+0000] {logging_mixin.py:188} INFO - [2024-11-11T17:45:48.227+0000] {dagbag.py:545} INFO - Filling up the DagBag from /opt/airflow/dags/ModelDevelopment/RandomForest.py
[2024-11-11T17:45:49.310+0000] {logging_mixin.py:188} INFO - [2024-11-11T17:45:49.310+0000] {font_manager.py:1584} INFO - generated new fontManager
[2024-11-11T17:45:50.019+0000] {processor.py:842} WARNING - No viable dags retrieved from /opt/airflow/dags/ModelDevelopment/RandomForest.py
[2024-11-11T17:45:50.038+0000] {processor.py:183} INFO - Processing /opt/airflow/dags/ModelDevelopment/RandomForest.py took 1.820 seconds
[2024-11-11T17:46:20.643+0000] {processor.py:161} INFO - Started process (PID=192) to work on /opt/airflow/dags/ModelDevelopment/RandomForest.py
[2024-11-11T17:46:20.655+0000] {processor.py:830} INFO - Processing file /opt/airflow/dags/ModelDevelopment/RandomForest.py for tasks to queue
[2024-11-11T17:46:20.682+0000] {logging_mixin.py:188} INFO - [2024-11-11T17:46:20.675+0000] {dagbag.py:545} INFO - Filling up the DagBag from /opt/airflow/dags/ModelDevelopment/RandomForest.py
[2024-11-11T17:46:26.793+0000] {processor.py:842} WARNING - No viable dags retrieved from /opt/airflow/dags/ModelDevelopment/RandomForest.py
[2024-11-11T17:46:26.832+0000] {processor.py:183} INFO - Processing /opt/airflow/dags/ModelDevelopment/RandomForest.py took 6.269 seconds
[2024-11-11T17:46:57.464+0000] {processor.py:161} INFO - Started process (PID=253) to work on /opt/airflow/dags/ModelDevelopment/RandomForest.py
[2024-11-11T17:46:57.465+0000] {processor.py:830} INFO - Processing file /opt/airflow/dags/ModelDevelopment/RandomForest.py for tasks to queue
[2024-11-11T17:46:57.468+0000] {logging_mixin.py:188} INFO - [2024-11-11T17:46:57.468+0000] {dagbag.py:545} INFO - Filling up the DagBag from /opt/airflow/dags/ModelDevelopment/RandomForest.py
[2024-11-11T17:46:58.931+0000] {processor.py:842} WARNING - No viable dags retrieved from /opt/airflow/dags/ModelDevelopment/RandomForest.py
[2024-11-11T17:46:58.949+0000] {processor.py:183} INFO - Processing /opt/airflow/dags/ModelDevelopment/RandomForest.py took 1.492 seconds
[2024-11-11T17:47:29.072+0000] {processor.py:161} INFO - Started process (PID=315) to work on /opt/airflow/dags/ModelDevelopment/RandomForest.py
[2024-11-11T17:47:29.073+0000] {processor.py:830} INFO - Processing file /opt/airflow/dags/ModelDevelopment/RandomForest.py for tasks to queue
[2024-11-11T17:47:29.076+0000] {logging_mixin.py:188} INFO - [2024-11-11T17:47:29.075+0000] {dagbag.py:545} INFO - Filling up the DagBag from /opt/airflow/dags/ModelDevelopment/RandomForest.py
[2024-11-11T17:47:30.379+0000] {processor.py:842} WARNING - No viable dags retrieved from /opt/airflow/dags/ModelDevelopment/RandomForest.py
[2024-11-11T17:47:30.394+0000] {processor.py:183} INFO - Processing /opt/airflow/dags/ModelDevelopment/RandomForest.py took 1.329 seconds
[2024-11-11T17:48:00.743+0000] {processor.py:161} INFO - Started process (PID=377) to work on /opt/airflow/dags/ModelDevelopment/RandomForest.py
[2024-11-11T17:48:00.745+0000] {processor.py:830} INFO - Processing file /opt/airflow/dags/ModelDevelopment/RandomForest.py for tasks to queue
[2024-11-11T17:48:00.747+0000] {logging_mixin.py:188} INFO - [2024-11-11T17:48:00.747+0000] {dagbag.py:545} INFO - Filling up the DagBag from /opt/airflow/dags/ModelDevelopment/RandomForest.py
[2024-11-11T17:48:02.101+0000] {processor.py:842} WARNING - No viable dags retrieved from /opt/airflow/dags/ModelDevelopment/RandomForest.py
[2024-11-11T17:48:02.115+0000] {processor.py:183} INFO - Processing /opt/airflow/dags/ModelDevelopment/RandomForest.py took 1.394 seconds
[2024-11-11T17:48:32.200+0000] {processor.py:161} INFO - Started process (PID=439) to work on /opt/airflow/dags/ModelDevelopment/RandomForest.py
[2024-11-11T17:48:32.204+0000] {processor.py:830} INFO - Processing file /opt/airflow/dags/ModelDevelopment/RandomForest.py for tasks to queue
[2024-11-11T17:48:32.208+0000] {logging_mixin.py:188} INFO - [2024-11-11T17:48:32.207+0000] {dagbag.py:545} INFO - Filling up the DagBag from /opt/airflow/dags/ModelDevelopment/RandomForest.py
[2024-11-11T17:48:33.429+0000] {processor.py:842} WARNING - No viable dags retrieved from /opt/airflow/dags/ModelDevelopment/RandomForest.py
[2024-11-11T17:48:33.441+0000] {processor.py:183} INFO - Processing /opt/airflow/dags/ModelDevelopment/RandomForest.py took 1.255 seconds
[2024-11-11T18:19:08.460+0000] {processor.py:161} INFO - Started process (PID=82) to work on /opt/airflow/dags/ModelDevelopment/RandomForest.py
[2024-11-11T18:19:08.461+0000] {processor.py:830} INFO - Processing file /opt/airflow/dags/ModelDevelopment/RandomForest.py for tasks to queue
[2024-11-11T18:19:08.465+0000] {logging_mixin.py:188} INFO - [2024-11-11T18:19:08.465+0000] {dagbag.py:545} INFO - Filling up the DagBag from /opt/airflow/dags/ModelDevelopment/RandomForest.py
[2024-11-11T18:19:11.765+0000] {processor.py:842} WARNING - No viable dags retrieved from /opt/airflow/dags/ModelDevelopment/RandomForest.py
[2024-11-11T18:19:11.836+0000] {processor.py:183} INFO - Processing /opt/airflow/dags/ModelDevelopment/RandomForest.py took 3.386 seconds
[2024-11-11T18:19:42.012+0000] {processor.py:161} INFO - Started process (PID=135) to work on /opt/airflow/dags/ModelDevelopment/RandomForest.py
[2024-11-11T18:19:42.014+0000] {processor.py:830} INFO - Processing file /opt/airflow/dags/ModelDevelopment/RandomForest.py for tasks to queue
[2024-11-11T18:19:42.016+0000] {logging_mixin.py:188} INFO - [2024-11-11T18:19:42.016+0000] {dagbag.py:545} INFO - Filling up the DagBag from /opt/airflow/dags/ModelDevelopment/RandomForest.py
[2024-11-11T18:19:43.325+0000] {processor.py:842} WARNING - No viable dags retrieved from /opt/airflow/dags/ModelDevelopment/RandomForest.py
[2024-11-11T18:19:43.332+0000] {processor.py:183} INFO - Processing /opt/airflow/dags/ModelDevelopment/RandomForest.py took 1.336 seconds
[2024-11-11T18:20:13.641+0000] {processor.py:161} INFO - Started process (PID=197) to work on /opt/airflow/dags/ModelDevelopment/RandomForest.py
[2024-11-11T18:20:13.642+0000] {processor.py:830} INFO - Processing file /opt/airflow/dags/ModelDevelopment/RandomForest.py for tasks to queue
[2024-11-11T18:20:13.645+0000] {logging_mixin.py:188} INFO - [2024-11-11T18:20:13.645+0000] {dagbag.py:545} INFO - Filling up the DagBag from /opt/airflow/dags/ModelDevelopment/RandomForest.py
[2024-11-11T18:20:14.754+0000] {processor.py:842} WARNING - No viable dags retrieved from /opt/airflow/dags/ModelDevelopment/RandomForest.py
[2024-11-11T18:20:14.779+0000] {processor.py:183} INFO - Processing /opt/airflow/dags/ModelDevelopment/RandomForest.py took 1.145 seconds
[2024-11-11T18:20:45.137+0000] {processor.py:161} INFO - Started process (PID=259) to work on /opt/airflow/dags/ModelDevelopment/RandomForest.py
[2024-11-11T18:20:45.139+0000] {processor.py:830} INFO - Processing file /opt/airflow/dags/ModelDevelopment/RandomForest.py for tasks to queue
[2024-11-11T18:20:45.141+0000] {logging_mixin.py:188} INFO - [2024-11-11T18:20:45.141+0000] {dagbag.py:545} INFO - Filling up the DagBag from /opt/airflow/dags/ModelDevelopment/RandomForest.py
[2024-11-11T18:20:46.098+0000] {processor.py:842} WARNING - No viable dags retrieved from /opt/airflow/dags/ModelDevelopment/RandomForest.py
[2024-11-11T18:20:46.109+0000] {processor.py:183} INFO - Processing /opt/airflow/dags/ModelDevelopment/RandomForest.py took 0.982 seconds
[2024-11-11T18:21:16.511+0000] {processor.py:161} INFO - Started process (PID=321) to work on /opt/airflow/dags/ModelDevelopment/RandomForest.py
[2024-11-11T18:21:16.518+0000] {processor.py:830} INFO - Processing file /opt/airflow/dags/ModelDevelopment/RandomForest.py for tasks to queue
[2024-11-11T18:21:16.523+0000] {logging_mixin.py:188} INFO - [2024-11-11T18:21:16.523+0000] {dagbag.py:545} INFO - Filling up the DagBag from /opt/airflow/dags/ModelDevelopment/RandomForest.py
[2024-11-11T18:21:17.818+0000] {processor.py:842} WARNING - No viable dags retrieved from /opt/airflow/dags/ModelDevelopment/RandomForest.py
[2024-11-11T18:21:17.836+0000] {processor.py:183} INFO - Processing /opt/airflow/dags/ModelDevelopment/RandomForest.py took 1.336 seconds
[2024-11-11T18:21:47.983+0000] {processor.py:161} INFO - Started process (PID=392) to work on /opt/airflow/dags/ModelDevelopment/RandomForest.py
[2024-11-11T18:21:47.984+0000] {processor.py:830} INFO - Processing file /opt/airflow/dags/ModelDevelopment/RandomForest.py for tasks to queue
[2024-11-11T18:21:47.986+0000] {logging_mixin.py:188} INFO - [2024-11-11T18:21:47.985+0000] {dagbag.py:545} INFO - Filling up the DagBag from /opt/airflow/dags/ModelDevelopment/RandomForest.py
[2024-11-11T18:21:49.032+0000] {processor.py:842} WARNING - No viable dags retrieved from /opt/airflow/dags/ModelDevelopment/RandomForest.py
[2024-11-11T18:21:49.043+0000] {processor.py:183} INFO - Processing /opt/airflow/dags/ModelDevelopment/RandomForest.py took 1.065 seconds
[2024-11-11T18:31:39.438+0000] {processor.py:161} INFO - Started process (PID=74) to work on /opt/airflow/dags/ModelDevelopment/RandomForest.py
[2024-11-11T18:31:39.440+0000] {processor.py:830} INFO - Processing file /opt/airflow/dags/ModelDevelopment/RandomForest.py for tasks to queue
[2024-11-11T18:31:39.443+0000] {logging_mixin.py:188} INFO - [2024-11-11T18:31:39.443+0000] {dagbag.py:545} INFO - Filling up the DagBag from /opt/airflow/dags/ModelDevelopment/RandomForest.py
[2024-11-11T18:31:41.965+0000] {processor.py:842} WARNING - No viable dags retrieved from /opt/airflow/dags/ModelDevelopment/RandomForest.py
[2024-11-11T18:31:41.981+0000] {processor.py:183} INFO - Processing /opt/airflow/dags/ModelDevelopment/RandomForest.py took 2.550 seconds
[2024-11-11T18:32:12.523+0000] {processor.py:161} INFO - Started process (PID=144) to work on /opt/airflow/dags/ModelDevelopment/RandomForest.py
[2024-11-11T18:32:12.524+0000] {processor.py:830} INFO - Processing file /opt/airflow/dags/ModelDevelopment/RandomForest.py for tasks to queue
[2024-11-11T18:32:12.527+0000] {logging_mixin.py:188} INFO - [2024-11-11T18:32:12.527+0000] {dagbag.py:545} INFO - Filling up the DagBag from /opt/airflow/dags/ModelDevelopment/RandomForest.py
[2024-11-11T18:32:13.609+0000] {processor.py:842} WARNING - No viable dags retrieved from /opt/airflow/dags/ModelDevelopment/RandomForest.py
[2024-11-11T18:32:13.618+0000] {processor.py:183} INFO - Processing /opt/airflow/dags/ModelDevelopment/RandomForest.py took 1.097 seconds
[2024-11-11T18:32:44.223+0000] {processor.py:161} INFO - Started process (PID=206) to work on /opt/airflow/dags/ModelDevelopment/RandomForest.py
[2024-11-11T18:32:44.223+0000] {processor.py:830} INFO - Processing file /opt/airflow/dags/ModelDevelopment/RandomForest.py for tasks to queue
[2024-11-11T18:32:44.226+0000] {logging_mixin.py:188} INFO - [2024-11-11T18:32:44.226+0000] {dagbag.py:545} INFO - Filling up the DagBag from /opt/airflow/dags/ModelDevelopment/RandomForest.py
[2024-11-11T18:32:45.796+0000] {processor.py:842} WARNING - No viable dags retrieved from /opt/airflow/dags/ModelDevelopment/RandomForest.py
[2024-11-11T18:32:45.815+0000] {processor.py:183} INFO - Processing /opt/airflow/dags/ModelDevelopment/RandomForest.py took 1.597 seconds
[2024-11-11T18:33:16.185+0000] {processor.py:161} INFO - Started process (PID=266) to work on /opt/airflow/dags/ModelDevelopment/RandomForest.py
[2024-11-11T18:33:16.188+0000] {processor.py:830} INFO - Processing file /opt/airflow/dags/ModelDevelopment/RandomForest.py for tasks to queue
[2024-11-11T18:33:16.191+0000] {logging_mixin.py:188} INFO - [2024-11-11T18:33:16.190+0000] {dagbag.py:545} INFO - Filling up the DagBag from /opt/airflow/dags/ModelDevelopment/RandomForest.py
[2024-11-11T18:33:17.655+0000] {processor.py:842} WARNING - No viable dags retrieved from /opt/airflow/dags/ModelDevelopment/RandomForest.py
[2024-11-11T18:33:17.682+0000] {processor.py:183} INFO - Processing /opt/airflow/dags/ModelDevelopment/RandomForest.py took 1.508 seconds
[2024-11-11T18:33:48.300+0000] {processor.py:161} INFO - Started process (PID=328) to work on /opt/airflow/dags/ModelDevelopment/RandomForest.py
[2024-11-11T18:33:48.302+0000] {processor.py:830} INFO - Processing file /opt/airflow/dags/ModelDevelopment/RandomForest.py for tasks to queue
[2024-11-11T18:33:48.304+0000] {logging_mixin.py:188} INFO - [2024-11-11T18:33:48.303+0000] {dagbag.py:545} INFO - Filling up the DagBag from /opt/airflow/dags/ModelDevelopment/RandomForest.py
[2024-11-11T18:33:49.512+0000] {processor.py:842} WARNING - No viable dags retrieved from /opt/airflow/dags/ModelDevelopment/RandomForest.py
[2024-11-11T18:33:49.537+0000] {processor.py:183} INFO - Processing /opt/airflow/dags/ModelDevelopment/RandomForest.py took 1.243 seconds
[2024-11-11T18:34:20.139+0000] {processor.py:161} INFO - Started process (PID=391) to work on /opt/airflow/dags/ModelDevelopment/RandomForest.py
[2024-11-11T18:34:20.142+0000] {processor.py:830} INFO - Processing file /opt/airflow/dags/ModelDevelopment/RandomForest.py for tasks to queue
[2024-11-11T18:34:20.146+0000] {logging_mixin.py:188} INFO - [2024-11-11T18:34:20.146+0000] {dagbag.py:545} INFO - Filling up the DagBag from /opt/airflow/dags/ModelDevelopment/RandomForest.py
[2024-11-11T18:34:21.265+0000] {processor.py:842} WARNING - No viable dags retrieved from /opt/airflow/dags/ModelDevelopment/RandomForest.py
[2024-11-11T18:34:21.275+0000] {processor.py:183} INFO - Processing /opt/airflow/dags/ModelDevelopment/RandomForest.py took 1.153 seconds
[2024-11-11T18:34:51.418+0000] {processor.py:161} INFO - Started process (PID=452) to work on /opt/airflow/dags/ModelDevelopment/RandomForest.py
[2024-11-11T18:34:51.420+0000] {processor.py:830} INFO - Processing file /opt/airflow/dags/ModelDevelopment/RandomForest.py for tasks to queue
[2024-11-11T18:34:51.422+0000] {logging_mixin.py:188} INFO - [2024-11-11T18:34:51.422+0000] {dagbag.py:545} INFO - Filling up the DagBag from /opt/airflow/dags/ModelDevelopment/RandomForest.py
[2024-11-11T18:34:52.634+0000] {processor.py:842} WARNING - No viable dags retrieved from /opt/airflow/dags/ModelDevelopment/RandomForest.py
[2024-11-11T18:34:52.655+0000] {processor.py:183} INFO - Processing /opt/airflow/dags/ModelDevelopment/RandomForest.py took 1.246 seconds
[2024-11-11T18:42:07.468+0000] {processor.py:161} INFO - Started process (PID=76) to work on /opt/airflow/dags/ModelDevelopment/RandomForest.py
[2024-11-11T18:42:07.470+0000] {processor.py:830} INFO - Processing file /opt/airflow/dags/ModelDevelopment/RandomForest.py for tasks to queue
[2024-11-11T18:42:07.474+0000] {logging_mixin.py:188} INFO - [2024-11-11T18:42:07.474+0000] {dagbag.py:545} INFO - Filling up the DagBag from /opt/airflow/dags/ModelDevelopment/RandomForest.py
[2024-11-11T18:42:10.093+0000] {processor.py:842} WARNING - No viable dags retrieved from /opt/airflow/dags/ModelDevelopment/RandomForest.py
[2024-11-11T18:42:10.111+0000] {processor.py:183} INFO - Processing /opt/airflow/dags/ModelDevelopment/RandomForest.py took 2.655 seconds
[2024-11-11T18:42:40.390+0000] {processor.py:161} INFO - Started process (PID=135) to work on /opt/airflow/dags/ModelDevelopment/RandomForest.py
[2024-11-11T18:42:40.390+0000] {processor.py:830} INFO - Processing file /opt/airflow/dags/ModelDevelopment/RandomForest.py for tasks to queue
[2024-11-11T18:42:40.391+0000] {logging_mixin.py:188} INFO - [2024-11-11T18:42:40.391+0000] {dagbag.py:545} INFO - Filling up the DagBag from /opt/airflow/dags/ModelDevelopment/RandomForest.py
[2024-11-11T18:42:41.398+0000] {processor.py:842} WARNING - No viable dags retrieved from /opt/airflow/dags/ModelDevelopment/RandomForest.py
[2024-11-11T18:42:41.410+0000] {processor.py:183} INFO - Processing /opt/airflow/dags/ModelDevelopment/RandomForest.py took 1.023 seconds
[2024-11-11T18:43:11.655+0000] {processor.py:161} INFO - Started process (PID=206) to work on /opt/airflow/dags/ModelDevelopment/RandomForest.py
[2024-11-11T18:43:11.656+0000] {processor.py:830} INFO - Processing file /opt/airflow/dags/ModelDevelopment/RandomForest.py for tasks to queue
[2024-11-11T18:43:11.657+0000] {logging_mixin.py:188} INFO - [2024-11-11T18:43:11.656+0000] {dagbag.py:545} INFO - Filling up the DagBag from /opt/airflow/dags/ModelDevelopment/RandomForest.py
[2024-11-11T18:43:12.589+0000] {processor.py:842} WARNING - No viable dags retrieved from /opt/airflow/dags/ModelDevelopment/RandomForest.py
[2024-11-11T18:43:12.597+0000] {processor.py:183} INFO - Processing /opt/airflow/dags/ModelDevelopment/RandomForest.py took 0.945 seconds
[2024-11-11T18:43:43.127+0000] {processor.py:161} INFO - Started process (PID=268) to work on /opt/airflow/dags/ModelDevelopment/RandomForest.py
[2024-11-11T18:43:43.128+0000] {processor.py:830} INFO - Processing file /opt/airflow/dags/ModelDevelopment/RandomForest.py for tasks to queue
[2024-11-11T18:43:43.129+0000] {logging_mixin.py:188} INFO - [2024-11-11T18:43:43.129+0000] {dagbag.py:545} INFO - Filling up the DagBag from /opt/airflow/dags/ModelDevelopment/RandomForest.py
[2024-11-11T18:43:44.912+0000] {processor.py:842} WARNING - No viable dags retrieved from /opt/airflow/dags/ModelDevelopment/RandomForest.py
[2024-11-11T18:43:44.941+0000] {processor.py:183} INFO - Processing /opt/airflow/dags/ModelDevelopment/RandomForest.py took 1.817 seconds
[2024-11-11T18:44:15.254+0000] {processor.py:161} INFO - Started process (PID=330) to work on /opt/airflow/dags/ModelDevelopment/RandomForest.py
[2024-11-11T18:44:15.256+0000] {processor.py:830} INFO - Processing file /opt/airflow/dags/ModelDevelopment/RandomForest.py for tasks to queue
[2024-11-11T18:44:15.258+0000] {logging_mixin.py:188} INFO - [2024-11-11T18:44:15.258+0000] {dagbag.py:545} INFO - Filling up the DagBag from /opt/airflow/dags/ModelDevelopment/RandomForest.py
[2024-11-11T18:44:16.287+0000] {processor.py:842} WARNING - No viable dags retrieved from /opt/airflow/dags/ModelDevelopment/RandomForest.py
[2024-11-11T18:44:16.312+0000] {processor.py:183} INFO - Processing /opt/airflow/dags/ModelDevelopment/RandomForest.py took 1.064 seconds
[2024-11-11T18:44:46.416+0000] {processor.py:161} INFO - Started process (PID=392) to work on /opt/airflow/dags/ModelDevelopment/RandomForest.py
[2024-11-11T18:44:46.417+0000] {processor.py:830} INFO - Processing file /opt/airflow/dags/ModelDevelopment/RandomForest.py for tasks to queue
[2024-11-11T18:44:46.419+0000] {logging_mixin.py:188} INFO - [2024-11-11T18:44:46.418+0000] {dagbag.py:545} INFO - Filling up the DagBag from /opt/airflow/dags/ModelDevelopment/RandomForest.py
[2024-11-11T18:44:47.364+0000] {processor.py:842} WARNING - No viable dags retrieved from /opt/airflow/dags/ModelDevelopment/RandomForest.py
[2024-11-11T18:44:47.371+0000] {processor.py:183} INFO - Processing /opt/airflow/dags/ModelDevelopment/RandomForest.py took 0.960 seconds
[2024-11-11T18:45:17.697+0000] {processor.py:161} INFO - Started process (PID=454) to work on /opt/airflow/dags/ModelDevelopment/RandomForest.py
[2024-11-11T18:45:17.699+0000] {processor.py:830} INFO - Processing file /opt/airflow/dags/ModelDevelopment/RandomForest.py for tasks to queue
[2024-11-11T18:45:17.703+0000] {logging_mixin.py:188} INFO - [2024-11-11T18:45:17.702+0000] {dagbag.py:545} INFO - Filling up the DagBag from /opt/airflow/dags/ModelDevelopment/RandomForest.py
[2024-11-11T18:45:18.726+0000] {processor.py:842} WARNING - No viable dags retrieved from /opt/airflow/dags/ModelDevelopment/RandomForest.py
[2024-11-11T18:45:18.740+0000] {processor.py:183} INFO - Processing /opt/airflow/dags/ModelDevelopment/RandomForest.py took 1.079 seconds
[2024-11-11T18:45:49.052+0000] {processor.py:161} INFO - Started process (PID=525) to work on /opt/airflow/dags/ModelDevelopment/RandomForest.py
[2024-11-11T18:45:49.053+0000] {processor.py:830} INFO - Processing file /opt/airflow/dags/ModelDevelopment/RandomForest.py for tasks to queue
[2024-11-11T18:45:49.056+0000] {logging_mixin.py:188} INFO - [2024-11-11T18:45:49.055+0000] {dagbag.py:545} INFO - Filling up the DagBag from /opt/airflow/dags/ModelDevelopment/RandomForest.py
[2024-11-11T18:45:50.106+0000] {processor.py:842} WARNING - No viable dags retrieved from /opt/airflow/dags/ModelDevelopment/RandomForest.py
[2024-11-11T18:45:50.118+0000] {processor.py:183} INFO - Processing /opt/airflow/dags/ModelDevelopment/RandomForest.py took 1.076 seconds
[2024-11-11T18:46:20.668+0000] {processor.py:161} INFO - Started process (PID=76) to work on /opt/airflow/dags/ModelDevelopment/RandomForest.py
[2024-11-11T18:46:20.670+0000] {processor.py:830} INFO - Processing file /opt/airflow/dags/ModelDevelopment/RandomForest.py for tasks to queue
[2024-11-11T18:46:20.675+0000] {logging_mixin.py:188} INFO - [2024-11-11T18:46:20.674+0000] {dagbag.py:545} INFO - Filling up the DagBag from /opt/airflow/dags/ModelDevelopment/RandomForest.py
[2024-11-11T18:46:22.522+0000] {processor.py:842} WARNING - No viable dags retrieved from /opt/airflow/dags/ModelDevelopment/RandomForest.py
[2024-11-11T18:46:22.559+0000] {processor.py:183} INFO - Processing /opt/airflow/dags/ModelDevelopment/RandomForest.py took 1.904 seconds
[2024-11-11T18:46:52.824+0000] {processor.py:161} INFO - Started process (PID=138) to work on /opt/airflow/dags/ModelDevelopment/RandomForest.py
[2024-11-11T18:46:52.825+0000] {processor.py:830} INFO - Processing file /opt/airflow/dags/ModelDevelopment/RandomForest.py for tasks to queue
[2024-11-11T18:46:52.827+0000] {logging_mixin.py:188} INFO - [2024-11-11T18:46:52.827+0000] {dagbag.py:545} INFO - Filling up the DagBag from /opt/airflow/dags/ModelDevelopment/RandomForest.py
[2024-11-11T18:46:53.841+0000] {processor.py:842} WARNING - No viable dags retrieved from /opt/airflow/dags/ModelDevelopment/RandomForest.py
[2024-11-11T18:46:53.854+0000] {processor.py:183} INFO - Processing /opt/airflow/dags/ModelDevelopment/RandomForest.py took 1.041 seconds
[2024-11-11T18:47:24.211+0000] {processor.py:161} INFO - Started process (PID=205) to work on /opt/airflow/dags/ModelDevelopment/RandomForest.py
[2024-11-11T18:47:24.212+0000] {processor.py:830} INFO - Processing file /opt/airflow/dags/ModelDevelopment/RandomForest.py for tasks to queue
[2024-11-11T18:47:24.214+0000] {logging_mixin.py:188} INFO - [2024-11-11T18:47:24.214+0000] {dagbag.py:545} INFO - Filling up the DagBag from /opt/airflow/dags/ModelDevelopment/RandomForest.py
[2024-11-11T18:47:25.123+0000] {processor.py:842} WARNING - No viable dags retrieved from /opt/airflow/dags/ModelDevelopment/RandomForest.py
[2024-11-11T18:47:25.135+0000] {processor.py:183} INFO - Processing /opt/airflow/dags/ModelDevelopment/RandomForest.py took 0.928 seconds
[2024-11-11T18:47:55.717+0000] {processor.py:161} INFO - Started process (PID=259) to work on /opt/airflow/dags/ModelDevelopment/RandomForest.py
[2024-11-11T18:47:55.725+0000] {processor.py:830} INFO - Processing file /opt/airflow/dags/ModelDevelopment/RandomForest.py for tasks to queue
[2024-11-11T18:47:55.734+0000] {logging_mixin.py:188} INFO - [2024-11-11T18:47:55.733+0000] {dagbag.py:545} INFO - Filling up the DagBag from /opt/airflow/dags/ModelDevelopment/RandomForest.py
[2024-11-11T18:47:57.057+0000] {processor.py:842} WARNING - No viable dags retrieved from /opt/airflow/dags/ModelDevelopment/RandomForest.py
[2024-11-11T18:47:57.081+0000] {processor.py:183} INFO - Processing /opt/airflow/dags/ModelDevelopment/RandomForest.py took 1.383 seconds
[2024-11-11T18:48:27.180+0000] {processor.py:161} INFO - Started process (PID=320) to work on /opt/airflow/dags/ModelDevelopment/RandomForest.py
[2024-11-11T18:48:27.182+0000] {processor.py:830} INFO - Processing file /opt/airflow/dags/ModelDevelopment/RandomForest.py for tasks to queue
[2024-11-11T18:48:27.184+0000] {logging_mixin.py:188} INFO - [2024-11-11T18:48:27.184+0000] {dagbag.py:545} INFO - Filling up the DagBag from /opt/airflow/dags/ModelDevelopment/RandomForest.py
[2024-11-11T18:48:28.284+0000] {processor.py:842} WARNING - No viable dags retrieved from /opt/airflow/dags/ModelDevelopment/RandomForest.py
[2024-11-11T18:48:28.295+0000] {processor.py:183} INFO - Processing /opt/airflow/dags/ModelDevelopment/RandomForest.py took 1.122 seconds
[2024-11-11T18:48:58.646+0000] {processor.py:161} INFO - Started process (PID=382) to work on /opt/airflow/dags/ModelDevelopment/RandomForest.py
[2024-11-11T18:48:58.647+0000] {processor.py:830} INFO - Processing file /opt/airflow/dags/ModelDevelopment/RandomForest.py for tasks to queue
[2024-11-11T18:48:58.649+0000] {logging_mixin.py:188} INFO - [2024-11-11T18:48:58.648+0000] {dagbag.py:545} INFO - Filling up the DagBag from /opt/airflow/dags/ModelDevelopment/RandomForest.py
[2024-11-11T18:48:59.792+0000] {processor.py:842} WARNING - No viable dags retrieved from /opt/airflow/dags/ModelDevelopment/RandomForest.py
[2024-11-11T18:48:59.804+0000] {processor.py:183} INFO - Processing /opt/airflow/dags/ModelDevelopment/RandomForest.py took 1.164 seconds
[2024-11-11T18:49:29.911+0000] {processor.py:161} INFO - Started process (PID=444) to work on /opt/airflow/dags/ModelDevelopment/RandomForest.py
[2024-11-11T18:49:29.913+0000] {processor.py:830} INFO - Processing file /opt/airflow/dags/ModelDevelopment/RandomForest.py for tasks to queue
[2024-11-11T18:49:29.915+0000] {logging_mixin.py:188} INFO - [2024-11-11T18:49:29.915+0000] {dagbag.py:545} INFO - Filling up the DagBag from /opt/airflow/dags/ModelDevelopment/RandomForest.py
[2024-11-11T18:49:30.872+0000] {processor.py:842} WARNING - No viable dags retrieved from /opt/airflow/dags/ModelDevelopment/RandomForest.py
[2024-11-11T18:49:30.883+0000] {processor.py:183} INFO - Processing /opt/airflow/dags/ModelDevelopment/RandomForest.py took 0.980 seconds
[2024-11-11T18:50:01.781+0000] {processor.py:161} INFO - Started process (PID=506) to work on /opt/airflow/dags/ModelDevelopment/RandomForest.py
[2024-11-11T18:50:01.783+0000] {processor.py:830} INFO - Processing file /opt/airflow/dags/ModelDevelopment/RandomForest.py for tasks to queue
[2024-11-11T18:50:01.785+0000] {logging_mixin.py:188} INFO - [2024-11-11T18:50:01.785+0000] {dagbag.py:545} INFO - Filling up the DagBag from /opt/airflow/dags/ModelDevelopment/RandomForest.py
[2024-11-11T18:50:02.694+0000] {processor.py:842} WARNING - No viable dags retrieved from /opt/airflow/dags/ModelDevelopment/RandomForest.py
[2024-11-11T18:50:02.704+0000] {processor.py:183} INFO - Processing /opt/airflow/dags/ModelDevelopment/RandomForest.py took 0.929 seconds
[2024-11-11T18:50:32.837+0000] {processor.py:161} INFO - Started process (PID=568) to work on /opt/airflow/dags/ModelDevelopment/RandomForest.py
[2024-11-11T18:50:32.840+0000] {processor.py:830} INFO - Processing file /opt/airflow/dags/ModelDevelopment/RandomForest.py for tasks to queue
[2024-11-11T18:50:32.844+0000] {logging_mixin.py:188} INFO - [2024-11-11T18:50:32.844+0000] {dagbag.py:545} INFO - Filling up the DagBag from /opt/airflow/dags/ModelDevelopment/RandomForest.py
[2024-11-11T18:50:33.885+0000] {processor.py:842} WARNING - No viable dags retrieved from /opt/airflow/dags/ModelDevelopment/RandomForest.py
[2024-11-11T18:50:33.918+0000] {processor.py:183} INFO - Processing /opt/airflow/dags/ModelDevelopment/RandomForest.py took 1.091 seconds
[2024-11-11T18:51:04.606+0000] {processor.py:161} INFO - Started process (PID=630) to work on /opt/airflow/dags/ModelDevelopment/RandomForest.py
[2024-11-11T18:51:04.608+0000] {processor.py:830} INFO - Processing file /opt/airflow/dags/ModelDevelopment/RandomForest.py for tasks to queue
[2024-11-11T18:51:04.612+0000] {logging_mixin.py:188} INFO - [2024-11-11T18:51:04.611+0000] {dagbag.py:545} INFO - Filling up the DagBag from /opt/airflow/dags/ModelDevelopment/RandomForest.py
[2024-11-11T18:51:05.669+0000] {processor.py:842} WARNING - No viable dags retrieved from /opt/airflow/dags/ModelDevelopment/RandomForest.py
[2024-11-11T18:51:05.691+0000] {processor.py:183} INFO - Processing /opt/airflow/dags/ModelDevelopment/RandomForest.py took 1.105 seconds
[2024-11-11T18:51:35.769+0000] {processor.py:161} INFO - Started process (PID=692) to work on /opt/airflow/dags/ModelDevelopment/RandomForest.py
[2024-11-11T18:51:35.771+0000] {processor.py:830} INFO - Processing file /opt/airflow/dags/ModelDevelopment/RandomForest.py for tasks to queue
[2024-11-11T18:51:35.774+0000] {logging_mixin.py:188} INFO - [2024-11-11T18:51:35.774+0000] {dagbag.py:545} INFO - Filling up the DagBag from /opt/airflow/dags/ModelDevelopment/RandomForest.py
[2024-11-11T18:51:36.882+0000] {processor.py:842} WARNING - No viable dags retrieved from /opt/airflow/dags/ModelDevelopment/RandomForest.py
[2024-11-11T18:51:36.917+0000] {processor.py:183} INFO - Processing /opt/airflow/dags/ModelDevelopment/RandomForest.py took 1.159 seconds
[2024-11-11T18:52:07.444+0000] {processor.py:161} INFO - Started process (PID=753) to work on /opt/airflow/dags/ModelDevelopment/RandomForest.py
[2024-11-11T18:52:07.446+0000] {processor.py:830} INFO - Processing file /opt/airflow/dags/ModelDevelopment/RandomForest.py for tasks to queue
[2024-11-11T18:52:07.449+0000] {logging_mixin.py:188} INFO - [2024-11-11T18:52:07.449+0000] {dagbag.py:545} INFO - Filling up the DagBag from /opt/airflow/dags/ModelDevelopment/RandomForest.py
[2024-11-11T18:52:08.450+0000] {processor.py:842} WARNING - No viable dags retrieved from /opt/airflow/dags/ModelDevelopment/RandomForest.py
[2024-11-11T18:52:08.461+0000] {processor.py:183} INFO - Processing /opt/airflow/dags/ModelDevelopment/RandomForest.py took 1.027 seconds
[2024-11-11T18:52:38.830+0000] {processor.py:161} INFO - Started process (PID=815) to work on /opt/airflow/dags/ModelDevelopment/RandomForest.py
[2024-11-11T18:52:38.832+0000] {processor.py:830} INFO - Processing file /opt/airflow/dags/ModelDevelopment/RandomForest.py for tasks to queue
[2024-11-11T18:52:38.836+0000] {logging_mixin.py:188} INFO - [2024-11-11T18:52:38.836+0000] {dagbag.py:545} INFO - Filling up the DagBag from /opt/airflow/dags/ModelDevelopment/RandomForest.py
[2024-11-11T18:52:39.867+0000] {processor.py:842} WARNING - No viable dags retrieved from /opt/airflow/dags/ModelDevelopment/RandomForest.py
[2024-11-11T18:52:39.896+0000] {processor.py:183} INFO - Processing /opt/airflow/dags/ModelDevelopment/RandomForest.py took 1.078 seconds
[2024-11-11T18:53:10.344+0000] {processor.py:161} INFO - Started process (PID=886) to work on /opt/airflow/dags/ModelDevelopment/RandomForest.py
[2024-11-11T18:53:10.347+0000] {processor.py:830} INFO - Processing file /opt/airflow/dags/ModelDevelopment/RandomForest.py for tasks to queue
[2024-11-11T18:53:10.352+0000] {logging_mixin.py:188} INFO - [2024-11-11T18:53:10.351+0000] {dagbag.py:545} INFO - Filling up the DagBag from /opt/airflow/dags/ModelDevelopment/RandomForest.py
[2024-11-11T18:53:11.436+0000] {processor.py:842} WARNING - No viable dags retrieved from /opt/airflow/dags/ModelDevelopment/RandomForest.py
[2024-11-11T18:53:11.449+0000] {processor.py:183} INFO - Processing /opt/airflow/dags/ModelDevelopment/RandomForest.py took 1.119 seconds
[2024-11-11T18:53:41.530+0000] {processor.py:161} INFO - Started process (PID=957) to work on /opt/airflow/dags/ModelDevelopment/RandomForest.py
[2024-11-11T18:53:41.533+0000] {processor.py:830} INFO - Processing file /opt/airflow/dags/ModelDevelopment/RandomForest.py for tasks to queue
[2024-11-11T18:53:41.536+0000] {logging_mixin.py:188} INFO - [2024-11-11T18:53:41.536+0000] {dagbag.py:545} INFO - Filling up the DagBag from /opt/airflow/dags/ModelDevelopment/RandomForest.py
[2024-11-11T18:53:42.623+0000] {processor.py:842} WARNING - No viable dags retrieved from /opt/airflow/dags/ModelDevelopment/RandomForest.py
[2024-11-11T18:53:42.634+0000] {processor.py:183} INFO - Processing /opt/airflow/dags/ModelDevelopment/RandomForest.py took 1.115 seconds
[2024-11-11T18:54:12.720+0000] {processor.py:161} INFO - Started process (PID=1019) to work on /opt/airflow/dags/ModelDevelopment/RandomForest.py
[2024-11-11T18:54:12.722+0000] {processor.py:830} INFO - Processing file /opt/airflow/dags/ModelDevelopment/RandomForest.py for tasks to queue
[2024-11-11T18:54:12.727+0000] {logging_mixin.py:188} INFO - [2024-11-11T18:54:12.726+0000] {dagbag.py:545} INFO - Filling up the DagBag from /opt/airflow/dags/ModelDevelopment/RandomForest.py
[2024-11-11T18:54:13.731+0000] {processor.py:842} WARNING - No viable dags retrieved from /opt/airflow/dags/ModelDevelopment/RandomForest.py
[2024-11-11T18:54:13.754+0000] {processor.py:183} INFO - Processing /opt/airflow/dags/ModelDevelopment/RandomForest.py took 1.044 seconds
[2024-11-11T18:54:56.513+0000] {processor.py:161} INFO - Started process (PID=76) to work on /opt/airflow/dags/ModelDevelopment/RandomForest.py
[2024-11-11T18:54:56.515+0000] {processor.py:830} INFO - Processing file /opt/airflow/dags/ModelDevelopment/RandomForest.py for tasks to queue
[2024-11-11T18:54:56.519+0000] {logging_mixin.py:188} INFO - [2024-11-11T18:54:56.517+0000] {dagbag.py:545} INFO - Filling up the DagBag from /opt/airflow/dags/ModelDevelopment/RandomForest.py
[2024-11-11T18:54:59.155+0000] {processor.py:842} WARNING - No viable dags retrieved from /opt/airflow/dags/ModelDevelopment/RandomForest.py
[2024-11-11T18:54:59.177+0000] {processor.py:183} INFO - Processing /opt/airflow/dags/ModelDevelopment/RandomForest.py took 2.670 seconds
[2024-11-11T18:55:29.232+0000] {processor.py:161} INFO - Started process (PID=130) to work on /opt/airflow/dags/ModelDevelopment/RandomForest.py
[2024-11-11T18:55:29.233+0000] {processor.py:830} INFO - Processing file /opt/airflow/dags/ModelDevelopment/RandomForest.py for tasks to queue
[2024-11-11T18:55:29.234+0000] {logging_mixin.py:188} INFO - [2024-11-11T18:55:29.233+0000] {dagbag.py:545} INFO - Filling up the DagBag from /opt/airflow/dags/ModelDevelopment/RandomForest.py
[2024-11-11T18:55:30.334+0000] {processor.py:842} WARNING - No viable dags retrieved from /opt/airflow/dags/ModelDevelopment/RandomForest.py
[2024-11-11T18:55:30.360+0000] {processor.py:183} INFO - Processing /opt/airflow/dags/ModelDevelopment/RandomForest.py took 1.131 seconds
[2024-11-11T18:56:00.477+0000] {processor.py:161} INFO - Started process (PID=197) to work on /opt/airflow/dags/ModelDevelopment/RandomForest.py
[2024-11-11T18:56:00.479+0000] {processor.py:830} INFO - Processing file /opt/airflow/dags/ModelDevelopment/RandomForest.py for tasks to queue
[2024-11-11T18:56:00.482+0000] {logging_mixin.py:188} INFO - [2024-11-11T18:56:00.482+0000] {dagbag.py:545} INFO - Filling up the DagBag from /opt/airflow/dags/ModelDevelopment/RandomForest.py
[2024-11-11T18:56:01.543+0000] {processor.py:842} WARNING - No viable dags retrieved from /opt/airflow/dags/ModelDevelopment/RandomForest.py
[2024-11-11T18:56:01.553+0000] {processor.py:183} INFO - Processing /opt/airflow/dags/ModelDevelopment/RandomForest.py took 1.080 seconds
[2024-11-11T18:56:32.242+0000] {processor.py:161} INFO - Started process (PID=260) to work on /opt/airflow/dags/ModelDevelopment/RandomForest.py
[2024-11-11T18:56:32.243+0000] {processor.py:830} INFO - Processing file /opt/airflow/dags/ModelDevelopment/RandomForest.py for tasks to queue
[2024-11-11T18:56:32.245+0000] {logging_mixin.py:188} INFO - [2024-11-11T18:56:32.245+0000] {dagbag.py:545} INFO - Filling up the DagBag from /opt/airflow/dags/ModelDevelopment/RandomForest.py
[2024-11-11T18:56:33.201+0000] {processor.py:842} WARNING - No viable dags retrieved from /opt/airflow/dags/ModelDevelopment/RandomForest.py
[2024-11-11T18:56:33.210+0000] {processor.py:183} INFO - Processing /opt/airflow/dags/ModelDevelopment/RandomForest.py took 0.973 seconds
