[2024-10-31T16:09:31.907+0000] {local_task_job_runner.py:120} INFO - ::group::Pre task execution logs
[2024-10-31T16:09:31.959+0000] {taskinstance.py:2076} INFO - Dependencies all met for dep_context=non-requeueable deps ti=<TaskInstance: datapipeline_new.check_schema_of_original_air_data manual__2024-10-31T16:09:16.507457+00:00 [queued]>
[2024-10-31T16:09:31.971+0000] {taskinstance.py:2076} INFO - Dependencies all met for dep_context=requeueable deps ti=<TaskInstance: datapipeline_new.check_schema_of_original_air_data manual__2024-10-31T16:09:16.507457+00:00 [queued]>
[2024-10-31T16:09:31.973+0000] {taskinstance.py:2306} INFO - Starting attempt 1 of 2
[2024-10-31T16:09:31.984+0000] {taskinstance.py:2330} INFO - Executing <Task(PythonOperator): check_schema_of_original_air_data> on 2024-10-31 16:09:16.507457+00:00
[2024-10-31T16:09:31.994+0000] {warnings.py:112} WARNING - /home/***/.local/lib/python3.12/site-packages/***/task/task_runner/standard_task_runner.py:61: DeprecationWarning: This process (pid=141) is multi-threaded, use of fork() may lead to deadlocks in the child.
  pid = os.fork()

[2024-10-31T16:09:31.996+0000] {standard_task_runner.py:63} INFO - Started process 165 to run task
[2024-10-31T16:09:31.997+0000] {standard_task_runner.py:90} INFO - Running: ['***', 'tasks', 'run', 'datapipeline_new', 'check_schema_of_original_air_data', 'manual__2024-10-31T16:09:16.507457+00:00', '--job-id', '108', '--raw', '--subdir', 'DAGS_FOLDER/dag_script.py', '--cfg-path', '/tmp/tmp_60t0n7a']
[2024-10-31T16:09:31.999+0000] {standard_task_runner.py:91} INFO - Job 108: Subtask check_schema_of_original_air_data
[2024-10-31T16:09:32.388+0000] {task_command.py:426} INFO - Running <TaskInstance: datapipeline_new.check_schema_of_original_air_data manual__2024-10-31T16:09:16.507457+00:00 [running]> on host 8b35fed25b46
[2024-10-31T16:09:32.423+0000] {taskinstance.py:2648} INFO - Exporting env vars: AIRFLOW_CTX_DAG_OWNER='MLOPS' AIRFLOW_CTX_DAG_ID='datapipeline_new' AIRFLOW_CTX_TASK_ID='check_schema_of_original_air_data' AIRFLOW_CTX_EXECUTION_DATE='2024-10-31T16:09:16.507457+00:00' AIRFLOW_CTX_TRY_NUMBER='1' AIRFLOW_CTX_DAG_RUN_ID='manual__2024-10-31T16:09:16.507457+00:00'
[2024-10-31T16:09:32.424+0000] {taskinstance.py:430} INFO - ::endgroup::
[2024-10-31T16:09:32.436+0000] {check_schema_original_airpollution.py:34} INFO - Schema saved to /opt/***/dags/custom_schema_original_dataset.json
[2024-10-31T16:09:32.448+0000] {check_schema_original_airpollution.py:57} INFO - Loaded dataset from /opt/***/dags/DataPreprocessing/src/data_store_pkl_files/air_pollution.pkl
[2024-10-31T16:09:32.449+0000] {check_schema_original_airpollution.py:62} INFO - Loaded schema from /opt/***/dags/custom_schema_original_dataset.json
[2024-10-31T16:09:32.468+0000] {check_schema_original_airpollution.py:50} INFO - Dataset is valid according to the schema.
[2024-10-31T16:09:32.468+0000] {check_schema_original_airpollution.py:76} INFO - Data validation passed.
[2024-10-31T16:09:32.469+0000] {python.py:237} INFO - Done. Returned value was: None
[2024-10-31T16:09:32.470+0000] {taskinstance.py:441} INFO - ::group::Post task execution logs
[2024-10-31T16:09:32.477+0000] {taskinstance.py:1206} INFO - Marking task as SUCCESS. dag_id=datapipeline_new, task_id=check_schema_of_original_air_data, run_id=manual__2024-10-31T16:09:16.507457+00:00, execution_date=20241031T160916, start_date=20241031T160931, end_date=20241031T160932
[2024-10-31T16:09:32.510+0000] {local_task_job_runner.py:240} INFO - Task exited with return code 0
[2024-10-31T16:09:32.717+0000] {taskinstance.py:3503} INFO - 1 downstream tasks scheduled from follow-on schedule check
[2024-10-31T16:09:32.719+0000] {local_task_job_runner.py:222} INFO - ::endgroup::
