[2024-11-27 00:54:04Z INFO HostContext] No proxy settings were found based on environmental variables (http_proxy/https_proxy/HTTP_PROXY/HTTPS_PROXY)
[2024-11-27 00:54:04Z INFO HostContext] Well known directory 'Bin': '/Users/sparshmarwah21/Documents/GitHub/Air-Quality/actions-runner/bin'
[2024-11-27 00:54:04Z INFO HostContext] Well known directory 'Root': '/Users/sparshmarwah21/Documents/GitHub/Air-Quality/actions-runner'
[2024-11-27 00:54:04Z INFO HostContext] Well known config file 'Credentials': '/Users/sparshmarwah21/Documents/GitHub/Air-Quality/actions-runner/.credentials'
[2024-11-27 00:54:04Z INFO HostContext] Well known directory 'Bin': '/Users/sparshmarwah21/Documents/GitHub/Air-Quality/actions-runner/bin'
[2024-11-27 00:54:04Z INFO HostContext] Well known directory 'Root': '/Users/sparshmarwah21/Documents/GitHub/Air-Quality/actions-runner'
[2024-11-27 00:54:04Z INFO HostContext] Well known config file 'Runner': '/Users/sparshmarwah21/Documents/GitHub/Air-Quality/actions-runner/.runner'
[2024-11-27 00:54:04Z INFO Listener] Runner is built for OSX (X64) - osx-x64.
[2024-11-27 00:54:04Z INFO Listener] RuntimeInformation: Darwin 24.1.0 Darwin Kernel Version 24.1.0: Thu Oct 10 21:02:45 PDT 2024; root:xnu-11215.41.3~2/RELEASE_ARM64_T8112.
[2024-11-27 00:54:04Z INFO Listener] Version: 2.321.0
[2024-11-27 00:54:04Z INFO Listener] Commit: e249007931b7c8e857797fa259c167f0bd4f997a
[2024-11-27 00:54:04Z INFO Listener] Culture: en-US
[2024-11-27 00:54:04Z INFO Listener] UI Culture: en-US
[2024-11-27 00:54:04Z INFO HostContext] Well known directory 'Bin': '/Users/sparshmarwah21/Documents/GitHub/Air-Quality/actions-runner/bin'
[2024-11-27 00:54:04Z INFO HostContext] Well known directory 'Root': '/Users/sparshmarwah21/Documents/GitHub/Air-Quality/actions-runner'
[2024-11-27 00:54:04Z INFO Listener] Validating directory permissions for: '/Users/sparshmarwah21/Documents/GitHub/Air-Quality/actions-runner'
[2024-11-27 00:54:04Z INFO CommandLineParser] Parse
[2024-11-27 00:54:04Z INFO CommandLineParser] Parsing 5 args
[2024-11-27 00:54:04Z INFO CommandLineParser] parsing argument
[2024-11-27 00:54:04Z INFO CommandLineParser] HasArgs: False
[2024-11-27 00:54:04Z INFO CommandLineParser] Adding Command: configure
[2024-11-27 00:54:04Z INFO CommandLineParser] parsing argument
[2024-11-27 00:54:04Z INFO CommandLineParser] HasArgs: True
[2024-11-27 00:54:04Z INFO CommandLineParser] arg: url
[2024-11-27 00:54:04Z INFO CommandLineParser] parsing argument
[2024-11-27 00:54:04Z INFO CommandLineParser] HasArgs: True
[2024-11-27 00:54:04Z INFO CommandLineParser] Adding option 'url': 'https://github.com/KARSarma/Air-Quality'
[2024-11-27 00:54:04Z INFO CommandLineParser] parsing argument
[2024-11-27 00:54:04Z INFO CommandLineParser] HasArgs: True
[2024-11-27 00:54:04Z INFO CommandLineParser] arg: token
[2024-11-27 00:54:04Z INFO CommandLineParser] parsing argument
[2024-11-27 00:54:04Z INFO CommandLineParser] HasArgs: True
[2024-11-27 00:54:04Z INFO CommandLineParser] Adding option 'token': '***'
[2024-11-27 00:54:04Z INFO Listener] Arguments parsed
[2024-11-27 00:54:04Z INFO Runner] ExecuteCommand
[2024-11-27 00:54:04Z INFO ConfigurationStore] currentAssemblyLocation: /Users/sparshmarwah21/Documents/GitHub/Air-Quality/actions-runner/bin/Runner.Listener.dll
[2024-11-27 00:54:04Z INFO HostContext] Well known directory 'Bin': '/Users/sparshmarwah21/Documents/GitHub/Air-Quality/actions-runner/bin'
[2024-11-27 00:54:04Z INFO ConfigurationStore] binPath: /Users/sparshmarwah21/Documents/GitHub/Air-Quality/actions-runner/bin
[2024-11-27 00:54:04Z INFO HostContext] Well known directory 'Bin': '/Users/sparshmarwah21/Documents/GitHub/Air-Quality/actions-runner/bin'
[2024-11-27 00:54:04Z INFO HostContext] Well known directory 'Root': '/Users/sparshmarwah21/Documents/GitHub/Air-Quality/actions-runner'
[2024-11-27 00:54:04Z INFO ConfigurationStore] RootFolder: /Users/sparshmarwah21/Documents/GitHub/Air-Quality/actions-runner
[2024-11-27 00:54:04Z INFO HostContext] Well known directory 'Bin': '/Users/sparshmarwah21/Documents/GitHub/Air-Quality/actions-runner/bin'
[2024-11-27 00:54:04Z INFO HostContext] Well known directory 'Root': '/Users/sparshmarwah21/Documents/GitHub/Air-Quality/actions-runner'
[2024-11-27 00:54:04Z INFO HostContext] Well known config file 'Runner': '/Users/sparshmarwah21/Documents/GitHub/Air-Quality/actions-runner/.runner'
[2024-11-27 00:54:04Z INFO ConfigurationStore] ConfigFilePath: /Users/sparshmarwah21/Documents/GitHub/Air-Quality/actions-runner/.runner
[2024-11-27 00:54:04Z INFO HostContext] Well known directory 'Bin': '/Users/sparshmarwah21/Documents/GitHub/Air-Quality/actions-runner/bin'
[2024-11-27 00:54:04Z INFO HostContext] Well known directory 'Root': '/Users/sparshmarwah21/Documents/GitHub/Air-Quality/actions-runner'
[2024-11-27 00:54:04Z INFO HostContext] Well known config file 'Credentials': '/Users/sparshmarwah21/Documents/GitHub/Air-Quality/actions-runner/.credentials'
[2024-11-27 00:54:04Z INFO ConfigurationStore] CredFilePath: /Users/sparshmarwah21/Documents/GitHub/Air-Quality/actions-runner/.credentials
[2024-11-27 00:54:04Z INFO HostContext] Well known directory 'Bin': '/Users/sparshmarwah21/Documents/GitHub/Air-Quality/actions-runner/bin'
[2024-11-27 00:54:04Z INFO HostContext] Well known directory 'Root': '/Users/sparshmarwah21/Documents/GitHub/Air-Quality/actions-runner'
[2024-11-27 00:54:04Z INFO HostContext] Well known config file 'MigratedCredentials': '/Users/sparshmarwah21/Documents/GitHub/Air-Quality/actions-runner/.credentials_migrated'
[2024-11-27 00:54:04Z INFO ConfigurationStore] MigratedCredFilePath: /Users/sparshmarwah21/Documents/GitHub/Air-Quality/actions-runner/.credentials_migrated
[2024-11-27 00:54:04Z INFO HostContext] Well known directory 'Bin': '/Users/sparshmarwah21/Documents/GitHub/Air-Quality/actions-runner/bin'
[2024-11-27 00:54:04Z INFO HostContext] Well known directory 'Root': '/Users/sparshmarwah21/Documents/GitHub/Air-Quality/actions-runner'
[2024-11-27 00:54:04Z INFO HostContext] Well known config file 'Service': '/Users/sparshmarwah21/Documents/GitHub/Air-Quality/actions-runner/.service'
[2024-11-27 00:54:04Z INFO ConfigurationStore] ServiceConfigFilePath: /Users/sparshmarwah21/Documents/GitHub/Air-Quality/actions-runner/.service
[2024-11-27 00:54:04Z INFO CommandSettings] Flag 'help': 'False'
[2024-11-27 00:54:04Z INFO CommandSettings] Flag 'version': 'False'
[2024-11-27 00:54:04Z INFO CommandSettings] Flag 'commit': 'False'
[2024-11-27 00:54:04Z INFO CommandSettings] Flag 'check': 'False'
[2024-11-27 00:54:04Z INFO CommandSettings] Command 'configure': 'True'
[2024-11-27 00:54:04Z INFO Terminal] WRITE LINE: 
[2024-11-27 00:54:04Z INFO Terminal] WRITE LINE: --------------------------------------------------------------------------------
[2024-11-27 00:54:04Z INFO Terminal] WRITE LINE: |        ____ _ _   _   _       _          _        _   _                      |
[2024-11-27 00:54:04Z INFO Terminal] WRITE LINE: |       / ___(_) |_| | | |_   _| |__      / \   ___| |_(_) ___  _ __  ___      |
[2024-11-27 00:54:04Z INFO Terminal] WRITE LINE: |      | |  _| | __| |_| | | | | '_ \    / _ \ / __| __| |/ _ \| '_ \/ __|     |
[2024-11-27 00:54:04Z INFO Terminal] WRITE LINE: |      | |_| | | |_|  _  | |_| | |_) |  / ___ \ (__| |_| | (_) | | | \__ \     |
[2024-11-27 00:54:04Z INFO Terminal] WRITE LINE: |       \____|_|\__|_| |_|\__,_|_.__/  /_/   \_\___|\__|_|\___/|_| |_|___/     |
[2024-11-27 00:54:04Z INFO Terminal] WRITE LINE: |                                                                              |
[2024-11-27 00:54:04Z INFO Terminal] WRITE: |                       
[2024-11-27 00:54:04Z INFO Terminal] WRITE: Self-hosted runner registration
[2024-11-27 00:54:04Z INFO Terminal] WRITE LINE:                         |
[2024-11-27 00:54:04Z INFO Terminal] WRITE LINE: |                                                                              |
[2024-11-27 00:54:04Z INFO Terminal] WRITE LINE: --------------------------------------------------------------------------------
[2024-11-27 00:54:04Z INFO ConfigurationManager] ConfigureAsync
[2024-11-27 00:54:04Z INFO CommandSettings] Flag 'generateServiceConfig': 'False'
[2024-11-27 00:54:04Z INFO ConfigurationStore] IsConfigured()
[2024-11-27 00:54:04Z INFO ConfigurationStore] IsConfigured: False
[2024-11-27 00:54:04Z INFO ConfigurationManager] Is configured: False
[2024-11-27 00:54:04Z INFO CommandSettings] Arg 'url': 'https://github.com/KARSarma/Air-Quality'
[2024-11-27 00:54:04Z INFO CommandSettings] Remove url from Arg dictionary.
[2024-11-27 00:54:04Z INFO CommandSettings] Arg 'token': '***'
[2024-11-27 00:54:04Z INFO CommandSettings] Remove token from Arg dictionary.
[2024-11-27 00:54:07Z INFO ConfigurationManager] Http response code: OK from 'POST https://api.github.com/actions/runner-registration' (6B5F:1D5151:2D2B91A:591BCD7:67466DAF)
[2024-11-27 00:54:07Z INFO ConfigurationManager] Using V2 flow: False
[2024-11-27 00:54:07Z INFO ConfigurationManager] cred retrieved via GitHub auth
[2024-11-27 00:54:07Z INFO RunnerServer] EstablishVssConnection
[2024-11-27 00:54:07Z INFO RunnerServer] Establish connection with 100 seconds timeout.
[2024-11-27 00:54:08Z INFO GitHubActionsService] Starting operation Location.GetConnectionData
[2024-11-27 00:54:08Z INFO RunnerServer] EstablishVssConnection
[2024-11-27 00:54:08Z INFO RunnerServer] Establish connection with 60 seconds timeout.
[2024-11-27 00:54:08Z INFO GitHubActionsService] Starting operation Location.GetConnectionData
[2024-11-27 00:54:08Z INFO RunnerServer] EstablishVssConnection
[2024-11-27 00:54:08Z INFO RunnerServer] Establish connection with 60 seconds timeout.
[2024-11-27 00:54:08Z INFO GitHubActionsService] Starting operation Location.GetConnectionData
[2024-11-27 00:54:08Z INFO GitHubActionsService] Finished operation Location.GetConnectionData
[2024-11-27 00:54:08Z INFO GitHubActionsService] Finished operation Location.GetConnectionData
[2024-11-27 00:54:08Z INFO GitHubActionsService] Finished operation Location.GetConnectionData
[2024-11-27 00:54:08Z INFO Terminal] WRITE LINE: 
[2024-11-27 00:54:08Z INFO ConfigurationManager] Test Connection complete.
[2024-11-27 00:54:08Z INFO HostContext] Well known directory 'Bin': '/Users/sparshmarwah21/Documents/GitHub/Air-Quality/actions-runner/bin'
[2024-11-27 00:54:08Z INFO HostContext] Well known directory 'Root': '/Users/sparshmarwah21/Documents/GitHub/Air-Quality/actions-runner'
[2024-11-27 00:54:08Z INFO HostContext] Well known config file 'RSACredentials': '/Users/sparshmarwah21/Documents/GitHub/Air-Quality/actions-runner/.credentials_rsaparams'
[2024-11-27 00:54:08Z INFO RSAFileKeyManager] Creating new RSA key using 2048-bit key length
[2024-11-27 00:54:08Z INFO RSAFileKeyManager] Successfully saved RSA key parameters to file /Users/sparshmarwah21/Documents/GitHub/Air-Quality/actions-runner/.credentials_rsaparams
[2024-11-27 00:54:08Z INFO RSAFileKeyManager] Which2: 'chmod'
[2024-11-27 00:54:08Z INFO RSAFileKeyManager] Location: '/bin/chmod'
[2024-11-27 00:54:08Z INFO HostContext] Well known directory 'Bin': '/Users/sparshmarwah21/Documents/GitHub/Air-Quality/actions-runner/bin'
[2024-11-27 00:54:08Z INFO HostContext] Well known directory 'Root': '/Users/sparshmarwah21/Documents/GitHub/Air-Quality/actions-runner'
[2024-11-27 00:54:08Z INFO ProcessInvokerWrapper] Starting process:
[2024-11-27 00:54:08Z INFO ProcessInvokerWrapper]   File name: '/bin/chmod'
[2024-11-27 00:54:08Z INFO ProcessInvokerWrapper]   Arguments: '600 /Users/sparshmarwah21/Documents/GitHub/Air-Quality/actions-runner/.credentials_rsaparams'
[2024-11-27 00:54:08Z INFO ProcessInvokerWrapper]   Working directory: '/Users/sparshmarwah21/Documents/GitHub/Air-Quality/actions-runner'
[2024-11-27 00:54:08Z INFO ProcessInvokerWrapper]   Require exit code zero: 'False'
[2024-11-27 00:54:08Z INFO ProcessInvokerWrapper]   Encoding web name:  ; code page: ''
[2024-11-27 00:54:08Z INFO ProcessInvokerWrapper]   Force kill process on cancellation: 'False'
[2024-11-27 00:54:08Z INFO ProcessInvokerWrapper]   Redirected STDIN: 'False'
[2024-11-27 00:54:08Z INFO ProcessInvokerWrapper]   Persist current code page: 'False'
[2024-11-27 00:54:08Z INFO ProcessInvokerWrapper]   Keep redirected STDIN open: 'False'
[2024-11-27 00:54:08Z INFO ProcessInvokerWrapper]   High priority process: 'False'
[2024-11-27 00:54:09Z INFO ProcessInvokerWrapper] Process started with process id 2971, waiting for process exit.
[2024-11-27 00:54:09Z INFO ProcessInvokerWrapper] STDOUT/STDERR stream read finished.
[2024-11-27 00:54:09Z INFO ProcessInvokerWrapper] STDOUT/STDERR stream read finished.
[2024-11-27 00:54:09Z INFO ProcessInvokerWrapper] Finished process 2971 with exit code 0, and elapsed time 00:00:00.2810490.
[2024-11-27 00:54:09Z INFO RSAFileKeyManager] Successfully set permissions for RSA key parameters file /Users/sparshmarwah21/Documents/GitHub/Air-Quality/actions-runner/.credentials_rsaparams
[2024-11-27 00:54:09Z INFO CommandSettings] Arg 'runnergroup': ''
[2024-11-27 00:54:09Z INFO CommandSettings] Flag 'unattended': 'False'
[2024-11-27 00:54:09Z INFO PromptManager] ReadValue
[2024-11-27 00:54:09Z INFO Terminal] WRITE: Enter the name of the runner group to add this runner to: 
[2024-11-27 00:54:09Z INFO Terminal] WRITE: [press Enter for Default] 
[2024-11-27 00:54:09Z INFO Terminal] READ LINE
[2024-11-27 00:54:18Z INFO Terminal] Read value: ''
[2024-11-27 00:54:18Z INFO PromptManager] Falling back to the default: 'Default'
[2024-11-27 00:54:18Z INFO Terminal] WRITE LINE: 
[2024-11-27 00:54:18Z INFO ConfigurationManager] Found a self-hosted runner group with id 1 and name Default
[2024-11-27 00:54:18Z INFO CommandSettings] Flag 'disableupdate': 'False'
[2024-11-27 00:54:18Z INFO CommandSettings] Flag 'ephemeral': 'False'
[2024-11-27 00:54:18Z INFO CommandSettings] Arg 'name': ''
[2024-11-27 00:54:18Z INFO CommandSettings] Flag 'unattended': 'False'
[2024-11-27 00:54:18Z INFO PromptManager] ReadValue
[2024-11-27 00:54:18Z INFO Terminal] WRITE: Enter the name of runner: 
[2024-11-27 00:54:18Z INFO Terminal] WRITE: [press Enter for Sparshs-MacBook-Air] 
[2024-11-27 00:54:18Z INFO Terminal] READ LINE
[2024-11-27 00:54:52Z INFO Terminal] Read value: ''
[2024-11-27 00:54:52Z INFO PromptManager] Falling back to the default: 'Sparshs-MacBook-Air'
[2024-11-27 00:54:52Z INFO Terminal] WRITE LINE: 
[2024-11-27 00:54:52Z INFO CommandSettings] Arg 'labels': ''
[2024-11-27 00:54:52Z INFO CommandSettings] Flag 'unattended': 'False'
[2024-11-27 00:54:52Z INFO PromptManager] ReadValue
[2024-11-27 00:54:52Z INFO Terminal] WRITE: This runner will have the following labels: 'self-hosted', 'macOS', 'X64' 
Enter any additional labels (ex. label-1,label-2): 
[2024-11-27 00:54:52Z INFO Terminal] WRITE: [press Enter to skip] 
[2024-11-27 00:54:52Z INFO Terminal] READ LINE
[2024-11-27 00:55:05Z INFO Terminal] Read value: ''
[2024-11-27 00:55:05Z INFO Terminal] WRITE LINE: 
[2024-11-27 00:55:05Z INFO CommandSettings] Flag 'disableupdate': 'False'
[2024-11-27 00:55:05Z INFO CommandSettings] Flag 'no-default-labels': 'False'
[2024-11-27 00:55:05Z INFO CommandSettings] Flag 'disableupdate': 'False'
[2024-11-27 00:55:05Z INFO CommandSettings] Flag 'ephemeral': 'False'
[2024-11-27 00:55:05Z INFO ConfigurationStore] Saving OAuth credential @ /Users/sparshmarwah21/Documents/GitHub/Air-Quality/actions-runner/.credentials
[2024-11-27 00:55:05Z INFO ConfigurationStore] Credentials Saved.
[2024-11-27 00:55:05Z INFO ConfigurationStore] HasCredentials()
[2024-11-27 00:55:05Z INFO ConfigurationStore] stored True
[2024-11-27 00:55:05Z INFO CredentialManager] GetCredentialProvider
[2024-11-27 00:55:05Z INFO CredentialManager] Creating type OAuth
[2024-11-27 00:55:05Z INFO CredentialManager] Creating credential type: OAuth
[2024-11-27 00:55:05Z INFO RSAFileKeyManager] Loading RSA key parameters from file /Users/sparshmarwah21/Documents/GitHub/Air-Quality/actions-runner/.credentials_rsaparams
[2024-11-27 00:55:05Z INFO RunnerServer] EstablishVssConnection
[2024-11-27 00:55:05Z INFO RunnerServer] Establish connection with 100 seconds timeout.
[2024-11-27 00:55:05Z INFO GitHubActionsService] Starting operation Location.GetConnectionData
[2024-11-27 00:55:05Z INFO RunnerServer] EstablishVssConnection
[2024-11-27 00:55:05Z INFO RunnerServer] Establish connection with 60 seconds timeout.
[2024-11-27 00:55:05Z INFO GitHubActionsService] Starting operation Location.GetConnectionData
[2024-11-27 00:55:05Z INFO RunnerServer] EstablishVssConnection
[2024-11-27 00:55:05Z INFO RunnerServer] Establish connection with 60 seconds timeout.
[2024-11-27 00:55:06Z INFO GitHubActionsService] Starting operation Location.GetConnectionData
[2024-11-27 00:55:06Z INFO GitHubActionsService] Finished operation Location.GetConnectionData
[2024-11-27 00:55:06Z INFO GitHubActionsService] Finished operation Location.GetConnectionData
[2024-11-27 00:55:06Z INFO GitHubActionsService] Finished operation Location.GetConnectionData
[2024-11-27 00:55:06Z INFO RSAFileKeyManager] Loading RSA key parameters from file /Users/sparshmarwah21/Documents/GitHub/Air-Quality/actions-runner/.credentials_rsaparams
[2024-11-27 00:55:06Z INFO RSAFileKeyManager] Loading RSA key parameters from file /Users/sparshmarwah21/Documents/GitHub/Air-Quality/actions-runner/.credentials_rsaparams
[2024-11-27 00:55:06Z INFO GitHubActionsService] AAD Correlation ID for this token request: Unknown
[2024-11-27 00:55:06Z INFO CommandSettings] Arg 'work': ''
[2024-11-27 00:55:06Z INFO CommandSettings] Flag 'unattended': 'False'
[2024-11-27 00:55:06Z INFO PromptManager] ReadValue
[2024-11-27 00:55:06Z INFO Terminal] WRITE: Enter name of work folder: 
[2024-11-27 00:55:06Z INFO Terminal] WRITE: [press Enter for _work] 
[2024-11-27 00:55:06Z INFO Terminal] READ LINE
[2024-11-27 00:55:15Z INFO Terminal] Read value: ''
[2024-11-27 00:55:15Z INFO PromptManager] Falling back to the default: '_work'
[2024-11-27 00:55:15Z INFO ConfigurationStore] Saving runner settings.
[2024-11-27 00:55:15Z INFO ConfigurationStore] Settings Saved.
[2024-11-27 00:55:15Z INFO Terminal] WRITE LINE: 
[2024-11-27 00:55:15Z INFO Terminal] WRITE LINE: 
[2024-11-27 00:55:15Z INFO OsxServiceControlManager] Service name 'actions.runner.KARSarma-Air-Quality.Sparshs-MacBook-Air' display name 'GitHub Actions Runner (KARSarma-Air-Quality.Sparshs-MacBook-Air)' will be used for service configuration.
[2024-11-27 00:55:15Z INFO HostContext] Well known directory 'Bin': '/Users/sparshmarwah21/Documents/GitHub/Air-Quality/actions-runner/bin'
[2024-11-27 00:55:15Z INFO HostContext] Well known directory 'Root': '/Users/sparshmarwah21/Documents/GitHub/Air-Quality/actions-runner'
[2024-11-27 00:55:15Z INFO HostContext] Well known directory 'Bin': '/Users/sparshmarwah21/Documents/GitHub/Air-Quality/actions-runner/bin'
[2024-11-27 00:55:15Z INFO HostContext] Well known directory 'Bin': '/Users/sparshmarwah21/Documents/GitHub/Air-Quality/actions-runner/bin'
[2024-11-27 00:55:15Z INFO HostContext] Well known directory 'Root': '/Users/sparshmarwah21/Documents/GitHub/Air-Quality/actions-runner'
[2024-11-27 00:55:15Z INFO UnixUtil] Which2: 'chmod'
[2024-11-27 00:55:15Z INFO UnixUtil] Location: '/bin/chmod'
[2024-11-27 00:55:15Z INFO UnixUtil] Running /bin/chmod 755 "/Users/sparshmarwah21/Documents/GitHub/Air-Quality/actions-runner/svc.sh"
[2024-11-27 00:55:15Z INFO ProcessInvokerWrapper] Starting process:
[2024-11-27 00:55:15Z INFO ProcessInvokerWrapper]   File name: '/bin/chmod'
[2024-11-27 00:55:15Z INFO ProcessInvokerWrapper]   Arguments: '755 "/Users/sparshmarwah21/Documents/GitHub/Air-Quality/actions-runner/svc.sh"'
[2024-11-27 00:55:15Z INFO ProcessInvokerWrapper]   Working directory: '/Users/sparshmarwah21/Documents/GitHub/Air-Quality/actions-runner'
[2024-11-27 00:55:15Z INFO ProcessInvokerWrapper]   Require exit code zero: 'True'
[2024-11-27 00:55:15Z INFO ProcessInvokerWrapper]   Encoding web name:  ; code page: ''
[2024-11-27 00:55:15Z INFO ProcessInvokerWrapper]   Force kill process on cancellation: 'False'
[2024-11-27 00:55:15Z INFO ProcessInvokerWrapper]   Redirected STDIN: 'False'
[2024-11-27 00:55:15Z INFO ProcessInvokerWrapper]   Persist current code page: 'False'
[2024-11-27 00:55:15Z INFO ProcessInvokerWrapper]   Keep redirected STDIN open: 'False'
[2024-11-27 00:55:15Z INFO ProcessInvokerWrapper]   High priority process: 'False'
[2024-11-27 00:55:15Z INFO ProcessInvokerWrapper] Process started with process id 3126, waiting for process exit.
[2024-11-27 00:55:16Z INFO ProcessInvokerWrapper] STDOUT/STDERR stream read finished.
[2024-11-27 00:55:16Z INFO ProcessInvokerWrapper] STDOUT/STDERR stream read finished.
[2024-11-27 00:55:16Z INFO ProcessInvokerWrapper] Finished process 3126 with exit code 0, and elapsed time 00:00:00.5954978.
[2024-11-27 00:55:16Z INFO Listener] Runner execution has finished with return code 0
