[2024-11-04T05:07:23.472+0000] {local_task_job_runner.py:120} INFO - ::group::Pre task execution logs
[2024-11-04T05:07:23.483+0000] {taskinstance.py:2076} INFO - Dependencies all met for dep_context=non-requeueable deps ti=<TaskInstance: datapipeline_new.feature_engineering_train manual__2024-11-04T05:06:12.986905+00:00 [queued]>
[2024-11-04T05:07:23.565+0000] {taskinstance.py:2076} INFO - Dependencies all met for dep_context=requeueable deps ti=<TaskInstance: datapipeline_new.feature_engineering_train manual__2024-11-04T05:06:12.986905+00:00 [queued]>
[2024-11-04T05:07:23.566+0000] {taskinstance.py:2306} INFO - Starting attempt 1 of 2
[2024-11-04T05:07:23.571+0000] {taskinstance.py:2330} INFO - Executing <Task(PythonOperator): feature_engineering_train> on 2024-11-04 05:06:12.986905+00:00
[2024-11-04T05:07:23.574+0000] {warnings.py:112} WARNING - /home/***/.local/lib/python3.12/site-packages/***/task/task_runner/standard_task_runner.py:61: DeprecationWarning: This process (pid=290) is multi-threaded, use of fork() may lead to deadlocks in the child.
  pid = os.fork()

[2024-11-04T05:07:23.575+0000] {standard_task_runner.py:63} INFO - Started process 299 to run task
[2024-11-04T05:07:23.576+0000] {standard_task_runner.py:90} INFO - Running: ['***', 'tasks', 'run', 'datapipeline_new', 'feature_engineering_train', 'manual__2024-11-04T05:06:12.986905+00:00', '--job-id', '761', '--raw', '--subdir', 'DAGS_FOLDER/dag_script.py', '--cfg-path', '/tmp/tmp8fscfhxn']
[2024-11-04T05:07:23.577+0000] {standard_task_runner.py:91} INFO - Job 761: Subtask feature_engineering_train
[2024-11-04T05:07:23.596+0000] {task_command.py:426} INFO - Running <TaskInstance: datapipeline_new.feature_engineering_train manual__2024-11-04T05:06:12.986905+00:00 [running]> on host 7ffb0854de89
[2024-11-04T05:07:23.633+0000] {taskinstance.py:2648} INFO - Exporting env vars: AIRFLOW_CTX_DAG_OWNER='MLOPS' AIRFLOW_CTX_DAG_ID='datapipeline_new' AIRFLOW_CTX_TASK_ID='feature_engineering_train' AIRFLOW_CTX_EXECUTION_DATE='2024-11-04T05:06:12.986905+00:00' AIRFLOW_CTX_TRY_NUMBER='1' AIRFLOW_CTX_DAG_RUN_ID='manual__2024-11-04T05:06:12.986905+00:00'
[2024-11-04T05:07:23.634+0000] {taskinstance.py:430} INFO - ::endgroup::
[2024-11-04T05:07:23.643+0000] {logging_mixin.py:188} INFO - Data loaded from /opt/***/dags/DataPreprocessing/src/data_store_pkl_files/train_data/no_anamoly_train_data.pkl.
[2024-11-04T05:07:23.645+0000] {logging_mixin.py:188} INFO - Original Skewness: 0.5807382912310729
[2024-11-04T05:07:23.646+0000] {logging_mixin.py:188} INFO - Log Transformed Skewness: -0.5192428023722998
[2024-11-04T05:07:23.665+0000] {logging_mixin.py:188} INFO - Box-Cox Transformed Skewness: 0.0260598237395404
[2024-11-04T05:07:23.666+0000] {logging_mixin.py:188} INFO - Choosing Box-Cox transformed column.
[2024-11-04T05:07:23.669+0000] {logging_mixin.py:188} INFO - parameter                  pm25  pm25_boxcox
date                                        
2022-01-01 01:00:00+00:00   9.5     4.039843
2022-01-01 02:00:00+00:00   5.7     2.928394
2022-01-01 03:00:00+00:00   5.7     2.928394
2022-01-01 04:00:00+00:00   5.7     2.928394
2022-01-01 05:00:00+00:00   5.7     2.928394
[2024-11-04T05:07:23.678+0000] {logging_mixin.py:188} INFO - Feature engineering completed and NaN values dropped.
[2024-11-04T05:07:23.702+0000] {logging_mixin.py:188} INFO - parameter          pm25   pm25_boxcox  ...  sin_day_of_week  cos_day_of_week
count      14689.000000  14689.000000  ...     14689.000000     14689.000000
mean           5.819701      2.918370  ...         0.002063         0.006912
std            1.889636      0.626161  ...         0.706957         0.707268
min            0.302092      0.279357  ...        -0.974928        -0.900969
25%            4.500000      2.503376  ...        -0.781831        -0.900969
50%            5.700000      2.928394  ...         0.000000        -0.222521
75%            6.800000      3.280963  ...         0.781831         0.623490
max           11.500000      4.531694  ...         0.974928         1.000000

[8 rows x 26 columns]
[2024-11-04T05:07:23.708+0000] {logging_mixin.py:188} INFO - parameter                  pm25  pm25_boxcox  ...  sin_day_of_week  cos_day_of_week
date                                          ...                                  
2022-01-02 03:00:00+00:00   5.7     2.928394  ...        -0.781831          0.62349
2022-01-02 04:00:00+00:00   5.7     2.928394  ...        -0.781831          0.62349
2022-01-02 05:00:00+00:00   8.5     3.773550  ...        -0.781831          0.62349
2022-01-02 06:00:00+00:00   6.8     3.280963  ...        -0.781831          0.62349
2022-01-02 07:00:00+00:00   8.6     3.800884  ...        -0.781831          0.62349

[5 rows x 26 columns]
[2024-11-04T05:07:23.714+0000] {logging_mixin.py:188} INFO - Processed DataFrame saved as '/opt/***/dags/DataPreprocessing/src/data_store_pkl_files/train_data/feature_eng_train_data.pkl'.
[2024-11-04T05:07:23.715+0000] {python.py:237} INFO - Done. Returned value was: None
[2024-11-04T05:07:23.715+0000] {taskinstance.py:441} INFO - ::group::Post task execution logs
[2024-11-04T05:07:23.719+0000] {taskinstance.py:1206} INFO - Marking task as SUCCESS. dag_id=datapipeline_new, task_id=feature_engineering_train, run_id=manual__2024-11-04T05:06:12.986905+00:00, execution_date=20241104T050612, start_date=20241104T050723, end_date=20241104T050723
[2024-11-04T05:07:23.761+0000] {local_task_job_runner.py:240} INFO - Task exited with return code 0
[2024-11-04T05:07:23.775+0000] {taskinstance.py:3503} INFO - 1 downstream tasks scheduled from follow-on schedule check
[2024-11-04T05:07:23.776+0000] {local_task_job_runner.py:222} INFO - ::endgroup::
