[2024-11-03T02:37:25.422+0000] {local_task_job_runner.py:120} INFO - ::group::Pre task execution logs
[2024-11-03T02:37:25.430+0000] {taskinstance.py:2076} INFO - Dependencies all met for dep_context=non-requeueable deps ti=<TaskInstance: datapipeline_new.check_anomalies_loading_data manual__2024-11-03T02:36:44.429080+00:00 [queued]>
[2024-11-03T02:37:25.433+0000] {taskinstance.py:2076} INFO - Dependencies all met for dep_context=requeueable deps ti=<TaskInstance: datapipeline_new.check_anomalies_loading_data manual__2024-11-03T02:36:44.429080+00:00 [queued]>
[2024-11-03T02:37:25.433+0000] {taskinstance.py:2306} INFO - Starting attempt 1 of 2
[2024-11-03T02:37:25.507+0000] {taskinstance.py:2330} INFO - Executing <Task(BranchPythonOperator): check_anomalies_loading_data> on 2024-11-03 02:36:44.429080+00:00
[2024-11-03T02:37:25.511+0000] {warnings.py:112} WARNING - /home/***/.local/lib/python3.12/site-packages/***/task/task_runner/standard_task_runner.py:61: DeprecationWarning: This process (pid=124) is multi-threaded, use of fork() may lead to deadlocks in the child.
  pid = os.fork()

[2024-11-03T02:37:25.512+0000] {standard_task_runner.py:63} INFO - Started process 133 to run task
[2024-11-03T02:37:25.512+0000] {standard_task_runner.py:90} INFO - Running: ['***', 'tasks', 'run', 'datapipeline_new', 'check_anomalies_loading_data', 'manual__2024-11-03T02:36:44.429080+00:00', '--job-id', '709', '--raw', '--subdir', 'DAGS_FOLDER/dag_script.py', '--cfg-path', '/tmp/tmpezsqmuob']
[2024-11-03T02:37:25.513+0000] {standard_task_runner.py:91} INFO - Job 709: Subtask check_anomalies_loading_data
[2024-11-03T02:37:25.530+0000] {task_command.py:426} INFO - Running <TaskInstance: datapipeline_new.check_anomalies_loading_data manual__2024-11-03T02:36:44.429080+00:00 [running]> on host 7ffb0854de89
[2024-11-03T02:37:25.560+0000] {taskinstance.py:2648} INFO - Exporting env vars: AIRFLOW_CTX_DAG_OWNER='MLOPS' AIRFLOW_CTX_DAG_ID='datapipeline_new' AIRFLOW_CTX_TASK_ID='check_anomalies_loading_data' AIRFLOW_CTX_EXECUTION_DATE='2024-11-03T02:36:44.429080+00:00' AIRFLOW_CTX_TRY_NUMBER='1' AIRFLOW_CTX_DAG_RUN_ID='manual__2024-11-03T02:36:44.429080+00:00'
[2024-11-03T02:37:25.561+0000] {taskinstance.py:430} INFO - ::endgroup::
[2024-11-03T02:37:25.566+0000] {baseoperator.py:400} WARNING - BranchPythonOperator.execute cannot be called outside TaskInstance!
[2024-11-03T02:37:25.570+0000] {dag_script.py:47} INFO - Anomalies detected: []
[2024-11-03T02:37:25.570+0000] {dag_script.py:51} INFO - Branching to continue_pipeline
[2024-11-03T02:37:25.571+0000] {python.py:237} INFO - Done. Returned value was: continue_pipeline_load_data
[2024-11-03T02:37:25.571+0000] {branch.py:36} INFO - Branch into continue_pipeline_load_data
[2024-11-03T02:37:25.571+0000] {skipmixin.py:178} INFO - Following branch continue_pipeline_load_data
[2024-11-03T02:37:25.576+0000] {skipmixin.py:246} INFO - Skipping tasks [('send_anomaly_alert_load_data', -1)]
[2024-11-03T02:37:25.583+0000] {taskinstance.py:441} INFO - ::group::Post task execution logs
[2024-11-03T02:37:25.588+0000] {taskinstance.py:1206} INFO - Marking task as SUCCESS. dag_id=datapipeline_new, task_id=check_anomalies_loading_data, run_id=manual__2024-11-03T02:36:44.429080+00:00, execution_date=20241103T023644, start_date=20241103T023725, end_date=20241103T023725
[2024-11-03T02:37:25.610+0000] {local_task_job_runner.py:240} INFO - Task exited with return code 0
[2024-11-03T02:37:25.637+0000] {taskinstance.py:3503} INFO - 0 downstream tasks scheduled from follow-on schedule check
[2024-11-03T02:37:25.638+0000] {local_task_job_runner.py:222} INFO - ::endgroup::
