[2024-11-04T05:05:49.713+0000] {processor.py:161} INFO - Started process (PID=52) to work on /opt/airflow/dags/dag_script.py
[2024-11-04T05:05:49.716+0000] {processor.py:830} INFO - Processing file /opt/airflow/dags/dag_script.py for tasks to queue
[2024-11-04T05:05:49.720+0000] {logging_mixin.py:188} INFO - [2024-11-04T05:05:49.719+0000] {dagbag.py:545} INFO - Filling up the DagBag from /opt/airflow/dags/dag_script.py
[2024-11-04T05:05:51.592+0000] {logging_mixin.py:188} WARNING - /home/airflow/.local/lib/python3.12/site-packages/airflow/models/baseoperator.py:485 RemovedInAirflow3Warning: provide_context is deprecated as of 2.0 and is no longer required
[2024-11-04T05:05:51.626+0000] {processor.py:840} INFO - DAG(s) 'datapipeline_new' retrieved from /opt/airflow/dags/dag_script.py
[2024-11-04T05:05:51.802+0000] {logging_mixin.py:188} INFO - [2024-11-04T05:05:51.801+0000] {dag.py:3096} INFO - Sync 1 DAGs
[2024-11-04T05:05:51.814+0000] {logging_mixin.py:188} INFO - [2024-11-04T05:05:51.814+0000] {dag.py:3954} INFO - Setting next_dagrun for datapipeline_new to None, run_after=None
[2024-11-04T05:05:51.853+0000] {processor.py:183} INFO - Processing /opt/airflow/dags/dag_script.py took 2.147 seconds
[2024-11-04T05:06:22.029+0000] {processor.py:161} INFO - Started process (PID=73) to work on /opt/airflow/dags/dag_script.py
[2024-11-04T05:06:22.031+0000] {processor.py:830} INFO - Processing file /opt/airflow/dags/dag_script.py for tasks to queue
[2024-11-04T05:06:22.033+0000] {logging_mixin.py:188} INFO - [2024-11-04T05:06:22.033+0000] {dagbag.py:545} INFO - Filling up the DagBag from /opt/airflow/dags/dag_script.py
[2024-11-04T05:06:22.821+0000] {logging_mixin.py:188} WARNING - /home/airflow/.local/lib/python3.12/site-packages/airflow/models/baseoperator.py:485 RemovedInAirflow3Warning: provide_context is deprecated as of 2.0 and is no longer required
[2024-11-04T05:06:22.827+0000] {processor.py:840} INFO - DAG(s) 'datapipeline_new' retrieved from /opt/airflow/dags/dag_script.py
[2024-11-04T05:06:22.852+0000] {logging_mixin.py:188} INFO - [2024-11-04T05:06:22.852+0000] {dag.py:3096} INFO - Sync 1 DAGs
[2024-11-04T05:06:22.856+0000] {logging_mixin.py:188} INFO - [2024-11-04T05:06:22.856+0000] {dag.py:3954} INFO - Setting next_dagrun for datapipeline_new to None, run_after=None
[2024-11-04T05:06:22.863+0000] {processor.py:183} INFO - Processing /opt/airflow/dags/dag_script.py took 0.839 seconds
[2024-11-04T05:06:53.136+0000] {processor.py:161} INFO - Started process (PID=88) to work on /opt/airflow/dags/dag_script.py
[2024-11-04T05:06:53.138+0000] {processor.py:830} INFO - Processing file /opt/airflow/dags/dag_script.py for tasks to queue
[2024-11-04T05:06:53.156+0000] {logging_mixin.py:188} INFO - [2024-11-04T05:06:53.151+0000] {dagbag.py:545} INFO - Filling up the DagBag from /opt/airflow/dags/dag_script.py
[2024-11-04T05:06:53.994+0000] {logging_mixin.py:188} WARNING - /home/airflow/.local/lib/python3.12/site-packages/airflow/models/baseoperator.py:485 RemovedInAirflow3Warning: provide_context is deprecated as of 2.0 and is no longer required
[2024-11-04T05:06:53.999+0000] {processor.py:840} INFO - DAG(s) 'datapipeline_new' retrieved from /opt/airflow/dags/dag_script.py
[2024-11-04T05:06:54.016+0000] {logging_mixin.py:188} INFO - [2024-11-04T05:06:54.016+0000] {dag.py:3096} INFO - Sync 1 DAGs
[2024-11-04T05:06:54.020+0000] {logging_mixin.py:188} INFO - [2024-11-04T05:06:54.020+0000] {dag.py:3954} INFO - Setting next_dagrun for datapipeline_new to None, run_after=None
[2024-11-04T05:06:54.027+0000] {processor.py:183} INFO - Processing /opt/airflow/dags/dag_script.py took 0.895 seconds
[2024-11-04T05:07:24.325+0000] {processor.py:161} INFO - Started process (PID=103) to work on /opt/airflow/dags/dag_script.py
[2024-11-04T05:07:24.326+0000] {processor.py:830} INFO - Processing file /opt/airflow/dags/dag_script.py for tasks to queue
[2024-11-04T05:07:24.328+0000] {logging_mixin.py:188} INFO - [2024-11-04T05:07:24.328+0000] {dagbag.py:545} INFO - Filling up the DagBag from /opt/airflow/dags/dag_script.py
[2024-11-04T05:07:25.098+0000] {logging_mixin.py:188} WARNING - /home/airflow/.local/lib/python3.12/site-packages/airflow/models/baseoperator.py:485 RemovedInAirflow3Warning: provide_context is deprecated as of 2.0 and is no longer required
[2024-11-04T05:07:25.107+0000] {processor.py:840} INFO - DAG(s) 'datapipeline_new' retrieved from /opt/airflow/dags/dag_script.py
[2024-11-04T05:07:25.145+0000] {logging_mixin.py:188} INFO - [2024-11-04T05:07:25.144+0000] {dag.py:3096} INFO - Sync 1 DAGs
[2024-11-04T05:07:25.152+0000] {logging_mixin.py:188} INFO - [2024-11-04T05:07:25.152+0000] {dag.py:3954} INFO - Setting next_dagrun for datapipeline_new to None, run_after=None
[2024-11-04T05:07:25.161+0000] {processor.py:183} INFO - Processing /opt/airflow/dags/dag_script.py took 0.843 seconds
[2024-11-04T05:07:55.440+0000] {processor.py:161} INFO - Started process (PID=118) to work on /opt/airflow/dags/dag_script.py
[2024-11-04T05:07:55.441+0000] {processor.py:830} INFO - Processing file /opt/airflow/dags/dag_script.py for tasks to queue
[2024-11-04T05:07:55.443+0000] {logging_mixin.py:188} INFO - [2024-11-04T05:07:55.443+0000] {dagbag.py:545} INFO - Filling up the DagBag from /opt/airflow/dags/dag_script.py
[2024-11-04T05:07:56.313+0000] {logging_mixin.py:188} WARNING - /home/airflow/.local/lib/python3.12/site-packages/airflow/models/baseoperator.py:485 RemovedInAirflow3Warning: provide_context is deprecated as of 2.0 and is no longer required
[2024-11-04T05:07:56.319+0000] {processor.py:840} INFO - DAG(s) 'datapipeline_new' retrieved from /opt/airflow/dags/dag_script.py
[2024-11-04T05:07:56.336+0000] {logging_mixin.py:188} INFO - [2024-11-04T05:07:56.336+0000] {dag.py:3096} INFO - Sync 1 DAGs
[2024-11-04T05:07:56.340+0000] {logging_mixin.py:188} INFO - [2024-11-04T05:07:56.340+0000] {dag.py:3954} INFO - Setting next_dagrun for datapipeline_new to None, run_after=None
[2024-11-04T05:07:56.346+0000] {processor.py:183} INFO - Processing /opt/airflow/dags/dag_script.py took 0.911 seconds
