[2024-11-04T05:06:39.011+0000] {local_task_job_runner.py:120} INFO - ::group::Pre task execution logs
[2024-11-04T05:06:39.019+0000] {taskinstance.py:2076} INFO - Dependencies all met for dep_context=non-requeueable deps ti=<TaskInstance: datapipeline_new.load_data_pickle manual__2024-11-04T05:06:12.986905+00:00 [queued]>
[2024-11-04T05:06:39.022+0000] {taskinstance.py:2076} INFO - Dependencies all met for dep_context=requeueable deps ti=<TaskInstance: datapipeline_new.load_data_pickle manual__2024-11-04T05:06:12.986905+00:00 [queued]>
[2024-11-04T05:06:39.023+0000] {taskinstance.py:2306} INFO - Starting attempt 1 of 2
[2024-11-04T05:06:39.094+0000] {taskinstance.py:2330} INFO - Executing <Task(PythonOperator): load_data_pickle> on 2024-11-04 05:06:12.986905+00:00
[2024-11-04T05:06:39.098+0000] {warnings.py:112} WARNING - /home/***/.local/lib/python3.12/site-packages/***/task/task_runner/standard_task_runner.py:61: DeprecationWarning: This process (pid=106) is multi-threaded, use of fork() may lead to deadlocks in the child.
  pid = os.fork()

[2024-11-04T05:06:39.098+0000] {standard_task_runner.py:63} INFO - Started process 115 to run task
[2024-11-04T05:06:39.099+0000] {standard_task_runner.py:90} INFO - Running: ['***', 'tasks', 'run', 'datapipeline_new', 'load_data_pickle', 'manual__2024-11-04T05:06:12.986905+00:00', '--job-id', '744', '--raw', '--subdir', 'DAGS_FOLDER/dag_script.py', '--cfg-path', '/tmp/tmpolrl8qfw']
[2024-11-04T05:06:39.100+0000] {standard_task_runner.py:91} INFO - Job 744: Subtask load_data_pickle
[2024-11-04T05:06:39.116+0000] {task_command.py:426} INFO - Running <TaskInstance: datapipeline_new.load_data_pickle manual__2024-11-04T05:06:12.986905+00:00 [running]> on host 7ffb0854de89
[2024-11-04T05:06:39.147+0000] {taskinstance.py:2648} INFO - Exporting env vars: AIRFLOW_CTX_DAG_OWNER='MLOPS' AIRFLOW_CTX_DAG_ID='datapipeline_new' AIRFLOW_CTX_TASK_ID='load_data_pickle' AIRFLOW_CTX_EXECUTION_DATE='2024-11-04T05:06:12.986905+00:00' AIRFLOW_CTX_TRY_NUMBER='1' AIRFLOW_CTX_DAG_RUN_ID='manual__2024-11-04T05:06:12.986905+00:00'
[2024-11-04T05:06:39.147+0000] {taskinstance.py:430} INFO - ::endgroup::
[2024-11-04T05:06:39.168+0000] {data_loader.py:36} INFO - Loaded file 'air_pollution_data_1.csv' successfully.
[2024-11-04T05:06:39.176+0000] {data_loader.py:36} INFO - Loaded file 'air_pollution_data_2.csv' successfully.
[2024-11-04T05:06:39.176+0000] {data_loader.py:55} INFO - All columns are consistent.
[2024-11-04T05:06:39.534+0000] {data_loader.py:80} INFO - DataFrames stacked successfully.
[2024-11-04T05:06:39.542+0000] {data_loader.py:90} INFO - Stacked DataFrame saved as 'dags/DataPreprocessing/src/data_store_pkl_files/air_pollution.pkl'.
[2024-11-04T05:06:39.542+0000] {data_loader.py:113} INFO - No anomalies detected. Process completed successfully.
[2024-11-04T05:06:39.543+0000] {python.py:237} INFO - Done. Returned value was: []
[2024-11-04T05:06:39.543+0000] {taskinstance.py:441} INFO - ::group::Post task execution logs
[2024-11-04T05:06:39.553+0000] {taskinstance.py:1206} INFO - Marking task as SUCCESS. dag_id=datapipeline_new, task_id=load_data_pickle, run_id=manual__2024-11-04T05:06:12.986905+00:00, execution_date=20241104T050612, start_date=20241104T050639, end_date=20241104T050639
[2024-11-04T05:06:39.586+0000] {local_task_job_runner.py:240} INFO - Task exited with return code 0
[2024-11-04T05:06:39.605+0000] {taskinstance.py:3503} INFO - 1 downstream tasks scheduled from follow-on schedule check
[2024-11-04T05:06:39.606+0000] {local_task_job_runner.py:222} INFO - ::endgroup::
