[2024-11-12T19:02:50.073+0000] {local_task_job_runner.py:120} INFO - ::group::Pre task execution logs
[2024-11-12T19:02:50.083+0000] {taskinstance.py:2076} INFO - Dependencies all met for dep_context=non-requeueable deps ti=<TaskInstance: modeling_pipeline.Bias_Model manual__2024-11-12T18:56:48.444518+00:00 [queued]>
[2024-11-12T19:02:50.086+0000] {taskinstance.py:2076} INFO - Dependencies all met for dep_context=requeueable deps ti=<TaskInstance: modeling_pipeline.Bias_Model manual__2024-11-12T18:56:48.444518+00:00 [queued]>
[2024-11-12T19:02:50.086+0000] {taskinstance.py:2306} INFO - Starting attempt 1 of 2
[2024-11-12T19:02:50.091+0000] {taskinstance.py:2330} INFO - Executing <Task(PythonOperator): Bias_Model> on 2024-11-12 18:56:48.444518+00:00
[2024-11-12T19:02:50.099+0000] {warnings.py:112} WARNING - /home/***/.local/lib/python3.12/site-packages/***/task/task_runner/standard_task_runner.py:61: DeprecationWarning: This process (pid=342) is multi-threaded, use of fork() may lead to deadlocks in the child.
  pid = os.fork()

[2024-11-12T19:02:50.100+0000] {standard_task_runner.py:63} INFO - Started process 351 to run task
[2024-11-12T19:02:50.100+0000] {standard_task_runner.py:90} INFO - Running: ['***', 'tasks', 'run', 'modeling_pipeline', 'Bias_Model', 'manual__2024-11-12T18:56:48.444518+00:00', '--job-id', '1160', '--raw', '--subdir', 'DAGS_FOLDER/dag_script_model.py', '--cfg-path', '/tmp/tmpay32by94']
[2024-11-12T19:02:50.102+0000] {standard_task_runner.py:91} INFO - Job 1160: Subtask Bias_Model
[2024-11-12T19:02:50.123+0000] {task_command.py:426} INFO - Running <TaskInstance: modeling_pipeline.Bias_Model manual__2024-11-12T18:56:48.444518+00:00 [running]> on host 9919a500f6fd
[2024-11-12T19:02:50.169+0000] {taskinstance.py:2648} INFO - Exporting env vars: AIRFLOW_CTX_DAG_OWNER='MLOPS' AIRFLOW_CTX_DAG_ID='modeling_pipeline' AIRFLOW_CTX_TASK_ID='Bias_Model' AIRFLOW_CTX_EXECUTION_DATE='2024-11-12T18:56:48.444518+00:00' AIRFLOW_CTX_TRY_NUMBER='1' AIRFLOW_CTX_DAG_RUN_ID='manual__2024-11-12T18:56:48.444518+00:00'
[2024-11-12T19:02:50.170+0000] {taskinstance.py:430} INFO - ::endgroup::
[2024-11-12T19:02:50.180+0000] {logging_mixin.py:188} INFO - Loaded feature-engineered test data successfully.
[2024-11-12T19:02:50.186+0000] {logging_mixin.py:188} INFO - Warning: 'timestamp' column is missing. Creating a synthetic timestamp column.
[2024-11-12T19:02:50.187+0000] {logging_mixin.py:188} INFO - Feature Data Columns: Index(['pm25', 'pm25_boxcox', 'lag_1', 'lag_2', 'lag_3', 'lag_4', 'lag_5',
       'rolling_mean_3', 'rolling_mean_6', 'rolling_mean_24', 'rolling_std_3',
       'rolling_std_6', 'rolling_std_24', 'ema_3', 'ema_6', 'ema_24', 'diff_1',
       'diff_2', 'hour', 'day_of_week', 'day_of_year', 'month', 'sin_hour',
       'cos_hour', 'sin_day_of_week', 'cos_day_of_week', 'season',
       'timestamp'],
      dtype='object', name='parameter')
[2024-11-12T19:02:50.269+0000] {logging_mixin.py:188} INFO - Random Forest model loaded successfully.
[2024-11-12T19:02:50.274+0000] {logging_mixin.py:188} INFO - XGBoost model loaded successfully.
[2024-11-12T19:02:50.291+0000] {logging_mixin.py:188} INFO - Prophet model loaded successfully.
[2024-11-12T19:02:50.292+0000] {logging_mixin.py:188} INFO - Starting Predictions...
[2024-11-12T19:02:50.359+0000] {logging_mixin.py:188} INFO - Random Forest predictions: date
2022-01-03 21:00:00+00:00    3.451829
2022-01-03 22:00:00+00:00    3.402023
2022-01-03 23:00:00+00:00    3.564661
2022-01-04 00:00:00+00:00    3.670949
2022-01-04 05:00:00+00:00    1.943444
Name: y_pred_rf, dtype: float64
[2024-11-12T19:02:50.366+0000] {logging_mixin.py:188} INFO - XGBoost predictions: date
2022-01-03 21:00:00+00:00    3.444933
2022-01-03 22:00:00+00:00    3.380944
2022-01-03 23:00:00+00:00    3.549302
2022-01-04 00:00:00+00:00    3.670970
2022-01-04 05:00:00+00:00    1.940380
Name: y_pred_xgb, dtype: float32
[2024-11-12T19:02:50.879+0000] {logging_mixin.py:188} INFO - Prophet predictions: date
2022-01-03 21:00:00+00:00    3.200325
2022-01-03 22:00:00+00:00    3.220295
2022-01-03 23:00:00+00:00    3.233682
2022-01-04 00:00:00+00:00    3.235273
2022-01-04 05:00:00+00:00    3.227202
Name: y_pred_prophet, dtype: float64
[2024-11-12T19:02:50.879+0000] {logging_mixin.py:188} INFO - Predictions made for all models.
[2024-11-12T19:02:50.943+0000] {logging_mixin.py:188} WARNING - 2024/11/12 19:02:50 WARNING mlflow.utils.git_utils: Failed to import Git (the Git executable is probably not on your PATH), so Git SHA is not available. Error: Failed to initialize: Bad git executable.
The git executable must be specified in one of the following ways:
    - be included in your $PATH
    - be set via $GIT_PYTHON_GIT_EXECUTABLE
    - explicitly set via git.refresh(<full-path-to-git-executable>)

All git commands will error until this is rectified.

This initial message can be silenced or aggravated in the future by setting the
$GIT_PYTHON_REFRESH environment variable. Use one of the following values:
    - quiet|q|silence|s|silent|none|n|0: for no message or exception
    - warn|w|warning|log|l|1: for a warning message (logging level CRITICAL, displayed by default)
    - error|e|exception|raise|r|2: for a raised exception

Example:
    export GIT_PYTHON_REFRESH=quiet
[2024-11-12T19:02:50.948+0000] {logging_mixin.py:188} INFO - 
Evaluating bias and metrics for model: y_pred_rf
[2024-11-12T19:02:50.953+0000] {logging_mixin.py:188} INFO - 
Evaluating feature: hour for model: y_pred_rf
[2024-11-12T19:02:50.957+0000] {warnings.py:112} WARNING - /home/***/.local/lib/python3.12/site-packages/sklearn/metrics/_regression.py:492: FutureWarning: 'squared' is deprecated in version 1.4 and will be removed in 1.6. To calculate the root mean squared error, use the function'root_mean_squared_error'.
  warnings.warn(

[2024-11-12T19:02:50.959+0000] {warnings.py:112} WARNING - /home/***/.local/lib/python3.12/site-packages/sklearn/metrics/_regression.py:492: FutureWarning: 'squared' is deprecated in version 1.4 and will be removed in 1.6. To calculate the root mean squared error, use the function'root_mean_squared_error'.
  warnings.warn(

[2024-11-12T19:02:50.961+0000] {warnings.py:112} WARNING - /home/***/.local/lib/python3.12/site-packages/sklearn/metrics/_regression.py:492: FutureWarning: 'squared' is deprecated in version 1.4 and will be removed in 1.6. To calculate the root mean squared error, use the function'root_mean_squared_error'.
  warnings.warn(

[2024-11-12T19:02:50.963+0000] {warnings.py:112} WARNING - /home/***/.local/lib/python3.12/site-packages/sklearn/metrics/_regression.py:492: FutureWarning: 'squared' is deprecated in version 1.4 and will be removed in 1.6. To calculate the root mean squared error, use the function'root_mean_squared_error'.
  warnings.warn(

[2024-11-12T19:02:50.966+0000] {warnings.py:112} WARNING - /home/***/.local/lib/python3.12/site-packages/sklearn/metrics/_regression.py:492: FutureWarning: 'squared' is deprecated in version 1.4 and will be removed in 1.6. To calculate the root mean squared error, use the function'root_mean_squared_error'.
  warnings.warn(

[2024-11-12T19:02:50.968+0000] {warnings.py:112} WARNING - /home/***/.local/lib/python3.12/site-packages/sklearn/metrics/_regression.py:492: FutureWarning: 'squared' is deprecated in version 1.4 and will be removed in 1.6. To calculate the root mean squared error, use the function'root_mean_squared_error'.
  warnings.warn(

[2024-11-12T19:02:50.970+0000] {warnings.py:112} WARNING - /home/***/.local/lib/python3.12/site-packages/sklearn/metrics/_regression.py:492: FutureWarning: 'squared' is deprecated in version 1.4 and will be removed in 1.6. To calculate the root mean squared error, use the function'root_mean_squared_error'.
  warnings.warn(

[2024-11-12T19:02:50.972+0000] {warnings.py:112} WARNING - /home/***/.local/lib/python3.12/site-packages/sklearn/metrics/_regression.py:492: FutureWarning: 'squared' is deprecated in version 1.4 and will be removed in 1.6. To calculate the root mean squared error, use the function'root_mean_squared_error'.
  warnings.warn(

[2024-11-12T19:02:50.975+0000] {warnings.py:112} WARNING - /home/***/.local/lib/python3.12/site-packages/sklearn/metrics/_regression.py:492: FutureWarning: 'squared' is deprecated in version 1.4 and will be removed in 1.6. To calculate the root mean squared error, use the function'root_mean_squared_error'.
  warnings.warn(

[2024-11-12T19:02:50.977+0000] {warnings.py:112} WARNING - /home/***/.local/lib/python3.12/site-packages/sklearn/metrics/_regression.py:492: FutureWarning: 'squared' is deprecated in version 1.4 and will be removed in 1.6. To calculate the root mean squared error, use the function'root_mean_squared_error'.
  warnings.warn(

[2024-11-12T19:02:50.979+0000] {warnings.py:112} WARNING - /home/***/.local/lib/python3.12/site-packages/sklearn/metrics/_regression.py:492: FutureWarning: 'squared' is deprecated in version 1.4 and will be removed in 1.6. To calculate the root mean squared error, use the function'root_mean_squared_error'.
  warnings.warn(

[2024-11-12T19:02:50.982+0000] {warnings.py:112} WARNING - /home/***/.local/lib/python3.12/site-packages/sklearn/metrics/_regression.py:492: FutureWarning: 'squared' is deprecated in version 1.4 and will be removed in 1.6. To calculate the root mean squared error, use the function'root_mean_squared_error'.
  warnings.warn(

[2024-11-12T19:02:50.984+0000] {warnings.py:112} WARNING - /home/***/.local/lib/python3.12/site-packages/sklearn/metrics/_regression.py:492: FutureWarning: 'squared' is deprecated in version 1.4 and will be removed in 1.6. To calculate the root mean squared error, use the function'root_mean_squared_error'.
  warnings.warn(

[2024-11-12T19:02:50.986+0000] {warnings.py:112} WARNING - /home/***/.local/lib/python3.12/site-packages/sklearn/metrics/_regression.py:492: FutureWarning: 'squared' is deprecated in version 1.4 and will be removed in 1.6. To calculate the root mean squared error, use the function'root_mean_squared_error'.
  warnings.warn(

[2024-11-12T19:02:50.988+0000] {warnings.py:112} WARNING - /home/***/.local/lib/python3.12/site-packages/sklearn/metrics/_regression.py:492: FutureWarning: 'squared' is deprecated in version 1.4 and will be removed in 1.6. To calculate the root mean squared error, use the function'root_mean_squared_error'.
  warnings.warn(

[2024-11-12T19:02:50.990+0000] {warnings.py:112} WARNING - /home/***/.local/lib/python3.12/site-packages/sklearn/metrics/_regression.py:492: FutureWarning: 'squared' is deprecated in version 1.4 and will be removed in 1.6. To calculate the root mean squared error, use the function'root_mean_squared_error'.
  warnings.warn(

[2024-11-12T19:02:50.992+0000] {warnings.py:112} WARNING - /home/***/.local/lib/python3.12/site-packages/sklearn/metrics/_regression.py:492: FutureWarning: 'squared' is deprecated in version 1.4 and will be removed in 1.6. To calculate the root mean squared error, use the function'root_mean_squared_error'.
  warnings.warn(

[2024-11-12T19:02:50.994+0000] {warnings.py:112} WARNING - /home/***/.local/lib/python3.12/site-packages/sklearn/metrics/_regression.py:492: FutureWarning: 'squared' is deprecated in version 1.4 and will be removed in 1.6. To calculate the root mean squared error, use the function'root_mean_squared_error'.
  warnings.warn(

[2024-11-12T19:02:50.996+0000] {warnings.py:112} WARNING - /home/***/.local/lib/python3.12/site-packages/sklearn/metrics/_regression.py:492: FutureWarning: 'squared' is deprecated in version 1.4 and will be removed in 1.6. To calculate the root mean squared error, use the function'root_mean_squared_error'.
  warnings.warn(

[2024-11-12T19:02:51.001+0000] {warnings.py:112} WARNING - /home/***/.local/lib/python3.12/site-packages/sklearn/metrics/_regression.py:492: FutureWarning: 'squared' is deprecated in version 1.4 and will be removed in 1.6. To calculate the root mean squared error, use the function'root_mean_squared_error'.
  warnings.warn(

[2024-11-12T19:02:51.005+0000] {warnings.py:112} WARNING - /home/***/.local/lib/python3.12/site-packages/sklearn/metrics/_regression.py:492: FutureWarning: 'squared' is deprecated in version 1.4 and will be removed in 1.6. To calculate the root mean squared error, use the function'root_mean_squared_error'.
  warnings.warn(

[2024-11-12T19:02:51.009+0000] {warnings.py:112} WARNING - /home/***/.local/lib/python3.12/site-packages/sklearn/metrics/_regression.py:492: FutureWarning: 'squared' is deprecated in version 1.4 and will be removed in 1.6. To calculate the root mean squared error, use the function'root_mean_squared_error'.
  warnings.warn(

[2024-11-12T19:02:51.013+0000] {warnings.py:112} WARNING - /home/***/.local/lib/python3.12/site-packages/sklearn/metrics/_regression.py:492: FutureWarning: 'squared' is deprecated in version 1.4 and will be removed in 1.6. To calculate the root mean squared error, use the function'root_mean_squared_error'.
  warnings.warn(

[2024-11-12T19:02:51.015+0000] {warnings.py:112} WARNING - /home/***/.local/lib/python3.12/site-packages/sklearn/metrics/_regression.py:492: FutureWarning: 'squared' is deprecated in version 1.4 and will be removed in 1.6. To calculate the root mean squared error, use the function'root_mean_squared_error'.
  warnings.warn(

[2024-11-12T19:02:51.021+0000] {logging_mixin.py:188} INFO - Logged metrics and bias flags for model y_pred_rf, feature hour
[2024-11-12T19:02:51.039+0000] {category.py:223} INFO - Using categorical units to plot a list of strings that are all parsable as floats or dates. If these strings should be plotted as numbers, cast to the appropriate data type before plotting.
[2024-11-12T19:02:51.043+0000] {category.py:223} INFO - Using categorical units to plot a list of strings that are all parsable as floats or dates. If these strings should be plotted as numbers, cast to the appropriate data type before plotting.
[2024-11-12T19:02:51.512+0000] {logging_mixin.py:188} INFO - Saved MAE distribution plot for y_pred_rf - hour at /opt/***/dags/artifacts/y_pred_rf_hour_MAE.png
[2024-11-12T19:02:51.520+0000] {category.py:223} INFO - Using categorical units to plot a list of strings that are all parsable as floats or dates. If these strings should be plotted as numbers, cast to the appropriate data type before plotting.
[2024-11-12T19:02:51.522+0000] {category.py:223} INFO - Using categorical units to plot a list of strings that are all parsable as floats or dates. If these strings should be plotted as numbers, cast to the appropriate data type before plotting.
[2024-11-12T19:02:51.636+0000] {logging_mixin.py:188} INFO - Saved RMSE distribution plot for y_pred_rf - hour at /opt/***/dags/artifacts/y_pred_rf_hour_RMSE.png
[2024-11-12T19:02:51.644+0000] {category.py:223} INFO - Using categorical units to plot a list of strings that are all parsable as floats or dates. If these strings should be plotted as numbers, cast to the appropriate data type before plotting.
[2024-11-12T19:02:51.646+0000] {category.py:223} INFO - Using categorical units to plot a list of strings that are all parsable as floats or dates. If these strings should be plotted as numbers, cast to the appropriate data type before plotting.
[2024-11-12T19:02:51.767+0000] {logging_mixin.py:188} INFO - Saved R² distribution plot for y_pred_rf - hour at /opt/***/dags/artifacts/y_pred_rf_hour_R².png
[2024-11-12T19:02:51.775+0000] {category.py:223} INFO - Using categorical units to plot a list of strings that are all parsable as floats or dates. If these strings should be plotted as numbers, cast to the appropriate data type before plotting.
[2024-11-12T19:02:51.777+0000] {category.py:223} INFO - Using categorical units to plot a list of strings that are all parsable as floats or dates. If these strings should be plotted as numbers, cast to the appropriate data type before plotting.
[2024-11-12T19:02:51.892+0000] {logging_mixin.py:188} INFO - Saved MBE distribution plot for y_pred_rf - hour at /opt/***/dags/artifacts/y_pred_rf_hour_MBE.png
[2024-11-12T19:02:51.897+0000] {logging_mixin.py:188} INFO - 
Evaluating feature: day_of_week for model: y_pred_rf
[2024-11-12T19:02:51.899+0000] {warnings.py:112} WARNING - /home/***/.local/lib/python3.12/site-packages/sklearn/metrics/_regression.py:492: FutureWarning: 'squared' is deprecated in version 1.4 and will be removed in 1.6. To calculate the root mean squared error, use the function'root_mean_squared_error'.
  warnings.warn(

[2024-11-12T19:02:51.902+0000] {warnings.py:112} WARNING - /home/***/.local/lib/python3.12/site-packages/sklearn/metrics/_regression.py:492: FutureWarning: 'squared' is deprecated in version 1.4 and will be removed in 1.6. To calculate the root mean squared error, use the function'root_mean_squared_error'.
  warnings.warn(

[2024-11-12T19:02:51.905+0000] {warnings.py:112} WARNING - /home/***/.local/lib/python3.12/site-packages/sklearn/metrics/_regression.py:492: FutureWarning: 'squared' is deprecated in version 1.4 and will be removed in 1.6. To calculate the root mean squared error, use the function'root_mean_squared_error'.
  warnings.warn(

[2024-11-12T19:02:51.907+0000] {warnings.py:112} WARNING - /home/***/.local/lib/python3.12/site-packages/sklearn/metrics/_regression.py:492: FutureWarning: 'squared' is deprecated in version 1.4 and will be removed in 1.6. To calculate the root mean squared error, use the function'root_mean_squared_error'.
  warnings.warn(

[2024-11-12T19:02:51.909+0000] {warnings.py:112} WARNING - /home/***/.local/lib/python3.12/site-packages/sklearn/metrics/_regression.py:492: FutureWarning: 'squared' is deprecated in version 1.4 and will be removed in 1.6. To calculate the root mean squared error, use the function'root_mean_squared_error'.
  warnings.warn(

[2024-11-12T19:02:51.911+0000] {warnings.py:112} WARNING - /home/***/.local/lib/python3.12/site-packages/sklearn/metrics/_regression.py:492: FutureWarning: 'squared' is deprecated in version 1.4 and will be removed in 1.6. To calculate the root mean squared error, use the function'root_mean_squared_error'.
  warnings.warn(

[2024-11-12T19:02:51.913+0000] {warnings.py:112} WARNING - /home/***/.local/lib/python3.12/site-packages/sklearn/metrics/_regression.py:492: FutureWarning: 'squared' is deprecated in version 1.4 and will be removed in 1.6. To calculate the root mean squared error, use the function'root_mean_squared_error'.
  warnings.warn(

[2024-11-12T19:02:51.920+0000] {logging_mixin.py:188} INFO - Logged metrics and bias flags for model y_pred_rf, feature day_of_week
[2024-11-12T19:02:51.927+0000] {category.py:223} INFO - Using categorical units to plot a list of strings that are all parsable as floats or dates. If these strings should be plotted as numbers, cast to the appropriate data type before plotting.
[2024-11-12T19:02:51.929+0000] {category.py:223} INFO - Using categorical units to plot a list of strings that are all parsable as floats or dates. If these strings should be plotted as numbers, cast to the appropriate data type before plotting.
[2024-11-12T19:02:51.993+0000] {logging_mixin.py:188} INFO - Saved MAE distribution plot for y_pred_rf - day_of_week at /opt/***/dags/artifacts/y_pred_rf_day_of_week_MAE.png
[2024-11-12T19:02:52.000+0000] {category.py:223} INFO - Using categorical units to plot a list of strings that are all parsable as floats or dates. If these strings should be plotted as numbers, cast to the appropriate data type before plotting.
[2024-11-12T19:02:52.002+0000] {category.py:223} INFO - Using categorical units to plot a list of strings that are all parsable as floats or dates. If these strings should be plotted as numbers, cast to the appropriate data type before plotting.
[2024-11-12T19:02:52.089+0000] {logging_mixin.py:188} INFO - Saved RMSE distribution plot for y_pred_rf - day_of_week at /opt/***/dags/artifacts/y_pred_rf_day_of_week_RMSE.png
[2024-11-12T19:02:52.097+0000] {category.py:223} INFO - Using categorical units to plot a list of strings that are all parsable as floats or dates. If these strings should be plotted as numbers, cast to the appropriate data type before plotting.
[2024-11-12T19:02:52.099+0000] {category.py:223} INFO - Using categorical units to plot a list of strings that are all parsable as floats or dates. If these strings should be plotted as numbers, cast to the appropriate data type before plotting.
[2024-11-12T19:02:52.162+0000] {logging_mixin.py:188} INFO - Saved R² distribution plot for y_pred_rf - day_of_week at /opt/***/dags/artifacts/y_pred_rf_day_of_week_R².png
[2024-11-12T19:02:52.169+0000] {category.py:223} INFO - Using categorical units to plot a list of strings that are all parsable as floats or dates. If these strings should be plotted as numbers, cast to the appropriate data type before plotting.
[2024-11-12T19:02:52.171+0000] {category.py:223} INFO - Using categorical units to plot a list of strings that are all parsable as floats or dates. If these strings should be plotted as numbers, cast to the appropriate data type before plotting.
[2024-11-12T19:02:52.240+0000] {logging_mixin.py:188} INFO - Saved MBE distribution plot for y_pred_rf - day_of_week at /opt/***/dags/artifacts/y_pred_rf_day_of_week_MBE.png
[2024-11-12T19:02:52.244+0000] {logging_mixin.py:188} INFO - 
Evaluating feature: month for model: y_pred_rf
[2024-11-12T19:02:52.246+0000] {warnings.py:112} WARNING - /home/***/.local/lib/python3.12/site-packages/sklearn/metrics/_regression.py:492: FutureWarning: 'squared' is deprecated in version 1.4 and will be removed in 1.6. To calculate the root mean squared error, use the function'root_mean_squared_error'.
  warnings.warn(

[2024-11-12T19:02:52.249+0000] {warnings.py:112} WARNING - /home/***/.local/lib/python3.12/site-packages/sklearn/metrics/_regression.py:492: FutureWarning: 'squared' is deprecated in version 1.4 and will be removed in 1.6. To calculate the root mean squared error, use the function'root_mean_squared_error'.
  warnings.warn(

[2024-11-12T19:02:52.251+0000] {warnings.py:112} WARNING - /home/***/.local/lib/python3.12/site-packages/sklearn/metrics/_regression.py:492: FutureWarning: 'squared' is deprecated in version 1.4 and will be removed in 1.6. To calculate the root mean squared error, use the function'root_mean_squared_error'.
  warnings.warn(

[2024-11-12T19:02:52.253+0000] {warnings.py:112} WARNING - /home/***/.local/lib/python3.12/site-packages/sklearn/metrics/_regression.py:492: FutureWarning: 'squared' is deprecated in version 1.4 and will be removed in 1.6. To calculate the root mean squared error, use the function'root_mean_squared_error'.
  warnings.warn(

[2024-11-12T19:02:52.255+0000] {warnings.py:112} WARNING - /home/***/.local/lib/python3.12/site-packages/sklearn/metrics/_regression.py:492: FutureWarning: 'squared' is deprecated in version 1.4 and will be removed in 1.6. To calculate the root mean squared error, use the function'root_mean_squared_error'.
  warnings.warn(

[2024-11-12T19:02:52.258+0000] {warnings.py:112} WARNING - /home/***/.local/lib/python3.12/site-packages/sklearn/metrics/_regression.py:492: FutureWarning: 'squared' is deprecated in version 1.4 and will be removed in 1.6. To calculate the root mean squared error, use the function'root_mean_squared_error'.
  warnings.warn(

[2024-11-12T19:02:52.260+0000] {warnings.py:112} WARNING - /home/***/.local/lib/python3.12/site-packages/sklearn/metrics/_regression.py:492: FutureWarning: 'squared' is deprecated in version 1.4 and will be removed in 1.6. To calculate the root mean squared error, use the function'root_mean_squared_error'.
  warnings.warn(

[2024-11-12T19:02:52.262+0000] {warnings.py:112} WARNING - /home/***/.local/lib/python3.12/site-packages/sklearn/metrics/_regression.py:492: FutureWarning: 'squared' is deprecated in version 1.4 and will be removed in 1.6. To calculate the root mean squared error, use the function'root_mean_squared_error'.
  warnings.warn(

[2024-11-12T19:02:52.264+0000] {warnings.py:112} WARNING - /home/***/.local/lib/python3.12/site-packages/sklearn/metrics/_regression.py:492: FutureWarning: 'squared' is deprecated in version 1.4 and will be removed in 1.6. To calculate the root mean squared error, use the function'root_mean_squared_error'.
  warnings.warn(

[2024-11-12T19:02:52.266+0000] {warnings.py:112} WARNING - /home/***/.local/lib/python3.12/site-packages/sklearn/metrics/_regression.py:492: FutureWarning: 'squared' is deprecated in version 1.4 and will be removed in 1.6. To calculate the root mean squared error, use the function'root_mean_squared_error'.
  warnings.warn(

[2024-11-12T19:02:52.268+0000] {warnings.py:112} WARNING - /home/***/.local/lib/python3.12/site-packages/sklearn/metrics/_regression.py:492: FutureWarning: 'squared' is deprecated in version 1.4 and will be removed in 1.6. To calculate the root mean squared error, use the function'root_mean_squared_error'.
  warnings.warn(

[2024-11-12T19:02:52.271+0000] {warnings.py:112} WARNING - /home/***/.local/lib/python3.12/site-packages/sklearn/metrics/_regression.py:492: FutureWarning: 'squared' is deprecated in version 1.4 and will be removed in 1.6. To calculate the root mean squared error, use the function'root_mean_squared_error'.
  warnings.warn(

[2024-11-12T19:02:52.277+0000] {logging_mixin.py:188} INFO - Logged metrics and bias flags for model y_pred_rf, feature month
[2024-11-12T19:02:52.283+0000] {category.py:223} INFO - Using categorical units to plot a list of strings that are all parsable as floats or dates. If these strings should be plotted as numbers, cast to the appropriate data type before plotting.
[2024-11-12T19:02:52.285+0000] {category.py:223} INFO - Using categorical units to plot a list of strings that are all parsable as floats or dates. If these strings should be plotted as numbers, cast to the appropriate data type before plotting.
[2024-11-12T19:02:52.371+0000] {logging_mixin.py:188} INFO - Saved MAE distribution plot for y_pred_rf - month at /opt/***/dags/artifacts/y_pred_rf_month_MAE.png
[2024-11-12T19:02:52.379+0000] {category.py:223} INFO - Using categorical units to plot a list of strings that are all parsable as floats or dates. If these strings should be plotted as numbers, cast to the appropriate data type before plotting.
[2024-11-12T19:02:52.381+0000] {category.py:223} INFO - Using categorical units to plot a list of strings that are all parsable as floats or dates. If these strings should be plotted as numbers, cast to the appropriate data type before plotting.
[2024-11-12T19:02:52.462+0000] {logging_mixin.py:188} INFO - Saved RMSE distribution plot for y_pred_rf - month at /opt/***/dags/artifacts/y_pred_rf_month_RMSE.png
[2024-11-12T19:02:52.470+0000] {category.py:223} INFO - Using categorical units to plot a list of strings that are all parsable as floats or dates. If these strings should be plotted as numbers, cast to the appropriate data type before plotting.
[2024-11-12T19:02:52.472+0000] {category.py:223} INFO - Using categorical units to plot a list of strings that are all parsable as floats or dates. If these strings should be plotted as numbers, cast to the appropriate data type before plotting.
[2024-11-12T19:02:52.545+0000] {logging_mixin.py:188} INFO - Saved R² distribution plot for y_pred_rf - month at /opt/***/dags/artifacts/y_pred_rf_month_R².png
[2024-11-12T19:02:52.552+0000] {category.py:223} INFO - Using categorical units to plot a list of strings that are all parsable as floats or dates. If these strings should be plotted as numbers, cast to the appropriate data type before plotting.
[2024-11-12T19:02:52.554+0000] {category.py:223} INFO - Using categorical units to plot a list of strings that are all parsable as floats or dates. If these strings should be plotted as numbers, cast to the appropriate data type before plotting.
[2024-11-12T19:02:52.647+0000] {logging_mixin.py:188} INFO - Saved MBE distribution plot for y_pred_rf - month at /opt/***/dags/artifacts/y_pred_rf_month_MBE.png
[2024-11-12T19:02:52.651+0000] {logging_mixin.py:188} INFO - 
Evaluating feature: season for model: y_pred_rf
[2024-11-12T19:02:52.652+0000] {warnings.py:112} WARNING - /opt/***/dags/ModelDevelopment/ModelBias/Model_bias.py:147: FutureWarning: The default of observed=False is deprecated and will be changed to True in a future version of pandas. Pass observed=False to retain current behavior or observed=True to adopt the future default and silence this warning.
  for name, group in feature_data.groupby(feature):

[2024-11-12T19:02:52.653+0000] {warnings.py:112} WARNING - /home/***/.local/lib/python3.12/site-packages/sklearn/metrics/_regression.py:492: FutureWarning: 'squared' is deprecated in version 1.4 and will be removed in 1.6. To calculate the root mean squared error, use the function'root_mean_squared_error'.
  warnings.warn(

[2024-11-12T19:02:52.656+0000] {warnings.py:112} WARNING - /home/***/.local/lib/python3.12/site-packages/sklearn/metrics/_regression.py:492: FutureWarning: 'squared' is deprecated in version 1.4 and will be removed in 1.6. To calculate the root mean squared error, use the function'root_mean_squared_error'.
  warnings.warn(

[2024-11-12T19:02:52.658+0000] {warnings.py:112} WARNING - /home/***/.local/lib/python3.12/site-packages/sklearn/metrics/_regression.py:492: FutureWarning: 'squared' is deprecated in version 1.4 and will be removed in 1.6. To calculate the root mean squared error, use the function'root_mean_squared_error'.
  warnings.warn(

[2024-11-12T19:02:52.660+0000] {warnings.py:112} WARNING - /home/***/.local/lib/python3.12/site-packages/sklearn/metrics/_regression.py:492: FutureWarning: 'squared' is deprecated in version 1.4 and will be removed in 1.6. To calculate the root mean squared error, use the function'root_mean_squared_error'.
  warnings.warn(

[2024-11-12T19:02:52.666+0000] {logging_mixin.py:188} INFO - Logged metrics and bias flags for model y_pred_rf, feature season
[2024-11-12T19:02:52.738+0000] {logging_mixin.py:188} INFO - Saved MAE distribution plot for y_pred_rf - season at /opt/***/dags/artifacts/y_pred_rf_season_MAE.png
[2024-11-12T19:02:52.811+0000] {logging_mixin.py:188} INFO - Saved RMSE distribution plot for y_pred_rf - season at /opt/***/dags/artifacts/y_pred_rf_season_RMSE.png
[2024-11-12T19:02:52.885+0000] {logging_mixin.py:188} INFO - Saved R² distribution plot for y_pred_rf - season at /opt/***/dags/artifacts/y_pred_rf_season_R².png
[2024-11-12T19:02:52.954+0000] {logging_mixin.py:188} INFO - Saved MBE distribution plot for y_pred_rf - season at /opt/***/dags/artifacts/y_pred_rf_season_MBE.png
[2024-11-12T19:02:52.961+0000] {logging_mixin.py:188} INFO - 
Evaluating bias and metrics for model: y_pred_xgb
[2024-11-12T19:02:52.965+0000] {logging_mixin.py:188} INFO - 
Evaluating feature: hour for model: y_pred_xgb
[2024-11-12T19:02:52.967+0000] {warnings.py:112} WARNING - /home/***/.local/lib/python3.12/site-packages/sklearn/metrics/_regression.py:492: FutureWarning: 'squared' is deprecated in version 1.4 and will be removed in 1.6. To calculate the root mean squared error, use the function'root_mean_squared_error'.
  warnings.warn(

[2024-11-12T19:02:52.969+0000] {warnings.py:112} WARNING - /home/***/.local/lib/python3.12/site-packages/sklearn/metrics/_regression.py:492: FutureWarning: 'squared' is deprecated in version 1.4 and will be removed in 1.6. To calculate the root mean squared error, use the function'root_mean_squared_error'.
  warnings.warn(

[2024-11-12T19:02:52.972+0000] {warnings.py:112} WARNING - /home/***/.local/lib/python3.12/site-packages/sklearn/metrics/_regression.py:492: FutureWarning: 'squared' is deprecated in version 1.4 and will be removed in 1.6. To calculate the root mean squared error, use the function'root_mean_squared_error'.
  warnings.warn(

[2024-11-12T19:02:52.974+0000] {warnings.py:112} WARNING - /home/***/.local/lib/python3.12/site-packages/sklearn/metrics/_regression.py:492: FutureWarning: 'squared' is deprecated in version 1.4 and will be removed in 1.6. To calculate the root mean squared error, use the function'root_mean_squared_error'.
  warnings.warn(

[2024-11-12T19:02:52.977+0000] {warnings.py:112} WARNING - /home/***/.local/lib/python3.12/site-packages/sklearn/metrics/_regression.py:492: FutureWarning: 'squared' is deprecated in version 1.4 and will be removed in 1.6. To calculate the root mean squared error, use the function'root_mean_squared_error'.
  warnings.warn(

[2024-11-12T19:02:52.979+0000] {warnings.py:112} WARNING - /home/***/.local/lib/python3.12/site-packages/sklearn/metrics/_regression.py:492: FutureWarning: 'squared' is deprecated in version 1.4 and will be removed in 1.6. To calculate the root mean squared error, use the function'root_mean_squared_error'.
  warnings.warn(

[2024-11-12T19:02:52.981+0000] {warnings.py:112} WARNING - /home/***/.local/lib/python3.12/site-packages/sklearn/metrics/_regression.py:492: FutureWarning: 'squared' is deprecated in version 1.4 and will be removed in 1.6. To calculate the root mean squared error, use the function'root_mean_squared_error'.
  warnings.warn(

[2024-11-12T19:02:52.983+0000] {warnings.py:112} WARNING - /home/***/.local/lib/python3.12/site-packages/sklearn/metrics/_regression.py:492: FutureWarning: 'squared' is deprecated in version 1.4 and will be removed in 1.6. To calculate the root mean squared error, use the function'root_mean_squared_error'.
  warnings.warn(

[2024-11-12T19:02:52.985+0000] {warnings.py:112} WARNING - /home/***/.local/lib/python3.12/site-packages/sklearn/metrics/_regression.py:492: FutureWarning: 'squared' is deprecated in version 1.4 and will be removed in 1.6. To calculate the root mean squared error, use the function'root_mean_squared_error'.
  warnings.warn(

[2024-11-12T19:02:52.987+0000] {warnings.py:112} WARNING - /home/***/.local/lib/python3.12/site-packages/sklearn/metrics/_regression.py:492: FutureWarning: 'squared' is deprecated in version 1.4 and will be removed in 1.6. To calculate the root mean squared error, use the function'root_mean_squared_error'.
  warnings.warn(

[2024-11-12T19:02:52.990+0000] {warnings.py:112} WARNING - /home/***/.local/lib/python3.12/site-packages/sklearn/metrics/_regression.py:492: FutureWarning: 'squared' is deprecated in version 1.4 and will be removed in 1.6. To calculate the root mean squared error, use the function'root_mean_squared_error'.
  warnings.warn(

[2024-11-12T19:02:52.992+0000] {warnings.py:112} WARNING - /home/***/.local/lib/python3.12/site-packages/sklearn/metrics/_regression.py:492: FutureWarning: 'squared' is deprecated in version 1.4 and will be removed in 1.6. To calculate the root mean squared error, use the function'root_mean_squared_error'.
  warnings.warn(

[2024-11-12T19:02:52.994+0000] {warnings.py:112} WARNING - /home/***/.local/lib/python3.12/site-packages/sklearn/metrics/_regression.py:492: FutureWarning: 'squared' is deprecated in version 1.4 and will be removed in 1.6. To calculate the root mean squared error, use the function'root_mean_squared_error'.
  warnings.warn(

[2024-11-12T19:02:52.996+0000] {warnings.py:112} WARNING - /home/***/.local/lib/python3.12/site-packages/sklearn/metrics/_regression.py:492: FutureWarning: 'squared' is deprecated in version 1.4 and will be removed in 1.6. To calculate the root mean squared error, use the function'root_mean_squared_error'.
  warnings.warn(

[2024-11-12T19:02:52.999+0000] {warnings.py:112} WARNING - /home/***/.local/lib/python3.12/site-packages/sklearn/metrics/_regression.py:492: FutureWarning: 'squared' is deprecated in version 1.4 and will be removed in 1.6. To calculate the root mean squared error, use the function'root_mean_squared_error'.
  warnings.warn(

[2024-11-12T19:02:53.001+0000] {warnings.py:112} WARNING - /home/***/.local/lib/python3.12/site-packages/sklearn/metrics/_regression.py:492: FutureWarning: 'squared' is deprecated in version 1.4 and will be removed in 1.6. To calculate the root mean squared error, use the function'root_mean_squared_error'.
  warnings.warn(

[2024-11-12T19:02:53.003+0000] {warnings.py:112} WARNING - /home/***/.local/lib/python3.12/site-packages/sklearn/metrics/_regression.py:492: FutureWarning: 'squared' is deprecated in version 1.4 and will be removed in 1.6. To calculate the root mean squared error, use the function'root_mean_squared_error'.
  warnings.warn(

[2024-11-12T19:02:53.005+0000] {warnings.py:112} WARNING - /home/***/.local/lib/python3.12/site-packages/sklearn/metrics/_regression.py:492: FutureWarning: 'squared' is deprecated in version 1.4 and will be removed in 1.6. To calculate the root mean squared error, use the function'root_mean_squared_error'.
  warnings.warn(

[2024-11-12T19:02:53.008+0000] {warnings.py:112} WARNING - /home/***/.local/lib/python3.12/site-packages/sklearn/metrics/_regression.py:492: FutureWarning: 'squared' is deprecated in version 1.4 and will be removed in 1.6. To calculate the root mean squared error, use the function'root_mean_squared_error'.
  warnings.warn(

[2024-11-12T19:02:53.010+0000] {warnings.py:112} WARNING - /home/***/.local/lib/python3.12/site-packages/sklearn/metrics/_regression.py:492: FutureWarning: 'squared' is deprecated in version 1.4 and will be removed in 1.6. To calculate the root mean squared error, use the function'root_mean_squared_error'.
  warnings.warn(

[2024-11-12T19:02:53.012+0000] {warnings.py:112} WARNING - /home/***/.local/lib/python3.12/site-packages/sklearn/metrics/_regression.py:492: FutureWarning: 'squared' is deprecated in version 1.4 and will be removed in 1.6. To calculate the root mean squared error, use the function'root_mean_squared_error'.
  warnings.warn(

[2024-11-12T19:02:53.014+0000] {warnings.py:112} WARNING - /home/***/.local/lib/python3.12/site-packages/sklearn/metrics/_regression.py:492: FutureWarning: 'squared' is deprecated in version 1.4 and will be removed in 1.6. To calculate the root mean squared error, use the function'root_mean_squared_error'.
  warnings.warn(

[2024-11-12T19:02:53.016+0000] {warnings.py:112} WARNING - /home/***/.local/lib/python3.12/site-packages/sklearn/metrics/_regression.py:492: FutureWarning: 'squared' is deprecated in version 1.4 and will be removed in 1.6. To calculate the root mean squared error, use the function'root_mean_squared_error'.
  warnings.warn(

[2024-11-12T19:02:53.018+0000] {warnings.py:112} WARNING - /home/***/.local/lib/python3.12/site-packages/sklearn/metrics/_regression.py:492: FutureWarning: 'squared' is deprecated in version 1.4 and will be removed in 1.6. To calculate the root mean squared error, use the function'root_mean_squared_error'.
  warnings.warn(

[2024-11-12T19:02:53.024+0000] {logging_mixin.py:188} INFO - Logged metrics and bias flags for model y_pred_xgb, feature hour
[2024-11-12T19:02:53.031+0000] {category.py:223} INFO - Using categorical units to plot a list of strings that are all parsable as floats or dates. If these strings should be plotted as numbers, cast to the appropriate data type before plotting.
[2024-11-12T19:02:53.033+0000] {category.py:223} INFO - Using categorical units to plot a list of strings that are all parsable as floats or dates. If these strings should be plotted as numbers, cast to the appropriate data type before plotting.
[2024-11-12T19:02:53.149+0000] {logging_mixin.py:188} INFO - Saved MAE distribution plot for y_pred_xgb - hour at /opt/***/dags/artifacts/y_pred_xgb_hour_MAE.png
[2024-11-12T19:02:53.157+0000] {category.py:223} INFO - Using categorical units to plot a list of strings that are all parsable as floats or dates. If these strings should be plotted as numbers, cast to the appropriate data type before plotting.
[2024-11-12T19:02:53.159+0000] {category.py:223} INFO - Using categorical units to plot a list of strings that are all parsable as floats or dates. If these strings should be plotted as numbers, cast to the appropriate data type before plotting.
[2024-11-12T19:02:53.271+0000] {logging_mixin.py:188} INFO - Saved RMSE distribution plot for y_pred_xgb - hour at /opt/***/dags/artifacts/y_pred_xgb_hour_RMSE.png
[2024-11-12T19:02:53.278+0000] {category.py:223} INFO - Using categorical units to plot a list of strings that are all parsable as floats or dates. If these strings should be plotted as numbers, cast to the appropriate data type before plotting.
[2024-11-12T19:02:53.280+0000] {category.py:223} INFO - Using categorical units to plot a list of strings that are all parsable as floats or dates. If these strings should be plotted as numbers, cast to the appropriate data type before plotting.
[2024-11-12T19:02:53.386+0000] {logging_mixin.py:188} INFO - Saved R² distribution plot for y_pred_xgb - hour at /opt/***/dags/artifacts/y_pred_xgb_hour_R².png
[2024-11-12T19:02:53.394+0000] {category.py:223} INFO - Using categorical units to plot a list of strings that are all parsable as floats or dates. If these strings should be plotted as numbers, cast to the appropriate data type before plotting.
[2024-11-12T19:02:53.395+0000] {category.py:223} INFO - Using categorical units to plot a list of strings that are all parsable as floats or dates. If these strings should be plotted as numbers, cast to the appropriate data type before plotting.
[2024-11-12T19:02:53.504+0000] {logging_mixin.py:188} INFO - Saved MBE distribution plot for y_pred_xgb - hour at /opt/***/dags/artifacts/y_pred_xgb_hour_MBE.png
[2024-11-12T19:02:53.508+0000] {logging_mixin.py:188} INFO - 
Evaluating feature: day_of_week for model: y_pred_xgb
[2024-11-12T19:02:53.510+0000] {warnings.py:112} WARNING - /home/***/.local/lib/python3.12/site-packages/sklearn/metrics/_regression.py:492: FutureWarning: 'squared' is deprecated in version 1.4 and will be removed in 1.6. To calculate the root mean squared error, use the function'root_mean_squared_error'.
  warnings.warn(

[2024-11-12T19:02:53.513+0000] {warnings.py:112} WARNING - /home/***/.local/lib/python3.12/site-packages/sklearn/metrics/_regression.py:492: FutureWarning: 'squared' is deprecated in version 1.4 and will be removed in 1.6. To calculate the root mean squared error, use the function'root_mean_squared_error'.
  warnings.warn(

[2024-11-12T19:02:53.515+0000] {warnings.py:112} WARNING - /home/***/.local/lib/python3.12/site-packages/sklearn/metrics/_regression.py:492: FutureWarning: 'squared' is deprecated in version 1.4 and will be removed in 1.6. To calculate the root mean squared error, use the function'root_mean_squared_error'.
  warnings.warn(

[2024-11-12T19:02:53.518+0000] {warnings.py:112} WARNING - /home/***/.local/lib/python3.12/site-packages/sklearn/metrics/_regression.py:492: FutureWarning: 'squared' is deprecated in version 1.4 and will be removed in 1.6. To calculate the root mean squared error, use the function'root_mean_squared_error'.
  warnings.warn(

[2024-11-12T19:02:53.520+0000] {warnings.py:112} WARNING - /home/***/.local/lib/python3.12/site-packages/sklearn/metrics/_regression.py:492: FutureWarning: 'squared' is deprecated in version 1.4 and will be removed in 1.6. To calculate the root mean squared error, use the function'root_mean_squared_error'.
  warnings.warn(

[2024-11-12T19:02:53.522+0000] {warnings.py:112} WARNING - /home/***/.local/lib/python3.12/site-packages/sklearn/metrics/_regression.py:492: FutureWarning: 'squared' is deprecated in version 1.4 and will be removed in 1.6. To calculate the root mean squared error, use the function'root_mean_squared_error'.
  warnings.warn(

[2024-11-12T19:02:53.525+0000] {warnings.py:112} WARNING - /home/***/.local/lib/python3.12/site-packages/sklearn/metrics/_regression.py:492: FutureWarning: 'squared' is deprecated in version 1.4 and will be removed in 1.6. To calculate the root mean squared error, use the function'root_mean_squared_error'.
  warnings.warn(

[2024-11-12T19:02:53.530+0000] {logging_mixin.py:188} INFO - Logged metrics and bias flags for model y_pred_xgb, feature day_of_week
[2024-11-12T19:02:53.537+0000] {category.py:223} INFO - Using categorical units to plot a list of strings that are all parsable as floats or dates. If these strings should be plotted as numbers, cast to the appropriate data type before plotting.
[2024-11-12T19:02:53.538+0000] {category.py:223} INFO - Using categorical units to plot a list of strings that are all parsable as floats or dates. If these strings should be plotted as numbers, cast to the appropriate data type before plotting.
[2024-11-12T19:02:53.613+0000] {logging_mixin.py:188} INFO - Saved MAE distribution plot for y_pred_xgb - day_of_week at /opt/***/dags/artifacts/y_pred_xgb_day_of_week_MAE.png
[2024-11-12T19:02:53.621+0000] {category.py:223} INFO - Using categorical units to plot a list of strings that are all parsable as floats or dates. If these strings should be plotted as numbers, cast to the appropriate data type before plotting.
[2024-11-12T19:02:53.623+0000] {category.py:223} INFO - Using categorical units to plot a list of strings that are all parsable as floats or dates. If these strings should be plotted as numbers, cast to the appropriate data type before plotting.
[2024-11-12T19:02:53.691+0000] {logging_mixin.py:188} INFO - Saved RMSE distribution plot for y_pred_xgb - day_of_week at /opt/***/dags/artifacts/y_pred_xgb_day_of_week_RMSE.png
[2024-11-12T19:02:53.698+0000] {category.py:223} INFO - Using categorical units to plot a list of strings that are all parsable as floats or dates. If these strings should be plotted as numbers, cast to the appropriate data type before plotting.
[2024-11-12T19:02:53.699+0000] {category.py:223} INFO - Using categorical units to plot a list of strings that are all parsable as floats or dates. If these strings should be plotted as numbers, cast to the appropriate data type before plotting.
[2024-11-12T19:02:53.761+0000] {logging_mixin.py:188} INFO - Saved R² distribution plot for y_pred_xgb - day_of_week at /opt/***/dags/artifacts/y_pred_xgb_day_of_week_R².png
[2024-11-12T19:02:53.769+0000] {category.py:223} INFO - Using categorical units to plot a list of strings that are all parsable as floats or dates. If these strings should be plotted as numbers, cast to the appropriate data type before plotting.
[2024-11-12T19:02:53.770+0000] {category.py:223} INFO - Using categorical units to plot a list of strings that are all parsable as floats or dates. If these strings should be plotted as numbers, cast to the appropriate data type before plotting.
[2024-11-12T19:02:53.971+0000] {logging_mixin.py:188} INFO - Saved MBE distribution plot for y_pred_xgb - day_of_week at /opt/***/dags/artifacts/y_pred_xgb_day_of_week_MBE.png
[2024-11-12T19:02:53.978+0000] {logging_mixin.py:188} INFO - 
Evaluating feature: month for model: y_pred_xgb
[2024-11-12T19:02:53.983+0000] {warnings.py:112} WARNING - /home/***/.local/lib/python3.12/site-packages/sklearn/metrics/_regression.py:492: FutureWarning: 'squared' is deprecated in version 1.4 and will be removed in 1.6. To calculate the root mean squared error, use the function'root_mean_squared_error'.
  warnings.warn(

[2024-11-12T19:02:53.989+0000] {warnings.py:112} WARNING - /home/***/.local/lib/python3.12/site-packages/sklearn/metrics/_regression.py:492: FutureWarning: 'squared' is deprecated in version 1.4 and will be removed in 1.6. To calculate the root mean squared error, use the function'root_mean_squared_error'.
  warnings.warn(

[2024-11-12T19:02:53.992+0000] {warnings.py:112} WARNING - /home/***/.local/lib/python3.12/site-packages/sklearn/metrics/_regression.py:492: FutureWarning: 'squared' is deprecated in version 1.4 and will be removed in 1.6. To calculate the root mean squared error, use the function'root_mean_squared_error'.
  warnings.warn(

[2024-11-12T19:02:53.995+0000] {warnings.py:112} WARNING - /home/***/.local/lib/python3.12/site-packages/sklearn/metrics/_regression.py:492: FutureWarning: 'squared' is deprecated in version 1.4 and will be removed in 1.6. To calculate the root mean squared error, use the function'root_mean_squared_error'.
  warnings.warn(

[2024-11-12T19:02:53.998+0000] {warnings.py:112} WARNING - /home/***/.local/lib/python3.12/site-packages/sklearn/metrics/_regression.py:492: FutureWarning: 'squared' is deprecated in version 1.4 and will be removed in 1.6. To calculate the root mean squared error, use the function'root_mean_squared_error'.
  warnings.warn(

[2024-11-12T19:02:54.004+0000] {warnings.py:112} WARNING - /home/***/.local/lib/python3.12/site-packages/sklearn/metrics/_regression.py:492: FutureWarning: 'squared' is deprecated in version 1.4 and will be removed in 1.6. To calculate the root mean squared error, use the function'root_mean_squared_error'.
  warnings.warn(

[2024-11-12T19:02:54.017+0000] {warnings.py:112} WARNING - /home/***/.local/lib/python3.12/site-packages/sklearn/metrics/_regression.py:492: FutureWarning: 'squared' is deprecated in version 1.4 and will be removed in 1.6. To calculate the root mean squared error, use the function'root_mean_squared_error'.
  warnings.warn(

[2024-11-12T19:02:54.024+0000] {warnings.py:112} WARNING - /home/***/.local/lib/python3.12/site-packages/sklearn/metrics/_regression.py:492: FutureWarning: 'squared' is deprecated in version 1.4 and will be removed in 1.6. To calculate the root mean squared error, use the function'root_mean_squared_error'.
  warnings.warn(

[2024-11-12T19:02:54.033+0000] {warnings.py:112} WARNING - /home/***/.local/lib/python3.12/site-packages/sklearn/metrics/_regression.py:492: FutureWarning: 'squared' is deprecated in version 1.4 and will be removed in 1.6. To calculate the root mean squared error, use the function'root_mean_squared_error'.
  warnings.warn(

[2024-11-12T19:02:54.039+0000] {warnings.py:112} WARNING - /home/***/.local/lib/python3.12/site-packages/sklearn/metrics/_regression.py:492: FutureWarning: 'squared' is deprecated in version 1.4 and will be removed in 1.6. To calculate the root mean squared error, use the function'root_mean_squared_error'.
  warnings.warn(

[2024-11-12T19:02:54.045+0000] {warnings.py:112} WARNING - /home/***/.local/lib/python3.12/site-packages/sklearn/metrics/_regression.py:492: FutureWarning: 'squared' is deprecated in version 1.4 and will be removed in 1.6. To calculate the root mean squared error, use the function'root_mean_squared_error'.
  warnings.warn(

[2024-11-12T19:02:54.049+0000] {warnings.py:112} WARNING - /home/***/.local/lib/python3.12/site-packages/sklearn/metrics/_regression.py:492: FutureWarning: 'squared' is deprecated in version 1.4 and will be removed in 1.6. To calculate the root mean squared error, use the function'root_mean_squared_error'.
  warnings.warn(

[2024-11-12T19:02:54.060+0000] {logging_mixin.py:188} INFO - Logged metrics and bias flags for model y_pred_xgb, feature month
[2024-11-12T19:02:54.071+0000] {category.py:223} INFO - Using categorical units to plot a list of strings that are all parsable as floats or dates. If these strings should be plotted as numbers, cast to the appropriate data type before plotting.
[2024-11-12T19:02:54.074+0000] {category.py:223} INFO - Using categorical units to plot a list of strings that are all parsable as floats or dates. If these strings should be plotted as numbers, cast to the appropriate data type before plotting.
[2024-11-12T19:02:54.165+0000] {logging_mixin.py:188} INFO - Saved MAE distribution plot for y_pred_xgb - month at /opt/***/dags/artifacts/y_pred_xgb_month_MAE.png
[2024-11-12T19:02:54.174+0000] {category.py:223} INFO - Using categorical units to plot a list of strings that are all parsable as floats or dates. If these strings should be plotted as numbers, cast to the appropriate data type before plotting.
[2024-11-12T19:02:54.176+0000] {category.py:223} INFO - Using categorical units to plot a list of strings that are all parsable as floats or dates. If these strings should be plotted as numbers, cast to the appropriate data type before plotting.
[2024-11-12T19:02:54.268+0000] {logging_mixin.py:188} INFO - Saved RMSE distribution plot for y_pred_xgb - month at /opt/***/dags/artifacts/y_pred_xgb_month_RMSE.png
[2024-11-12T19:02:54.276+0000] {category.py:223} INFO - Using categorical units to plot a list of strings that are all parsable as floats or dates. If these strings should be plotted as numbers, cast to the appropriate data type before plotting.
[2024-11-12T19:02:54.278+0000] {category.py:223} INFO - Using categorical units to plot a list of strings that are all parsable as floats or dates. If these strings should be plotted as numbers, cast to the appropriate data type before plotting.
[2024-11-12T19:02:54.352+0000] {logging_mixin.py:188} INFO - Saved R² distribution plot for y_pred_xgb - month at /opt/***/dags/artifacts/y_pred_xgb_month_R².png
[2024-11-12T19:02:54.362+0000] {category.py:223} INFO - Using categorical units to plot a list of strings that are all parsable as floats or dates. If these strings should be plotted as numbers, cast to the appropriate data type before plotting.
[2024-11-12T19:02:54.365+0000] {category.py:223} INFO - Using categorical units to plot a list of strings that are all parsable as floats or dates. If these strings should be plotted as numbers, cast to the appropriate data type before plotting.
[2024-11-12T19:02:54.467+0000] {logging_mixin.py:188} INFO - Saved MBE distribution plot for y_pred_xgb - month at /opt/***/dags/artifacts/y_pred_xgb_month_MBE.png
[2024-11-12T19:02:54.473+0000] {logging_mixin.py:188} INFO - 
Evaluating feature: season for model: y_pred_xgb
[2024-11-12T19:02:54.474+0000] {warnings.py:112} WARNING - /opt/***/dags/ModelDevelopment/ModelBias/Model_bias.py:147: FutureWarning: The default of observed=False is deprecated and will be changed to True in a future version of pandas. Pass observed=False to retain current behavior or observed=True to adopt the future default and silence this warning.
  for name, group in feature_data.groupby(feature):

[2024-11-12T19:02:54.475+0000] {warnings.py:112} WARNING - /home/***/.local/lib/python3.12/site-packages/sklearn/metrics/_regression.py:492: FutureWarning: 'squared' is deprecated in version 1.4 and will be removed in 1.6. To calculate the root mean squared error, use the function'root_mean_squared_error'.
  warnings.warn(

[2024-11-12T19:02:54.478+0000] {warnings.py:112} WARNING - /home/***/.local/lib/python3.12/site-packages/sklearn/metrics/_regression.py:492: FutureWarning: 'squared' is deprecated in version 1.4 and will be removed in 1.6. To calculate the root mean squared error, use the function'root_mean_squared_error'.
  warnings.warn(

[2024-11-12T19:02:54.481+0000] {warnings.py:112} WARNING - /home/***/.local/lib/python3.12/site-packages/sklearn/metrics/_regression.py:492: FutureWarning: 'squared' is deprecated in version 1.4 and will be removed in 1.6. To calculate the root mean squared error, use the function'root_mean_squared_error'.
  warnings.warn(

[2024-11-12T19:02:54.484+0000] {warnings.py:112} WARNING - /home/***/.local/lib/python3.12/site-packages/sklearn/metrics/_regression.py:492: FutureWarning: 'squared' is deprecated in version 1.4 and will be removed in 1.6. To calculate the root mean squared error, use the function'root_mean_squared_error'.
  warnings.warn(

[2024-11-12T19:02:54.490+0000] {logging_mixin.py:188} INFO - Logged metrics and bias flags for model y_pred_xgb, feature season
[2024-11-12T19:02:54.598+0000] {logging_mixin.py:188} INFO - Saved MAE distribution plot for y_pred_xgb - season at /opt/***/dags/artifacts/y_pred_xgb_season_MAE.png
[2024-11-12T19:02:54.683+0000] {logging_mixin.py:188} INFO - Saved RMSE distribution plot for y_pred_xgb - season at /opt/***/dags/artifacts/y_pred_xgb_season_RMSE.png
[2024-11-12T19:02:54.776+0000] {logging_mixin.py:188} INFO - Saved R² distribution plot for y_pred_xgb - season at /opt/***/dags/artifacts/y_pred_xgb_season_R².png
[2024-11-12T19:02:54.891+0000] {logging_mixin.py:188} INFO - Saved MBE distribution plot for y_pred_xgb - season at /opt/***/dags/artifacts/y_pred_xgb_season_MBE.png
[2024-11-12T19:02:54.910+0000] {logging_mixin.py:188} INFO - 
Evaluating bias and metrics for model: y_pred_prophet
[2024-11-12T19:02:54.916+0000] {logging_mixin.py:188} INFO - 
Evaluating feature: hour for model: y_pred_prophet
[2024-11-12T19:02:54.919+0000] {warnings.py:112} WARNING - /home/***/.local/lib/python3.12/site-packages/sklearn/metrics/_regression.py:492: FutureWarning: 'squared' is deprecated in version 1.4 and will be removed in 1.6. To calculate the root mean squared error, use the function'root_mean_squared_error'.
  warnings.warn(

[2024-11-12T19:02:54.922+0000] {warnings.py:112} WARNING - /home/***/.local/lib/python3.12/site-packages/sklearn/metrics/_regression.py:492: FutureWarning: 'squared' is deprecated in version 1.4 and will be removed in 1.6. To calculate the root mean squared error, use the function'root_mean_squared_error'.
  warnings.warn(

[2024-11-12T19:02:54.925+0000] {warnings.py:112} WARNING - /home/***/.local/lib/python3.12/site-packages/sklearn/metrics/_regression.py:492: FutureWarning: 'squared' is deprecated in version 1.4 and will be removed in 1.6. To calculate the root mean squared error, use the function'root_mean_squared_error'.
  warnings.warn(

[2024-11-12T19:02:54.928+0000] {warnings.py:112} WARNING - /home/***/.local/lib/python3.12/site-packages/sklearn/metrics/_regression.py:492: FutureWarning: 'squared' is deprecated in version 1.4 and will be removed in 1.6. To calculate the root mean squared error, use the function'root_mean_squared_error'.
  warnings.warn(

[2024-11-12T19:02:54.930+0000] {warnings.py:112} WARNING - /home/***/.local/lib/python3.12/site-packages/sklearn/metrics/_regression.py:492: FutureWarning: 'squared' is deprecated in version 1.4 and will be removed in 1.6. To calculate the root mean squared error, use the function'root_mean_squared_error'.
  warnings.warn(

[2024-11-12T19:02:54.933+0000] {warnings.py:112} WARNING - /home/***/.local/lib/python3.12/site-packages/sklearn/metrics/_regression.py:492: FutureWarning: 'squared' is deprecated in version 1.4 and will be removed in 1.6. To calculate the root mean squared error, use the function'root_mean_squared_error'.
  warnings.warn(

[2024-11-12T19:02:54.936+0000] {warnings.py:112} WARNING - /home/***/.local/lib/python3.12/site-packages/sklearn/metrics/_regression.py:492: FutureWarning: 'squared' is deprecated in version 1.4 and will be removed in 1.6. To calculate the root mean squared error, use the function'root_mean_squared_error'.
  warnings.warn(

[2024-11-12T19:02:54.938+0000] {warnings.py:112} WARNING - /home/***/.local/lib/python3.12/site-packages/sklearn/metrics/_regression.py:492: FutureWarning: 'squared' is deprecated in version 1.4 and will be removed in 1.6. To calculate the root mean squared error, use the function'root_mean_squared_error'.
  warnings.warn(

[2024-11-12T19:02:54.941+0000] {warnings.py:112} WARNING - /home/***/.local/lib/python3.12/site-packages/sklearn/metrics/_regression.py:492: FutureWarning: 'squared' is deprecated in version 1.4 and will be removed in 1.6. To calculate the root mean squared error, use the function'root_mean_squared_error'.
  warnings.warn(

[2024-11-12T19:02:54.944+0000] {warnings.py:112} WARNING - /home/***/.local/lib/python3.12/site-packages/sklearn/metrics/_regression.py:492: FutureWarning: 'squared' is deprecated in version 1.4 and will be removed in 1.6. To calculate the root mean squared error, use the function'root_mean_squared_error'.
  warnings.warn(

[2024-11-12T19:02:54.946+0000] {warnings.py:112} WARNING - /home/***/.local/lib/python3.12/site-packages/sklearn/metrics/_regression.py:492: FutureWarning: 'squared' is deprecated in version 1.4 and will be removed in 1.6. To calculate the root mean squared error, use the function'root_mean_squared_error'.
  warnings.warn(

[2024-11-12T19:02:54.949+0000] {warnings.py:112} WARNING - /home/***/.local/lib/python3.12/site-packages/sklearn/metrics/_regression.py:492: FutureWarning: 'squared' is deprecated in version 1.4 and will be removed in 1.6. To calculate the root mean squared error, use the function'root_mean_squared_error'.
  warnings.warn(

[2024-11-12T19:02:54.951+0000] {warnings.py:112} WARNING - /home/***/.local/lib/python3.12/site-packages/sklearn/metrics/_regression.py:492: FutureWarning: 'squared' is deprecated in version 1.4 and will be removed in 1.6. To calculate the root mean squared error, use the function'root_mean_squared_error'.
  warnings.warn(

[2024-11-12T19:02:54.954+0000] {warnings.py:112} WARNING - /home/***/.local/lib/python3.12/site-packages/sklearn/metrics/_regression.py:492: FutureWarning: 'squared' is deprecated in version 1.4 and will be removed in 1.6. To calculate the root mean squared error, use the function'root_mean_squared_error'.
  warnings.warn(

[2024-11-12T19:02:54.956+0000] {warnings.py:112} WARNING - /home/***/.local/lib/python3.12/site-packages/sklearn/metrics/_regression.py:492: FutureWarning: 'squared' is deprecated in version 1.4 and will be removed in 1.6. To calculate the root mean squared error, use the function'root_mean_squared_error'.
  warnings.warn(

[2024-11-12T19:02:54.959+0000] {warnings.py:112} WARNING - /home/***/.local/lib/python3.12/site-packages/sklearn/metrics/_regression.py:492: FutureWarning: 'squared' is deprecated in version 1.4 and will be removed in 1.6. To calculate the root mean squared error, use the function'root_mean_squared_error'.
  warnings.warn(

[2024-11-12T19:02:54.961+0000] {warnings.py:112} WARNING - /home/***/.local/lib/python3.12/site-packages/sklearn/metrics/_regression.py:492: FutureWarning: 'squared' is deprecated in version 1.4 and will be removed in 1.6. To calculate the root mean squared error, use the function'root_mean_squared_error'.
  warnings.warn(

[2024-11-12T19:02:54.964+0000] {warnings.py:112} WARNING - /home/***/.local/lib/python3.12/site-packages/sklearn/metrics/_regression.py:492: FutureWarning: 'squared' is deprecated in version 1.4 and will be removed in 1.6. To calculate the root mean squared error, use the function'root_mean_squared_error'.
  warnings.warn(

[2024-11-12T19:02:54.966+0000] {warnings.py:112} WARNING - /home/***/.local/lib/python3.12/site-packages/sklearn/metrics/_regression.py:492: FutureWarning: 'squared' is deprecated in version 1.4 and will be removed in 1.6. To calculate the root mean squared error, use the function'root_mean_squared_error'.
  warnings.warn(

[2024-11-12T19:02:54.969+0000] {warnings.py:112} WARNING - /home/***/.local/lib/python3.12/site-packages/sklearn/metrics/_regression.py:492: FutureWarning: 'squared' is deprecated in version 1.4 and will be removed in 1.6. To calculate the root mean squared error, use the function'root_mean_squared_error'.
  warnings.warn(

[2024-11-12T19:02:54.971+0000] {warnings.py:112} WARNING - /home/***/.local/lib/python3.12/site-packages/sklearn/metrics/_regression.py:492: FutureWarning: 'squared' is deprecated in version 1.4 and will be removed in 1.6. To calculate the root mean squared error, use the function'root_mean_squared_error'.
  warnings.warn(

[2024-11-12T19:02:54.973+0000] {warnings.py:112} WARNING - /home/***/.local/lib/python3.12/site-packages/sklearn/metrics/_regression.py:492: FutureWarning: 'squared' is deprecated in version 1.4 and will be removed in 1.6. To calculate the root mean squared error, use the function'root_mean_squared_error'.
  warnings.warn(

[2024-11-12T19:02:54.976+0000] {warnings.py:112} WARNING - /home/***/.local/lib/python3.12/site-packages/sklearn/metrics/_regression.py:492: FutureWarning: 'squared' is deprecated in version 1.4 and will be removed in 1.6. To calculate the root mean squared error, use the function'root_mean_squared_error'.
  warnings.warn(

[2024-11-12T19:02:54.978+0000] {warnings.py:112} WARNING - /home/***/.local/lib/python3.12/site-packages/sklearn/metrics/_regression.py:492: FutureWarning: 'squared' is deprecated in version 1.4 and will be removed in 1.6. To calculate the root mean squared error, use the function'root_mean_squared_error'.
  warnings.warn(

[2024-11-12T19:02:54.986+0000] {logging_mixin.py:188} INFO - Logged metrics and bias flags for model y_pred_prophet, feature hour
[2024-11-12T19:02:54.995+0000] {category.py:223} INFO - Using categorical units to plot a list of strings that are all parsable as floats or dates. If these strings should be plotted as numbers, cast to the appropriate data type before plotting.
[2024-11-12T19:02:54.997+0000] {category.py:223} INFO - Using categorical units to plot a list of strings that are all parsable as floats or dates. If these strings should be plotted as numbers, cast to the appropriate data type before plotting.
[2024-11-12T19:02:55.190+0000] {logging_mixin.py:188} INFO - Saved MAE distribution plot for y_pred_prophet - hour at /opt/***/dags/artifacts/y_pred_prophet_hour_MAE.png
[2024-11-12T19:02:55.200+0000] {category.py:223} INFO - Using categorical units to plot a list of strings that are all parsable as floats or dates. If these strings should be plotted as numbers, cast to the appropriate data type before plotting.
[2024-11-12T19:02:55.202+0000] {category.py:223} INFO - Using categorical units to plot a list of strings that are all parsable as floats or dates. If these strings should be plotted as numbers, cast to the appropriate data type before plotting.
[2024-11-12T19:02:55.366+0000] {logging_mixin.py:188} INFO - Saved RMSE distribution plot for y_pred_prophet - hour at /opt/***/dags/artifacts/y_pred_prophet_hour_RMSE.png
[2024-11-12T19:02:55.376+0000] {category.py:223} INFO - Using categorical units to plot a list of strings that are all parsable as floats or dates. If these strings should be plotted as numbers, cast to the appropriate data type before plotting.
[2024-11-12T19:02:55.380+0000] {category.py:223} INFO - Using categorical units to plot a list of strings that are all parsable as floats or dates. If these strings should be plotted as numbers, cast to the appropriate data type before plotting.
[2024-11-12T19:02:55.526+0000] {logging_mixin.py:188} INFO - Saved R² distribution plot for y_pred_prophet - hour at /opt/***/dags/artifacts/y_pred_prophet_hour_R².png
[2024-11-12T19:02:55.535+0000] {category.py:223} INFO - Using categorical units to plot a list of strings that are all parsable as floats or dates. If these strings should be plotted as numbers, cast to the appropriate data type before plotting.
[2024-11-12T19:02:55.538+0000] {category.py:223} INFO - Using categorical units to plot a list of strings that are all parsable as floats or dates. If these strings should be plotted as numbers, cast to the appropriate data type before plotting.
[2024-11-12T19:02:55.685+0000] {logging_mixin.py:188} INFO - Saved MBE distribution plot for y_pred_prophet - hour at /opt/***/dags/artifacts/y_pred_prophet_hour_MBE.png
[2024-11-12T19:02:55.692+0000] {logging_mixin.py:188} INFO - 
Evaluating feature: day_of_week for model: y_pred_prophet
[2024-11-12T19:02:55.695+0000] {warnings.py:112} WARNING - /home/***/.local/lib/python3.12/site-packages/sklearn/metrics/_regression.py:492: FutureWarning: 'squared' is deprecated in version 1.4 and will be removed in 1.6. To calculate the root mean squared error, use the function'root_mean_squared_error'.
  warnings.warn(

[2024-11-12T19:02:55.699+0000] {warnings.py:112} WARNING - /home/***/.local/lib/python3.12/site-packages/sklearn/metrics/_regression.py:492: FutureWarning: 'squared' is deprecated in version 1.4 and will be removed in 1.6. To calculate the root mean squared error, use the function'root_mean_squared_error'.
  warnings.warn(

[2024-11-12T19:02:55.702+0000] {warnings.py:112} WARNING - /home/***/.local/lib/python3.12/site-packages/sklearn/metrics/_regression.py:492: FutureWarning: 'squared' is deprecated in version 1.4 and will be removed in 1.6. To calculate the root mean squared error, use the function'root_mean_squared_error'.
  warnings.warn(

[2024-11-12T19:02:55.705+0000] {warnings.py:112} WARNING - /home/***/.local/lib/python3.12/site-packages/sklearn/metrics/_regression.py:492: FutureWarning: 'squared' is deprecated in version 1.4 and will be removed in 1.6. To calculate the root mean squared error, use the function'root_mean_squared_error'.
  warnings.warn(

[2024-11-12T19:02:55.708+0000] {warnings.py:112} WARNING - /home/***/.local/lib/python3.12/site-packages/sklearn/metrics/_regression.py:492: FutureWarning: 'squared' is deprecated in version 1.4 and will be removed in 1.6. To calculate the root mean squared error, use the function'root_mean_squared_error'.
  warnings.warn(

[2024-11-12T19:02:55.710+0000] {warnings.py:112} WARNING - /home/***/.local/lib/python3.12/site-packages/sklearn/metrics/_regression.py:492: FutureWarning: 'squared' is deprecated in version 1.4 and will be removed in 1.6. To calculate the root mean squared error, use the function'root_mean_squared_error'.
  warnings.warn(

[2024-11-12T19:02:55.713+0000] {warnings.py:112} WARNING - /home/***/.local/lib/python3.12/site-packages/sklearn/metrics/_regression.py:492: FutureWarning: 'squared' is deprecated in version 1.4 and will be removed in 1.6. To calculate the root mean squared error, use the function'root_mean_squared_error'.
  warnings.warn(

[2024-11-12T19:02:55.721+0000] {logging_mixin.py:188} INFO - Logged metrics and bias flags for model y_pred_prophet, feature day_of_week
[2024-11-12T19:02:55.730+0000] {category.py:223} INFO - Using categorical units to plot a list of strings that are all parsable as floats or dates. If these strings should be plotted as numbers, cast to the appropriate data type before plotting.
[2024-11-12T19:02:55.732+0000] {category.py:223} INFO - Using categorical units to plot a list of strings that are all parsable as floats or dates. If these strings should be plotted as numbers, cast to the appropriate data type before plotting.
[2024-11-12T19:02:55.824+0000] {logging_mixin.py:188} INFO - Saved MAE distribution plot for y_pred_prophet - day_of_week at /opt/***/dags/artifacts/y_pred_prophet_day_of_week_MAE.png
[2024-11-12T19:02:55.832+0000] {category.py:223} INFO - Using categorical units to plot a list of strings that are all parsable as floats or dates. If these strings should be plotted as numbers, cast to the appropriate data type before plotting.
[2024-11-12T19:02:55.834+0000] {category.py:223} INFO - Using categorical units to plot a list of strings that are all parsable as floats or dates. If these strings should be plotted as numbers, cast to the appropriate data type before plotting.
[2024-11-12T19:02:55.909+0000] {logging_mixin.py:188} INFO - Saved RMSE distribution plot for y_pred_prophet - day_of_week at /opt/***/dags/artifacts/y_pred_prophet_day_of_week_RMSE.png
[2024-11-12T19:02:55.917+0000] {category.py:223} INFO - Using categorical units to plot a list of strings that are all parsable as floats or dates. If these strings should be plotted as numbers, cast to the appropriate data type before plotting.
[2024-11-12T19:02:55.919+0000] {category.py:223} INFO - Using categorical units to plot a list of strings that are all parsable as floats or dates. If these strings should be plotted as numbers, cast to the appropriate data type before plotting.
[2024-11-12T19:02:55.987+0000] {logging_mixin.py:188} INFO - Saved R² distribution plot for y_pred_prophet - day_of_week at /opt/***/dags/artifacts/y_pred_prophet_day_of_week_R².png
[2024-11-12T19:02:55.994+0000] {category.py:223} INFO - Using categorical units to plot a list of strings that are all parsable as floats or dates. If these strings should be plotted as numbers, cast to the appropriate data type before plotting.
[2024-11-12T19:02:55.996+0000] {category.py:223} INFO - Using categorical units to plot a list of strings that are all parsable as floats or dates. If these strings should be plotted as numbers, cast to the appropriate data type before plotting.
[2024-11-12T19:02:56.066+0000] {logging_mixin.py:188} INFO - Saved MBE distribution plot for y_pred_prophet - day_of_week at /opt/***/dags/artifacts/y_pred_prophet_day_of_week_MBE.png
[2024-11-12T19:02:56.071+0000] {logging_mixin.py:188} INFO - 
Evaluating feature: month for model: y_pred_prophet
[2024-11-12T19:02:56.074+0000] {warnings.py:112} WARNING - /home/***/.local/lib/python3.12/site-packages/sklearn/metrics/_regression.py:492: FutureWarning: 'squared' is deprecated in version 1.4 and will be removed in 1.6. To calculate the root mean squared error, use the function'root_mean_squared_error'.
  warnings.warn(

[2024-11-12T19:02:56.077+0000] {warnings.py:112} WARNING - /home/***/.local/lib/python3.12/site-packages/sklearn/metrics/_regression.py:492: FutureWarning: 'squared' is deprecated in version 1.4 and will be removed in 1.6. To calculate the root mean squared error, use the function'root_mean_squared_error'.
  warnings.warn(

[2024-11-12T19:02:56.079+0000] {warnings.py:112} WARNING - /home/***/.local/lib/python3.12/site-packages/sklearn/metrics/_regression.py:492: FutureWarning: 'squared' is deprecated in version 1.4 and will be removed in 1.6. To calculate the root mean squared error, use the function'root_mean_squared_error'.
  warnings.warn(

[2024-11-12T19:02:56.081+0000] {warnings.py:112} WARNING - /home/***/.local/lib/python3.12/site-packages/sklearn/metrics/_regression.py:492: FutureWarning: 'squared' is deprecated in version 1.4 and will be removed in 1.6. To calculate the root mean squared error, use the function'root_mean_squared_error'.
  warnings.warn(

[2024-11-12T19:02:56.084+0000] {warnings.py:112} WARNING - /home/***/.local/lib/python3.12/site-packages/sklearn/metrics/_regression.py:492: FutureWarning: 'squared' is deprecated in version 1.4 and will be removed in 1.6. To calculate the root mean squared error, use the function'root_mean_squared_error'.
  warnings.warn(

[2024-11-12T19:02:56.086+0000] {warnings.py:112} WARNING - /home/***/.local/lib/python3.12/site-packages/sklearn/metrics/_regression.py:492: FutureWarning: 'squared' is deprecated in version 1.4 and will be removed in 1.6. To calculate the root mean squared error, use the function'root_mean_squared_error'.
  warnings.warn(

[2024-11-12T19:02:56.089+0000] {warnings.py:112} WARNING - /home/***/.local/lib/python3.12/site-packages/sklearn/metrics/_regression.py:492: FutureWarning: 'squared' is deprecated in version 1.4 and will be removed in 1.6. To calculate the root mean squared error, use the function'root_mean_squared_error'.
  warnings.warn(

[2024-11-12T19:02:56.091+0000] {warnings.py:112} WARNING - /home/***/.local/lib/python3.12/site-packages/sklearn/metrics/_regression.py:492: FutureWarning: 'squared' is deprecated in version 1.4 and will be removed in 1.6. To calculate the root mean squared error, use the function'root_mean_squared_error'.
  warnings.warn(

[2024-11-12T19:02:56.094+0000] {warnings.py:112} WARNING - /home/***/.local/lib/python3.12/site-packages/sklearn/metrics/_regression.py:492: FutureWarning: 'squared' is deprecated in version 1.4 and will be removed in 1.6. To calculate the root mean squared error, use the function'root_mean_squared_error'.
  warnings.warn(

[2024-11-12T19:02:56.096+0000] {warnings.py:112} WARNING - /home/***/.local/lib/python3.12/site-packages/sklearn/metrics/_regression.py:492: FutureWarning: 'squared' is deprecated in version 1.4 and will be removed in 1.6. To calculate the root mean squared error, use the function'root_mean_squared_error'.
  warnings.warn(

[2024-11-12T19:02:56.099+0000] {warnings.py:112} WARNING - /home/***/.local/lib/python3.12/site-packages/sklearn/metrics/_regression.py:492: FutureWarning: 'squared' is deprecated in version 1.4 and will be removed in 1.6. To calculate the root mean squared error, use the function'root_mean_squared_error'.
  warnings.warn(

[2024-11-12T19:02:56.101+0000] {warnings.py:112} WARNING - /home/***/.local/lib/python3.12/site-packages/sklearn/metrics/_regression.py:492: FutureWarning: 'squared' is deprecated in version 1.4 and will be removed in 1.6. To calculate the root mean squared error, use the function'root_mean_squared_error'.
  warnings.warn(

[2024-11-12T19:02:56.107+0000] {logging_mixin.py:188} INFO - Logged metrics and bias flags for model y_pred_prophet, feature month
[2024-11-12T19:02:56.115+0000] {category.py:223} INFO - Using categorical units to plot a list of strings that are all parsable as floats or dates. If these strings should be plotted as numbers, cast to the appropriate data type before plotting.
[2024-11-12T19:02:56.117+0000] {category.py:223} INFO - Using categorical units to plot a list of strings that are all parsable as floats or dates. If these strings should be plotted as numbers, cast to the appropriate data type before plotting.
[2024-11-12T19:02:56.212+0000] {logging_mixin.py:188} INFO - Saved MAE distribution plot for y_pred_prophet - month at /opt/***/dags/artifacts/y_pred_prophet_month_MAE.png
[2024-11-12T19:02:56.220+0000] {category.py:223} INFO - Using categorical units to plot a list of strings that are all parsable as floats or dates. If these strings should be plotted as numbers, cast to the appropriate data type before plotting.
[2024-11-12T19:02:56.222+0000] {category.py:223} INFO - Using categorical units to plot a list of strings that are all parsable as floats or dates. If these strings should be plotted as numbers, cast to the appropriate data type before plotting.
[2024-11-12T19:02:56.307+0000] {logging_mixin.py:188} INFO - Saved RMSE distribution plot for y_pred_prophet - month at /opt/***/dags/artifacts/y_pred_prophet_month_RMSE.png
[2024-11-12T19:02:56.314+0000] {category.py:223} INFO - Using categorical units to plot a list of strings that are all parsable as floats or dates. If these strings should be plotted as numbers, cast to the appropriate data type before plotting.
[2024-11-12T19:02:56.316+0000] {category.py:223} INFO - Using categorical units to plot a list of strings that are all parsable as floats or dates. If these strings should be plotted as numbers, cast to the appropriate data type before plotting.
[2024-11-12T19:02:56.391+0000] {logging_mixin.py:188} INFO - Saved R² distribution plot for y_pred_prophet - month at /opt/***/dags/artifacts/y_pred_prophet_month_R².png
[2024-11-12T19:02:56.398+0000] {category.py:223} INFO - Using categorical units to plot a list of strings that are all parsable as floats or dates. If these strings should be plotted as numbers, cast to the appropriate data type before plotting.
[2024-11-12T19:02:56.400+0000] {category.py:223} INFO - Using categorical units to plot a list of strings that are all parsable as floats or dates. If these strings should be plotted as numbers, cast to the appropriate data type before plotting.
[2024-11-12T19:02:56.479+0000] {logging_mixin.py:188} INFO - Saved MBE distribution plot for y_pred_prophet - month at /opt/***/dags/artifacts/y_pred_prophet_month_MBE.png
[2024-11-12T19:02:56.484+0000] {logging_mixin.py:188} INFO - 
Evaluating feature: season for model: y_pred_prophet
[2024-11-12T19:02:56.484+0000] {warnings.py:112} WARNING - /opt/***/dags/ModelDevelopment/ModelBias/Model_bias.py:147: FutureWarning: The default of observed=False is deprecated and will be changed to True in a future version of pandas. Pass observed=False to retain current behavior or observed=True to adopt the future default and silence this warning.
  for name, group in feature_data.groupby(feature):

[2024-11-12T19:02:56.486+0000] {warnings.py:112} WARNING - /home/***/.local/lib/python3.12/site-packages/sklearn/metrics/_regression.py:492: FutureWarning: 'squared' is deprecated in version 1.4 and will be removed in 1.6. To calculate the root mean squared error, use the function'root_mean_squared_error'.
  warnings.warn(

[2024-11-12T19:02:56.489+0000] {warnings.py:112} WARNING - /home/***/.local/lib/python3.12/site-packages/sklearn/metrics/_regression.py:492: FutureWarning: 'squared' is deprecated in version 1.4 and will be removed in 1.6. To calculate the root mean squared error, use the function'root_mean_squared_error'.
  warnings.warn(

[2024-11-12T19:02:56.492+0000] {warnings.py:112} WARNING - /home/***/.local/lib/python3.12/site-packages/sklearn/metrics/_regression.py:492: FutureWarning: 'squared' is deprecated in version 1.4 and will be removed in 1.6. To calculate the root mean squared error, use the function'root_mean_squared_error'.
  warnings.warn(

[2024-11-12T19:02:56.494+0000] {warnings.py:112} WARNING - /home/***/.local/lib/python3.12/site-packages/sklearn/metrics/_regression.py:492: FutureWarning: 'squared' is deprecated in version 1.4 and will be removed in 1.6. To calculate the root mean squared error, use the function'root_mean_squared_error'.
  warnings.warn(

[2024-11-12T19:02:56.500+0000] {logging_mixin.py:188} INFO - Logged metrics and bias flags for model y_pred_prophet, feature season
[2024-11-12T19:02:56.571+0000] {logging_mixin.py:188} INFO - Saved MAE distribution plot for y_pred_prophet - season at /opt/***/dags/artifacts/y_pred_prophet_season_MAE.png
[2024-11-12T19:02:56.643+0000] {logging_mixin.py:188} INFO - Saved RMSE distribution plot for y_pred_prophet - season at /opt/***/dags/artifacts/y_pred_prophet_season_RMSE.png
[2024-11-12T19:02:56.714+0000] {logging_mixin.py:188} INFO - Saved R² distribution plot for y_pred_prophet - season at /opt/***/dags/artifacts/y_pred_prophet_season_R².png
[2024-11-12T19:02:56.781+0000] {logging_mixin.py:188} INFO - Saved MBE distribution plot for y_pred_prophet - season at /opt/***/dags/artifacts/y_pred_prophet_season_MBE.png
[2024-11-12T19:02:56.785+0000] {logging_mixin.py:188} INFO - 
Model Bias Analysis Complete.
[2024-11-12T19:02:56.789+0000] {python.py:237} INFO - Done. Returned value was:               Model Feature   Slice  ...  Biased RMSE  Biased R²  Biased MBE
0         y_pred_rf    hour       0  ...        False      False       False
1         y_pred_rf    hour       1  ...        False      False       False
2         y_pred_rf    hour       2  ...        False      False       False
3         y_pred_rf    hour       3  ...        False      False       False
4         y_pred_rf    hour       4  ...        False      False       False
..              ...     ...     ...  ...          ...        ...         ...
136  y_pred_prophet   month      12  ...        False      False       False
137  y_pred_prophet  season    Fall  ...        False      False       False
138  y_pred_prophet  season  Spring  ...        False      False       False
139  y_pred_prophet  season  Summer  ...        False      False       False
140  y_pred_prophet  season  Winter  ...        False      False       False

[141 rows x 15 columns]
[2024-11-12T19:02:56.801+0000] {taskinstance.py:441} INFO - ::group::Post task execution logs
[2024-11-12T19:02:56.820+0000] {taskinstance.py:1206} INFO - Marking task as SUCCESS. dag_id=modeling_pipeline, task_id=Bias_Model, run_id=manual__2024-11-12T18:56:48.444518+00:00, execution_date=20241112T185648, start_date=20241112T190250, end_date=20241112T190256
[2024-11-12T19:02:56.821+0000] {baseoperator.py:400} WARNING - EmailOperator.execute cannot be called outside TaskInstance!
[2024-11-12T19:02:56.825+0000] {warnings.py:112} WARNING - /home/***/.local/lib/python3.12/site-packages/***/utils/email.py:154: RemovedInAirflow3Warning: Fetching SMTP credentials from configuration variables will be deprecated in a future release. Please set credentials using a connection instead.
  send_mime_email(e_from=mail_from, e_to=recipients, mime_msg=msg, conn_id=conn_id, dryrun=dryrun)

[2024-11-12T19:02:56.825+0000] {email.py:271} INFO - Email alerting: attempt 1
[2024-11-12T19:02:57.436+0000] {email.py:282} INFO - Sent an alert email to ['anirudhak881@gmail.com']
[2024-11-12T19:03:00.258+0000] {local_task_job_runner.py:240} INFO - Task exited with return code 0
[2024-11-12T19:03:00.279+0000] {taskinstance.py:3503} INFO - 1 downstream tasks scheduled from follow-on schedule check
[2024-11-12T19:03:00.280+0000] {local_task_job_runner.py:222} INFO - ::endgroup::
