[2024-11-04T05:06:35.053+0000] {local_task_job_runner.py:120} INFO - ::group::Pre task execution logs
[2024-11-04T05:06:35.064+0000] {taskinstance.py:2076} INFO - Dependencies all met for dep_context=non-requeueable deps ti=<TaskInstance: datapipeline_new.check_anomalies_and_send_email manual__2024-11-04T05:06:12.986905+00:00 [queued]>
[2024-11-04T05:06:35.067+0000] {taskinstance.py:2076} INFO - Dependencies all met for dep_context=requeueable deps ti=<TaskInstance: datapipeline_new.check_anomalies_and_send_email manual__2024-11-04T05:06:12.986905+00:00 [queued]>
[2024-11-04T05:06:35.068+0000] {taskinstance.py:2306} INFO - Starting attempt 1 of 2
[2024-11-04T05:06:35.142+0000] {taskinstance.py:2330} INFO - Executing <Task(BranchPythonOperator): check_anomalies_and_send_email> on 2024-11-04 05:06:12.986905+00:00
[2024-11-04T05:06:35.147+0000] {warnings.py:112} WARNING - /home/***/.local/lib/python3.12/site-packages/***/task/task_runner/standard_task_runner.py:61: DeprecationWarning: This process (pid=96) is multi-threaded, use of fork() may lead to deadlocks in the child.
  pid = os.fork()

[2024-11-04T05:06:35.148+0000] {standard_task_runner.py:63} INFO - Started process 105 to run task
[2024-11-04T05:06:35.148+0000] {standard_task_runner.py:90} INFO - Running: ['***', 'tasks', 'run', 'datapipeline_new', 'check_anomalies_and_send_email', 'manual__2024-11-04T05:06:12.986905+00:00', '--job-id', '743', '--raw', '--subdir', 'DAGS_FOLDER/dag_script.py', '--cfg-path', '/tmp/tmpurgv4m63']
[2024-11-04T05:06:35.149+0000] {standard_task_runner.py:91} INFO - Job 743: Subtask check_anomalies_and_send_email
[2024-11-04T05:06:35.169+0000] {task_command.py:426} INFO - Running <TaskInstance: datapipeline_new.check_anomalies_and_send_email manual__2024-11-04T05:06:12.986905+00:00 [running]> on host 7ffb0854de89
[2024-11-04T05:06:35.199+0000] {taskinstance.py:2648} INFO - Exporting env vars: AIRFLOW_CTX_DAG_OWNER='MLOPS' AIRFLOW_CTX_DAG_ID='datapipeline_new' AIRFLOW_CTX_TASK_ID='check_anomalies_and_send_email' AIRFLOW_CTX_EXECUTION_DATE='2024-11-04T05:06:12.986905+00:00' AIRFLOW_CTX_TRY_NUMBER='1' AIRFLOW_CTX_DAG_RUN_ID='manual__2024-11-04T05:06:12.986905+00:00'
[2024-11-04T05:06:35.200+0000] {taskinstance.py:430} INFO - ::endgroup::
[2024-11-04T05:06:35.205+0000] {baseoperator.py:400} WARNING - BranchPythonOperator.execute cannot be called outside TaskInstance!
[2024-11-04T05:06:35.210+0000] {dag_script.py:38} INFO - Anomalies detected: []
[2024-11-04T05:06:35.210+0000] {dag_script.py:42} INFO - Branching to continue_pipeline
[2024-11-04T05:06:35.210+0000] {python.py:237} INFO - Done. Returned value was: continue_pipeline
[2024-11-04T05:06:35.210+0000] {branch.py:36} INFO - Branch into continue_pipeline
[2024-11-04T05:06:35.210+0000] {skipmixin.py:178} INFO - Following branch continue_pipeline
[2024-11-04T05:06:35.216+0000] {skipmixin.py:246} INFO - Skipping tasks [('send_anomaly_alert_api', -1)]
[2024-11-04T05:06:35.223+0000] {taskinstance.py:441} INFO - ::group::Post task execution logs
[2024-11-04T05:06:35.229+0000] {taskinstance.py:1206} INFO - Marking task as SUCCESS. dag_id=datapipeline_new, task_id=check_anomalies_and_send_email, run_id=manual__2024-11-04T05:06:12.986905+00:00, execution_date=20241104T050612, start_date=20241104T050635, end_date=20241104T050635
[2024-11-04T05:06:35.249+0000] {local_task_job_runner.py:240} INFO - Task exited with return code 0
[2024-11-04T05:06:35.272+0000] {taskinstance.py:3503} INFO - 0 downstream tasks scheduled from follow-on schedule check
[2024-11-04T05:06:35.272+0000] {local_task_job_runner.py:222} INFO - ::endgroup::
