[2024-11-12T09:20:20.282+0000] {local_task_job_runner.py:120} INFO - ::group::Pre task execution logs
[2024-11-12T09:20:20.294+0000] {taskinstance.py:2076} INFO - Dependencies all met for dep_context=non-requeueable deps ti=<TaskInstance: modeling_pipeline.Best_Model manual__2024-11-12T09:12:07.371588+00:00 [queued]>
[2024-11-12T09:20:20.298+0000] {taskinstance.py:2076} INFO - Dependencies all met for dep_context=requeueable deps ti=<TaskInstance: modeling_pipeline.Best_Model manual__2024-11-12T09:12:07.371588+00:00 [queued]>
[2024-11-12T09:20:20.298+0000] {taskinstance.py:2306} INFO - Starting attempt 1 of 2
[2024-11-12T09:20:20.307+0000] {taskinstance.py:2330} INFO - Executing <Task(PythonOperator): Best_Model> on 2024-11-12 09:12:07.371588+00:00
[2024-11-12T09:20:20.337+0000] {warnings.py:112} WARNING - /home/***/.local/lib/python3.12/site-packages/***/task/task_runner/standard_task_runner.py:61: DeprecationWarning: This process (pid=2189) is multi-threaded, use of fork() may lead to deadlocks in the child.
  pid = os.fork()

[2024-11-12T09:20:20.339+0000] {standard_task_runner.py:63} INFO - Started process 2198 to run task
[2024-11-12T09:20:20.340+0000] {standard_task_runner.py:90} INFO - Running: ['***', 'tasks', 'run', 'modeling_pipeline', 'Best_Model', 'manual__2024-11-12T09:12:07.371588+00:00', '--job-id', '1151', '--raw', '--subdir', 'DAGS_FOLDER/dag_script_model.py', '--cfg-path', '/tmp/tmpwgohtme_']
[2024-11-12T09:20:20.343+0000] {standard_task_runner.py:91} INFO - Job 1151: Subtask Best_Model
[2024-11-12T09:20:20.383+0000] {task_command.py:426} INFO - Running <TaskInstance: modeling_pipeline.Best_Model manual__2024-11-12T09:12:07.371588+00:00 [running]> on host 9919a500f6fd
[2024-11-12T09:20:20.430+0000] {taskinstance.py:2648} INFO - Exporting env vars: AIRFLOW_CTX_DAG_OWNER='MLOPS' AIRFLOW_CTX_DAG_ID='modeling_pipeline' AIRFLOW_CTX_TASK_ID='Best_Model' AIRFLOW_CTX_EXECUTION_DATE='2024-11-12T09:12:07.371588+00:00' AIRFLOW_CTX_TRY_NUMBER='1' AIRFLOW_CTX_DAG_RUN_ID='manual__2024-11-12T09:12:07.371588+00:00'
[2024-11-12T09:20:20.431+0000] {taskinstance.py:430} INFO - ::endgroup::
[2024-11-12T09:20:20.525+0000] {logging_mixin.py:188} INFO - Best model found in experiment 'PM2.5 XGBoost Prediction' with run ID '8c62d8e2a075449185f6401e8d28106e'
[2024-11-12T09:20:20.526+0000] {logging_mixin.py:188} INFO - Validation RMSE: 0.9685765167761742
[2024-11-12T09:20:20.815+0000] {logging_mixin.py:188} INFO - Random - RMSE: 1.0013285295613887, Bias Score: inf, Combined Score: inf
[2024-11-12T09:20:20.816+0000] {logging_mixin.py:188} INFO - XGBoost - RMSE: 0.9685765167761742, Bias Score: 0, Combined Score: 0.4842882583880871
[2024-11-12T09:20:20.816+0000] {logging_mixin.py:188} INFO - Prophet - RMSE: 4.997330810283877, Bias Score: 0, Combined Score: 2.4986654051419386
[2024-11-12T09:20:20.816+0000] {logging_mixin.py:188} INFO - 
Best model selected: XGBoost with combined score: 0.4842882583880871
[2024-11-12T09:20:20.818+0000] {logging_mixin.py:188} INFO - XGBoost
[2024-11-12T09:20:20.818+0000] {logging_mixin.py:188} INFO - 0.4842882583880871
[2024-11-12T09:20:20.818+0000] {logging_mixin.py:188} INFO - {'Random Forest Bias Evaluation': {'MAE_hour': {'value': 2.9610290853843124, 'run_id': 'd3d140bf9d404c698e2212208387a40b'}, 'RMSE_hour': {'value': 3.195404253006283, 'run_id': 'd3d140bf9d404c698e2212208387a40b'}, 'R2_hour': {'value': -2.34375528936878, 'run_id': 'd3d140bf9d404c698e2212208387a40b'}, 'MBE_hour': {'value': -2.9610290853843124, 'run_id': 'd3d140bf9d404c698e2212208387a40b'}, 'MAE_day_of_week': {'value': 2.9568912044769857, 'run_id': '565d9e3e92fb463bb28d64b0a2cfdffe'}, 'RMSE_day_of_week': {'value': 3.1889222124874808, 'run_id': '565d9e3e92fb463bb28d64b0a2cfdffe'}, 'R2_day_of_week': {'value': -2.358543111373094, 'run_id': '565d9e3e92fb463bb28d64b0a2cfdffe'}, 'MBE_day_of_week': {'value': -2.9568912044769857, 'run_id': '565d9e3e92fb463bb28d64b0a2cfdffe'}, 'MAE_month': {'value': 2.9826161823334627, 'run_id': 'babbfb44464a47909770c8295b83e0f6'}, 'RMSE_month': {'value': 3.1965584346530687, 'run_id': 'babbfb44464a47909770c8295b83e0f6'}, 'R2_month': {'value': -2.8100430436792156, 'run_id': 'babbfb44464a47909770c8295b83e0f6'}, 'MBE_month': {'value': -2.9826161823334627, 'run_id': 'babbfb44464a47909770c8295b83e0f6'}, 'MAE_season': {'value': 2.9737612819960955, 'run_id': 'b7f0e2c83e814424a0ae104bdf64872a'}, 'RMSE_season': {'value': 3.1930184818325213, 'run_id': 'b7f0e2c83e814424a0ae104bdf64872a'}, 'R2_season': {'value': -2.6036666405674787, 'run_id': 'b7f0e2c83e814424a0ae104bdf64872a'}, 'MBE_season': {'value': -2.9737612819960955, 'run_id': 'b7f0e2c83e814424a0ae104bdf64872a'}}, 'XGBoost Bias Evaluation': {'MAE_hour': {'value': 2.9721400449927917, 'run_id': '958fb02db282441a89f0d650b7a3105d'}, 'RMSE_hour': {'value': 3.2051083064446897, 'run_id': '958fb02db282441a89f0d650b7a3105d'}, 'R2_hour': {'value': -2.364153923578925, 'run_id': '958fb02db282441a89f0d650b7a3105d'}, 'MBE_hour': {'value': -2.9721400449927917, 'run_id': '958fb02db282441a89f0d650b7a3105d'}, 'MAE_day_of_week': {'value': 2.9679979526239566, 'run_id': '52c6e0faa54a4548b7bdaa2606bdece8'}, 'RMSE_day_of_week': {'value': 3.1986220223921533, 'run_id': '52c6e0faa54a4548b7bdaa2606bdece8'}, 'R2_day_of_week': {'value': -2.3790688548504915, 'run_id': '52c6e0faa54a4548b7bdaa2606bdece8'}, 'MBE_day_of_week': {'value': -2.9679979526239566, 'run_id': '52c6e0faa54a4548b7bdaa2606bdece8'}, 'MAE_month': {'value': 2.9936597745301605, 'run_id': '6969e2649cf444a0a56c6d7c2733580c'}, 'RMSE_month': {'value': 3.2063036810447954, 'run_id': '6969e2649cf444a0a56c6d7c2733580c'}, 'R2_month': {'value': -2.832878012532703, 'run_id': '6969e2649cf444a0a56c6d7c2733580c'}, 'MBE_month': {'value': -2.9936597745301605, 'run_id': '6969e2649cf444a0a56c6d7c2733580c'}, 'MAE_season': {'value': 2.9848149587459485, 'run_id': 'fe9a92d58c974753b4e7b7282e3cce6f'}, 'RMSE_season': {'value': 3.2027492902823216, 'run_id': 'fe9a92d58c974753b4e7b7282e3cce6f'}, 'R2_season': {'value': -2.625456410163504, 'run_id': 'fe9a92d58c974753b4e7b7282e3cce6f'}, 'MBE_season': {'value': -2.9848149587459485, 'run_id': 'fe9a92d58c974753b4e7b7282e3cce6f'}}, 'Prophet Bias Evaluation': {'MAE_hour': {'value': 2.7252934294373596, 'run_id': '451540c3c63d42369cf1bf0df3f565f5'}, 'RMSE_hour': {'value': 3.20191529551535, 'run_id': '451540c3c63d42369cf1bf0df3f565f5'}, 'R2_hour': {'value': -2.353095203861961, 'run_id': '451540c3c63d42369cf1bf0df3f565f5'}, 'MBE_hour': {'value': -2.6803337940283924, 'run_id': '451540c3c63d42369cf1bf0df3f565f5'}, 'MAE_day_of_week': {'value': 2.719477559289718, 'run_id': '7ea1c48abd7e4efcb9bf613ab13b5094'}, 'RMSE_day_of_week': {'value': 3.191822751072683, 'run_id': '7ea1c48abd7e4efcb9bf613ab13b5094'}, 'R2_day_of_week': {'value': -2.356328493811646, 'run_id': '7ea1c48abd7e4efcb9bf613ab13b5094'}, 'MBE_day_of_week': {'value': -2.674927265523778, 'run_id': '7ea1c48abd7e4efcb9bf613ab13b5094'}, 'MAE_month': {'value': 2.7495677572619646, 'run_id': 'e0650b3f92e34c3daf3869b69cc2d17d'}, 'RMSE_month': {'value': 3.1945031681268294, 'run_id': 'e0650b3f92e34c3daf3869b69cc2d17d'}, 'R2_month': {'value': -2.824610375863656, 'run_id': 'e0650b3f92e34c3daf3869b69cc2d17d'}, 'MBE_month': {'value': -2.7069720911903157, 'run_id': 'e0650b3f92e34c3daf3869b69cc2d17d'}, 'MAE_season': {'value': 2.740922623067834, 'run_id': '27b31790a91f4b09be3f53903d4974a7'}, 'RMSE_season': {'value': 3.1943040683593265, 'run_id': '27b31790a91f4b09be3f53903d4974a7'}, 'R2_season': {'value': -2.620710515550439, 'run_id': '27b31790a91f4b09be3f53903d4974a7'}, 'MBE_season': {'value': -2.6987266235677767, 'run_id': '27b31790a91f4b09be3f53903d4974a7'}}}
[2024-11-12T09:20:20.818+0000] {logging_mixin.py:188} INFO - {'Random': 1.0013285295613887, 'XGBoost': 0.9685765167761742, 'Prophet': 4.997330810283877}
[2024-11-12T09:20:20.819+0000] {logging_mixin.py:188} INFO - Best Experiment: PM2.5 XGBoost Prediction
[2024-11-12T09:20:20.819+0000] {logging_mixin.py:188} INFO - Best Run ID: 8c62d8e2a075449185f6401e8d28106e
[2024-11-12T09:20:20.819+0000] {logging_mixin.py:188} INFO - Best RMSE: 0.9685765167761742
[2024-11-12T09:20:20.819+0000] {python.py:237} INFO - Done. Returned value was: None
[2024-11-12T09:20:20.820+0000] {taskinstance.py:441} INFO - ::group::Post task execution logs
[2024-11-12T09:20:20.828+0000] {taskinstance.py:1206} INFO - Marking task as SUCCESS. dag_id=modeling_pipeline, task_id=Best_Model, run_id=manual__2024-11-12T09:12:07.371588+00:00, execution_date=20241112T091207, start_date=20241112T092020, end_date=20241112T092020
[2024-11-12T09:20:20.883+0000] {local_task_job_runner.py:240} INFO - Task exited with return code 0
[2024-11-12T09:20:20.894+0000] {taskinstance.py:3503} INFO - 0 downstream tasks scheduled from follow-on schedule check
[2024-11-12T09:20:20.895+0000] {local_task_job_runner.py:222} INFO - ::endgroup::
