[2024-10-21T23:38:47.738+0000] {local_task_job_runner.py:120} INFO - ::group::Pre task execution logs
[2024-10-21T23:38:47.750+0000] {taskinstance.py:2076} INFO - Dependencies all met for dep_context=non-requeueable deps ti=<TaskInstance: datapipeline_new.handle_missing_vals_train manual__2024-10-21T23:38:23.170304+00:00 [queued]>
[2024-10-21T23:38:47.754+0000] {taskinstance.py:2076} INFO - Dependencies all met for dep_context=requeueable deps ti=<TaskInstance: datapipeline_new.handle_missing_vals_train manual__2024-10-21T23:38:23.170304+00:00 [queued]>
[2024-10-21T23:38:47.754+0000] {taskinstance.py:2306} INFO - Starting attempt 1 of 2
[2024-10-21T23:38:47.759+0000] {taskinstance.py:2330} INFO - Executing <Task(PythonOperator): handle_missing_vals_train> on 2024-10-21 23:38:23.170304+00:00
[2024-10-21T23:38:47.771+0000] {warnings.py:112} WARNING - /home/***/.local/lib/python3.12/site-packages/***/task/task_runner/standard_task_runner.py:61: DeprecationWarning: This process (pid=137) is multi-threaded, use of fork() may lead to deadlocks in the child.
  pid = os.fork()

[2024-10-21T23:38:47.772+0000] {standard_task_runner.py:63} INFO - Started process 146 to run task
[2024-10-21T23:38:47.772+0000] {standard_task_runner.py:90} INFO - Running: ['***', 'tasks', 'run', 'datapipeline_new', 'handle_missing_vals_train', 'manual__2024-10-21T23:38:23.170304+00:00', '--job-id', '25', '--raw', '--subdir', 'DAGS_FOLDER/dag_script.py', '--cfg-path', '/tmp/tmpkv5fks6q']
[2024-10-21T23:38:47.774+0000] {standard_task_runner.py:91} INFO - Job 25: Subtask handle_missing_vals_train
[2024-10-21T23:38:47.796+0000] {task_command.py:426} INFO - Running <TaskInstance: datapipeline_new.handle_missing_vals_train manual__2024-10-21T23:38:23.170304+00:00 [running]> on host 6fd357fee1dd
[2024-10-21T23:38:48.046+0000] {taskinstance.py:2648} INFO - Exporting env vars: AIRFLOW_CTX_DAG_OWNER='Srilakshmi_P' AIRFLOW_CTX_DAG_ID='datapipeline_new' AIRFLOW_CTX_TASK_ID='handle_missing_vals_train' AIRFLOW_CTX_EXECUTION_DATE='2024-10-21T23:38:23.170304+00:00' AIRFLOW_CTX_TRY_NUMBER='1' AIRFLOW_CTX_DAG_RUN_ID='manual__2024-10-21T23:38:23.170304+00:00'
[2024-10-21T23:38:48.047+0000] {taskinstance.py:430} INFO - ::endgroup::
[2024-10-21T23:38:48.054+0000] {logging_mixin.py:188} INFO - Data loaded from /opt/***/dags/DataPreprocessing/src/data_store_pkl_files/train_data/cleaned_train_data.pkl.
[2024-10-21T23:38:48.055+0000] {logging_mixin.py:188} INFO - Missing values found. Handling missing data...
[2024-10-21T23:38:48.057+0000] {logging_mixin.py:188} INFO - 'pm25' missing values interpolated.
[2024-10-21T23:38:48.058+0000] {logging_mixin.py:188} INFO - Processed DataFrame saved as '/opt/***/dags/DataPreprocessing/src/data_store_pkl_files/train_data/no_null_train_data.pkl'.
[2024-10-21T23:38:48.058+0000] {python.py:237} INFO - Done. Returned value was: None
[2024-10-21T23:38:48.058+0000] {taskinstance.py:441} INFO - ::group::Post task execution logs
[2024-10-21T23:38:48.062+0000] {taskinstance.py:1206} INFO - Marking task as SUCCESS. dag_id=datapipeline_new, task_id=handle_missing_vals_train, run_id=manual__2024-10-21T23:38:23.170304+00:00, execution_date=20241021T233823, start_date=20241021T233847, end_date=20241021T233848
[2024-10-21T23:38:48.088+0000] {local_task_job_runner.py:240} INFO - Task exited with return code 0
[2024-10-21T23:38:48.208+0000] {taskinstance.py:3503} INFO - 1 downstream tasks scheduled from follow-on schedule check
[2024-10-21T23:38:48.209+0000] {local_task_job_runner.py:222} INFO - ::endgroup::
