[2024-11-20T05:28:43.737+0000] {processor.py:161} INFO - Started process (PID=65) to work on /opt/airflow/dags/dag_script_model.py
[2024-11-20T05:28:43.741+0000] {processor.py:830} INFO - Processing file /opt/airflow/dags/dag_script_model.py for tasks to queue
[2024-11-20T05:28:43.743+0000] {logging_mixin.py:188} INFO - [2024-11-20T05:28:43.743+0000] {dagbag.py:545} INFO - Filling up the DagBag from /opt/airflow/dags/dag_script_model.py
[2024-11-20T05:28:48.234+0000] {logging_mixin.py:188} INFO - [2024-11-20T05:28:48.233+0000] {plot.py:39} ERROR - Importing plotly failed. Interactive plots will not work.
[2024-11-20T05:28:48.315+0000] {logging_mixin.py:188} INFO - /opt/airflow
[2024-11-20T05:28:48.325+0000] {processor.py:840} INFO - DAG(s) 'modeling_pipeline' retrieved from /opt/airflow/dags/dag_script_model.py
[2024-11-20T05:28:48.429+0000] {logging_mixin.py:188} INFO - [2024-11-20T05:28:48.428+0000] {dag.py:3096} INFO - Sync 1 DAGs
[2024-11-20T05:28:48.443+0000] {logging_mixin.py:188} INFO - [2024-11-20T05:28:48.443+0000] {dag.py:3954} INFO - Setting next_dagrun for modeling_pipeline to None, run_after=None
[2024-11-20T05:28:48.457+0000] {processor.py:183} INFO - Processing /opt/airflow/dags/dag_script_model.py took 4.732 seconds
[2024-11-20T05:29:18.629+0000] {processor.py:161} INFO - Started process (PID=146) to work on /opt/airflow/dags/dag_script_model.py
[2024-11-20T05:29:18.630+0000] {processor.py:830} INFO - Processing file /opt/airflow/dags/dag_script_model.py for tasks to queue
[2024-11-20T05:29:18.634+0000] {logging_mixin.py:188} INFO - [2024-11-20T05:29:18.633+0000] {dagbag.py:545} INFO - Filling up the DagBag from /opt/airflow/dags/dag_script_model.py
[2024-11-20T05:29:19.868+0000] {logging_mixin.py:188} INFO - [2024-11-20T05:29:19.867+0000] {plot.py:39} ERROR - Importing plotly failed. Interactive plots will not work.
[2024-11-20T05:29:19.900+0000] {logging_mixin.py:188} INFO - /opt/airflow
[2024-11-20T05:29:19.908+0000] {processor.py:840} INFO - DAG(s) 'modeling_pipeline' retrieved from /opt/airflow/dags/dag_script_model.py
[2024-11-20T05:29:19.924+0000] {logging_mixin.py:188} INFO - [2024-11-20T05:29:19.924+0000] {dag.py:3096} INFO - Sync 1 DAGs
[2024-11-20T05:29:19.930+0000] {logging_mixin.py:188} INFO - [2024-11-20T05:29:19.930+0000] {dag.py:3954} INFO - Setting next_dagrun for modeling_pipeline to None, run_after=None
[2024-11-20T05:29:20.027+0000] {processor.py:183} INFO - Processing /opt/airflow/dags/dag_script_model.py took 1.406 seconds
[2024-11-20T05:29:50.237+0000] {processor.py:161} INFO - Started process (PID=227) to work on /opt/airflow/dags/dag_script_model.py
[2024-11-20T05:29:50.239+0000] {processor.py:830} INFO - Processing file /opt/airflow/dags/dag_script_model.py for tasks to queue
[2024-11-20T05:29:50.242+0000] {logging_mixin.py:188} INFO - [2024-11-20T05:29:50.241+0000] {dagbag.py:545} INFO - Filling up the DagBag from /opt/airflow/dags/dag_script_model.py
[2024-11-20T05:29:51.406+0000] {logging_mixin.py:188} INFO - [2024-11-20T05:29:51.405+0000] {plot.py:39} ERROR - Importing plotly failed. Interactive plots will not work.
[2024-11-20T05:29:51.441+0000] {logging_mixin.py:188} INFO - /opt/airflow
[2024-11-20T05:29:51.446+0000] {processor.py:840} INFO - DAG(s) 'modeling_pipeline' retrieved from /opt/airflow/dags/dag_script_model.py
[2024-11-20T05:29:51.471+0000] {logging_mixin.py:188} INFO - [2024-11-20T05:29:51.471+0000] {dag.py:3096} INFO - Sync 1 DAGs
[2024-11-20T05:29:51.477+0000] {logging_mixin.py:188} INFO - [2024-11-20T05:29:51.477+0000] {dag.py:3954} INFO - Setting next_dagrun for modeling_pipeline to None, run_after=None
[2024-11-20T05:29:51.486+0000] {processor.py:183} INFO - Processing /opt/airflow/dags/dag_script_model.py took 1.256 seconds
[2024-11-20T05:30:22.064+0000] {processor.py:161} INFO - Started process (PID=308) to work on /opt/airflow/dags/dag_script_model.py
[2024-11-20T05:30:22.066+0000] {processor.py:830} INFO - Processing file /opt/airflow/dags/dag_script_model.py for tasks to queue
[2024-11-20T05:30:22.069+0000] {logging_mixin.py:188} INFO - [2024-11-20T05:30:22.069+0000] {dagbag.py:545} INFO - Filling up the DagBag from /opt/airflow/dags/dag_script_model.py
[2024-11-20T05:30:23.272+0000] {logging_mixin.py:188} INFO - [2024-11-20T05:30:23.271+0000] {plot.py:39} ERROR - Importing plotly failed. Interactive plots will not work.
[2024-11-20T05:30:23.308+0000] {logging_mixin.py:188} INFO - /opt/airflow
[2024-11-20T05:30:23.430+0000] {processor.py:840} INFO - DAG(s) 'modeling_pipeline' retrieved from /opt/airflow/dags/dag_script_model.py
[2024-11-20T05:30:23.473+0000] {logging_mixin.py:188} INFO - [2024-11-20T05:30:23.472+0000] {dag.py:3096} INFO - Sync 1 DAGs
[2024-11-20T05:30:23.485+0000] {logging_mixin.py:188} INFO - [2024-11-20T05:30:23.485+0000] {dag.py:3954} INFO - Setting next_dagrun for modeling_pipeline to None, run_after=None
[2024-11-20T05:30:23.506+0000] {processor.py:183} INFO - Processing /opt/airflow/dags/dag_script_model.py took 1.453 seconds
[2024-11-20T05:30:53.861+0000] {processor.py:161} INFO - Started process (PID=389) to work on /opt/airflow/dags/dag_script_model.py
[2024-11-20T05:30:53.863+0000] {processor.py:830} INFO - Processing file /opt/airflow/dags/dag_script_model.py for tasks to queue
[2024-11-20T05:30:53.865+0000] {logging_mixin.py:188} INFO - [2024-11-20T05:30:53.865+0000] {dagbag.py:545} INFO - Filling up the DagBag from /opt/airflow/dags/dag_script_model.py
[2024-11-20T05:30:55.047+0000] {logging_mixin.py:188} INFO - [2024-11-20T05:30:55.047+0000] {plot.py:39} ERROR - Importing plotly failed. Interactive plots will not work.
[2024-11-20T05:30:55.082+0000] {logging_mixin.py:188} INFO - /opt/airflow
[2024-11-20T05:30:55.086+0000] {processor.py:840} INFO - DAG(s) 'modeling_pipeline' retrieved from /opt/airflow/dags/dag_script_model.py
[2024-11-20T05:30:55.206+0000] {logging_mixin.py:188} INFO - [2024-11-20T05:30:55.206+0000] {dag.py:3096} INFO - Sync 1 DAGs
[2024-11-20T05:30:55.212+0000] {logging_mixin.py:188} INFO - [2024-11-20T05:30:55.212+0000] {dag.py:3954} INFO - Setting next_dagrun for modeling_pipeline to None, run_after=None
[2024-11-20T05:30:55.222+0000] {processor.py:183} INFO - Processing /opt/airflow/dags/dag_script_model.py took 1.370 seconds
[2024-11-20T05:31:25.578+0000] {processor.py:161} INFO - Started process (PID=470) to work on /opt/airflow/dags/dag_script_model.py
[2024-11-20T05:31:25.580+0000] {processor.py:830} INFO - Processing file /opt/airflow/dags/dag_script_model.py for tasks to queue
[2024-11-20T05:31:25.586+0000] {logging_mixin.py:188} INFO - [2024-11-20T05:31:25.586+0000] {dagbag.py:545} INFO - Filling up the DagBag from /opt/airflow/dags/dag_script_model.py
[2024-11-20T05:31:26.805+0000] {logging_mixin.py:188} INFO - [2024-11-20T05:31:26.805+0000] {plot.py:39} ERROR - Importing plotly failed. Interactive plots will not work.
[2024-11-20T05:31:26.973+0000] {logging_mixin.py:188} INFO - /opt/airflow
[2024-11-20T05:31:26.987+0000] {processor.py:840} INFO - DAG(s) 'modeling_pipeline' retrieved from /opt/airflow/dags/dag_script_model.py
[2024-11-20T05:31:27.021+0000] {logging_mixin.py:188} INFO - [2024-11-20T05:31:27.021+0000] {dag.py:3096} INFO - Sync 1 DAGs
[2024-11-20T05:31:27.029+0000] {logging_mixin.py:188} INFO - [2024-11-20T05:31:27.029+0000] {dag.py:3954} INFO - Setting next_dagrun for modeling_pipeline to None, run_after=None
[2024-11-20T05:31:27.038+0000] {processor.py:183} INFO - Processing /opt/airflow/dags/dag_script_model.py took 1.476 seconds
[2024-11-20T05:31:57.509+0000] {processor.py:161} INFO - Started process (PID=551) to work on /opt/airflow/dags/dag_script_model.py
[2024-11-20T05:31:57.512+0000] {processor.py:830} INFO - Processing file /opt/airflow/dags/dag_script_model.py for tasks to queue
[2024-11-20T05:31:57.514+0000] {logging_mixin.py:188} INFO - [2024-11-20T05:31:57.514+0000] {dagbag.py:545} INFO - Filling up the DagBag from /opt/airflow/dags/dag_script_model.py
[2024-11-20T05:31:58.749+0000] {logging_mixin.py:188} INFO - [2024-11-20T05:31:58.748+0000] {plot.py:39} ERROR - Importing plotly failed. Interactive plots will not work.
[2024-11-20T05:31:58.826+0000] {logging_mixin.py:188} INFO - /opt/airflow
[2024-11-20T05:31:58.936+0000] {processor.py:840} INFO - DAG(s) 'modeling_pipeline' retrieved from /opt/airflow/dags/dag_script_model.py
[2024-11-20T05:31:58.954+0000] {logging_mixin.py:188} INFO - [2024-11-20T05:31:58.953+0000] {dag.py:3096} INFO - Sync 1 DAGs
[2024-11-20T05:31:58.963+0000] {logging_mixin.py:188} INFO - [2024-11-20T05:31:58.963+0000] {dag.py:3954} INFO - Setting next_dagrun for modeling_pipeline to None, run_after=None
[2024-11-20T05:31:58.971+0000] {processor.py:183} INFO - Processing /opt/airflow/dags/dag_script_model.py took 1.479 seconds
[2024-11-20T05:32:29.826+0000] {processor.py:161} INFO - Started process (PID=632) to work on /opt/airflow/dags/dag_script_model.py
[2024-11-20T05:32:29.828+0000] {processor.py:830} INFO - Processing file /opt/airflow/dags/dag_script_model.py for tasks to queue
[2024-11-20T05:32:29.831+0000] {logging_mixin.py:188} INFO - [2024-11-20T05:32:29.830+0000] {dagbag.py:545} INFO - Filling up the DagBag from /opt/airflow/dags/dag_script_model.py
[2024-11-20T05:32:31.263+0000] {logging_mixin.py:188} INFO - [2024-11-20T05:32:31.263+0000] {plot.py:39} ERROR - Importing plotly failed. Interactive plots will not work.
[2024-11-20T05:32:31.347+0000] {logging_mixin.py:188} INFO - /opt/airflow
[2024-11-20T05:32:31.384+0000] {processor.py:840} INFO - DAG(s) 'modeling_pipeline' retrieved from /opt/airflow/dags/dag_script_model.py
[2024-11-20T05:32:31.721+0000] {logging_mixin.py:188} INFO - [2024-11-20T05:32:31.717+0000] {dag.py:3096} INFO - Sync 1 DAGs
[2024-11-20T05:32:31.764+0000] {logging_mixin.py:188} INFO - [2024-11-20T05:32:31.764+0000] {dag.py:3954} INFO - Setting next_dagrun for modeling_pipeline to None, run_after=None
[2024-11-20T05:32:31.800+0000] {processor.py:183} INFO - Processing /opt/airflow/dags/dag_script_model.py took 2.000 seconds
[2024-11-20T05:33:02.577+0000] {processor.py:161} INFO - Started process (PID=722) to work on /opt/airflow/dags/dag_script_model.py
[2024-11-20T05:33:02.582+0000] {processor.py:830} INFO - Processing file /opt/airflow/dags/dag_script_model.py for tasks to queue
[2024-11-20T05:33:02.587+0000] {logging_mixin.py:188} INFO - [2024-11-20T05:33:02.586+0000] {dagbag.py:545} INFO - Filling up the DagBag from /opt/airflow/dags/dag_script_model.py
[2024-11-20T05:33:03.783+0000] {logging_mixin.py:188} INFO - [2024-11-20T05:33:03.783+0000] {plot.py:39} ERROR - Importing plotly failed. Interactive plots will not work.
[2024-11-20T05:33:03.834+0000] {logging_mixin.py:188} INFO - /opt/airflow
[2024-11-20T05:33:03.864+0000] {processor.py:840} INFO - DAG(s) 'modeling_pipeline' retrieved from /opt/airflow/dags/dag_script_model.py
[2024-11-20T05:33:03.892+0000] {logging_mixin.py:188} INFO - [2024-11-20T05:33:03.892+0000] {dag.py:3096} INFO - Sync 1 DAGs
[2024-11-20T05:33:03.898+0000] {logging_mixin.py:188} INFO - [2024-11-20T05:33:03.897+0000] {dag.py:3954} INFO - Setting next_dagrun for modeling_pipeline to None, run_after=None
[2024-11-20T05:33:03.905+0000] {processor.py:183} INFO - Processing /opt/airflow/dags/dag_script_model.py took 1.334 seconds
[2024-11-20T05:33:34.229+0000] {processor.py:161} INFO - Started process (PID=803) to work on /opt/airflow/dags/dag_script_model.py
[2024-11-20T05:33:34.232+0000] {processor.py:830} INFO - Processing file /opt/airflow/dags/dag_script_model.py for tasks to queue
[2024-11-20T05:33:34.234+0000] {logging_mixin.py:188} INFO - [2024-11-20T05:33:34.234+0000] {dagbag.py:545} INFO - Filling up the DagBag from /opt/airflow/dags/dag_script_model.py
[2024-11-20T05:33:37.207+0000] {logging_mixin.py:188} INFO - [2024-11-20T05:33:37.207+0000] {plot.py:39} ERROR - Importing plotly failed. Interactive plots will not work.
[2024-11-20T05:33:37.263+0000] {logging_mixin.py:188} INFO - /opt/airflow
[2024-11-20T05:33:37.269+0000] {processor.py:840} INFO - DAG(s) 'modeling_pipeline' retrieved from /opt/airflow/dags/dag_script_model.py
[2024-11-20T05:33:37.299+0000] {logging_mixin.py:188} INFO - [2024-11-20T05:33:37.299+0000] {dag.py:3096} INFO - Sync 1 DAGs
[2024-11-20T05:33:37.320+0000] {logging_mixin.py:188} INFO - [2024-11-20T05:33:37.320+0000] {dag.py:3954} INFO - Setting next_dagrun for modeling_pipeline to None, run_after=None
[2024-11-20T05:33:37.344+0000] {processor.py:183} INFO - Processing /opt/airflow/dags/dag_script_model.py took 3.153 seconds
[2024-11-20T05:34:07.943+0000] {processor.py:161} INFO - Started process (PID=884) to work on /opt/airflow/dags/dag_script_model.py
[2024-11-20T05:34:07.945+0000] {processor.py:830} INFO - Processing file /opt/airflow/dags/dag_script_model.py for tasks to queue
[2024-11-20T05:34:07.946+0000] {logging_mixin.py:188} INFO - [2024-11-20T05:34:07.946+0000] {dagbag.py:545} INFO - Filling up the DagBag from /opt/airflow/dags/dag_script_model.py
[2024-11-20T05:34:09.176+0000] {logging_mixin.py:188} INFO - [2024-11-20T05:34:09.176+0000] {plot.py:39} ERROR - Importing plotly failed. Interactive plots will not work.
[2024-11-20T05:34:09.247+0000] {logging_mixin.py:188} INFO - /opt/airflow
[2024-11-20T05:34:09.252+0000] {processor.py:840} INFO - DAG(s) 'modeling_pipeline' retrieved from /opt/airflow/dags/dag_script_model.py
[2024-11-20T05:34:09.267+0000] {logging_mixin.py:188} INFO - [2024-11-20T05:34:09.267+0000] {dag.py:3096} INFO - Sync 1 DAGs
[2024-11-20T05:34:09.273+0000] {logging_mixin.py:188} INFO - [2024-11-20T05:34:09.273+0000] {dag.py:3954} INFO - Setting next_dagrun for modeling_pipeline to None, run_after=None
[2024-11-20T05:34:09.282+0000] {processor.py:183} INFO - Processing /opt/airflow/dags/dag_script_model.py took 1.343 seconds
[2024-11-20T05:34:39.437+0000] {processor.py:161} INFO - Started process (PID=965) to work on /opt/airflow/dags/dag_script_model.py
[2024-11-20T05:34:39.438+0000] {processor.py:830} INFO - Processing file /opt/airflow/dags/dag_script_model.py for tasks to queue
[2024-11-20T05:34:39.439+0000] {logging_mixin.py:188} INFO - [2024-11-20T05:34:39.439+0000] {dagbag.py:545} INFO - Filling up the DagBag from /opt/airflow/dags/dag_script_model.py
[2024-11-20T05:34:40.963+0000] {logging_mixin.py:188} INFO - [2024-11-20T05:34:40.963+0000] {plot.py:39} ERROR - Importing plotly failed. Interactive plots will not work.
[2024-11-20T05:34:41.001+0000] {logging_mixin.py:188} INFO - /opt/airflow
[2024-11-20T05:34:41.011+0000] {processor.py:840} INFO - DAG(s) 'modeling_pipeline' retrieved from /opt/airflow/dags/dag_script_model.py
[2024-11-20T05:34:41.043+0000] {logging_mixin.py:188} INFO - [2024-11-20T05:34:41.043+0000] {dag.py:3096} INFO - Sync 1 DAGs
[2024-11-20T05:34:41.050+0000] {logging_mixin.py:188} INFO - [2024-11-20T05:34:41.050+0000] {dag.py:3954} INFO - Setting next_dagrun for modeling_pipeline to None, run_after=None
[2024-11-20T05:34:41.058+0000] {processor.py:183} INFO - Processing /opt/airflow/dags/dag_script_model.py took 1.627 seconds
[2024-11-20T05:35:11.260+0000] {processor.py:161} INFO - Started process (PID=1046) to work on /opt/airflow/dags/dag_script_model.py
[2024-11-20T05:35:11.261+0000] {processor.py:830} INFO - Processing file /opt/airflow/dags/dag_script_model.py for tasks to queue
[2024-11-20T05:35:11.262+0000] {logging_mixin.py:188} INFO - [2024-11-20T05:35:11.262+0000] {dagbag.py:545} INFO - Filling up the DagBag from /opt/airflow/dags/dag_script_model.py
[2024-11-20T05:35:13.464+0000] {logging_mixin.py:188} INFO - [2024-11-20T05:35:13.463+0000] {plot.py:39} ERROR - Importing plotly failed. Interactive plots will not work.
[2024-11-20T05:35:13.531+0000] {logging_mixin.py:188} INFO - /opt/airflow
[2024-11-20T05:35:13.538+0000] {processor.py:840} INFO - DAG(s) 'modeling_pipeline' retrieved from /opt/airflow/dags/dag_script_model.py
[2024-11-20T05:35:13.574+0000] {logging_mixin.py:188} INFO - [2024-11-20T05:35:13.572+0000] {dag.py:3096} INFO - Sync 1 DAGs
[2024-11-20T05:35:13.588+0000] {logging_mixin.py:188} INFO - [2024-11-20T05:35:13.588+0000] {dag.py:3954} INFO - Setting next_dagrun for modeling_pipeline to None, run_after=None
[2024-11-20T05:35:13.598+0000] {processor.py:183} INFO - Processing /opt/airflow/dags/dag_script_model.py took 2.342 seconds
[2024-11-20T05:35:43.707+0000] {processor.py:161} INFO - Started process (PID=1127) to work on /opt/airflow/dags/dag_script_model.py
[2024-11-20T05:35:43.709+0000] {processor.py:830} INFO - Processing file /opt/airflow/dags/dag_script_model.py for tasks to queue
[2024-11-20T05:35:43.710+0000] {logging_mixin.py:188} INFO - [2024-11-20T05:35:43.710+0000] {dagbag.py:545} INFO - Filling up the DagBag from /opt/airflow/dags/dag_script_model.py
[2024-11-20T05:35:44.966+0000] {logging_mixin.py:188} INFO - [2024-11-20T05:35:44.966+0000] {plot.py:39} ERROR - Importing plotly failed. Interactive plots will not work.
[2024-11-20T05:35:45.002+0000] {logging_mixin.py:188} INFO - /opt/airflow
[2024-11-20T05:35:45.009+0000] {processor.py:840} INFO - DAG(s) 'modeling_pipeline' retrieved from /opt/airflow/dags/dag_script_model.py
[2024-11-20T05:35:45.034+0000] {logging_mixin.py:188} INFO - [2024-11-20T05:35:45.033+0000] {dag.py:3096} INFO - Sync 1 DAGs
[2024-11-20T05:35:45.041+0000] {logging_mixin.py:188} INFO - [2024-11-20T05:35:45.040+0000] {dag.py:3954} INFO - Setting next_dagrun for modeling_pipeline to None, run_after=None
[2024-11-20T05:35:45.050+0000] {processor.py:183} INFO - Processing /opt/airflow/dags/dag_script_model.py took 1.346 seconds
[2024-11-20T05:36:15.283+0000] {processor.py:161} INFO - Started process (PID=1213) to work on /opt/airflow/dags/dag_script_model.py
[2024-11-20T05:36:15.285+0000] {processor.py:830} INFO - Processing file /opt/airflow/dags/dag_script_model.py for tasks to queue
[2024-11-20T05:36:15.287+0000] {logging_mixin.py:188} INFO - [2024-11-20T05:36:15.286+0000] {dagbag.py:545} INFO - Filling up the DagBag from /opt/airflow/dags/dag_script_model.py
[2024-11-20T05:36:16.729+0000] {logging_mixin.py:188} INFO - [2024-11-20T05:36:16.729+0000] {plot.py:39} ERROR - Importing plotly failed. Interactive plots will not work.
[2024-11-20T05:36:16.769+0000] {logging_mixin.py:188} INFO - /opt/airflow
[2024-11-20T05:36:16.774+0000] {processor.py:840} INFO - DAG(s) 'modeling_pipeline' retrieved from /opt/airflow/dags/dag_script_model.py
[2024-11-20T05:36:16.790+0000] {logging_mixin.py:188} INFO - [2024-11-20T05:36:16.790+0000] {dag.py:3096} INFO - Sync 1 DAGs
[2024-11-20T05:36:16.796+0000] {logging_mixin.py:188} INFO - [2024-11-20T05:36:16.796+0000] {dag.py:3954} INFO - Setting next_dagrun for modeling_pipeline to None, run_after=None
[2024-11-20T05:36:16.804+0000] {processor.py:183} INFO - Processing /opt/airflow/dags/dag_script_model.py took 1.525 seconds
[2024-11-20T05:36:47.136+0000] {processor.py:161} INFO - Started process (PID=1294) to work on /opt/airflow/dags/dag_script_model.py
[2024-11-20T05:36:47.137+0000] {processor.py:830} INFO - Processing file /opt/airflow/dags/dag_script_model.py for tasks to queue
[2024-11-20T05:36:47.139+0000] {logging_mixin.py:188} INFO - [2024-11-20T05:36:47.138+0000] {dagbag.py:545} INFO - Filling up the DagBag from /opt/airflow/dags/dag_script_model.py
[2024-11-20T05:36:49.876+0000] {logging_mixin.py:188} INFO - [2024-11-20T05:36:49.874+0000] {plot.py:39} ERROR - Importing plotly failed. Interactive plots will not work.
[2024-11-20T05:36:49.967+0000] {logging_mixin.py:188} INFO - /opt/airflow
[2024-11-20T05:36:49.976+0000] {processor.py:840} INFO - DAG(s) 'modeling_pipeline' retrieved from /opt/airflow/dags/dag_script_model.py
[2024-11-20T05:36:50.049+0000] {logging_mixin.py:188} INFO - [2024-11-20T05:36:50.049+0000] {dag.py:3096} INFO - Sync 1 DAGs
[2024-11-20T05:36:50.057+0000] {logging_mixin.py:188} INFO - [2024-11-20T05:36:50.057+0000] {dag.py:3954} INFO - Setting next_dagrun for modeling_pipeline to None, run_after=None
[2024-11-20T05:36:50.066+0000] {processor.py:183} INFO - Processing /opt/airflow/dags/dag_script_model.py took 2.935 seconds
[2024-11-20T05:37:20.142+0000] {processor.py:161} INFO - Started process (PID=1367) to work on /opt/airflow/dags/dag_script_model.py
[2024-11-20T05:37:20.145+0000] {processor.py:830} INFO - Processing file /opt/airflow/dags/dag_script_model.py for tasks to queue
[2024-11-20T05:37:20.152+0000] {logging_mixin.py:188} INFO - [2024-11-20T05:37:20.151+0000] {dagbag.py:545} INFO - Filling up the DagBag from /opt/airflow/dags/dag_script_model.py
[2024-11-20T05:37:21.585+0000] {logging_mixin.py:188} INFO - [2024-11-20T05:37:21.584+0000] {plot.py:39} ERROR - Importing plotly failed. Interactive plots will not work.
[2024-11-20T05:37:21.647+0000] {logging_mixin.py:188} INFO - /opt/airflow
[2024-11-20T05:37:21.654+0000] {processor.py:840} INFO - DAG(s) 'modeling_pipeline' retrieved from /opt/airflow/dags/dag_script_model.py
[2024-11-20T05:37:21.672+0000] {logging_mixin.py:188} INFO - [2024-11-20T05:37:21.672+0000] {dag.py:3096} INFO - Sync 1 DAGs
[2024-11-20T05:37:21.680+0000] {logging_mixin.py:188} INFO - [2024-11-20T05:37:21.680+0000] {dag.py:3954} INFO - Setting next_dagrun for modeling_pipeline to None, run_after=None
[2024-11-20T05:37:21.696+0000] {processor.py:183} INFO - Processing /opt/airflow/dags/dag_script_model.py took 1.564 seconds
[2024-11-20T05:37:52.367+0000] {processor.py:161} INFO - Started process (PID=1447) to work on /opt/airflow/dags/dag_script_model.py
[2024-11-20T05:37:52.368+0000] {processor.py:830} INFO - Processing file /opt/airflow/dags/dag_script_model.py for tasks to queue
[2024-11-20T05:37:52.372+0000] {logging_mixin.py:188} INFO - [2024-11-20T05:37:52.371+0000] {dagbag.py:545} INFO - Filling up the DagBag from /opt/airflow/dags/dag_script_model.py
[2024-11-20T05:37:53.738+0000] {logging_mixin.py:188} INFO - [2024-11-20T05:37:53.738+0000] {plot.py:39} ERROR - Importing plotly failed. Interactive plots will not work.
[2024-11-20T05:37:53.798+0000] {logging_mixin.py:188} INFO - /opt/airflow
[2024-11-20T05:37:53.803+0000] {processor.py:840} INFO - DAG(s) 'modeling_pipeline' retrieved from /opt/airflow/dags/dag_script_model.py
[2024-11-20T05:37:53.818+0000] {logging_mixin.py:188} INFO - [2024-11-20T05:37:53.818+0000] {dag.py:3096} INFO - Sync 1 DAGs
[2024-11-20T05:37:53.825+0000] {logging_mixin.py:188} INFO - [2024-11-20T05:37:53.824+0000] {dag.py:3954} INFO - Setting next_dagrun for modeling_pipeline to None, run_after=None
[2024-11-20T05:37:53.842+0000] {processor.py:183} INFO - Processing /opt/airflow/dags/dag_script_model.py took 1.483 seconds
[2024-11-20T05:38:24.270+0000] {processor.py:161} INFO - Started process (PID=1528) to work on /opt/airflow/dags/dag_script_model.py
[2024-11-20T05:38:24.271+0000] {processor.py:830} INFO - Processing file /opt/airflow/dags/dag_script_model.py for tasks to queue
[2024-11-20T05:38:24.278+0000] {logging_mixin.py:188} INFO - [2024-11-20T05:38:24.275+0000] {dagbag.py:545} INFO - Filling up the DagBag from /opt/airflow/dags/dag_script_model.py
[2024-11-20T05:38:25.636+0000] {logging_mixin.py:188} INFO - [2024-11-20T05:38:25.636+0000] {plot.py:39} ERROR - Importing plotly failed. Interactive plots will not work.
[2024-11-20T05:38:25.673+0000] {logging_mixin.py:188} INFO - /opt/airflow
[2024-11-20T05:38:25.678+0000] {processor.py:840} INFO - DAG(s) 'modeling_pipeline' retrieved from /opt/airflow/dags/dag_script_model.py
[2024-11-20T05:38:25.692+0000] {logging_mixin.py:188} INFO - [2024-11-20T05:38:25.692+0000] {dag.py:3096} INFO - Sync 1 DAGs
[2024-11-20T05:38:25.697+0000] {logging_mixin.py:188} INFO - [2024-11-20T05:38:25.697+0000] {dag.py:3954} INFO - Setting next_dagrun for modeling_pipeline to None, run_after=None
[2024-11-20T05:38:25.707+0000] {processor.py:183} INFO - Processing /opt/airflow/dags/dag_script_model.py took 1.444 seconds
[2024-11-20T05:38:56.358+0000] {processor.py:161} INFO - Started process (PID=1609) to work on /opt/airflow/dags/dag_script_model.py
[2024-11-20T05:38:56.360+0000] {processor.py:830} INFO - Processing file /opt/airflow/dags/dag_script_model.py for tasks to queue
[2024-11-20T05:38:56.363+0000] {logging_mixin.py:188} INFO - [2024-11-20T05:38:56.363+0000] {dagbag.py:545} INFO - Filling up the DagBag from /opt/airflow/dags/dag_script_model.py
[2024-11-20T05:38:57.678+0000] {logging_mixin.py:188} INFO - [2024-11-20T05:38:57.678+0000] {plot.py:39} ERROR - Importing plotly failed. Interactive plots will not work.
[2024-11-20T05:38:57.714+0000] {logging_mixin.py:188} INFO - /opt/airflow
[2024-11-20T05:38:57.720+0000] {processor.py:840} INFO - DAG(s) 'modeling_pipeline' retrieved from /opt/airflow/dags/dag_script_model.py
[2024-11-20T05:38:57.734+0000] {logging_mixin.py:188} INFO - [2024-11-20T05:38:57.734+0000] {dag.py:3096} INFO - Sync 1 DAGs
[2024-11-20T05:38:57.739+0000] {logging_mixin.py:188} INFO - [2024-11-20T05:38:57.739+0000] {dag.py:3954} INFO - Setting next_dagrun for modeling_pipeline to None, run_after=None
[2024-11-20T05:38:57.749+0000] {processor.py:183} INFO - Processing /opt/airflow/dags/dag_script_model.py took 1.398 seconds
[2024-11-20T05:39:28.294+0000] {processor.py:161} INFO - Started process (PID=1699) to work on /opt/airflow/dags/dag_script_model.py
[2024-11-20T05:39:28.295+0000] {processor.py:830} INFO - Processing file /opt/airflow/dags/dag_script_model.py for tasks to queue
[2024-11-20T05:39:28.297+0000] {logging_mixin.py:188} INFO - [2024-11-20T05:39:28.297+0000] {dagbag.py:545} INFO - Filling up the DagBag from /opt/airflow/dags/dag_script_model.py
[2024-11-20T05:39:29.627+0000] {logging_mixin.py:188} INFO - [2024-11-20T05:39:29.626+0000] {plot.py:39} ERROR - Importing plotly failed. Interactive plots will not work.
[2024-11-20T05:39:29.658+0000] {logging_mixin.py:188} INFO - /opt/airflow
[2024-11-20T05:39:29.662+0000] {processor.py:840} INFO - DAG(s) 'modeling_pipeline' retrieved from /opt/airflow/dags/dag_script_model.py
[2024-11-20T05:39:29.677+0000] {logging_mixin.py:188} INFO - [2024-11-20T05:39:29.676+0000] {dag.py:3096} INFO - Sync 1 DAGs
[2024-11-20T05:39:29.682+0000] {logging_mixin.py:188} INFO - [2024-11-20T05:39:29.681+0000] {dag.py:3954} INFO - Setting next_dagrun for modeling_pipeline to None, run_after=None
[2024-11-20T05:39:29.691+0000] {processor.py:183} INFO - Processing /opt/airflow/dags/dag_script_model.py took 1.402 seconds
[2024-11-20T05:40:00.032+0000] {processor.py:161} INFO - Started process (PID=1771) to work on /opt/airflow/dags/dag_script_model.py
[2024-11-20T05:40:00.039+0000] {processor.py:830} INFO - Processing file /opt/airflow/dags/dag_script_model.py for tasks to queue
[2024-11-20T05:40:00.051+0000] {logging_mixin.py:188} INFO - [2024-11-20T05:40:00.051+0000] {dagbag.py:545} INFO - Filling up the DagBag from /opt/airflow/dags/dag_script_model.py
[2024-11-20T05:40:01.262+0000] {logging_mixin.py:188} INFO - [2024-11-20T05:40:01.262+0000] {plot.py:39} ERROR - Importing plotly failed. Interactive plots will not work.
[2024-11-20T05:40:01.302+0000] {logging_mixin.py:188} INFO - /opt/airflow
[2024-11-20T05:40:01.308+0000] {processor.py:840} INFO - DAG(s) 'modeling_pipeline' retrieved from /opt/airflow/dags/dag_script_model.py
[2024-11-20T05:40:01.334+0000] {logging_mixin.py:188} INFO - [2024-11-20T05:40:01.334+0000] {dag.py:3096} INFO - Sync 1 DAGs
[2024-11-20T05:40:01.339+0000] {logging_mixin.py:188} INFO - [2024-11-20T05:40:01.339+0000] {dag.py:3954} INFO - Setting next_dagrun for modeling_pipeline to None, run_after=None
[2024-11-20T05:40:01.353+0000] {processor.py:183} INFO - Processing /opt/airflow/dags/dag_script_model.py took 1.340 seconds
[2024-11-20T05:40:31.638+0000] {processor.py:161} INFO - Started process (PID=1852) to work on /opt/airflow/dags/dag_script_model.py
[2024-11-20T05:40:31.640+0000] {processor.py:830} INFO - Processing file /opt/airflow/dags/dag_script_model.py for tasks to queue
[2024-11-20T05:40:31.641+0000] {logging_mixin.py:188} INFO - [2024-11-20T05:40:31.641+0000] {dagbag.py:545} INFO - Filling up the DagBag from /opt/airflow/dags/dag_script_model.py
[2024-11-20T05:40:33.162+0000] {logging_mixin.py:188} INFO - [2024-11-20T05:40:33.162+0000] {plot.py:39} ERROR - Importing plotly failed. Interactive plots will not work.
[2024-11-20T05:40:33.201+0000] {logging_mixin.py:188} INFO - /opt/airflow
[2024-11-20T05:40:33.208+0000] {processor.py:840} INFO - DAG(s) 'modeling_pipeline' retrieved from /opt/airflow/dags/dag_script_model.py
[2024-11-20T05:40:33.236+0000] {logging_mixin.py:188} INFO - [2024-11-20T05:40:33.236+0000] {dag.py:3096} INFO - Sync 1 DAGs
[2024-11-20T05:40:33.243+0000] {logging_mixin.py:188} INFO - [2024-11-20T05:40:33.243+0000] {dag.py:3954} INFO - Setting next_dagrun for modeling_pipeline to None, run_after=None
[2024-11-20T05:40:33.254+0000] {processor.py:183} INFO - Processing /opt/airflow/dags/dag_script_model.py took 1.622 seconds
[2024-11-20T05:41:03.922+0000] {processor.py:161} INFO - Started process (PID=1933) to work on /opt/airflow/dags/dag_script_model.py
[2024-11-20T05:41:03.924+0000] {processor.py:830} INFO - Processing file /opt/airflow/dags/dag_script_model.py for tasks to queue
[2024-11-20T05:41:03.926+0000] {logging_mixin.py:188} INFO - [2024-11-20T05:41:03.926+0000] {dagbag.py:545} INFO - Filling up the DagBag from /opt/airflow/dags/dag_script_model.py
[2024-11-20T05:41:05.183+0000] {logging_mixin.py:188} INFO - [2024-11-20T05:41:05.183+0000] {plot.py:39} ERROR - Importing plotly failed. Interactive plots will not work.
[2024-11-20T05:41:05.237+0000] {logging_mixin.py:188} INFO - /opt/airflow
[2024-11-20T05:41:05.243+0000] {processor.py:840} INFO - DAG(s) 'modeling_pipeline' retrieved from /opt/airflow/dags/dag_script_model.py
[2024-11-20T05:41:05.263+0000] {logging_mixin.py:188} INFO - [2024-11-20T05:41:05.263+0000] {dag.py:3096} INFO - Sync 1 DAGs
[2024-11-20T05:41:05.269+0000] {logging_mixin.py:188} INFO - [2024-11-20T05:41:05.268+0000] {dag.py:3954} INFO - Setting next_dagrun for modeling_pipeline to None, run_after=None
[2024-11-20T05:41:05.276+0000] {processor.py:183} INFO - Processing /opt/airflow/dags/dag_script_model.py took 1.363 seconds
[2024-11-20T05:41:35.580+0000] {processor.py:161} INFO - Started process (PID=2014) to work on /opt/airflow/dags/dag_script_model.py
[2024-11-20T05:41:35.582+0000] {processor.py:830} INFO - Processing file /opt/airflow/dags/dag_script_model.py for tasks to queue
[2024-11-20T05:41:35.584+0000] {logging_mixin.py:188} INFO - [2024-11-20T05:41:35.584+0000] {dagbag.py:545} INFO - Filling up the DagBag from /opt/airflow/dags/dag_script_model.py
[2024-11-20T05:41:36.981+0000] {logging_mixin.py:188} INFO - [2024-11-20T05:41:36.980+0000] {plot.py:39} ERROR - Importing plotly failed. Interactive plots will not work.
[2024-11-20T05:41:37.026+0000] {logging_mixin.py:188} INFO - /opt/airflow
[2024-11-20T05:41:37.032+0000] {processor.py:840} INFO - DAG(s) 'modeling_pipeline' retrieved from /opt/airflow/dags/dag_script_model.py
[2024-11-20T05:41:37.054+0000] {logging_mixin.py:188} INFO - [2024-11-20T05:41:37.054+0000] {dag.py:3096} INFO - Sync 1 DAGs
[2024-11-20T05:41:37.061+0000] {logging_mixin.py:188} INFO - [2024-11-20T05:41:37.061+0000] {dag.py:3954} INFO - Setting next_dagrun for modeling_pipeline to None, run_after=None
[2024-11-20T05:41:37.109+0000] {processor.py:183} INFO - Processing /opt/airflow/dags/dag_script_model.py took 1.540 seconds
[2024-11-20T05:42:07.995+0000] {processor.py:161} INFO - Started process (PID=2104) to work on /opt/airflow/dags/dag_script_model.py
[2024-11-20T05:42:07.997+0000] {processor.py:830} INFO - Processing file /opt/airflow/dags/dag_script_model.py for tasks to queue
[2024-11-20T05:42:07.998+0000] {logging_mixin.py:188} INFO - [2024-11-20T05:42:07.997+0000] {dagbag.py:545} INFO - Filling up the DagBag from /opt/airflow/dags/dag_script_model.py
[2024-11-20T05:42:08.975+0000] {logging_mixin.py:188} INFO - [2024-11-20T05:42:08.975+0000] {plot.py:39} ERROR - Importing plotly failed. Interactive plots will not work.
[2024-11-20T05:42:09.024+0000] {logging_mixin.py:188} INFO - /opt/airflow
[2024-11-20T05:42:09.029+0000] {processor.py:840} INFO - DAG(s) 'modeling_pipeline' retrieved from /opt/airflow/dags/dag_script_model.py
[2024-11-20T05:42:09.041+0000] {logging_mixin.py:188} INFO - [2024-11-20T05:42:09.041+0000] {dag.py:3096} INFO - Sync 1 DAGs
[2024-11-20T05:42:09.045+0000] {logging_mixin.py:188} INFO - [2024-11-20T05:42:09.045+0000] {dag.py:3954} INFO - Setting next_dagrun for modeling_pipeline to None, run_after=None
[2024-11-20T05:42:09.050+0000] {processor.py:183} INFO - Processing /opt/airflow/dags/dag_script_model.py took 1.059 seconds
[2024-11-20T05:42:39.551+0000] {processor.py:161} INFO - Started process (PID=2185) to work on /opt/airflow/dags/dag_script_model.py
[2024-11-20T05:42:39.552+0000] {processor.py:830} INFO - Processing file /opt/airflow/dags/dag_script_model.py for tasks to queue
[2024-11-20T05:42:39.553+0000] {logging_mixin.py:188} INFO - [2024-11-20T05:42:39.553+0000] {dagbag.py:545} INFO - Filling up the DagBag from /opt/airflow/dags/dag_script_model.py
[2024-11-20T05:42:40.533+0000] {logging_mixin.py:188} INFO - [2024-11-20T05:42:40.532+0000] {plot.py:39} ERROR - Importing plotly failed. Interactive plots will not work.
[2024-11-20T05:42:40.565+0000] {logging_mixin.py:188} INFO - /opt/airflow
[2024-11-20T05:42:40.571+0000] {processor.py:840} INFO - DAG(s) 'modeling_pipeline' retrieved from /opt/airflow/dags/dag_script_model.py
[2024-11-20T05:42:40.587+0000] {logging_mixin.py:188} INFO - [2024-11-20T05:42:40.587+0000] {dag.py:3096} INFO - Sync 1 DAGs
[2024-11-20T05:42:40.592+0000] {logging_mixin.py:188} INFO - [2024-11-20T05:42:40.592+0000] {dag.py:3954} INFO - Setting next_dagrun for modeling_pipeline to None, run_after=None
[2024-11-20T05:42:40.601+0000] {processor.py:183} INFO - Processing /opt/airflow/dags/dag_script_model.py took 1.053 seconds
[2024-11-20T05:43:10.726+0000] {processor.py:161} INFO - Started process (PID=2257) to work on /opt/airflow/dags/dag_script_model.py
[2024-11-20T05:43:10.727+0000] {processor.py:830} INFO - Processing file /opt/airflow/dags/dag_script_model.py for tasks to queue
[2024-11-20T05:43:10.729+0000] {logging_mixin.py:188} INFO - [2024-11-20T05:43:10.729+0000] {dagbag.py:545} INFO - Filling up the DagBag from /opt/airflow/dags/dag_script_model.py
[2024-11-20T05:43:11.979+0000] {logging_mixin.py:188} INFO - [2024-11-20T05:43:11.979+0000] {plot.py:39} ERROR - Importing plotly failed. Interactive plots will not work.
[2024-11-20T05:43:12.014+0000] {logging_mixin.py:188} INFO - /opt/airflow
[2024-11-20T05:43:12.019+0000] {processor.py:840} INFO - DAG(s) 'modeling_pipeline' retrieved from /opt/airflow/dags/dag_script_model.py
[2024-11-20T05:43:12.034+0000] {logging_mixin.py:188} INFO - [2024-11-20T05:43:12.034+0000] {dag.py:3096} INFO - Sync 1 DAGs
[2024-11-20T05:43:12.040+0000] {logging_mixin.py:188} INFO - [2024-11-20T05:43:12.040+0000] {dag.py:3954} INFO - Setting next_dagrun for modeling_pipeline to None, run_after=None
[2024-11-20T05:43:12.052+0000] {processor.py:183} INFO - Processing /opt/airflow/dags/dag_script_model.py took 1.333 seconds
[2024-11-20T05:43:42.387+0000] {processor.py:161} INFO - Started process (PID=2338) to work on /opt/airflow/dags/dag_script_model.py
[2024-11-20T05:43:42.389+0000] {processor.py:830} INFO - Processing file /opt/airflow/dags/dag_script_model.py for tasks to queue
[2024-11-20T05:43:42.391+0000] {logging_mixin.py:188} INFO - [2024-11-20T05:43:42.391+0000] {dagbag.py:545} INFO - Filling up the DagBag from /opt/airflow/dags/dag_script_model.py
[2024-11-20T05:43:43.699+0000] {logging_mixin.py:188} INFO - [2024-11-20T05:43:43.698+0000] {plot.py:39} ERROR - Importing plotly failed. Interactive plots will not work.
[2024-11-20T05:43:43.738+0000] {logging_mixin.py:188} INFO - /opt/airflow
[2024-11-20T05:43:43.744+0000] {processor.py:840} INFO - DAG(s) 'modeling_pipeline' retrieved from /opt/airflow/dags/dag_script_model.py
[2024-11-20T05:43:43.762+0000] {logging_mixin.py:188} INFO - [2024-11-20T05:43:43.762+0000] {dag.py:3096} INFO - Sync 1 DAGs
[2024-11-20T05:43:43.768+0000] {logging_mixin.py:188} INFO - [2024-11-20T05:43:43.768+0000] {dag.py:3954} INFO - Setting next_dagrun for modeling_pipeline to None, run_after=None
[2024-11-20T05:43:43.781+0000] {processor.py:183} INFO - Processing /opt/airflow/dags/dag_script_model.py took 1.404 seconds
[2024-11-20T05:44:14.738+0000] {processor.py:161} INFO - Started process (PID=2418) to work on /opt/airflow/dags/dag_script_model.py
[2024-11-20T05:44:14.741+0000] {processor.py:830} INFO - Processing file /opt/airflow/dags/dag_script_model.py for tasks to queue
[2024-11-20T05:44:14.745+0000] {logging_mixin.py:188} INFO - [2024-11-20T05:44:14.745+0000] {dagbag.py:545} INFO - Filling up the DagBag from /opt/airflow/dags/dag_script_model.py
[2024-11-20T05:44:16.095+0000] {logging_mixin.py:188} INFO - [2024-11-20T05:44:16.094+0000] {plot.py:39} ERROR - Importing plotly failed. Interactive plots will not work.
[2024-11-20T05:44:16.142+0000] {logging_mixin.py:188} INFO - /opt/airflow
[2024-11-20T05:44:16.148+0000] {processor.py:840} INFO - DAG(s) 'modeling_pipeline' retrieved from /opt/airflow/dags/dag_script_model.py
[2024-11-20T05:44:16.164+0000] {logging_mixin.py:188} INFO - [2024-11-20T05:44:16.164+0000] {dag.py:3096} INFO - Sync 1 DAGs
[2024-11-20T05:44:16.169+0000] {logging_mixin.py:188} INFO - [2024-11-20T05:44:16.169+0000] {dag.py:3954} INFO - Setting next_dagrun for modeling_pipeline to None, run_after=None
[2024-11-20T05:44:16.178+0000] {processor.py:183} INFO - Processing /opt/airflow/dags/dag_script_model.py took 1.459 seconds
[2024-11-20T05:44:46.473+0000] {processor.py:161} INFO - Started process (PID=2499) to work on /opt/airflow/dags/dag_script_model.py
[2024-11-20T05:44:46.474+0000] {processor.py:830} INFO - Processing file /opt/airflow/dags/dag_script_model.py for tasks to queue
[2024-11-20T05:44:46.476+0000] {logging_mixin.py:188} INFO - [2024-11-20T05:44:46.476+0000] {dagbag.py:545} INFO - Filling up the DagBag from /opt/airflow/dags/dag_script_model.py
[2024-11-20T05:44:47.654+0000] {logging_mixin.py:188} INFO - [2024-11-20T05:44:47.654+0000] {plot.py:39} ERROR - Importing plotly failed. Interactive plots will not work.
[2024-11-20T05:44:47.686+0000] {logging_mixin.py:188} INFO - /opt/airflow
[2024-11-20T05:44:47.693+0000] {processor.py:840} INFO - DAG(s) 'modeling_pipeline' retrieved from /opt/airflow/dags/dag_script_model.py
[2024-11-20T05:44:47.716+0000] {logging_mixin.py:188} INFO - [2024-11-20T05:44:47.715+0000] {dag.py:3096} INFO - Sync 1 DAGs
[2024-11-20T05:44:47.721+0000] {logging_mixin.py:188} INFO - [2024-11-20T05:44:47.721+0000] {dag.py:3954} INFO - Setting next_dagrun for modeling_pipeline to None, run_after=None
[2024-11-20T05:44:47.729+0000] {processor.py:183} INFO - Processing /opt/airflow/dags/dag_script_model.py took 1.262 seconds
[2024-11-20T05:45:18.008+0000] {processor.py:161} INFO - Started process (PID=2586) to work on /opt/airflow/dags/dag_script_model.py
[2024-11-20T05:45:18.010+0000] {processor.py:830} INFO - Processing file /opt/airflow/dags/dag_script_model.py for tasks to queue
[2024-11-20T05:45:18.013+0000] {logging_mixin.py:188} INFO - [2024-11-20T05:45:18.013+0000] {dagbag.py:545} INFO - Filling up the DagBag from /opt/airflow/dags/dag_script_model.py
[2024-11-20T05:45:19.518+0000] {logging_mixin.py:188} INFO - [2024-11-20T05:45:19.517+0000] {plot.py:39} ERROR - Importing plotly failed. Interactive plots will not work.
[2024-11-20T05:45:19.563+0000] {logging_mixin.py:188} INFO - /opt/airflow
[2024-11-20T05:45:19.569+0000] {processor.py:840} INFO - DAG(s) 'modeling_pipeline' retrieved from /opt/airflow/dags/dag_script_model.py
[2024-11-20T05:45:19.596+0000] {logging_mixin.py:188} INFO - [2024-11-20T05:45:19.596+0000] {dag.py:3096} INFO - Sync 1 DAGs
[2024-11-20T05:45:19.602+0000] {logging_mixin.py:188} INFO - [2024-11-20T05:45:19.602+0000] {dag.py:3954} INFO - Setting next_dagrun for modeling_pipeline to None, run_after=None
[2024-11-20T05:45:19.616+0000] {processor.py:183} INFO - Processing /opt/airflow/dags/dag_script_model.py took 1.630 seconds
[2024-11-20T05:45:50.062+0000] {processor.py:161} INFO - Started process (PID=2667) to work on /opt/airflow/dags/dag_script_model.py
[2024-11-20T05:45:50.064+0000] {processor.py:830} INFO - Processing file /opt/airflow/dags/dag_script_model.py for tasks to queue
[2024-11-20T05:45:50.069+0000] {logging_mixin.py:188} INFO - [2024-11-20T05:45:50.068+0000] {dagbag.py:545} INFO - Filling up the DagBag from /opt/airflow/dags/dag_script_model.py
[2024-11-20T05:45:51.325+0000] {logging_mixin.py:188} INFO - [2024-11-20T05:45:51.325+0000] {plot.py:39} ERROR - Importing plotly failed. Interactive plots will not work.
[2024-11-20T05:45:51.366+0000] {logging_mixin.py:188} INFO - /opt/airflow
[2024-11-20T05:45:51.371+0000] {processor.py:840} INFO - DAG(s) 'modeling_pipeline' retrieved from /opt/airflow/dags/dag_script_model.py
[2024-11-20T05:45:51.389+0000] {logging_mixin.py:188} INFO - [2024-11-20T05:45:51.389+0000] {dag.py:3096} INFO - Sync 1 DAGs
[2024-11-20T05:45:51.396+0000] {logging_mixin.py:188} INFO - [2024-11-20T05:45:51.396+0000] {dag.py:3954} INFO - Setting next_dagrun for modeling_pipeline to None, run_after=None
[2024-11-20T05:45:51.406+0000] {processor.py:183} INFO - Processing /opt/airflow/dags/dag_script_model.py took 1.366 seconds
[2024-11-20T05:46:21.618+0000] {processor.py:161} INFO - Started process (PID=2756) to work on /opt/airflow/dags/dag_script_model.py
[2024-11-20T05:46:21.618+0000] {processor.py:830} INFO - Processing file /opt/airflow/dags/dag_script_model.py for tasks to queue
[2024-11-20T05:46:21.620+0000] {logging_mixin.py:188} INFO - [2024-11-20T05:46:21.620+0000] {dagbag.py:545} INFO - Filling up the DagBag from /opt/airflow/dags/dag_script_model.py
[2024-11-20T05:46:22.768+0000] {logging_mixin.py:188} INFO - [2024-11-20T05:46:22.768+0000] {plot.py:39} ERROR - Importing plotly failed. Interactive plots will not work.
[2024-11-20T05:46:22.809+0000] {logging_mixin.py:188} INFO - /opt/airflow
[2024-11-20T05:46:22.814+0000] {processor.py:840} INFO - DAG(s) 'modeling_pipeline' retrieved from /opt/airflow/dags/dag_script_model.py
[2024-11-20T05:46:22.828+0000] {logging_mixin.py:188} INFO - [2024-11-20T05:46:22.828+0000] {dag.py:3096} INFO - Sync 1 DAGs
[2024-11-20T05:46:22.833+0000] {logging_mixin.py:188} INFO - [2024-11-20T05:46:22.832+0000] {dag.py:3954} INFO - Setting next_dagrun for modeling_pipeline to None, run_after=None
[2024-11-20T05:46:22.842+0000] {processor.py:183} INFO - Processing /opt/airflow/dags/dag_script_model.py took 1.229 seconds
[2024-11-20T05:46:53.042+0000] {processor.py:161} INFO - Started process (PID=2829) to work on /opt/airflow/dags/dag_script_model.py
[2024-11-20T05:46:53.044+0000] {processor.py:830} INFO - Processing file /opt/airflow/dags/dag_script_model.py for tasks to queue
[2024-11-20T05:46:53.047+0000] {logging_mixin.py:188} INFO - [2024-11-20T05:46:53.047+0000] {dagbag.py:545} INFO - Filling up the DagBag from /opt/airflow/dags/dag_script_model.py
[2024-11-20T05:46:54.206+0000] {logging_mixin.py:188} INFO - [2024-11-20T05:46:54.206+0000] {plot.py:39} ERROR - Importing plotly failed. Interactive plots will not work.
[2024-11-20T05:46:54.252+0000] {logging_mixin.py:188} INFO - /opt/airflow
[2024-11-20T05:46:54.257+0000] {processor.py:840} INFO - DAG(s) 'modeling_pipeline' retrieved from /opt/airflow/dags/dag_script_model.py
[2024-11-20T05:46:54.277+0000] {logging_mixin.py:188} INFO - [2024-11-20T05:46:54.276+0000] {dag.py:3096} INFO - Sync 1 DAGs
[2024-11-20T05:46:54.282+0000] {logging_mixin.py:188} INFO - [2024-11-20T05:46:54.282+0000] {dag.py:3954} INFO - Setting next_dagrun for modeling_pipeline to None, run_after=None
[2024-11-20T05:46:54.298+0000] {processor.py:183} INFO - Processing /opt/airflow/dags/dag_script_model.py took 1.266 seconds
[2024-11-20T05:47:24.652+0000] {processor.py:161} INFO - Started process (PID=2910) to work on /opt/airflow/dags/dag_script_model.py
[2024-11-20T05:47:24.654+0000] {processor.py:830} INFO - Processing file /opt/airflow/dags/dag_script_model.py for tasks to queue
[2024-11-20T05:47:24.657+0000] {logging_mixin.py:188} INFO - [2024-11-20T05:47:24.656+0000] {dagbag.py:545} INFO - Filling up the DagBag from /opt/airflow/dags/dag_script_model.py
[2024-11-20T05:47:25.910+0000] {logging_mixin.py:188} INFO - [2024-11-20T05:47:25.910+0000] {plot.py:39} ERROR - Importing plotly failed. Interactive plots will not work.
[2024-11-20T05:47:25.956+0000] {logging_mixin.py:188} INFO - /opt/airflow
[2024-11-20T05:47:25.961+0000] {processor.py:840} INFO - DAG(s) 'modeling_pipeline' retrieved from /opt/airflow/dags/dag_script_model.py
[2024-11-20T05:47:25.980+0000] {logging_mixin.py:188} INFO - [2024-11-20T05:47:25.980+0000] {dag.py:3096} INFO - Sync 1 DAGs
[2024-11-20T05:47:25.987+0000] {logging_mixin.py:188} INFO - [2024-11-20T05:47:25.987+0000] {dag.py:3954} INFO - Setting next_dagrun for modeling_pipeline to None, run_after=None
[2024-11-20T05:47:25.999+0000] {processor.py:183} INFO - Processing /opt/airflow/dags/dag_script_model.py took 1.367 seconds
[2024-11-20T05:47:56.765+0000] {processor.py:161} INFO - Started process (PID=2991) to work on /opt/airflow/dags/dag_script_model.py
[2024-11-20T05:47:56.773+0000] {processor.py:830} INFO - Processing file /opt/airflow/dags/dag_script_model.py for tasks to queue
[2024-11-20T05:47:56.776+0000] {logging_mixin.py:188} INFO - [2024-11-20T05:47:56.776+0000] {dagbag.py:545} INFO - Filling up the DagBag from /opt/airflow/dags/dag_script_model.py
[2024-11-20T05:47:58.011+0000] {logging_mixin.py:188} INFO - [2024-11-20T05:47:58.010+0000] {plot.py:39} ERROR - Importing plotly failed. Interactive plots will not work.
[2024-11-20T05:47:58.056+0000] {logging_mixin.py:188} INFO - /opt/airflow
[2024-11-20T05:47:58.063+0000] {processor.py:840} INFO - DAG(s) 'modeling_pipeline' retrieved from /opt/airflow/dags/dag_script_model.py
[2024-11-20T05:47:58.077+0000] {logging_mixin.py:188} INFO - [2024-11-20T05:47:58.076+0000] {dag.py:3096} INFO - Sync 1 DAGs
[2024-11-20T05:47:58.083+0000] {logging_mixin.py:188} INFO - [2024-11-20T05:47:58.083+0000] {dag.py:3954} INFO - Setting next_dagrun for modeling_pipeline to None, run_after=None
[2024-11-20T05:47:58.099+0000] {processor.py:183} INFO - Processing /opt/airflow/dags/dag_script_model.py took 1.358 seconds
[2024-11-20T05:48:28.444+0000] {processor.py:161} INFO - Started process (PID=3072) to work on /opt/airflow/dags/dag_script_model.py
[2024-11-20T05:48:28.448+0000] {processor.py:830} INFO - Processing file /opt/airflow/dags/dag_script_model.py for tasks to queue
[2024-11-20T05:48:28.452+0000] {logging_mixin.py:188} INFO - [2024-11-20T05:48:28.452+0000] {dagbag.py:545} INFO - Filling up the DagBag from /opt/airflow/dags/dag_script_model.py
[2024-11-20T05:48:29.823+0000] {logging_mixin.py:188} INFO - [2024-11-20T05:48:29.823+0000] {plot.py:39} ERROR - Importing plotly failed. Interactive plots will not work.
[2024-11-20T05:48:29.869+0000] {logging_mixin.py:188} INFO - /opt/airflow
[2024-11-20T05:48:29.875+0000] {processor.py:840} INFO - DAG(s) 'modeling_pipeline' retrieved from /opt/airflow/dags/dag_script_model.py
[2024-11-20T05:48:29.893+0000] {logging_mixin.py:188} INFO - [2024-11-20T05:48:29.892+0000] {dag.py:3096} INFO - Sync 1 DAGs
[2024-11-20T05:48:29.899+0000] {logging_mixin.py:188} INFO - [2024-11-20T05:48:29.899+0000] {dag.py:3954} INFO - Setting next_dagrun for modeling_pipeline to None, run_after=None
[2024-11-20T05:48:29.907+0000] {processor.py:183} INFO - Processing /opt/airflow/dags/dag_script_model.py took 1.482 seconds
[2024-11-20T05:49:00.284+0000] {processor.py:161} INFO - Started process (PID=3153) to work on /opt/airflow/dags/dag_script_model.py
[2024-11-20T05:49:00.289+0000] {processor.py:830} INFO - Processing file /opt/airflow/dags/dag_script_model.py for tasks to queue
[2024-11-20T05:49:00.297+0000] {logging_mixin.py:188} INFO - [2024-11-20T05:49:00.297+0000] {dagbag.py:545} INFO - Filling up the DagBag from /opt/airflow/dags/dag_script_model.py
[2024-11-20T05:49:01.886+0000] {logging_mixin.py:188} INFO - [2024-11-20T05:49:01.885+0000] {plot.py:39} ERROR - Importing plotly failed. Interactive plots will not work.
[2024-11-20T05:49:01.922+0000] {logging_mixin.py:188} INFO - /opt/airflow
[2024-11-20T05:49:01.928+0000] {processor.py:840} INFO - DAG(s) 'modeling_pipeline' retrieved from /opt/airflow/dags/dag_script_model.py
[2024-11-20T05:49:01.961+0000] {logging_mixin.py:188} INFO - [2024-11-20T05:49:01.961+0000] {dag.py:3096} INFO - Sync 1 DAGs
[2024-11-20T05:49:01.970+0000] {logging_mixin.py:188} INFO - [2024-11-20T05:49:01.969+0000] {dag.py:3954} INFO - Setting next_dagrun for modeling_pipeline to None, run_after=None
[2024-11-20T05:49:01.986+0000] {processor.py:183} INFO - Processing /opt/airflow/dags/dag_script_model.py took 1.719 seconds
[2024-11-20T05:49:32.375+0000] {processor.py:161} INFO - Started process (PID=3234) to work on /opt/airflow/dags/dag_script_model.py
[2024-11-20T05:49:32.380+0000] {processor.py:830} INFO - Processing file /opt/airflow/dags/dag_script_model.py for tasks to queue
[2024-11-20T05:49:32.387+0000] {logging_mixin.py:188} INFO - [2024-11-20T05:49:32.387+0000] {dagbag.py:545} INFO - Filling up the DagBag from /opt/airflow/dags/dag_script_model.py
[2024-11-20T05:49:34.208+0000] {logging_mixin.py:188} INFO - [2024-11-20T05:49:34.207+0000] {plot.py:39} ERROR - Importing plotly failed. Interactive plots will not work.
[2024-11-20T05:49:34.263+0000] {logging_mixin.py:188} INFO - /opt/airflow
[2024-11-20T05:49:34.272+0000] {processor.py:840} INFO - DAG(s) 'modeling_pipeline' retrieved from /opt/airflow/dags/dag_script_model.py
[2024-11-20T05:49:34.308+0000] {logging_mixin.py:188} INFO - [2024-11-20T05:49:34.307+0000] {dag.py:3096} INFO - Sync 1 DAGs
[2024-11-20T05:49:34.321+0000] {logging_mixin.py:188} INFO - [2024-11-20T05:49:34.321+0000] {dag.py:3954} INFO - Setting next_dagrun for modeling_pipeline to None, run_after=None
[2024-11-20T05:49:34.411+0000] {processor.py:183} INFO - Processing /opt/airflow/dags/dag_script_model.py took 2.050 seconds
[2024-11-20T05:50:05.288+0000] {processor.py:161} INFO - Started process (PID=3315) to work on /opt/airflow/dags/dag_script_model.py
[2024-11-20T05:50:05.290+0000] {processor.py:830} INFO - Processing file /opt/airflow/dags/dag_script_model.py for tasks to queue
[2024-11-20T05:50:05.297+0000] {logging_mixin.py:188} INFO - [2024-11-20T05:50:05.294+0000] {dagbag.py:545} INFO - Filling up the DagBag from /opt/airflow/dags/dag_script_model.py
[2024-11-20T05:50:06.483+0000] {logging_mixin.py:188} INFO - [2024-11-20T05:50:06.482+0000] {plot.py:39} ERROR - Importing plotly failed. Interactive plots will not work.
[2024-11-20T05:50:06.514+0000] {logging_mixin.py:188} INFO - /opt/airflow
[2024-11-20T05:50:06.521+0000] {processor.py:840} INFO - DAG(s) 'modeling_pipeline' retrieved from /opt/airflow/dags/dag_script_model.py
[2024-11-20T05:50:06.554+0000] {logging_mixin.py:188} INFO - [2024-11-20T05:50:06.554+0000] {dag.py:3096} INFO - Sync 1 DAGs
[2024-11-20T05:50:06.561+0000] {logging_mixin.py:188} INFO - [2024-11-20T05:50:06.561+0000] {dag.py:3954} INFO - Setting next_dagrun for modeling_pipeline to None, run_after=None
[2024-11-20T05:50:06.569+0000] {processor.py:183} INFO - Processing /opt/airflow/dags/dag_script_model.py took 1.293 seconds
[2024-11-20T05:50:37.176+0000] {processor.py:161} INFO - Started process (PID=3396) to work on /opt/airflow/dags/dag_script_model.py
[2024-11-20T05:50:37.180+0000] {processor.py:830} INFO - Processing file /opt/airflow/dags/dag_script_model.py for tasks to queue
[2024-11-20T05:50:37.194+0000] {logging_mixin.py:188} INFO - [2024-11-20T05:50:37.194+0000] {dagbag.py:545} INFO - Filling up the DagBag from /opt/airflow/dags/dag_script_model.py
[2024-11-20T05:50:38.801+0000] {logging_mixin.py:188} INFO - [2024-11-20T05:50:38.800+0000] {plot.py:39} ERROR - Importing plotly failed. Interactive plots will not work.
[2024-11-20T05:50:38.837+0000] {logging_mixin.py:188} INFO - /opt/airflow
[2024-11-20T05:50:38.843+0000] {processor.py:840} INFO - DAG(s) 'modeling_pipeline' retrieved from /opt/airflow/dags/dag_script_model.py
[2024-11-20T05:50:38.860+0000] {logging_mixin.py:188} INFO - [2024-11-20T05:50:38.860+0000] {dag.py:3096} INFO - Sync 1 DAGs
[2024-11-20T05:50:38.867+0000] {logging_mixin.py:188} INFO - [2024-11-20T05:50:38.867+0000] {dag.py:3954} INFO - Setting next_dagrun for modeling_pipeline to None, run_after=None
[2024-11-20T05:50:38.883+0000] {processor.py:183} INFO - Processing /opt/airflow/dags/dag_script_model.py took 1.726 seconds
[2024-11-20T05:51:09.582+0000] {processor.py:161} INFO - Started process (PID=3477) to work on /opt/airflow/dags/dag_script_model.py
[2024-11-20T05:51:09.587+0000] {processor.py:830} INFO - Processing file /opt/airflow/dags/dag_script_model.py for tasks to queue
[2024-11-20T05:51:09.594+0000] {logging_mixin.py:188} INFO - [2024-11-20T05:51:09.594+0000] {dagbag.py:545} INFO - Filling up the DagBag from /opt/airflow/dags/dag_script_model.py
[2024-11-20T05:51:11.936+0000] {logging_mixin.py:188} INFO - [2024-11-20T05:51:11.935+0000] {plot.py:39} ERROR - Importing plotly failed. Interactive plots will not work.
[2024-11-20T05:51:11.984+0000] {logging_mixin.py:188} INFO - /opt/airflow
[2024-11-20T05:51:11.994+0000] {processor.py:840} INFO - DAG(s) 'modeling_pipeline' retrieved from /opt/airflow/dags/dag_script_model.py
[2024-11-20T05:51:12.026+0000] {logging_mixin.py:188} INFO - [2024-11-20T05:51:12.026+0000] {dag.py:3096} INFO - Sync 1 DAGs
[2024-11-20T05:51:12.035+0000] {logging_mixin.py:188} INFO - [2024-11-20T05:51:12.034+0000] {dag.py:3954} INFO - Setting next_dagrun for modeling_pipeline to None, run_after=None
[2024-11-20T05:51:12.046+0000] {processor.py:183} INFO - Processing /opt/airflow/dags/dag_script_model.py took 2.481 seconds
[2024-11-20T05:51:42.348+0000] {processor.py:161} INFO - Started process (PID=3558) to work on /opt/airflow/dags/dag_script_model.py
[2024-11-20T05:51:42.349+0000] {processor.py:830} INFO - Processing file /opt/airflow/dags/dag_script_model.py for tasks to queue
[2024-11-20T05:51:42.352+0000] {logging_mixin.py:188} INFO - [2024-11-20T05:51:42.352+0000] {dagbag.py:545} INFO - Filling up the DagBag from /opt/airflow/dags/dag_script_model.py
[2024-11-20T05:51:43.426+0000] {logging_mixin.py:188} INFO - [2024-11-20T05:51:43.426+0000] {plot.py:39} ERROR - Importing plotly failed. Interactive plots will not work.
[2024-11-20T05:51:43.457+0000] {logging_mixin.py:188} INFO - /opt/airflow
[2024-11-20T05:51:43.465+0000] {processor.py:840} INFO - DAG(s) 'modeling_pipeline' retrieved from /opt/airflow/dags/dag_script_model.py
[2024-11-20T05:51:43.492+0000] {logging_mixin.py:188} INFO - [2024-11-20T05:51:43.492+0000] {dag.py:3096} INFO - Sync 1 DAGs
[2024-11-20T05:51:43.497+0000] {logging_mixin.py:188} INFO - [2024-11-20T05:51:43.497+0000] {dag.py:3954} INFO - Setting next_dagrun for modeling_pipeline to None, run_after=None
[2024-11-20T05:51:43.504+0000] {processor.py:183} INFO - Processing /opt/airflow/dags/dag_script_model.py took 1.162 seconds
[2024-11-20T05:52:13.794+0000] {processor.py:161} INFO - Started process (PID=3639) to work on /opt/airflow/dags/dag_script_model.py
[2024-11-20T05:52:13.796+0000] {processor.py:830} INFO - Processing file /opt/airflow/dags/dag_script_model.py for tasks to queue
[2024-11-20T05:52:13.799+0000] {logging_mixin.py:188} INFO - [2024-11-20T05:52:13.798+0000] {dagbag.py:545} INFO - Filling up the DagBag from /opt/airflow/dags/dag_script_model.py
[2024-11-20T05:52:14.960+0000] {logging_mixin.py:188} INFO - [2024-11-20T05:52:14.960+0000] {plot.py:39} ERROR - Importing plotly failed. Interactive plots will not work.
[2024-11-20T05:52:15.005+0000] {logging_mixin.py:188} INFO - /opt/airflow
[2024-11-20T05:52:15.009+0000] {processor.py:840} INFO - DAG(s) 'modeling_pipeline' retrieved from /opt/airflow/dags/dag_script_model.py
[2024-11-20T05:52:15.024+0000] {logging_mixin.py:188} INFO - [2024-11-20T05:52:15.024+0000] {dag.py:3096} INFO - Sync 1 DAGs
[2024-11-20T05:52:15.030+0000] {logging_mixin.py:188} INFO - [2024-11-20T05:52:15.030+0000] {dag.py:3954} INFO - Setting next_dagrun for modeling_pipeline to None, run_after=None
[2024-11-20T05:52:15.039+0000] {processor.py:183} INFO - Processing /opt/airflow/dags/dag_script_model.py took 1.254 seconds
[2024-11-20T05:52:45.177+0000] {processor.py:161} INFO - Started process (PID=3720) to work on /opt/airflow/dags/dag_script_model.py
[2024-11-20T05:52:45.178+0000] {processor.py:830} INFO - Processing file /opt/airflow/dags/dag_script_model.py for tasks to queue
[2024-11-20T05:52:45.181+0000] {logging_mixin.py:188} INFO - [2024-11-20T05:52:45.181+0000] {dagbag.py:545} INFO - Filling up the DagBag from /opt/airflow/dags/dag_script_model.py
[2024-11-20T05:52:46.346+0000] {logging_mixin.py:188} INFO - [2024-11-20T05:52:46.346+0000] {plot.py:39} ERROR - Importing plotly failed. Interactive plots will not work.
[2024-11-20T05:52:46.392+0000] {logging_mixin.py:188} INFO - /opt/airflow
[2024-11-20T05:52:46.398+0000] {processor.py:840} INFO - DAG(s) 'modeling_pipeline' retrieved from /opt/airflow/dags/dag_script_model.py
[2024-11-20T05:52:46.428+0000] {logging_mixin.py:188} INFO - [2024-11-20T05:52:46.427+0000] {dag.py:3096} INFO - Sync 1 DAGs
[2024-11-20T05:52:46.438+0000] {logging_mixin.py:188} INFO - [2024-11-20T05:52:46.437+0000] {dag.py:3954} INFO - Setting next_dagrun for modeling_pipeline to None, run_after=None
[2024-11-20T05:52:46.444+0000] {processor.py:183} INFO - Processing /opt/airflow/dags/dag_script_model.py took 1.277 seconds
[2024-11-20T05:53:16.869+0000] {processor.py:161} INFO - Started process (PID=3801) to work on /opt/airflow/dags/dag_script_model.py
[2024-11-20T05:53:16.871+0000] {processor.py:830} INFO - Processing file /opt/airflow/dags/dag_script_model.py for tasks to queue
[2024-11-20T05:53:16.874+0000] {logging_mixin.py:188} INFO - [2024-11-20T05:53:16.873+0000] {dagbag.py:545} INFO - Filling up the DagBag from /opt/airflow/dags/dag_script_model.py
[2024-11-20T05:53:18.033+0000] {logging_mixin.py:188} INFO - [2024-11-20T05:53:18.032+0000] {plot.py:39} ERROR - Importing plotly failed. Interactive plots will not work.
[2024-11-20T05:53:18.080+0000] {logging_mixin.py:188} INFO - /opt/airflow
[2024-11-20T05:53:18.087+0000] {processor.py:840} INFO - DAG(s) 'modeling_pipeline' retrieved from /opt/airflow/dags/dag_script_model.py
[2024-11-20T05:53:18.105+0000] {logging_mixin.py:188} INFO - [2024-11-20T05:53:18.105+0000] {dag.py:3096} INFO - Sync 1 DAGs
[2024-11-20T05:53:18.110+0000] {logging_mixin.py:188} INFO - [2024-11-20T05:53:18.110+0000] {dag.py:3954} INFO - Setting next_dagrun for modeling_pipeline to None, run_after=None
[2024-11-20T05:53:18.117+0000] {processor.py:183} INFO - Processing /opt/airflow/dags/dag_script_model.py took 1.258 seconds
[2024-11-20T05:53:48.502+0000] {processor.py:161} INFO - Started process (PID=3888) to work on /opt/airflow/dags/dag_script_model.py
[2024-11-20T05:53:48.505+0000] {processor.py:830} INFO - Processing file /opt/airflow/dags/dag_script_model.py for tasks to queue
[2024-11-20T05:53:48.511+0000] {logging_mixin.py:188} INFO - [2024-11-20T05:53:48.510+0000] {dagbag.py:545} INFO - Filling up the DagBag from /opt/airflow/dags/dag_script_model.py
[2024-11-20T05:53:49.754+0000] {logging_mixin.py:188} INFO - [2024-11-20T05:53:49.753+0000] {plot.py:39} ERROR - Importing plotly failed. Interactive plots will not work.
[2024-11-20T05:53:49.785+0000] {logging_mixin.py:188} INFO - /opt/airflow
[2024-11-20T05:53:49.789+0000] {processor.py:840} INFO - DAG(s) 'modeling_pipeline' retrieved from /opt/airflow/dags/dag_script_model.py
[2024-11-20T05:53:49.813+0000] {logging_mixin.py:188} INFO - [2024-11-20T05:53:49.812+0000] {dag.py:3096} INFO - Sync 1 DAGs
[2024-11-20T05:53:49.818+0000] {logging_mixin.py:188} INFO - [2024-11-20T05:53:49.818+0000] {dag.py:3954} INFO - Setting next_dagrun for modeling_pipeline to None, run_after=None
[2024-11-20T05:53:49.826+0000] {processor.py:183} INFO - Processing /opt/airflow/dags/dag_script_model.py took 1.347 seconds
[2024-11-20T05:54:20.366+0000] {processor.py:161} INFO - Started process (PID=3968) to work on /opt/airflow/dags/dag_script_model.py
[2024-11-20T05:54:20.368+0000] {processor.py:830} INFO - Processing file /opt/airflow/dags/dag_script_model.py for tasks to queue
[2024-11-20T05:54:20.372+0000] {logging_mixin.py:188} INFO - [2024-11-20T05:54:20.371+0000] {dagbag.py:545} INFO - Filling up the DagBag from /opt/airflow/dags/dag_script_model.py
[2024-11-20T05:54:21.632+0000] {logging_mixin.py:188} INFO - [2024-11-20T05:54:21.632+0000] {plot.py:39} ERROR - Importing plotly failed. Interactive plots will not work.
[2024-11-20T05:54:21.679+0000] {logging_mixin.py:188} INFO - /opt/airflow
[2024-11-20T05:54:21.685+0000] {processor.py:840} INFO - DAG(s) 'modeling_pipeline' retrieved from /opt/airflow/dags/dag_script_model.py
[2024-11-20T05:54:21.710+0000] {logging_mixin.py:188} INFO - [2024-11-20T05:54:21.710+0000] {dag.py:3096} INFO - Sync 1 DAGs
[2024-11-20T05:54:21.716+0000] {logging_mixin.py:188} INFO - [2024-11-20T05:54:21.716+0000] {dag.py:3954} INFO - Setting next_dagrun for modeling_pipeline to None, run_after=None
[2024-11-20T05:54:21.723+0000] {processor.py:183} INFO - Processing /opt/airflow/dags/dag_script_model.py took 1.370 seconds
[2024-11-20T05:54:51.983+0000] {processor.py:161} INFO - Started process (PID=4049) to work on /opt/airflow/dags/dag_script_model.py
[2024-11-20T05:54:51.989+0000] {processor.py:830} INFO - Processing file /opt/airflow/dags/dag_script_model.py for tasks to queue
[2024-11-20T05:54:51.993+0000] {logging_mixin.py:188} INFO - [2024-11-20T05:54:51.993+0000] {dagbag.py:545} INFO - Filling up the DagBag from /opt/airflow/dags/dag_script_model.py
[2024-11-20T05:54:53.254+0000] {logging_mixin.py:188} INFO - [2024-11-20T05:54:53.254+0000] {plot.py:39} ERROR - Importing plotly failed. Interactive plots will not work.
[2024-11-20T05:54:53.303+0000] {logging_mixin.py:188} INFO - /opt/airflow
[2024-11-20T05:54:53.309+0000] {processor.py:840} INFO - DAG(s) 'modeling_pipeline' retrieved from /opt/airflow/dags/dag_script_model.py
[2024-11-20T05:54:53.344+0000] {logging_mixin.py:188} INFO - [2024-11-20T05:54:53.343+0000] {dag.py:3096} INFO - Sync 1 DAGs
[2024-11-20T05:54:53.361+0000] {logging_mixin.py:188} INFO - [2024-11-20T05:54:53.360+0000] {dag.py:3954} INFO - Setting next_dagrun for modeling_pipeline to None, run_after=None
[2024-11-20T05:54:53.743+0000] {processor.py:183} INFO - Processing /opt/airflow/dags/dag_script_model.py took 1.784 seconds
[2024-11-20T05:55:24.144+0000] {processor.py:161} INFO - Started process (PID=4130) to work on /opt/airflow/dags/dag_script_model.py
[2024-11-20T05:55:24.145+0000] {processor.py:830} INFO - Processing file /opt/airflow/dags/dag_script_model.py for tasks to queue
[2024-11-20T05:55:24.148+0000] {logging_mixin.py:188} INFO - [2024-11-20T05:55:24.148+0000] {dagbag.py:545} INFO - Filling up the DagBag from /opt/airflow/dags/dag_script_model.py
[2024-11-20T05:55:25.257+0000] {logging_mixin.py:188} INFO - [2024-11-20T05:55:25.257+0000] {plot.py:39} ERROR - Importing plotly failed. Interactive plots will not work.
[2024-11-20T05:55:25.289+0000] {logging_mixin.py:188} INFO - /opt/airflow
[2024-11-20T05:55:25.293+0000] {processor.py:840} INFO - DAG(s) 'modeling_pipeline' retrieved from /opt/airflow/dags/dag_script_model.py
[2024-11-20T05:55:25.645+0000] {logging_mixin.py:188} INFO - [2024-11-20T05:55:25.630+0000] {dag.py:3096} INFO - Sync 1 DAGs
[2024-11-20T05:55:25.657+0000] {logging_mixin.py:188} INFO - [2024-11-20T05:55:25.657+0000] {dag.py:3954} INFO - Setting next_dagrun for modeling_pipeline to None, run_after=None
[2024-11-20T05:55:25.690+0000] {processor.py:183} INFO - Processing /opt/airflow/dags/dag_script_model.py took 1.556 seconds
[2024-11-20T05:55:56.121+0000] {processor.py:161} INFO - Started process (PID=4211) to work on /opt/airflow/dags/dag_script_model.py
[2024-11-20T05:55:56.127+0000] {processor.py:830} INFO - Processing file /opt/airflow/dags/dag_script_model.py for tasks to queue
[2024-11-20T05:55:56.141+0000] {logging_mixin.py:188} INFO - [2024-11-20T05:55:56.139+0000] {dagbag.py:545} INFO - Filling up the DagBag from /opt/airflow/dags/dag_script_model.py
[2024-11-20T05:55:57.350+0000] {logging_mixin.py:188} INFO - [2024-11-20T05:55:57.349+0000] {plot.py:39} ERROR - Importing plotly failed. Interactive plots will not work.
[2024-11-20T05:55:57.383+0000] {logging_mixin.py:188} INFO - /opt/airflow
[2024-11-20T05:55:57.388+0000] {processor.py:840} INFO - DAG(s) 'modeling_pipeline' retrieved from /opt/airflow/dags/dag_script_model.py
[2024-11-20T05:55:57.407+0000] {logging_mixin.py:188} INFO - [2024-11-20T05:55:57.406+0000] {dag.py:3096} INFO - Sync 1 DAGs
[2024-11-20T05:55:57.412+0000] {logging_mixin.py:188} INFO - [2024-11-20T05:55:57.412+0000] {dag.py:3954} INFO - Setting next_dagrun for modeling_pipeline to None, run_after=None
[2024-11-20T05:55:57.419+0000] {processor.py:183} INFO - Processing /opt/airflow/dags/dag_script_model.py took 1.309 seconds
[2024-11-20T05:56:27.595+0000] {processor.py:161} INFO - Started process (PID=4292) to work on /opt/airflow/dags/dag_script_model.py
[2024-11-20T05:56:27.601+0000] {processor.py:830} INFO - Processing file /opt/airflow/dags/dag_script_model.py for tasks to queue
[2024-11-20T05:56:27.613+0000] {logging_mixin.py:188} INFO - [2024-11-20T05:56:27.612+0000] {dagbag.py:545} INFO - Filling up the DagBag from /opt/airflow/dags/dag_script_model.py
[2024-11-20T05:56:30.316+0000] {logging_mixin.py:188} INFO - [2024-11-20T05:56:30.314+0000] {plot.py:39} ERROR - Importing plotly failed. Interactive plots will not work.
[2024-11-20T05:56:30.413+0000] {logging_mixin.py:188} INFO - /opt/airflow
[2024-11-20T05:56:30.424+0000] {processor.py:840} INFO - DAG(s) 'modeling_pipeline' retrieved from /opt/airflow/dags/dag_script_model.py
[2024-11-20T05:56:30.467+0000] {logging_mixin.py:188} INFO - [2024-11-20T05:56:30.467+0000] {dag.py:3096} INFO - Sync 1 DAGs
[2024-11-20T05:56:30.766+0000] {logging_mixin.py:188} INFO - [2024-11-20T05:56:30.765+0000] {dag.py:3954} INFO - Setting next_dagrun for modeling_pipeline to None, run_after=None
[2024-11-20T05:56:30.785+0000] {processor.py:183} INFO - Processing /opt/airflow/dags/dag_script_model.py took 3.215 seconds
[2024-11-20T05:57:01.314+0000] {processor.py:161} INFO - Started process (PID=4382) to work on /opt/airflow/dags/dag_script_model.py
[2024-11-20T05:57:01.316+0000] {processor.py:830} INFO - Processing file /opt/airflow/dags/dag_script_model.py for tasks to queue
[2024-11-20T05:57:01.318+0000] {logging_mixin.py:188} INFO - [2024-11-20T05:57:01.318+0000] {dagbag.py:545} INFO - Filling up the DagBag from /opt/airflow/dags/dag_script_model.py
[2024-11-20T05:57:02.427+0000] {logging_mixin.py:188} INFO - [2024-11-20T05:57:02.427+0000] {plot.py:39} ERROR - Importing plotly failed. Interactive plots will not work.
[2024-11-20T05:57:02.456+0000] {logging_mixin.py:188} INFO - /opt/airflow
[2024-11-20T05:57:02.460+0000] {processor.py:840} INFO - DAG(s) 'modeling_pipeline' retrieved from /opt/airflow/dags/dag_script_model.py
[2024-11-20T05:57:02.472+0000] {logging_mixin.py:188} INFO - [2024-11-20T05:57:02.472+0000] {dag.py:3096} INFO - Sync 1 DAGs
[2024-11-20T05:57:02.477+0000] {logging_mixin.py:188} INFO - [2024-11-20T05:57:02.477+0000] {dag.py:3954} INFO - Setting next_dagrun for modeling_pipeline to None, run_after=None
[2024-11-20T05:57:02.558+0000] {processor.py:183} INFO - Processing /opt/airflow/dags/dag_script_model.py took 1.248 seconds
[2024-11-20T05:57:32.738+0000] {processor.py:161} INFO - Started process (PID=4454) to work on /opt/airflow/dags/dag_script_model.py
[2024-11-20T05:57:32.740+0000] {processor.py:830} INFO - Processing file /opt/airflow/dags/dag_script_model.py for tasks to queue
[2024-11-20T05:57:32.743+0000] {logging_mixin.py:188} INFO - [2024-11-20T05:57:32.742+0000] {dagbag.py:545} INFO - Filling up the DagBag from /opt/airflow/dags/dag_script_model.py
[2024-11-20T05:57:33.907+0000] {logging_mixin.py:188} INFO - [2024-11-20T05:57:33.907+0000] {plot.py:39} ERROR - Importing plotly failed. Interactive plots will not work.
[2024-11-20T05:57:33.945+0000] {logging_mixin.py:188} INFO - /opt/airflow
[2024-11-20T05:57:34.037+0000] {processor.py:840} INFO - DAG(s) 'modeling_pipeline' retrieved from /opt/airflow/dags/dag_script_model.py
[2024-11-20T05:57:34.051+0000] {logging_mixin.py:188} INFO - [2024-11-20T05:57:34.050+0000] {dag.py:3096} INFO - Sync 1 DAGs
[2024-11-20T05:57:34.055+0000] {logging_mixin.py:188} INFO - [2024-11-20T05:57:34.055+0000] {dag.py:3954} INFO - Setting next_dagrun for modeling_pipeline to None, run_after=None
[2024-11-20T05:57:34.062+0000] {processor.py:183} INFO - Processing /opt/airflow/dags/dag_script_model.py took 1.336 seconds
[2024-11-20T05:58:04.496+0000] {processor.py:161} INFO - Started process (PID=4535) to work on /opt/airflow/dags/dag_script_model.py
[2024-11-20T05:58:04.499+0000] {processor.py:830} INFO - Processing file /opt/airflow/dags/dag_script_model.py for tasks to queue
[2024-11-20T05:58:04.503+0000] {logging_mixin.py:188} INFO - [2024-11-20T05:58:04.503+0000] {dagbag.py:545} INFO - Filling up the DagBag from /opt/airflow/dags/dag_script_model.py
[2024-11-20T05:58:05.672+0000] {logging_mixin.py:188} INFO - [2024-11-20T05:58:05.672+0000] {plot.py:39} ERROR - Importing plotly failed. Interactive plots will not work.
[2024-11-20T05:58:05.703+0000] {logging_mixin.py:188} INFO - /opt/airflow
[2024-11-20T05:58:05.708+0000] {processor.py:840} INFO - DAG(s) 'modeling_pipeline' retrieved from /opt/airflow/dags/dag_script_model.py
[2024-11-20T05:58:05.814+0000] {logging_mixin.py:188} INFO - [2024-11-20T05:58:05.814+0000] {dag.py:3096} INFO - Sync 1 DAGs
[2024-11-20T05:58:05.819+0000] {logging_mixin.py:188} INFO - [2024-11-20T05:58:05.819+0000] {dag.py:3954} INFO - Setting next_dagrun for modeling_pipeline to None, run_after=None
[2024-11-20T05:58:05.825+0000] {processor.py:183} INFO - Processing /opt/airflow/dags/dag_script_model.py took 1.364 seconds
[2024-11-20T05:58:36.078+0000] {processor.py:161} INFO - Started process (PID=4616) to work on /opt/airflow/dags/dag_script_model.py
[2024-11-20T05:58:36.080+0000] {processor.py:830} INFO - Processing file /opt/airflow/dags/dag_script_model.py for tasks to queue
[2024-11-20T05:58:36.084+0000] {logging_mixin.py:188} INFO - [2024-11-20T05:58:36.084+0000] {dagbag.py:545} INFO - Filling up the DagBag from /opt/airflow/dags/dag_script_model.py
[2024-11-20T05:58:37.260+0000] {logging_mixin.py:188} INFO - [2024-11-20T05:58:37.260+0000] {plot.py:39} ERROR - Importing plotly failed. Interactive plots will not work.
[2024-11-20T05:58:37.374+0000] {logging_mixin.py:188} INFO - /opt/airflow
[2024-11-20T05:58:37.378+0000] {processor.py:840} INFO - DAG(s) 'modeling_pipeline' retrieved from /opt/airflow/dags/dag_script_model.py
[2024-11-20T05:58:37.391+0000] {logging_mixin.py:188} INFO - [2024-11-20T05:58:37.391+0000] {dag.py:3096} INFO - Sync 1 DAGs
[2024-11-20T05:58:37.396+0000] {logging_mixin.py:188} INFO - [2024-11-20T05:58:37.396+0000] {dag.py:3954} INFO - Setting next_dagrun for modeling_pipeline to None, run_after=None
[2024-11-20T05:58:37.402+0000] {processor.py:183} INFO - Processing /opt/airflow/dags/dag_script_model.py took 1.336 seconds
[2024-11-20T05:59:08.197+0000] {processor.py:161} INFO - Started process (PID=4697) to work on /opt/airflow/dags/dag_script_model.py
[2024-11-20T05:59:08.199+0000] {processor.py:830} INFO - Processing file /opt/airflow/dags/dag_script_model.py for tasks to queue
[2024-11-20T05:59:08.202+0000] {logging_mixin.py:188} INFO - [2024-11-20T05:59:08.202+0000] {dagbag.py:545} INFO - Filling up the DagBag from /opt/airflow/dags/dag_script_model.py
[2024-11-20T05:59:09.501+0000] {logging_mixin.py:188} INFO - [2024-11-20T05:59:09.499+0000] {plot.py:39} ERROR - Importing plotly failed. Interactive plots will not work.
[2024-11-20T05:59:09.687+0000] {logging_mixin.py:188} INFO - /opt/airflow
[2024-11-20T05:59:09.692+0000] {processor.py:840} INFO - DAG(s) 'modeling_pipeline' retrieved from /opt/airflow/dags/dag_script_model.py
[2024-11-20T05:59:09.704+0000] {logging_mixin.py:188} INFO - [2024-11-20T05:59:09.704+0000] {dag.py:3096} INFO - Sync 1 DAGs
[2024-11-20T05:59:09.709+0000] {logging_mixin.py:188} INFO - [2024-11-20T05:59:09.709+0000] {dag.py:3954} INFO - Setting next_dagrun for modeling_pipeline to None, run_after=None
[2024-11-20T05:59:09.715+0000] {processor.py:183} INFO - Processing /opt/airflow/dags/dag_script_model.py took 1.534 seconds
[2024-11-20T05:59:39.833+0000] {processor.py:161} INFO - Started process (PID=4778) to work on /opt/airflow/dags/dag_script_model.py
[2024-11-20T05:59:39.835+0000] {processor.py:830} INFO - Processing file /opt/airflow/dags/dag_script_model.py for tasks to queue
[2024-11-20T05:59:39.844+0000] {logging_mixin.py:188} INFO - [2024-11-20T05:59:39.843+0000] {dagbag.py:545} INFO - Filling up the DagBag from /opt/airflow/dags/dag_script_model.py
[2024-11-20T05:59:41.157+0000] {logging_mixin.py:188} INFO - [2024-11-20T05:59:41.157+0000] {plot.py:39} ERROR - Importing plotly failed. Interactive plots will not work.
[2024-11-20T05:59:41.192+0000] {logging_mixin.py:188} INFO - /opt/airflow
[2024-11-20T05:59:41.198+0000] {processor.py:840} INFO - DAG(s) 'modeling_pipeline' retrieved from /opt/airflow/dags/dag_script_model.py
[2024-11-20T05:59:41.219+0000] {logging_mixin.py:188} INFO - [2024-11-20T05:59:41.219+0000] {dag.py:3096} INFO - Sync 1 DAGs
[2024-11-20T05:59:41.224+0000] {logging_mixin.py:188} INFO - [2024-11-20T05:59:41.224+0000] {dag.py:3954} INFO - Setting next_dagrun for modeling_pipeline to None, run_after=None
[2024-11-20T05:59:41.233+0000] {processor.py:183} INFO - Processing /opt/airflow/dags/dag_script_model.py took 1.408 seconds
[2024-11-20T06:00:11.502+0000] {processor.py:161} INFO - Started process (PID=4859) to work on /opt/airflow/dags/dag_script_model.py
[2024-11-20T06:00:11.503+0000] {processor.py:830} INFO - Processing file /opt/airflow/dags/dag_script_model.py for tasks to queue
[2024-11-20T06:00:11.515+0000] {logging_mixin.py:188} INFO - [2024-11-20T06:00:11.514+0000] {dagbag.py:545} INFO - Filling up the DagBag from /opt/airflow/dags/dag_script_model.py
[2024-11-20T06:00:13.309+0000] {logging_mixin.py:188} INFO - [2024-11-20T06:00:13.309+0000] {plot.py:39} ERROR - Importing plotly failed. Interactive plots will not work.
[2024-11-20T06:00:13.380+0000] {logging_mixin.py:188} INFO - /opt/airflow
[2024-11-20T06:00:13.428+0000] {processor.py:840} INFO - DAG(s) 'modeling_pipeline' retrieved from /opt/airflow/dags/dag_script_model.py
[2024-11-20T06:00:13.459+0000] {logging_mixin.py:188} INFO - [2024-11-20T06:00:13.458+0000] {dag.py:3096} INFO - Sync 1 DAGs
[2024-11-20T06:00:13.476+0000] {logging_mixin.py:188} INFO - [2024-11-20T06:00:13.476+0000] {dag.py:3954} INFO - Setting next_dagrun for modeling_pipeline to None, run_after=None
[2024-11-20T06:00:13.485+0000] {processor.py:183} INFO - Processing /opt/airflow/dags/dag_script_model.py took 1.994 seconds
[2024-11-20T06:00:43.770+0000] {processor.py:161} INFO - Started process (PID=4949) to work on /opt/airflow/dags/dag_script_model.py
[2024-11-20T06:00:43.772+0000] {processor.py:830} INFO - Processing file /opt/airflow/dags/dag_script_model.py for tasks to queue
[2024-11-20T06:00:43.774+0000] {logging_mixin.py:188} INFO - [2024-11-20T06:00:43.774+0000] {dagbag.py:545} INFO - Filling up the DagBag from /opt/airflow/dags/dag_script_model.py
[2024-11-20T06:00:45.181+0000] {logging_mixin.py:188} INFO - [2024-11-20T06:00:45.181+0000] {plot.py:39} ERROR - Importing plotly failed. Interactive plots will not work.
[2024-11-20T06:00:45.222+0000] {logging_mixin.py:188} INFO - /opt/airflow
[2024-11-20T06:00:45.229+0000] {processor.py:840} INFO - DAG(s) 'modeling_pipeline' retrieved from /opt/airflow/dags/dag_script_model.py
[2024-11-20T06:00:45.256+0000] {logging_mixin.py:188} INFO - [2024-11-20T06:00:45.255+0000] {dag.py:3096} INFO - Sync 1 DAGs
[2024-11-20T06:00:45.267+0000] {logging_mixin.py:188} INFO - [2024-11-20T06:00:45.267+0000] {dag.py:3954} INFO - Setting next_dagrun for modeling_pipeline to None, run_after=None
[2024-11-20T06:00:45.281+0000] {processor.py:183} INFO - Processing /opt/airflow/dags/dag_script_model.py took 1.520 seconds
[2024-11-20T06:01:15.616+0000] {processor.py:161} INFO - Started process (PID=5030) to work on /opt/airflow/dags/dag_script_model.py
[2024-11-20T06:01:15.617+0000] {processor.py:830} INFO - Processing file /opt/airflow/dags/dag_script_model.py for tasks to queue
[2024-11-20T06:01:15.619+0000] {logging_mixin.py:188} INFO - [2024-11-20T06:01:15.619+0000] {dagbag.py:545} INFO - Filling up the DagBag from /opt/airflow/dags/dag_script_model.py
[2024-11-20T06:01:17.044+0000] {logging_mixin.py:188} INFO - [2024-11-20T06:01:17.044+0000] {plot.py:39} ERROR - Importing plotly failed. Interactive plots will not work.
[2024-11-20T06:01:17.092+0000] {logging_mixin.py:188} INFO - /opt/airflow
[2024-11-20T06:01:17.100+0000] {processor.py:840} INFO - DAG(s) 'modeling_pipeline' retrieved from /opt/airflow/dags/dag_script_model.py
[2024-11-20T06:01:17.113+0000] {logging_mixin.py:188} INFO - [2024-11-20T06:01:17.113+0000] {dag.py:3096} INFO - Sync 1 DAGs
[2024-11-20T06:01:17.119+0000] {logging_mixin.py:188} INFO - [2024-11-20T06:01:17.118+0000] {dag.py:3954} INFO - Setting next_dagrun for modeling_pipeline to None, run_after=None
[2024-11-20T06:01:17.126+0000] {processor.py:183} INFO - Processing /opt/airflow/dags/dag_script_model.py took 1.518 seconds
